2024-09-08 22:55:19,986 : INFO : root : Loading config.
2024-09-08 22:55:20,032 : INFO : YamlMultifileConfigLoader : Machine config file #1: config.yaml
2024-09-08 22:55:20,045 : WARNING : ConfigProcessor : Config file in cache changed: C:\Users\Administrator\Documents\fast_homebrew_godot\config\config.yaml
2024-09-08 22:55:20,045 : INFO : ConfigProcessor : Loading config from file C:\Users\Administrator\AppData\Local\Programs\Python\Python310\lib\site-packages\mpf\mpfconfig.yaml.
2024-09-08 22:55:20,045 : DEBUG : YAML File Interface : Loading file: C:\Users\Administrator\AppData\Local\Programs\Python\Python310\lib\site-packages\mpf\mpfconfig.yaml
2024-09-08 22:55:20,263 : INFO : ConfigProcessor : Loading config: C:\Users\Administrator\AppData\Local\Programs\Python\Python310\lib\site-packages\mpf\mpfconfig.yaml
2024-09-08 22:55:20,264 : INFO : ConfigProcessor : Loading config from file C:\Users\Administrator\Documents\fast_homebrew_godot\config\config.yaml.
2024-09-08 22:55:20,265 : DEBUG : YAML File Interface : Loading file: C:\Users\Administrator\Documents\fast_homebrew_godot\config\config.yaml
2024-09-08 22:55:20,269 : INFO : ConfigProcessor : Loading config: C:\Users\Administrator\Documents\fast_homebrew_godot\config\config.yaml
2024-09-08 22:55:20,270 : DEBUG : YAML File Interface : Loading file: C:\Users\Administrator\Documents\fast_homebrew_godot\config\lights.yaml
2024-09-08 22:55:20,271 : INFO : ConfigProcessor : Loading config: C:\Users\Administrator\Documents\fast_homebrew_godot\config\lights.yaml
2024-09-08 22:55:20,271 : DEBUG : YAML File Interface : Loading file: C:\Users\Administrator\Documents\fast_homebrew_godot\config\coils.yaml
2024-09-08 22:55:20,272 : INFO : ConfigProcessor : Loading config: C:\Users\Administrator\Documents\fast_homebrew_godot\config\coils.yaml
2024-09-08 22:55:20,273 : DEBUG : YAML File Interface : Loading file: C:\Users\Administrator\Documents\fast_homebrew_godot\config\switches.yaml
2024-09-08 22:55:20,274 : INFO : ConfigProcessor : Loading config: C:\Users\Administrator\Documents\fast_homebrew_godot\config\switches.yaml
2024-09-08 22:55:20,275 : DEBUG : YAML File Interface : Loading file: C:\Users\Administrator\Documents\fast_homebrew_godot\config\sounds.yaml
2024-09-08 22:55:20,276 : DEBUG : YAML File Interface : Loading file: C:\Users\Administrator\Documents\fast_homebrew_godot\config\images.yaml
2024-09-08 22:55:20,277 : INFO : ConfigProcessor : Loading config: C:\Users\Administrator\Documents\fast_homebrew_godot\config\images.yaml
2024-09-08 22:55:20,277 : DEBUG : YAML File Interface : Loading file: C:\Users\Administrator\Documents\fast_homebrew_godot\config\videos.yaml
2024-09-08 22:55:20,278 : INFO : ConfigProcessor : Loading config: C:\Users\Administrator\Documents\fast_homebrew_godot\config\videos.yaml
2024-09-08 22:55:20,285 : INFO : ConfigProcessor : Config file cache created: C:\Users\ADMINI~1\AppData\Local\Temp\d1d13b71f03ff6cb7b42d9c6bb8e160f.mpf_cache
2024-09-08 22:55:21,464 : DEBUG : YamlMultifileConfigLoader : Loading mode attract from C:\Users\Administrator\AppData\Local\Programs\Python\Python310\lib\site-packages\mpf\modes\attract\config\attract.yaml
2024-09-08 22:55:21,465 : DEBUG : YamlMultifileConfigLoader : Loading mode attract from C:\Users\Administrator\AppData\Local\Programs\Python\Python310\lib\site-packages\mpf\modes\attract\config\attract.yaml
2024-09-08 22:55:21,465 : INFO : ConfigProcessor : Loading config from cache: C:\Users\ADMINI~1\AppData\Local\Temp\baa68abd602a2a90f66edd8e37c874c7.mpf_cache
2024-09-08 22:55:21,466 : DEBUG : YamlMultifileConfigLoader : Loading mode game from C:\Users\Administrator\AppData\Local\Programs\Python\Python310\lib\site-packages\mpf\modes\game\config\game.yaml
2024-09-08 22:55:21,466 : INFO : ConfigProcessor : Loading config from cache: C:\Users\ADMINI~1\AppData\Local\Temp\f48eab4eba32ca9097b4976f8036bfbf.mpf_cache
2024-09-08 22:55:21,467 : DEBUG : YamlMultifileConfigLoader : Loading mode base from C:\Users\Administrator\AppData\Local\Programs\Python\Python310\lib\site-packages\mpf\modes\base\config\base.yaml
2024-09-08 22:55:21,468 : INFO : ConfigProcessor : Loading config from cache: C:\Users\ADMINI~1\AppData\Local\Temp\20d8a08f313923c863e280a74de3cd75.mpf_cache
2024-09-08 22:55:21,469 : DEBUG : YamlMultifileConfigLoader : Loading mode attract from C:\Users\Administrator\AppData\Local\Programs\Python\Python310\lib\site-packages\mpf\modes\attract\config\attract.yaml
2024-09-08 22:55:21,469 : DEBUG : YamlMultifileConfigLoader : Loading mode attract from C:\Users\Administrator\AppData\Local\Programs\Python\Python310\lib\site-packages\mpf\modes\attract\config\attract.yaml
2024-09-08 22:55:21,470 : INFO : ConfigProcessor : Loading config from cache: C:\Users\ADMINI~1\AppData\Local\Temp\baa68abd602a2a90f66edd8e37c874c7.mpf_cache
2024-09-08 22:55:21,471 : INFO : Machine : Mission Pinball Framework Core Engine v0.80.0.dev4
2024-09-08 22:55:21,471 : INFO : Machine : Command line arguments: {'no_load_cache': False, 'create_config_cache': True, 'bcp': True, 'configfile': ['config.yaml'], 'force_assets_load': False, 'platform_integration_test': False, 'jsonlogging': False, 'logfile': 'logs\\2024-09-08-22-55-19-mpf-WIN-0MLVBKI9D6P.log', 'pause': False, 'production': False, 'text_ui': True, 'loglevel': 10, 'consoleloglevel': 10, 'force_platform': None, 'syslog_address': None, 'mc_file_name': None, 'no_sound': False, 'full_logfile_path': 'C:\\Users\\Administrator\\Documents\\fast_homebrew_godot\\logs\\2024-09-08-22-55-19-mpf-WIN-0MLVBKI9D6P.log'}
2024-09-08 22:55:21,471 : INFO : Machine : MPF path: C:\Users\Administrator\AppData\Local\Programs\Python\Python310\lib\site-packages\mpf
2024-09-08 22:55:21,472 : INFO : Machine : Machine path: C:\Users\Administrator\Documents\fast_homebrew_godot
2024-09-08 22:55:21,472 : INFO : Machine : Platform: win32
2024-09-08 22:55:21,472 : INFO : Machine : Python executable location: C:\Users\Administrator\AppData\Local\Programs\Python\Python310\python.exe
2024-09-08 22:55:21,472 : INFO : Machine : Python version: 3.10.11 (64-bit)
2024-09-08 22:55:21,474 : DEBUG : asyncio : Using proactor: IocpProactor
2024-09-08 22:55:21,475 : INFO : Machine : Initializing MPF...
2024-09-08 22:55:22,451 : DEBUG : asciimatics.widgets.layout : Updating: None
2024-09-08 22:55:22,451 : DEBUG : asciimatics.widgets.layout : Updating: None
2024-09-08 22:55:22,451 : DEBUG : asciimatics.widgets.layout : Updating: None
2024-09-08 22:55:22,451 : DEBUG : asciimatics.widgets.layout : Updating: None
2024-09-08 22:55:22,451 : DEBUG : asciimatics.widgets.layout : Updating: None
2024-09-08 22:55:22,452 : DEBUG : asciimatics.widgets.layout : Updating: None
2024-09-08 22:55:22,452 : DEBUG : asciimatics.widgets.layout : Updating: None
2024-09-08 22:55:22,452 : DEBUG : asciimatics.widgets.layout : Updating: None
2024-09-08 22:55:22,452 : DEBUG : asciimatics.widgets.layout : Updating: None
2024-09-08 22:55:22,452 : DEBUG : asciimatics.widgets.layout : Updating: None
2024-09-08 22:55:22,452 : DEBUG : asciimatics.widgets.layout : Updating: None
2024-09-08 22:55:22,452 : DEBUG : asciimatics.widgets.layout : Updating: None
2024-09-08 22:55:22,452 : DEBUG : asciimatics.widgets.widget : Widget blur: <asciimatics.widgets.label.Label object at 0x000001A6A090D490>
2024-09-08 22:55:22,452 : DEBUG : asciimatics.widgets.widget : Widget blur: <asciimatics.widgets.label.Label object at 0x000001A6A049B6B0>
2024-09-08 22:55:22,452 : DEBUG : asciimatics.widgets.widget : Widget blur: <asciimatics.widgets.label.Label object at 0x000001A6A049B5E0>
2024-09-08 22:55:22,453 : DEBUG : asciimatics.widgets.layout : Blur: <asciimatics.widgets.layout.Layout object at 0x000001A6A0C12B00>
2024-09-08 22:55:22,453 : DEBUG : asciimatics.widgets.layout : Blur: <mpf.core.text_ui.MpfLayout object at 0x000001A6A0C1CF20>
2024-09-08 22:55:22,453 : DEBUG : asciimatics.widgets.layout : Updating: None
2024-09-08 22:55:22,453 : DEBUG : asciimatics.widgets.layout : Updating: None
2024-09-08 22:55:22,453 : DEBUG : asciimatics.widgets.layout : Updating: None
2024-09-08 22:55:22,453 : DEBUG : asciimatics.widgets.layout : Updating: None
2024-09-08 22:55:22,453 : DEBUG : asciimatics.widgets.layout : Updating: None
2024-09-08 22:55:22,454 : DEBUG : asciimatics.widgets.layout : Updating: None
2024-09-08 22:55:22,454 : DEBUG : asciimatics.widgets.widget : Widget blur: <asciimatics.widgets.label.Label object at 0x000001A6A0B69A40>
2024-09-08 22:55:22,454 : DEBUG : asciimatics.widgets.widget : Widget blur: <asciimatics.widgets.label.Label object at 0x000001A6A0B69970>
2024-09-08 22:55:22,454 : DEBUG : asciimatics.widgets.widget : Widget blur: <asciimatics.widgets.label.Label object at 0x000001A6A0B69B10>
2024-09-08 22:55:22,454 : DEBUG : asciimatics.widgets.widget : Widget blur: <asciimatics.widgets.label.Label object at 0x000001A6A0B698A0>
2024-09-08 22:55:22,454 : DEBUG : asciimatics.widgets.widget : Widget blur: <asciimatics.widgets.label.Label object at 0x000001A6A0B69630>
2024-09-08 22:55:22,454 : DEBUG : asciimatics.widgets.widget : Widget blur: <asciimatics.widgets.label.Label object at 0x000001A6A0B697D0>
2024-09-08 22:55:22,454 : DEBUG : asciimatics.widgets.layout : Blur: <asciimatics.widgets.layout.Layout object at 0x000001A6A0C12BC0>
2024-09-08 22:55:22,454 : DEBUG : asciimatics.widgets.layout : Focus: <asciimatics.widgets.layout.Layout object at 0x000001A6A0C12B00>
2024-09-08 22:55:22,454 : DEBUG : asciimatics.widgets.layout : Focus: <mpf.core.text_ui.MpfLayout object at 0x000001A6A0C1CF20>
2024-09-08 22:55:22,454 : DEBUG : asciimatics.widgets.layout : Focus: <asciimatics.widgets.layout.Layout object at 0x000001A6A0C12BC0>
2024-09-08 22:55:22,455 : DEBUG : asciimatics.widgets.frame : Cloning: Test
2024-09-08 22:55:22,455 : DEBUG : asciimatics.widgets.layout : Updating: None
2024-09-08 22:55:22,455 : DEBUG : asciimatics.widgets.layout : Updating: None
2024-09-08 22:55:22,455 : DEBUG : asciimatics.widgets.layout : Updating: None
2024-09-08 22:55:22,455 : DEBUG : asciimatics.widgets.layout : Updating: None
2024-09-08 22:55:22,455 : DEBUG : asciimatics.widgets.layout : Updating: None
2024-09-08 22:55:22,455 : DEBUG : asciimatics.widgets.layout : Updating: None
2024-09-08 22:55:22,455 : DEBUG : asciimatics.widgets.layout : Updating: None
2024-09-08 22:55:22,455 : DEBUG : asciimatics.widgets.layout : Updating: None
2024-09-08 22:55:22,460 : DEBUG : asciimatics.widgets.layout : Updating: None
2024-09-08 22:55:22,460 : DEBUG : asciimatics.widgets.layout : Updating: None
2024-09-08 22:55:22,461 : DEBUG : asciimatics.widgets.layout : Updating: None
2024-09-08 22:55:22,461 : DEBUG : asciimatics.widgets.layout : Updating: None
2024-09-08 22:55:22,461 : DEBUG : asciimatics.widgets.layout : Updating: None
2024-09-08 22:55:22,461 : DEBUG : asciimatics.widgets.layout : Updating: None
2024-09-08 22:55:22,461 : DEBUG : asciimatics.widgets.layout : Updating: None
2024-09-08 22:55:22,461 : DEBUG : asciimatics.widgets.layout : Updating: None
2024-09-08 22:55:22,461 : DEBUG : asciimatics.widgets.layout : Updating: None
2024-09-08 22:55:22,461 : DEBUG : asciimatics.widgets.layout : Updating: None
2024-09-08 22:55:22,493 : DEBUG : asciimatics.screen : Processing key: d
2024-09-08 22:55:24,224 : INFO : FAST : Auto-detecting ports for the following connections: ['net']
2024-09-08 22:55:24,361 : DEBUG : FAST : Port COM3 is connected to a FAST Neuron Controller.
2024-09-08 22:55:24,362 : DEBUG : FAST : Port COM4 is connected to a FAST Neuron Controller.
2024-09-08 22:55:24,362 : DEBUG : FAST : Port COM5 is connected to a FAST Neuron Controller.
2024-09-08 22:55:24,572 : INFO : FAST : Detected NET on port COM5
2024-09-08 22:55:24,734 : INFO : FAST [NET] : Trying to connect to COM5 at 921600bps
2024-09-08 22:55:24,777 : INFO : FAST [NET] : Connected to COM5 at 921600bps
2024-09-08 22:55:24,820 : INFO : FAST [NET] : Connected to FP-CPU-2000 with firmware v02.13
2024-09-08 22:55:24,835 : INFO : FAST [NET] : Registered I/O Board 0: Model: FP-I/O-0804, Firmware: 01.10, Switches: 8, Drivers: 4
2024-09-08 22:55:24,864 : INFO : FAST [NET] : Registered I/O Board 1: Model: FP-I/O-3208, Firmware: 01.10, Switches: 32, Drivers: 8
2024-09-08 22:55:24,877 : INFO : FAST [NET] : Registered I/O Board 2: Model: FP-I/O-1616, Firmware: 01.10, Switches: 16, Drivers: 16
2024-09-08 22:55:24,879 : INFO : EventManager : Event: ======'machine_var_credits_string'====== Args={'value': 'FREE PLAY', 'prev_value': None, 'change': True}
2024-09-08 22:55:25,188 : DEBUG : YAML File Interface : Loading file: C:\Users\Administrator\Documents\fast_homebrew_godot\data/machine_vars.yaml
2024-09-08 22:55:25,190 : INFO : EventManager : Event: ======'machine_var_master_volume'====== Args={'value': 0.5, 'prev_value': None, 'change': True}
2024-09-08 22:55:25,191 : INFO : EventManager : Event: ======'machine_var_mpf_version'====== Args={'value': 'Mission Pinball Framework v0.80.0.dev4', 'prev_value': None, 'change': True}
2024-09-08 22:55:25,191 : INFO : EventManager : Event: ======'machine_var_mpf_extended_version'====== Args={'value': 'Mission Pinball Framework v0.80.0.dev4, Config version:6, Show version: 6, BCP version:1.1', 'prev_value': None, 'change': True}
2024-09-08 22:55:25,191 : INFO : EventManager : Event: ======'machine_var_python_version'====== Args={'value': '3.10.11', 'prev_value': None, 'change': True}
2024-09-08 22:55:25,471 : INFO : EventManager : Event: ======'machine_var_platform'====== Args={'value': 'Windows-10-10.0.22631-SP0', 'prev_value': None, 'change': True}
2024-09-08 22:55:25,471 : INFO : EventManager : Event: ======'machine_var_platform_system'====== Args={'value': 'Windows', 'prev_value': None, 'change': True}
2024-09-08 22:55:25,471 : INFO : EventManager : Event: ======'machine_var_platform_release'====== Args={'value': '10', 'prev_value': None, 'change': True}
2024-09-08 22:55:25,472 : INFO : EventManager : Event: ======'machine_var_platform_version'====== Args={'value': '10.0.22631', 'prev_value': None, 'change': True}
2024-09-08 22:55:25,472 : INFO : EventManager : Event: ======'machine_var_platform_machine'====== Args={'value': 'AMD64', 'prev_value': None, 'change': True}
2024-09-08 22:55:25,472 : INFO : EventManager : Event: ======'machine_var_log_file_path'====== Args={'value': 'C:\\Users\\Administrator\\Documents\\fast_homebrew_godot\\logs\\2024-09-08-22-55-19-mpf-WIN-0MLVBKI9D6P.log', 'prev_value': None, 'change': True}
2024-09-08 22:55:25,472 : INFO : EventManager : Event: ======'init_phase_1'====== Args={}
2024-09-08 22:55:25,482 : DEBUG : ModeController : Loaded mode base
2024-09-08 22:55:25,487 : DEBUG : ModeController : Loaded mode game
2024-09-08 22:55:25,490 : DEBUG : ModeController : Loaded mode attract
2024-09-08 22:55:25,496 : ERROR : asyncio : Exception in callback EventManager._async_handler_done(<QueuedEvent>)(<Task finishe...erclockwise')>) at C:\Users\Administrator\AppData\Local\Programs\Python\Python310\lib\site-packages\mpf\core\events.py:124
handle: <Handle EventManager._async_handler_done(<QueuedEvent>)(<Task finishe...erclockwise')>) at C:\Users\Administrator\AppData\Local\Programs\Python\Python310\lib\site-packages\mpf\core\events.py:124>
Traceback (most recent call last):
  File "C:\Users\Administrator\AppData\Local\Programs\Python\Python310\lib\asyncio\events.py", line 80, in _run
    self._context.run(self._callback, *self._args)
  File "C:\Users\Administrator\AppData\Local\Programs\Python\Python310\lib\site-packages\mpf\core\events.py", line 127, in _async_handler_done
    future.result()
  File "C:\Users\Administrator\AppData\Local\Programs\Python\Python310\lib\site-packages\mpf\core\device_manager.py", line 88, in _load_device_modules
    self.load_devices_config(validate=True)
  File "C:\Users\Administrator\AppData\Local\Programs\Python\Python310\lib\site-packages\mpf\core\device_manager.py", line 146, in load_devices_config
    config[device_name] = collection[device_name].validate_and_parse_config(config[device_name], False)
  File "C:\Users\Administrator\AppData\Local\Programs\Python\Python310\lib\site-packages\mpf\devices\stepper.py", line 85, in validate_and_parse_config
    config = super().validate_and_parse_config(config, is_mode_config, debug_prefix)
  File "C:\Users\Administrator\AppData\Local\Programs\Python\Python310\lib\site-packages\mpf\core\device.py", line 108, in validate_and_parse_config
    self.machine.config_validator.validate_config(
  File "C:\Users\Administrator\AppData\Local\Programs\Python\Python310\lib\site-packages\mpf\core\config_validator.py", line 164, in validate_config
    return self._validate_config(config_spec, source, base_spec=base_spec, add_missing_keys=add_missing_keys,
  File "C:\Users\Administrator\AppData\Local\Programs\Python\Python310\lib\site-packages\mpf\core\config_validator.py", line 204, in _validate_config
    processed_config[k] = self.validate_config_item(
  File "C:\Users\Administrator\AppData\Local\Programs\Python\Python310\lib\site-packages\mpf\core\config_validator.py", line 243, in validate_config_item
    return self.validate_item(item, validation, validation_failure_info)
  File "C:\Users\Administrator\AppData\Local\Programs\Python\Python310\lib\site-packages\mpf\core\config_validator.py", line 699, in validate_item
    return self.validator_list[validator](item, validation_failure_info=validation_failure_info, param=param)
  File "C:\Users\Administrator\AppData\Local\Programs\Python\Python310\lib\site-packages\mpf\core\config_validator.py", line 390, in _validate_type_enum
    raise self.validation_error(
mpf.exceptions.config_file_error.ConfigFileError: Config File Error in ConfigValidator: Config validation error: Entry steppers:right_flipper_stepper:homing_direction = "counter" is not valid. Entry "counter" is not valid for enum. Valid values are: clockwise,counterclockwise Error Code: CFE-ConfigValidator-5 (https://missionpinball.org/logs)
2024-09-08 22:55:25,501 : INFO : Machine : Starting the main run loop.
2024-09-08 22:55:25,539 : INFO : Machine : Shutting down...
2024-09-08 22:55:25,539 : INFO : EventManager : Event: ======'shutdown'====== Args={}
2024-09-08 22:55:25,540 : ERROR : root : 'NoneType' object has no attribute 'stop'
Traceback (most recent call last):
  File "C:\Users\Administrator\AppData\Local\Programs\Python\Python310\lib\site-packages\mpf\commands\game.py", line 240, in __init__
    self.machine.run()
  File "C:\Users\Administrator\AppData\Local\Programs\Python\Python310\lib\site-packages\mpf\core\machine.py", line 689, in run
    self._run_loop()
  File "C:\Users\Administrator\AppData\Local\Programs\Python\Python310\lib\site-packages\mpf\core\machine.py", line 789, in _run_loop
    self._crash_shutdown()
  File "C:\Users\Administrator\AppData\Local\Programs\Python\Python310\lib\site-packages\mpf\core\machine.py", line 734, in _crash_shutdown
    self._do_stop()
  File "C:\Users\Administrator\AppData\Local\Programs\Python\Python310\lib\site-packages\mpf\core\machine.py", line 725, in _do_stop
    self.shutdown()
  File "C:\Users\Administrator\AppData\Local\Programs\Python\Python310\lib\site-packages\mpf\core\machine.py", line 754, in shutdown
    self.device_manager.stop_devices()
  File "C:\Users\Administrator\AppData\Local\Programs\Python\Python310\lib\site-packages\mpf\core\device_manager.py", line 99, in stop_devices
    device.stop_device()
  File "C:\Users\Administrator\AppData\Local\Programs\Python\Python310\lib\site-packages\mpf\devices\stepper.py", line 179, in stop_device
    self.hw_stepper.stop()
AttributeError: 'NoneType' object has no attribute 'stop'
