2024-05-14 14:46:18,318 : INFO : root : Loading config.
2024-05-14 14:46:18,320 : INFO : YamlMultifileConfigLoader : Machine config file #1: config.yaml
2024-05-14 14:46:18,320 : INFO : ConfigProcessor : Loading config from cache: C:\Users\octo\AppData\Local\Temp\1d0904511285da59b68333680e0b91d2.mpf_cache
2024-05-14 14:46:18,364 : INFO : ConfigProcessor : Loading config from cache: C:\Users\octo\AppData\Local\Temp\cd157f4be5c4430bfa418abc82c784ba.mpf_cache
2024-05-14 14:46:18,364 : INFO : ConfigProcessor : Loading config from cache: C:\Users\octo\AppData\Local\Temp\9a6ef7720776890324b2b6aefbdb5076.mpf_cache
2024-05-14 14:46:18,364 : WARNING : ConfigProcessor : Config file in cache changed: C:\Users\octo\Downloads\homebrew\modes\base\config\base.yaml
2024-05-14 14:46:18,364 : INFO : ConfigProcessor : Loading config from file C:\Users\octo\Downloads\homebrew\modes\base\config\base.yaml.
2024-05-14 14:46:18,367 : INFO : ConfigProcessor : Loading config: C:\Users\octo\Downloads\homebrew\modes\base\config\base.yaml
2024-05-14 14:46:18,367 : INFO : ConfigProcessor : Config file cache created: C:\Users\octo\AppData\Local\Temp\e87c946bbd0a2e05a931f281fca6458e.mpf_cache
2024-05-14 14:46:18,368 : INFO : ConfigProcessor : Loading config from cache: C:\Users\octo\AppData\Local\Temp\cd157f4be5c4430bfa418abc82c784ba.mpf_cache
2024-05-14 14:46:18,368 : INFO : ConfigProcessor : Loading config from cache: C:\Users\octo\AppData\Local\Temp\da852937ccb56145866cf54922bc01f8.mpf_cache
2024-05-14 14:46:18,369 : INFO : Machine : Mission Pinball Framework Core Engine v0.80.0.dev1
2024-05-14 14:46:18,369 : INFO : Machine : Command line arguments: {'no_load_cache': False, 'create_config_cache': True, 'bcp': True, 'configfile': ['config.yaml'], 'force_assets_load': False, 'platform_integration_test': False, 'jsonlogging': False, 'logfile': 'logs\\2024-05-14-14-46-18-mpf-DESKTOP-BQT92E0.log', 'pause': False, 'production': False, 'text_ui': True, 'loglevel': 15, 'consoleloglevel': 20, 'force_platform': 'virtual', 'syslog_address': None, 'mc_file_name': None, 'no_sound': False}
2024-05-14 14:46:18,369 : INFO : Machine : MPF path: c:\git\new folder (3)\mpf\mpf
2024-05-14 14:46:18,369 : INFO : Machine : Machine path: C:\Users\octo\Downloads\homebrew
2024-05-14 14:46:18,369 : INFO : Machine : Platform: win32
2024-05-14 14:46:18,369 : INFO : Machine : Python executable location: C:\Users\octo\AppData\Local\Programs\Python\Python310\python.exe
2024-05-14 14:46:18,369 : INFO : Machine : Python version: 3.10.0 (64-bit)
2024-05-14 14:46:18,370 : INFO : Machine : Initializing MPF...
2024-05-14 14:46:18,506 : INFO : EventManager : Event: ======'machine_var_credits_string'====== Args={'value': 'FREE PLAY', 'prev_value': None, 'change': True}
2024-05-14 14:46:18,514 : INFO : EventManager : Event: ======'machine_var_master_volume'====== Args={'value': 0.5, 'prev_value': None, 'change': True}
2024-05-14 14:46:18,515 : INFO : EventManager : Event: ======'machine_var_mpf_version'====== Args={'value': 'Mission Pinball Framework v0.80.0.dev1', 'prev_value': None, 'change': True}
2024-05-14 14:46:18,515 : INFO : EventManager : Event: ======'machine_var_mpf_extended_version'====== Args={'value': 'Mission Pinball Framework v0.80.0.dev1, Config version:6, Show version: 6, BCP version:1.1', 'prev_value': None, 'change': True}
2024-05-14 14:46:18,515 : INFO : EventManager : Event: ======'machine_var_python_version'====== Args={'value': '3.10.0', 'prev_value': None, 'change': True}
2024-05-14 14:46:18,520 : INFO : EventManager : Event: ======'machine_var_platform'====== Args={'value': 'Windows-10-10.0.19045-SP0', 'prev_value': None, 'change': True}
2024-05-14 14:46:18,520 : INFO : EventManager : Event: ======'machine_var_platform_system'====== Args={'value': 'Windows', 'prev_value': None, 'change': True}
2024-05-14 14:46:18,521 : INFO : EventManager : Event: ======'machine_var_platform_release'====== Args={'value': '10', 'prev_value': None, 'change': True}
2024-05-14 14:46:18,521 : INFO : EventManager : Event: ======'machine_var_platform_version'====== Args={'value': '10.0.19045', 'prev_value': None, 'change': True}
2024-05-14 14:46:18,521 : INFO : EventManager : Event: ======'machine_var_platform_machine'====== Args={'value': 'AMD64', 'prev_value': None, 'change': True}
2024-05-14 14:46:18,521 : INFO : EventManager : Event: ======'init_phase_1'====== Args={}
2024-05-14 14:46:18,530 : INFO : EventManager : Event: ======'init_phase_2'====== Args={}
2024-05-14 14:46:18,533 : INFO : EventManager : Event: ======'bcp_connection_attempt'====== Args={'name': 'local_display', 'host': 'localhost', 'port': 5050}
2024-05-14 14:46:18,533 : INFO : BCPClientSocket : Connecting BCP to 'local_display' at localhost:5050...
2024-05-14 14:46:18,539 : INFO : BCPClientSocket : Connected BCP to 'local_display' localhost:5050
2024-05-14 14:46:18,539 : INFO : EventManager : Event: ======'bcp_clients_connected'====== Args={}
2024-05-14 14:46:18,624 : INFO : ball_device.bd_trough : BCH: Initial count: 0
2024-05-14 14:46:18,625 : INFO : ball_device.bd_trough : State: idle
2024-05-14 14:46:18,625 : INFO : ball_device.bd_plunger : BCH: Initial count: 0
2024-05-14 14:46:18,625 : INFO : ball_device.bd_plunger : State: idle
2024-05-14 14:46:18,633 : INFO : EventManager : Event: ======'init_phase_3'====== Args={}
2024-05-14 14:46:18,634 : INFO : EventManager : Event: ======'init_phase_4'====== Args={}
2024-05-14 14:46:18,634 : INFO : BallController : Initial balls found: 0
2024-05-14 14:46:18,635 : INFO : EventManager : Event: ======'machine_var_audits_events_game_ended'====== Args={'value': 0, 'prev_value': None, 'change': True}
2024-05-14 14:46:18,635 : INFO : EventManager : Event: ======'machine_var_audits_events_game_started'====== Args={'value': 213, 'prev_value': None, 'change': True}
2024-05-14 14:46:18,635 : INFO : EventManager : Event: ======'machine_var_audits_missing_switches_s_left_flipper'====== Args={'value': 187, 'prev_value': None, 'change': True}
2024-05-14 14:46:18,635 : INFO : EventManager : Event: ======'machine_var_audits_missing_switches_s_left_flipper_eos'====== Args={'value': 187, 'prev_value': None, 'change': True}
2024-05-14 14:46:18,635 : INFO : EventManager : Event: ======'machine_var_audits_missing_switches_s_left_inner_lane'====== Args={'value': 187, 'prev_value': None, 'change': True}
2024-05-14 14:46:18,635 : INFO : EventManager : Event: ======'machine_var_audits_missing_switches_s_left_outer_lane'====== Args={'value': 153, 'prev_value': None, 'change': True}
2024-05-14 14:46:18,635 : INFO : EventManager : Event: ======'machine_var_audits_missing_switches_s_left_sling'====== Args={'value': 187, 'prev_value': None, 'change': True}
2024-05-14 14:46:18,635 : INFO : EventManager : Event: ======'machine_var_audits_missing_switches_s_mead'====== Args={'value': 97, 'prev_value': None, 'change': True}
2024-05-14 14:46:18,635 : INFO : EventManager : Event: ======'machine_var_audits_missing_switches_s_plunger'====== Args={'value': 187, 'prev_value': None, 'change': True}
2024-05-14 14:46:18,635 : INFO : EventManager : Event: ======'machine_var_audits_missing_switches_s_pop_bumper_1'====== Args={'value': 187, 'prev_value': None, 'change': True}
2024-05-14 14:46:18,635 : INFO : EventManager : Event: ======'machine_var_audits_missing_switches_s_pop_bumper_2'====== Args={'value': 187, 'prev_value': None, 'change': True}
2024-05-14 14:46:18,635 : INFO : EventManager : Event: ======'machine_var_audits_missing_switches_s_pop_bumper_3'====== Args={'value': 187, 'prev_value': None, 'change': True}
2024-05-14 14:46:18,635 : INFO : EventManager : Event: ======'machine_var_audits_missing_switches_s_right_flipper'====== Args={'value': 187, 'prev_value': None, 'change': True}
2024-05-14 14:46:18,635 : INFO : EventManager : Event: ======'machine_var_audits_missing_switches_s_right_flipper_eos'====== Args={'value': 187, 'prev_value': None, 'change': True}
2024-05-14 14:46:18,635 : INFO : EventManager : Event: ======'machine_var_audits_missing_switches_s_right_inner_lane'====== Args={'value': 187, 'prev_value': None, 'change': True}
2024-05-14 14:46:18,635 : INFO : EventManager : Event: ======'machine_var_audits_missing_switches_s_right_outer_lane'====== Args={'value': 187, 'prev_value': None, 'change': True}
2024-05-14 14:46:18,635 : INFO : EventManager : Event: ======'machine_var_audits_missing_switches_s_right_sling'====== Args={'value': 187, 'prev_value': None, 'change': True}
2024-05-14 14:46:18,635 : INFO : EventManager : Event: ======'machine_var_audits_missing_switches_s_scanlan'====== Args={'value': 34, 'prev_value': None, 'change': True}
2024-05-14 14:46:18,635 : INFO : EventManager : Event: ======'machine_var_audits_missing_switches_s_start'====== Args={'value': 60, 'prev_value': None, 'change': True}
2024-05-14 14:46:18,635 : INFO : EventManager : Event: ======'machine_var_audits_missing_switches_s_trough_ball_1'====== Args={'value': 187, 'prev_value': None, 'change': True}
2024-05-14 14:46:18,635 : INFO : EventManager : Event: ======'machine_var_audits_missing_switches_s_trough_ball_2'====== Args={'value': 187, 'prev_value': None, 'change': True}
2024-05-14 14:46:18,635 : INFO : EventManager : Event: ======'machine_var_audits_missing_switches_s_trough_ball_3'====== Args={'value': 187, 'prev_value': None, 'change': True}
2024-05-14 14:46:18,635 : INFO : EventManager : Event: ======'machine_var_audits_missing_switches_s_trough_ball_4'====== Args={'value': 187, 'prev_value': None, 'change': True}
2024-05-14 14:46:18,636 : INFO : EventManager : Event: ======'machine_var_audits_missing_switches_s_trough_ball_5'====== Args={'value': 187, 'prev_value': None, 'change': True}
2024-05-14 14:46:18,636 : INFO : EventManager : Event: ======'machine_var_audits_missing_switches_s_trough_ball_6'====== Args={'value': 89, 'prev_value': None, 'change': True}
2024-05-14 14:46:18,636 : INFO : EventManager : Event: ======'machine_var_audits_missing_switches_s_trough_ball_jam'====== Args={'value': 187, 'prev_value': None, 'change': True}
2024-05-14 14:46:18,636 : INFO : EventManager : Event: ======'machine_var_audits_player_score'====== Args={'value': {'average': 0, 'top': [], 'total': 0}, 'prev_value': None, 'change': True}
2024-05-14 14:46:18,636 : INFO : EventManager : Event: ======'machine_var_audits_switches_s_auto_launcher'====== Args={'value': 0, 'prev_value': None, 'change': True}
2024-05-14 14:46:18,636 : INFO : EventManager : Event: ======'machine_var_audits_switches_s_ball_drain'====== Args={'value': 0, 'prev_value': None, 'change': True}
2024-05-14 14:46:18,636 : INFO : EventManager : Event: ======'machine_var_audits_switches_s_left_flipper'====== Args={'value': 36, 'prev_value': None, 'change': True}
2024-05-14 14:46:18,636 : INFO : EventManager : Event: ======'machine_var_audits_switches_s_left_flipper_eos'====== Args={'value': 0, 'prev_value': None, 'change': True}
2024-05-14 14:46:18,636 : INFO : EventManager : Event: ======'machine_var_audits_switches_s_left_inner_lane'====== Args={'value': 0, 'prev_value': None, 'change': True}
2024-05-14 14:46:18,636 : INFO : EventManager : Event: ======'machine_var_audits_switches_s_left_outer_lane'====== Args={'value': 0, 'prev_value': None, 'change': True}
2024-05-14 14:46:18,636 : INFO : EventManager : Event: ======'machine_var_audits_switches_s_left_sling'====== Args={'value': 7, 'prev_value': None, 'change': True}
2024-05-14 14:46:18,636 : INFO : EventManager : Event: ======'machine_var_audits_switches_s_mead'====== Args={'value': 0, 'prev_value': None, 'change': True}
2024-05-14 14:46:18,636 : INFO : EventManager : Event: ======'machine_var_audits_switches_s_plunger'====== Args={'value': 9, 'prev_value': None, 'change': True}
2024-05-14 14:46:18,636 : INFO : EventManager : Event: ======'machine_var_audits_switches_s_pop_bumper_1'====== Args={'value': 0, 'prev_value': None, 'change': True}
2024-05-14 14:46:18,636 : INFO : EventManager : Event: ======'machine_var_audits_switches_s_pop_bumper_2'====== Args={'value': 0, 'prev_value': None, 'change': True}
2024-05-14 14:46:18,636 : INFO : EventManager : Event: ======'machine_var_audits_switches_s_pop_bumper_3'====== Args={'value': 0, 'prev_value': None, 'change': True}
2024-05-14 14:46:18,636 : INFO : EventManager : Event: ======'machine_var_audits_switches_s_right_flipper'====== Args={'value': 131, 'prev_value': None, 'change': True}
2024-05-14 14:46:18,636 : INFO : EventManager : Event: ======'machine_var_audits_switches_s_right_flipper_eos'====== Args={'value': 0, 'prev_value': None, 'change': True}
2024-05-14 14:46:18,637 : INFO : EventManager : Event: ======'machine_var_audits_switches_s_right_inner_lane'====== Args={'value': 0, 'prev_value': None, 'change': True}
2024-05-14 14:46:18,637 : INFO : EventManager : Event: ======'machine_var_audits_switches_s_right_outer_lane'====== Args={'value': 0, 'prev_value': None, 'change': True}
2024-05-14 14:46:18,637 : INFO : EventManager : Event: ======'machine_var_audits_switches_s_right_sling'====== Args={'value': 3, 'prev_value': None, 'change': True}
2024-05-14 14:46:18,637 : INFO : EventManager : Event: ======'machine_var_audits_switches_s_scanlan'====== Args={'value': 0, 'prev_value': None, 'change': True}
2024-05-14 14:46:18,637 : INFO : EventManager : Event: ======'machine_var_audits_switches_s_start'====== Args={'value': 13, 'prev_value': None, 'change': True}
2024-05-14 14:46:18,637 : INFO : EventManager : Event: ======'machine_var_audits_switches_s_switch_2'====== Args={'value': 0, 'prev_value': None, 'change': True}
2024-05-14 14:46:18,637 : INFO : EventManager : Event: ======'machine_var_audits_switches_s_trough_ball_1'====== Args={'value': 4, 'prev_value': None, 'change': True}
2024-05-14 14:46:18,637 : INFO : EventManager : Event: ======'machine_var_audits_switches_s_trough_ball_2'====== Args={'value': 4, 'prev_value': None, 'change': True}
2024-05-14 14:46:18,637 : INFO : EventManager : Event: ======'machine_var_audits_switches_s_trough_ball_3'====== Args={'value': 1, 'prev_value': None, 'change': True}
2024-05-14 14:46:18,637 : INFO : EventManager : Event: ======'machine_var_audits_switches_s_trough_ball_4'====== Args={'value': 0, 'prev_value': None, 'change': True}
2024-05-14 14:46:18,637 : INFO : EventManager : Event: ======'machine_var_audits_switches_s_trough_ball_5'====== Args={'value': 0, 'prev_value': None, 'change': True}
2024-05-14 14:46:18,637 : INFO : EventManager : Event: ======'machine_var_audits_switches_s_trough_ball_6'====== Args={'value': 1, 'prev_value': None, 'change': True}
2024-05-14 14:46:18,637 : INFO : EventManager : Event: ======'machine_var_audits_switches_s_trough_ball_jam'====== Args={'value': 3, 'prev_value': None, 'change': True}
2024-05-14 14:46:18,637 : INFO : EventManager : Event: ======'machine_var_audits_switches_s_trough_eject_coil'====== Args={'value': 0, 'prev_value': None, 'change': True}
2024-05-14 14:46:18,638 : INFO : EventManager : Event: ======'init_phase_5'====== Args={}
2024-05-14 14:46:18,661 : INFO : EventManager : Event: ======'init_done'====== Args={}
2024-05-14 14:46:18,662 : INFO : EventManager : Event: ======'machine_reset_phase_1'====== Args={}
2024-05-14 14:46:18,668 : INFO : EventManager : Event: ======'machine_reset_phase_2'====== Args={}
2024-05-14 14:46:18,668 : INFO : EventManager : Event: ======'machine_reset_phase_3'====== Args={}
2024-05-14 14:46:18,668 : INFO : EventManager : Event: ======'reset_complete'====== Args={}
2024-05-14 14:46:18,668 : INFO : EventManager : Event: ======'mode_attract_will_start'====== Args={}
2024-05-14 14:46:18,668 : INFO : EventManager : Event: ======'mode_attract_starting'====== Args={}
2024-05-14 14:46:18,668 : INFO : Mode.attract : Started. Priority: 10
2024-05-14 14:46:18,668 : INFO : EventManager : Event: ======'modes_active_modes_changed'====== Args={}
2024-05-14 14:46:18,669 : INFO : EventManager : Event: ======'mode_attract_started'====== Args={}
2024-05-14 14:46:18,669 : INFO : EventManager : Event: ======'collecting_balls_complete'====== Args={}
2024-05-14 14:46:18,677 : INFO : Machine : Starting the main run loop.
2024-05-14 14:46:18,697 : INFO : EventManager : Event: ======'slide_attract_created'====== Args={'_from_bcp': True}
2024-05-14 14:46:18,697 : INFO : EventManager : Event: ======'slide__removed'====== Args={'_from_bcp': True}
2024-05-14 14:46:18,698 : INFO : EventManager : Event: ======'slide_attract_active'====== Args={'original_context': 'attract', 'original_calling_context': 'mode_attract_started', 'cmd': 'slides_play', '_from_bcp': True}
2024-05-14 14:46:19,943 : INFO : SwitchController : <<<<<<< 's_trough_ball_1' active >>>>>>>
2024-05-14 14:46:20,144 : INFO : SwitchController : <<<<<<< 's_trough_ball_2' active >>>>>>>
2024-05-14 14:46:20,324 : INFO : SwitchController : <<<<<<< 's_trough_ball_3' active >>>>>>>
2024-05-14 14:46:20,561 : INFO : SwitchController : <<<<<<< 's_start' active >>>>>>>
2024-05-14 14:46:20,644 : INFO : SwitchController : <<<<<<< 's_start' inactive >>>>>>>
2024-05-14 14:46:20,644 : INFO : EventManager : Event: ======'request_to_start_game'====== Args={}
2024-05-14 14:46:20,644 : INFO : BallController : Known balls: 0
2024-05-14 14:46:20,644 : INFO : BallController : bd_trough contains 0 balls. Tags ['trough', 'home', 'drain']
2024-05-14 14:46:20,644 : INFO : BallController : bd_plunger contains 0 balls. Tags []
2024-05-14 14:46:20,644 : INFO : BallController : playfield contains 0 balls. Tags ['default']
2024-05-14 14:46:20,644 : WARNING : BallController : BallController denies game start. Not enough balls. -1 found. 1 required
2024-05-14 14:46:20,644 : INFO : BallController : Triggering ball search.
2024-05-14 14:46:20,850 : INFO : EventManager : Event: ======'balldevice_bd_trough_ball_count_changed'====== Args={'balls': 3}
2024-05-14 14:46:20,850 : INFO : ball_device.bd_trough : Received unexpected ball
2024-05-14 14:46:20,850 : INFO : EventManager : Event: ======'balldevice_captured_from_playfield'====== Args={'balls': 1}
2024-05-14 14:46:20,850 : INFO : EventManager : Event: ======'sw_playfield_active'====== Args={'balls': 1}
2024-05-14 14:46:20,850 : INFO : EventManager : Event: ======'playfield_active'====== Args={}
2024-05-14 14:46:20,850 : INFO : EventManager : Event: ======'unexpected_ball_on_playfield'====== Args={}
2024-05-14 14:46:20,850 : INFO : EventManager : Event: ======'playfield_ball_count_change'====== Args={'balls': -1, 'change': -1}
2024-05-14 14:46:20,850 : INFO : EventManager : Event: ======'balldevice_playfield_ball_enter'====== Args={'new_balls': 1, 'unclaimed_balls': 1, 'device': <playfield.playfield>}
2024-05-14 14:46:20,850 : INFO : EventManager : Event: ======'playfield_ball_count_change'====== Args={'balls': 0, 'change': 1}
2024-05-14 14:46:20,850 : INFO : BallController : Found a new ball which was captured from playfield. Known balls: 1
2024-05-14 14:46:20,850 : INFO : EventManager : Event: ======'found_new_ball'====== Args={}
2024-05-14 14:46:20,850 : INFO : EventManager : Event: ======'balldevice_bd_trough_ball_enter'====== Args={'new_balls': 1, 'unclaimed_balls': 1, 'new_available_balls': 1, 'device': <ball_device.bd_trough>}
2024-05-14 14:46:20,850 : INFO : EventManager : Event: ======'ball_drain'====== Args={'device': <ball_device.bd_trough>, 'balls': 1}
2024-05-14 14:46:20,851 : INFO : EventManager : Event: ======'balldevice_balls_available'====== Args={}
2024-05-14 14:46:20,851 : INFO : EventManager : Event: ======'balldevice_bd_trough_ball_entered'====== Args={'new_balls': 1, 'device': <ball_device.bd_trough>}
2024-05-14 14:46:20,851 : INFO : ball_device.bd_trough : Received unexpected ball
2024-05-14 14:46:20,851 : INFO : EventManager : Event: ======'balldevice_captured_from_playfield'====== Args={'balls': 1}
2024-05-14 14:46:20,851 : INFO : EventManager : Event: ======'sw_playfield_active'====== Args={'balls': 1}
2024-05-14 14:46:20,851 : INFO : EventManager : Event: ======'playfield_active'====== Args={}
2024-05-14 14:46:20,851 : INFO : EventManager : Event: ======'unexpected_ball_on_playfield'====== Args={}
2024-05-14 14:46:20,851 : INFO : EventManager : Event: ======'playfield_ball_count_change'====== Args={'balls': -1, 'change': -1}
2024-05-14 14:46:20,851 : INFO : EventManager : Event: ======'balldevice_playfield_ball_enter'====== Args={'new_balls': 1, 'unclaimed_balls': 1, 'device': <playfield.playfield>}
2024-05-14 14:46:20,851 : INFO : EventManager : Event: ======'playfield_ball_count_change'====== Args={'balls': 0, 'change': 1}
2024-05-14 14:46:20,851 : INFO : BallController : Found a new ball which was captured from playfield. Known balls: 2
2024-05-14 14:46:20,851 : INFO : EventManager : Event: ======'found_new_ball'====== Args={}
2024-05-14 14:46:20,851 : INFO : EventManager : Event: ======'balldevice_bd_trough_ball_enter'====== Args={'new_balls': 1, 'unclaimed_balls': 1, 'new_available_balls': 1, 'device': <ball_device.bd_trough>}
2024-05-14 14:46:20,851 : INFO : EventManager : Event: ======'ball_drain'====== Args={'device': <ball_device.bd_trough>, 'balls': 1}
2024-05-14 14:46:20,851 : INFO : EventManager : Event: ======'balldevice_balls_available'====== Args={}
2024-05-14 14:46:20,851 : INFO : EventManager : Event: ======'balldevice_bd_trough_ball_entered'====== Args={'new_balls': 1, 'device': <ball_device.bd_trough>}
2024-05-14 14:46:20,851 : INFO : ball_device.bd_trough : Received unexpected ball
2024-05-14 14:46:20,851 : INFO : EventManager : Event: ======'balldevice_captured_from_playfield'====== Args={'balls': 1}
2024-05-14 14:46:20,851 : INFO : EventManager : Event: ======'sw_playfield_active'====== Args={'balls': 1}
2024-05-14 14:46:20,851 : INFO : EventManager : Event: ======'playfield_active'====== Args={}
2024-05-14 14:46:20,851 : INFO : EventManager : Event: ======'unexpected_ball_on_playfield'====== Args={}
2024-05-14 14:46:20,851 : INFO : EventManager : Event: ======'playfield_ball_count_change'====== Args={'balls': -1, 'change': -1}
2024-05-14 14:46:20,851 : INFO : EventManager : Event: ======'balldevice_playfield_ball_enter'====== Args={'new_balls': 1, 'unclaimed_balls': 1, 'device': <playfield.playfield>}
2024-05-14 14:46:20,851 : INFO : EventManager : Event: ======'playfield_ball_count_change'====== Args={'balls': 0, 'change': 1}
2024-05-14 14:46:20,851 : INFO : BallController : Found a new ball which was captured from playfield. Known balls: 3
2024-05-14 14:46:20,851 : INFO : EventManager : Event: ======'found_new_ball'====== Args={}
2024-05-14 14:46:20,851 : INFO : EventManager : Event: ======'balldevice_bd_trough_ball_enter'====== Args={'new_balls': 1, 'unclaimed_balls': 1, 'new_available_balls': 1, 'device': <ball_device.bd_trough>}
2024-05-14 14:46:20,851 : INFO : EventManager : Event: ======'ball_drain'====== Args={'device': <ball_device.bd_trough>, 'balls': 1}
2024-05-14 14:46:20,851 : INFO : EventManager : Event: ======'balldevice_balls_available'====== Args={}
2024-05-14 14:46:20,851 : INFO : EventManager : Event: ======'balldevice_bd_trough_ball_entered'====== Args={'new_balls': 1, 'device': <ball_device.bd_trough>}
2024-05-14 14:46:21,714 : INFO : SwitchController : <<<<<<< 's_start' active >>>>>>>
2024-05-14 14:46:21,824 : INFO : SwitchController : <<<<<<< 's_start' inactive >>>>>>>
2024-05-14 14:46:21,824 : INFO : EventManager : Event: ======'request_to_start_game'====== Args={}
2024-05-14 14:46:21,825 : INFO : EventManager : Event: ======'game_start'====== Args={'buttons': [], 'hold_time': 0.10900000000037835}
2024-05-14 14:46:21,825 : INFO : EventManager : Event: ======'mode_game_will_start'====== Args={'buttons': [], 'hold_time': 0.10900000000037835}
2024-05-14 14:46:21,825 : INFO : EventManager : Event: ======'mode_game_starting'====== Args={'buttons': [], 'hold_time': 0.10900000000037835}
2024-05-14 14:46:21,825 : INFO : EventManager : Event: ======'mode_attract_will_stop'====== Args={}
2024-05-14 14:46:21,825 : INFO : EventManager : Event: ======'mode_attract_stopping'====== Args={}
2024-05-14 14:46:21,825 : INFO : Mode.game : Started. Priority: 20
2024-05-14 14:46:21,825 : INFO : EventManager : Event: ======'modes_active_modes_changed'====== Args={}
2024-05-14 14:46:21,825 : INFO : EventManager : Event: ======'mode_game_started'====== Args={'buttons': [], 'hold_time': 0.10900000000037835}
2024-05-14 14:46:21,835 : INFO : Mode.attract : Stopped.
2024-05-14 14:46:21,835 : INFO : EventManager : Event: ======'modes_active_modes_changed'====== Args={}
2024-05-14 14:46:21,835 : INFO : EventManager : Event: ======'mode_attract_stopped'====== Args={}
2024-05-14 14:46:21,835 : INFO : EventManager : Event: ======'clear'====== Args={'key': 'attract'}
2024-05-14 14:46:21,835 : INFO : EventManager : Event: ======'game_will_start'====== Args={}
2024-05-14 14:46:21,844 : INFO : EventManager : Event: ======'game_starting'====== Args={'game': <Mode.game>}
2024-05-14 14:46:21,845 : INFO : EventManager : Unordered handler for class <Auditor> on event game_ended with priority 1. Handlers: [RegisteredHandler(callback=<bound method Auditor.disable of <Auditor>>, priority=1, kwargs={}, key=UUID('2de6acd2-d19a-4521-b866-8e6c51530df0'), condition=None, blocking_facility=None), RegisteredHandler(callback=<bound method Auditor._save_audits of <Auditor>>, priority=1, kwargs={}, key=UUID('8778dff9-3734-4f24-b773-d3893cd77f53'), condition=None, blocking_facility=None)]. The order of those handlers is not defined and they will be executed in random order. This might lead to race conditions and potential bugs.
2024-05-14 14:46:21,845 : INFO : EventManager : Event: ======'player_add_request'====== Args={}
2024-05-14 14:46:21,845 : INFO : EventManager : Event: ======'player_will_add'====== Args={'number': 1}
2024-05-14 14:46:21,845 : INFO : EventManager : Event: ======'player_adding'====== Args={'player': <Player 1>, 'number': 1}
2024-05-14 14:46:21,845 : INFO : EventManager : Event: ======'player_added'====== Args={'player': <Player 1>, 'num': 1}
2024-05-14 14:46:21,845 : INFO : Mode.game : Player added successfully. Total players: 1
2024-05-14 14:46:21,845 : INFO : EventManager : Event: ======'player_index'====== Args={'value': 0, 'prev_value': 0, 'change': 0, 'player_num': 1}
2024-05-14 14:46:21,845 : INFO : EventManager : Event: ======'player_number'====== Args={'value': 1, 'prev_value': 1, 'change': 0, 'player_num': 1}
2024-05-14 14:46:21,845 : INFO : EventManager : Event: ======'player_score'====== Args={'value': 0, 'prev_value': 0, 'change': 0, 'player_num': 1}
2024-05-14 14:46:21,846 : INFO : EventManager : Event: ======'game_started'====== Args={}
2024-05-14 14:46:21,849 : INFO : EventManager : Event: ======'player_turn_will_start'====== Args={'player': <Player 1>, 'number': 1}
2024-05-14 14:46:21,849 : INFO : EventManager : Event: ======'player_turn_starting'====== Args={'player': <Player 1>, 'number': 1}
2024-05-14 14:46:21,849 : INFO : EventManager : Event: ======'player_ball'====== Args={'value': 1, 'prev_value': 0, 'change': 1, 'player_num': 1}
2024-05-14 14:46:21,849 : INFO : EventManager : Event: ======'player_turn_started'====== Args={'player': <Player 1>, 'number': 1}
2024-05-14 14:46:21,850 : INFO : EventManager : Event: ======'ball_will_start'====== Args={'player': 1, 'ball': 1, 'balls_remaining': 2, 'is_extra_ball': False}
2024-05-14 14:46:21,851 : INFO : EventManager : Event: ======'ball_starting'====== Args={'player': 1, 'ball': 1, 'balls_remaining': 2, 'is_extra_ball': False}
2024-05-14 14:46:21,851 : INFO : EventManager : Event: ======'balls_in_play'====== Args={'balls': 1}
2024-05-14 14:46:21,851 : INFO : EventManager : Event: ======'ball_started'====== Args={'player': 1, 'ball': 1, 'balls_remaining': 2, 'is_extra_ball': False}
2024-05-14 14:46:21,851 : INFO : EventManager : Event: ======'mode_char_select_will_start'====== Args={'player': 1, 'ball': 1, 'balls_remaining': 2, 'is_extra_ball': False}
2024-05-14 14:46:21,853 : INFO : EventManager : Event: ======'mode_char_select_starting'====== Args={'player': 1, 'ball': 1, 'balls_remaining': 2, 'is_extra_ball': False}
2024-05-14 14:46:21,853 : INFO : EventManager : Event: ======'mode_base_will_start'====== Args={'player': 1, 'ball': 1, 'balls_remaining': 2, 'is_extra_ball': False}
2024-05-14 14:46:21,854 : INFO : EventManager : Event: ======'mode_base_starting'====== Args={'player': 1, 'ball': 1, 'balls_remaining': 2, 'is_extra_ball': False}
2024-05-14 14:46:21,854 : INFO : Mode.base : Started. Priority: 100
2024-05-14 14:46:21,854 : INFO : EventManager : Event: ======'modes_active_modes_changed'====== Args={}
2024-05-14 14:46:21,854 : INFO : EventManager : Event: ======'mode_base_started'====== Args={'player': 1, 'ball': 1, 'balls_remaining': 2, 'is_extra_ball': False}
2024-05-14 14:46:21,854 : INFO : Mode.char_select : Started. Priority: 501
2024-05-14 14:46:21,854 : INFO : EventManager : Event: ======'modes_active_modes_changed'====== Args={}
2024-05-14 14:46:21,854 : INFO : EventManager : Event: ======'mode_char_select_started'====== Args={'player': 1, 'ball': 1, 'balls_remaining': 2, 'is_extra_ball': False}
2024-05-14 14:46:21,854 : INFO : EventManager : Event: ======'item_highlighted'====== Args={'carousel': 'char_select', 'direction': None, 'item': 'percy'}
2024-05-14 14:46:21,855 : INFO : EventManager : Event: ======'single_player_ball_started'====== Args={}
2024-05-14 14:46:21,865 : INFO : EventManager : Event: ======'ball_start_target'====== Args={'target': 'playfield'}
2024-05-14 14:46:21,865 : INFO : ball_device.bd_plunger : Setting up player-controlled eject. Balls: 1, Target: <playfield.playfield>, player_controlled_eject_event: None
2024-05-14 14:46:21,865 : INFO : EventManager : Event: ======'balldevice_balls_available'====== Args={}
2024-05-14 14:46:21,865 : INFO : ball_device.bd_trough : State: waiting_for_target_ready
2024-05-14 14:46:21,865 : INFO : EventManager : Event: ======'balldevice_bd_trough_ball_eject_attempt'====== Args={'balls': 1, 'target': <ball_device.bd_plunger>, 'source': <ball_device.bd_trough>, 'mechanical_eject': True, 'num_attempts': 0}
2024-05-14 14:46:21,865 : INFO : ball_device.bd_plunger : State: waiting_for_ball
2024-05-14 14:46:21,865 : INFO : ball_device.bd_trough : State: ejecting
2024-05-14 14:46:21,865 : INFO : ball_device.bd_trough : Ejecting ball to <ball_device.bd_plunger>
2024-05-14 14:46:21,866 : INFO : EventManager : Event: ======'balldevice_bd_trough_ejecting_ball'====== Args={'balls': 1, 'target': <ball_device.bd_plunger>, 'source': <ball_device.bd_trough>, 'mechanical_eject': True, 'num_attempts': 0}
2024-05-14 14:46:21,866 : INFO : ball_device.bd_trough : Wait for ball to leave device
2024-05-14 14:46:21,866 : INFO : coil.c_trough_eject_coil : Pulsing Driver for 15ms (1.0 pulse_power)
2024-05-14 14:46:21,882 : INFO : EventManager : Event: ======'slide_base_created'====== Args={'_from_bcp': True}
2024-05-14 14:46:21,883 : INFO : EventManager : Event: ======'slide_attract_inactive'====== Args={'_from_bcp': True}
2024-05-14 14:46:21,883 : INFO : EventManager : Event: ======'slide_base_active'====== Args={'original_context': 'base', 'original_calling_context': 'mode_base_started', 'cmd': 'slides_play', '_from_bcp': True}
2024-05-14 14:46:21,883 : INFO : EventManager : Event: ======'slide_attract_removed'====== Args={'_from_bcp': True}
2024-05-14 14:46:22,024 : INFO : EventManager : Event: ======'slide_char_select_created'====== Args={'_from_bcp': True}
2024-05-14 14:46:22,024 : INFO : EventManager : Event: ======'slide_base_inactive'====== Args={'_from_bcp': True}
2024-05-14 14:46:22,024 : INFO : EventManager : Event: ======'slide_char_select_active'====== Args={'original_context': 'char_select', 'original_calling_context': 'mode_char_select_started', 'cmd': 'slides_play', '_from_bcp': True}
2024-05-14 14:46:22,630 : INFO : EventManager : Event: ======'s_ab_active'====== Args={'_from_bcp': True}
2024-05-14 14:46:22,630 : INFO : EventManager : Event: ======'char_select_percy_selected'====== Args={}
2024-05-14 14:46:22,630 : INFO : EventManager : Event: ======'char_select_item_selected'====== Args={}
2024-05-14 14:46:22,630 : INFO : EventManager : Event: ======'player_selected_champ'====== Args={'value': 'percy', 'prev_value': 0, 'change': True, 'player_num': 1, 'source': 'char_select'}
2024-05-14 14:46:22,630 : INFO : EventManager : Event: ======'mode_char_select_will_stop'====== Args={}
2024-05-14 14:46:22,630 : INFO : EventManager : Event: ======'mode_char_select_stopping'====== Args={}
2024-05-14 14:46:22,630 : INFO : EventManager : Event: ======'player_is_selected_champ'====== Args={'value': 1, 'prev_value': 0, 'change': 1, 'player_num': 1, 'source': 'char_select'}
2024-05-14 14:46:22,631 : INFO : Mode.char_select : Stopped.
2024-05-14 14:46:22,631 : INFO : EventManager : Event: ======'modes_active_modes_changed'====== Args={}
2024-05-14 14:46:22,631 : INFO : EventManager : Event: ======'start_base'====== Args={}
2024-05-14 14:46:22,631 : INFO : EventManager : Event: ======'char_select_item_selected'====== Args={}
2024-05-14 14:46:22,631 : INFO : EventManager : Event: ======'mode_char_select_stopped'====== Args={}
2024-05-14 14:46:22,631 : INFO : EventManager : Event: ======'clear'====== Args={'key': 'char_select'}
2024-05-14 14:46:22,640 : INFO : EventManager : Event: ======'slide_char_select_inactive'====== Args={'_from_bcp': True}
2024-05-14 14:46:22,641 : INFO : EventManager : Event: ======'slide_base_active'====== Args={'_from_bcp': True}
2024-05-14 14:46:22,641 : INFO : EventManager : Event: ======'slide_char_select_removed'====== Args={'_from_bcp': True}
2024-05-14 14:46:23,525 : INFO : EventManager : Event: ======'s_mead_active'====== Args={'_from_bcp': True}
2024-05-14 14:46:23,525 : INFO : EventManager : Event: ======'play_mead_video_1'====== Args={'_from_bcp': True}
2024-05-14 14:46:23,525 : INFO : EventManager : Event: ======'player_score'====== Args={'value': 10000, 'prev_value': 0, 'change': 10000, 'player_num': 1, 'source': 'base'}
2024-05-14 14:46:23,526 : INFO : EventManager : Event: ======'player_last_score'====== Args={'value': 10000, 'prev_value': 0, 'change': 10000, 'player_num': 1, 'source': 'base'}
2024-05-14 14:46:23,872 : INFO : EventManager : Event: ======'balldevice_bd_trough_ball_eject_failed'====== Args={'target': <ball_device.bd_plunger>, 'balls': 1, 'retry': True, 'num_attempts': 1}
2024-05-14 14:46:23,872 : INFO : ball_device.bd_trough : State: waiting_for_target_ready
2024-05-14 14:46:23,872 : INFO : EventManager : Event: ======'balldevice_bd_trough_ball_eject_attempt'====== Args={'balls': 1, 'target': <ball_device.bd_plunger>, 'source': <ball_device.bd_trough>, 'mechanical_eject': True, 'num_attempts': 1}
2024-05-14 14:46:23,872 : INFO : ball_device.bd_trough : State: ejecting
2024-05-14 14:46:23,872 : INFO : ball_device.bd_trough : Ejecting ball to <ball_device.bd_plunger>
2024-05-14 14:46:23,872 : INFO : EventManager : Event: ======'balldevice_bd_trough_ejecting_ball'====== Args={'balls': 1, 'target': <ball_device.bd_plunger>, 'source': <ball_device.bd_trough>, 'mechanical_eject': True, 'num_attempts': 1}
2024-05-14 14:46:23,873 : INFO : ball_device.bd_trough : Wait for ball to leave device
2024-05-14 14:46:23,873 : INFO : coil.c_trough_eject_coil : Pulsing Driver for 15ms (1.0 pulse_power)
2024-05-14 14:46:25,365 : INFO : EventManager : Event: ======'s_mead_active'====== Args={'_from_bcp': True}
2024-05-14 14:46:25,366 : INFO : EventManager : Event: ======'play_mead_video_2'====== Args={'_from_bcp': True}
2024-05-14 14:46:25,366 : INFO : EventManager : Event: ======'player_score'====== Args={'value': 20000, 'prev_value': 10000, 'change': 10000, 'player_num': 1, 'source': 'base'}
2024-05-14 14:46:25,891 : INFO : EventManager : Event: ======'balldevice_bd_trough_ball_eject_failed'====== Args={'target': <ball_device.bd_plunger>, 'balls': 1, 'retry': True, 'num_attempts': 2}
2024-05-14 14:46:25,891 : INFO : ball_device.bd_trough : State: waiting_for_target_ready
2024-05-14 14:46:25,891 : INFO : EventManager : Event: ======'balldevice_bd_trough_ball_eject_attempt'====== Args={'balls': 1, 'target': <ball_device.bd_plunger>, 'source': <ball_device.bd_trough>, 'mechanical_eject': True, 'num_attempts': 2}
2024-05-14 14:46:25,891 : INFO : ball_device.bd_trough : State: ejecting
2024-05-14 14:46:25,891 : INFO : ball_device.bd_trough : Ejecting ball to <ball_device.bd_plunger>
2024-05-14 14:46:25,891 : INFO : EventManager : Event: ======'balldevice_bd_trough_ejecting_ball'====== Args={'balls': 1, 'target': <ball_device.bd_plunger>, 'source': <ball_device.bd_trough>, 'mechanical_eject': True, 'num_attempts': 2}
2024-05-14 14:46:25,891 : INFO : ball_device.bd_trough : Wait for ball to leave device
2024-05-14 14:46:25,891 : INFO : coil.c_trough_eject_coil : Pulsing Driver for 15ms (1.0 pulse_power)
2024-05-14 14:46:27,673 : INFO : Machine : Shutting down...
2024-05-14 14:46:27,673 : INFO : EventManager : Event: ======'shutdown'====== Args={}
2024-05-14 14:46:27,680 : INFO : EventManager : Event: ======'mode_game_will_stop'====== Args={}
2024-05-14 14:46:27,681 : INFO : EventManager : Event: ======'mode_game_stopping'====== Args={}
2024-05-14 14:46:27,681 : INFO : EventManager : Event: ======'mode_base_will_stop'====== Args={}
2024-05-14 14:46:27,681 : INFO : EventManager : Event: ======'mode_base_stopping'====== Args={}
2024-05-14 14:46:27,681 : INFO : Mode.base : Stopped.
2024-05-14 14:46:27,682 : INFO : EventManager : Event: ======'modes_active_modes_changed'====== Args={}
2024-05-14 14:46:27,682 : INFO : EventManager : Event: ======'mode_base_stopped'====== Args={}
2024-05-14 14:46:27,682 : INFO : EventManager : Event: ======'clear'====== Args={'key': 'base'}
2024-05-14 14:46:27,682 : INFO : Mode.game : Stopped.
2024-05-14 14:46:27,682 : INFO : EventManager : Event: ======'modes_active_modes_changed'====== Args={}
2024-05-14 14:46:27,682 : INFO : EventManager : Event: ======'mode_game_stopped'====== Args={}
2024-05-14 14:46:27,682 : INFO : EventManager : Event: ======'clear'====== Args={'key': 'game'}
2024-05-14 14:46:27,684 : INFO : root : MPF run loop ended.
