2024-09-08 23:04:56,097 : INFO : root : Loading config.
2024-09-08 23:04:56,143 : INFO : YamlMultifileConfigLoader : Machine config file #1: config.yaml
2024-09-08 23:04:56,145 : WARNING : ConfigProcessor : Config file in cache changed: C:\Users\Administrator\Documents\fast_homebrew_godot\config\config.yaml
2024-09-08 23:04:56,172 : INFO : ConfigProcessor : Loading config from file C:\Users\Administrator\AppData\Local\Programs\Python\Python310\lib\site-packages\mpf\mpfconfig.yaml.
2024-09-08 23:04:56,173 : DEBUG : YAML File Interface : Loading file: C:\Users\Administrator\AppData\Local\Programs\Python\Python310\lib\site-packages\mpf\mpfconfig.yaml
2024-09-08 23:04:56,394 : INFO : ConfigProcessor : Loading config: C:\Users\Administrator\AppData\Local\Programs\Python\Python310\lib\site-packages\mpf\mpfconfig.yaml
2024-09-08 23:04:56,395 : INFO : ConfigProcessor : Loading config from file C:\Users\Administrator\Documents\fast_homebrew_godot\config\config.yaml.
2024-09-08 23:04:56,408 : DEBUG : YAML File Interface : Loading file: C:\Users\Administrator\Documents\fast_homebrew_godot\config\config.yaml
2024-09-08 23:04:56,439 : INFO : ConfigProcessor : Loading config: C:\Users\Administrator\Documents\fast_homebrew_godot\config\config.yaml
2024-09-08 23:04:56,440 : DEBUG : YAML File Interface : Loading file: C:\Users\Administrator\Documents\fast_homebrew_godot\config\lights.yaml
2024-09-08 23:04:56,453 : INFO : ConfigProcessor : Loading config: C:\Users\Administrator\Documents\fast_homebrew_godot\config\lights.yaml
2024-09-08 23:04:56,454 : DEBUG : YAML File Interface : Loading file: C:\Users\Administrator\Documents\fast_homebrew_godot\config\coils.yaml
2024-09-08 23:04:56,455 : INFO : ConfigProcessor : Loading config: C:\Users\Administrator\Documents\fast_homebrew_godot\config\coils.yaml
2024-09-08 23:04:56,484 : DEBUG : YAML File Interface : Loading file: C:\Users\Administrator\Documents\fast_homebrew_godot\config\switches.yaml
2024-09-08 23:04:56,497 : INFO : ConfigProcessor : Loading config: C:\Users\Administrator\Documents\fast_homebrew_godot\config\switches.yaml
2024-09-08 23:04:56,498 : DEBUG : YAML File Interface : Loading file: C:\Users\Administrator\Documents\fast_homebrew_godot\config\sounds.yaml
2024-09-08 23:04:56,500 : DEBUG : YAML File Interface : Loading file: C:\Users\Administrator\Documents\fast_homebrew_godot\config\images.yaml
2024-09-08 23:04:56,502 : INFO : ConfigProcessor : Loading config: C:\Users\Administrator\Documents\fast_homebrew_godot\config\images.yaml
2024-09-08 23:04:56,530 : DEBUG : YAML File Interface : Loading file: C:\Users\Administrator\Documents\fast_homebrew_godot\config\videos.yaml
2024-09-08 23:04:56,531 : INFO : ConfigProcessor : Loading config: C:\Users\Administrator\Documents\fast_homebrew_godot\config\videos.yaml
2024-09-08 23:04:56,546 : INFO : ConfigProcessor : Config file cache created: C:\Users\ADMINI~1\AppData\Local\Temp\d1d13b71f03ff6cb7b42d9c6bb8e160f.mpf_cache
2024-09-08 23:04:57,571 : DEBUG : YamlMultifileConfigLoader : Loading mode attract from C:\Users\Administrator\AppData\Local\Programs\Python\Python310\lib\site-packages\mpf\modes\attract\config\attract.yaml
2024-09-08 23:04:57,571 : DEBUG : YamlMultifileConfigLoader : Loading mode attract from C:\Users\Administrator\AppData\Local\Programs\Python\Python310\lib\site-packages\mpf\modes\attract\config\attract.yaml
2024-09-08 23:04:57,573 : INFO : ConfigProcessor : Loading config from cache: C:\Users\ADMINI~1\AppData\Local\Temp\baa68abd602a2a90f66edd8e37c874c7.mpf_cache
2024-09-08 23:04:57,602 : DEBUG : YamlMultifileConfigLoader : Loading mode game from C:\Users\Administrator\AppData\Local\Programs\Python\Python310\lib\site-packages\mpf\modes\game\config\game.yaml
2024-09-08 23:04:57,615 : INFO : ConfigProcessor : Loading config from cache: C:\Users\ADMINI~1\AppData\Local\Temp\f48eab4eba32ca9097b4976f8036bfbf.mpf_cache
2024-09-08 23:04:57,616 : DEBUG : YamlMultifileConfigLoader : Loading mode base from C:\Users\Administrator\AppData\Local\Programs\Python\Python310\lib\site-packages\mpf\modes\base\config\base.yaml
2024-09-08 23:04:57,617 : INFO : ConfigProcessor : Loading config from cache: C:\Users\ADMINI~1\AppData\Local\Temp\20d8a08f313923c863e280a74de3cd75.mpf_cache
2024-09-08 23:04:57,646 : DEBUG : YamlMultifileConfigLoader : Loading mode attract from C:\Users\Administrator\AppData\Local\Programs\Python\Python310\lib\site-packages\mpf\modes\attract\config\attract.yaml
2024-09-08 23:04:57,647 : DEBUG : YamlMultifileConfigLoader : Loading mode attract from C:\Users\Administrator\AppData\Local\Programs\Python\Python310\lib\site-packages\mpf\modes\attract\config\attract.yaml
2024-09-08 23:04:57,647 : INFO : ConfigProcessor : Loading config from cache: C:\Users\ADMINI~1\AppData\Local\Temp\baa68abd602a2a90f66edd8e37c874c7.mpf_cache
2024-09-08 23:04:57,663 : INFO : Machine : Mission Pinball Framework Core Engine v0.80.0.dev4
2024-09-08 23:04:57,663 : INFO : Machine : Command line arguments: {'no_load_cache': False, 'create_config_cache': True, 'bcp': True, 'configfile': ['config.yaml'], 'force_assets_load': False, 'platform_integration_test': False, 'jsonlogging': False, 'logfile': 'logs\\2024-09-08-23-04-56-mpf-WIN-0MLVBKI9D6P.log', 'pause': False, 'production': False, 'text_ui': True, 'loglevel': 10, 'consoleloglevel': 10, 'force_platform': None, 'syslog_address': None, 'mc_file_name': None, 'no_sound': False, 'full_logfile_path': 'C:\\Users\\Administrator\\Documents\\fast_homebrew_godot\\logs\\2024-09-08-23-04-56-mpf-WIN-0MLVBKI9D6P.log'}
2024-09-08 23:04:57,664 : INFO : Machine : MPF path: C:\Users\Administrator\AppData\Local\Programs\Python\Python310\lib\site-packages\mpf
2024-09-08 23:04:57,664 : INFO : Machine : Machine path: C:\Users\Administrator\Documents\fast_homebrew_godot
2024-09-08 23:04:57,664 : INFO : Machine : Platform: win32
2024-09-08 23:04:57,665 : INFO : Machine : Python executable location: C:\Users\Administrator\AppData\Local\Programs\Python\Python310\python.exe
2024-09-08 23:04:57,691 : INFO : Machine : Python version: 3.10.11 (64-bit)
2024-09-08 23:04:57,706 : DEBUG : asyncio : Using proactor: IocpProactor
2024-09-08 23:04:57,709 : INFO : Machine : Initializing MPF...
2024-09-08 23:04:58,472 : DEBUG : asciimatics.widgets.layout : Updating: None
2024-09-08 23:04:58,472 : DEBUG : asciimatics.widgets.layout : Updating: None
2024-09-08 23:04:58,473 : DEBUG : asciimatics.widgets.layout : Updating: None
2024-09-08 23:04:58,473 : DEBUG : asciimatics.widgets.layout : Updating: None
2024-09-08 23:04:58,473 : DEBUG : asciimatics.widgets.layout : Updating: None
2024-09-08 23:04:58,473 : DEBUG : asciimatics.widgets.layout : Updating: None
2024-09-08 23:04:58,473 : DEBUG : asciimatics.widgets.layout : Updating: None
2024-09-08 23:04:58,473 : DEBUG : asciimatics.widgets.layout : Updating: None
2024-09-08 23:04:58,473 : DEBUG : asciimatics.widgets.layout : Updating: None
2024-09-08 23:04:58,474 : DEBUG : asciimatics.widgets.layout : Updating: None
2024-09-08 23:04:58,475 : DEBUG : asciimatics.widgets.layout : Updating: None
2024-09-08 23:04:58,475 : DEBUG : asciimatics.widgets.layout : Updating: None
2024-09-08 23:04:58,507 : DEBUG : asciimatics.widgets.widget : Widget blur: <asciimatics.widgets.label.Label object at 0x0000027A294FD490>
2024-09-08 23:04:58,507 : DEBUG : asciimatics.widgets.widget : Widget blur: <asciimatics.widgets.label.Label object at 0x0000027A2908B6B0>
2024-09-08 23:04:58,507 : DEBUG : asciimatics.widgets.widget : Widget blur: <asciimatics.widgets.label.Label object at 0x0000027A2908B5E0>
2024-09-08 23:04:58,507 : DEBUG : asciimatics.widgets.layout : Blur: <asciimatics.widgets.layout.Layout object at 0x0000027A29802B00>
2024-09-08 23:04:58,507 : DEBUG : asciimatics.widgets.layout : Blur: <mpf.core.text_ui.MpfLayout object at 0x0000027A2980CF20>
2024-09-08 23:04:58,508 : DEBUG : asciimatics.widgets.layout : Updating: None
2024-09-08 23:04:58,508 : DEBUG : asciimatics.widgets.layout : Updating: None
2024-09-08 23:04:58,508 : DEBUG : asciimatics.widgets.layout : Updating: None
2024-09-08 23:04:58,508 : DEBUG : asciimatics.widgets.layout : Updating: None
2024-09-08 23:04:58,508 : DEBUG : asciimatics.widgets.layout : Updating: None
2024-09-08 23:04:58,508 : DEBUG : asciimatics.widgets.layout : Updating: None
2024-09-08 23:04:58,521 : DEBUG : asciimatics.widgets.widget : Widget blur: <asciimatics.widgets.label.Label object at 0x0000027A29759A40>
2024-09-08 23:04:58,521 : DEBUG : asciimatics.widgets.widget : Widget blur: <asciimatics.widgets.label.Label object at 0x0000027A29759970>
2024-09-08 23:04:58,521 : DEBUG : asciimatics.widgets.widget : Widget blur: <asciimatics.widgets.label.Label object at 0x0000027A29759B10>
2024-09-08 23:04:58,521 : DEBUG : asciimatics.widgets.widget : Widget blur: <asciimatics.widgets.label.Label object at 0x0000027A297598A0>
2024-09-08 23:04:58,521 : DEBUG : asciimatics.widgets.widget : Widget blur: <asciimatics.widgets.label.Label object at 0x0000027A29759630>
2024-09-08 23:04:58,521 : DEBUG : asciimatics.widgets.widget : Widget blur: <asciimatics.widgets.label.Label object at 0x0000027A297597D0>
2024-09-08 23:04:58,521 : DEBUG : asciimatics.widgets.layout : Blur: <asciimatics.widgets.layout.Layout object at 0x0000027A29802BC0>
2024-09-08 23:04:58,521 : DEBUG : asciimatics.widgets.layout : Focus: <asciimatics.widgets.layout.Layout object at 0x0000027A29802B00>
2024-09-08 23:04:58,522 : DEBUG : asciimatics.widgets.layout : Focus: <mpf.core.text_ui.MpfLayout object at 0x0000027A2980CF20>
2024-09-08 23:04:58,522 : DEBUG : asciimatics.widgets.layout : Focus: <asciimatics.widgets.layout.Layout object at 0x0000027A29802BC0>
2024-09-08 23:04:58,522 : DEBUG : asciimatics.widgets.frame : Cloning: Test
2024-09-08 23:04:58,522 : DEBUG : asciimatics.widgets.layout : Updating: None
2024-09-08 23:04:58,522 : DEBUG : asciimatics.widgets.layout : Updating: None
2024-09-08 23:04:58,522 : DEBUG : asciimatics.widgets.layout : Updating: None
2024-09-08 23:04:58,523 : DEBUG : asciimatics.widgets.layout : Updating: None
2024-09-08 23:04:58,523 : DEBUG : asciimatics.widgets.layout : Updating: None
2024-09-08 23:04:58,523 : DEBUG : asciimatics.widgets.layout : Updating: None
2024-09-08 23:04:58,523 : DEBUG : asciimatics.widgets.layout : Updating: None
2024-09-08 23:04:58,523 : DEBUG : asciimatics.widgets.layout : Updating: None
2024-09-08 23:04:58,523 : DEBUG : asciimatics.widgets.layout : Updating: None
2024-09-08 23:04:58,523 : DEBUG : asciimatics.widgets.layout : Updating: None
2024-09-08 23:04:58,523 : DEBUG : asciimatics.widgets.layout : Updating: None
2024-09-08 23:04:58,524 : DEBUG : asciimatics.widgets.layout : Updating: None
2024-09-08 23:04:58,524 : DEBUG : asciimatics.widgets.layout : Updating: None
2024-09-08 23:04:58,524 : DEBUG : asciimatics.widgets.layout : Updating: None
2024-09-08 23:04:58,524 : DEBUG : asciimatics.widgets.layout : Updating: None
2024-09-08 23:04:58,524 : DEBUG : asciimatics.widgets.layout : Updating: None
2024-09-08 23:04:58,553 : DEBUG : asciimatics.widgets.layout : Updating: None
2024-09-08 23:04:58,553 : DEBUG : asciimatics.widgets.layout : Updating: None
2024-09-08 23:04:58,569 : DEBUG : asciimatics.screen : Processing key: d
2024-09-08 23:04:58,605 : DEBUG : asciimatics.screen : Processing key: 0
2024-09-08 23:04:58,605 : DEBUG : asciimatics.widgets.frame : New event: KeyboardEvent: -204
2024-09-08 23:04:58,605 : DEBUG : asciimatics.screen : Processing key: 0
2024-09-08 23:04:58,605 : DEBUG : asciimatics.screen : Processing key: 0
2024-09-08 23:04:58,605 : DEBUG : asciimatics.widgets.frame : New event: KeyboardEvent: -204
2024-09-08 23:04:58,605 : DEBUG : asciimatics.screen : Processing key: 0
2024-09-08 23:04:58,606 : DEBUG : asciimatics.screen : Processing key: d
2024-09-08 23:04:58,606 : DEBUG : asciimatics.widgets.frame : New event: KeyboardEvent: 13
2024-09-08 23:04:58,606 : DEBUG : asciimatics.screen : Processing key: d
2024-09-08 23:04:58,606 : DEBUG : asciimatics.screen : Processing mouse: 98, 12
2024-09-08 23:04:58,606 : DEBUG : asciimatics.widgets.frame : New event: MouseEvent (98, 12) 0
2024-09-08 23:05:00,493 : INFO : FAST : Auto-detecting ports for the following connections: ['net']
2024-09-08 23:05:00,635 : DEBUG : FAST : Port COM3 is connected to a FAST Neuron Controller.
2024-09-08 23:05:00,636 : DEBUG : FAST : Port COM4 is connected to a FAST Neuron Controller.
2024-09-08 23:05:00,636 : DEBUG : FAST : Port COM5 is connected to a FAST Neuron Controller.
2024-09-08 23:05:00,735 : DEBUG : asciimatics.screen : Processing mouse: 94, 15
2024-09-08 23:05:00,736 : DEBUG : asciimatics.widgets.frame : New event: MouseEvent (94, 15) 0
2024-09-08 23:05:00,736 : DEBUG : asciimatics.screen : Processing mouse: 94, 15
2024-09-08 23:05:00,736 : DEBUG : asciimatics.widgets.frame : New event: MouseEvent (94, 15) 0
2024-09-08 23:05:00,736 : DEBUG : asciimatics.screen : Processing mouse: 76, 22
2024-09-08 23:05:00,736 : DEBUG : asciimatics.widgets.frame : New event: MouseEvent (76, 22) 0
2024-09-08 23:05:00,832 : INFO : FAST : Detected NET on port COM5
2024-09-08 23:05:00,970 : INFO : FAST [NET] : Trying to connect to COM5 at 921600bps
2024-09-08 23:05:01,003 : INFO : FAST [NET] : Connected to COM5 at 921600bps
2024-09-08 23:05:01,046 : INFO : FAST [NET] : Connected to FP-CPU-2000 with firmware v02.13
2024-09-08 23:05:01,062 : INFO : FAST [NET] : Registered I/O Board 0: Model: FP-I/O-0804, Firmware: 01.10, Switches: 8, Drivers: 4
2024-09-08 23:05:01,092 : INFO : FAST [NET] : Registered I/O Board 1: Model: FP-I/O-3208, Firmware: 01.10, Switches: 32, Drivers: 8
2024-09-08 23:05:01,106 : INFO : FAST [NET] : Registered I/O Board 2: Model: FP-I/O-1616, Firmware: 01.10, Switches: 16, Drivers: 16
2024-09-08 23:05:01,107 : INFO : EventManager : Event: ======'machine_var_credits_string'====== Args={'value': 'FREE PLAY', 'prev_value': None, 'change': True}
2024-09-08 23:05:01,420 : DEBUG : YAML File Interface : Loading file: C:\Users\Administrator\Documents\fast_homebrew_godot\data/machine_vars.yaml
2024-09-08 23:05:01,422 : INFO : EventManager : Event: ======'machine_var_master_volume'====== Args={'value': 0.5, 'prev_value': None, 'change': True}
2024-09-08 23:05:01,422 : INFO : EventManager : Event: ======'machine_var_mpf_version'====== Args={'value': 'Mission Pinball Framework v0.80.0.dev4', 'prev_value': None, 'change': True}
2024-09-08 23:05:01,422 : INFO : EventManager : Event: ======'machine_var_mpf_extended_version'====== Args={'value': 'Mission Pinball Framework v0.80.0.dev4, Config version:6, Show version: 6, BCP version:1.1', 'prev_value': None, 'change': True}
2024-09-08 23:05:01,422 : INFO : EventManager : Event: ======'machine_var_python_version'====== Args={'value': '3.10.11', 'prev_value': None, 'change': True}
2024-09-08 23:05:01,695 : INFO : EventManager : Event: ======'machine_var_platform'====== Args={'value': 'Windows-10-10.0.22631-SP0', 'prev_value': None, 'change': True}
2024-09-08 23:05:01,696 : INFO : EventManager : Event: ======'machine_var_platform_system'====== Args={'value': 'Windows', 'prev_value': None, 'change': True}
2024-09-08 23:05:01,696 : INFO : EventManager : Event: ======'machine_var_platform_release'====== Args={'value': '10', 'prev_value': None, 'change': True}
2024-09-08 23:05:01,696 : INFO : EventManager : Event: ======'machine_var_platform_version'====== Args={'value': '10.0.22631', 'prev_value': None, 'change': True}
2024-09-08 23:05:01,696 : INFO : EventManager : Event: ======'machine_var_platform_machine'====== Args={'value': 'AMD64', 'prev_value': None, 'change': True}
2024-09-08 23:05:01,696 : INFO : EventManager : Event: ======'machine_var_log_file_path'====== Args={'value': 'C:\\Users\\Administrator\\Documents\\fast_homebrew_godot\\logs\\2024-09-08-23-04-56-mpf-WIN-0MLVBKI9D6P.log', 'prev_value': None, 'change': True}
2024-09-08 23:05:01,697 : INFO : EventManager : Event: ======'init_phase_1'====== Args={}
2024-09-08 23:05:01,715 : DEBUG : ModeController : Loaded mode attract
2024-09-08 23:05:01,716 : DEBUG : ModeController : Loaded mode base
2024-09-08 23:05:01,720 : DEBUG : ModeController : Loaded mode game
2024-09-08 23:05:01,725 : DEBUG : stepper.right_flipper_stepper : Configuring device with settings: '{'number': '00414729', 'homing_mode': 'switch', 'homing_switch': <switch.s_right_home>, 'homing_direction': 'clockwise', 'reset_position': 0, 'reset_events': {'ball_starting': 0, 'ball_will_end': 0, 'mode_attract_started': 0}, 'debug': True, 'pos_min': -15, 'pos_max': 100, 'named_positions': {45.0: 'right_full', -11.0: 'right_rest', -10.0: 'right_home'}, 'platform_settings': {'current_limit': 2500}, 'label': '%', 'tags': [], 'console_log': 'full', 'file_log': 'full', 'home_events': {}, 'ball_search_min': 0, 'ball_search_max': 1, 'ball_search_wait': 5000, 'include_in_ball_search': True, 'relative_positions': {}, 'platform': None}'
2024-09-08 23:05:01,725 : DEBUG : stepper.right_flipper_stepper : Configuring device with settings: '{'number': '00414729', 'homing_mode': 'switch', 'homing_switch': <switch.s_right_home>, 'homing_direction': 'clockwise', 'reset_position': 0, 'reset_events': {'ball_starting': 0, 'ball_will_end': 0, 'mode_attract_started': 0}, 'debug': True, 'pos_min': -15, 'pos_max': 100, 'named_positions': {45.0: 'right_full', -11.0: 'right_rest', -10.0: 'right_home'}, 'platform_settings': {'current_limit': 2500, 'max_speed': 2000000, 'starting_speed': 0, 'max_acceleration': 40000, 'max_deceleration': 40000, 'step_mode': 1, 'poll_ms': 100}, 'label': '%', 'tags': [], 'console_log': 'full', 'file_log': 'full', 'home_events': {}, 'ball_search_min': 0, 'ball_search_max': 1, 'ball_search_wait': 5000, 'include_in_ball_search': True, 'relative_positions': {}, 'platform': None}'
2024-09-08 23:05:01,729 : DEBUG : TIC Stepper : Configuring Stepper Parameters.
2024-09-08 23:05:01,730 : DEBUG : asyncio : Using proactor: IocpProactor
2024-09-08 23:05:01,790 : DEBUG : TIC Stepper : Looking for TIC Device with serial number 00414729.
2024-09-08 23:05:01,915 : DEBUG : TIC Stepper : get_status() received cmd_return: b'Name:                         Tic 36v4 High-Power Stepper Motor Controller\r\nSerial number:                00414729\r\nFirmware version:             1.08\r\nLast reset:                   Power-on reset\r\nUp time:                      10:04:38\r\n\r\nEncoder position:             0\r\nRC pulse width:               N/A\r\nInput state:                  Halt\r\nInput after averaging:        N/A\r\nInput after hysteresis:       N/A\r\nInput before scaling:         N/A\r\nInput after scaling:          0\r\nForward limit active:         No\r\nReverse limit active:         No\r\n\r\nVIN voltage:                  46.462 V\r\nOperation state:              De-energized\r\nEnergized:                    No\r\nHoming active:                No\r\n\r\nTarget:                       No target\r\nCurrent position:             0\r\nPosition uncertain:           Yes\r\nCurrent velocity:             0\r\nMax speed:                    2000000\r\nStarting speed:               0\r\nMax acceleration:             40000\r\nMax deceleration:             40000\r\nActing target position:       0\r\nTime since last step:         105000\r\nStep mode:                    Full step\r\nCurrent limit:                2435 mA\r\n\r\nErrors currently stopping the motor:\r\n  - Intentionally de-energized\r\n  - Command timeout\r\n  - Safe start violation\r\nErrors that occurred since last check:\r\n  - Intentionally de-energized\r\n  - Command timeout\r\n  - Safe start violation\r\nLast motor driver errors: None\r\n\r\nSCL pin:\r\n  State:                      Output low\r\n  Analog reading:             N/A\r\n  Digital reading:            1\r\nSDA pin:\r\n  State:                      Output low\r\n  Analog reading:             N/A\r\n  Digital reading:            1\r\nTX pin:\r\n  State:                      Output high\r\n  Analog reading:             N/A\r\n  Digital reading:            1\r\nRX pin:\r\n  State:                      Pulled up\r\n  Analog reading:             N/A\r\n  Digital reading:            1\r\nRC pin:\r\n  Digital reading:            0\r\n\r\n'
2024-09-08 23:05:01,918 : DEBUG : TIC Stepper : TIC Status: 
2024-09-08 23:05:01,918 : DEBUG : TIC Stepper : {'Name': 'Tic 36v4 High-Power Stepper Motor Controller', 'Serial number': 414729, 'Firmware version': 1.08, 'Last reset': 'Power-on reset', 'Up time': '10:04:38', 'Encoder position': 0, 'RC pulse width': 'N/A', 'Input state': 'Halt', 'Input after averaging': 'N/A', 'Input after hysteresis': 'N/A', 'Input before scaling': 'N/A', 'Input after scaling': 0, 'Forward limit active': 'No', 'Reverse limit active': 'No', 'VIN voltage': '46.462 V', 'Operation state': 'De-energized', 'Energized': 'No', 'Homing active': 'No', 'Target': 'No target', 'Current position': 0, 'Position uncertain': 'Yes', 'Current velocity': 0, 'Max speed': 2000000, 'Starting speed': 0, 'Max acceleration': 40000, 'Max deceleration': 40000, 'Acting target position': 0, 'Time since last step': 105000, 'Step mode': 'Full step', 'Current limit': '2435 mA', 'Errors currently stopping the motor': ['Intentionally de-energized', 'Command timeout', 'Safe start violation'], 'Errors that occurred since last check': ['Intentionally de-energized', 'Command timeout', 'Safe start violation'], 'Last motor driver errors': 'None', 'SCL pin': {'State': 'Output low', 'Analog reading': 'N/A', 'Digital reading': 1}, 'SDA pin': {'State': 'Output low', 'Analog reading': 'N/A', 'Digital reading': 1}, 'TX pin': {'State': 'Output high', 'Analog reading': 'N/A', 'Digital reading': 1}, 'RX pin': {'State': 'Pulled up', 'Analog reading': 'N/A', 'Digital reading': 1}, 'RC pin': {'Digital reading': 0}}
2024-09-08 23:05:04,351 : DEBUG : TIC Stepper : get_status() received cmd_return: b'Name:                         Tic 36v4 High-Power Stepper Motor Controller\r\nSerial number:                00414729\r\nFirmware version:             1.08\r\nLast reset:                   Power-on reset\r\nUp time:                      10:04:40\r\n\r\nEncoder position:             0\r\nRC pulse width:               N/A\r\nInput state:                  Halt\r\nInput after averaging:        N/A\r\nInput after hysteresis:       N/A\r\nInput before scaling:         N/A\r\nInput after scaling:          0\r\nForward limit active:         No\r\nReverse limit active:         No\r\n\r\nVIN voltage:                  46.659 V\r\nOperation state:              Soft error\r\nEnergized:                    No\r\nHoming active:                No\r\n\r\nTarget:                       No target\r\nCurrent position:             0\r\nPosition uncertain:           Yes\r\nCurrent velocity:             0\r\nMax speed:                    2000000\r\nStarting speed:               0\r\nMax acceleration:             40000\r\nMax deceleration:             40000\r\nActing target position:       0\r\nTime since last step:         1965000\r\nStep mode:                    Full step\r\nCurrent limit:                2435 mA\r\n\r\nErrors currently stopping the motor:\r\n  - Safe start violation\r\nErrors that occurred since last check:\r\n  - Command timeout\r\n  - Safe start violation\r\nLast motor driver errors: None\r\n\r\nSCL pin:\r\n  State:                      Output low\r\n  Analog reading:             N/A\r\n  Digital reading:            1\r\nSDA pin:\r\n  State:                      Output low\r\n  Analog reading:             N/A\r\n  Digital reading:            1\r\nTX pin:\r\n  State:                      Output high\r\n  Analog reading:             N/A\r\n  Digital reading:            1\r\nRX pin:\r\n  State:                      Pulled up\r\n  Analog reading:             N/A\r\n  Digital reading:            1\r\nRC pin:\r\n  Digital reading:            0\r\n\r\n'
2024-09-08 23:05:04,888 : DEBUG : TIC Stepper : get_status() received cmd_return: b'Name:                         Tic 36v4 High-Power Stepper Motor Controller\r\nSerial number:                00414729\r\nFirmware version:             1.08\r\nLast reset:                   Power-on reset\r\nUp time:                      10:04:40\r\n\r\nEncoder position:             0\r\nRC pulse width:               N/A\r\nInput state:                  Halt\r\nInput after averaging:        N/A\r\nInput after hysteresis:       N/A\r\nInput before scaling:         N/A\r\nInput after scaling:          0\r\nForward limit active:         No\r\nReverse limit active:         No\r\n\r\nVIN voltage:                  46.528 V\r\nOperation state:              Soft error\r\nEnergized:                    No\r\nHoming active:                No\r\n\r\nTarget:                       No target\r\nCurrent position:             0\r\nPosition uncertain:           Yes\r\nCurrent velocity:             0\r\nMax speed:                    2000000\r\nStarting speed:               0\r\nMax acceleration:             40000\r\nMax deceleration:             40000\r\nActing target position:       0\r\nTime since last step:         3630000\r\nStep mode:                    Full step\r\nCurrent limit:                2435 mA\r\n\r\nErrors currently stopping the motor:\r\n  - Safe start violation\r\nErrors that occurred since last check:\r\n  - Safe start violation\r\nLast motor driver errors: None\r\n\r\nSCL pin:\r\n  State:                      Output low\r\n  Analog reading:             N/A\r\n  Digital reading:            1\r\nSDA pin:\r\n  State:                      Output low\r\n  Analog reading:             N/A\r\n  Digital reading:            1\r\nTX pin:\r\n  State:                      Output high\r\n  Analog reading:             N/A\r\n  Digital reading:            1\r\nRX pin:\r\n  State:                      Pulled up\r\n  Analog reading:             N/A\r\n  Digital reading:            1\r\nRC pin:\r\n  Digital reading:            0\r\n\r\n'
2024-09-08 23:05:05,179 : DEBUG : TIC Stepper : get_status() received cmd_return: b'Name:                         Tic 36v4 High-Power Stepper Motor Controller\r\nSerial number:                00414729\r\nFirmware version:             1.08\r\nLast reset:                   Power-on reset\r\nUp time:                      10:04:41\r\n\r\nEncoder position:             0\r\nRC pulse width:               N/A\r\nInput state:                  Halt\r\nInput after averaging:        N/A\r\nInput after hysteresis:       N/A\r\nInput before scaling:         N/A\r\nInput after scaling:          0\r\nForward limit active:         No\r\nReverse limit active:         No\r\n\r\nVIN voltage:                  47.381 V\r\nOperation state:              Soft error\r\nEnergized:                    No\r\nHoming active:                No\r\n\r\nTarget:                       No target\r\nCurrent position:             0\r\nPosition uncertain:           Yes\r\nCurrent velocity:             0\r\nMax speed:                    2000000\r\nStarting speed:               0\r\nMax acceleration:             40000\r\nMax deceleration:             40000\r\nActing target position:       0\r\nTime since last step:         5070000\r\nStep mode:                    Full step\r\nCurrent limit:                2435 mA\r\n\r\nErrors currently stopping the motor:\r\n  - Safe start violation\r\nErrors that occurred since last check:\r\n  - Safe start violation\r\nLast motor driver errors: None\r\n\r\nSCL pin:\r\n  State:                      Output low\r\n  Analog reading:             N/A\r\n  Digital reading:            1\r\nSDA pin:\r\n  State:                      Output low\r\n  Analog reading:             N/A\r\n  Digital reading:            1\r\nTX pin:\r\n  State:                      Output high\r\n  Analog reading:             N/A\r\n  Digital reading:            1\r\nRX pin:\r\n  State:                      Pulled up\r\n  Analog reading:             N/A\r\n  Digital reading:            1\r\nRC pin:\r\n  Digital reading:            0\r\n\r\n'
2024-09-08 23:05:05,324 : DEBUG : TIC Stepper : get_status() received cmd_return: b'Name:                         Tic 36v4 High-Power Stepper Motor Controller\r\nSerial number:                00414729\r\nFirmware version:             1.08\r\nLast reset:                   Power-on reset\r\nUp time:                      10:04:41\r\n\r\nEncoder position:             0\r\nRC pulse width:               N/A\r\nInput state:                  Halt\r\nInput after averaging:        N/A\r\nInput after hysteresis:       N/A\r\nInput before scaling:         N/A\r\nInput after scaling:          0\r\nForward limit active:         No\r\nReverse limit active:         No\r\n\r\nVIN voltage:                  46.462 V\r\nOperation state:              Soft error\r\nEnergized:                    No\r\nHoming active:                No\r\n\r\nTarget:                       No target\r\nCurrent position:             0\r\nPosition uncertain:           Yes\r\nCurrent velocity:             0\r\nMax speed:                    2000000\r\nStarting speed:               0\r\nMax acceleration:             40000\r\nMax deceleration:             40000\r\nActing target position:       0\r\nTime since last step:         5670000\r\nStep mode:                    Full step\r\nCurrent limit:                2435 mA\r\n\r\nErrors currently stopping the motor:\r\n  - Safe start violation\r\nErrors that occurred since last check:\r\n  - Safe start violation\r\nLast motor driver errors: None\r\n\r\nSCL pin:\r\n  State:                      Output low\r\n  Analog reading:             N/A\r\n  Digital reading:            1\r\nSDA pin:\r\n  State:                      Output low\r\n  Analog reading:             N/A\r\n  Digital reading:            1\r\nTX pin:\r\n  State:                      Output high\r\n  Analog reading:             N/A\r\n  Digital reading:            1\r\nRX pin:\r\n  State:                      Pulled up\r\n  Analog reading:             N/A\r\n  Digital reading:            1\r\nRC pin:\r\n  Digital reading:            0\r\n\r\n'
2024-09-08 23:05:05,370 : WARNING : Machine : Iterating device collections directly is deprecated and will be removed. Access by value(): device_collections[switches] -> device_collections['switches'].values()
2024-09-08 23:05:05,370 : INFO : SwitchController : <<<<<<< 's_right_home' active >>>>>>>
2024-09-08 23:05:05,372 : INFO : EventManager : Event: ======'init_phase_2'====== Args={}
2024-09-08 23:05:05,373 : INFO : SwitchController : Found active switch: (29, [FAST Platform Interface]) <switch.s_right_home>
2024-09-08 23:05:05,375 : INFO : EventManager : Event: ======'bcp_connection_attempt'====== Args={'name': 'local_display', 'host': 'localhost', 'port': 5050}
2024-09-08 23:05:05,377 : DEBUG : asciimatics.widgets.layout : Updating: message
2024-09-08 23:05:05,377 : DEBUG : asciimatics.widgets.layout : Updating: message
2024-09-08 23:05:05,377 : DEBUG : asciimatics.widgets.widget : Widget blur: <asciimatics.widgets.textbox.TextBox object at 0x0000027A292D39A0>
2024-09-08 23:05:05,378 : DEBUG : asciimatics.widgets.layout : Blur: <asciimatics.widgets.layout.Layout object at 0x0000027A29963760>
2024-09-08 23:05:05,378 : DEBUG : asciimatics.widgets.layout : Blur: <asciimatics.widgets.layout.Layout object at 0x0000027A29963820>
2024-09-08 23:05:05,378 : DEBUG : asciimatics.widgets.layout : Focus: <asciimatics.widgets.layout.Layout object at 0x0000027A29963760>
2024-09-08 23:05:05,378 : DEBUG : asciimatics.widgets.layout : Focus: <asciimatics.widgets.layout.Layout object at 0x0000027A29963820>
2024-09-08 23:05:05,378 : INFO : BCPClientSocket : Connecting BCP to 'local_display' at localhost:5050...
2024-09-08 23:05:05,748 : INFO : BCPClientSocket : Connected BCP to 'local_display' localhost:5050
2024-09-08 23:05:05,750 : INFO : EventManager : Event: ======'bcp_clients_connected'====== Args={}
2024-09-08 23:05:05,797 : DEBUG : asciimatics.widgets.layout : Updating: None
2024-09-08 23:05:05,797 : DEBUG : asciimatics.widgets.layout : Updating: None
2024-09-08 23:05:05,798 : DEBUG : asciimatics.widgets.layout : Updating: None
2024-09-08 23:05:05,800 : DEBUG : asciimatics.widgets.layout : Updating: None
2024-09-08 23:05:05,800 : DEBUG : asciimatics.widgets.layout : Updating: None
2024-09-08 23:05:05,801 : DEBUG : asciimatics.widgets.layout : Updating: None
2024-09-08 23:05:05,801 : DEBUG : asciimatics.widgets.layout : Updating: None
2024-09-08 23:05:05,801 : DEBUG : asciimatics.widgets.layout : Updating: None
2024-09-08 23:05:05,801 : DEBUG : asciimatics.widgets.layout : Updating: None
2024-09-08 23:05:05,812 : DEBUG : asciimatics.widgets.layout : Updating: None
2024-09-08 23:05:05,812 : DEBUG : asciimatics.widgets.layout : Updating: None
2024-09-08 23:05:05,813 : DEBUG : asciimatics.widgets.layout : Updating: None
2024-09-08 23:05:05,813 : DEBUG : asciimatics.widgets.widget : Widget blur: <asciimatics.widgets.label.Label object at 0x0000027A2975ACF0>
2024-09-08 23:05:05,814 : DEBUG : asciimatics.widgets.widget : Widget blur: <asciimatics.widgets.label.Label object at 0x0000027A2975A8E0>
2024-09-08 23:05:05,814 : DEBUG : asciimatics.widgets.widget : Widget blur: <asciimatics.widgets.label.Label object at 0x0000027A2975BAC0>
2024-09-08 23:05:05,815 : DEBUG : asciimatics.widgets.layout : Blur: <asciimatics.widgets.layout.Layout object at 0x0000027A29995DE0>
2024-09-08 23:05:05,815 : DEBUG : asciimatics.widgets.layout : Blur: <mpf.core.text_ui.MpfLayout object at 0x0000027A2991A3B0>
2024-09-08 23:05:05,815 : DEBUG : asciimatics.widgets.layout : Updating: None
2024-09-08 23:05:05,815 : DEBUG : asciimatics.widgets.layout : Updating: None
2024-09-08 23:05:05,815 : DEBUG : asciimatics.widgets.layout : Updating: None
2024-09-08 23:05:05,815 : DEBUG : asciimatics.widgets.layout : Updating: None
2024-09-08 23:05:05,815 : DEBUG : asciimatics.widgets.layout : Updating: None
2024-09-08 23:05:05,815 : DEBUG : asciimatics.widgets.layout : Updating: None
2024-09-08 23:05:05,815 : DEBUG : asciimatics.widgets.widget : Widget blur: <asciimatics.widgets.label.Label object at 0x0000027A299592F0>
2024-09-08 23:05:05,816 : DEBUG : asciimatics.widgets.widget : Widget blur: <asciimatics.widgets.label.Label object at 0x0000027A29959220>
2024-09-08 23:05:05,816 : DEBUG : asciimatics.widgets.widget : Widget blur: <asciimatics.widgets.label.Label object at 0x0000027A299593C0>
2024-09-08 23:05:05,816 : DEBUG : asciimatics.widgets.widget : Widget blur: <asciimatics.widgets.label.Label object at 0x0000027A29959150>
2024-09-08 23:05:05,816 : DEBUG : asciimatics.widgets.widget : Widget blur: <asciimatics.widgets.label.Label object at 0x0000027A29958790>
2024-09-08 23:05:05,816 : DEBUG : asciimatics.widgets.widget : Widget blur: <asciimatics.widgets.label.Label object at 0x0000027A29959080>
2024-09-08 23:05:05,816 : DEBUG : asciimatics.widgets.layout : Blur: <asciimatics.widgets.layout.Layout object at 0x0000027A29995BA0>
2024-09-08 23:05:05,817 : DEBUG : asciimatics.widgets.layout : Focus: <asciimatics.widgets.layout.Layout object at 0x0000027A29995DE0>
2024-09-08 23:05:05,844 : DEBUG : asciimatics.widgets.layout : Focus: <mpf.core.text_ui.MpfLayout object at 0x0000027A2991A3B0>
2024-09-08 23:05:05,844 : DEBUG : asciimatics.widgets.layout : Focus: <asciimatics.widgets.layout.Layout object at 0x0000027A29995BA0>
2024-09-08 23:05:05,845 : DEBUG : asciimatics.widgets.frame : Cloning: Test
2024-09-08 23:05:05,845 : DEBUG : asciimatics.widgets.layout : Updating: None
2024-09-08 23:05:05,845 : DEBUG : asciimatics.widgets.layout : Updating: None
2024-09-08 23:05:05,845 : DEBUG : asciimatics.widgets.layout : Updating: None
2024-09-08 23:05:05,845 : DEBUG : asciimatics.widgets.layout : Updating: None
2024-09-08 23:05:05,846 : DEBUG : asciimatics.widgets.layout : Updating: None
2024-09-08 23:05:05,846 : DEBUG : asciimatics.widgets.layout : Updating: None
2024-09-08 23:05:05,846 : DEBUG : asciimatics.widgets.layout : Updating: None
2024-09-08 23:05:05,846 : DEBUG : asciimatics.widgets.layout : Updating: None
2024-09-08 23:05:05,846 : DEBUG : asciimatics.widgets.layout : Updating: None
2024-09-08 23:05:05,846 : DEBUG : asciimatics.widgets.layout : Updating: None
2024-09-08 23:05:05,846 : DEBUG : asciimatics.widgets.layout : Updating: None
2024-09-08 23:05:05,846 : DEBUG : asciimatics.widgets.layout : Updating: None
2024-09-08 23:05:05,846 : DEBUG : asciimatics.widgets.layout : Updating: None
2024-09-08 23:05:05,846 : DEBUG : asciimatics.widgets.layout : Updating: None
2024-09-08 23:05:05,847 : DEBUG : asciimatics.widgets.layout : Updating: None
2024-09-08 23:05:05,847 : DEBUG : asciimatics.widgets.layout : Updating: None
2024-09-08 23:05:05,847 : DEBUG : asciimatics.widgets.layout : Updating: None
2024-09-08 23:05:05,847 : DEBUG : asciimatics.widgets.layout : Updating: None
2024-09-08 23:05:07,680 : INFO : ball_device.bd_plunger : BCH: Initial count: 0
2024-09-08 23:05:07,680 : DEBUG : TIC Stepper : get_status() received cmd_return: b'Name:                         Tic 36v4 High-Power Stepper Motor Controller\r\nSerial number:                00414729\r\nFirmware version:             1.08\r\nLast reset:                   Power-on reset\r\nUp time:                      10:04:41\r\n\r\nEncoder position:             0\r\nRC pulse width:               N/A\r\nInput state:                  Halt\r\nInput after averaging:        N/A\r\nInput after hysteresis:       N/A\r\nInput before scaling:         N/A\r\nInput after scaling:          0\r\nForward limit active:         No\r\nReverse limit active:         No\r\n\r\nVIN voltage:                  46.790 V\r\nOperation state:              Soft error\r\nEnergized:                    No\r\nHoming active:                No\r\n\r\nTarget:                       No target\r\nCurrent position:             0\r\nPosition uncertain:           Yes\r\nCurrent velocity:             0\r\nMax speed:                    2000000\r\nStarting speed:               0\r\nMax acceleration:             40000\r\nMax deceleration:             40000\r\nActing target position:       0\r\nTime since last step:         6780000\r\nStep mode:                    Full step\r\nCurrent limit:                2435 mA\r\n\r\nErrors currently stopping the motor:\r\n  - Safe start violation\r\nErrors that occurred since last check:\r\n  - Safe start violation\r\nLast motor driver errors: None\r\n\r\nSCL pin:\r\n  State:                      Output low\r\n  Analog reading:             N/A\r\n  Digital reading:            1\r\nSDA pin:\r\n  State:                      Output low\r\n  Analog reading:             N/A\r\n  Digital reading:            1\r\nTX pin:\r\n  State:                      Output high\r\n  Analog reading:             N/A\r\n  Digital reading:            1\r\nRX pin:\r\n  State:                      Pulled up\r\n  Analog reading:             N/A\r\n  Digital reading:            1\r\nRC pin:\r\n  Digital reading:            0\r\n\r\n'
2024-09-08 23:05:08,181 : INFO : ball_device.bd_plunger : State: idle
2024-09-08 23:05:08,225 : DEBUG : YAML File Interface : Loading file: C:\Users\Administrator\Documents\fast_homebrew_godot\data/audits.yaml
2024-09-08 23:05:08,235 : DEBUG : Machine : "info_lights:" section not found in machine configuration, so the InfoLights will not be used.
2024-09-08 23:05:08,239 : DEBUG : Machine : "switch_player:" section not found in machine configuration, so the SwitchPlayer will not be used.
2024-09-08 23:05:08,311 : DEBUG : Machine : "twitch_client:" section not found in machine configuration, so the TwitchBot will not be used.
2024-09-08 23:05:08,311 : DEBUG : Machine : "virtual_segment_display_connector:" section not found in machine configuration, so the VirtualSegmentDisplayConnector will not be used.
2024-09-08 23:05:08,311 : INFO : EventManager : Event: ======'init_phase_3'====== Args={}
2024-09-08 23:05:08,312 : DEBUG : ShowController : Loading show: flash
2024-09-08 23:05:08,313 : DEBUG : ShowController : Loading show: on
2024-09-08 23:05:08,326 : DEBUG : ShowController : Loading show: off
2024-09-08 23:05:08,327 : DEBUG : ShowController : Loading show: led_color
2024-09-08 23:05:08,328 : DEBUG : ShowController : Loading show: bl_color
2024-09-08 23:05:08,356 : DEBUG : ShowController : Loading show: flash_color
2024-09-08 23:05:08,370 : INFO : stepper.right_flipper_stepper : Initializing stepper and homing.
2024-09-08 23:05:08,370 : INFO : stepper.right_flipper_stepper : Homing stepper using switch homing with switch <switch.s_right_home>.
2024-09-08 23:05:08,370 : DEBUG : TIC Stepper : Rotating By Velocity (velocity * max_speed): 2000000
2024-09-08 23:05:08,371 : DEBUG : TIC Stepper : Commanded To Stop
2024-09-08 23:05:08,371 : DEBUG : TIC Stepper : Setting Position To 0
2024-09-08 23:05:08,372 : INFO : stepper.right_flipper_stepper : Stepper reached home.
2024-09-08 23:05:08,372 : INFO : stepper.right_flipper_stepper : Resting position is now 0. Stepper is ready to move.
2024-09-08 23:05:08,372 : DEBUG : stepper.right_flipper_stepper : Moving the stepper to target position 0, current position 0
2024-09-08 23:05:08,372 : INFO : stepper.right_flipper_stepper : Got command to move (relative) to 0, but already there. Not moving.
2024-09-08 23:05:08,373 : INFO : EventManager : Event: ======'stepper_right_flipper_stepper_ready'====== Args={'position': 0}
2024-09-08 23:05:08,373 : INFO : stepper.right_flipper_stepper : Resting position is now 0. Stepper is ready to move.
2024-09-08 23:05:08,373 : INFO : EventManager : Event: ======'init_phase_4'====== Args={}
2024-09-08 23:05:08,414 : INFO : BallController : Initial balls found: 0
2024-09-08 23:05:08,507 : INFO : EventManager : Event: ======'machine_var_audits_events_game_ended'====== Args={'value': 0, 'prev_value': None, 'change': True}
2024-09-08 23:05:08,508 : INFO : EventManager : Event: ======'machine_var_audits_events_game_started'====== Args={'value': 389, 'prev_value': None, 'change': True}
2024-09-08 23:05:08,509 : INFO : EventManager : Event: ======'machine_var_audits_missing_switches_s_launch'====== Args={'value': 6, 'prev_value': None, 'change': True}
2024-09-08 23:05:08,510 : INFO : EventManager : Event: ======'machine_var_audits_missing_switches_s_left_flipper'====== Args={'value': 363, 'prev_value': None, 'change': True}
2024-09-08 23:05:08,536 : INFO : EventManager : Event: ======'machine_var_audits_missing_switches_s_left_flipper_eos'====== Args={'value': 363, 'prev_value': None, 'change': True}
2024-09-08 23:05:08,537 : INFO : EventManager : Event: ======'machine_var_audits_missing_switches_s_left_inlane'====== Args={'value': 6, 'prev_value': None, 'change': True}
2024-09-08 23:05:08,537 : INFO : EventManager : Event: ======'machine_var_audits_missing_switches_s_left_inner_lane'====== Args={'value': 357, 'prev_value': None, 'change': True}
2024-09-08 23:05:08,537 : INFO : EventManager : Event: ======'machine_var_audits_missing_switches_s_left_outer_lane'====== Args={'value': 153, 'prev_value': None, 'change': True}
2024-09-08 23:05:08,537 : INFO : EventManager : Event: ======'machine_var_audits_missing_switches_s_left_outlane'====== Args={'value': 6, 'prev_value': None, 'change': True}
2024-09-08 23:05:08,538 : INFO : EventManager : Event: ======'machine_var_audits_missing_switches_s_left_sling'====== Args={'value': 363, 'prev_value': None, 'change': True}
2024-09-08 23:05:08,538 : INFO : EventManager : Event: ======'machine_var_audits_missing_switches_s_mead'====== Args={'value': 267, 'prev_value': None, 'change': True}
2024-09-08 23:05:08,538 : INFO : EventManager : Event: ======'machine_var_audits_missing_switches_s_percy'====== Args={'value': 85, 'prev_value': None, 'change': True}
2024-09-08 23:05:08,538 : INFO : EventManager : Event: ======'machine_var_audits_missing_switches_s_plunger'====== Args={'value': 363, 'prev_value': None, 'change': True}
2024-09-08 23:05:08,538 : INFO : EventManager : Event: ======'machine_var_audits_missing_switches_s_pop_bumper_1'====== Args={'value': 357, 'prev_value': None, 'change': True}
2024-09-08 23:05:08,551 : INFO : EventManager : Event: ======'machine_var_audits_missing_switches_s_pop_bumper_2'====== Args={'value': 357, 'prev_value': None, 'change': True}
2024-09-08 23:05:08,551 : INFO : EventManager : Event: ======'machine_var_audits_missing_switches_s_pop_bumper_3'====== Args={'value': 357, 'prev_value': None, 'change': True}
2024-09-08 23:05:08,552 : INFO : EventManager : Event: ======'machine_var_audits_missing_switches_s_right_flipper'====== Args={'value': 363, 'prev_value': None, 'change': True}
2024-09-08 23:05:08,552 : INFO : EventManager : Event: ======'machine_var_audits_missing_switches_s_right_flipper_eos'====== Args={'value': 363, 'prev_value': None, 'change': True}
2024-09-08 23:05:08,552 : INFO : EventManager : Event: ======'machine_var_audits_missing_switches_s_right_inlane'====== Args={'value': 6, 'prev_value': None, 'change': True}
2024-09-08 23:05:08,552 : INFO : EventManager : Event: ======'machine_var_audits_missing_switches_s_right_inner_lane'====== Args={'value': 357, 'prev_value': None, 'change': True}
2024-09-08 23:05:08,552 : INFO : EventManager : Event: ======'machine_var_audits_missing_switches_s_right_outer_lane'====== Args={'value': 357, 'prev_value': None, 'change': True}
2024-09-08 23:05:08,553 : INFO : EventManager : Event: ======'machine_var_audits_missing_switches_s_right_outlane'====== Args={'value': 6, 'prev_value': None, 'change': True}
2024-09-08 23:05:08,553 : INFO : EventManager : Event: ======'machine_var_audits_missing_switches_s_right_sling'====== Args={'value': 363, 'prev_value': None, 'change': True}
2024-09-08 23:05:08,553 : INFO : EventManager : Event: ======'machine_var_audits_missing_switches_s_scanlan'====== Args={'value': 204, 'prev_value': None, 'change': True}
2024-09-08 23:05:08,554 : INFO : EventManager : Event: ======'machine_var_audits_missing_switches_s_start'====== Args={'value': 6, 'prev_value': None, 'change': True}
2024-09-08 23:05:08,554 : INFO : EventManager : Event: ======'machine_var_audits_missing_switches_s_trough_ball_1'====== Args={'value': 363, 'prev_value': None, 'change': True}
2024-09-08 23:05:08,581 : INFO : EventManager : Event: ======'machine_var_audits_missing_switches_s_trough_ball_2'====== Args={'value': 363, 'prev_value': None, 'change': True}
2024-09-08 23:05:08,582 : INFO : EventManager : Event: ======'machine_var_audits_missing_switches_s_trough_ball_3'====== Args={'value': 363, 'prev_value': None, 'change': True}
2024-09-08 23:05:08,582 : INFO : EventManager : Event: ======'machine_var_audits_missing_switches_s_trough_ball_4'====== Args={'value': 278, 'prev_value': None, 'change': True}
2024-09-08 23:05:08,583 : INFO : EventManager : Event: ======'machine_var_audits_missing_switches_s_trough_ball_5'====== Args={'value': 363, 'prev_value': None, 'change': True}
2024-09-08 23:05:08,595 : INFO : EventManager : Event: ======'machine_var_audits_missing_switches_s_trough_ball_6'====== Args={'value': 95, 'prev_value': None, 'change': True}
2024-09-08 23:05:08,596 : INFO : EventManager : Event: ======'machine_var_audits_missing_switches_s_trough_ball_jam'====== Args={'value': 363, 'prev_value': None, 'change': True}
2024-09-08 23:05:08,596 : INFO : EventManager : Event: ======'machine_var_audits_player_score'====== Args={'value': {'average': 0, 'top': [], 'total': 0}, 'prev_value': None, 'change': True}
2024-09-08 23:05:08,597 : INFO : EventManager : Event: ======'machine_var_audits_shots_mead_shot'====== Args={'value': 223, 'prev_value': None, 'change': True}
2024-09-08 23:05:08,599 : INFO : EventManager : Event: ======'machine_var_audits_shots_percy_shot'====== Args={'value': 56, 'prev_value': None, 'change': True}
2024-09-08 23:05:08,626 : INFO : EventManager : Event: ======'machine_var_audits_shots_scanlan_shot'====== Args={'value': 121, 'prev_value': None, 'change': True}
2024-09-08 23:05:08,627 : INFO : EventManager : Event: ======'machine_var_audits_shots_video_shot_1'====== Args={'value': 24, 'prev_value': None, 'change': True}
2024-09-08 23:05:08,627 : INFO : EventManager : Event: ======'machine_var_audits_shots_video_shot_2'====== Args={'value': 20, 'prev_value': None, 'change': True}
2024-09-08 23:05:08,628 : INFO : EventManager : Event: ======'machine_var_audits_switches_s_auto_launcher'====== Args={'value': 0, 'prev_value': None, 'change': True}
2024-09-08 23:05:08,640 : INFO : EventManager : Event: ======'machine_var_audits_switches_s_ball_drain'====== Args={'value': 0, 'prev_value': None, 'change': True}
2024-09-08 23:05:08,641 : INFO : EventManager : Event: ======'machine_var_audits_switches_s_launch'====== Args={'value': 0, 'prev_value': None, 'change': True}
2024-09-08 23:05:08,642 : INFO : EventManager : Event: ======'machine_var_audits_switches_s_left_flipper'====== Args={'value': 36, 'prev_value': None, 'change': True}
2024-09-08 23:05:08,643 : INFO : EventManager : Event: ======'machine_var_audits_switches_s_left_flipper_eos'====== Args={'value': 0, 'prev_value': None, 'change': True}
2024-09-08 23:05:08,643 : INFO : EventManager : Event: ======'machine_var_audits_switches_s_left_inlane'====== Args={'value': 0, 'prev_value': None, 'change': True}
2024-09-08 23:05:08,643 : INFO : EventManager : Event: ======'machine_var_audits_switches_s_left_inner_lane'====== Args={'value': 0, 'prev_value': None, 'change': True}
2024-09-08 23:05:08,644 : INFO : EventManager : Event: ======'machine_var_audits_switches_s_left_outer_lane'====== Args={'value': 0, 'prev_value': None, 'change': True}
2024-09-08 23:05:08,672 : INFO : EventManager : Event: ======'machine_var_audits_switches_s_left_outlane'====== Args={'value': 0, 'prev_value': None, 'change': True}
2024-09-08 23:05:08,672 : INFO : EventManager : Event: ======'machine_var_audits_switches_s_left_sling'====== Args={'value': 7, 'prev_value': None, 'change': True}
2024-09-08 23:05:08,685 : INFO : EventManager : Event: ======'machine_var_audits_switches_s_mead'====== Args={'value': 0, 'prev_value': None, 'change': True}
2024-09-08 23:05:08,686 : INFO : EventManager : Event: ======'machine_var_audits_switches_s_percy'====== Args={'value': 0, 'prev_value': None, 'change': True}
2024-09-08 23:05:08,687 : INFO : EventManager : Event: ======'machine_var_audits_switches_s_plunger'====== Args={'value': 9, 'prev_value': None, 'change': True}
2024-09-08 23:05:08,688 : INFO : EventManager : Event: ======'machine_var_audits_switches_s_pop_bumper_1'====== Args={'value': 0, 'prev_value': None, 'change': True}
2024-09-08 23:05:08,717 : INFO : EventManager : Event: ======'machine_var_audits_switches_s_pop_bumper_2'====== Args={'value': 0, 'prev_value': None, 'change': True}
2024-09-08 23:05:08,730 : INFO : EventManager : Event: ======'machine_var_audits_switches_s_pop_bumper_3'====== Args={'value': 0, 'prev_value': None, 'change': True}
2024-09-08 23:05:08,731 : INFO : EventManager : Event: ======'machine_var_audits_switches_s_right_flipper'====== Args={'value': 131, 'prev_value': None, 'change': True}
2024-09-08 23:05:08,732 : INFO : EventManager : Event: ======'machine_var_audits_switches_s_right_flipper_eos'====== Args={'value': 0, 'prev_value': None, 'change': True}
2024-09-08 23:05:08,733 : INFO : EventManager : Event: ======'machine_var_audits_switches_s_right_inlane'====== Args={'value': 0, 'prev_value': None, 'change': True}
2024-09-08 23:05:08,734 : INFO : EventManager : Event: ======'machine_var_audits_switches_s_right_inner_lane'====== Args={'value': 0, 'prev_value': None, 'change': True}
2024-09-08 23:05:08,762 : INFO : EventManager : Event: ======'machine_var_audits_switches_s_right_outer_lane'====== Args={'value': 0, 'prev_value': None, 'change': True}
2024-09-08 23:05:08,776 : INFO : EventManager : Event: ======'machine_var_audits_switches_s_right_outlane'====== Args={'value': 0, 'prev_value': None, 'change': True}
2024-09-08 23:05:08,777 : INFO : EventManager : Event: ======'machine_var_audits_switches_s_right_sling'====== Args={'value': 3, 'prev_value': None, 'change': True}
2024-09-08 23:05:08,778 : INFO : EventManager : Event: ======'machine_var_audits_switches_s_scanlan'====== Args={'value': 0, 'prev_value': None, 'change': True}
2024-09-08 23:05:08,806 : INFO : EventManager : Event: ======'machine_var_audits_switches_s_start'====== Args={'value': 38, 'prev_value': None, 'change': True}
2024-09-08 23:05:08,807 : INFO : EventManager : Event: ======'machine_var_audits_switches_s_switch_2'====== Args={'value': 0, 'prev_value': None, 'change': True}
2024-09-08 23:05:08,823 : INFO : EventManager : Event: ======'machine_var_audits_switches_s_trough_ball_1'====== Args={'value': 4, 'prev_value': None, 'change': True}
2024-09-08 23:05:08,824 : INFO : EventManager : Event: ======'machine_var_audits_switches_s_trough_ball_2'====== Args={'value': 4, 'prev_value': None, 'change': True}
2024-09-08 23:05:08,852 : INFO : EventManager : Event: ======'machine_var_audits_switches_s_trough_ball_3'====== Args={'value': 1, 'prev_value': None, 'change': True}
2024-09-08 23:05:08,853 : INFO : EventManager : Event: ======'machine_var_audits_switches_s_trough_ball_4'====== Args={'value': 0, 'prev_value': None, 'change': True}
2024-09-08 23:05:08,866 : INFO : EventManager : Event: ======'machine_var_audits_switches_s_trough_ball_5'====== Args={'value': 0, 'prev_value': None, 'change': True}
2024-09-08 23:05:08,868 : INFO : EventManager : Event: ======'machine_var_audits_switches_s_trough_ball_6'====== Args={'value': 1, 'prev_value': None, 'change': True}
2024-09-08 23:05:08,869 : INFO : EventManager : Event: ======'machine_var_audits_switches_s_trough_ball_jam'====== Args={'value': 3, 'prev_value': None, 'change': True}
2024-09-08 23:05:08,870 : INFO : EventManager : Event: ======'machine_var_audits_switches_s_trough_eject_coil'====== Args={'value': 0, 'prev_value': None, 'change': True}
2024-09-08 23:05:08,899 : INFO : EventManager : Event: ======'machine_var_audits_switches_s_right_home'====== Args={'value': 0, 'prev_value': None, 'change': True}
2024-09-08 23:05:08,899 : INFO : EventManager : Event: ======'machine_var_audits_switches_s_plunger_lane'====== Args={'value': 0, 'prev_value': None, 'change': True}
2024-09-08 23:05:08,913 : INFO : EventManager : Event: ======'init_phase_5'====== Args={}
2024-09-08 23:05:09,243 : INFO : EventManager : Event: ======'init_done'====== Args={}
2024-09-08 23:05:09,244 : INFO : EventManager : Event: ======'machine_reset_phase_1'====== Args={}
2024-09-08 23:05:09,259 : INFO : EventManager : Event: ======'machine_reset_phase_2'====== Args={}
2024-09-08 23:05:09,260 : INFO : EventManager : Event: ======'machine_reset_phase_3'====== Args={}
2024-09-08 23:05:09,260 : INFO : EventManager : Event: ======'reset_complete'====== Args={}
2024-09-08 23:05:09,261 : INFO : EventManager : Event: ======'mode_attract_will_start'====== Args={}
2024-09-08 23:05:09,262 : INFO : EventManager : Event: ======'mode_attract_starting'====== Args={}
2024-09-08 23:05:09,262 : INFO : Mode.attract : Started. Priority: 10
2024-09-08 23:05:09,262 : INFO : EventManager : Event: ======'modes_active_modes_changed'====== Args={}
2024-09-08 23:05:09,262 : INFO : EventManager : Event: ======'mode_attract_started'====== Args={}
2024-09-08 23:05:09,316 : INFO : EventManager : Event: ======'collecting_balls_complete'====== Args={}
2024-09-08 23:05:09,316 : DEBUG : stepper.right_flipper_stepper : Moving the stepper to target position 0, current position 0
2024-09-08 23:05:09,316 : INFO : stepper.right_flipper_stepper : Got command to move (relative) to 0, but already there. Not moving.
2024-09-08 23:05:09,317 : INFO : EventManager : Event: ======'stepper_right_flipper_stepper_ready'====== Args={'position': 0}
2024-09-08 23:05:09,317 : INFO : stepper.right_flipper_stepper : Resting position is now 0. Stepper is ready to move.
2024-09-08 23:05:09,718 : INFO : EventManager : Event: ======'slide_attract_created'====== Args={'_from_bcp': True}
2024-09-08 23:05:09,718 : INFO : EventManager : Event: ======'slide__removed'====== Args={'_from_bcp': True}
2024-09-08 23:05:09,719 : INFO : EventManager : Event: ======'slide_attract_active'====== Args={'original_context': 'attract', 'original_calling_context': 'mode_attract_started', 'priority': 10.0, 'cmd': 'slides_play', '_from_bcp': True}
2024-09-08 23:05:09,794 : INFO : Machine : Starting the main run loop.
2024-09-08 23:05:10,374 : INFO : SwitchController : <<<<<<< 's_right_home' inactive >>>>>>>
2024-09-08 23:05:10,374 : INFO : EventManager : Event: ======'request_to_start_game'====== Args={}
2024-09-08 23:05:10,375 : INFO : BallController : Known balls: 0
2024-09-08 23:05:10,375 : INFO : BallController : bd_plunger contains 0 balls. Tags []
2024-09-08 23:05:10,375 : INFO : BallController : playfield contains 0 balls. Tags ['default']
2024-09-08 23:05:10,375 : WARNING : BallController : BallController denies game start. Not enough balls. 0 found. 1 required
2024-09-08 23:05:10,375 : INFO : BallController : Triggering ball search.
2024-09-08 23:05:10,527 : DEBUG : TIC Stepper : get_status() received cmd_return: b'Name:                         Tic 36v4 High-Power Stepper Motor Controller\r\nSerial number:                00414729\r\nFirmware version:             1.08\r\nLast reset:                   Power-on reset\r\nUp time:                      10:04:46\r\n\r\nEncoder position:             0\r\nRC pulse width:               N/A\r\nInput state:                  Halt\r\nInput after averaging:        N/A\r\nInput after hysteresis:       N/A\r\nInput before scaling:         N/A\r\nInput after scaling:          0\r\nForward limit active:         No\r\nReverse limit active:         No\r\n\r\nVIN voltage:                  46.659 V\r\nOperation state:              Soft error\r\nEnergized:                    No\r\nHoming active:                No\r\n\r\nTarget:                       No target\r\nCurrent position:             0\r\nPosition uncertain:           No\r\nCurrent velocity:             0\r\nMax speed:                    2000000\r\nStarting speed:               0\r\nMax acceleration:             40000\r\nMax deceleration:             40000\r\nActing target position:       0\r\nTime since last step:         1185000\r\nStep mode:                    Full step\r\nCurrent limit:                2435 mA\r\n\r\nErrors currently stopping the motor:\r\n  - Safe start violation\r\nErrors that occurred since last check:\r\n  - Command timeout\r\n  - Safe start violation\r\nLast motor driver errors: None\r\n\r\nSCL pin:\r\n  State:                      Output low\r\n  Analog reading:             N/A\r\n  Digital reading:            1\r\nSDA pin:\r\n  State:                      Output low\r\n  Analog reading:             N/A\r\n  Digital reading:            1\r\nTX pin:\r\n  State:                      Output high\r\n  Analog reading:             N/A\r\n  Digital reading:            1\r\nRX pin:\r\n  State:                      Pulled up\r\n  Analog reading:             N/A\r\n  Digital reading:            1\r\nRC pin:\r\n  Digital reading:            0\r\n\r\n'
2024-09-08 23:05:10,906 : DEBUG : TIC Stepper : get_status() received cmd_return: b'Name:                         Tic 36v4 High-Power Stepper Motor Controller\r\nSerial number:                00414729\r\nFirmware version:             1.08\r\nLast reset:                   Power-on reset\r\nUp time:                      10:04:47\r\n\r\nEncoder position:             0\r\nRC pulse width:               N/A\r\nInput state:                  Halt\r\nInput after averaging:        N/A\r\nInput after hysteresis:       N/A\r\nInput before scaling:         N/A\r\nInput after scaling:          0\r\nForward limit active:         No\r\nReverse limit active:         No\r\n\r\nVIN voltage:                  46.593 V\r\nOperation state:              Soft error\r\nEnergized:                    No\r\nHoming active:                No\r\n\r\nTarget:                       No target\r\nCurrent position:             0\r\nPosition uncertain:           No\r\nCurrent velocity:             0\r\nMax speed:                    2000000\r\nStarting speed:               0\r\nMax acceleration:             40000\r\nMax deceleration:             40000\r\nActing target position:       0\r\nTime since last step:         3585000\r\nStep mode:                    Full step\r\nCurrent limit:                2435 mA\r\n\r\nErrors currently stopping the motor:\r\n  - Safe start violation\r\nErrors that occurred since last check:\r\n  - Safe start violation\r\nLast motor driver errors: None\r\n\r\nSCL pin:\r\n  State:                      Output low\r\n  Analog reading:             N/A\r\n  Digital reading:            1\r\nSDA pin:\r\n  State:                      Output low\r\n  Analog reading:             N/A\r\n  Digital reading:            1\r\nTX pin:\r\n  State:                      Output high\r\n  Analog reading:             N/A\r\n  Digital reading:            1\r\nRX pin:\r\n  State:                      Pulled up\r\n  Analog reading:             N/A\r\n  Digital reading:            1\r\nRC pin:\r\n  Digital reading:            0\r\n\r\n'
2024-09-08 23:05:11,230 : INFO : SwitchController : <<<<<<< 's_right_home' active >>>>>>>
2024-09-08 23:05:11,307 : DEBUG : TIC Stepper : get_status() received cmd_return: b'Name:                         Tic 36v4 High-Power Stepper Motor Controller\r\nSerial number:                00414729\r\nFirmware version:             1.08\r\nLast reset:                   Power-on reset\r\nUp time:                      10:04:47\r\n\r\nEncoder position:             0\r\nRC pulse width:               N/A\r\nInput state:                  Halt\r\nInput after averaging:        N/A\r\nInput after hysteresis:       N/A\r\nInput before scaling:         N/A\r\nInput after scaling:          0\r\nForward limit active:         No\r\nReverse limit active:         No\r\n\r\nVIN voltage:                  47.184 V\r\nOperation state:              Soft error\r\nEnergized:                    No\r\nHoming active:                No\r\n\r\nTarget:                       No target\r\nCurrent position:             0\r\nPosition uncertain:           No\r\nCurrent velocity:             0\r\nMax speed:                    2000000\r\nStarting speed:               0\r\nMax acceleration:             40000\r\nMax deceleration:             40000\r\nActing target position:       0\r\nTime since last step:         4905000\r\nStep mode:                    Full step\r\nCurrent limit:                2435 mA\r\n\r\nErrors currently stopping the motor:\r\n  - Safe start violation\r\nErrors that occurred since last check:\r\n  - Safe start violation\r\nLast motor driver errors: None\r\n\r\nSCL pin:\r\n  State:                      Output low\r\n  Analog reading:             N/A\r\n  Digital reading:            1\r\nSDA pin:\r\n  State:                      Output low\r\n  Analog reading:             N/A\r\n  Digital reading:            1\r\nTX pin:\r\n  State:                      Output high\r\n  Analog reading:             N/A\r\n  Digital reading:            1\r\nRX pin:\r\n  State:                      Pulled up\r\n  Analog reading:             N/A\r\n  Digital reading:            1\r\nRC pin:\r\n  Digital reading:            0\r\n\r\n'
2024-09-08 23:05:11,703 : DEBUG : TIC Stepper : get_status() received cmd_return: b'Name:                         Tic 36v4 High-Power Stepper Motor Controller\r\nSerial number:                00414729\r\nFirmware version:             1.08\r\nLast reset:                   Power-on reset\r\nUp time:                      10:04:47\r\n\r\nEncoder position:             0\r\nRC pulse width:               N/A\r\nInput state:                  Halt\r\nInput after averaging:        N/A\r\nInput after hysteresis:       N/A\r\nInput before scaling:         N/A\r\nInput after scaling:          0\r\nForward limit active:         No\r\nReverse limit active:         No\r\n\r\nVIN voltage:                  47.250 V\r\nOperation state:              Soft error\r\nEnergized:                    No\r\nHoming active:                No\r\n\r\nTarget:                       No target\r\nCurrent position:             0\r\nPosition uncertain:           No\r\nCurrent velocity:             0\r\nMax speed:                    2000000\r\nStarting speed:               0\r\nMax acceleration:             40000\r\nMax deceleration:             40000\r\nActing target position:       0\r\nTime since last step:         5175000\r\nStep mode:                    Full step\r\nCurrent limit:                2435 mA\r\n\r\nErrors currently stopping the motor:\r\n  - Safe start violation\r\nErrors that occurred since last check:\r\n  - Safe start violation\r\nLast motor driver errors: None\r\n\r\nSCL pin:\r\n  State:                      Output low\r\n  Analog reading:             N/A\r\n  Digital reading:            1\r\nSDA pin:\r\n  State:                      Output low\r\n  Analog reading:             N/A\r\n  Digital reading:            1\r\nTX pin:\r\n  State:                      Output high\r\n  Analog reading:             N/A\r\n  Digital reading:            1\r\nRX pin:\r\n  State:                      Pulled up\r\n  Analog reading:             N/A\r\n  Digital reading:            1\r\nRC pin:\r\n  Digital reading:            0\r\n\r\n'
2024-09-08 23:05:12,238 : DEBUG : TIC Stepper : get_status() received cmd_return: b'Name:                         Tic 36v4 High-Power Stepper Motor Controller\r\nSerial number:                00414729\r\nFirmware version:             1.08\r\nLast reset:                   Power-on reset\r\nUp time:                      10:04:48\r\n\r\nEncoder position:             0\r\nRC pulse width:               N/A\r\nInput state:                  Halt\r\nInput after averaging:        N/A\r\nInput after hysteresis:       N/A\r\nInput before scaling:         N/A\r\nInput after scaling:          0\r\nForward limit active:         No\r\nReverse limit active:         No\r\n\r\nVIN voltage:                  47.446 V\r\nOperation state:              Soft error\r\nEnergized:                    No\r\nHoming active:                No\r\n\r\nTarget:                       No target\r\nCurrent position:             0\r\nPosition uncertain:           No\r\nCurrent velocity:             0\r\nMax speed:                    2000000\r\nStarting speed:               0\r\nMax acceleration:             40000\r\nMax deceleration:             40000\r\nActing target position:       0\r\nTime since last step:         6885000\r\nStep mode:                    Full step\r\nCurrent limit:                2435 mA\r\n\r\nErrors currently stopping the motor:\r\n  - Safe start violation\r\nErrors that occurred since last check:\r\n  - Safe start violation\r\nLast motor driver errors: None\r\n\r\nSCL pin:\r\n  State:                      Output low\r\n  Analog reading:             N/A\r\n  Digital reading:            1\r\nSDA pin:\r\n  State:                      Output low\r\n  Analog reading:             N/A\r\n  Digital reading:            1\r\nTX pin:\r\n  State:                      Output high\r\n  Analog reading:             N/A\r\n  Digital reading:            1\r\nRX pin:\r\n  State:                      Pulled up\r\n  Analog reading:             N/A\r\n  Digital reading:            1\r\nRC pin:\r\n  Digital reading:            0\r\n\r\n'
2024-09-08 23:05:12,375 : DEBUG : TIC Stepper : get_status() received cmd_return: b'Name:                         Tic 36v4 High-Power Stepper Motor Controller\r\nSerial number:                00414729\r\nFirmware version:             1.08\r\nLast reset:                   Power-on reset\r\nUp time:                      10:04:48\r\n\r\nEncoder position:             0\r\nRC pulse width:               N/A\r\nInput state:                  Halt\r\nInput after averaging:        N/A\r\nInput after hysteresis:       N/A\r\nInput before scaling:         N/A\r\nInput after scaling:          0\r\nForward limit active:         No\r\nReverse limit active:         No\r\n\r\nVIN voltage:                  46.462 V\r\nOperation state:              Soft error\r\nEnergized:                    No\r\nHoming active:                No\r\n\r\nTarget:                       No target\r\nCurrent position:             0\r\nPosition uncertain:           No\r\nCurrent velocity:             0\r\nMax speed:                    2000000\r\nStarting speed:               0\r\nMax acceleration:             40000\r\nMax deceleration:             40000\r\nActing target position:       0\r\nTime since last step:         7965000\r\nStep mode:                    Full step\r\nCurrent limit:                2435 mA\r\n\r\nErrors currently stopping the motor:\r\n  - Safe start violation\r\nErrors that occurred since last check:\r\n  - Safe start violation\r\nLast motor driver errors: None\r\n\r\nSCL pin:\r\n  State:                      Output low\r\n  Analog reading:             N/A\r\n  Digital reading:            1\r\nSDA pin:\r\n  State:                      Output low\r\n  Analog reading:             N/A\r\n  Digital reading:            1\r\nTX pin:\r\n  State:                      Output high\r\n  Analog reading:             N/A\r\n  Digital reading:            1\r\nRX pin:\r\n  State:                      Pulled up\r\n  Analog reading:             N/A\r\n  Digital reading:            1\r\nRC pin:\r\n  Digital reading:            0\r\n\r\n'
2024-09-08 23:05:12,703 : DEBUG : TIC Stepper : get_status() received cmd_return: b'Name:                         Tic 36v4 High-Power Stepper Motor Controller\r\nSerial number:                00414729\r\nFirmware version:             1.08\r\nLast reset:                   Power-on reset\r\nUp time:                      10:04:48\r\n\r\nEncoder position:             0\r\nRC pulse width:               N/A\r\nInput state:                  Halt\r\nInput after averaging:        N/A\r\nInput after hysteresis:       N/A\r\nInput before scaling:         N/A\r\nInput after scaling:          0\r\nForward limit active:         No\r\nReverse limit active:         No\r\n\r\nVIN voltage:                  47.446 V\r\nOperation state:              Soft error\r\nEnergized:                    No\r\nHoming active:                No\r\n\r\nTarget:                       No target\r\nCurrent position:             0\r\nPosition uncertain:           No\r\nCurrent velocity:             0\r\nMax speed:                    2000000\r\nStarting speed:               0\r\nMax acceleration:             40000\r\nMax deceleration:             40000\r\nActing target position:       0\r\nTime since last step:         8955000\r\nStep mode:                    Full step\r\nCurrent limit:                2435 mA\r\n\r\nErrors currently stopping the motor:\r\n  - Safe start violation\r\nErrors that occurred since last check:\r\n  - Safe start violation\r\nLast motor driver errors: None\r\n\r\nSCL pin:\r\n  State:                      Output low\r\n  Analog reading:             N/A\r\n  Digital reading:            1\r\nSDA pin:\r\n  State:                      Output low\r\n  Analog reading:             N/A\r\n  Digital reading:            1\r\nTX pin:\r\n  State:                      Output high\r\n  Analog reading:             N/A\r\n  Digital reading:            1\r\nRX pin:\r\n  State:                      Pulled up\r\n  Analog reading:             N/A\r\n  Digital reading:            1\r\nRC pin:\r\n  Digital reading:            0\r\n\r\n'
2024-09-08 23:05:12,881 : DEBUG : TIC Stepper : get_status() received cmd_return: b'Name:                         Tic 36v4 High-Power Stepper Motor Controller\r\nSerial number:                00414729\r\nFirmware version:             1.08\r\nLast reset:                   Power-on reset\r\nUp time:                      10:04:49\r\n\r\nEncoder position:             0\r\nRC pulse width:               N/A\r\nInput state:                  Halt\r\nInput after averaging:        N/A\r\nInput after hysteresis:       N/A\r\nInput before scaling:         N/A\r\nInput after scaling:          0\r\nForward limit active:         No\r\nReverse limit active:         No\r\n\r\nVIN voltage:                  46.462 V\r\nOperation state:              Soft error\r\nEnergized:                    No\r\nHoming active:                No\r\n\r\nTarget:                       No target\r\nCurrent position:             0\r\nPosition uncertain:           No\r\nCurrent velocity:             0\r\nMax speed:                    2000000\r\nStarting speed:               0\r\nMax acceleration:             40000\r\nMax deceleration:             40000\r\nActing target position:       0\r\nTime since last step:         9540000\r\nStep mode:                    Full step\r\nCurrent limit:                2435 mA\r\n\r\nErrors currently stopping the motor:\r\n  - Safe start violation\r\nErrors that occurred since last check:\r\n  - Safe start violation\r\nLast motor driver errors: None\r\n\r\nSCL pin:\r\n  State:                      Output low\r\n  Analog reading:             N/A\r\n  Digital reading:            1\r\nSDA pin:\r\n  State:                      Output low\r\n  Analog reading:             N/A\r\n  Digital reading:            1\r\nTX pin:\r\n  State:                      Output high\r\n  Analog reading:             N/A\r\n  Digital reading:            1\r\nRX pin:\r\n  State:                      Pulled up\r\n  Analog reading:             N/A\r\n  Digital reading:            1\r\nRC pin:\r\n  Digital reading:            0\r\n\r\n'
2024-09-08 23:05:13,355 : DEBUG : TIC Stepper : get_status() received cmd_return: b'Name:                         Tic 36v4 High-Power Stepper Motor Controller\r\nSerial number:                00414729\r\nFirmware version:             1.08\r\nLast reset:                   Power-on reset\r\nUp time:                      10:04:49\r\n\r\nEncoder position:             0\r\nRC pulse width:               N/A\r\nInput state:                  Halt\r\nInput after averaging:        N/A\r\nInput after hysteresis:       N/A\r\nInput before scaling:         N/A\r\nInput after scaling:          0\r\nForward limit active:         No\r\nReverse limit active:         No\r\n\r\nVIN voltage:                  47.053 V\r\nOperation state:              Soft error\r\nEnergized:                    No\r\nHoming active:                No\r\n\r\nTarget:                       No target\r\nCurrent position:             0\r\nPosition uncertain:           No\r\nCurrent velocity:             0\r\nMax speed:                    2000000\r\nStarting speed:               0\r\nMax acceleration:             40000\r\nMax deceleration:             40000\r\nActing target position:       0\r\nTime since last step:         11055000\r\nStep mode:                    Full step\r\nCurrent limit:                2435 mA\r\n\r\nErrors currently stopping the motor:\r\n  - Safe start violation\r\nErrors that occurred since last check:\r\n  - Safe start violation\r\nLast motor driver errors: None\r\n\r\nSCL pin:\r\n  State:                      Output low\r\n  Analog reading:             N/A\r\n  Digital reading:            1\r\nSDA pin:\r\n  State:                      Output low\r\n  Analog reading:             N/A\r\n  Digital reading:            1\r\nTX pin:\r\n  State:                      Output high\r\n  Analog reading:             N/A\r\n  Digital reading:            1\r\nRX pin:\r\n  State:                      Pulled up\r\n  Analog reading:             N/A\r\n  Digital reading:            1\r\nRC pin:\r\n  Digital reading:            0\r\n\r\n'
2024-09-08 23:05:13,879 : DEBUG : TIC Stepper : get_status() received cmd_return: b'Name:                         Tic 36v4 High-Power Stepper Motor Controller\r\nSerial number:                00414729\r\nFirmware version:             1.08\r\nLast reset:                   Power-on reset\r\nUp time:                      10:04:49\r\n\r\nEncoder position:             0\r\nRC pulse width:               N/A\r\nInput state:                  Halt\r\nInput after averaging:        N/A\r\nInput after hysteresis:       N/A\r\nInput before scaling:         N/A\r\nInput after scaling:          0\r\nForward limit active:         No\r\nReverse limit active:         No\r\n\r\nVIN voltage:                  47.512 V\r\nOperation state:              Soft error\r\nEnergized:                    No\r\nHoming active:                No\r\n\r\nTarget:                       No target\r\nCurrent position:             0\r\nPosition uncertain:           No\r\nCurrent velocity:             0\r\nMax speed:                    2000000\r\nStarting speed:               0\r\nMax acceleration:             40000\r\nMax deceleration:             40000\r\nActing target position:       0\r\nTime since last step:         11865000\r\nStep mode:                    Full step\r\nCurrent limit:                2435 mA\r\n\r\nErrors currently stopping the motor:\r\n  - Safe start violation\r\nErrors that occurred since last check:\r\n  - Safe start violation\r\nLast motor driver errors: None\r\n\r\nSCL pin:\r\n  State:                      Output low\r\n  Analog reading:             N/A\r\n  Digital reading:            1\r\nSDA pin:\r\n  State:                      Output low\r\n  Analog reading:             N/A\r\n  Digital reading:            1\r\nTX pin:\r\n  State:                      Output high\r\n  Analog reading:             N/A\r\n  Digital reading:            1\r\nRX pin:\r\n  State:                      Pulled up\r\n  Analog reading:             N/A\r\n  Digital reading:            1\r\nRC pin:\r\n  Digital reading:            0\r\n\r\n'
2024-09-08 23:05:14,323 : DEBUG : TIC Stepper : get_status() received cmd_return: b'Name:                         Tic 36v4 High-Power Stepper Motor Controller\r\nSerial number:                00414729\r\nFirmware version:             1.08\r\nLast reset:                   Power-on reset\r\nUp time:                      10:04:50\r\n\r\nEncoder position:             0\r\nRC pulse width:               N/A\r\nInput state:                  Halt\r\nInput after averaging:        N/A\r\nInput after hysteresis:       N/A\r\nInput before scaling:         N/A\r\nInput after scaling:          0\r\nForward limit active:         No\r\nReverse limit active:         No\r\n\r\nVIN voltage:                  46.856 V\r\nOperation state:              Soft error\r\nEnergized:                    No\r\nHoming active:                No\r\n\r\nTarget:                       No target\r\nCurrent position:             0\r\nPosition uncertain:           No\r\nCurrent velocity:             0\r\nMax speed:                    2000000\r\nStarting speed:               0\r\nMax acceleration:             40000\r\nMax deceleration:             40000\r\nActing target position:       0\r\nTime since last step:         13065000\r\nStep mode:                    Full step\r\nCurrent limit:                2435 mA\r\n\r\nErrors currently stopping the motor:\r\n  - Safe start violation\r\nErrors that occurred since last check:\r\n  - Safe start violation\r\nLast motor driver errors: None\r\n\r\nSCL pin:\r\n  State:                      Output low\r\n  Analog reading:             N/A\r\n  Digital reading:            1\r\nSDA pin:\r\n  State:                      Output low\r\n  Analog reading:             N/A\r\n  Digital reading:            1\r\nTX pin:\r\n  State:                      Output high\r\n  Analog reading:             N/A\r\n  Digital reading:            1\r\nRX pin:\r\n  State:                      Pulled up\r\n  Analog reading:             N/A\r\n  Digital reading:            1\r\nRC pin:\r\n  Digital reading:            0\r\n\r\n'
2024-09-08 23:05:14,580 : INFO : SwitchController : <<<<<<< 's_right_flipper' active >>>>>>>
2024-09-08 23:05:14,580 : INFO : EventManager : Event: ======'s_right_flipper_active'====== Args={}
2024-09-08 23:05:14,580 : INFO : EventManager : Event: ======'right_full'====== Args={'priority': 0}
2024-09-08 23:05:14,580 : INFO : stepper.right_flipper_stepper : Stepper at 0 moving to absolute position 45.0
2024-09-08 23:05:14,701 : DEBUG : stepper.right_flipper_stepper : Moving the stepper to target position 45.0, current position 0
2024-09-08 23:05:14,702 : INFO : stepper.right_flipper_stepper : Stepper moving relative 45.0 to hit target 45.0 from 0
2024-09-08 23:05:14,702 : DEBUG : TIC Stepper : Moving To Relative Position: 45.0 (Absolute: 45.0)
2024-09-08 23:05:14,805 : DEBUG : TIC Stepper : get_status() received cmd_return: b'Name:                         Tic 36v4 High-Power Stepper Motor Controller\r\nSerial number:                00414729\r\nFirmware version:             1.08\r\nLast reset:                   Power-on reset\r\nUp time:                      10:04:50\r\n\r\nEncoder position:             0\r\nRC pulse width:               N/A\r\nInput state:                  Halt\r\nInput after averaging:        N/A\r\nInput after hysteresis:       N/A\r\nInput before scaling:         N/A\r\nInput after scaling:          0\r\nForward limit active:         No\r\nReverse limit active:         No\r\n\r\nVIN voltage:                  47.446 V\r\nOperation state:              Soft error\r\nEnergized:                    No\r\nHoming active:                No\r\n\r\nTarget:                       No target\r\nCurrent position:             0\r\nPosition uncertain:           No\r\nCurrent velocity:             0\r\nMax speed:                    2000000\r\nStarting speed:               0\r\nMax acceleration:             40000\r\nMax deceleration:             40000\r\nActing target position:       0\r\nTime since last step:         14610000\r\nStep mode:                    Full step\r\nCurrent limit:                2435 mA\r\n\r\nErrors currently stopping the motor:\r\n  - Safe start violation\r\nErrors that occurred since last check:\r\n  - Safe start violation\r\nLast motor driver errors: None\r\n\r\nSCL pin:\r\n  State:                      Output low\r\n  Analog reading:             N/A\r\n  Digital reading:            1\r\nSDA pin:\r\n  State:                      Output low\r\n  Analog reading:             N/A\r\n  Digital reading:            1\r\nTX pin:\r\n  State:                      Output high\r\n  Analog reading:             N/A\r\n  Digital reading:            1\r\nRX pin:\r\n  State:                      Pulled up\r\n  Analog reading:             N/A\r\n  Digital reading:            1\r\nRC pin:\r\n  Digital reading:            0\r\n\r\n'
2024-09-08 23:05:14,814 : DEBUG : TIC Stepper : Target Position: 45.0 Current Position: 0
2024-09-08 23:05:14,855 : INFO : SwitchController : <<<<<<< 's_right_flipper' inactive >>>>>>>
2024-09-08 23:05:14,855 : INFO : EventManager : Event: ======'s_right_flipper_inactive'====== Args={}
2024-09-08 23:05:14,856 : INFO : EventManager : Event: ======'right_rest'====== Args={'priority': 0}
2024-09-08 23:05:14,857 : INFO : EventManager : Event: ======'right_rest'====== Args={'priority': 0}
2024-09-08 23:05:14,857 : INFO : stepper.right_flipper_stepper : Stepper at 0 moving to absolute position -11.0
2024-09-08 23:05:14,996 : INFO : stepper.right_flipper_stepper : Stepper at 0 moving to absolute position -11.0
2024-09-08 23:05:15,350 : INFO : SwitchController : <<<<<<< 's_right_flipper' active >>>>>>>
2024-09-08 23:05:15,350 : INFO : EventManager : Event: ======'s_right_flipper_active'====== Args={}
2024-09-08 23:05:15,350 : INFO : SwitchController : <<<<<<< 's_right_flipper' inactive >>>>>>>
2024-09-08 23:05:15,351 : INFO : EventManager : Event: ======'s_right_flipper_inactive'====== Args={}
2024-09-08 23:05:15,351 : INFO : SwitchController : <<<<<<< 's_right_flipper' active >>>>>>>
2024-09-08 23:05:15,351 : INFO : EventManager : Event: ======'s_right_flipper_active'====== Args={}
2024-09-08 23:05:15,351 : INFO : SwitchController : <<<<<<< 's_right_flipper' inactive >>>>>>>
2024-09-08 23:05:15,351 : INFO : EventManager : Event: ======'s_right_flipper_inactive'====== Args={}
2024-09-08 23:05:15,353 : INFO : EventManager : Event: ======'right_full'====== Args={'priority': 0}
2024-09-08 23:05:15,353 : INFO : stepper.right_flipper_stepper : Stepper at 0 moving to absolute position 45.0
2024-09-08 23:05:15,435 : INFO : EventManager : Event: ======'right_rest'====== Args={'priority': 0}
2024-09-08 23:05:15,435 : INFO : EventManager : Event: ======'right_rest'====== Args={'priority': 0}
2024-09-08 23:05:15,435 : INFO : stepper.right_flipper_stepper : Stepper at 0 moving to absolute position -11.0
2024-09-08 23:05:15,441 : INFO : stepper.right_flipper_stepper : Stepper at 0 moving to absolute position -11.0
2024-09-08 23:05:15,530 : INFO : EventManager : Event: ======'right_full'====== Args={'priority': 0}
2024-09-08 23:05:15,530 : INFO : stepper.right_flipper_stepper : Stepper at 0 moving to absolute position 45.0
2024-09-08 23:05:15,610 : INFO : EventManager : Event: ======'right_rest'====== Args={'priority': 0}
2024-09-08 23:05:15,610 : INFO : EventManager : Event: ======'right_rest'====== Args={'priority': 0}
2024-09-08 23:05:15,610 : INFO : stepper.right_flipper_stepper : Stepper at 0 moving to absolute position -11.0
2024-09-08 23:05:15,663 : INFO : stepper.right_flipper_stepper : Stepper at 0 moving to absolute position -11.0
2024-09-08 23:05:15,738 : DEBUG : TIC Stepper : get_status() received cmd_return: b'Name:                         Tic 36v4 High-Power Stepper Motor Controller\r\nSerial number:                00414729\r\nFirmware version:             1.08\r\nLast reset:                   Power-on reset\r\nUp time:                      10:04:51\r\n\r\nEncoder position:             0\r\nRC pulse width:               N/A\r\nInput state:                  Position\r\nInput after averaging:        N/A\r\nInput after hysteresis:       N/A\r\nInput before scaling:         N/A\r\nInput after scaling:          45\r\nForward limit active:         No\r\nReverse limit active:         No\r\n\r\nVIN voltage:                  47.053 V\r\nOperation state:              Soft error\r\nEnergized:                    No\r\nHoming active:                No\r\n\r\nTarget:                       No target\r\nCurrent position:             0\r\nPosition uncertain:           No\r\nCurrent velocity:             0\r\nMax speed:                    2000000\r\nStarting speed:               0\r\nMax acceleration:             40000\r\nMax deceleration:             40000\r\nActing target position:       0\r\nTime since last step:         16815000\r\nStep mode:                    Full step\r\nCurrent limit:                2435 mA\r\n\r\nErrors currently stopping the motor:\r\n  - Safe start violation\r\nErrors that occurred since last check:\r\n  - Safe start violation\r\nLast motor driver errors: None\r\n\r\nSCL pin:\r\n  State:                      Output low\r\n  Analog reading:             N/A\r\n  Digital reading:            1\r\nSDA pin:\r\n  State:                      Output low\r\n  Analog reading:             N/A\r\n  Digital reading:            1\r\nTX pin:\r\n  State:                      Output high\r\n  Analog reading:             N/A\r\n  Digital reading:            1\r\nRX pin:\r\n  State:                      Pulled up\r\n  Analog reading:             N/A\r\n  Digital reading:            1\r\nRC pin:\r\n  Digital reading:            0\r\n\r\n'
2024-09-08 23:05:15,774 : DEBUG : TIC Stepper : Target Position: 45.0 Current Position: 0
2024-09-08 23:05:16,633 : DEBUG : TIC Stepper : get_status() received cmd_return: b'Name:                         Tic 36v4 High-Power Stepper Motor Controller\r\nSerial number:                00414729\r\nFirmware version:             1.08\r\nLast reset:                   Power-on reset\r\nUp time:                      10:04:52\r\n\r\nEncoder position:             0\r\nRC pulse width:               N/A\r\nInput state:                  Position\r\nInput after averaging:        N/A\r\nInput after hysteresis:       N/A\r\nInput before scaling:         N/A\r\nInput after scaling:          45\r\nForward limit active:         No\r\nReverse limit active:         No\r\n\r\nVIN voltage:                  46.528 V\r\nOperation state:              Soft error\r\nEnergized:                    No\r\nHoming active:                No\r\n\r\nTarget:                       No target\r\nCurrent position:             0\r\nPosition uncertain:           No\r\nCurrent velocity:             0\r\nMax speed:                    2000000\r\nStarting speed:               0\r\nMax acceleration:             40000\r\nMax deceleration:             40000\r\nActing target position:       0\r\nTime since last step:         20475000\r\nStep mode:                    Full step\r\nCurrent limit:                2435 mA\r\n\r\nErrors currently stopping the motor:\r\n  - Safe start violation\r\nErrors that occurred since last check:\r\n  - Safe start violation\r\nLast motor driver errors: None\r\n\r\nSCL pin:\r\n  State:                      Output low\r\n  Analog reading:             N/A\r\n  Digital reading:            1\r\nSDA pin:\r\n  State:                      Output low\r\n  Analog reading:             N/A\r\n  Digital reading:            1\r\nTX pin:\r\n  State:                      Output high\r\n  Analog reading:             N/A\r\n  Digital reading:            1\r\nRX pin:\r\n  State:                      Pulled up\r\n  Analog reading:             N/A\r\n  Digital reading:            1\r\nRC pin:\r\n  Digital reading:            0\r\n\r\n'
2024-09-08 23:05:16,639 : DEBUG : TIC Stepper : Target Position: 45.0 Current Position: 0
2024-09-08 23:05:16,879 : DEBUG : TIC Stepper : get_status() received cmd_return: b'Name:                         Tic 36v4 High-Power Stepper Motor Controller\r\nSerial number:                00414729\r\nFirmware version:             1.08\r\nLast reset:                   Power-on reset\r\nUp time:                      10:04:53\r\n\r\nEncoder position:             0\r\nRC pulse width:               N/A\r\nInput state:                  Position\r\nInput after averaging:        N/A\r\nInput after hysteresis:       N/A\r\nInput before scaling:         N/A\r\nInput after scaling:          45\r\nForward limit active:         No\r\nReverse limit active:         No\r\n\r\nVIN voltage:                  47.446 V\r\nOperation state:              Soft error\r\nEnergized:                    No\r\nHoming active:                No\r\n\r\nTarget:                       No target\r\nCurrent position:             0\r\nPosition uncertain:           No\r\nCurrent velocity:             0\r\nMax speed:                    2000000\r\nStarting speed:               0\r\nMax acceleration:             40000\r\nMax deceleration:             40000\r\nActing target position:       0\r\nTime since last step:         21465000\r\nStep mode:                    Full step\r\nCurrent limit:                2435 mA\r\n\r\nErrors currently stopping the motor:\r\n  - Safe start violation\r\nErrors that occurred since last check:\r\n  - Safe start violation\r\nLast motor driver errors: None\r\n\r\nSCL pin:\r\n  State:                      Output low\r\n  Analog reading:             N/A\r\n  Digital reading:            1\r\nSDA pin:\r\n  State:                      Output low\r\n  Analog reading:             N/A\r\n  Digital reading:            1\r\nTX pin:\r\n  State:                      Output high\r\n  Analog reading:             N/A\r\n  Digital reading:            1\r\nRX pin:\r\n  State:                      Pulled up\r\n  Analog reading:             N/A\r\n  Digital reading:            1\r\nRC pin:\r\n  Digital reading:            0\r\n\r\n'
2024-09-08 23:05:16,883 : DEBUG : TIC Stepper : Target Position: 45.0 Current Position: 0
2024-09-08 23:05:17,361 : INFO : Machine : Shutting down...
2024-09-08 23:05:17,362 : INFO : EventManager : Event: ======'shutdown'====== Args={}
2024-09-08 23:05:17,365 : DEBUG : TIC Stepper : Commanded To Stop
2024-09-08 23:05:17,465 : DEBUG : FAST [NET] : Stop called on serial connection NET
2024-09-08 23:05:17,647 : INFO : root : MPF run loop ended.
