2024-06-22 23:47:01,510 : INFO : root : Loading config.
2024-06-22 23:47:01,512 : INFO : YamlMultifileConfigLoader : Machine config file #1: config.yaml
2024-06-22 23:47:01,513 : INFO : ConfigProcessor : Loading config from cache: C:\Users\octo\AppData\Local\Temp\67114de119ffda0ef143dfc9c8b88aec.mpf_cache
2024-06-22 23:47:01,558 : DEBUG : YamlMultifileConfigLoader : Loading mode attract from c:\git\new folder (6)\mpf\mpf\modes\attract\config\attract.yaml
2024-06-22 23:47:01,558 : DEBUG : YamlMultifileConfigLoader : Loading mode attract from c:\git\new folder (6)\mpf\mpf\modes\attract\config\attract.yaml
2024-06-22 23:47:01,559 : INFO : ConfigProcessor : Loading config from cache: C:\Users\octo\AppData\Local\Temp\d4fb548c2902111733185c907c7e02f2.mpf_cache
2024-06-22 23:47:01,559 : DEBUG : YamlMultifileConfigLoader : Loading mode game from c:\git\new folder (6)\mpf\mpf\modes\game\config\game.yaml
2024-06-22 23:47:01,560 : INFO : ConfigProcessor : Loading config from cache: C:\Users\octo\AppData\Local\Temp\5cdf3f6f669e12795623fbd605d1b6a0.mpf_cache
2024-06-22 23:47:01,560 : DEBUG : YamlMultifileConfigLoader : Loading mode base from c:\git\new folder (6)\mpf\mpf\modes\base\config\base.yaml
2024-06-22 23:47:01,560 : INFO : ConfigProcessor : Loading config from cache: C:\Users\octo\AppData\Local\Temp\e87c946bbd0a2e05a931f281fca6458e.mpf_cache
2024-06-22 23:47:01,560 : DEBUG : YamlMultifileConfigLoader : Loading mode attract from c:\git\new folder (6)\mpf\mpf\modes\attract\config\attract.yaml
2024-06-22 23:47:01,561 : DEBUG : YamlMultifileConfigLoader : Loading mode attract from c:\git\new folder (6)\mpf\mpf\modes\attract\config\attract.yaml
2024-06-22 23:47:01,561 : INFO : ConfigProcessor : Loading config from cache: C:\Users\octo\AppData\Local\Temp\d4fb548c2902111733185c907c7e02f2.mpf_cache
2024-06-22 23:47:01,561 : DEBUG : YamlMultifileConfigLoader : Loading mode char_select from c:\git\new folder (6)\mpf\mpf\modes\char_select\config\char_select.yaml
2024-06-22 23:47:01,561 : INFO : ConfigProcessor : Loading config from cache: C:\Users\octo\AppData\Local\Temp\da852937ccb56145866cf54922bc01f8.mpf_cache
2024-06-22 23:47:01,561 : DEBUG : YamlMultifileConfigLoader : Loading mode high_score from c:\git\new folder (6)\mpf\mpf\modes\high_score\config\high_score.yaml
2024-06-22 23:47:01,561 : DEBUG : YamlMultifileConfigLoader : Loading mode high_score from c:\git\new folder (6)\mpf\mpf\modes\high_score\config\high_score.yaml
2024-06-22 23:47:01,561 : INFO : ConfigProcessor : Loading config from cache: C:\Users\octo\AppData\Local\Temp\928df87c66e261a283a6031425712ac6.mpf_cache
2024-06-22 23:47:01,562 : INFO : Machine : Mission Pinball Framework Core Engine v0.80.0.dev1
2024-06-22 23:47:01,562 : INFO : Machine : Command line arguments: {'no_load_cache': False, 'create_config_cache': True, 'bcp': True, 'configfile': ['config.yaml'], 'force_assets_load': False, 'platform_integration_test': False, 'jsonlogging': False, 'logfile': 'logs\\2024-06-22-23-47-01-mpf-DESKTOP-BQT92E0.log', 'pause': False, 'production': False, 'text_ui': True, 'loglevel': 10, 'consoleloglevel': 10, 'force_platform': 'virtual', 'syslog_address': None, 'mc_file_name': None, 'no_sound': False}
2024-06-22 23:47:01,562 : INFO : Machine : MPF path: c:\git\new folder (6)\mpf\mpf
2024-06-22 23:47:01,562 : INFO : Machine : Machine path: C:\Users\octo\Downloads\homebrew
2024-06-22 23:47:01,562 : INFO : Machine : Platform: win32
2024-06-22 23:47:01,562 : INFO : Machine : Python executable location: C:\Users\octo\AppData\Local\Programs\Python\Python310\python.exe
2024-06-22 23:47:01,562 : INFO : Machine : Python version: 3.10.0 (64-bit)
2024-06-22 23:47:01,563 : DEBUG : asyncio : Using proactor: IocpProactor
2024-06-22 23:47:01,563 : INFO : Machine : Initializing MPF...
2024-06-22 23:47:01,566 : DEBUG : Virtual Platform : Configuring virtual hardware interface.
2024-06-22 23:47:01,595 : DEBUG : asciimatics.widgets.layout : Updating: None
2024-06-22 23:47:01,595 : DEBUG : asciimatics.widgets.layout : Updating: None
2024-06-22 23:47:01,595 : DEBUG : asciimatics.widgets.layout : Updating: None
2024-06-22 23:47:01,595 : DEBUG : asciimatics.widgets.layout : Updating: None
2024-06-22 23:47:01,595 : DEBUG : asciimatics.widgets.layout : Updating: None
2024-06-22 23:47:01,595 : DEBUG : asciimatics.widgets.layout : Updating: None
2024-06-22 23:47:01,596 : DEBUG : asciimatics.widgets.layout : Updating: None
2024-06-22 23:47:01,596 : DEBUG : asciimatics.widgets.layout : Updating: None
2024-06-22 23:47:01,596 : DEBUG : asciimatics.widgets.layout : Updating: None
2024-06-22 23:47:01,596 : DEBUG : asciimatics.widgets.layout : Updating: None
2024-06-22 23:47:01,596 : DEBUG : asciimatics.widgets.layout : Updating: None
2024-06-22 23:47:01,596 : DEBUG : asciimatics.widgets.layout : Updating: None
2024-06-22 23:47:01,596 : DEBUG : asciimatics.widgets.widget : Widget blur: <asciimatics.widgets.label.Label object at 0x000002402B8DA400>
2024-06-22 23:47:01,596 : DEBUG : asciimatics.widgets.widget : Widget blur: <asciimatics.widgets.label.Label object at 0x000002402C4CE4D0>
2024-06-22 23:47:01,596 : DEBUG : asciimatics.widgets.widget : Widget blur: <asciimatics.widgets.label.Label object at 0x000002402C4CE5A0>
2024-06-22 23:47:01,596 : DEBUG : asciimatics.widgets.layout : Blur: <asciimatics.widgets.layout.Layout object at 0x000002402C597640>
2024-06-22 23:47:01,596 : DEBUG : asciimatics.widgets.layout : Blur: <mpf.core.text_ui.MpfLayout object at 0x000002402C5B8C80>
2024-06-22 23:47:01,596 : DEBUG : asciimatics.widgets.layout : Updating: None
2024-06-22 23:47:01,596 : DEBUG : asciimatics.widgets.layout : Updating: None
2024-06-22 23:47:01,596 : DEBUG : asciimatics.widgets.layout : Updating: None
2024-06-22 23:47:01,596 : DEBUG : asciimatics.widgets.layout : Updating: None
2024-06-22 23:47:01,596 : DEBUG : asciimatics.widgets.layout : Updating: None
2024-06-22 23:47:01,596 : DEBUG : asciimatics.widgets.layout : Updating: None
2024-06-22 23:47:01,596 : DEBUG : asciimatics.widgets.widget : Widget blur: <asciimatics.widgets.label.Label object at 0x000002402C4CE9B0>
2024-06-22 23:47:01,596 : DEBUG : asciimatics.widgets.widget : Widget blur: <asciimatics.widgets.label.Label object at 0x000002402C4CE8E0>
2024-06-22 23:47:01,596 : DEBUG : asciimatics.widgets.widget : Widget blur: <asciimatics.widgets.label.Label object at 0x000002402C4CEA80>
2024-06-22 23:47:01,596 : DEBUG : asciimatics.widgets.widget : Widget blur: <asciimatics.widgets.label.Label object at 0x000002402C4CE810>
2024-06-22 23:47:01,596 : DEBUG : asciimatics.widgets.widget : Widget blur: <asciimatics.widgets.label.Label object at 0x000002402C4CE740>
2024-06-22 23:47:01,596 : DEBUG : asciimatics.widgets.widget : Widget blur: <asciimatics.widgets.label.Label object at 0x000002402C4CE670>
2024-06-22 23:47:01,596 : DEBUG : asciimatics.widgets.layout : Blur: <asciimatics.widgets.layout.Layout object at 0x000002402C597700>
2024-06-22 23:47:01,596 : DEBUG : asciimatics.widgets.layout : Focus: <asciimatics.widgets.layout.Layout object at 0x000002402C597640>
2024-06-22 23:47:01,596 : DEBUG : asciimatics.widgets.layout : Focus: <mpf.core.text_ui.MpfLayout object at 0x000002402C5B8C80>
2024-06-22 23:47:01,596 : DEBUG : asciimatics.widgets.layout : Focus: <asciimatics.widgets.layout.Layout object at 0x000002402C597700>
2024-06-22 23:47:01,596 : DEBUG : asciimatics.widgets.frame : Cloning: Test
2024-06-22 23:47:01,596 : DEBUG : asciimatics.widgets.layout : Updating: None
2024-06-22 23:47:01,596 : DEBUG : asciimatics.widgets.layout : Updating: None
2024-06-22 23:47:01,596 : DEBUG : asciimatics.widgets.layout : Updating: None
2024-06-22 23:47:01,596 : DEBUG : asciimatics.widgets.layout : Updating: None
2024-06-22 23:47:01,596 : DEBUG : asciimatics.widgets.layout : Updating: None
2024-06-22 23:47:01,596 : DEBUG : asciimatics.widgets.layout : Updating: None
2024-06-22 23:47:01,596 : DEBUG : asciimatics.widgets.layout : Updating: None
2024-06-22 23:47:01,596 : DEBUG : asciimatics.widgets.layout : Updating: None
2024-06-22 23:47:01,596 : DEBUG : asciimatics.widgets.layout : Updating: None
2024-06-22 23:47:01,596 : DEBUG : asciimatics.widgets.layout : Updating: None
2024-06-22 23:47:01,596 : DEBUG : asciimatics.widgets.layout : Updating: None
2024-06-22 23:47:01,596 : DEBUG : asciimatics.widgets.layout : Updating: None
2024-06-22 23:47:01,596 : DEBUG : asciimatics.widgets.layout : Updating: None
2024-06-22 23:47:01,596 : DEBUG : asciimatics.widgets.layout : Updating: None
2024-06-22 23:47:01,597 : DEBUG : asciimatics.widgets.layout : Updating: None
2024-06-22 23:47:01,597 : DEBUG : asciimatics.widgets.layout : Updating: None
2024-06-22 23:47:01,597 : DEBUG : asciimatics.widgets.layout : Updating: None
2024-06-22 23:47:01,597 : DEBUG : asciimatics.widgets.layout : Updating: None
2024-06-22 23:47:01,597 : DEBUG : asciimatics.screen : Processing key: d
2024-06-22 23:47:01,677 : INFO : EventManager : Event: ======'machine_var_credits_string'====== Args={'value': 'FREE PLAY', 'prev_value': None, 'change': True}
2024-06-22 23:47:01,685 : DEBUG : YAML File Interface : Loading file: C:\Users\octo\Downloads\homebrew\data/machine_vars.yaml
2024-06-22 23:47:01,686 : INFO : EventManager : Event: ======'machine_var_master_volume'====== Args={'value': 0.5, 'prev_value': None, 'change': True}
2024-06-22 23:47:01,686 : INFO : EventManager : Event: ======'machine_var_mpf_version'====== Args={'value': 'Mission Pinball Framework v0.80.0.dev1', 'prev_value': None, 'change': True}
2024-06-22 23:47:01,686 : INFO : EventManager : Event: ======'machine_var_mpf_extended_version'====== Args={'value': 'Mission Pinball Framework v0.80.0.dev1, Config version:6, Show version: 6, BCP version:1.1', 'prev_value': None, 'change': True}
2024-06-22 23:47:01,686 : INFO : EventManager : Event: ======'machine_var_python_version'====== Args={'value': '3.10.0', 'prev_value': None, 'change': True}
2024-06-22 23:47:01,691 : INFO : EventManager : Event: ======'machine_var_platform'====== Args={'value': 'Windows-10-10.0.19045-SP0', 'prev_value': None, 'change': True}
2024-06-22 23:47:01,691 : INFO : EventManager : Event: ======'machine_var_platform_system'====== Args={'value': 'Windows', 'prev_value': None, 'change': True}
2024-06-22 23:47:01,691 : INFO : EventManager : Event: ======'machine_var_platform_release'====== Args={'value': '10', 'prev_value': None, 'change': True}
2024-06-22 23:47:01,691 : INFO : EventManager : Event: ======'machine_var_platform_version'====== Args={'value': '10.0.19045', 'prev_value': None, 'change': True}
2024-06-22 23:47:01,691 : INFO : EventManager : Event: ======'machine_var_platform_machine'====== Args={'value': 'AMD64', 'prev_value': None, 'change': True}
2024-06-22 23:47:01,691 : INFO : EventManager : Event: ======'init_phase_1'====== Args={}
2024-06-22 23:47:01,693 : DEBUG : ModeController : Loaded mode char_select
2024-06-22 23:47:01,695 : DEBUG : ModeController : Loaded mode high_score
2024-06-22 23:47:01,695 : DEBUG : ModeController : Loaded mode base
2024-06-22 23:47:01,696 : DEBUG : ModeController : Loaded mode attract
2024-06-22 23:47:01,698 : DEBUG : ModeController : Loaded mode game
2024-06-22 23:47:01,703 : INFO : EventManager : Event: ======'init_phase_2'====== Args={}
2024-06-22 23:47:01,703 : INFO : SwitchController : Found active switch: ('3208-8', <Platform.Virtual>) <switch.s_trough_ball_2>
2024-06-22 23:47:01,704 : INFO : SwitchController : Found active switch: ('3208-9', <Platform.Virtual>) <switch.s_trough_ball_3>
2024-06-22 23:47:01,704 : INFO : SwitchController : Found active switch: ('3208-13', <Platform.Virtual>) <switch.s_trough_ball_1>
2024-06-22 23:47:01,706 : DEBUG : YAML File Interface : Loading file: C:\Users\octo\Downloads\homebrew\data/high_scores.yaml
2024-06-22 23:47:01,707 : WARNING : YAML File Interface : YAML error found in file C:\Users\octo\Downloads\homebrew\data/high_scores.yaml. Line 2, Position 3: could not determine a constructor for the tag 'tag:yaml.org,2002:python/tuple'
  in "C:\Users\octo\Downloads\homebrew\data/high_scores.yaml", line 2, column 3
2024-06-22 23:47:01,707 : INFO : EventManager : Event: ======'machine_var_score1_label'====== Args={'value': 'GRAND CHAMPION', 'prev_value': None, 'change': True}
2024-06-22 23:47:01,707 : INFO : EventManager : Event: ======'machine_var_score1_name'====== Args={'value': 'MPF', 'prev_value': None, 'change': True}
2024-06-22 23:47:01,707 : INFO : EventManager : Event: ======'machine_var_score1_value'====== Args={'value': 1000000, 'prev_value': None, 'change': True}
2024-06-22 23:47:01,707 : INFO : EventManager : Event: ======'machine_var_score2_label'====== Args={'value': 'HIGH SCORE 1', 'prev_value': None, 'change': True}
2024-06-22 23:47:01,707 : INFO : EventManager : Event: ======'machine_var_score2_name'====== Args={'value': 'BRI', 'prev_value': None, 'change': True}
2024-06-22 23:47:01,707 : INFO : EventManager : Event: ======'machine_var_score2_value'====== Args={'value': 900000, 'prev_value': None, 'change': True}
2024-06-22 23:47:01,707 : INFO : EventManager : Event: ======'machine_var_score3_label'====== Args={'value': 'HIGH SCORE 2', 'prev_value': None, 'change': True}
2024-06-22 23:47:01,707 : INFO : EventManager : Event: ======'machine_var_score3_name'====== Args={'value': 'JAN', 'prev_value': None, 'change': True}
2024-06-22 23:47:01,707 : INFO : EventManager : Event: ======'machine_var_score3_value'====== Args={'value': 800000, 'prev_value': None, 'change': True}
2024-06-22 23:47:01,707 : INFO : EventManager : Event: ======'machine_var_score4_label'====== Args={'value': 'HIGH SCORE 3', 'prev_value': None, 'change': True}
2024-06-22 23:47:01,707 : INFO : EventManager : Event: ======'machine_var_score4_name'====== Args={'value': 'QUI', 'prev_value': None, 'change': True}
2024-06-22 23:47:01,707 : INFO : EventManager : Event: ======'machine_var_score4_value'====== Args={'value': 700000, 'prev_value': None, 'change': True}
2024-06-22 23:47:01,707 : INFO : EventManager : Event: ======'machine_var_score5_label'====== Args={'value': 'HIGH SCORE 4', 'prev_value': None, 'change': True}
2024-06-22 23:47:01,707 : INFO : EventManager : Event: ======'machine_var_score5_name'====== Args={'value': 'MAR', 'prev_value': None, 'change': True}
2024-06-22 23:47:01,708 : INFO : EventManager : Event: ======'machine_var_score5_value'====== Args={'value': 6000, 'prev_value': None, 'change': True}
2024-06-22 23:47:01,708 : INFO : EventManager : Event: ======'machine_var_score6_label'====== Args={'value': 'HIGH SCORE 5', 'prev_value': None, 'change': True}
2024-06-22 23:47:01,708 : INFO : EventManager : Event: ======'machine_var_score6_name'====== Args={'value': 'JOH', 'prev_value': None, 'change': True}
2024-06-22 23:47:01,708 : INFO : EventManager : Event: ======'machine_var_score6_value'====== Args={'value': 5000, 'prev_value': None, 'change': True}
2024-06-22 23:47:01,708 : INFO : EventManager : Event: ======'machine_var_score7_label'====== Args={'value': 'HIGH SCORE 6', 'prev_value': None, 'change': True}
2024-06-22 23:47:01,708 : INFO : EventManager : Event: ======'machine_var_score7_name'====== Args={'value': 'ELI', 'prev_value': None, 'change': True}
2024-06-22 23:47:01,708 : INFO : EventManager : Event: ======'machine_var_score7_value'====== Args={'value': 4000, 'prev_value': None, 'change': True}
2024-06-22 23:47:01,708 : INFO : EventManager : Event: ======'machine_var_score8_label'====== Args={'value': 'HIGH SCORE 7', 'prev_value': None, 'change': True}
2024-06-22 23:47:01,708 : INFO : EventManager : Event: ======'machine_var_score8_name'====== Args={'value': 'MIK', 'prev_value': None, 'change': True}
2024-06-22 23:47:01,708 : INFO : EventManager : Event: ======'machine_var_score8_value'====== Args={'value': 3000, 'prev_value': None, 'change': True}
2024-06-22 23:47:01,708 : INFO : EventManager : Event: ======'machine_var_score9_label'====== Args={'value': 'HIGH SCORE 8', 'prev_value': None, 'change': True}
2024-06-22 23:47:01,708 : INFO : EventManager : Event: ======'machine_var_score9_name'====== Args={'value': 'ANT', 'prev_value': None, 'change': True}
2024-06-22 23:47:01,708 : INFO : EventManager : Event: ======'machine_var_score9_value'====== Args={'value': 500, 'prev_value': None, 'change': True}
2024-06-22 23:47:01,708 : INFO : EventManager : Event: ======'machine_var_loops1_label'====== Args={'value': 'LOOP CHAMP', 'prev_value': None, 'change': True}
2024-06-22 23:47:01,708 : INFO : EventManager : Event: ======'machine_var_loops1_name'====== Args={'value': 'JAN', 'prev_value': None, 'change': True}
2024-06-22 23:47:01,708 : INFO : EventManager : Event: ======'machine_var_loops1_value'====== Args={'value': 42, 'prev_value': None, 'change': True}
2024-06-22 23:47:01,708 : INFO : EventManager : Event: ======'bcp_connection_attempt'====== Args={'name': 'local_display', 'host': 'localhost', 'port': 5050}
2024-06-22 23:47:01,710 : DEBUG : asciimatics.widgets.layout : Updating: message
2024-06-22 23:47:01,710 : DEBUG : asciimatics.widgets.layout : Updating: message
2024-06-22 23:47:01,710 : DEBUG : asciimatics.widgets.widget : Widget blur: <asciimatics.widgets.textbox.TextBox object at 0x000002402C5B0EE0>
2024-06-22 23:47:01,710 : DEBUG : asciimatics.widgets.layout : Blur: <asciimatics.widgets.layout.Layout object at 0x000002402C703BE0>
2024-06-22 23:47:01,710 : DEBUG : asciimatics.widgets.layout : Blur: <asciimatics.widgets.layout.Layout object at 0x000002402C703C40>
2024-06-22 23:47:01,710 : DEBUG : asciimatics.widgets.layout : Focus: <asciimatics.widgets.layout.Layout object at 0x000002402C703BE0>
2024-06-22 23:47:01,710 : DEBUG : asciimatics.widgets.layout : Focus: <asciimatics.widgets.layout.Layout object at 0x000002402C703C40>
2024-06-22 23:47:01,710 : INFO : BCPClientSocket : Connecting BCP to 'local_display' at localhost:5050...
2024-06-22 23:47:01,731 : INFO : BCPClientSocket : Connected BCP to 'local_display' localhost:5050
2024-06-22 23:47:01,731 : INFO : EventManager : Event: ======'bcp_clients_connected'====== Args={}
2024-06-22 23:47:01,734 : DEBUG : asciimatics.widgets.layout : Updating: None
2024-06-22 23:47:01,734 : DEBUG : asciimatics.widgets.layout : Updating: None
2024-06-22 23:47:01,734 : DEBUG : asciimatics.widgets.layout : Updating: None
2024-06-22 23:47:01,734 : DEBUG : asciimatics.widgets.layout : Updating: None
2024-06-22 23:47:01,734 : DEBUG : asciimatics.widgets.layout : Updating: None
2024-06-22 23:47:01,734 : DEBUG : asciimatics.widgets.layout : Updating: None
2024-06-22 23:47:01,734 : DEBUG : asciimatics.widgets.layout : Updating: None
2024-06-22 23:47:01,734 : DEBUG : asciimatics.widgets.layout : Updating: None
2024-06-22 23:47:01,734 : DEBUG : asciimatics.widgets.layout : Updating: None
2024-06-22 23:47:01,734 : DEBUG : asciimatics.widgets.layout : Updating: None
2024-06-22 23:47:01,734 : DEBUG : asciimatics.widgets.layout : Updating: None
2024-06-22 23:47:01,734 : DEBUG : asciimatics.widgets.layout : Updating: None
2024-06-22 23:47:01,734 : DEBUG : asciimatics.widgets.widget : Widget blur: <asciimatics.widgets.label.Label object at 0x000002402C72F920>
2024-06-22 23:47:01,734 : DEBUG : asciimatics.widgets.widget : Widget blur: <asciimatics.widgets.label.Label object at 0x000002402C72FAC0>
2024-06-22 23:47:01,734 : DEBUG : asciimatics.widgets.widget : Widget blur: <asciimatics.widgets.label.Label object at 0x000002402C72FC60>
2024-06-22 23:47:01,734 : DEBUG : asciimatics.widgets.layout : Blur: <asciimatics.widgets.layout.Layout object at 0x000002402C700880>
2024-06-22 23:47:01,734 : DEBUG : asciimatics.widgets.layout : Blur: <mpf.core.text_ui.MpfLayout object at 0x000002402C6ADBD0>
2024-06-22 23:47:01,734 : DEBUG : asciimatics.widgets.layout : Updating: None
2024-06-22 23:47:01,734 : DEBUG : asciimatics.widgets.layout : Updating: None
2024-06-22 23:47:01,734 : DEBUG : asciimatics.widgets.layout : Updating: None
2024-06-22 23:47:01,734 : DEBUG : asciimatics.widgets.layout : Updating: None
2024-06-22 23:47:01,734 : DEBUG : asciimatics.widgets.layout : Updating: None
2024-06-22 23:47:01,734 : DEBUG : asciimatics.widgets.layout : Updating: None
2024-06-22 23:47:01,734 : DEBUG : asciimatics.widgets.widget : Widget blur: <asciimatics.widgets.label.Label object at 0x000002402C798110>
2024-06-22 23:47:01,734 : DEBUG : asciimatics.widgets.widget : Widget blur: <asciimatics.widgets.label.Label object at 0x000002402C798040>
2024-06-22 23:47:01,734 : DEBUG : asciimatics.widgets.widget : Widget blur: <asciimatics.widgets.label.Label object at 0x000002402C7981E0>
2024-06-22 23:47:01,734 : DEBUG : asciimatics.widgets.widget : Widget blur: <asciimatics.widgets.label.Label object at 0x000002402C72FED0>
2024-06-22 23:47:01,734 : DEBUG : asciimatics.widgets.widget : Widget blur: <asciimatics.widgets.label.Label object at 0x000002402C72FE00>
2024-06-22 23:47:01,734 : DEBUG : asciimatics.widgets.widget : Widget blur: <asciimatics.widgets.label.Label object at 0x000002402C72FD30>
2024-06-22 23:47:01,734 : DEBUG : asciimatics.widgets.layout : Blur: <asciimatics.widgets.layout.Layout object at 0x000002402C7005E0>
2024-06-22 23:47:01,734 : DEBUG : asciimatics.widgets.layout : Focus: <asciimatics.widgets.layout.Layout object at 0x000002402C700880>
2024-06-22 23:47:01,734 : DEBUG : asciimatics.widgets.layout : Focus: <mpf.core.text_ui.MpfLayout object at 0x000002402C6ADBD0>
2024-06-22 23:47:01,734 : DEBUG : asciimatics.widgets.layout : Focus: <asciimatics.widgets.layout.Layout object at 0x000002402C7005E0>
2024-06-22 23:47:01,735 : DEBUG : asciimatics.widgets.frame : Cloning: Test
2024-06-22 23:47:01,735 : DEBUG : asciimatics.widgets.layout : Updating: None
2024-06-22 23:47:01,735 : DEBUG : asciimatics.widgets.layout : Updating: None
2024-06-22 23:47:01,735 : DEBUG : asciimatics.widgets.layout : Updating: None
2024-06-22 23:47:01,735 : DEBUG : asciimatics.widgets.layout : Updating: None
2024-06-22 23:47:01,735 : DEBUG : asciimatics.widgets.layout : Updating: None
2024-06-22 23:47:01,735 : DEBUG : asciimatics.widgets.layout : Updating: None
2024-06-22 23:47:01,735 : DEBUG : asciimatics.widgets.layout : Updating: None
2024-06-22 23:47:01,735 : DEBUG : asciimatics.widgets.layout : Updating: None
2024-06-22 23:47:01,735 : DEBUG : asciimatics.widgets.layout : Updating: None
2024-06-22 23:47:01,735 : DEBUG : asciimatics.widgets.layout : Updating: None
2024-06-22 23:47:01,735 : DEBUG : asciimatics.widgets.layout : Updating: None
2024-06-22 23:47:01,735 : DEBUG : asciimatics.widgets.layout : Updating: None
2024-06-22 23:47:01,735 : DEBUG : asciimatics.widgets.layout : Updating: None
2024-06-22 23:47:01,735 : DEBUG : asciimatics.widgets.layout : Updating: None
2024-06-22 23:47:01,735 : DEBUG : asciimatics.widgets.layout : Updating: None
2024-06-22 23:47:01,735 : DEBUG : asciimatics.widgets.layout : Updating: None
2024-06-22 23:47:01,735 : DEBUG : asciimatics.widgets.layout : Updating: None
2024-06-22 23:47:01,735 : DEBUG : asciimatics.widgets.layout : Updating: None
2024-06-22 23:47:01,806 : INFO : ball_device.bd_trough : BCH: Initial count: 3
2024-06-22 23:47:01,807 : INFO : ball_device.bd_trough : State: idle
2024-06-22 23:47:01,807 : INFO : ball_device.bd_plunger : BCH: Initial count: 0
2024-06-22 23:47:01,807 : INFO : ball_device.bd_plunger : State: idle
2024-06-22 23:47:01,808 : DEBUG : YAML File Interface : Loading file: C:\Users\octo\Downloads\homebrew\data/audits.yaml
2024-06-22 23:47:01,810 : DEBUG : Machine : "info_lights:" section not found in machine configuration, so the InfoLights will not be used.
2024-06-22 23:47:01,811 : DEBUG : Machine : "switch_player:" section not found in machine configuration, so the SwitchPlayer will not be used.
2024-06-22 23:47:01,812 : DEBUG : Machine : "twitch_client:" section not found in machine configuration, so the TwitchBot will not be used.
2024-06-22 23:47:01,812 : DEBUG : Machine : "virtual_segment_display_connector:" section not found in machine configuration, so the VirtualSegmentDisplayConnector will not be used.
2024-06-22 23:47:01,812 : INFO : EventManager : Event: ======'init_phase_3'====== Args={}
2024-06-22 23:47:01,812 : DEBUG : ShowController : Loading show: flash
2024-06-22 23:47:01,813 : DEBUG : ShowController : Loading show: on
2024-06-22 23:47:01,813 : DEBUG : ShowController : Loading show: off
2024-06-22 23:47:01,813 : DEBUG : ShowController : Loading show: led_color
2024-06-22 23:47:01,813 : DEBUG : ShowController : Loading show: bl_color
2024-06-22 23:47:01,813 : DEBUG : ShowController : Loading show: flash_color
2024-06-22 23:47:01,813 : INFO : EventManager : Event: ======'init_phase_4'====== Args={}
2024-06-22 23:47:01,813 : INFO : BallController : Initial balls found: 3
2024-06-22 23:47:01,814 : ERROR : asyncio : Exception in callback EventManager._queue_task_done(<Task finishe...t.l_list_1>")>)
handle: <Handle EventManager._queue_task_done(<Task finishe...t.l_list_1>")>)>
Traceback (most recent call last):
  File "C:\Users\octo\AppData\Local\Programs\Python\Python310\lib\asyncio\events.py", line 80, in _run
    self._context.run(self._callback, *self._args)
  File "c:\git\new folder (6)\mpf\mpf\core\events.py", line 795, in _queue_task_done
    future.result()
  File "c:\git\new folder (6)\mpf\mpf\core\events.py", line 708, in _run_handlers_sequential
    handler.callback(queue=queue, **merged_kwargs)
  File "c:\git\new folder (6)\mpf\mpf\devices\light.py", line 136, in _check_duplicate_light_numbers
    raise ConfigFileError(f"Duplicate number {type(driver)} {driver.number} for light {light}",
mpf.exceptions.config_file_error.ConfigFileError: Config File Error in light: Duplicate number <class 'mpf.platforms.virtual.VirtualLight'> led-led-led-playfield-1-1-r+1+1 for light <light.l_list_1> Context: (None, 'led-led-led-playfield-1-1-r+1+1', <class 'mpf.platforms.virtual.VirtualLight'>) Error Code: CFE-light-10 (https://missionpinball.org/logs)
2024-06-22 23:47:01,815 : INFO : Machine : Starting the main run loop.
2024-06-22 23:47:01,815 : INFO : Machine : Shutting down...
2024-06-22 23:47:01,815 : INFO : EventManager : Event: ======'shutdown'====== Args={}
2024-06-22 23:47:02,825 : ERROR : Machine : Runtime Exception
Traceback (most recent call last):
  File "c:\git\new folder (6)\mpf\mpf\core\machine.py", line 793, in _run_loop
    raise self._exception['exception']
  File "C:\Users\octo\AppData\Local\Programs\Python\Python310\lib\asyncio\events.py", line 80, in _run
    self._context.run(self._callback, *self._args)
  File "c:\git\new folder (6)\mpf\mpf\core\events.py", line 795, in _queue_task_done
    future.result()
  File "c:\git\new folder (6)\mpf\mpf\core\events.py", line 708, in _run_handlers_sequential
    handler.callback(queue=queue, **merged_kwargs)
  File "c:\git\new folder (6)\mpf\mpf\devices\light.py", line 136, in _check_duplicate_light_numbers
    raise ConfigFileError(f"Duplicate number {type(driver)} {driver.number} for light {light}",
mpf.exceptions.config_file_error.ConfigFileError: Config File Error in light: Duplicate number <class 'mpf.platforms.virtual.VirtualLight'> led-led-led-playfield-1-1-r+1+1 for light <light.l_list_1> Context: (None, 'led-led-led-playfield-1-1-r+1+1', <class 'mpf.platforms.virtual.VirtualLight'>) Error Code: CFE-light-10 (https://missionpinball.org/logs)
