2024-05-12 00:26:40,975 : INFO : root : Loading config.
2024-05-12 00:26:40,977 : INFO : YamlMultifileConfigLoader : Machine config file #1: config.yaml
2024-05-12 00:26:40,977 : INFO : ConfigProcessor : Loading config from cache: C:\Users\octo\AppData\Local\Temp\1d0904511285da59b68333680e0b91d2.mpf_cache
2024-05-12 00:26:41,016 : INFO : ConfigProcessor : Loading config from cache: C:\Users\octo\AppData\Local\Temp\cd157f4be5c4430bfa418abc82c784ba.mpf_cache
2024-05-12 00:26:41,017 : INFO : ConfigProcessor : Loading config from cache: C:\Users\octo\AppData\Local\Temp\9a6ef7720776890324b2b6aefbdb5076.mpf_cache
2024-05-12 00:26:41,017 : INFO : ConfigProcessor : Loading config from cache: C:\Users\octo\AppData\Local\Temp\e87c946bbd0a2e05a931f281fca6458e.mpf_cache
2024-05-12 00:26:41,017 : INFO : ConfigProcessor : Loading config from cache: C:\Users\octo\AppData\Local\Temp\cd157f4be5c4430bfa418abc82c784ba.mpf_cache
2024-05-12 00:26:41,018 : INFO : ConfigProcessor : Loading config from cache: C:\Users\octo\AppData\Local\Temp\da852937ccb56145866cf54922bc01f8.mpf_cache
2024-05-12 00:26:41,018 : INFO : Machine : Mission Pinball Framework Core Engine v0.80.0.dev1
2024-05-12 00:26:41,018 : INFO : Machine : Command line arguments: {'no_load_cache': False, 'create_config_cache': True, 'bcp': True, 'configfile': ['config.yaml'], 'force_assets_load': False, 'platform_integration_test': False, 'jsonlogging': False, 'logfile': 'logs\\2024-05-12-00-26-40-mpf-DESKTOP-BQT92E0.log', 'pause': False, 'production': False, 'text_ui': True, 'loglevel': 15, 'consoleloglevel': 20, 'force_platform': 'virtual', 'syslog_address': None, 'mc_file_name': None, 'no_sound': False}
2024-05-12 00:26:41,018 : INFO : Machine : MPF path: c:\git\new folder (3)\mpf\mpf
2024-05-12 00:26:41,018 : INFO : Machine : Machine path: C:\Users\octo\Downloads\homebrew
2024-05-12 00:26:41,018 : INFO : Machine : Platform: win32
2024-05-12 00:26:41,018 : INFO : Machine : Python executable location: C:\Users\octo\AppData\Local\Programs\Python\Python310\python.exe
2024-05-12 00:26:41,018 : INFO : Machine : Python version: 3.10.0 (64-bit)
2024-05-12 00:26:41,019 : INFO : Machine : Initializing MPF...
2024-05-12 00:26:41,124 : INFO : EventManager : Event: ======'machine_var_credits_string'====== Args={'value': 'FREE PLAY', 'prev_value': None, 'change': True}
2024-05-12 00:26:41,132 : INFO : EventManager : Event: ======'machine_var_master_volume'====== Args={'value': 0.5, 'prev_value': None, 'change': True}
2024-05-12 00:26:41,132 : INFO : EventManager : Event: ======'machine_var_mpf_version'====== Args={'value': 'Mission Pinball Framework v0.80.0.dev1', 'prev_value': None, 'change': True}
2024-05-12 00:26:41,132 : INFO : EventManager : Event: ======'machine_var_mpf_extended_version'====== Args={'value': 'Mission Pinball Framework v0.80.0.dev1, Config version:6, Show version: 6, BCP version:1.1', 'prev_value': None, 'change': True}
2024-05-12 00:26:41,132 : INFO : EventManager : Event: ======'machine_var_python_version'====== Args={'value': '3.10.0', 'prev_value': None, 'change': True}
2024-05-12 00:26:41,137 : INFO : EventManager : Event: ======'machine_var_platform'====== Args={'value': 'Windows-10-10.0.19045-SP0', 'prev_value': None, 'change': True}
2024-05-12 00:26:41,137 : INFO : EventManager : Event: ======'machine_var_platform_system'====== Args={'value': 'Windows', 'prev_value': None, 'change': True}
2024-05-12 00:26:41,137 : INFO : EventManager : Event: ======'machine_var_platform_release'====== Args={'value': '10', 'prev_value': None, 'change': True}
2024-05-12 00:26:41,137 : INFO : EventManager : Event: ======'machine_var_platform_version'====== Args={'value': '10.0.19045', 'prev_value': None, 'change': True}
2024-05-12 00:26:41,137 : INFO : EventManager : Event: ======'machine_var_platform_machine'====== Args={'value': 'AMD64', 'prev_value': None, 'change': True}
2024-05-12 00:26:41,137 : INFO : EventManager : Event: ======'init_phase_1'====== Args={}
2024-05-12 00:26:41,146 : INFO : EventManager : Event: ======'init_phase_2'====== Args={}
2024-05-12 00:26:41,148 : INFO : EventManager : Event: ======'bcp_connection_attempt'====== Args={'name': 'local_display', 'host': 'localhost', 'port': 5050}
2024-05-12 00:26:41,148 : INFO : BCPClientSocket : Connecting BCP to 'local_display' at localhost:5050...
2024-05-12 00:26:41,153 : INFO : BCPClientSocket : Connected BCP to 'local_display' localhost:5050
2024-05-12 00:26:41,153 : INFO : EventManager : Event: ======'bcp_clients_connected'====== Args={}
2024-05-12 00:26:41,224 : INFO : ball_device.bd_trough : BCH: Initial count: 0
2024-05-12 00:26:41,225 : INFO : ball_device.bd_trough : State: idle
2024-05-12 00:26:41,225 : INFO : ball_device.bd_plunger : BCH: Initial count: 0
2024-05-12 00:26:41,225 : INFO : ball_device.bd_plunger : State: idle
2024-05-12 00:26:41,234 : INFO : EventManager : Event: ======'init_phase_3'====== Args={}
2024-05-12 00:26:41,235 : INFO : EventManager : Event: ======'init_phase_4'====== Args={}
2024-05-12 00:26:41,235 : INFO : BallController : Initial balls found: 0
2024-05-12 00:26:41,235 : INFO : EventManager : Event: ======'machine_var_audits_events_game_ended'====== Args={'value': 0, 'prev_value': None, 'change': True}
2024-05-12 00:26:41,236 : INFO : EventManager : Event: ======'machine_var_audits_events_game_started'====== Args={'value': 163, 'prev_value': None, 'change': True}
2024-05-12 00:26:41,236 : INFO : EventManager : Event: ======'machine_var_audits_missing_switches_s_left_flipper'====== Args={'value': 137, 'prev_value': None, 'change': True}
2024-05-12 00:26:41,236 : INFO : EventManager : Event: ======'machine_var_audits_missing_switches_s_left_flipper_eos'====== Args={'value': 137, 'prev_value': None, 'change': True}
2024-05-12 00:26:41,236 : INFO : EventManager : Event: ======'machine_var_audits_missing_switches_s_left_inner_lane'====== Args={'value': 137, 'prev_value': None, 'change': True}
2024-05-12 00:26:41,236 : INFO : EventManager : Event: ======'machine_var_audits_missing_switches_s_left_outer_lane'====== Args={'value': 137, 'prev_value': None, 'change': True}
2024-05-12 00:26:41,236 : INFO : EventManager : Event: ======'machine_var_audits_missing_switches_s_left_sling'====== Args={'value': 137, 'prev_value': None, 'change': True}
2024-05-12 00:26:41,236 : INFO : EventManager : Event: ======'machine_var_audits_missing_switches_s_mead'====== Args={'value': 47, 'prev_value': None, 'change': True}
2024-05-12 00:26:41,236 : INFO : EventManager : Event: ======'machine_var_audits_missing_switches_s_plunger'====== Args={'value': 137, 'prev_value': None, 'change': True}
2024-05-12 00:26:41,236 : INFO : EventManager : Event: ======'machine_var_audits_missing_switches_s_pop_bumper_1'====== Args={'value': 137, 'prev_value': None, 'change': True}
2024-05-12 00:26:41,236 : INFO : EventManager : Event: ======'machine_var_audits_missing_switches_s_pop_bumper_2'====== Args={'value': 137, 'prev_value': None, 'change': True}
2024-05-12 00:26:41,236 : INFO : EventManager : Event: ======'machine_var_audits_missing_switches_s_pop_bumper_3'====== Args={'value': 137, 'prev_value': None, 'change': True}
2024-05-12 00:26:41,236 : INFO : EventManager : Event: ======'machine_var_audits_missing_switches_s_right_flipper'====== Args={'value': 137, 'prev_value': None, 'change': True}
2024-05-12 00:26:41,236 : INFO : EventManager : Event: ======'machine_var_audits_missing_switches_s_right_flipper_eos'====== Args={'value': 137, 'prev_value': None, 'change': True}
2024-05-12 00:26:41,236 : INFO : EventManager : Event: ======'machine_var_audits_missing_switches_s_right_inner_lane'====== Args={'value': 137, 'prev_value': None, 'change': True}
2024-05-12 00:26:41,236 : INFO : EventManager : Event: ======'machine_var_audits_missing_switches_s_right_outer_lane'====== Args={'value': 137, 'prev_value': None, 'change': True}
2024-05-12 00:26:41,236 : INFO : EventManager : Event: ======'machine_var_audits_missing_switches_s_right_sling'====== Args={'value': 137, 'prev_value': None, 'change': True}
2024-05-12 00:26:41,236 : INFO : EventManager : Event: ======'machine_var_audits_missing_switches_s_start'====== Args={'value': 10, 'prev_value': None, 'change': True}
2024-05-12 00:26:41,236 : INFO : EventManager : Event: ======'machine_var_audits_missing_switches_s_trough_ball_1'====== Args={'value': 137, 'prev_value': None, 'change': True}
2024-05-12 00:26:41,236 : INFO : EventManager : Event: ======'machine_var_audits_missing_switches_s_trough_ball_2'====== Args={'value': 137, 'prev_value': None, 'change': True}
2024-05-12 00:26:41,236 : INFO : EventManager : Event: ======'machine_var_audits_missing_switches_s_trough_ball_3'====== Args={'value': 137, 'prev_value': None, 'change': True}
2024-05-12 00:26:41,236 : INFO : EventManager : Event: ======'machine_var_audits_missing_switches_s_trough_ball_4'====== Args={'value': 137, 'prev_value': None, 'change': True}
2024-05-12 00:26:41,237 : INFO : EventManager : Event: ======'machine_var_audits_missing_switches_s_trough_ball_5'====== Args={'value': 137, 'prev_value': None, 'change': True}
2024-05-12 00:26:41,237 : INFO : EventManager : Event: ======'machine_var_audits_missing_switches_s_trough_ball_6'====== Args={'value': 89, 'prev_value': None, 'change': True}
2024-05-12 00:26:41,237 : INFO : EventManager : Event: ======'machine_var_audits_missing_switches_s_trough_ball_jam'====== Args={'value': 137, 'prev_value': None, 'change': True}
2024-05-12 00:26:41,237 : INFO : EventManager : Event: ======'machine_var_audits_player_score'====== Args={'value': {'average': 0, 'top': [], 'total': 0}, 'prev_value': None, 'change': True}
2024-05-12 00:26:41,237 : INFO : EventManager : Event: ======'machine_var_audits_switches_s_auto_launcher'====== Args={'value': 0, 'prev_value': None, 'change': True}
2024-05-12 00:26:41,237 : INFO : EventManager : Event: ======'machine_var_audits_switches_s_ball_drain'====== Args={'value': 0, 'prev_value': None, 'change': True}
2024-05-12 00:26:41,237 : INFO : EventManager : Event: ======'machine_var_audits_switches_s_left_flipper'====== Args={'value': 36, 'prev_value': None, 'change': True}
2024-05-12 00:26:41,237 : INFO : EventManager : Event: ======'machine_var_audits_switches_s_left_flipper_eos'====== Args={'value': 0, 'prev_value': None, 'change': True}
2024-05-12 00:26:41,237 : INFO : EventManager : Event: ======'machine_var_audits_switches_s_left_inner_lane'====== Args={'value': 0, 'prev_value': None, 'change': True}
2024-05-12 00:26:41,237 : INFO : EventManager : Event: ======'machine_var_audits_switches_s_left_outer_lane'====== Args={'value': 0, 'prev_value': None, 'change': True}
2024-05-12 00:26:41,237 : INFO : EventManager : Event: ======'machine_var_audits_switches_s_left_sling'====== Args={'value': 7, 'prev_value': None, 'change': True}
2024-05-12 00:26:41,237 : INFO : EventManager : Event: ======'machine_var_audits_switches_s_mead'====== Args={'value': 0, 'prev_value': None, 'change': True}
2024-05-12 00:26:41,237 : INFO : EventManager : Event: ======'machine_var_audits_switches_s_plunger'====== Args={'value': 9, 'prev_value': None, 'change': True}
2024-05-12 00:26:41,237 : INFO : EventManager : Event: ======'machine_var_audits_switches_s_pop_bumper_1'====== Args={'value': 0, 'prev_value': None, 'change': True}
2024-05-12 00:26:41,237 : INFO : EventManager : Event: ======'machine_var_audits_switches_s_pop_bumper_2'====== Args={'value': 0, 'prev_value': None, 'change': True}
2024-05-12 00:26:41,237 : INFO : EventManager : Event: ======'machine_var_audits_switches_s_pop_bumper_3'====== Args={'value': 0, 'prev_value': None, 'change': True}
2024-05-12 00:26:41,237 : INFO : EventManager : Event: ======'machine_var_audits_switches_s_right_flipper'====== Args={'value': 131, 'prev_value': None, 'change': True}
2024-05-12 00:26:41,238 : INFO : EventManager : Event: ======'machine_var_audits_switches_s_right_flipper_eos'====== Args={'value': 0, 'prev_value': None, 'change': True}
2024-05-12 00:26:41,238 : INFO : EventManager : Event: ======'machine_var_audits_switches_s_right_inner_lane'====== Args={'value': 0, 'prev_value': None, 'change': True}
2024-05-12 00:26:41,238 : INFO : EventManager : Event: ======'machine_var_audits_switches_s_right_outer_lane'====== Args={'value': 0, 'prev_value': None, 'change': True}
2024-05-12 00:26:41,238 : INFO : EventManager : Event: ======'machine_var_audits_switches_s_right_sling'====== Args={'value': 3, 'prev_value': None, 'change': True}
2024-05-12 00:26:41,238 : INFO : EventManager : Event: ======'machine_var_audits_switches_s_start'====== Args={'value': 13, 'prev_value': None, 'change': True}
2024-05-12 00:26:41,238 : INFO : EventManager : Event: ======'machine_var_audits_switches_s_switch_2'====== Args={'value': 0, 'prev_value': None, 'change': True}
2024-05-12 00:26:41,238 : INFO : EventManager : Event: ======'machine_var_audits_switches_s_trough_ball_1'====== Args={'value': 4, 'prev_value': None, 'change': True}
2024-05-12 00:26:41,238 : INFO : EventManager : Event: ======'machine_var_audits_switches_s_trough_ball_2'====== Args={'value': 4, 'prev_value': None, 'change': True}
2024-05-12 00:26:41,238 : INFO : EventManager : Event: ======'machine_var_audits_switches_s_trough_ball_3'====== Args={'value': 1, 'prev_value': None, 'change': True}
2024-05-12 00:26:41,238 : INFO : EventManager : Event: ======'machine_var_audits_switches_s_trough_ball_4'====== Args={'value': 0, 'prev_value': None, 'change': True}
2024-05-12 00:26:41,238 : INFO : EventManager : Event: ======'machine_var_audits_switches_s_trough_ball_5'====== Args={'value': 0, 'prev_value': None, 'change': True}
2024-05-12 00:26:41,238 : INFO : EventManager : Event: ======'machine_var_audits_switches_s_trough_ball_6'====== Args={'value': 1, 'prev_value': None, 'change': True}
2024-05-12 00:26:41,238 : INFO : EventManager : Event: ======'machine_var_audits_switches_s_trough_ball_jam'====== Args={'value': 3, 'prev_value': None, 'change': True}
2024-05-12 00:26:41,239 : INFO : EventManager : Event: ======'machine_var_audits_switches_s_trough_eject_coil'====== Args={'value': 0, 'prev_value': None, 'change': True}
2024-05-12 00:26:41,239 : INFO : EventManager : Event: ======'init_phase_5'====== Args={}
2024-05-12 00:26:41,276 : INFO : EventManager : Event: ======'init_done'====== Args={}
2024-05-12 00:26:41,276 : INFO : EventManager : Event: ======'machine_reset_phase_1'====== Args={}
2024-05-12 00:26:41,283 : INFO : EventManager : Event: ======'machine_reset_phase_2'====== Args={}
2024-05-12 00:26:41,283 : INFO : EventManager : Event: ======'machine_reset_phase_3'====== Args={}
2024-05-12 00:26:41,283 : INFO : EventManager : Event: ======'reset_complete'====== Args={}
2024-05-12 00:26:41,283 : INFO : EventManager : Event: ======'mode_attract_will_start'====== Args={}
2024-05-12 00:26:41,283 : INFO : EventManager : Event: ======'mode_attract_starting'====== Args={}
2024-05-12 00:26:41,283 : INFO : Mode.attract : Started. Priority: 10
2024-05-12 00:26:41,283 : INFO : EventManager : Event: ======'modes_active_modes_changed'====== Args={}
2024-05-12 00:26:41,283 : INFO : EventManager : Event: ======'mode_attract_started'====== Args={}
2024-05-12 00:26:41,284 : INFO : EventManager : Event: ======'collecting_balls_complete'====== Args={}
2024-05-12 00:26:41,297 : INFO : Machine : Starting the main run loop.
2024-05-12 00:26:41,311 : INFO : EventManager : Event: ======'slide_attract_created'====== Args={'_from_bcp': True}
2024-05-12 00:26:41,311 : INFO : EventManager : Event: ======'slide__removed'====== Args={'_from_bcp': True}
2024-05-12 00:26:41,311 : INFO : EventManager : Event: ======'slide_attract_active'====== Args={'original_context': 'attract', 'original_calling_context': 'mode_attract_started', 'cmd': 'slides_play', '_from_bcp': True}
2024-05-12 00:26:42,885 : INFO : SwitchController : <<<<<<< 's_trough_ball_1' active >>>>>>>
2024-05-12 00:26:43,141 : INFO : SwitchController : <<<<<<< 's_trough_ball_2' active >>>>>>>
2024-05-12 00:26:43,405 : INFO : SwitchController : <<<<<<< 's_trough_ball_3' active >>>>>>>
2024-05-12 00:26:43,902 : INFO : EventManager : Event: ======'balldevice_bd_trough_ball_count_changed'====== Args={'balls': 3}
2024-05-12 00:26:43,902 : INFO : ball_device.bd_trough : Received unexpected ball
2024-05-12 00:26:43,902 : INFO : EventManager : Event: ======'balldevice_captured_from_playfield'====== Args={'balls': 1}
2024-05-12 00:26:43,902 : INFO : EventManager : Event: ======'sw_playfield_active'====== Args={'balls': 1}
2024-05-12 00:26:43,902 : INFO : EventManager : Event: ======'playfield_active'====== Args={}
2024-05-12 00:26:43,902 : INFO : EventManager : Event: ======'unexpected_ball_on_playfield'====== Args={}
2024-05-12 00:26:43,902 : INFO : EventManager : Event: ======'playfield_ball_count_change'====== Args={'balls': -1, 'change': -1}
2024-05-12 00:26:43,903 : INFO : EventManager : Event: ======'balldevice_playfield_ball_enter'====== Args={'new_balls': 1, 'unclaimed_balls': 1, 'device': <playfield.playfield>}
2024-05-12 00:26:43,903 : INFO : EventManager : Event: ======'playfield_ball_count_change'====== Args={'balls': 0, 'change': 1}
2024-05-12 00:26:43,903 : INFO : BallController : Found a new ball which was captured from playfield. Known balls: 1
2024-05-12 00:26:43,903 : INFO : EventManager : Event: ======'found_new_ball'====== Args={}
2024-05-12 00:26:43,903 : INFO : EventManager : Event: ======'balldevice_bd_trough_ball_enter'====== Args={'new_balls': 1, 'unclaimed_balls': 1, 'new_available_balls': 1, 'device': <ball_device.bd_trough>}
2024-05-12 00:26:43,903 : INFO : EventManager : Event: ======'ball_drain'====== Args={'device': <ball_device.bd_trough>, 'balls': 1}
2024-05-12 00:26:43,903 : INFO : EventManager : Event: ======'balldevice_balls_available'====== Args={}
2024-05-12 00:26:43,903 : INFO : EventManager : Event: ======'balldevice_bd_trough_ball_entered'====== Args={'new_balls': 1, 'device': <ball_device.bd_trough>}
2024-05-12 00:26:43,903 : INFO : ball_device.bd_trough : Received unexpected ball
2024-05-12 00:26:43,903 : INFO : EventManager : Event: ======'balldevice_captured_from_playfield'====== Args={'balls': 1}
2024-05-12 00:26:43,903 : INFO : EventManager : Event: ======'sw_playfield_active'====== Args={'balls': 1}
2024-05-12 00:26:43,903 : INFO : EventManager : Event: ======'playfield_active'====== Args={}
2024-05-12 00:26:43,903 : INFO : EventManager : Event: ======'unexpected_ball_on_playfield'====== Args={}
2024-05-12 00:26:43,903 : INFO : EventManager : Event: ======'playfield_ball_count_change'====== Args={'balls': -1, 'change': -1}
2024-05-12 00:26:43,903 : INFO : EventManager : Event: ======'balldevice_playfield_ball_enter'====== Args={'new_balls': 1, 'unclaimed_balls': 1, 'device': <playfield.playfield>}
2024-05-12 00:26:43,903 : INFO : EventManager : Event: ======'playfield_ball_count_change'====== Args={'balls': 0, 'change': 1}
2024-05-12 00:26:43,903 : INFO : BallController : Found a new ball which was captured from playfield. Known balls: 2
2024-05-12 00:26:43,904 : INFO : EventManager : Event: ======'found_new_ball'====== Args={}
2024-05-12 00:26:43,904 : INFO : EventManager : Event: ======'balldevice_bd_trough_ball_enter'====== Args={'new_balls': 1, 'unclaimed_balls': 1, 'new_available_balls': 1, 'device': <ball_device.bd_trough>}
2024-05-12 00:26:43,904 : INFO : EventManager : Event: ======'ball_drain'====== Args={'device': <ball_device.bd_trough>, 'balls': 1}
2024-05-12 00:26:43,904 : INFO : EventManager : Event: ======'balldevice_balls_available'====== Args={}
2024-05-12 00:26:43,904 : INFO : EventManager : Event: ======'balldevice_bd_trough_ball_entered'====== Args={'new_balls': 1, 'device': <ball_device.bd_trough>}
2024-05-12 00:26:43,904 : INFO : ball_device.bd_trough : Received unexpected ball
2024-05-12 00:26:43,904 : INFO : EventManager : Event: ======'balldevice_captured_from_playfield'====== Args={'balls': 1}
2024-05-12 00:26:43,904 : INFO : EventManager : Event: ======'sw_playfield_active'====== Args={'balls': 1}
2024-05-12 00:26:43,904 : INFO : EventManager : Event: ======'playfield_active'====== Args={}
2024-05-12 00:26:43,904 : INFO : EventManager : Event: ======'unexpected_ball_on_playfield'====== Args={}
2024-05-12 00:26:43,904 : INFO : EventManager : Event: ======'playfield_ball_count_change'====== Args={'balls': -1, 'change': -1}
2024-05-12 00:26:43,904 : INFO : EventManager : Event: ======'balldevice_playfield_ball_enter'====== Args={'new_balls': 1, 'unclaimed_balls': 1, 'device': <playfield.playfield>}
2024-05-12 00:26:43,904 : INFO : EventManager : Event: ======'playfield_ball_count_change'====== Args={'balls': 0, 'change': 1}
2024-05-12 00:26:43,904 : INFO : BallController : Found a new ball which was captured from playfield. Known balls: 3
2024-05-12 00:26:43,904 : INFO : EventManager : Event: ======'found_new_ball'====== Args={}
2024-05-12 00:26:43,904 : INFO : EventManager : Event: ======'balldevice_bd_trough_ball_enter'====== Args={'new_balls': 1, 'unclaimed_balls': 1, 'new_available_balls': 1, 'device': <ball_device.bd_trough>}
2024-05-12 00:26:43,905 : INFO : EventManager : Event: ======'ball_drain'====== Args={'device': <ball_device.bd_trough>, 'balls': 1}
2024-05-12 00:26:43,905 : INFO : EventManager : Event: ======'balldevice_balls_available'====== Args={}
2024-05-12 00:26:43,905 : INFO : EventManager : Event: ======'balldevice_bd_trough_ball_entered'====== Args={'new_balls': 1, 'device': <ball_device.bd_trough>}
2024-05-12 00:26:44,475 : INFO : SwitchController : <<<<<<< 's_start' active >>>>>>>
2024-05-12 00:26:44,530 : INFO : SwitchController : <<<<<<< 's_start' inactive >>>>>>>
2024-05-12 00:26:44,530 : INFO : EventManager : Event: ======'request_to_start_game'====== Args={}
2024-05-12 00:26:44,530 : INFO : EventManager : Event: ======'game_start'====== Args={'buttons': [], 'hold_time': 0.04700000000593718}
2024-05-12 00:26:44,530 : INFO : EventManager : Event: ======'mode_game_will_start'====== Args={'buttons': [], 'hold_time': 0.04700000000593718}
2024-05-12 00:26:44,531 : INFO : EventManager : Event: ======'mode_game_starting'====== Args={'buttons': [], 'hold_time': 0.04700000000593718}
2024-05-12 00:26:44,531 : INFO : EventManager : Event: ======'mode_attract_will_stop'====== Args={}
2024-05-12 00:26:44,531 : INFO : EventManager : Event: ======'mode_attract_stopping'====== Args={}
2024-05-12 00:26:44,531 : INFO : Mode.game : Started. Priority: 20
2024-05-12 00:26:44,531 : INFO : EventManager : Event: ======'modes_active_modes_changed'====== Args={}
2024-05-12 00:26:44,531 : INFO : EventManager : Event: ======'mode_game_started'====== Args={'buttons': [], 'hold_time': 0.04700000000593718}
2024-05-12 00:26:44,540 : INFO : Mode.attract : Stopped.
2024-05-12 00:26:44,540 : INFO : EventManager : Event: ======'modes_active_modes_changed'====== Args={}
2024-05-12 00:26:44,540 : INFO : EventManager : Event: ======'mode_attract_stopped'====== Args={}
2024-05-12 00:26:44,540 : INFO : EventManager : Event: ======'clear'====== Args={'key': 'attract'}
2024-05-12 00:26:44,540 : INFO : EventManager : Event: ======'game_will_start'====== Args={}
2024-05-12 00:26:44,550 : INFO : EventManager : Event: ======'game_starting'====== Args={'game': <Mode.game>}
2024-05-12 00:26:44,550 : INFO : EventManager : Unordered handler for class <Auditor> on event game_ended with priority 1. Handlers: [RegisteredHandler(callback=<bound method Auditor.disable of <Auditor>>, priority=1, kwargs={}, key=UUID('b43ef1e8-a491-4574-8bbc-67a4d8f4be1a'), condition=None, blocking_facility=None), RegisteredHandler(callback=<bound method Auditor._save_audits of <Auditor>>, priority=1, kwargs={}, key=UUID('a0d652a6-577a-49f8-aa0f-8ddabed41968'), condition=None, blocking_facility=None)]. The order of those handlers is not defined and they will be executed in random order. This might lead to race conditions and potential bugs.
2024-05-12 00:26:44,550 : INFO : EventManager : Event: ======'player_add_request'====== Args={}
2024-05-12 00:26:44,550 : INFO : EventManager : Event: ======'player_will_add'====== Args={'number': 1}
2024-05-12 00:26:44,550 : INFO : EventManager : Event: ======'player_adding'====== Args={'player': <Player 1>, 'number': 1}
2024-05-12 00:26:44,550 : INFO : EventManager : Event: ======'player_added'====== Args={'player': <Player 1>, 'num': 1}
2024-05-12 00:26:44,550 : INFO : Mode.game : Player added successfully. Total players: 1
2024-05-12 00:26:44,550 : INFO : EventManager : Event: ======'player_index'====== Args={'value': 0, 'prev_value': 0, 'change': 0, 'player_num': 1}
2024-05-12 00:26:44,550 : INFO : EventManager : Event: ======'player_number'====== Args={'value': 1, 'prev_value': 1, 'change': 0, 'player_num': 1}
2024-05-12 00:26:44,551 : INFO : EventManager : Event: ======'player_score'====== Args={'value': 0, 'prev_value': 0, 'change': 0, 'player_num': 1}
2024-05-12 00:26:44,551 : INFO : EventManager : Event: ======'game_started'====== Args={}
2024-05-12 00:26:44,555 : INFO : EventManager : Event: ======'player_turn_will_start'====== Args={'player': <Player 1>, 'number': 1}
2024-05-12 00:26:44,555 : INFO : EventManager : Event: ======'player_turn_starting'====== Args={'player': <Player 1>, 'number': 1}
2024-05-12 00:26:44,555 : INFO : EventManager : Event: ======'player_ball'====== Args={'value': 1, 'prev_value': 0, 'change': 1, 'player_num': 1}
2024-05-12 00:26:44,556 : INFO : EventManager : Event: ======'player_turn_started'====== Args={'player': <Player 1>, 'number': 1}
2024-05-12 00:26:44,556 : INFO : EventManager : Event: ======'ball_will_start'====== Args={'player': 1, 'ball': 1, 'balls_remaining': 2, 'is_extra_ball': False}
2024-05-12 00:26:44,559 : INFO : EventManager : Event: ======'ball_starting'====== Args={'player': 1, 'ball': 1, 'balls_remaining': 2, 'is_extra_ball': False}
2024-05-12 00:26:44,559 : INFO : EventManager : Event: ======'balls_in_play'====== Args={'balls': 1}
2024-05-12 00:26:44,559 : INFO : EventManager : Event: ======'ball_started'====== Args={'player': 1, 'ball': 1, 'balls_remaining': 2, 'is_extra_ball': False}
2024-05-12 00:26:44,559 : INFO : EventManager : Event: ======'mode_char_select_will_start'====== Args={'player': 1, 'ball': 1, 'balls_remaining': 2, 'is_extra_ball': False}
2024-05-12 00:26:44,560 : INFO : EventManager : Event: ======'mode_char_select_starting'====== Args={'player': 1, 'ball': 1, 'balls_remaining': 2, 'is_extra_ball': False}
2024-05-12 00:26:44,560 : INFO : EventManager : Event: ======'mode_base_will_start'====== Args={'player': 1, 'ball': 1, 'balls_remaining': 2, 'is_extra_ball': False}
2024-05-12 00:26:44,561 : INFO : EventManager : Event: ======'mode_base_starting'====== Args={'player': 1, 'ball': 1, 'balls_remaining': 2, 'is_extra_ball': False}
2024-05-12 00:26:44,561 : INFO : Mode.base : Started. Priority: 100
2024-05-12 00:26:44,561 : INFO : EventManager : Event: ======'modes_active_modes_changed'====== Args={}
2024-05-12 00:26:44,561 : INFO : EventManager : Event: ======'mode_base_started'====== Args={'player': 1, 'ball': 1, 'balls_remaining': 2, 'is_extra_ball': False}
2024-05-12 00:26:44,561 : INFO : Mode.char_select : Started. Priority: 501
2024-05-12 00:26:44,561 : INFO : EventManager : Event: ======'modes_active_modes_changed'====== Args={}
2024-05-12 00:26:44,561 : INFO : EventManager : Event: ======'mode_char_select_started'====== Args={'player': 1, 'ball': 1, 'balls_remaining': 2, 'is_extra_ball': False}
2024-05-12 00:26:44,561 : INFO : EventManager : Event: ======'item_highlighted'====== Args={'carousel': 'char_select', 'direction': None, 'item': 'percy'}
2024-05-12 00:26:44,563 : INFO : EventManager : Event: ======'single_player_ball_started'====== Args={}
2024-05-12 00:26:44,575 : INFO : EventManager : Event: ======'ball_start_target'====== Args={'target': 'playfield'}
2024-05-12 00:26:44,575 : INFO : ball_device.bd_plunger : Setting up player-controlled eject. Balls: 1, Target: <playfield.playfield>, player_controlled_eject_event: None
2024-05-12 00:26:44,575 : INFO : EventManager : Event: ======'balldevice_balls_available'====== Args={}
2024-05-12 00:26:44,575 : INFO : ball_device.bd_trough : State: waiting_for_target_ready
2024-05-12 00:26:44,575 : INFO : EventManager : Event: ======'balldevice_bd_trough_ball_eject_attempt'====== Args={'balls': 1, 'target': <ball_device.bd_plunger>, 'source': <ball_device.bd_trough>, 'mechanical_eject': True, 'num_attempts': 0}
2024-05-12 00:26:44,576 : INFO : ball_device.bd_plunger : State: waiting_for_ball
2024-05-12 00:26:44,576 : INFO : ball_device.bd_trough : State: ejecting
2024-05-12 00:26:44,576 : INFO : ball_device.bd_trough : Ejecting ball to <ball_device.bd_plunger>
2024-05-12 00:26:44,576 : INFO : EventManager : Event: ======'balldevice_bd_trough_ejecting_ball'====== Args={'balls': 1, 'target': <ball_device.bd_plunger>, 'source': <ball_device.bd_trough>, 'mechanical_eject': True, 'num_attempts': 0}
2024-05-12 00:26:44,576 : INFO : ball_device.bd_trough : Wait for ball to leave device
2024-05-12 00:26:44,576 : INFO : coil.c_trough_eject_coil : Pulsing Driver for 15ms (1.0 pulse_power)
2024-05-12 00:26:44,588 : INFO : EventManager : Event: ======'slide_base_created'====== Args={'_from_bcp': True}
2024-05-12 00:26:44,588 : INFO : EventManager : Event: ======'slide_attract_inactive'====== Args={'_from_bcp': True}
2024-05-12 00:26:44,588 : INFO : EventManager : Event: ======'slide_base_active'====== Args={'original_context': 'base', 'original_calling_context': 'mode_base_started', 'cmd': 'slides_play', '_from_bcp': True}
2024-05-12 00:26:44,588 : INFO : EventManager : Event: ======'slide_attract_removed'====== Args={'_from_bcp': True}
2024-05-12 00:26:46,575 : INFO : EventManager : Event: ======'balldevice_bd_trough_ball_eject_failed'====== Args={'target': <ball_device.bd_plunger>, 'balls': 1, 'retry': True, 'num_attempts': 1}
2024-05-12 00:26:46,575 : INFO : ball_device.bd_trough : State: waiting_for_target_ready
2024-05-12 00:26:46,575 : INFO : EventManager : Event: ======'balldevice_bd_trough_ball_eject_attempt'====== Args={'balls': 1, 'target': <ball_device.bd_plunger>, 'source': <ball_device.bd_trough>, 'mechanical_eject': True, 'num_attempts': 1}
2024-05-12 00:26:46,575 : INFO : ball_device.bd_trough : State: ejecting
2024-05-12 00:26:46,576 : INFO : ball_device.bd_trough : Ejecting ball to <ball_device.bd_plunger>
2024-05-12 00:26:46,576 : INFO : EventManager : Event: ======'balldevice_bd_trough_ejecting_ball'====== Args={'balls': 1, 'target': <ball_device.bd_plunger>, 'source': <ball_device.bd_trough>, 'mechanical_eject': True, 'num_attempts': 1}
2024-05-12 00:26:46,576 : INFO : ball_device.bd_trough : Wait for ball to leave device
2024-05-12 00:26:46,576 : INFO : coil.c_trough_eject_coil : Pulsing Driver for 15ms (1.0 pulse_power)
2024-05-12 00:26:48,583 : INFO : EventManager : Event: ======'balldevice_bd_trough_ball_eject_failed'====== Args={'target': <ball_device.bd_plunger>, 'balls': 1, 'retry': True, 'num_attempts': 2}
2024-05-12 00:26:48,584 : INFO : ball_device.bd_trough : State: waiting_for_target_ready
2024-05-12 00:26:48,584 : INFO : EventManager : Event: ======'balldevice_bd_trough_ball_eject_attempt'====== Args={'balls': 1, 'target': <ball_device.bd_plunger>, 'source': <ball_device.bd_trough>, 'mechanical_eject': True, 'num_attempts': 2}
2024-05-12 00:26:48,584 : INFO : ball_device.bd_trough : State: ejecting
2024-05-12 00:26:48,585 : INFO : ball_device.bd_trough : Ejecting ball to <ball_device.bd_plunger>
2024-05-12 00:26:48,585 : INFO : EventManager : Event: ======'balldevice_bd_trough_ejecting_ball'====== Args={'balls': 1, 'target': <ball_device.bd_plunger>, 'source': <ball_device.bd_trough>, 'mechanical_eject': True, 'num_attempts': 2}
2024-05-12 00:26:48,585 : INFO : ball_device.bd_trough : Wait for ball to leave device
2024-05-12 00:26:48,586 : INFO : coil.c_trough_eject_coil : Pulsing Driver for 15ms (1.0 pulse_power)
2024-05-12 00:26:50,593 : INFO : EventManager : Event: ======'balldevice_bd_trough_ball_eject_failed'====== Args={'target': <ball_device.bd_plunger>, 'balls': 1, 'retry': True, 'num_attempts': 3}
2024-05-12 00:26:50,593 : INFO : ball_device.bd_trough : State: waiting_for_target_ready
2024-05-12 00:26:50,593 : INFO : EventManager : Event: ======'balldevice_bd_trough_ball_eject_attempt'====== Args={'balls': 1, 'target': <ball_device.bd_plunger>, 'source': <ball_device.bd_trough>, 'mechanical_eject': True, 'num_attempts': 3}
2024-05-12 00:26:50,593 : INFO : ball_device.bd_trough : State: ejecting
2024-05-12 00:26:50,594 : INFO : ball_device.bd_trough : Ejecting ball to <ball_device.bd_plunger>
2024-05-12 00:26:50,594 : INFO : EventManager : Event: ======'balldevice_bd_trough_ejecting_ball'====== Args={'balls': 1, 'target': <ball_device.bd_plunger>, 'source': <ball_device.bd_trough>, 'mechanical_eject': True, 'num_attempts': 3}
2024-05-12 00:26:50,594 : INFO : ball_device.bd_trough : Wait for ball to leave device
2024-05-12 00:26:50,594 : INFO : coil.c_trough_eject_coil : Pulsing Driver for 15ms (1.0 pulse_power)
2024-05-12 00:26:52,601 : INFO : EventManager : Event: ======'balldevice_bd_trough_ball_eject_failed'====== Args={'target': <ball_device.bd_plunger>, 'balls': 1, 'retry': True, 'num_attempts': 4}
2024-05-12 00:26:52,601 : INFO : ball_device.bd_trough : State: waiting_for_target_ready
2024-05-12 00:26:52,601 : INFO : EventManager : Event: ======'balldevice_bd_trough_ball_eject_attempt'====== Args={'balls': 1, 'target': <ball_device.bd_plunger>, 'source': <ball_device.bd_trough>, 'mechanical_eject': True, 'num_attempts': 4}
2024-05-12 00:26:52,601 : INFO : ball_device.bd_trough : State: ejecting
2024-05-12 00:26:52,601 : INFO : ball_device.bd_trough : Ejecting ball to <ball_device.bd_plunger>
2024-05-12 00:26:52,602 : INFO : EventManager : Event: ======'balldevice_bd_trough_ejecting_ball'====== Args={'balls': 1, 'target': <ball_device.bd_plunger>, 'source': <ball_device.bd_trough>, 'mechanical_eject': True, 'num_attempts': 4}
2024-05-12 00:26:52,602 : INFO : ball_device.bd_trough : Wait for ball to leave device
2024-05-12 00:26:52,602 : INFO : coil.c_trough_eject_coil : Pulsing Driver for 15ms (1.0 pulse_power)
2024-05-12 00:26:54,604 : INFO : EventManager : Event: ======'balldevice_bd_trough_ball_eject_failed'====== Args={'target': <ball_device.bd_plunger>, 'balls': 1, 'retry': True, 'num_attempts': 5}
2024-05-12 00:26:54,604 : INFO : ball_device.bd_trough : State: waiting_for_target_ready
2024-05-12 00:26:54,605 : INFO : EventManager : Event: ======'balldevice_bd_trough_ball_eject_attempt'====== Args={'balls': 1, 'target': <ball_device.bd_plunger>, 'source': <ball_device.bd_trough>, 'mechanical_eject': True, 'num_attempts': 5}
2024-05-12 00:26:54,605 : INFO : ball_device.bd_trough : State: ejecting
2024-05-12 00:26:54,605 : INFO : ball_device.bd_trough : Ejecting ball to <ball_device.bd_plunger>
2024-05-12 00:26:54,605 : INFO : EventManager : Event: ======'balldevice_bd_trough_ejecting_ball'====== Args={'balls': 1, 'target': <ball_device.bd_plunger>, 'source': <ball_device.bd_trough>, 'mechanical_eject': True, 'num_attempts': 5}
2024-05-12 00:26:54,605 : INFO : ball_device.bd_trough : Wait for ball to leave device
2024-05-12 00:26:54,606 : INFO : coil.c_trough_eject_coil : Pulsing Driver for 15ms (1.0 pulse_power)
2024-05-12 00:26:56,612 : INFO : EventManager : Event: ======'balldevice_bd_trough_ball_eject_failed'====== Args={'target': <ball_device.bd_plunger>, 'balls': 1, 'retry': True, 'num_attempts': 6}
2024-05-12 00:26:56,612 : INFO : ball_device.bd_trough : State: waiting_for_target_ready
2024-05-12 00:26:56,612 : INFO : EventManager : Event: ======'balldevice_bd_trough_ball_eject_attempt'====== Args={'balls': 1, 'target': <ball_device.bd_plunger>, 'source': <ball_device.bd_trough>, 'mechanical_eject': True, 'num_attempts': 6}
2024-05-12 00:26:56,612 : INFO : ball_device.bd_trough : State: ejecting
2024-05-12 00:26:56,612 : INFO : ball_device.bd_trough : Ejecting ball to <ball_device.bd_plunger>
2024-05-12 00:26:56,613 : INFO : EventManager : Event: ======'balldevice_bd_trough_ejecting_ball'====== Args={'balls': 1, 'target': <ball_device.bd_plunger>, 'source': <ball_device.bd_trough>, 'mechanical_eject': True, 'num_attempts': 6}
2024-05-12 00:26:56,613 : INFO : ball_device.bd_trough : Wait for ball to leave device
2024-05-12 00:26:56,613 : INFO : coil.c_trough_eject_coil : Pulsing Driver for 15ms (1.0 pulse_power)
2024-05-12 00:26:58,630 : INFO : EventManager : Event: ======'balldevice_bd_trough_ball_eject_failed'====== Args={'target': <ball_device.bd_plunger>, 'balls': 1, 'retry': True, 'num_attempts': 7}
2024-05-12 00:26:58,631 : INFO : ball_device.bd_trough : State: waiting_for_target_ready
2024-05-12 00:26:58,631 : INFO : EventManager : Event: ======'balldevice_bd_trough_ball_eject_attempt'====== Args={'balls': 1, 'target': <ball_device.bd_plunger>, 'source': <ball_device.bd_trough>, 'mechanical_eject': True, 'num_attempts': 7}
2024-05-12 00:26:58,631 : INFO : ball_device.bd_trough : State: ejecting
2024-05-12 00:26:58,631 : INFO : ball_device.bd_trough : Ejecting ball to <ball_device.bd_plunger>
2024-05-12 00:26:58,631 : INFO : EventManager : Event: ======'balldevice_bd_trough_ejecting_ball'====== Args={'balls': 1, 'target': <ball_device.bd_plunger>, 'source': <ball_device.bd_trough>, 'mechanical_eject': True, 'num_attempts': 7}
2024-05-12 00:26:58,632 : INFO : ball_device.bd_trough : Wait for ball to leave device
2024-05-12 00:26:58,632 : INFO : coil.c_trough_eject_coil : Pulsing Driver for 15ms (1.0 pulse_power)
2024-05-12 00:27:00,652 : INFO : EventManager : Event: ======'balldevice_bd_trough_ball_eject_failed'====== Args={'target': <ball_device.bd_plunger>, 'balls': 1, 'retry': True, 'num_attempts': 8}
2024-05-12 00:27:00,654 : INFO : ball_device.bd_trough : State: waiting_for_target_ready
2024-05-12 00:27:00,654 : INFO : EventManager : Event: ======'balldevice_bd_trough_ball_eject_attempt'====== Args={'balls': 1, 'target': <ball_device.bd_plunger>, 'source': <ball_device.bd_trough>, 'mechanical_eject': True, 'num_attempts': 8}
2024-05-12 00:27:00,654 : INFO : ball_device.bd_trough : State: ejecting
2024-05-12 00:27:00,655 : INFO : ball_device.bd_trough : Ejecting ball to <ball_device.bd_plunger>
2024-05-12 00:27:00,655 : INFO : EventManager : Event: ======'balldevice_bd_trough_ejecting_ball'====== Args={'balls': 1, 'target': <ball_device.bd_plunger>, 'source': <ball_device.bd_trough>, 'mechanical_eject': True, 'num_attempts': 8}
2024-05-12 00:27:00,655 : INFO : ball_device.bd_trough : Wait for ball to leave device
2024-05-12 00:27:00,656 : INFO : coil.c_trough_eject_coil : Pulsing Driver for 15ms (1.0 pulse_power)
2024-05-12 00:27:02,658 : INFO : EventManager : Event: ======'balldevice_bd_trough_ball_eject_failed'====== Args={'target': <ball_device.bd_plunger>, 'balls': 1, 'retry': True, 'num_attempts': 9}
2024-05-12 00:27:02,659 : INFO : ball_device.bd_trough : State: waiting_for_target_ready
2024-05-12 00:27:02,659 : INFO : EventManager : Event: ======'balldevice_bd_trough_ball_eject_attempt'====== Args={'balls': 1, 'target': <ball_device.bd_plunger>, 'source': <ball_device.bd_trough>, 'mechanical_eject': True, 'num_attempts': 9}
2024-05-12 00:27:02,659 : INFO : ball_device.bd_trough : State: ejecting
2024-05-12 00:27:02,659 : INFO : ball_device.bd_trough : Ejecting ball to <ball_device.bd_plunger>
2024-05-12 00:27:02,660 : INFO : EventManager : Event: ======'balldevice_bd_trough_ejecting_ball'====== Args={'balls': 1, 'target': <ball_device.bd_plunger>, 'source': <ball_device.bd_trough>, 'mechanical_eject': True, 'num_attempts': 9}
2024-05-12 00:27:02,660 : INFO : ball_device.bd_trough : Wait for ball to leave device
2024-05-12 00:27:02,660 : INFO : coil.c_trough_eject_coil : Pulsing Driver for 15ms (1.0 pulse_power)
2024-05-12 00:27:04,671 : INFO : EventManager : Event: ======'balldevice_bd_trough_ball_eject_failed'====== Args={'target': <ball_device.bd_plunger>, 'balls': 1, 'retry': True, 'num_attempts': 10}
2024-05-12 00:27:04,673 : INFO : ball_device.bd_trough : State: waiting_for_target_ready
2024-05-12 00:27:04,674 : INFO : EventManager : Event: ======'balldevice_bd_trough_ball_eject_attempt'====== Args={'balls': 1, 'target': <ball_device.bd_plunger>, 'source': <ball_device.bd_trough>, 'mechanical_eject': True, 'num_attempts': 10}
2024-05-12 00:27:04,674 : INFO : ball_device.bd_trough : State: ejecting
2024-05-12 00:27:04,675 : INFO : ball_device.bd_trough : Ejecting ball to <ball_device.bd_plunger>
2024-05-12 00:27:04,675 : INFO : EventManager : Event: ======'balldevice_bd_trough_ejecting_ball'====== Args={'balls': 1, 'target': <ball_device.bd_plunger>, 'source': <ball_device.bd_trough>, 'mechanical_eject': True, 'num_attempts': 10}
2024-05-12 00:27:04,676 : INFO : ball_device.bd_trough : Wait for ball to leave device
2024-05-12 00:27:04,677 : INFO : coil.c_trough_eject_coil : Pulsing Driver for 15ms (1.0 pulse_power)
2024-05-12 00:27:06,691 : INFO : EventManager : Event: ======'balldevice_bd_trough_ball_eject_failed'====== Args={'target': <ball_device.bd_plunger>, 'balls': 1, 'retry': True, 'num_attempts': 11}
2024-05-12 00:27:06,691 : INFO : ball_device.bd_trough : State: waiting_for_target_ready
2024-05-12 00:27:06,691 : INFO : EventManager : Event: ======'balldevice_bd_trough_ball_eject_attempt'====== Args={'balls': 1, 'target': <ball_device.bd_plunger>, 'source': <ball_device.bd_trough>, 'mechanical_eject': True, 'num_attempts': 11}
2024-05-12 00:27:06,691 : INFO : ball_device.bd_trough : State: ejecting
2024-05-12 00:27:06,692 : INFO : ball_device.bd_trough : Ejecting ball to <ball_device.bd_plunger>
2024-05-12 00:27:06,692 : INFO : EventManager : Event: ======'balldevice_bd_trough_ejecting_ball'====== Args={'balls': 1, 'target': <ball_device.bd_plunger>, 'source': <ball_device.bd_trough>, 'mechanical_eject': True, 'num_attempts': 11}
2024-05-12 00:27:06,692 : INFO : ball_device.bd_trough : Wait for ball to leave device
2024-05-12 00:27:06,692 : INFO : coil.c_trough_eject_coil : Pulsing Driver for 15ms (1.0 pulse_power)
2024-05-12 00:27:08,697 : INFO : EventManager : Event: ======'balldevice_bd_trough_ball_eject_failed'====== Args={'target': <ball_device.bd_plunger>, 'balls': 1, 'retry': True, 'num_attempts': 12}
2024-05-12 00:27:08,697 : INFO : ball_device.bd_trough : State: waiting_for_target_ready
2024-05-12 00:27:08,697 : INFO : EventManager : Event: ======'balldevice_bd_trough_ball_eject_attempt'====== Args={'balls': 1, 'target': <ball_device.bd_plunger>, 'source': <ball_device.bd_trough>, 'mechanical_eject': True, 'num_attempts': 12}
2024-05-12 00:27:08,697 : INFO : ball_device.bd_trough : State: ejecting
2024-05-12 00:27:08,698 : INFO : ball_device.bd_trough : Ejecting ball to <ball_device.bd_plunger>
2024-05-12 00:27:08,698 : INFO : EventManager : Event: ======'balldevice_bd_trough_ejecting_ball'====== Args={'balls': 1, 'target': <ball_device.bd_plunger>, 'source': <ball_device.bd_trough>, 'mechanical_eject': True, 'num_attempts': 12}
2024-05-12 00:27:08,698 : INFO : ball_device.bd_trough : Wait for ball to leave device
2024-05-12 00:27:08,698 : INFO : coil.c_trough_eject_coil : Pulsing Driver for 15ms (1.0 pulse_power)
2024-05-12 00:27:10,696 : INFO : EventManager : Event: ======'balldevice_bd_trough_ball_eject_failed'====== Args={'target': <ball_device.bd_plunger>, 'balls': 1, 'retry': True, 'num_attempts': 13}
2024-05-12 00:27:10,697 : INFO : ball_device.bd_trough : State: waiting_for_target_ready
2024-05-12 00:27:10,697 : INFO : EventManager : Event: ======'balldevice_bd_trough_ball_eject_attempt'====== Args={'balls': 1, 'target': <ball_device.bd_plunger>, 'source': <ball_device.bd_trough>, 'mechanical_eject': True, 'num_attempts': 13}
2024-05-12 00:27:10,698 : INFO : ball_device.bd_trough : State: ejecting
2024-05-12 00:27:10,698 : INFO : ball_device.bd_trough : Ejecting ball to <ball_device.bd_plunger>
2024-05-12 00:27:10,698 : INFO : EventManager : Event: ======'balldevice_bd_trough_ejecting_ball'====== Args={'balls': 1, 'target': <ball_device.bd_plunger>, 'source': <ball_device.bd_trough>, 'mechanical_eject': True, 'num_attempts': 13}
2024-05-12 00:27:10,698 : INFO : ball_device.bd_trough : Wait for ball to leave device
2024-05-12 00:27:10,699 : INFO : coil.c_trough_eject_coil : Pulsing Driver for 15ms (1.0 pulse_power)
2024-05-12 00:27:12,703 : INFO : EventManager : Event: ======'balldevice_bd_trough_ball_eject_failed'====== Args={'target': <ball_device.bd_plunger>, 'balls': 1, 'retry': True, 'num_attempts': 14}
2024-05-12 00:27:12,703 : INFO : ball_device.bd_trough : State: waiting_for_target_ready
2024-05-12 00:27:12,703 : INFO : EventManager : Event: ======'balldevice_bd_trough_ball_eject_attempt'====== Args={'balls': 1, 'target': <ball_device.bd_plunger>, 'source': <ball_device.bd_trough>, 'mechanical_eject': True, 'num_attempts': 14}
2024-05-12 00:27:12,703 : INFO : ball_device.bd_trough : State: ejecting
2024-05-12 00:27:12,703 : INFO : ball_device.bd_trough : Ejecting ball to <ball_device.bd_plunger>
2024-05-12 00:27:12,703 : INFO : EventManager : Event: ======'balldevice_bd_trough_ejecting_ball'====== Args={'balls': 1, 'target': <ball_device.bd_plunger>, 'source': <ball_device.bd_trough>, 'mechanical_eject': True, 'num_attempts': 14}
2024-05-12 00:27:12,704 : INFO : ball_device.bd_trough : Wait for ball to leave device
2024-05-12 00:27:12,704 : INFO : coil.c_trough_eject_coil : Pulsing Driver for 15ms (1.0 pulse_power)
2024-05-12 00:27:14,703 : INFO : EventManager : Event: ======'balldevice_bd_trough_ball_eject_failed'====== Args={'target': <ball_device.bd_plunger>, 'balls': 1, 'retry': True, 'num_attempts': 15}
2024-05-12 00:27:14,705 : INFO : ball_device.bd_trough : State: waiting_for_target_ready
2024-05-12 00:27:14,706 : INFO : EventManager : Event: ======'balldevice_bd_trough_ball_eject_attempt'====== Args={'balls': 1, 'target': <ball_device.bd_plunger>, 'source': <ball_device.bd_trough>, 'mechanical_eject': True, 'num_attempts': 15}
2024-05-12 00:27:14,707 : INFO : ball_device.bd_trough : State: ejecting
2024-05-12 00:27:14,707 : INFO : ball_device.bd_trough : Ejecting ball to <ball_device.bd_plunger>
2024-05-12 00:27:14,708 : INFO : EventManager : Event: ======'balldevice_bd_trough_ejecting_ball'====== Args={'balls': 1, 'target': <ball_device.bd_plunger>, 'source': <ball_device.bd_trough>, 'mechanical_eject': True, 'num_attempts': 15}
2024-05-12 00:27:14,709 : INFO : ball_device.bd_trough : Wait for ball to leave device
2024-05-12 00:27:14,709 : INFO : coil.c_trough_eject_coil : Pulsing Driver for 15ms (1.0 pulse_power)
2024-05-12 00:27:16,722 : INFO : EventManager : Event: ======'balldevice_bd_trough_ball_eject_failed'====== Args={'target': <ball_device.bd_plunger>, 'balls': 1, 'retry': True, 'num_attempts': 16}
2024-05-12 00:27:16,722 : INFO : ball_device.bd_trough : State: waiting_for_target_ready
2024-05-12 00:27:16,722 : INFO : EventManager : Event: ======'balldevice_bd_trough_ball_eject_attempt'====== Args={'balls': 1, 'target': <ball_device.bd_plunger>, 'source': <ball_device.bd_trough>, 'mechanical_eject': True, 'num_attempts': 16}
2024-05-12 00:27:16,722 : INFO : ball_device.bd_trough : State: ejecting
2024-05-12 00:27:16,722 : INFO : ball_device.bd_trough : Ejecting ball to <ball_device.bd_plunger>
2024-05-12 00:27:16,723 : INFO : EventManager : Event: ======'balldevice_bd_trough_ejecting_ball'====== Args={'balls': 1, 'target': <ball_device.bd_plunger>, 'source': <ball_device.bd_trough>, 'mechanical_eject': True, 'num_attempts': 16}
2024-05-12 00:27:16,723 : INFO : ball_device.bd_trough : Wait for ball to leave device
2024-05-12 00:27:16,723 : INFO : coil.c_trough_eject_coil : Pulsing Driver for 15ms (1.0 pulse_power)
2024-05-12 00:27:18,739 : INFO : EventManager : Event: ======'balldevice_bd_trough_ball_eject_failed'====== Args={'target': <ball_device.bd_plunger>, 'balls': 1, 'retry': True, 'num_attempts': 17}
2024-05-12 00:27:18,740 : INFO : ball_device.bd_trough : State: waiting_for_target_ready
2024-05-12 00:27:18,741 : INFO : EventManager : Event: ======'balldevice_bd_trough_ball_eject_attempt'====== Args={'balls': 1, 'target': <ball_device.bd_plunger>, 'source': <ball_device.bd_trough>, 'mechanical_eject': True, 'num_attempts': 17}
2024-05-12 00:27:18,741 : INFO : ball_device.bd_trough : State: ejecting
2024-05-12 00:27:18,741 : INFO : ball_device.bd_trough : Ejecting ball to <ball_device.bd_plunger>
2024-05-12 00:27:18,742 : INFO : EventManager : Event: ======'balldevice_bd_trough_ejecting_ball'====== Args={'balls': 1, 'target': <ball_device.bd_plunger>, 'source': <ball_device.bd_trough>, 'mechanical_eject': True, 'num_attempts': 17}
2024-05-12 00:27:18,742 : INFO : ball_device.bd_trough : Wait for ball to leave device
2024-05-12 00:27:18,743 : INFO : coil.c_trough_eject_coil : Pulsing Driver for 15ms (1.0 pulse_power)
2024-05-12 00:27:20,750 : INFO : EventManager : Event: ======'balldevice_bd_trough_ball_eject_failed'====== Args={'target': <ball_device.bd_plunger>, 'balls': 1, 'retry': True, 'num_attempts': 18}
2024-05-12 00:27:20,753 : INFO : ball_device.bd_trough : State: waiting_for_target_ready
2024-05-12 00:27:20,754 : INFO : EventManager : Event: ======'balldevice_bd_trough_ball_eject_attempt'====== Args={'balls': 1, 'target': <ball_device.bd_plunger>, 'source': <ball_device.bd_trough>, 'mechanical_eject': True, 'num_attempts': 18}
2024-05-12 00:27:20,754 : INFO : ball_device.bd_trough : State: ejecting
2024-05-12 00:27:20,755 : INFO : ball_device.bd_trough : Ejecting ball to <ball_device.bd_plunger>
2024-05-12 00:27:20,755 : INFO : EventManager : Event: ======'balldevice_bd_trough_ejecting_ball'====== Args={'balls': 1, 'target': <ball_device.bd_plunger>, 'source': <ball_device.bd_trough>, 'mechanical_eject': True, 'num_attempts': 18}
2024-05-12 00:27:20,756 : INFO : ball_device.bd_trough : Wait for ball to leave device
2024-05-12 00:27:20,756 : INFO : coil.c_trough_eject_coil : Pulsing Driver for 15ms (1.0 pulse_power)
2024-05-12 00:27:22,758 : INFO : EventManager : Event: ======'balldevice_bd_trough_ball_eject_failed'====== Args={'target': <ball_device.bd_plunger>, 'balls': 1, 'retry': True, 'num_attempts': 19}
2024-05-12 00:27:22,758 : INFO : ball_device.bd_trough : State: waiting_for_target_ready
2024-05-12 00:27:22,758 : INFO : EventManager : Event: ======'balldevice_bd_trough_ball_eject_attempt'====== Args={'balls': 1, 'target': <ball_device.bd_plunger>, 'source': <ball_device.bd_trough>, 'mechanical_eject': True, 'num_attempts': 19}
2024-05-12 00:27:22,758 : INFO : ball_device.bd_trough : State: ejecting
2024-05-12 00:27:22,758 : INFO : ball_device.bd_trough : Ejecting ball to <ball_device.bd_plunger>
2024-05-12 00:27:22,759 : INFO : EventManager : Event: ======'balldevice_bd_trough_ejecting_ball'====== Args={'balls': 1, 'target': <ball_device.bd_plunger>, 'source': <ball_device.bd_trough>, 'mechanical_eject': True, 'num_attempts': 19}
2024-05-12 00:27:22,759 : INFO : ball_device.bd_trough : Wait for ball to leave device
2024-05-12 00:27:22,759 : INFO : coil.c_trough_eject_coil : Pulsing Driver for 15ms (1.0 pulse_power)
2024-05-12 00:27:24,769 : INFO : EventManager : Event: ======'balldevice_bd_trough_ball_eject_failed'====== Args={'target': <ball_device.bd_plunger>, 'balls': 1, 'retry': True, 'num_attempts': 20}
2024-05-12 00:27:24,771 : INFO : ball_device.bd_trough : State: waiting_for_target_ready
2024-05-12 00:27:24,771 : INFO : EventManager : Event: ======'balldevice_bd_trough_ball_eject_attempt'====== Args={'balls': 1, 'target': <ball_device.bd_plunger>, 'source': <ball_device.bd_trough>, 'mechanical_eject': True, 'num_attempts': 20}
2024-05-12 00:27:24,772 : INFO : ball_device.bd_trough : State: ejecting
2024-05-12 00:27:24,772 : INFO : ball_device.bd_trough : Ejecting ball to <ball_device.bd_plunger>
2024-05-12 00:27:24,772 : INFO : EventManager : Event: ======'balldevice_bd_trough_ejecting_ball'====== Args={'balls': 1, 'target': <ball_device.bd_plunger>, 'source': <ball_device.bd_trough>, 'mechanical_eject': True, 'num_attempts': 20}
2024-05-12 00:27:24,773 : INFO : ball_device.bd_trough : Wait for ball to leave device
2024-05-12 00:27:24,774 : INFO : coil.c_trough_eject_coil : Pulsing Driver for 15ms (1.0 pulse_power)
2024-05-12 00:27:26,788 : INFO : EventManager : Event: ======'balldevice_bd_trough_ball_eject_failed'====== Args={'target': <ball_device.bd_plunger>, 'balls': 1, 'retry': True, 'num_attempts': 21}
2024-05-12 00:27:26,788 : INFO : ball_device.bd_trough : State: waiting_for_target_ready
2024-05-12 00:27:26,788 : INFO : EventManager : Event: ======'balldevice_bd_trough_ball_eject_attempt'====== Args={'balls': 1, 'target': <ball_device.bd_plunger>, 'source': <ball_device.bd_trough>, 'mechanical_eject': True, 'num_attempts': 21}
2024-05-12 00:27:26,789 : INFO : ball_device.bd_trough : State: ejecting
2024-05-12 00:27:26,789 : INFO : ball_device.bd_trough : Ejecting ball to <ball_device.bd_plunger>
2024-05-12 00:27:26,789 : INFO : EventManager : Event: ======'balldevice_bd_trough_ejecting_ball'====== Args={'balls': 1, 'target': <ball_device.bd_plunger>, 'source': <ball_device.bd_trough>, 'mechanical_eject': True, 'num_attempts': 21}
2024-05-12 00:27:26,789 : INFO : ball_device.bd_trough : Wait for ball to leave device
2024-05-12 00:27:26,789 : INFO : coil.c_trough_eject_coil : Pulsing Driver for 15ms (1.0 pulse_power)
2024-05-12 00:27:28,801 : INFO : EventManager : Event: ======'balldevice_bd_trough_ball_eject_failed'====== Args={'target': <ball_device.bd_plunger>, 'balls': 1, 'retry': True, 'num_attempts': 22}
2024-05-12 00:27:28,802 : INFO : ball_device.bd_trough : State: waiting_for_target_ready
2024-05-12 00:27:28,802 : INFO : EventManager : Event: ======'balldevice_bd_trough_ball_eject_attempt'====== Args={'balls': 1, 'target': <ball_device.bd_plunger>, 'source': <ball_device.bd_trough>, 'mechanical_eject': True, 'num_attempts': 22}
2024-05-12 00:27:28,803 : INFO : ball_device.bd_trough : State: ejecting
2024-05-12 00:27:28,803 : INFO : ball_device.bd_trough : Ejecting ball to <ball_device.bd_plunger>
2024-05-12 00:27:28,803 : INFO : EventManager : Event: ======'balldevice_bd_trough_ejecting_ball'====== Args={'balls': 1, 'target': <ball_device.bd_plunger>, 'source': <ball_device.bd_trough>, 'mechanical_eject': True, 'num_attempts': 22}
2024-05-12 00:27:28,804 : INFO : ball_device.bd_trough : Wait for ball to leave device
2024-05-12 00:27:28,804 : INFO : coil.c_trough_eject_coil : Pulsing Driver for 15ms (1.0 pulse_power)
2024-05-12 00:27:30,818 : INFO : EventManager : Event: ======'balldevice_bd_trough_ball_eject_failed'====== Args={'target': <ball_device.bd_plunger>, 'balls': 1, 'retry': True, 'num_attempts': 23}
2024-05-12 00:27:30,818 : INFO : ball_device.bd_trough : State: waiting_for_target_ready
2024-05-12 00:27:30,818 : INFO : EventManager : Event: ======'balldevice_bd_trough_ball_eject_attempt'====== Args={'balls': 1, 'target': <ball_device.bd_plunger>, 'source': <ball_device.bd_trough>, 'mechanical_eject': True, 'num_attempts': 23}
2024-05-12 00:27:30,818 : INFO : ball_device.bd_trough : State: ejecting
2024-05-12 00:27:30,818 : INFO : ball_device.bd_trough : Ejecting ball to <ball_device.bd_plunger>
2024-05-12 00:27:30,819 : INFO : EventManager : Event: ======'balldevice_bd_trough_ejecting_ball'====== Args={'balls': 1, 'target': <ball_device.bd_plunger>, 'source': <ball_device.bd_trough>, 'mechanical_eject': True, 'num_attempts': 23}
2024-05-12 00:27:30,819 : INFO : ball_device.bd_trough : Wait for ball to leave device
2024-05-12 00:27:30,819 : INFO : coil.c_trough_eject_coil : Pulsing Driver for 15ms (1.0 pulse_power)
2024-05-12 00:27:32,832 : INFO : EventManager : Event: ======'balldevice_bd_trough_ball_eject_failed'====== Args={'target': <ball_device.bd_plunger>, 'balls': 1, 'retry': True, 'num_attempts': 24}
2024-05-12 00:27:32,832 : INFO : ball_device.bd_trough : State: waiting_for_target_ready
2024-05-12 00:27:32,832 : INFO : EventManager : Event: ======'balldevice_bd_trough_ball_eject_attempt'====== Args={'balls': 1, 'target': <ball_device.bd_plunger>, 'source': <ball_device.bd_trough>, 'mechanical_eject': True, 'num_attempts': 24}
2024-05-12 00:27:32,832 : INFO : ball_device.bd_trough : State: ejecting
2024-05-12 00:27:32,832 : INFO : ball_device.bd_trough : Ejecting ball to <ball_device.bd_plunger>
2024-05-12 00:27:32,832 : INFO : EventManager : Event: ======'balldevice_bd_trough_ejecting_ball'====== Args={'balls': 1, 'target': <ball_device.bd_plunger>, 'source': <ball_device.bd_trough>, 'mechanical_eject': True, 'num_attempts': 24}
2024-05-12 00:27:32,833 : INFO : ball_device.bd_trough : Wait for ball to leave device
2024-05-12 00:27:32,833 : INFO : coil.c_trough_eject_coil : Pulsing Driver for 15ms (1.0 pulse_power)
2024-05-12 00:27:34,836 : INFO : EventManager : Event: ======'balldevice_bd_trough_ball_eject_failed'====== Args={'target': <ball_device.bd_plunger>, 'balls': 1, 'retry': True, 'num_attempts': 25}
2024-05-12 00:27:34,837 : INFO : ball_device.bd_trough : State: waiting_for_target_ready
2024-05-12 00:27:34,837 : INFO : EventManager : Event: ======'balldevice_bd_trough_ball_eject_attempt'====== Args={'balls': 1, 'target': <ball_device.bd_plunger>, 'source': <ball_device.bd_trough>, 'mechanical_eject': True, 'num_attempts': 25}
2024-05-12 00:27:34,837 : INFO : ball_device.bd_trough : State: ejecting
2024-05-12 00:27:34,837 : INFO : ball_device.bd_trough : Ejecting ball to <ball_device.bd_plunger>
2024-05-12 00:27:34,837 : INFO : EventManager : Event: ======'balldevice_bd_trough_ejecting_ball'====== Args={'balls': 1, 'target': <ball_device.bd_plunger>, 'source': <ball_device.bd_trough>, 'mechanical_eject': True, 'num_attempts': 25}
2024-05-12 00:27:34,837 : INFO : ball_device.bd_trough : Wait for ball to leave device
2024-05-12 00:27:34,838 : INFO : coil.c_trough_eject_coil : Pulsing Driver for 15ms (1.0 pulse_power)
2024-05-12 00:27:36,856 : INFO : EventManager : Event: ======'balldevice_bd_trough_ball_eject_failed'====== Args={'target': <ball_device.bd_plunger>, 'balls': 1, 'retry': True, 'num_attempts': 26}
2024-05-12 00:27:36,856 : INFO : ball_device.bd_trough : State: waiting_for_target_ready
2024-05-12 00:27:36,856 : INFO : EventManager : Event: ======'balldevice_bd_trough_ball_eject_attempt'====== Args={'balls': 1, 'target': <ball_device.bd_plunger>, 'source': <ball_device.bd_trough>, 'mechanical_eject': True, 'num_attempts': 26}
2024-05-12 00:27:36,857 : INFO : ball_device.bd_trough : State: ejecting
2024-05-12 00:27:36,857 : INFO : ball_device.bd_trough : Ejecting ball to <ball_device.bd_plunger>
2024-05-12 00:27:36,857 : INFO : EventManager : Event: ======'balldevice_bd_trough_ejecting_ball'====== Args={'balls': 1, 'target': <ball_device.bd_plunger>, 'source': <ball_device.bd_trough>, 'mechanical_eject': True, 'num_attempts': 26}
2024-05-12 00:27:36,857 : INFO : ball_device.bd_trough : Wait for ball to leave device
2024-05-12 00:27:36,857 : INFO : coil.c_trough_eject_coil : Pulsing Driver for 15ms (1.0 pulse_power)
2024-05-12 00:27:38,864 : INFO : EventManager : Event: ======'balldevice_bd_trough_ball_eject_failed'====== Args={'target': <ball_device.bd_plunger>, 'balls': 1, 'retry': True, 'num_attempts': 27}
2024-05-12 00:27:38,864 : INFO : ball_device.bd_trough : State: waiting_for_target_ready
2024-05-12 00:27:38,864 : INFO : EventManager : Event: ======'balldevice_bd_trough_ball_eject_attempt'====== Args={'balls': 1, 'target': <ball_device.bd_plunger>, 'source': <ball_device.bd_trough>, 'mechanical_eject': True, 'num_attempts': 27}
2024-05-12 00:27:38,864 : INFO : ball_device.bd_trough : State: ejecting
2024-05-12 00:27:38,864 : INFO : ball_device.bd_trough : Ejecting ball to <ball_device.bd_plunger>
2024-05-12 00:27:38,864 : INFO : EventManager : Event: ======'balldevice_bd_trough_ejecting_ball'====== Args={'balls': 1, 'target': <ball_device.bd_plunger>, 'source': <ball_device.bd_trough>, 'mechanical_eject': True, 'num_attempts': 27}
2024-05-12 00:27:38,865 : INFO : ball_device.bd_trough : Wait for ball to leave device
2024-05-12 00:27:38,865 : INFO : coil.c_trough_eject_coil : Pulsing Driver for 15ms (1.0 pulse_power)
2024-05-12 00:27:40,876 : INFO : EventManager : Event: ======'balldevice_bd_trough_ball_eject_failed'====== Args={'target': <ball_device.bd_plunger>, 'balls': 1, 'retry': True, 'num_attempts': 28}
2024-05-12 00:27:40,877 : INFO : ball_device.bd_trough : State: waiting_for_target_ready
2024-05-12 00:27:40,877 : INFO : EventManager : Event: ======'balldevice_bd_trough_ball_eject_attempt'====== Args={'balls': 1, 'target': <ball_device.bd_plunger>, 'source': <ball_device.bd_trough>, 'mechanical_eject': True, 'num_attempts': 28}
2024-05-12 00:27:40,878 : INFO : ball_device.bd_trough : State: ejecting
2024-05-12 00:27:40,878 : INFO : ball_device.bd_trough : Ejecting ball to <ball_device.bd_plunger>
2024-05-12 00:27:40,878 : INFO : EventManager : Event: ======'balldevice_bd_trough_ejecting_ball'====== Args={'balls': 1, 'target': <ball_device.bd_plunger>, 'source': <ball_device.bd_trough>, 'mechanical_eject': True, 'num_attempts': 28}
2024-05-12 00:27:40,879 : INFO : ball_device.bd_trough : Wait for ball to leave device
2024-05-12 00:27:40,880 : INFO : coil.c_trough_eject_coil : Pulsing Driver for 15ms (1.0 pulse_power)
2024-05-12 00:27:42,892 : INFO : EventManager : Event: ======'balldevice_bd_trough_ball_eject_failed'====== Args={'target': <ball_device.bd_plunger>, 'balls': 1, 'retry': True, 'num_attempts': 29}
2024-05-12 00:27:42,893 : INFO : ball_device.bd_trough : State: waiting_for_target_ready
2024-05-12 00:27:42,893 : INFO : EventManager : Event: ======'balldevice_bd_trough_ball_eject_attempt'====== Args={'balls': 1, 'target': <ball_device.bd_plunger>, 'source': <ball_device.bd_trough>, 'mechanical_eject': True, 'num_attempts': 29}
2024-05-12 00:27:42,893 : INFO : ball_device.bd_trough : State: ejecting
2024-05-12 00:27:42,893 : INFO : ball_device.bd_trough : Ejecting ball to <ball_device.bd_plunger>
2024-05-12 00:27:42,893 : INFO : EventManager : Event: ======'balldevice_bd_trough_ejecting_ball'====== Args={'balls': 1, 'target': <ball_device.bd_plunger>, 'source': <ball_device.bd_trough>, 'mechanical_eject': True, 'num_attempts': 29}
2024-05-12 00:27:42,893 : INFO : ball_device.bd_trough : Wait for ball to leave device
2024-05-12 00:27:42,894 : INFO : coil.c_trough_eject_coil : Pulsing Driver for 15ms (1.0 pulse_power)
2024-05-12 00:27:44,906 : INFO : EventManager : Event: ======'balldevice_bd_trough_ball_eject_failed'====== Args={'target': <ball_device.bd_plunger>, 'balls': 1, 'retry': True, 'num_attempts': 30}
2024-05-12 00:27:44,907 : INFO : ball_device.bd_trough : State: waiting_for_target_ready
2024-05-12 00:27:44,908 : INFO : EventManager : Event: ======'balldevice_bd_trough_ball_eject_attempt'====== Args={'balls': 1, 'target': <ball_device.bd_plunger>, 'source': <ball_device.bd_trough>, 'mechanical_eject': True, 'num_attempts': 30}
2024-05-12 00:27:44,908 : INFO : ball_device.bd_trough : State: ejecting
2024-05-12 00:27:44,908 : INFO : ball_device.bd_trough : Ejecting ball to <ball_device.bd_plunger>
2024-05-12 00:27:44,908 : INFO : EventManager : Event: ======'balldevice_bd_trough_ejecting_ball'====== Args={'balls': 1, 'target': <ball_device.bd_plunger>, 'source': <ball_device.bd_trough>, 'mechanical_eject': True, 'num_attempts': 30}
2024-05-12 00:27:44,909 : INFO : ball_device.bd_trough : Wait for ball to leave device
2024-05-12 00:27:44,909 : INFO : coil.c_trough_eject_coil : Pulsing Driver for 15ms (1.0 pulse_power)
2024-05-12 00:27:46,912 : INFO : EventManager : Event: ======'balldevice_bd_trough_ball_eject_failed'====== Args={'target': <ball_device.bd_plunger>, 'balls': 1, 'retry': True, 'num_attempts': 31}
2024-05-12 00:27:46,912 : INFO : ball_device.bd_trough : State: waiting_for_target_ready
2024-05-12 00:27:46,912 : INFO : EventManager : Event: ======'balldevice_bd_trough_ball_eject_attempt'====== Args={'balls': 1, 'target': <ball_device.bd_plunger>, 'source': <ball_device.bd_trough>, 'mechanical_eject': True, 'num_attempts': 31}
2024-05-12 00:27:46,912 : INFO : ball_device.bd_trough : State: ejecting
2024-05-12 00:27:46,912 : INFO : ball_device.bd_trough : Ejecting ball to <ball_device.bd_plunger>
2024-05-12 00:27:46,912 : INFO : EventManager : Event: ======'balldevice_bd_trough_ejecting_ball'====== Args={'balls': 1, 'target': <ball_device.bd_plunger>, 'source': <ball_device.bd_trough>, 'mechanical_eject': True, 'num_attempts': 31}
2024-05-12 00:27:46,913 : INFO : ball_device.bd_trough : Wait for ball to leave device
2024-05-12 00:27:46,913 : INFO : coil.c_trough_eject_coil : Pulsing Driver for 15ms (1.0 pulse_power)
2024-05-12 00:27:48,913 : INFO : EventManager : Event: ======'balldevice_bd_trough_ball_eject_failed'====== Args={'target': <ball_device.bd_plunger>, 'balls': 1, 'retry': True, 'num_attempts': 32}
2024-05-12 00:27:48,915 : INFO : ball_device.bd_trough : State: waiting_for_target_ready
2024-05-12 00:27:48,915 : INFO : EventManager : Event: ======'balldevice_bd_trough_ball_eject_attempt'====== Args={'balls': 1, 'target': <ball_device.bd_plunger>, 'source': <ball_device.bd_trough>, 'mechanical_eject': True, 'num_attempts': 32}
2024-05-12 00:27:48,916 : INFO : ball_device.bd_trough : State: ejecting
2024-05-12 00:27:48,916 : INFO : ball_device.bd_trough : Ejecting ball to <ball_device.bd_plunger>
2024-05-12 00:27:48,916 : INFO : EventManager : Event: ======'balldevice_bd_trough_ejecting_ball'====== Args={'balls': 1, 'target': <ball_device.bd_plunger>, 'source': <ball_device.bd_trough>, 'mechanical_eject': True, 'num_attempts': 32}
2024-05-12 00:27:48,917 : INFO : ball_device.bd_trough : Wait for ball to leave device
2024-05-12 00:27:48,917 : INFO : coil.c_trough_eject_coil : Pulsing Driver for 15ms (1.0 pulse_power)
2024-05-12 00:27:49,518 : INFO : Machine : Shutting down...
2024-05-12 00:27:49,518 : INFO : EventManager : Event: ======'shutdown'====== Args={}
2024-05-12 00:27:49,522 : INFO : EventManager : Event: ======'mode_game_will_stop'====== Args={}
2024-05-12 00:27:49,522 : INFO : EventManager : Event: ======'mode_game_stopping'====== Args={}
2024-05-12 00:27:49,522 : INFO : EventManager : Event: ======'mode_char_select_will_stop'====== Args={}
2024-05-12 00:27:49,522 : INFO : EventManager : Event: ======'mode_char_select_stopping'====== Args={}
2024-05-12 00:27:49,523 : INFO : EventManager : Event: ======'mode_base_will_stop'====== Args={}
2024-05-12 00:27:49,523 : INFO : EventManager : Event: ======'mode_base_stopping'====== Args={}
2024-05-12 00:27:49,523 : INFO : Mode.base : Stopped.
2024-05-12 00:27:49,523 : INFO : EventManager : Event: ======'modes_active_modes_changed'====== Args={}
2024-05-12 00:27:49,523 : INFO : EventManager : Event: ======'mode_base_stopped'====== Args={}
2024-05-12 00:27:49,523 : INFO : EventManager : Event: ======'clear'====== Args={'key': 'base'}
2024-05-12 00:27:49,523 : INFO : Mode.char_select : Stopped.
2024-05-12 00:27:49,523 : INFO : EventManager : Event: ======'modes_active_modes_changed'====== Args={}
2024-05-12 00:27:49,523 : INFO : EventManager : Event: ======'start_base'====== Args={}
2024-05-12 00:27:49,523 : INFO : EventManager : Event: ======'char_select_item_selected'====== Args={}
2024-05-12 00:27:49,523 : INFO : EventManager : Event: ======'mode_char_select_stopped'====== Args={}
2024-05-12 00:27:49,523 : INFO : EventManager : Event: ======'clear'====== Args={'key': 'char_select'}
2024-05-12 00:27:49,524 : INFO : Mode.game : Stopped.
2024-05-12 00:27:49,524 : INFO : EventManager : Event: ======'modes_active_modes_changed'====== Args={}
2024-05-12 00:27:49,524 : INFO : EventManager : Event: ======'mode_game_stopped'====== Args={}
2024-05-12 00:27:49,524 : INFO : EventManager : Event: ======'clear'====== Args={'key': 'game'}
2024-05-12 00:27:49,525 : INFO : root : MPF run loop ended.
