2024-05-14 20:38:23,201 : INFO : root : Loading config.
2024-05-14 20:38:23,202 : INFO : YamlMultifileConfigLoader : Machine config file #1: config.yaml
2024-05-14 20:38:23,203 : WARNING : ConfigProcessor : Config file in cache changed: C:\Users\octo\Downloads\homebrew\config\config.yaml
2024-05-14 20:38:23,203 : INFO : ConfigProcessor : Loading config from file c:\git\new folder (6)\mpf\mpf\mpfconfig.yaml.
2024-05-14 20:38:23,208 : INFO : ConfigProcessor : Loading config: c:\git\new folder (6)\mpf\mpf\mpfconfig.yaml
2024-05-14 20:38:23,208 : INFO : ConfigProcessor : Loading config from file C:\Users\octo\Downloads\homebrew\config\config.yaml.
2024-05-14 20:38:23,209 : INFO : ConfigProcessor : Loading config: C:\Users\octo\Downloads\homebrew\config\config.yaml
2024-05-14 20:38:23,209 : INFO : ConfigProcessor : Loading config: C:\Users\octo\Downloads\homebrew\config\lights.yaml
2024-05-14 20:38:23,210 : INFO : ConfigProcessor : Loading config: C:\Users\octo\Downloads\homebrew\config\coils.yaml
2024-05-14 20:38:23,211 : INFO : ConfigProcessor : Loading config: C:\Users\octo\Downloads\homebrew\config\switches.yaml
2024-05-14 20:38:23,211 : INFO : ConfigProcessor : Loading config: C:\Users\octo\Downloads\homebrew\config\sounds.yaml
2024-05-14 20:38:23,211 : WARNING : ConfigProcessor : Config section 'sounds' is deprecated in MPF 0.80 and will be ignored.
2024-05-14 20:38:23,212 : INFO : ConfigProcessor : Loading config: C:\Users\octo\Downloads\homebrew\config\images.yaml
2024-05-14 20:38:23,212 : INFO : ConfigProcessor : Loading config: C:\Users\octo\Downloads\homebrew\config\videos.yaml
2024-05-14 20:38:23,213 : INFO : ConfigProcessor : Config file cache created: C:\Users\octo\AppData\Local\Temp\67114de119ffda0ef143dfc9c8b88aec.mpf_cache
2024-05-14 20:38:23,253 : INFO : ConfigProcessor : Loading config from cache: C:\Users\octo\AppData\Local\Temp\d4fb548c2902111733185c907c7e02f2.mpf_cache
2024-05-14 20:38:23,253 : INFO : ConfigProcessor : Loading config from cache: C:\Users\octo\AppData\Local\Temp\5cdf3f6f669e12795623fbd605d1b6a0.mpf_cache
2024-05-14 20:38:23,254 : WARNING : ConfigProcessor : Config file in cache changed: C:\Users\octo\Downloads\homebrew\modes\base\config\base.yaml
2024-05-14 20:38:23,254 : INFO : ConfigProcessor : Loading config from file C:\Users\octo\Downloads\homebrew\modes\base\config\base.yaml.
2024-05-14 20:38:23,256 : INFO : ConfigProcessor : Loading config: C:\Users\octo\Downloads\homebrew\modes\base\config\base.yaml
2024-05-14 20:38:23,256 : INFO : ConfigProcessor : Config file cache created: C:\Users\octo\AppData\Local\Temp\e87c946bbd0a2e05a931f281fca6458e.mpf_cache
2024-05-14 20:38:23,256 : INFO : ConfigProcessor : Loading config from cache: C:\Users\octo\AppData\Local\Temp\d4fb548c2902111733185c907c7e02f2.mpf_cache
2024-05-14 20:38:23,257 : INFO : ConfigProcessor : Loading config from cache: C:\Users\octo\AppData\Local\Temp\da852937ccb56145866cf54922bc01f8.mpf_cache
2024-05-14 20:38:23,257 : INFO : Machine : Mission Pinball Framework Core Engine v0.80.0.dev1
2024-05-14 20:38:23,257 : INFO : Machine : Command line arguments: {'no_load_cache': False, 'create_config_cache': True, 'bcp': True, 'configfile': ['config.yaml'], 'force_assets_load': False, 'platform_integration_test': False, 'jsonlogging': False, 'logfile': 'logs\\2024-05-14-20-38-23-mpf-DESKTOP-BQT92E0.log', 'pause': False, 'production': False, 'text_ui': True, 'loglevel': 15, 'consoleloglevel': 20, 'force_platform': 'virtual', 'syslog_address': None, 'mc_file_name': None, 'no_sound': False}
2024-05-14 20:38:23,257 : INFO : Machine : MPF path: c:\git\new folder (6)\mpf\mpf
2024-05-14 20:38:23,257 : INFO : Machine : Machine path: C:\Users\octo\Downloads\homebrew
2024-05-14 20:38:23,257 : INFO : Machine : Platform: win32
2024-05-14 20:38:23,257 : INFO : Machine : Python executable location: C:\Users\octo\AppData\Local\Programs\Python\Python310\python.exe
2024-05-14 20:38:23,257 : INFO : Machine : Python version: 3.10.0 (64-bit)
2024-05-14 20:38:23,258 : INFO : Machine : Initializing MPF...
2024-05-14 20:38:23,361 : INFO : EventManager : Event: ======'machine_var_credits_string'====== Args={'value': 'FREE PLAY', 'prev_value': None, 'change': True}
2024-05-14 20:38:23,369 : INFO : EventManager : Event: ======'machine_var_master_volume'====== Args={'value': 0.5, 'prev_value': None, 'change': True}
2024-05-14 20:38:23,369 : INFO : EventManager : Event: ======'machine_var_mpf_version'====== Args={'value': 'Mission Pinball Framework v0.80.0.dev1', 'prev_value': None, 'change': True}
2024-05-14 20:38:23,369 : INFO : EventManager : Event: ======'machine_var_mpf_extended_version'====== Args={'value': 'Mission Pinball Framework v0.80.0.dev1, Config version:6, Show version: 6, BCP version:1.1', 'prev_value': None, 'change': True}
2024-05-14 20:38:23,369 : INFO : EventManager : Event: ======'machine_var_python_version'====== Args={'value': '3.10.0', 'prev_value': None, 'change': True}
2024-05-14 20:38:23,375 : INFO : EventManager : Event: ======'machine_var_platform'====== Args={'value': 'Windows-10-10.0.19045-SP0', 'prev_value': None, 'change': True}
2024-05-14 20:38:23,375 : INFO : EventManager : Event: ======'machine_var_platform_system'====== Args={'value': 'Windows', 'prev_value': None, 'change': True}
2024-05-14 20:38:23,375 : INFO : EventManager : Event: ======'machine_var_platform_release'====== Args={'value': '10', 'prev_value': None, 'change': True}
2024-05-14 20:38:23,375 : INFO : EventManager : Event: ======'machine_var_platform_version'====== Args={'value': '10.0.19045', 'prev_value': None, 'change': True}
2024-05-14 20:38:23,375 : INFO : EventManager : Event: ======'machine_var_platform_machine'====== Args={'value': 'AMD64', 'prev_value': None, 'change': True}
2024-05-14 20:38:23,375 : INFO : EventManager : Event: ======'init_phase_1'====== Args={}
2024-05-14 20:38:23,384 : INFO : EventManager : Event: ======'init_phase_2'====== Args={}
2024-05-14 20:38:23,384 : INFO : SwitchController : Found active switch: ('3208-8', <Platform.Virtual>) <switch.s_trough_ball_2>
2024-05-14 20:38:23,384 : INFO : SwitchController : Found active switch: ('3208-9', <Platform.Virtual>) <switch.s_trough_ball_3>
2024-05-14 20:38:23,384 : INFO : SwitchController : Found active switch: ('3208-13', <Platform.Virtual>) <switch.s_trough_ball_1>
2024-05-14 20:38:23,387 : INFO : EventManager : Event: ======'bcp_connection_attempt'====== Args={'name': 'local_display', 'host': 'localhost', 'port': 5050}
2024-05-14 20:38:23,388 : INFO : BCPClientSocket : Connecting BCP to 'local_display' at localhost:5050...
2024-05-14 20:38:23,392 : INFO : BCPClientSocket : Connected BCP to 'local_display' localhost:5050
2024-05-14 20:38:23,393 : INFO : EventManager : Event: ======'bcp_clients_connected'====== Args={}
2024-05-14 20:38:23,467 : INFO : ball_device.bd_trough : BCH: Initial count: 3
2024-05-14 20:38:23,467 : INFO : ball_device.bd_trough : State: idle
2024-05-14 20:38:23,467 : INFO : ball_device.bd_plunger : BCH: Initial count: 0
2024-05-14 20:38:23,468 : INFO : ball_device.bd_plunger : State: idle
2024-05-14 20:38:23,472 : INFO : EventManager : Event: ======'init_phase_3'====== Args={}
2024-05-14 20:38:23,473 : INFO : EventManager : Event: ======'init_phase_4'====== Args={}
2024-05-14 20:38:23,473 : INFO : BallController : Initial balls found: 3
2024-05-14 20:38:23,473 : INFO : EventManager : Event: ======'machine_var_audits_events_game_ended'====== Args={'value': 0, 'prev_value': None, 'change': True}
2024-05-14 20:38:23,474 : INFO : EventManager : Event: ======'machine_var_audits_events_game_started'====== Args={'value': 232, 'prev_value': None, 'change': True}
2024-05-14 20:38:23,474 : INFO : EventManager : Event: ======'machine_var_audits_missing_switches_s_left_flipper'====== Args={'value': 206, 'prev_value': None, 'change': True}
2024-05-14 20:38:23,474 : INFO : EventManager : Event: ======'machine_var_audits_missing_switches_s_left_flipper_eos'====== Args={'value': 206, 'prev_value': None, 'change': True}
2024-05-14 20:38:23,474 : INFO : EventManager : Event: ======'machine_var_audits_missing_switches_s_left_inner_lane'====== Args={'value': 206, 'prev_value': None, 'change': True}
2024-05-14 20:38:23,474 : INFO : EventManager : Event: ======'machine_var_audits_missing_switches_s_left_outer_lane'====== Args={'value': 153, 'prev_value': None, 'change': True}
2024-05-14 20:38:23,474 : INFO : EventManager : Event: ======'machine_var_audits_missing_switches_s_left_sling'====== Args={'value': 206, 'prev_value': None, 'change': True}
2024-05-14 20:38:23,474 : INFO : EventManager : Event: ======'machine_var_audits_missing_switches_s_mead'====== Args={'value': 116, 'prev_value': None, 'change': True}
2024-05-14 20:38:23,474 : INFO : EventManager : Event: ======'machine_var_audits_missing_switches_s_plunger'====== Args={'value': 206, 'prev_value': None, 'change': True}
2024-05-14 20:38:23,474 : INFO : EventManager : Event: ======'machine_var_audits_missing_switches_s_pop_bumper_1'====== Args={'value': 206, 'prev_value': None, 'change': True}
2024-05-14 20:38:23,474 : INFO : EventManager : Event: ======'machine_var_audits_missing_switches_s_pop_bumper_2'====== Args={'value': 206, 'prev_value': None, 'change': True}
2024-05-14 20:38:23,474 : INFO : EventManager : Event: ======'machine_var_audits_missing_switches_s_pop_bumper_3'====== Args={'value': 206, 'prev_value': None, 'change': True}
2024-05-14 20:38:23,474 : INFO : EventManager : Event: ======'machine_var_audits_missing_switches_s_right_flipper'====== Args={'value': 206, 'prev_value': None, 'change': True}
2024-05-14 20:38:23,474 : INFO : EventManager : Event: ======'machine_var_audits_missing_switches_s_right_flipper_eos'====== Args={'value': 206, 'prev_value': None, 'change': True}
2024-05-14 20:38:23,474 : INFO : EventManager : Event: ======'machine_var_audits_missing_switches_s_right_inner_lane'====== Args={'value': 206, 'prev_value': None, 'change': True}
2024-05-14 20:38:23,474 : INFO : EventManager : Event: ======'machine_var_audits_missing_switches_s_right_outer_lane'====== Args={'value': 206, 'prev_value': None, 'change': True}
2024-05-14 20:38:23,474 : INFO : EventManager : Event: ======'machine_var_audits_missing_switches_s_right_sling'====== Args={'value': 206, 'prev_value': None, 'change': True}
2024-05-14 20:38:23,474 : INFO : EventManager : Event: ======'machine_var_audits_missing_switches_s_scanlan'====== Args={'value': 53, 'prev_value': None, 'change': True}
2024-05-14 20:38:23,474 : INFO : EventManager : Event: ======'machine_var_audits_missing_switches_s_start'====== Args={'value': 7, 'prev_value': None, 'change': True}
2024-05-14 20:38:23,474 : INFO : EventManager : Event: ======'machine_var_audits_missing_switches_s_trough_ball_1'====== Args={'value': 206, 'prev_value': None, 'change': True}
2024-05-14 20:38:23,474 : INFO : EventManager : Event: ======'machine_var_audits_missing_switches_s_trough_ball_2'====== Args={'value': 206, 'prev_value': None, 'change': True}
2024-05-14 20:38:23,474 : INFO : EventManager : Event: ======'machine_var_audits_missing_switches_s_trough_ball_3'====== Args={'value': 206, 'prev_value': None, 'change': True}
2024-05-14 20:38:23,474 : INFO : EventManager : Event: ======'machine_var_audits_missing_switches_s_trough_ball_4'====== Args={'value': 206, 'prev_value': None, 'change': True}
2024-05-14 20:38:23,474 : INFO : EventManager : Event: ======'machine_var_audits_missing_switches_s_trough_ball_5'====== Args={'value': 206, 'prev_value': None, 'change': True}
2024-05-14 20:38:23,475 : INFO : EventManager : Event: ======'machine_var_audits_missing_switches_s_trough_ball_6'====== Args={'value': 89, 'prev_value': None, 'change': True}
2024-05-14 20:38:23,475 : INFO : EventManager : Event: ======'machine_var_audits_missing_switches_s_trough_ball_jam'====== Args={'value': 206, 'prev_value': None, 'change': True}
2024-05-14 20:38:23,475 : INFO : EventManager : Event: ======'machine_var_audits_player_score'====== Args={'value': {'average': 0, 'top': [], 'total': 0}, 'prev_value': None, 'change': True}
2024-05-14 20:38:23,475 : INFO : EventManager : Event: ======'machine_var_audits_shots_video_shot_1'====== Args={'value': 13, 'prev_value': None, 'change': True}
2024-05-14 20:38:23,475 : INFO : EventManager : Event: ======'machine_var_audits_shots_video_shot_2'====== Args={'value': 15, 'prev_value': None, 'change': True}
2024-05-14 20:38:23,475 : INFO : EventManager : Event: ======'machine_var_audits_switches_s_auto_launcher'====== Args={'value': 0, 'prev_value': None, 'change': True}
2024-05-14 20:38:23,475 : INFO : EventManager : Event: ======'machine_var_audits_switches_s_ball_drain'====== Args={'value': 0, 'prev_value': None, 'change': True}
2024-05-14 20:38:23,475 : INFO : EventManager : Event: ======'machine_var_audits_switches_s_left_flipper'====== Args={'value': 36, 'prev_value': None, 'change': True}
2024-05-14 20:38:23,475 : INFO : EventManager : Event: ======'machine_var_audits_switches_s_left_flipper_eos'====== Args={'value': 0, 'prev_value': None, 'change': True}
2024-05-14 20:38:23,475 : INFO : EventManager : Event: ======'machine_var_audits_switches_s_left_inner_lane'====== Args={'value': 0, 'prev_value': None, 'change': True}
2024-05-14 20:38:23,475 : INFO : EventManager : Event: ======'machine_var_audits_switches_s_left_outer_lane'====== Args={'value': 0, 'prev_value': None, 'change': True}
2024-05-14 20:38:23,475 : INFO : EventManager : Event: ======'machine_var_audits_switches_s_left_sling'====== Args={'value': 7, 'prev_value': None, 'change': True}
2024-05-14 20:38:23,475 : INFO : EventManager : Event: ======'machine_var_audits_switches_s_mead'====== Args={'value': 0, 'prev_value': None, 'change': True}
2024-05-14 20:38:23,475 : INFO : EventManager : Event: ======'machine_var_audits_switches_s_plunger'====== Args={'value': 9, 'prev_value': None, 'change': True}
2024-05-14 20:38:23,475 : INFO : EventManager : Event: ======'machine_var_audits_switches_s_pop_bumper_1'====== Args={'value': 0, 'prev_value': None, 'change': True}
2024-05-14 20:38:23,475 : INFO : EventManager : Event: ======'machine_var_audits_switches_s_pop_bumper_2'====== Args={'value': 0, 'prev_value': None, 'change': True}
2024-05-14 20:38:23,475 : INFO : EventManager : Event: ======'machine_var_audits_switches_s_pop_bumper_3'====== Args={'value': 0, 'prev_value': None, 'change': True}
2024-05-14 20:38:23,476 : INFO : EventManager : Event: ======'machine_var_audits_switches_s_right_flipper'====== Args={'value': 131, 'prev_value': None, 'change': True}
2024-05-14 20:38:23,476 : INFO : EventManager : Event: ======'machine_var_audits_switches_s_right_flipper_eos'====== Args={'value': 0, 'prev_value': None, 'change': True}
2024-05-14 20:38:23,476 : INFO : EventManager : Event: ======'machine_var_audits_switches_s_right_inner_lane'====== Args={'value': 0, 'prev_value': None, 'change': True}
2024-05-14 20:38:23,476 : INFO : EventManager : Event: ======'machine_var_audits_switches_s_right_outer_lane'====== Args={'value': 0, 'prev_value': None, 'change': True}
2024-05-14 20:38:23,476 : INFO : EventManager : Event: ======'machine_var_audits_switches_s_right_sling'====== Args={'value': 3, 'prev_value': None, 'change': True}
2024-05-14 20:38:23,476 : INFO : EventManager : Event: ======'machine_var_audits_switches_s_scanlan'====== Args={'value': 0, 'prev_value': None, 'change': True}
2024-05-14 20:38:23,476 : INFO : EventManager : Event: ======'machine_var_audits_switches_s_start'====== Args={'value': 14, 'prev_value': None, 'change': True}
2024-05-14 20:38:23,476 : INFO : EventManager : Event: ======'machine_var_audits_switches_s_switch_2'====== Args={'value': 0, 'prev_value': None, 'change': True}
2024-05-14 20:38:23,476 : INFO : EventManager : Event: ======'machine_var_audits_switches_s_trough_ball_1'====== Args={'value': 4, 'prev_value': None, 'change': True}
2024-05-14 20:38:23,476 : INFO : EventManager : Event: ======'machine_var_audits_switches_s_trough_ball_2'====== Args={'value': 4, 'prev_value': None, 'change': True}
2024-05-14 20:38:23,476 : INFO : EventManager : Event: ======'machine_var_audits_switches_s_trough_ball_3'====== Args={'value': 1, 'prev_value': None, 'change': True}
2024-05-14 20:38:23,476 : INFO : EventManager : Event: ======'machine_var_audits_switches_s_trough_ball_4'====== Args={'value': 0, 'prev_value': None, 'change': True}
2024-05-14 20:38:23,476 : INFO : EventManager : Event: ======'machine_var_audits_switches_s_trough_ball_5'====== Args={'value': 0, 'prev_value': None, 'change': True}
2024-05-14 20:38:23,476 : INFO : EventManager : Event: ======'machine_var_audits_switches_s_trough_ball_6'====== Args={'value': 1, 'prev_value': None, 'change': True}
2024-05-14 20:38:23,476 : INFO : EventManager : Event: ======'machine_var_audits_switches_s_trough_ball_jam'====== Args={'value': 3, 'prev_value': None, 'change': True}
2024-05-14 20:38:23,477 : INFO : EventManager : Event: ======'machine_var_audits_switches_s_trough_eject_coil'====== Args={'value': 0, 'prev_value': None, 'change': True}
2024-05-14 20:38:23,477 : INFO : EventManager : Event: ======'init_phase_5'====== Args={}
2024-05-14 20:38:23,504 : INFO : EventManager : Event: ======'init_done'====== Args={}
2024-05-14 20:38:23,504 : INFO : EventManager : Event: ======'machine_reset_phase_1'====== Args={}
2024-05-14 20:38:23,509 : INFO : EventManager : Event: ======'machine_reset_phase_2'====== Args={}
2024-05-14 20:38:23,509 : INFO : EventManager : Event: ======'machine_reset_phase_3'====== Args={}
2024-05-14 20:38:23,509 : INFO : EventManager : Event: ======'reset_complete'====== Args={}
2024-05-14 20:38:23,509 : INFO : EventManager : Event: ======'mode_attract_will_start'====== Args={}
2024-05-14 20:38:23,510 : INFO : EventManager : Event: ======'mode_attract_starting'====== Args={}
2024-05-14 20:38:23,510 : INFO : Mode.attract : Started. Priority: 10
2024-05-14 20:38:23,510 : INFO : EventManager : Event: ======'modes_active_modes_changed'====== Args={}
2024-05-14 20:38:23,510 : INFO : EventManager : Event: ======'mode_attract_started'====== Args={}
2024-05-14 20:38:23,510 : INFO : EventManager : Event: ======'collecting_balls_complete'====== Args={}
2024-05-14 20:38:23,519 : INFO : Machine : Starting the main run loop.
2024-05-14 20:38:23,542 : INFO : EventManager : Event: ======'slide_attract_created'====== Args={'_from_bcp': True}
2024-05-14 20:38:23,542 : INFO : EventManager : Event: ======'slide__removed'====== Args={'_from_bcp': True}
2024-05-14 20:38:23,543 : INFO : EventManager : Event: ======'slide_attract_active'====== Args={'original_context': 'attract', 'original_calling_context': 'mode_attract_started', 'cmd': 'slides_play', '_from_bcp': True}
2024-05-14 20:38:26,031 : INFO : SwitchController : <<<<<<< 's_start' active >>>>>>>
2024-05-14 20:38:26,156 : INFO : SwitchController : <<<<<<< 's_start' inactive >>>>>>>
2024-05-14 20:38:26,156 : INFO : EventManager : Event: ======'request_to_start_game'====== Args={}
2024-05-14 20:38:26,156 : INFO : EventManager : Event: ======'game_start'====== Args={'buttons': [], 'hold_time': 0.125}
2024-05-14 20:38:26,156 : INFO : EventManager : Event: ======'mode_game_will_start'====== Args={'buttons': [], 'hold_time': 0.125}
2024-05-14 20:38:26,156 : INFO : EventManager : Event: ======'mode_game_starting'====== Args={'buttons': [], 'hold_time': 0.125}
2024-05-14 20:38:26,156 : INFO : EventManager : Event: ======'mode_attract_will_stop'====== Args={}
2024-05-14 20:38:26,156 : INFO : EventManager : Event: ======'mode_attract_stopping'====== Args={}
2024-05-14 20:38:26,156 : INFO : Mode.game : Started. Priority: 20
2024-05-14 20:38:26,156 : INFO : EventManager : Event: ======'modes_active_modes_changed'====== Args={}
2024-05-14 20:38:26,156 : INFO : EventManager : Event: ======'mode_game_started'====== Args={'buttons': [], 'hold_time': 0.125}
2024-05-14 20:38:26,166 : INFO : Mode.attract : Stopped.
2024-05-14 20:38:26,166 : INFO : EventManager : Event: ======'modes_active_modes_changed'====== Args={}
2024-05-14 20:38:26,166 : INFO : EventManager : Event: ======'mode_attract_stopped'====== Args={}
2024-05-14 20:38:26,166 : INFO : EventManager : Event: ======'clear'====== Args={'key': 'attract'}
2024-05-14 20:38:26,166 : INFO : EventManager : Event: ======'game_will_start'====== Args={}
2024-05-14 20:38:26,175 : INFO : EventManager : Event: ======'game_starting'====== Args={'game': <Mode.game>}
2024-05-14 20:38:26,175 : INFO : EventManager : Unordered handler for class <Auditor> on event game_ended with priority 1. Handlers: [RegisteredHandler(callback=<bound method Auditor.disable of <Auditor>>, priority=1, kwargs={}, key=UUID('53a59945-6a7b-4f37-8ef0-d1ffa838b8ab'), condition=None, blocking_facility=None), RegisteredHandler(callback=<bound method Auditor._save_audits of <Auditor>>, priority=1, kwargs={}, key=UUID('617d172e-8ec4-4478-b6c1-a9df841fab45'), condition=None, blocking_facility=None)]. The order of those handlers is not defined and they will be executed in random order. This might lead to race conditions and potential bugs.
2024-05-14 20:38:26,175 : INFO : EventManager : Event: ======'player_add_request'====== Args={}
2024-05-14 20:38:26,175 : INFO : EventManager : Event: ======'player_will_add'====== Args={'number': 1}
2024-05-14 20:38:26,175 : INFO : EventManager : Event: ======'player_adding'====== Args={'player': <Player 1>, 'number': 1}
2024-05-14 20:38:26,175 : INFO : EventManager : Event: ======'player_added'====== Args={'player': <Player 1>, 'num': 1}
2024-05-14 20:38:26,175 : INFO : Mode.game : Player added successfully. Total players: 1
2024-05-14 20:38:26,175 : INFO : EventManager : Event: ======'player_index'====== Args={'value': 0, 'prev_value': 0, 'change': 0, 'player_num': 1}
2024-05-14 20:38:26,175 : INFO : EventManager : Event: ======'player_number'====== Args={'value': 1, 'prev_value': 1, 'change': 0, 'player_num': 1}
2024-05-14 20:38:26,175 : INFO : EventManager : Event: ======'player_score'====== Args={'value': 0, 'prev_value': 0, 'change': 0, 'player_num': 1}
2024-05-14 20:38:26,175 : INFO : EventManager : Event: ======'game_started'====== Args={}
2024-05-14 20:38:26,182 : INFO : EventManager : Event: ======'player_turn_will_start'====== Args={'player': <Player 1>, 'number': 1}
2024-05-14 20:38:26,182 : INFO : EventManager : Event: ======'player_turn_starting'====== Args={'player': <Player 1>, 'number': 1}
2024-05-14 20:38:26,182 : INFO : EventManager : Event: ======'player_ball'====== Args={'value': 1, 'prev_value': 0, 'change': 1, 'player_num': 1}
2024-05-14 20:38:26,182 : INFO : EventManager : Event: ======'player_turn_started'====== Args={'player': <Player 1>, 'number': 1}
2024-05-14 20:38:26,183 : INFO : EventManager : Event: ======'ball_will_start'====== Args={'player': 1, 'ball': 1, 'balls_remaining': 2, 'is_extra_ball': False}
2024-05-14 20:38:26,184 : INFO : EventManager : Event: ======'ball_starting'====== Args={'player': 1, 'ball': 1, 'balls_remaining': 2, 'is_extra_ball': False}
2024-05-14 20:38:26,184 : INFO : EventManager : Event: ======'balls_in_play'====== Args={'balls': 1}
2024-05-14 20:38:26,184 : INFO : EventManager : Event: ======'ball_started'====== Args={'player': 1, 'ball': 1, 'balls_remaining': 2, 'is_extra_ball': False}
2024-05-14 20:38:26,184 : INFO : EventManager : Event: ======'mode_char_select_will_start'====== Args={'player': 1, 'ball': 1, 'balls_remaining': 2, 'is_extra_ball': False}
2024-05-14 20:38:26,185 : INFO : EventManager : Event: ======'mode_char_select_starting'====== Args={'player': 1, 'ball': 1, 'balls_remaining': 2, 'is_extra_ball': False}
2024-05-14 20:38:26,185 : INFO : EventManager : Event: ======'mode_base_will_start'====== Args={'player': 1, 'ball': 1, 'balls_remaining': 2, 'is_extra_ball': False}
2024-05-14 20:38:26,185 : INFO : EventManager : Event: ======'player_shot_video_shot_1_enabled'====== Args={'value': True, 'prev_value': 0, 'change': 1, 'player_num': 1}
2024-05-14 20:38:26,186 : INFO : EventManager : Event: ======'player_shot_video_shot_2_enabled'====== Args={'value': True, 'prev_value': 0, 'change': 1, 'player_num': 1}
2024-05-14 20:38:26,186 : INFO : EventManager : Event: ======'video_shots_complete'====== Args={'state': 'unlit'}
2024-05-14 20:38:26,186 : INFO : EventManager : Event: ======'video_shots_unlit_complete'====== Args={}
2024-05-14 20:38:26,186 : INFO : EventManager : Event: ======'mode_base_starting'====== Args={'player': 1, 'ball': 1, 'balls_remaining': 2, 'is_extra_ball': False}
2024-05-14 20:38:26,187 : INFO : Mode.base : Started. Priority: 100
2024-05-14 20:38:26,187 : INFO : EventManager : Event: ======'modes_active_modes_changed'====== Args={}
2024-05-14 20:38:26,187 : INFO : EventManager : Event: ======'mode_base_started'====== Args={'player': 1, 'ball': 1, 'balls_remaining': 2, 'is_extra_ball': False}
2024-05-14 20:38:26,187 : INFO : Mode.char_select : Started. Priority: 501
2024-05-14 20:38:26,187 : INFO : EventManager : Event: ======'modes_active_modes_changed'====== Args={}
2024-05-14 20:38:26,187 : INFO : EventManager : Event: ======'mode_char_select_started'====== Args={'player': 1, 'ball': 1, 'balls_remaining': 2, 'is_extra_ball': False}
2024-05-14 20:38:26,187 : INFO : EventManager : Event: ======'item_highlighted'====== Args={'carousel': 'char_select', 'direction': None, 'item': 'percy'}
2024-05-14 20:38:26,188 : INFO : EventManager : Event: ======'single_player_ball_started'====== Args={}
2024-05-14 20:38:26,202 : INFO : EventManager : Event: ======'ball_start_target'====== Args={'target': 'playfield'}
2024-05-14 20:38:26,202 : INFO : ball_device.bd_plunger : Setting up player-controlled eject. Balls: 1, Target: <playfield.playfield>, player_controlled_eject_event: None
2024-05-14 20:38:26,202 : INFO : EventManager : Event: ======'balldevice_balls_available'====== Args={}
2024-05-14 20:38:26,203 : INFO : ball_device.bd_trough : State: waiting_for_target_ready
2024-05-14 20:38:26,203 : INFO : EventManager : Event: ======'balldevice_bd_trough_ball_eject_attempt'====== Args={'balls': 1, 'target': <ball_device.bd_plunger>, 'source': <ball_device.bd_trough>, 'mechanical_eject': True, 'num_attempts': 0}
2024-05-14 20:38:26,203 : INFO : ball_device.bd_plunger : State: waiting_for_ball
2024-05-14 20:38:26,203 : INFO : ball_device.bd_trough : State: ejecting
2024-05-14 20:38:26,203 : INFO : ball_device.bd_trough : Ejecting ball to <ball_device.bd_plunger>
2024-05-14 20:38:26,203 : INFO : EventManager : Event: ======'balldevice_bd_trough_ejecting_ball'====== Args={'balls': 1, 'target': <ball_device.bd_plunger>, 'source': <ball_device.bd_trough>, 'mechanical_eject': True, 'num_attempts': 0}
2024-05-14 20:38:26,203 : INFO : ball_device.bd_trough : Wait for ball to leave device
2024-05-14 20:38:26,203 : INFO : coil.c_trough_eject_coil : Pulsing Driver for 15ms (1.0 pulse_power)
2024-05-14 20:38:26,207 : INFO : EventManager : Event: ======'slide_base_created'====== Args={'_from_bcp': True}
2024-05-14 20:38:26,207 : INFO : EventManager : Event: ======'slide_attract_inactive'====== Args={'_from_bcp': True}
2024-05-14 20:38:26,207 : INFO : EventManager : Event: ======'slide_base_active'====== Args={'original_context': 'base', 'original_calling_context': 'mode_base_started', 'cmd': 'slides_play', '_from_bcp': True}
2024-05-14 20:38:26,207 : INFO : EventManager : Event: ======'slide_attract_removed'====== Args={'_from_bcp': True}
2024-05-14 20:38:26,358 : INFO : EventManager : Event: ======'slide_char_select_created'====== Args={'_from_bcp': True}
2024-05-14 20:38:26,358 : INFO : EventManager : Event: ======'slide_base_inactive'====== Args={'_from_bcp': True}
2024-05-14 20:38:26,358 : INFO : EventManager : Event: ======'slide_char_select_active'====== Args={'original_context': 'char_select', 'original_calling_context': 'mode_char_select_started', 'cmd': 'slides_play', '_from_bcp': True}
2024-05-14 20:38:27,544 : INFO : EventManager : Event: ======'s_ab_active'====== Args={'_from_bcp': True}
2024-05-14 20:38:27,544 : INFO : EventManager : Event: ======'char_select_percy_selected'====== Args={}
2024-05-14 20:38:27,544 : INFO : EventManager : Event: ======'char_select_item_selected'====== Args={}
2024-05-14 20:38:27,544 : INFO : EventManager : Event: ======'player_selected_champ'====== Args={'value': 'percy', 'prev_value': 0, 'change': True, 'player_num': 1, 'source': 'char_select'}
2024-05-14 20:38:27,544 : INFO : EventManager : Event: ======'mode_char_select_will_stop'====== Args={}
2024-05-14 20:38:27,545 : INFO : EventManager : Event: ======'mode_char_select_stopping'====== Args={}
2024-05-14 20:38:27,545 : INFO : EventManager : Event: ======'player_is_selected_champ'====== Args={'value': 1, 'prev_value': 0, 'change': 1, 'player_num': 1, 'source': 'char_select'}
2024-05-14 20:38:27,545 : INFO : Mode.char_select : Stopped.
2024-05-14 20:38:27,545 : INFO : EventManager : Event: ======'modes_active_modes_changed'====== Args={}
2024-05-14 20:38:27,545 : INFO : EventManager : Event: ======'start_base'====== Args={}
2024-05-14 20:38:27,545 : INFO : EventManager : Event: ======'char_select_item_selected'====== Args={}
2024-05-14 20:38:27,545 : INFO : EventManager : Event: ======'mode_char_select_stopped'====== Args={}
2024-05-14 20:38:27,545 : INFO : EventManager : Event: ======'clear'====== Args={'key': 'char_select'}
2024-05-14 20:38:27,551 : INFO : EventManager : Event: ======'slide_char_select_inactive'====== Args={'_from_bcp': True}
2024-05-14 20:38:27,551 : INFO : EventManager : Event: ======'slide_base_active'====== Args={'_from_bcp': True}
2024-05-14 20:38:27,551 : INFO : EventManager : Event: ======'slide_char_select_removed'====== Args={'_from_bcp': True}
2024-05-14 20:38:28,214 : INFO : EventManager : Event: ======'balldevice_bd_trough_ball_eject_failed'====== Args={'target': <ball_device.bd_plunger>, 'balls': 1, 'retry': True, 'num_attempts': 1}
2024-05-14 20:38:28,214 : INFO : ball_device.bd_trough : State: waiting_for_target_ready
2024-05-14 20:38:28,214 : INFO : EventManager : Event: ======'balldevice_bd_trough_ball_eject_attempt'====== Args={'balls': 1, 'target': <ball_device.bd_plunger>, 'source': <ball_device.bd_trough>, 'mechanical_eject': True, 'num_attempts': 1}
2024-05-14 20:38:28,214 : INFO : ball_device.bd_trough : State: ejecting
2024-05-14 20:38:28,214 : INFO : ball_device.bd_trough : Ejecting ball to <ball_device.bd_plunger>
2024-05-14 20:38:28,214 : INFO : EventManager : Event: ======'balldevice_bd_trough_ejecting_ball'====== Args={'balls': 1, 'target': <ball_device.bd_plunger>, 'source': <ball_device.bd_trough>, 'mechanical_eject': True, 'num_attempts': 1}
2024-05-14 20:38:28,214 : INFO : ball_device.bd_trough : Wait for ball to leave device
2024-05-14 20:38:28,215 : INFO : coil.c_trough_eject_coil : Pulsing Driver for 15ms (1.0 pulse_power)
2024-05-14 20:38:28,558 : INFO : EventManager : Event: ======'s_mead_active'====== Args={'_from_bcp': True}
2024-05-14 20:38:28,558 : INFO : EventManager : Event: ======'player_shot_video_shot_1'====== Args={'value': 1, 'prev_value': 0, 'change': 1, 'player_num': 1}
2024-05-14 20:38:28,559 : INFO : EventManager : Event: ======'machine_var_audits_shots_video_shot_1'====== Args={'value': 14, 'prev_value': 13, 'change': 1}
2024-05-14 20:38:28,559 : INFO : EventManager : Event: ======'video_shot_1_hit'====== Args={'profile': 'default', 'state': 'unlit', 'advancing': True}
2024-05-14 20:38:28,559 : INFO : EventManager : Event: ======'video_shot_1_default_hit'====== Args={'profile': 'default', 'state': 'unlit', 'advancing': True}
2024-05-14 20:38:28,559 : INFO : EventManager : Event: ======'video_shot_1_default_unlit_hit'====== Args={'profile': 'default', 'state': 'unlit', 'advancing': True}
2024-05-14 20:38:28,559 : INFO : EventManager : Event: ======'video_shot_1_unlit_hit'====== Args={'profile': 'default', 'state': 'unlit', 'advancing': True}
2024-05-14 20:38:28,559 : INFO : EventManager : Event: ======'player_score'====== Args={'value': 10000, 'prev_value': 0, 'change': 10000, 'player_num': 1, 'source': 'base'}
2024-05-14 20:38:28,559 : INFO : EventManager : Event: ======'video_shots_hit'====== Args={'shot': 'video_shot_1'}
2024-05-14 20:38:28,560 : INFO : EventManager : Event: ======'video_shots_unlit_hit'====== Args={'shot': 'video_shot_1'}
2024-05-14 20:38:28,560 : INFO : EventManager : Event: ======'player_last_score'====== Args={'value': 10000, 'prev_value': 0, 'change': 10000, 'player_num': 1, 'source': 'base'}
2024-05-14 20:38:30,170 : INFO : EventManager : Event: ======'s_mead_active'====== Args={'_from_bcp': True}
2024-05-14 20:38:30,170 : INFO : EventManager : Event: ======'machine_var_audits_shots_video_shot_1'====== Args={'value': 15, 'prev_value': 14, 'change': 1}
2024-05-14 20:38:30,170 : INFO : EventManager : Event: ======'video_shot_1_hit'====== Args={'profile': 'default', 'state': 'lit', 'advancing': False}
2024-05-14 20:38:30,171 : INFO : EventManager : Event: ======'video_shot_1_default_hit'====== Args={'profile': 'default', 'state': 'lit', 'advancing': False}
2024-05-14 20:38:30,171 : INFO : EventManager : Event: ======'video_shot_1_default_lit_hit'====== Args={'profile': 'default', 'state': 'lit', 'advancing': False}
2024-05-14 20:38:30,171 : INFO : EventManager : Event: ======'video_shot_1_lit_hit'====== Args={'profile': 'default', 'state': 'lit', 'advancing': False}
2024-05-14 20:38:30,171 : INFO : EventManager : Event: ======'player_score'====== Args={'value': 20000, 'prev_value': 10000, 'change': 10000, 'player_num': 1, 'source': 'base'}
2024-05-14 20:38:30,171 : INFO : EventManager : Event: ======'video_shots_hit'====== Args={'shot': 'video_shot_1'}
2024-05-14 20:38:30,171 : INFO : EventManager : Event: ======'video_shots_lit_hit'====== Args={'shot': 'video_shot_1'}
2024-05-14 20:38:30,224 : INFO : EventManager : Event: ======'balldevice_bd_trough_ball_eject_failed'====== Args={'target': <ball_device.bd_plunger>, 'balls': 1, 'retry': True, 'num_attempts': 2}
2024-05-14 20:38:30,224 : INFO : ball_device.bd_trough : State: waiting_for_target_ready
2024-05-14 20:38:30,224 : INFO : EventManager : Event: ======'balldevice_bd_trough_ball_eject_attempt'====== Args={'balls': 1, 'target': <ball_device.bd_plunger>, 'source': <ball_device.bd_trough>, 'mechanical_eject': True, 'num_attempts': 2}
2024-05-14 20:38:30,224 : INFO : ball_device.bd_trough : State: ejecting
2024-05-14 20:38:30,224 : INFO : ball_device.bd_trough : Ejecting ball to <ball_device.bd_plunger>
2024-05-14 20:38:30,224 : INFO : EventManager : Event: ======'balldevice_bd_trough_ejecting_ball'====== Args={'balls': 1, 'target': <ball_device.bd_plunger>, 'source': <ball_device.bd_trough>, 'mechanical_eject': True, 'num_attempts': 2}
2024-05-14 20:38:30,224 : INFO : ball_device.bd_trough : Wait for ball to leave device
2024-05-14 20:38:30,224 : INFO : coil.c_trough_eject_coil : Pulsing Driver for 15ms (1.0 pulse_power)
2024-05-14 20:38:32,226 : INFO : EventManager : Event: ======'balldevice_bd_trough_ball_eject_failed'====== Args={'target': <ball_device.bd_plunger>, 'balls': 1, 'retry': True, 'num_attempts': 3}
2024-05-14 20:38:32,226 : INFO : ball_device.bd_trough : State: waiting_for_target_ready
2024-05-14 20:38:32,226 : INFO : EventManager : Event: ======'balldevice_bd_trough_ball_eject_attempt'====== Args={'balls': 1, 'target': <ball_device.bd_plunger>, 'source': <ball_device.bd_trough>, 'mechanical_eject': True, 'num_attempts': 3}
2024-05-14 20:38:32,226 : INFO : ball_device.bd_trough : State: ejecting
2024-05-14 20:38:32,226 : INFO : ball_device.bd_trough : Ejecting ball to <ball_device.bd_plunger>
2024-05-14 20:38:32,227 : INFO : EventManager : Event: ======'balldevice_bd_trough_ejecting_ball'====== Args={'balls': 1, 'target': <ball_device.bd_plunger>, 'source': <ball_device.bd_trough>, 'mechanical_eject': True, 'num_attempts': 3}
2024-05-14 20:38:32,227 : INFO : ball_device.bd_trough : Wait for ball to leave device
2024-05-14 20:38:32,227 : INFO : coil.c_trough_eject_coil : Pulsing Driver for 15ms (1.0 pulse_power)
2024-05-14 20:38:32,780 : INFO : EventManager : Event: ======'s_mead_active'====== Args={'_from_bcp': True}
2024-05-14 20:38:32,780 : INFO : EventManager : Event: ======'machine_var_audits_shots_video_shot_1'====== Args={'value': 16, 'prev_value': 15, 'change': 1}
2024-05-14 20:38:32,781 : INFO : EventManager : Event: ======'video_shot_1_hit'====== Args={'profile': 'default', 'state': 'lit', 'advancing': False}
2024-05-14 20:38:32,781 : INFO : EventManager : Event: ======'video_shot_1_default_hit'====== Args={'profile': 'default', 'state': 'lit', 'advancing': False}
2024-05-14 20:38:32,781 : INFO : EventManager : Event: ======'video_shot_1_default_lit_hit'====== Args={'profile': 'default', 'state': 'lit', 'advancing': False}
2024-05-14 20:38:32,781 : INFO : EventManager : Event: ======'video_shot_1_lit_hit'====== Args={'profile': 'default', 'state': 'lit', 'advancing': False}
2024-05-14 20:38:32,781 : INFO : EventManager : Event: ======'player_score'====== Args={'value': 30000, 'prev_value': 20000, 'change': 10000, 'player_num': 1, 'source': 'base'}
2024-05-14 20:38:32,781 : INFO : EventManager : Event: ======'video_shots_hit'====== Args={'shot': 'video_shot_1'}
2024-05-14 20:38:32,781 : INFO : EventManager : Event: ======'video_shots_lit_hit'====== Args={'shot': 'video_shot_1'}
2024-05-14 20:38:34,224 : INFO : EventManager : Event: ======'balldevice_bd_trough_ball_eject_failed'====== Args={'target': <ball_device.bd_plunger>, 'balls': 1, 'retry': True, 'num_attempts': 4}
2024-05-14 20:38:34,224 : INFO : ball_device.bd_trough : State: waiting_for_target_ready
2024-05-14 20:38:34,224 : INFO : EventManager : Event: ======'balldevice_bd_trough_ball_eject_attempt'====== Args={'balls': 1, 'target': <ball_device.bd_plunger>, 'source': <ball_device.bd_trough>, 'mechanical_eject': True, 'num_attempts': 4}
2024-05-14 20:38:34,224 : INFO : ball_device.bd_trough : State: ejecting
2024-05-14 20:38:34,225 : INFO : ball_device.bd_trough : Ejecting ball to <ball_device.bd_plunger>
2024-05-14 20:38:34,225 : INFO : EventManager : Event: ======'balldevice_bd_trough_ejecting_ball'====== Args={'balls': 1, 'target': <ball_device.bd_plunger>, 'source': <ball_device.bd_trough>, 'mechanical_eject': True, 'num_attempts': 4}
2024-05-14 20:38:34,225 : INFO : ball_device.bd_trough : Wait for ball to leave device
2024-05-14 20:38:34,225 : INFO : coil.c_trough_eject_coil : Pulsing Driver for 15ms (1.0 pulse_power)
2024-05-14 20:38:35,141 : INFO : EventManager : Event: ======'s_mead_active'====== Args={'_from_bcp': True}
2024-05-14 20:38:35,141 : INFO : EventManager : Event: ======'machine_var_audits_shots_video_shot_1'====== Args={'value': 17, 'prev_value': 16, 'change': 1}
2024-05-14 20:38:35,142 : INFO : EventManager : Event: ======'video_shot_1_hit'====== Args={'profile': 'default', 'state': 'lit', 'advancing': False}
2024-05-14 20:38:35,142 : INFO : EventManager : Event: ======'video_shot_1_default_hit'====== Args={'profile': 'default', 'state': 'lit', 'advancing': False}
2024-05-14 20:38:35,142 : INFO : EventManager : Event: ======'video_shot_1_default_lit_hit'====== Args={'profile': 'default', 'state': 'lit', 'advancing': False}
2024-05-14 20:38:35,142 : INFO : EventManager : Event: ======'video_shot_1_lit_hit'====== Args={'profile': 'default', 'state': 'lit', 'advancing': False}
2024-05-14 20:38:35,142 : INFO : EventManager : Event: ======'player_score'====== Args={'value': 40000, 'prev_value': 30000, 'change': 10000, 'player_num': 1, 'source': 'base'}
2024-05-14 20:38:35,142 : INFO : EventManager : Event: ======'video_shots_hit'====== Args={'shot': 'video_shot_1'}
2024-05-14 20:38:35,142 : INFO : EventManager : Event: ======'video_shots_lit_hit'====== Args={'shot': 'video_shot_1'}
2024-05-14 20:38:36,217 : INFO : EventManager : Event: ======'balldevice_bd_trough_ball_eject_failed'====== Args={'target': <ball_device.bd_plunger>, 'balls': 1, 'retry': True, 'num_attempts': 5}
2024-05-14 20:38:36,217 : INFO : ball_device.bd_trough : State: waiting_for_target_ready
2024-05-14 20:38:36,217 : INFO : EventManager : Event: ======'balldevice_bd_trough_ball_eject_attempt'====== Args={'balls': 1, 'target': <ball_device.bd_plunger>, 'source': <ball_device.bd_trough>, 'mechanical_eject': True, 'num_attempts': 5}
2024-05-14 20:38:36,217 : INFO : ball_device.bd_trough : State: ejecting
2024-05-14 20:38:36,217 : INFO : ball_device.bd_trough : Ejecting ball to <ball_device.bd_plunger>
2024-05-14 20:38:36,217 : INFO : EventManager : Event: ======'balldevice_bd_trough_ejecting_ball'====== Args={'balls': 1, 'target': <ball_device.bd_plunger>, 'source': <ball_device.bd_trough>, 'mechanical_eject': True, 'num_attempts': 5}
2024-05-14 20:38:36,217 : INFO : ball_device.bd_trough : Wait for ball to leave device
2024-05-14 20:38:36,217 : INFO : coil.c_trough_eject_coil : Pulsing Driver for 15ms (1.0 pulse_power)
2024-05-14 20:38:37,437 : INFO : EventManager : Event: ======'resume_bg'====== Args={'_from_bcp': True}
2024-05-14 20:38:38,229 : INFO : EventManager : Event: ======'balldevice_bd_trough_ball_eject_failed'====== Args={'target': <ball_device.bd_plunger>, 'balls': 1, 'retry': True, 'num_attempts': 6}
2024-05-14 20:38:38,229 : INFO : ball_device.bd_trough : State: waiting_for_target_ready
2024-05-14 20:38:38,229 : INFO : EventManager : Event: ======'balldevice_bd_trough_ball_eject_attempt'====== Args={'balls': 1, 'target': <ball_device.bd_plunger>, 'source': <ball_device.bd_trough>, 'mechanical_eject': True, 'num_attempts': 6}
2024-05-14 20:38:38,229 : INFO : ball_device.bd_trough : State: ejecting
2024-05-14 20:38:38,229 : INFO : ball_device.bd_trough : Ejecting ball to <ball_device.bd_plunger>
2024-05-14 20:38:38,230 : INFO : EventManager : Event: ======'balldevice_bd_trough_ejecting_ball'====== Args={'balls': 1, 'target': <ball_device.bd_plunger>, 'source': <ball_device.bd_trough>, 'mechanical_eject': True, 'num_attempts': 6}
2024-05-14 20:38:38,230 : INFO : ball_device.bd_trough : Wait for ball to leave device
2024-05-14 20:38:38,230 : INFO : coil.c_trough_eject_coil : Pulsing Driver for 15ms (1.0 pulse_power)
2024-05-14 20:38:40,237 : INFO : EventManager : Event: ======'balldevice_bd_trough_ball_eject_failed'====== Args={'target': <ball_device.bd_plunger>, 'balls': 1, 'retry': True, 'num_attempts': 7}
2024-05-14 20:38:40,237 : INFO : ball_device.bd_trough : State: waiting_for_target_ready
2024-05-14 20:38:40,237 : INFO : EventManager : Event: ======'balldevice_bd_trough_ball_eject_attempt'====== Args={'balls': 1, 'target': <ball_device.bd_plunger>, 'source': <ball_device.bd_trough>, 'mechanical_eject': True, 'num_attempts': 7}
2024-05-14 20:38:40,237 : INFO : ball_device.bd_trough : State: ejecting
2024-05-14 20:38:40,237 : INFO : ball_device.bd_trough : Ejecting ball to <ball_device.bd_plunger>
2024-05-14 20:38:40,237 : INFO : EventManager : Event: ======'balldevice_bd_trough_ejecting_ball'====== Args={'balls': 1, 'target': <ball_device.bd_plunger>, 'source': <ball_device.bd_trough>, 'mechanical_eject': True, 'num_attempts': 7}
2024-05-14 20:38:40,237 : INFO : ball_device.bd_trough : Wait for ball to leave device
2024-05-14 20:38:40,237 : INFO : coil.c_trough_eject_coil : Pulsing Driver for 15ms (1.0 pulse_power)
2024-05-14 20:38:42,249 : INFO : EventManager : Event: ======'balldevice_bd_trough_ball_eject_failed'====== Args={'target': <ball_device.bd_plunger>, 'balls': 1, 'retry': True, 'num_attempts': 8}
2024-05-14 20:38:42,249 : INFO : ball_device.bd_trough : State: waiting_for_target_ready
2024-05-14 20:38:42,249 : INFO : EventManager : Event: ======'balldevice_bd_trough_ball_eject_attempt'====== Args={'balls': 1, 'target': <ball_device.bd_plunger>, 'source': <ball_device.bd_trough>, 'mechanical_eject': True, 'num_attempts': 8}
2024-05-14 20:38:42,249 : INFO : ball_device.bd_trough : State: ejecting
2024-05-14 20:38:42,249 : INFO : ball_device.bd_trough : Ejecting ball to <ball_device.bd_plunger>
2024-05-14 20:38:42,249 : INFO : EventManager : Event: ======'balldevice_bd_trough_ejecting_ball'====== Args={'balls': 1, 'target': <ball_device.bd_plunger>, 'source': <ball_device.bd_trough>, 'mechanical_eject': True, 'num_attempts': 8}
2024-05-14 20:38:42,249 : INFO : ball_device.bd_trough : Wait for ball to leave device
2024-05-14 20:38:42,249 : INFO : coil.c_trough_eject_coil : Pulsing Driver for 15ms (1.0 pulse_power)
2024-05-14 20:38:44,266 : INFO : EventManager : Event: ======'balldevice_bd_trough_ball_eject_failed'====== Args={'target': <ball_device.bd_plunger>, 'balls': 1, 'retry': True, 'num_attempts': 9}
2024-05-14 20:38:44,266 : INFO : ball_device.bd_trough : State: waiting_for_target_ready
2024-05-14 20:38:44,266 : INFO : EventManager : Event: ======'balldevice_bd_trough_ball_eject_attempt'====== Args={'balls': 1, 'target': <ball_device.bd_plunger>, 'source': <ball_device.bd_trough>, 'mechanical_eject': True, 'num_attempts': 9}
2024-05-14 20:38:44,266 : INFO : ball_device.bd_trough : State: ejecting
2024-05-14 20:38:44,266 : INFO : ball_device.bd_trough : Ejecting ball to <ball_device.bd_plunger>
2024-05-14 20:38:44,266 : INFO : EventManager : Event: ======'balldevice_bd_trough_ejecting_ball'====== Args={'balls': 1, 'target': <ball_device.bd_plunger>, 'source': <ball_device.bd_trough>, 'mechanical_eject': True, 'num_attempts': 9}
2024-05-14 20:38:44,266 : INFO : ball_device.bd_trough : Wait for ball to leave device
2024-05-14 20:38:44,266 : INFO : coil.c_trough_eject_coil : Pulsing Driver for 15ms (1.0 pulse_power)
2024-05-14 20:38:46,284 : INFO : EventManager : Event: ======'balldevice_bd_trough_ball_eject_failed'====== Args={'target': <ball_device.bd_plunger>, 'balls': 1, 'retry': True, 'num_attempts': 10}
2024-05-14 20:38:46,285 : INFO : ball_device.bd_trough : State: waiting_for_target_ready
2024-05-14 20:38:46,285 : INFO : EventManager : Event: ======'balldevice_bd_trough_ball_eject_attempt'====== Args={'balls': 1, 'target': <ball_device.bd_plunger>, 'source': <ball_device.bd_trough>, 'mechanical_eject': True, 'num_attempts': 10}
2024-05-14 20:38:46,286 : INFO : ball_device.bd_trough : State: ejecting
2024-05-14 20:38:46,286 : INFO : ball_device.bd_trough : Ejecting ball to <ball_device.bd_plunger>
2024-05-14 20:38:46,286 : INFO : EventManager : Event: ======'balldevice_bd_trough_ejecting_ball'====== Args={'balls': 1, 'target': <ball_device.bd_plunger>, 'source': <ball_device.bd_trough>, 'mechanical_eject': True, 'num_attempts': 10}
2024-05-14 20:38:46,286 : INFO : ball_device.bd_trough : Wait for ball to leave device
2024-05-14 20:38:46,286 : INFO : coil.c_trough_eject_coil : Pulsing Driver for 15ms (1.0 pulse_power)
2024-05-14 20:38:47,586 : INFO : EventManager : Event: ======'s_mead_active'====== Args={'_from_bcp': True}
2024-05-14 20:38:47,586 : INFO : EventManager : Event: ======'machine_var_audits_shots_video_shot_1'====== Args={'value': 18, 'prev_value': 17, 'change': 1}
2024-05-14 20:38:47,587 : INFO : EventManager : Event: ======'video_shot_1_hit'====== Args={'profile': 'default', 'state': 'lit', 'advancing': False}
2024-05-14 20:38:47,587 : INFO : EventManager : Event: ======'video_shot_1_default_hit'====== Args={'profile': 'default', 'state': 'lit', 'advancing': False}
2024-05-14 20:38:47,587 : INFO : EventManager : Event: ======'video_shot_1_default_lit_hit'====== Args={'profile': 'default', 'state': 'lit', 'advancing': False}
2024-05-14 20:38:47,587 : INFO : EventManager : Event: ======'video_shot_1_lit_hit'====== Args={'profile': 'default', 'state': 'lit', 'advancing': False}
2024-05-14 20:38:47,587 : INFO : EventManager : Event: ======'player_score'====== Args={'value': 50000, 'prev_value': 40000, 'change': 10000, 'player_num': 1, 'source': 'base'}
2024-05-14 20:38:47,587 : INFO : EventManager : Event: ======'video_shots_hit'====== Args={'shot': 'video_shot_1'}
2024-05-14 20:38:47,587 : INFO : EventManager : Event: ======'video_shots_lit_hit'====== Args={'shot': 'video_shot_1'}
2024-05-14 20:38:48,285 : INFO : EventManager : Event: ======'balldevice_bd_trough_ball_eject_failed'====== Args={'target': <ball_device.bd_plunger>, 'balls': 1, 'retry': True, 'num_attempts': 11}
2024-05-14 20:38:48,287 : INFO : ball_device.bd_trough : State: waiting_for_target_ready
2024-05-14 20:38:48,287 : INFO : EventManager : Event: ======'balldevice_bd_trough_ball_eject_attempt'====== Args={'balls': 1, 'target': <ball_device.bd_plunger>, 'source': <ball_device.bd_trough>, 'mechanical_eject': True, 'num_attempts': 11}
2024-05-14 20:38:48,287 : INFO : ball_device.bd_trough : State: ejecting
2024-05-14 20:38:48,287 : INFO : ball_device.bd_trough : Ejecting ball to <ball_device.bd_plunger>
2024-05-14 20:38:48,287 : INFO : EventManager : Event: ======'balldevice_bd_trough_ejecting_ball'====== Args={'balls': 1, 'target': <ball_device.bd_plunger>, 'source': <ball_device.bd_trough>, 'mechanical_eject': True, 'num_attempts': 11}
2024-05-14 20:38:48,287 : INFO : ball_device.bd_trough : Wait for ball to leave device
2024-05-14 20:38:48,288 : INFO : coil.c_trough_eject_coil : Pulsing Driver for 15ms (1.0 pulse_power)
2024-05-14 20:38:49,989 : INFO : EventManager : Event: ======'s_mead_active'====== Args={'_from_bcp': True}
2024-05-14 20:38:49,989 : INFO : EventManager : Event: ======'machine_var_audits_shots_video_shot_1'====== Args={'value': 19, 'prev_value': 18, 'change': 1}
2024-05-14 20:38:49,989 : INFO : EventManager : Event: ======'video_shot_1_hit'====== Args={'profile': 'default', 'state': 'lit', 'advancing': False}
2024-05-14 20:38:49,989 : INFO : EventManager : Event: ======'video_shot_1_default_hit'====== Args={'profile': 'default', 'state': 'lit', 'advancing': False}
2024-05-14 20:38:49,990 : INFO : EventManager : Event: ======'video_shot_1_default_lit_hit'====== Args={'profile': 'default', 'state': 'lit', 'advancing': False}
2024-05-14 20:38:49,990 : INFO : EventManager : Event: ======'video_shot_1_lit_hit'====== Args={'profile': 'default', 'state': 'lit', 'advancing': False}
2024-05-14 20:38:49,990 : INFO : EventManager : Event: ======'player_score'====== Args={'value': 60000, 'prev_value': 50000, 'change': 10000, 'player_num': 1, 'source': 'base'}
2024-05-14 20:38:49,990 : INFO : EventManager : Event: ======'video_shots_hit'====== Args={'shot': 'video_shot_1'}
2024-05-14 20:38:49,990 : INFO : EventManager : Event: ======'video_shots_lit_hit'====== Args={'shot': 'video_shot_1'}
2024-05-14 20:38:50,297 : INFO : EventManager : Event: ======'balldevice_bd_trough_ball_eject_failed'====== Args={'target': <ball_device.bd_plunger>, 'balls': 1, 'retry': True, 'num_attempts': 12}
2024-05-14 20:38:50,298 : INFO : ball_device.bd_trough : State: waiting_for_target_ready
2024-05-14 20:38:50,298 : INFO : EventManager : Event: ======'balldevice_bd_trough_ball_eject_attempt'====== Args={'balls': 1, 'target': <ball_device.bd_plunger>, 'source': <ball_device.bd_trough>, 'mechanical_eject': True, 'num_attempts': 12}
2024-05-14 20:38:50,298 : INFO : ball_device.bd_trough : State: ejecting
2024-05-14 20:38:50,298 : INFO : ball_device.bd_trough : Ejecting ball to <ball_device.bd_plunger>
2024-05-14 20:38:50,298 : INFO : EventManager : Event: ======'balldevice_bd_trough_ejecting_ball'====== Args={'balls': 1, 'target': <ball_device.bd_plunger>, 'source': <ball_device.bd_trough>, 'mechanical_eject': True, 'num_attempts': 12}
2024-05-14 20:38:50,299 : INFO : ball_device.bd_trough : Wait for ball to leave device
2024-05-14 20:38:50,299 : INFO : coil.c_trough_eject_coil : Pulsing Driver for 15ms (1.0 pulse_power)
2024-05-14 20:38:51,231 : INFO : EventManager : Event: ======'s_scanlan_active'====== Args={'_from_bcp': True}
2024-05-14 20:38:51,231 : INFO : EventManager : Event: ======'player_shot_video_shot_2'====== Args={'value': 1, 'prev_value': 0, 'change': 1, 'player_num': 1}
2024-05-14 20:38:51,232 : INFO : EventManager : Event: ======'machine_var_audits_shots_video_shot_2'====== Args={'value': 16, 'prev_value': 15, 'change': 1}
2024-05-14 20:38:51,232 : INFO : EventManager : Event: ======'video_shot_2_hit'====== Args={'profile': 'default', 'state': 'unlit', 'advancing': True}
2024-05-14 20:38:51,232 : INFO : EventManager : Event: ======'video_shot_2_default_hit'====== Args={'profile': 'default', 'state': 'unlit', 'advancing': True}
2024-05-14 20:38:51,232 : INFO : EventManager : Event: ======'video_shot_2_default_unlit_hit'====== Args={'profile': 'default', 'state': 'unlit', 'advancing': True}
2024-05-14 20:38:51,232 : INFO : EventManager : Event: ======'video_shot_2_unlit_hit'====== Args={'profile': 'default', 'state': 'unlit', 'advancing': True}
2024-05-14 20:38:51,232 : INFO : EventManager : Event: ======'player_score'====== Args={'value': 75000, 'prev_value': 60000, 'change': 15000, 'player_num': 1, 'source': 'base'}
2024-05-14 20:38:51,232 : INFO : EventManager : Event: ======'video_shots_complete'====== Args={'state': 'lit'}
2024-05-14 20:38:51,232 : INFO : EventManager : Event: ======'video_shots_lit_complete'====== Args={}
2024-05-14 20:38:51,233 : INFO : EventManager : Event: ======'video_shots_hit'====== Args={'shot': 'video_shot_2'}
2024-05-14 20:38:51,233 : INFO : EventManager : Event: ======'video_shots_unlit_hit'====== Args={'shot': 'video_shot_2'}
2024-05-14 20:38:51,233 : INFO : EventManager : Event: ======'player_last_score'====== Args={'value': 15000, 'prev_value': 10000, 'change': 5000, 'player_num': 1, 'source': 'base'}
2024-05-14 20:38:52,296 : INFO : EventManager : Event: ======'balldevice_bd_trough_ball_eject_failed'====== Args={'target': <ball_device.bd_plunger>, 'balls': 1, 'retry': True, 'num_attempts': 13}
2024-05-14 20:38:52,298 : INFO : ball_device.bd_trough : State: waiting_for_target_ready
2024-05-14 20:38:52,298 : INFO : EventManager : Event: ======'balldevice_bd_trough_ball_eject_attempt'====== Args={'balls': 1, 'target': <ball_device.bd_plunger>, 'source': <ball_device.bd_trough>, 'mechanical_eject': True, 'num_attempts': 13}
2024-05-14 20:38:52,299 : INFO : ball_device.bd_trough : State: ejecting
2024-05-14 20:38:52,299 : INFO : ball_device.bd_trough : Ejecting ball to <ball_device.bd_plunger>
2024-05-14 20:38:52,299 : INFO : EventManager : Event: ======'balldevice_bd_trough_ejecting_ball'====== Args={'balls': 1, 'target': <ball_device.bd_plunger>, 'source': <ball_device.bd_trough>, 'mechanical_eject': True, 'num_attempts': 13}
2024-05-14 20:38:52,299 : INFO : ball_device.bd_trough : Wait for ball to leave device
2024-05-14 20:38:52,299 : INFO : coil.c_trough_eject_coil : Pulsing Driver for 15ms (1.0 pulse_power)
2024-05-14 20:38:53,851 : INFO : Machine : Shutting down...
2024-05-14 20:38:53,851 : INFO : EventManager : Event: ======'shutdown'====== Args={}
2024-05-14 20:38:53,859 : INFO : EventManager : Event: ======'mode_game_will_stop'====== Args={}
2024-05-14 20:38:53,859 : INFO : EventManager : Event: ======'mode_game_stopping'====== Args={}
2024-05-14 20:38:53,859 : INFO : EventManager : Event: ======'mode_base_will_stop'====== Args={}
2024-05-14 20:38:53,859 : INFO : EventManager : Event: ======'mode_base_stopping'====== Args={}
2024-05-14 20:38:53,859 : INFO : Mode.base : Stopped.
2024-05-14 20:38:53,860 : INFO : EventManager : Event: ======'modes_active_modes_changed'====== Args={}
2024-05-14 20:38:53,860 : INFO : EventManager : Event: ======'mode_base_stopped'====== Args={}
2024-05-14 20:38:53,860 : INFO : EventManager : Event: ======'clear'====== Args={'key': 'base'}
2024-05-14 20:38:53,860 : INFO : Mode.game : Stopped.
2024-05-14 20:38:53,860 : INFO : EventManager : Event: ======'modes_active_modes_changed'====== Args={}
2024-05-14 20:38:53,860 : INFO : EventManager : Event: ======'mode_game_stopped'====== Args={}
2024-05-14 20:38:53,860 : INFO : EventManager : Event: ======'clear'====== Args={'key': 'game'}
2024-05-14 20:38:53,862 : INFO : root : MPF run loop ended.
