2024-05-11 16:26:52,657 : INFO : root : Loading config.
2024-05-11 16:26:52,659 : INFO : YamlMultifileConfigLoader : Machine config file #1: config.yaml
2024-05-11 16:26:52,659 : INFO : ConfigProcessor : Loading config from cache: C:\Users\octo\AppData\Local\Temp\1d0904511285da59b68333680e0b91d2.mpf_cache
2024-05-11 16:26:52,701 : INFO : ConfigProcessor : Loading config from cache: C:\Users\octo\AppData\Local\Temp\cd157f4be5c4430bfa418abc82c784ba.mpf_cache
2024-05-11 16:26:52,701 : INFO : ConfigProcessor : Loading config from cache: C:\Users\octo\AppData\Local\Temp\9a6ef7720776890324b2b6aefbdb5076.mpf_cache
2024-05-11 16:26:52,702 : INFO : ConfigProcessor : Loading config from cache: C:\Users\octo\AppData\Local\Temp\e87c946bbd0a2e05a931f281fca6458e.mpf_cache
2024-05-11 16:26:52,705 : INFO : ConfigProcessor : Loading config from cache: C:\Users\octo\AppData\Local\Temp\cd157f4be5c4430bfa418abc82c784ba.mpf_cache
2024-05-11 16:26:52,706 : INFO : ConfigProcessor : Loading config from cache: C:\Users\octo\AppData\Local\Temp\da852937ccb56145866cf54922bc01f8.mpf_cache
2024-05-11 16:26:52,706 : INFO : Machine : Mission Pinball Framework Core Engine v0.80.0.dev1
2024-05-11 16:26:52,706 : INFO : Machine : Command line arguments: {'no_load_cache': False, 'create_config_cache': True, 'bcp': True, 'configfile': ['config.yaml'], 'force_assets_load': False, 'platform_integration_test': False, 'jsonlogging': False, 'logfile': 'logs\\2024-05-11-16-26-52-mpf-DESKTOP-BQT92E0.log', 'pause': False, 'production': False, 'text_ui': True, 'loglevel': 15, 'consoleloglevel': 20, 'force_platform': 'virtual', 'syslog_address': None, 'mc_file_name': None, 'no_sound': False}
2024-05-11 16:26:52,706 : INFO : Machine : MPF path: c:\git\new folder (3)\mpf\mpf
2024-05-11 16:26:52,706 : INFO : Machine : Machine path: C:\Users\octo\Downloads\homebrew
2024-05-11 16:26:52,706 : INFO : Machine : Platform: win32
2024-05-11 16:26:52,706 : INFO : Machine : Python executable location: C:\Users\octo\AppData\Local\Programs\Python\Python310\python.exe
2024-05-11 16:26:52,706 : INFO : Machine : Python version: 3.10.0 (64-bit)
2024-05-11 16:26:52,707 : INFO : Machine : Initializing MPF...
2024-05-11 16:26:52,845 : INFO : EventManager : Event: ======'machine_var_credits_string'====== Args={'value': 'FREE PLAY', 'prev_value': None, 'change': True}
2024-05-11 16:26:52,854 : INFO : EventManager : Event: ======'machine_var_master_volume'====== Args={'value': 0.5, 'prev_value': None, 'change': True}
2024-05-11 16:26:52,854 : INFO : EventManager : Event: ======'machine_var_mpf_version'====== Args={'value': 'Mission Pinball Framework v0.80.0.dev1', 'prev_value': None, 'change': True}
2024-05-11 16:26:52,854 : INFO : EventManager : Event: ======'machine_var_mpf_extended_version'====== Args={'value': 'Mission Pinball Framework v0.80.0.dev1, Config version:6, Show version: 6, BCP version:1.1', 'prev_value': None, 'change': True}
2024-05-11 16:26:52,854 : INFO : EventManager : Event: ======'machine_var_python_version'====== Args={'value': '3.10.0', 'prev_value': None, 'change': True}
2024-05-11 16:26:52,860 : INFO : EventManager : Event: ======'machine_var_platform'====== Args={'value': 'Windows-10-10.0.19045-SP0', 'prev_value': None, 'change': True}
2024-05-11 16:26:52,860 : INFO : EventManager : Event: ======'machine_var_platform_system'====== Args={'value': 'Windows', 'prev_value': None, 'change': True}
2024-05-11 16:26:52,860 : INFO : EventManager : Event: ======'machine_var_platform_release'====== Args={'value': '10', 'prev_value': None, 'change': True}
2024-05-11 16:26:52,860 : INFO : EventManager : Event: ======'machine_var_platform_version'====== Args={'value': '10.0.19045', 'prev_value': None, 'change': True}
2024-05-11 16:26:52,860 : INFO : EventManager : Event: ======'machine_var_platform_machine'====== Args={'value': 'AMD64', 'prev_value': None, 'change': True}
2024-05-11 16:26:52,860 : INFO : EventManager : Event: ======'init_phase_1'====== Args={}
2024-05-11 16:26:52,869 : INFO : EventManager : Event: ======'init_phase_2'====== Args={}
2024-05-11 16:26:52,871 : INFO : EventManager : Event: ======'bcp_connection_attempt'====== Args={'name': 'local_display', 'host': 'localhost', 'port': 5050}
2024-05-11 16:26:52,872 : INFO : BCPClientSocket : Connecting BCP to 'local_display' at localhost:5050...
2024-05-11 16:26:52,877 : INFO : BCPClientSocket : Connected BCP to 'local_display' localhost:5050
2024-05-11 16:26:52,877 : INFO : EventManager : Event: ======'bcp_clients_connected'====== Args={}
2024-05-11 16:26:52,981 : INFO : ball_device.bd_trough : BCH: Initial count: 0
2024-05-11 16:26:52,982 : INFO : ball_device.bd_trough : State: idle
2024-05-11 16:26:52,982 : INFO : ball_device.bd_plunger : BCH: Initial count: 0
2024-05-11 16:26:52,982 : INFO : ball_device.bd_plunger : State: idle
2024-05-11 16:26:52,992 : INFO : EventManager : Event: ======'init_phase_3'====== Args={}
2024-05-11 16:26:52,993 : INFO : EventManager : Event: ======'init_phase_4'====== Args={}
2024-05-11 16:26:52,993 : INFO : BallController : Initial balls found: 0
2024-05-11 16:26:52,994 : INFO : EventManager : Event: ======'machine_var_audits_events_game_ended'====== Args={'value': 0, 'prev_value': None, 'change': True}
2024-05-11 16:26:52,994 : INFO : EventManager : Event: ======'machine_var_audits_events_game_started'====== Args={'value': 119, 'prev_value': None, 'change': True}
2024-05-11 16:26:52,994 : INFO : EventManager : Event: ======'machine_var_audits_missing_switches_s_left_flipper'====== Args={'value': 93, 'prev_value': None, 'change': True}
2024-05-11 16:26:52,994 : INFO : EventManager : Event: ======'machine_var_audits_missing_switches_s_left_flipper_eos'====== Args={'value': 93, 'prev_value': None, 'change': True}
2024-05-11 16:26:52,994 : INFO : EventManager : Event: ======'machine_var_audits_missing_switches_s_left_inner_lane'====== Args={'value': 93, 'prev_value': None, 'change': True}
2024-05-11 16:26:52,994 : INFO : EventManager : Event: ======'machine_var_audits_missing_switches_s_left_outer_lane'====== Args={'value': 93, 'prev_value': None, 'change': True}
2024-05-11 16:26:52,994 : INFO : EventManager : Event: ======'machine_var_audits_missing_switches_s_left_sling'====== Args={'value': 93, 'prev_value': None, 'change': True}
2024-05-11 16:26:52,994 : INFO : EventManager : Event: ======'machine_var_audits_missing_switches_s_mead'====== Args={'value': 3, 'prev_value': None, 'change': True}
2024-05-11 16:26:52,994 : INFO : EventManager : Event: ======'machine_var_audits_missing_switches_s_plunger'====== Args={'value': 93, 'prev_value': None, 'change': True}
2024-05-11 16:26:52,994 : INFO : EventManager : Event: ======'machine_var_audits_missing_switches_s_pop_bumper_1'====== Args={'value': 93, 'prev_value': None, 'change': True}
2024-05-11 16:26:52,994 : INFO : EventManager : Event: ======'machine_var_audits_missing_switches_s_pop_bumper_2'====== Args={'value': 93, 'prev_value': None, 'change': True}
2024-05-11 16:26:52,994 : INFO : EventManager : Event: ======'machine_var_audits_missing_switches_s_pop_bumper_3'====== Args={'value': 93, 'prev_value': None, 'change': True}
2024-05-11 16:26:52,994 : INFO : EventManager : Event: ======'machine_var_audits_missing_switches_s_right_flipper'====== Args={'value': 93, 'prev_value': None, 'change': True}
2024-05-11 16:26:52,994 : INFO : EventManager : Event: ======'machine_var_audits_missing_switches_s_right_flipper_eos'====== Args={'value': 93, 'prev_value': None, 'change': True}
2024-05-11 16:26:52,994 : INFO : EventManager : Event: ======'machine_var_audits_missing_switches_s_right_inner_lane'====== Args={'value': 93, 'prev_value': None, 'change': True}
2024-05-11 16:26:52,994 : INFO : EventManager : Event: ======'machine_var_audits_missing_switches_s_right_outer_lane'====== Args={'value': 93, 'prev_value': None, 'change': True}
2024-05-11 16:26:52,994 : INFO : EventManager : Event: ======'machine_var_audits_missing_switches_s_right_sling'====== Args={'value': 93, 'prev_value': None, 'change': True}
2024-05-11 16:26:52,994 : INFO : EventManager : Event: ======'machine_var_audits_missing_switches_s_start'====== Args={'value': 61, 'prev_value': None, 'change': True}
2024-05-11 16:26:52,994 : INFO : EventManager : Event: ======'machine_var_audits_missing_switches_s_trough_ball_1'====== Args={'value': 93, 'prev_value': None, 'change': True}
2024-05-11 16:26:52,994 : INFO : EventManager : Event: ======'machine_var_audits_missing_switches_s_trough_ball_2'====== Args={'value': 93, 'prev_value': None, 'change': True}
2024-05-11 16:26:52,994 : INFO : EventManager : Event: ======'machine_var_audits_missing_switches_s_trough_ball_3'====== Args={'value': 93, 'prev_value': None, 'change': True}
2024-05-11 16:26:52,995 : INFO : EventManager : Event: ======'machine_var_audits_missing_switches_s_trough_ball_4'====== Args={'value': 93, 'prev_value': None, 'change': True}
2024-05-11 16:26:52,995 : INFO : EventManager : Event: ======'machine_var_audits_missing_switches_s_trough_ball_5'====== Args={'value': 93, 'prev_value': None, 'change': True}
2024-05-11 16:26:52,995 : INFO : EventManager : Event: ======'machine_var_audits_missing_switches_s_trough_ball_6'====== Args={'value': 89, 'prev_value': None, 'change': True}
2024-05-11 16:26:52,995 : INFO : EventManager : Event: ======'machine_var_audits_missing_switches_s_trough_ball_jam'====== Args={'value': 93, 'prev_value': None, 'change': True}
2024-05-11 16:26:52,995 : INFO : EventManager : Event: ======'machine_var_audits_player_score'====== Args={'value': {'average': 0, 'top': [], 'total': 0}, 'prev_value': None, 'change': True}
2024-05-11 16:26:52,995 : INFO : EventManager : Event: ======'machine_var_audits_switches_s_auto_launcher'====== Args={'value': 0, 'prev_value': None, 'change': True}
2024-05-11 16:26:52,995 : INFO : EventManager : Event: ======'machine_var_audits_switches_s_ball_drain'====== Args={'value': 0, 'prev_value': None, 'change': True}
2024-05-11 16:26:52,995 : INFO : EventManager : Event: ======'machine_var_audits_switches_s_left_flipper'====== Args={'value': 36, 'prev_value': None, 'change': True}
2024-05-11 16:26:52,995 : INFO : EventManager : Event: ======'machine_var_audits_switches_s_left_flipper_eos'====== Args={'value': 0, 'prev_value': None, 'change': True}
2024-05-11 16:26:52,995 : INFO : EventManager : Event: ======'machine_var_audits_switches_s_left_inner_lane'====== Args={'value': 0, 'prev_value': None, 'change': True}
2024-05-11 16:26:52,995 : INFO : EventManager : Event: ======'machine_var_audits_switches_s_left_outer_lane'====== Args={'value': 0, 'prev_value': None, 'change': True}
2024-05-11 16:26:52,995 : INFO : EventManager : Event: ======'machine_var_audits_switches_s_left_sling'====== Args={'value': 7, 'prev_value': None, 'change': True}
2024-05-11 16:26:52,995 : INFO : EventManager : Event: ======'machine_var_audits_switches_s_mead'====== Args={'value': 0, 'prev_value': None, 'change': True}
2024-05-11 16:26:52,995 : INFO : EventManager : Event: ======'machine_var_audits_switches_s_plunger'====== Args={'value': 9, 'prev_value': None, 'change': True}
2024-05-11 16:26:52,995 : INFO : EventManager : Event: ======'machine_var_audits_switches_s_pop_bumper_1'====== Args={'value': 0, 'prev_value': None, 'change': True}
2024-05-11 16:26:52,995 : INFO : EventManager : Event: ======'machine_var_audits_switches_s_pop_bumper_2'====== Args={'value': 0, 'prev_value': None, 'change': True}
2024-05-11 16:26:52,995 : INFO : EventManager : Event: ======'machine_var_audits_switches_s_pop_bumper_3'====== Args={'value': 0, 'prev_value': None, 'change': True}
2024-05-11 16:26:52,996 : INFO : EventManager : Event: ======'machine_var_audits_switches_s_right_flipper'====== Args={'value': 131, 'prev_value': None, 'change': True}
2024-05-11 16:26:52,996 : INFO : EventManager : Event: ======'machine_var_audits_switches_s_right_flipper_eos'====== Args={'value': 0, 'prev_value': None, 'change': True}
2024-05-11 16:26:52,996 : INFO : EventManager : Event: ======'machine_var_audits_switches_s_right_inner_lane'====== Args={'value': 0, 'prev_value': None, 'change': True}
2024-05-11 16:26:52,996 : INFO : EventManager : Event: ======'machine_var_audits_switches_s_right_outer_lane'====== Args={'value': 0, 'prev_value': None, 'change': True}
2024-05-11 16:26:52,996 : INFO : EventManager : Event: ======'machine_var_audits_switches_s_right_sling'====== Args={'value': 3, 'prev_value': None, 'change': True}
2024-05-11 16:26:52,996 : INFO : EventManager : Event: ======'machine_var_audits_switches_s_start'====== Args={'value': 12, 'prev_value': None, 'change': True}
2024-05-11 16:26:52,996 : INFO : EventManager : Event: ======'machine_var_audits_switches_s_switch_2'====== Args={'value': 0, 'prev_value': None, 'change': True}
2024-05-11 16:26:52,996 : INFO : EventManager : Event: ======'machine_var_audits_switches_s_trough_ball_1'====== Args={'value': 4, 'prev_value': None, 'change': True}
2024-05-11 16:26:52,996 : INFO : EventManager : Event: ======'machine_var_audits_switches_s_trough_ball_2'====== Args={'value': 4, 'prev_value': None, 'change': True}
2024-05-11 16:26:52,996 : INFO : EventManager : Event: ======'machine_var_audits_switches_s_trough_ball_3'====== Args={'value': 1, 'prev_value': None, 'change': True}
2024-05-11 16:26:52,996 : INFO : EventManager : Event: ======'machine_var_audits_switches_s_trough_ball_4'====== Args={'value': 0, 'prev_value': None, 'change': True}
2024-05-11 16:26:52,996 : INFO : EventManager : Event: ======'machine_var_audits_switches_s_trough_ball_5'====== Args={'value': 0, 'prev_value': None, 'change': True}
2024-05-11 16:26:52,996 : INFO : EventManager : Event: ======'machine_var_audits_switches_s_trough_ball_6'====== Args={'value': 1, 'prev_value': None, 'change': True}
2024-05-11 16:26:52,996 : INFO : EventManager : Event: ======'machine_var_audits_switches_s_trough_ball_jam'====== Args={'value': 3, 'prev_value': None, 'change': True}
2024-05-11 16:26:52,996 : INFO : EventManager : Event: ======'machine_var_audits_switches_s_trough_eject_coil'====== Args={'value': 0, 'prev_value': None, 'change': True}
2024-05-11 16:26:52,997 : INFO : EventManager : Event: ======'init_phase_5'====== Args={}
2024-05-11 16:26:53,030 : INFO : EventManager : Event: ======'init_done'====== Args={}
2024-05-11 16:26:53,030 : INFO : EventManager : Event: ======'machine_reset_phase_1'====== Args={}
2024-05-11 16:26:53,033 : INFO : EventManager : Event: ======'machine_reset_phase_2'====== Args={}
2024-05-11 16:26:53,033 : INFO : EventManager : Event: ======'machine_reset_phase_3'====== Args={}
2024-05-11 16:26:53,033 : INFO : EventManager : Event: ======'reset_complete'====== Args={}
2024-05-11 16:26:53,033 : INFO : EventManager : Event: ======'mode_attract_will_start'====== Args={}
2024-05-11 16:26:53,034 : INFO : EventManager : Event: ======'mode_attract_starting'====== Args={}
2024-05-11 16:26:53,034 : INFO : Mode.attract : Started. Priority: 10
2024-05-11 16:26:53,034 : INFO : EventManager : Event: ======'modes_active_modes_changed'====== Args={}
2024-05-11 16:26:53,034 : INFO : EventManager : Event: ======'mode_attract_started'====== Args={}
2024-05-11 16:26:53,034 : INFO : EventManager : Event: ======'collecting_balls_complete'====== Args={}
2024-05-11 16:26:53,047 : INFO : Machine : Starting the main run loop.
2024-05-11 16:26:53,060 : INFO : EventManager : Event: ======'slide_attract_created'====== Args={'_from_bcp': True}
2024-05-11 16:26:53,061 : INFO : EventManager : Event: ======'slide__removed'====== Args={'_from_bcp': True}
2024-05-11 16:26:53,061 : INFO : EventManager : Event: ======'slide_attract_active'====== Args={'original_context': 'attract', 'original_calling_context': 'mode_attract_started', 'cmd': 'slides_play', '_from_bcp': True}
2024-05-11 16:26:55,114 : INFO : SwitchController : <<<<<<< 's_trough_ball_1' active >>>>>>>
2024-05-11 16:26:55,252 : INFO : SwitchController : <<<<<<< 's_trough_ball_2' active >>>>>>>
2024-05-11 16:26:55,468 : INFO : SwitchController : <<<<<<< 's_trough_ball_3' active >>>>>>>
2024-05-11 16:26:55,718 : INFO : SwitchController : <<<<<<< 's_start' active >>>>>>>
2024-05-11 16:26:55,805 : INFO : SwitchController : <<<<<<< 's_start' inactive >>>>>>>
2024-05-11 16:26:55,805 : INFO : EventManager : Event: ======'request_to_start_game'====== Args={}
2024-05-11 16:26:55,805 : INFO : BallController : Known balls: 0
2024-05-11 16:26:55,805 : INFO : BallController : bd_trough contains 0 balls. Tags ['trough', 'home', 'drain']
2024-05-11 16:26:55,805 : INFO : BallController : bd_plunger contains 0 balls. Tags []
2024-05-11 16:26:55,805 : INFO : BallController : playfield contains 0 balls. Tags ['default']
2024-05-11 16:26:55,805 : WARNING : BallController : BallController denies game start. Not enough balls. -1 found. 1 required
2024-05-11 16:26:55,805 : INFO : BallController : Triggering ball search.
2024-05-11 16:26:55,975 : INFO : EventManager : Event: ======'balldevice_bd_trough_ball_count_changed'====== Args={'balls': 3}
2024-05-11 16:26:55,975 : INFO : ball_device.bd_trough : Received unexpected ball
2024-05-11 16:26:55,975 : INFO : EventManager : Event: ======'balldevice_captured_from_playfield'====== Args={'balls': 1}
2024-05-11 16:26:55,975 : INFO : EventManager : Event: ======'sw_playfield_active'====== Args={'balls': 1}
2024-05-11 16:26:55,975 : INFO : EventManager : Event: ======'playfield_active'====== Args={}
2024-05-11 16:26:55,975 : INFO : EventManager : Event: ======'unexpected_ball_on_playfield'====== Args={}
2024-05-11 16:26:55,975 : INFO : EventManager : Event: ======'playfield_ball_count_change'====== Args={'balls': -1, 'change': -1}
2024-05-11 16:26:55,975 : INFO : EventManager : Event: ======'balldevice_playfield_ball_enter'====== Args={'new_balls': 1, 'unclaimed_balls': 1, 'device': <playfield.playfield>}
2024-05-11 16:26:55,975 : INFO : EventManager : Event: ======'playfield_ball_count_change'====== Args={'balls': 0, 'change': 1}
2024-05-11 16:26:55,975 : INFO : BallController : Found a new ball which was captured from playfield. Known balls: 1
2024-05-11 16:26:55,975 : INFO : EventManager : Event: ======'found_new_ball'====== Args={}
2024-05-11 16:26:55,975 : INFO : EventManager : Event: ======'balldevice_bd_trough_ball_enter'====== Args={'new_balls': 1, 'unclaimed_balls': 1, 'new_available_balls': 1, 'device': <ball_device.bd_trough>}
2024-05-11 16:26:55,975 : INFO : EventManager : Event: ======'ball_drain'====== Args={'device': <ball_device.bd_trough>, 'balls': 1}
2024-05-11 16:26:55,975 : INFO : EventManager : Event: ======'balldevice_balls_available'====== Args={}
2024-05-11 16:26:55,975 : INFO : EventManager : Event: ======'balldevice_bd_trough_ball_entered'====== Args={'new_balls': 1, 'device': <ball_device.bd_trough>}
2024-05-11 16:26:55,975 : INFO : ball_device.bd_trough : Received unexpected ball
2024-05-11 16:26:55,975 : INFO : EventManager : Event: ======'balldevice_captured_from_playfield'====== Args={'balls': 1}
2024-05-11 16:26:55,975 : INFO : EventManager : Event: ======'sw_playfield_active'====== Args={'balls': 1}
2024-05-11 16:26:55,975 : INFO : EventManager : Event: ======'playfield_active'====== Args={}
2024-05-11 16:26:55,976 : INFO : EventManager : Event: ======'unexpected_ball_on_playfield'====== Args={}
2024-05-11 16:26:55,976 : INFO : EventManager : Event: ======'playfield_ball_count_change'====== Args={'balls': -1, 'change': -1}
2024-05-11 16:26:55,976 : INFO : EventManager : Event: ======'balldevice_playfield_ball_enter'====== Args={'new_balls': 1, 'unclaimed_balls': 1, 'device': <playfield.playfield>}
2024-05-11 16:26:55,976 : INFO : EventManager : Event: ======'playfield_ball_count_change'====== Args={'balls': 0, 'change': 1}
2024-05-11 16:26:55,976 : INFO : BallController : Found a new ball which was captured from playfield. Known balls: 2
2024-05-11 16:26:55,976 : INFO : EventManager : Event: ======'found_new_ball'====== Args={}
2024-05-11 16:26:55,976 : INFO : EventManager : Event: ======'balldevice_bd_trough_ball_enter'====== Args={'new_balls': 1, 'unclaimed_balls': 1, 'new_available_balls': 1, 'device': <ball_device.bd_trough>}
2024-05-11 16:26:55,976 : INFO : EventManager : Event: ======'ball_drain'====== Args={'device': <ball_device.bd_trough>, 'balls': 1}
2024-05-11 16:26:55,976 : INFO : EventManager : Event: ======'balldevice_balls_available'====== Args={}
2024-05-11 16:26:55,976 : INFO : EventManager : Event: ======'balldevice_bd_trough_ball_entered'====== Args={'new_balls': 1, 'device': <ball_device.bd_trough>}
2024-05-11 16:26:55,976 : INFO : ball_device.bd_trough : Received unexpected ball
2024-05-11 16:26:55,976 : INFO : EventManager : Event: ======'balldevice_captured_from_playfield'====== Args={'balls': 1}
2024-05-11 16:26:55,976 : INFO : EventManager : Event: ======'sw_playfield_active'====== Args={'balls': 1}
2024-05-11 16:26:55,976 : INFO : EventManager : Event: ======'playfield_active'====== Args={}
2024-05-11 16:26:55,976 : INFO : EventManager : Event: ======'unexpected_ball_on_playfield'====== Args={}
2024-05-11 16:26:55,976 : INFO : EventManager : Event: ======'playfield_ball_count_change'====== Args={'balls': -1, 'change': -1}
2024-05-11 16:26:55,976 : INFO : EventManager : Event: ======'balldevice_playfield_ball_enter'====== Args={'new_balls': 1, 'unclaimed_balls': 1, 'device': <playfield.playfield>}
2024-05-11 16:26:55,976 : INFO : EventManager : Event: ======'playfield_ball_count_change'====== Args={'balls': 0, 'change': 1}
2024-05-11 16:26:55,976 : INFO : BallController : Found a new ball which was captured from playfield. Known balls: 3
2024-05-11 16:26:55,976 : INFO : EventManager : Event: ======'found_new_ball'====== Args={}
2024-05-11 16:26:55,976 : INFO : EventManager : Event: ======'balldevice_bd_trough_ball_enter'====== Args={'new_balls': 1, 'unclaimed_balls': 1, 'new_available_balls': 1, 'device': <ball_device.bd_trough>}
2024-05-11 16:26:55,976 : INFO : EventManager : Event: ======'ball_drain'====== Args={'device': <ball_device.bd_trough>, 'balls': 1}
2024-05-11 16:26:55,976 : INFO : EventManager : Event: ======'balldevice_balls_available'====== Args={}
2024-05-11 16:26:55,976 : INFO : EventManager : Event: ======'balldevice_bd_trough_ball_entered'====== Args={'new_balls': 1, 'device': <ball_device.bd_trough>}
2024-05-11 16:26:56,420 : INFO : SwitchController : <<<<<<< 's_start' active >>>>>>>
2024-05-11 16:26:56,552 : INFO : SwitchController : <<<<<<< 's_start' inactive >>>>>>>
2024-05-11 16:26:56,552 : INFO : EventManager : Event: ======'request_to_start_game'====== Args={}
2024-05-11 16:26:56,552 : INFO : EventManager : Event: ======'game_start'====== Args={'buttons': [], 'hold_time': 0.14100000000325963}
2024-05-11 16:26:56,552 : INFO : EventManager : Event: ======'mode_game_will_start'====== Args={'buttons': [], 'hold_time': 0.14100000000325963}
2024-05-11 16:26:56,553 : INFO : EventManager : Event: ======'mode_game_starting'====== Args={'buttons': [], 'hold_time': 0.14100000000325963}
2024-05-11 16:26:56,553 : INFO : EventManager : Event: ======'mode_attract_will_stop'====== Args={}
2024-05-11 16:26:56,553 : INFO : EventManager : Event: ======'mode_attract_stopping'====== Args={}
2024-05-11 16:26:56,553 : INFO : Mode.game : Started. Priority: 20
2024-05-11 16:26:56,553 : INFO : EventManager : Event: ======'modes_active_modes_changed'====== Args={}
2024-05-11 16:26:56,553 : INFO : EventManager : Event: ======'mode_game_started'====== Args={'buttons': [], 'hold_time': 0.14100000000325963}
2024-05-11 16:26:56,562 : INFO : Mode.attract : Stopped.
2024-05-11 16:26:56,562 : INFO : EventManager : Event: ======'modes_active_modes_changed'====== Args={}
2024-05-11 16:26:56,562 : INFO : EventManager : Event: ======'mode_attract_stopped'====== Args={}
2024-05-11 16:26:56,562 : INFO : EventManager : Event: ======'clear'====== Args={'key': 'attract'}
2024-05-11 16:26:56,562 : INFO : EventManager : Event: ======'game_will_start'====== Args={}
2024-05-11 16:26:56,573 : INFO : EventManager : Event: ======'game_starting'====== Args={'game': <Mode.game>}
2024-05-11 16:26:56,573 : INFO : EventManager : Unordered handler for class <Auditor> on event game_ended with priority 1. Handlers: [RegisteredHandler(callback=<bound method Auditor.disable of <Auditor>>, priority=1, kwargs={}, key=UUID('3088fcd3-a5c2-4d06-8d56-93e6aeb0d889'), condition=None, blocking_facility=None), RegisteredHandler(callback=<bound method Auditor._save_audits of <Auditor>>, priority=1, kwargs={}, key=UUID('25152249-7856-4bd4-be28-94845f34351e'), condition=None, blocking_facility=None)]. The order of those handlers is not defined and they will be executed in random order. This might lead to race conditions and potential bugs.
2024-05-11 16:26:56,573 : INFO : EventManager : Event: ======'player_add_request'====== Args={}
2024-05-11 16:26:56,573 : INFO : EventManager : Event: ======'player_will_add'====== Args={'number': 1}
2024-05-11 16:26:56,573 : INFO : EventManager : Event: ======'player_adding'====== Args={'player': <Player 1>, 'number': 1}
2024-05-11 16:26:56,573 : INFO : EventManager : Event: ======'player_added'====== Args={'player': <Player 1>, 'num': 1}
2024-05-11 16:26:56,573 : INFO : Mode.game : Player added successfully. Total players: 1
2024-05-11 16:26:56,573 : INFO : EventManager : Event: ======'player_index'====== Args={'value': 0, 'prev_value': 0, 'change': 0, 'player_num': 1}
2024-05-11 16:26:56,573 : INFO : EventManager : Event: ======'player_number'====== Args={'value': 1, 'prev_value': 1, 'change': 0, 'player_num': 1}
2024-05-11 16:26:56,573 : INFO : EventManager : Event: ======'player_score'====== Args={'value': 0, 'prev_value': 0, 'change': 0, 'player_num': 1}
2024-05-11 16:26:56,574 : INFO : EventManager : Event: ======'game_started'====== Args={}
2024-05-11 16:26:56,577 : INFO : EventManager : Event: ======'player_turn_will_start'====== Args={'player': <Player 1>, 'number': 1}
2024-05-11 16:26:56,577 : INFO : EventManager : Event: ======'player_turn_starting'====== Args={'player': <Player 1>, 'number': 1}
2024-05-11 16:26:56,577 : INFO : EventManager : Event: ======'player_ball'====== Args={'value': 1, 'prev_value': 0, 'change': 1, 'player_num': 1}
2024-05-11 16:26:56,577 : INFO : EventManager : Event: ======'player_turn_started'====== Args={'player': <Player 1>, 'number': 1}
2024-05-11 16:26:56,577 : INFO : EventManager : Event: ======'ball_will_start'====== Args={'player': 1, 'ball': 1, 'balls_remaining': 2, 'is_extra_ball': False}
2024-05-11 16:26:56,579 : INFO : EventManager : Event: ======'ball_starting'====== Args={'player': 1, 'ball': 1, 'balls_remaining': 2, 'is_extra_ball': False}
2024-05-11 16:26:56,579 : INFO : EventManager : Event: ======'balls_in_play'====== Args={'balls': 1}
2024-05-11 16:26:56,579 : INFO : EventManager : Event: ======'ball_started'====== Args={'player': 1, 'ball': 1, 'balls_remaining': 2, 'is_extra_ball': False}
2024-05-11 16:26:56,579 : INFO : EventManager : Event: ======'mode_char_select_will_start'====== Args={'player': 1, 'ball': 1, 'balls_remaining': 2, 'is_extra_ball': False}
2024-05-11 16:26:56,581 : INFO : EventManager : Event: ======'mode_char_select_starting'====== Args={'player': 1, 'ball': 1, 'balls_remaining': 2, 'is_extra_ball': False}
2024-05-11 16:26:56,581 : INFO : EventManager : Event: ======'mode_base_will_start'====== Args={'player': 1, 'ball': 1, 'balls_remaining': 2, 'is_extra_ball': False}
2024-05-11 16:26:56,581 : INFO : EventManager : Event: ======'mode_base_starting'====== Args={'player': 1, 'ball': 1, 'balls_remaining': 2, 'is_extra_ball': False}
2024-05-11 16:26:56,581 : INFO : Mode.base : Started. Priority: 100
2024-05-11 16:26:56,581 : INFO : EventManager : Event: ======'modes_active_modes_changed'====== Args={}
2024-05-11 16:26:56,581 : INFO : EventManager : Event: ======'mode_base_started'====== Args={'player': 1, 'ball': 1, 'balls_remaining': 2, 'is_extra_ball': False}
2024-05-11 16:26:56,582 : INFO : Mode.char_select : Started. Priority: 501
2024-05-11 16:26:56,582 : INFO : EventManager : Event: ======'modes_active_modes_changed'====== Args={}
2024-05-11 16:26:56,582 : INFO : EventManager : Event: ======'mode_char_select_started'====== Args={'player': 1, 'ball': 1, 'balls_remaining': 2, 'is_extra_ball': False}
2024-05-11 16:26:56,582 : INFO : EventManager : Event: ======'item_highlighted'====== Args={'carousel': 'char_select', 'direction': None, 'item': 'percy'}
2024-05-11 16:26:56,582 : INFO : EventManager : Event: ======'single_player_ball_started'====== Args={}
2024-05-11 16:26:56,592 : INFO : EventManager : Event: ======'ball_start_target'====== Args={'target': 'playfield'}
2024-05-11 16:26:56,592 : INFO : ball_device.bd_plunger : Setting up player-controlled eject. Balls: 1, Target: <playfield.playfield>, player_controlled_eject_event: None
2024-05-11 16:26:56,592 : INFO : EventManager : Event: ======'balldevice_balls_available'====== Args={}
2024-05-11 16:26:56,592 : INFO : ball_device.bd_trough : State: waiting_for_target_ready
2024-05-11 16:26:56,592 : INFO : EventManager : Event: ======'balldevice_bd_trough_ball_eject_attempt'====== Args={'balls': 1, 'target': <ball_device.bd_plunger>, 'source': <ball_device.bd_trough>, 'mechanical_eject': True, 'num_attempts': 0}
2024-05-11 16:26:56,592 : INFO : ball_device.bd_plunger : State: waiting_for_ball
2024-05-11 16:26:56,592 : INFO : ball_device.bd_trough : State: ejecting
2024-05-11 16:26:56,592 : INFO : ball_device.bd_trough : Ejecting ball to <ball_device.bd_plunger>
2024-05-11 16:26:56,592 : INFO : EventManager : Event: ======'balldevice_bd_trough_ejecting_ball'====== Args={'balls': 1, 'target': <ball_device.bd_plunger>, 'source': <ball_device.bd_trough>, 'mechanical_eject': True, 'num_attempts': 0}
2024-05-11 16:26:56,593 : INFO : ball_device.bd_trough : Wait for ball to leave device
2024-05-11 16:26:56,593 : INFO : coil.c_trough_eject_coil : Pulsing Driver for 15ms (1.0 pulse_power)
2024-05-11 16:26:56,611 : INFO : EventManager : Event: ======'slide_base_created'====== Args={'_from_bcp': True}
2024-05-11 16:26:56,611 : INFO : EventManager : Event: ======'slide_attract_inactive'====== Args={'_from_bcp': True}
2024-05-11 16:26:56,611 : INFO : EventManager : Event: ======'slide_base_active'====== Args={'original_context': 'base', 'original_calling_context': 'mode_base_started', 'cmd': 'slides_play', '_from_bcp': True}
2024-05-11 16:26:56,612 : INFO : EventManager : Event: ======'slide_attract_removed'====== Args={'_from_bcp': True}
2024-05-11 16:26:56,764 : INFO : EventManager : Event: ======'slide_char_select_created'====== Args={'_from_bcp': True}
2024-05-11 16:26:56,765 : INFO : EventManager : Event: ======'slide_base_inactive'====== Args={'_from_bcp': True}
2024-05-11 16:26:56,765 : INFO : EventManager : Event: ======'slide_char_select_active'====== Args={'original_context': 'char_select', 'original_calling_context': 'mode_char_select_started', 'cmd': 'slides_play', '_from_bcp': True}
2024-05-11 16:26:57,587 : INFO : EventManager : Event: ======'s_ab_active'====== Args={'_from_bcp': True}
2024-05-11 16:26:57,587 : INFO : EventManager : Event: ======'char_select_percy_selected'====== Args={}
2024-05-11 16:26:57,587 : INFO : EventManager : Event: ======'char_select_item_selected'====== Args={}
2024-05-11 16:26:57,587 : INFO : EventManager : Event: ======'player_selected_champ'====== Args={'value': 'percy', 'prev_value': 0, 'change': True, 'player_num': 1, 'source': 'char_select'}
2024-05-11 16:26:57,587 : INFO : EventManager : Event: ======'mode_char_select_will_stop'====== Args={}
2024-05-11 16:26:57,587 : INFO : EventManager : Event: ======'mode_char_select_stopping'====== Args={}
2024-05-11 16:26:57,587 : INFO : EventManager : Event: ======'player_is_selected_champ'====== Args={'value': 1, 'prev_value': 0, 'change': 1, 'player_num': 1, 'source': 'char_select'}
2024-05-11 16:26:57,587 : INFO : Mode.char_select : Stopped.
2024-05-11 16:26:57,587 : INFO : EventManager : Event: ======'modes_active_modes_changed'====== Args={}
2024-05-11 16:26:57,587 : INFO : EventManager : Event: ======'start_base'====== Args={}
2024-05-11 16:26:57,587 : INFO : EventManager : Event: ======'char_select_item_selected'====== Args={}
2024-05-11 16:26:57,587 : INFO : EventManager : Event: ======'mode_char_select_stopped'====== Args={}
2024-05-11 16:26:57,587 : INFO : EventManager : Event: ======'clear'====== Args={'key': 'char_select'}
2024-05-11 16:26:57,597 : INFO : EventManager : Event: ======'slide_char_select_inactive'====== Args={'_from_bcp': True}
2024-05-11 16:26:57,597 : INFO : EventManager : Event: ======'slide_base_active'====== Args={'_from_bcp': True}
2024-05-11 16:26:57,597 : INFO : EventManager : Event: ======'slide_char_select_removed'====== Args={'_from_bcp': True}
2024-05-11 16:26:58,595 : INFO : EventManager : Event: ======'balldevice_bd_trough_ball_eject_failed'====== Args={'target': <ball_device.bd_plunger>, 'balls': 1, 'retry': True, 'num_attempts': 1}
2024-05-11 16:26:58,595 : INFO : ball_device.bd_trough : State: waiting_for_target_ready
2024-05-11 16:26:58,595 : INFO : EventManager : Event: ======'balldevice_bd_trough_ball_eject_attempt'====== Args={'balls': 1, 'target': <ball_device.bd_plunger>, 'source': <ball_device.bd_trough>, 'mechanical_eject': True, 'num_attempts': 1}
2024-05-11 16:26:58,595 : INFO : ball_device.bd_trough : State: ejecting
2024-05-11 16:26:58,595 : INFO : ball_device.bd_trough : Ejecting ball to <ball_device.bd_plunger>
2024-05-11 16:26:58,595 : INFO : EventManager : Event: ======'balldevice_bd_trough_ejecting_ball'====== Args={'balls': 1, 'target': <ball_device.bd_plunger>, 'source': <ball_device.bd_trough>, 'mechanical_eject': True, 'num_attempts': 1}
2024-05-11 16:26:58,595 : INFO : ball_device.bd_trough : Wait for ball to leave device
2024-05-11 16:26:58,596 : INFO : coil.c_trough_eject_coil : Pulsing Driver for 15ms (1.0 pulse_power)
2024-05-11 16:26:59,107 : INFO : EventManager : Event: ======'s_mead_active'====== Args={'_from_bcp': True}
2024-05-11 16:26:59,108 : INFO : EventManager : Event: ======'player_score'====== Args={'value': 1000, 'prev_value': 0, 'change': 1000, 'player_num': 1, 'source': 'base'}
2024-05-11 16:26:59,108 : INFO : EventManager : Event: ======'player_last_score'====== Args={'value': 1000, 'prev_value': 0, 'change': 1000, 'player_num': 1, 'source': 'base'}
2024-05-11 16:27:00,591 : INFO : EventManager : Event: ======'balldevice_bd_trough_ball_eject_failed'====== Args={'target': <ball_device.bd_plunger>, 'balls': 1, 'retry': True, 'num_attempts': 2}
2024-05-11 16:27:00,591 : INFO : ball_device.bd_trough : State: waiting_for_target_ready
2024-05-11 16:27:00,591 : INFO : EventManager : Event: ======'balldevice_bd_trough_ball_eject_attempt'====== Args={'balls': 1, 'target': <ball_device.bd_plunger>, 'source': <ball_device.bd_trough>, 'mechanical_eject': True, 'num_attempts': 2}
2024-05-11 16:27:00,591 : INFO : ball_device.bd_trough : State: ejecting
2024-05-11 16:27:00,591 : INFO : ball_device.bd_trough : Ejecting ball to <ball_device.bd_plunger>
2024-05-11 16:27:00,591 : INFO : EventManager : Event: ======'balldevice_bd_trough_ejecting_ball'====== Args={'balls': 1, 'target': <ball_device.bd_plunger>, 'source': <ball_device.bd_trough>, 'mechanical_eject': True, 'num_attempts': 2}
2024-05-11 16:27:00,591 : INFO : ball_device.bd_trough : Wait for ball to leave device
2024-05-11 16:27:00,591 : INFO : coil.c_trough_eject_coil : Pulsing Driver for 15ms (1.0 pulse_power)
2024-05-11 16:27:01,968 : INFO : EventManager : Event: ======'s_mead_active'====== Args={'_from_bcp': True}
2024-05-11 16:27:01,968 : INFO : EventManager : Event: ======'player_score'====== Args={'value': 2000, 'prev_value': 1000, 'change': 1000, 'player_num': 1, 'source': 'base'}
2024-05-11 16:27:02,597 : INFO : EventManager : Event: ======'balldevice_bd_trough_ball_eject_failed'====== Args={'target': <ball_device.bd_plunger>, 'balls': 1, 'retry': True, 'num_attempts': 3}
2024-05-11 16:27:02,597 : INFO : ball_device.bd_trough : State: waiting_for_target_ready
2024-05-11 16:27:02,597 : INFO : EventManager : Event: ======'balldevice_bd_trough_ball_eject_attempt'====== Args={'balls': 1, 'target': <ball_device.bd_plunger>, 'source': <ball_device.bd_trough>, 'mechanical_eject': True, 'num_attempts': 3}
2024-05-11 16:27:02,597 : INFO : ball_device.bd_trough : State: ejecting
2024-05-11 16:27:02,597 : INFO : ball_device.bd_trough : Ejecting ball to <ball_device.bd_plunger>
2024-05-11 16:27:02,597 : INFO : EventManager : Event: ======'balldevice_bd_trough_ejecting_ball'====== Args={'balls': 1, 'target': <ball_device.bd_plunger>, 'source': <ball_device.bd_trough>, 'mechanical_eject': True, 'num_attempts': 3}
2024-05-11 16:27:02,597 : INFO : ball_device.bd_trough : Wait for ball to leave device
2024-05-11 16:27:02,597 : INFO : coil.c_trough_eject_coil : Pulsing Driver for 15ms (1.0 pulse_power)
2024-05-11 16:27:04,414 : INFO : EventManager : Event: ======'s_mead_active'====== Args={'_from_bcp': True}
2024-05-11 16:27:04,414 : INFO : EventManager : Event: ======'player_score'====== Args={'value': 3000, 'prev_value': 2000, 'change': 1000, 'player_num': 1, 'source': 'base'}
2024-05-11 16:27:04,602 : INFO : EventManager : Event: ======'balldevice_bd_trough_ball_eject_failed'====== Args={'target': <ball_device.bd_plunger>, 'balls': 1, 'retry': True, 'num_attempts': 4}
2024-05-11 16:27:04,602 : INFO : ball_device.bd_trough : State: waiting_for_target_ready
2024-05-11 16:27:04,602 : INFO : EventManager : Event: ======'balldevice_bd_trough_ball_eject_attempt'====== Args={'balls': 1, 'target': <ball_device.bd_plunger>, 'source': <ball_device.bd_trough>, 'mechanical_eject': True, 'num_attempts': 4}
2024-05-11 16:27:04,602 : INFO : ball_device.bd_trough : State: ejecting
2024-05-11 16:27:04,602 : INFO : ball_device.bd_trough : Ejecting ball to <ball_device.bd_plunger>
2024-05-11 16:27:04,602 : INFO : EventManager : Event: ======'balldevice_bd_trough_ejecting_ball'====== Args={'balls': 1, 'target': <ball_device.bd_plunger>, 'source': <ball_device.bd_trough>, 'mechanical_eject': True, 'num_attempts': 4}
2024-05-11 16:27:04,602 : INFO : ball_device.bd_trough : Wait for ball to leave device
2024-05-11 16:27:04,602 : INFO : coil.c_trough_eject_coil : Pulsing Driver for 15ms (1.0 pulse_power)
2024-05-11 16:27:06,605 : INFO : EventManager : Event: ======'balldevice_bd_trough_ball_eject_failed'====== Args={'target': <ball_device.bd_plunger>, 'balls': 1, 'retry': True, 'num_attempts': 5}
2024-05-11 16:27:06,605 : INFO : ball_device.bd_trough : State: waiting_for_target_ready
2024-05-11 16:27:06,605 : INFO : EventManager : Event: ======'balldevice_bd_trough_ball_eject_attempt'====== Args={'balls': 1, 'target': <ball_device.bd_plunger>, 'source': <ball_device.bd_trough>, 'mechanical_eject': True, 'num_attempts': 5}
2024-05-11 16:27:06,605 : INFO : ball_device.bd_trough : State: ejecting
2024-05-11 16:27:06,605 : INFO : ball_device.bd_trough : Ejecting ball to <ball_device.bd_plunger>
2024-05-11 16:27:06,605 : INFO : EventManager : Event: ======'balldevice_bd_trough_ejecting_ball'====== Args={'balls': 1, 'target': <ball_device.bd_plunger>, 'source': <ball_device.bd_trough>, 'mechanical_eject': True, 'num_attempts': 5}
2024-05-11 16:27:06,605 : INFO : ball_device.bd_trough : Wait for ball to leave device
2024-05-11 16:27:06,606 : INFO : coil.c_trough_eject_coil : Pulsing Driver for 15ms (1.0 pulse_power)
2024-05-11 16:27:06,698 : INFO : EventManager : Event: ======'s_mead_active'====== Args={'_from_bcp': True}
2024-05-11 16:27:06,698 : INFO : EventManager : Event: ======'player_score'====== Args={'value': 4000, 'prev_value': 3000, 'change': 1000, 'player_num': 1, 'source': 'base'}
2024-05-11 16:27:06,836 : INFO : EventManager : Event: ======'s_mead_active'====== Args={'_from_bcp': True}
2024-05-11 16:27:06,836 : INFO : EventManager : Event: ======'player_score'====== Args={'value': 5000, 'prev_value': 4000, 'change': 1000, 'player_num': 1, 'source': 'base'}
2024-05-11 16:27:07,059 : INFO : EventManager : Event: ======'s_mead_active'====== Args={'_from_bcp': True}
2024-05-11 16:27:07,059 : INFO : EventManager : Event: ======'player_score'====== Args={'value': 6000, 'prev_value': 5000, 'change': 1000, 'player_num': 1, 'source': 'base'}
2024-05-11 16:27:07,218 : INFO : EventManager : Event: ======'s_mead_active'====== Args={'_from_bcp': True}
2024-05-11 16:27:07,218 : INFO : EventManager : Event: ======'player_score'====== Args={'value': 7000, 'prev_value': 6000, 'change': 1000, 'player_num': 1, 'source': 'base'}
2024-05-11 16:27:07,350 : INFO : EventManager : Event: ======'s_mead_active'====== Args={'_from_bcp': True}
2024-05-11 16:27:07,350 : INFO : EventManager : Event: ======'player_score'====== Args={'value': 8000, 'prev_value': 7000, 'change': 1000, 'player_num': 1, 'source': 'base'}
2024-05-11 16:27:07,503 : INFO : EventManager : Event: ======'s_mead_active'====== Args={'_from_bcp': True}
2024-05-11 16:27:07,503 : INFO : EventManager : Event: ======'player_score'====== Args={'value': 9000, 'prev_value': 8000, 'change': 1000, 'player_num': 1, 'source': 'base'}
2024-05-11 16:27:07,642 : INFO : EventManager : Event: ======'s_mead_active'====== Args={'_from_bcp': True}
2024-05-11 16:27:07,642 : INFO : EventManager : Event: ======'player_score'====== Args={'value': 10000, 'prev_value': 9000, 'change': 1000, 'player_num': 1, 'source': 'base'}
2024-05-11 16:27:07,774 : INFO : EventManager : Event: ======'s_mead_active'====== Args={'_from_bcp': True}
2024-05-11 16:27:07,774 : INFO : EventManager : Event: ======'player_score'====== Args={'value': 11000, 'prev_value': 10000, 'change': 1000, 'player_num': 1, 'source': 'base'}
2024-05-11 16:27:07,926 : INFO : EventManager : Event: ======'s_mead_active'====== Args={'_from_bcp': True}
2024-05-11 16:27:07,927 : INFO : EventManager : Event: ======'player_score'====== Args={'value': 12000, 'prev_value': 11000, 'change': 1000, 'player_num': 1, 'source': 'base'}
2024-05-11 16:27:08,066 : INFO : EventManager : Event: ======'s_mead_active'====== Args={'_from_bcp': True}
2024-05-11 16:27:08,066 : INFO : EventManager : Event: ======'player_score'====== Args={'value': 13000, 'prev_value': 12000, 'change': 1000, 'player_num': 1, 'source': 'base'}
2024-05-11 16:27:08,219 : INFO : EventManager : Event: ======'s_mead_active'====== Args={'_from_bcp': True}
2024-05-11 16:27:08,219 : INFO : EventManager : Event: ======'player_score'====== Args={'value': 14000, 'prev_value': 13000, 'change': 1000, 'player_num': 1, 'source': 'base'}
2024-05-11 16:27:08,392 : INFO : EventManager : Event: ======'s_mead_active'====== Args={'_from_bcp': True}
2024-05-11 16:27:08,392 : INFO : EventManager : Event: ======'player_score'====== Args={'value': 15000, 'prev_value': 14000, 'change': 1000, 'player_num': 1, 'source': 'base'}
2024-05-11 16:27:08,545 : INFO : EventManager : Event: ======'s_mead_active'====== Args={'_from_bcp': True}
2024-05-11 16:27:08,545 : INFO : EventManager : Event: ======'player_score'====== Args={'value': 16000, 'prev_value': 15000, 'change': 1000, 'player_num': 1, 'source': 'base'}
2024-05-11 16:27:08,612 : INFO : EventManager : Event: ======'balldevice_bd_trough_ball_eject_failed'====== Args={'target': <ball_device.bd_plunger>, 'balls': 1, 'retry': True, 'num_attempts': 6}
2024-05-11 16:27:08,612 : INFO : ball_device.bd_trough : State: waiting_for_target_ready
2024-05-11 16:27:08,612 : INFO : EventManager : Event: ======'balldevice_bd_trough_ball_eject_attempt'====== Args={'balls': 1, 'target': <ball_device.bd_plunger>, 'source': <ball_device.bd_trough>, 'mechanical_eject': True, 'num_attempts': 6}
2024-05-11 16:27:08,612 : INFO : ball_device.bd_trough : State: ejecting
2024-05-11 16:27:08,612 : INFO : ball_device.bd_trough : Ejecting ball to <ball_device.bd_plunger>
2024-05-11 16:27:08,612 : INFO : EventManager : Event: ======'balldevice_bd_trough_ejecting_ball'====== Args={'balls': 1, 'target': <ball_device.bd_plunger>, 'source': <ball_device.bd_trough>, 'mechanical_eject': True, 'num_attempts': 6}
2024-05-11 16:27:08,612 : INFO : ball_device.bd_trough : Wait for ball to leave device
2024-05-11 16:27:08,612 : INFO : coil.c_trough_eject_coil : Pulsing Driver for 15ms (1.0 pulse_power)
2024-05-11 16:27:08,704 : INFO : EventManager : Event: ======'s_mead_active'====== Args={'_from_bcp': True}
2024-05-11 16:27:08,704 : INFO : EventManager : Event: ======'player_score'====== Args={'value': 17000, 'prev_value': 16000, 'change': 1000, 'player_num': 1, 'source': 'base'}
2024-05-11 16:27:08,843 : INFO : EventManager : Event: ======'s_mead_active'====== Args={'_from_bcp': True}
2024-05-11 16:27:08,843 : INFO : EventManager : Event: ======'player_score'====== Args={'value': 18000, 'prev_value': 17000, 'change': 1000, 'player_num': 1, 'source': 'base'}
2024-05-11 16:27:08,989 : INFO : EventManager : Event: ======'s_mead_active'====== Args={'_from_bcp': True}
2024-05-11 16:27:08,989 : INFO : EventManager : Event: ======'player_score'====== Args={'value': 19000, 'prev_value': 18000, 'change': 1000, 'player_num': 1, 'source': 'base'}
2024-05-11 16:27:09,114 : INFO : EventManager : Event: ======'s_mead_active'====== Args={'_from_bcp': True}
2024-05-11 16:27:09,115 : INFO : EventManager : Event: ======'player_score'====== Args={'value': 20000, 'prev_value': 19000, 'change': 1000, 'player_num': 1, 'source': 'base'}
2024-05-11 16:27:09,246 : INFO : EventManager : Event: ======'s_mead_active'====== Args={'_from_bcp': True}
2024-05-11 16:27:09,246 : INFO : EventManager : Event: ======'player_score'====== Args={'value': 21000, 'prev_value': 20000, 'change': 1000, 'player_num': 1, 'source': 'base'}
2024-05-11 16:27:09,378 : INFO : EventManager : Event: ======'s_mead_active'====== Args={'_from_bcp': True}
2024-05-11 16:27:09,378 : INFO : EventManager : Event: ======'player_score'====== Args={'value': 22000, 'prev_value': 21000, 'change': 1000, 'player_num': 1, 'source': 'base'}
2024-05-11 16:27:09,517 : INFO : EventManager : Event: ======'s_mead_active'====== Args={'_from_bcp': True}
2024-05-11 16:27:09,517 : INFO : EventManager : Event: ======'player_score'====== Args={'value': 23000, 'prev_value': 22000, 'change': 1000, 'player_num': 1, 'source': 'base'}
2024-05-11 16:27:09,642 : INFO : EventManager : Event: ======'s_mead_active'====== Args={'_from_bcp': True}
2024-05-11 16:27:09,642 : INFO : EventManager : Event: ======'player_score'====== Args={'value': 24000, 'prev_value': 23000, 'change': 1000, 'player_num': 1, 'source': 'base'}
2024-05-11 16:27:09,774 : INFO : EventManager : Event: ======'s_mead_active'====== Args={'_from_bcp': True}
2024-05-11 16:27:09,774 : INFO : EventManager : Event: ======'player_score'====== Args={'value': 25000, 'prev_value': 24000, 'change': 1000, 'player_num': 1, 'source': 'base'}
2024-05-11 16:27:09,899 : INFO : EventManager : Event: ======'s_mead_active'====== Args={'_from_bcp': True}
2024-05-11 16:27:09,899 : INFO : EventManager : Event: ======'player_score'====== Args={'value': 26000, 'prev_value': 25000, 'change': 1000, 'player_num': 1, 'source': 'base'}
2024-05-11 16:27:10,031 : INFO : EventManager : Event: ======'s_mead_active'====== Args={'_from_bcp': True}
2024-05-11 16:27:10,031 : INFO : EventManager : Event: ======'player_score'====== Args={'value': 27000, 'prev_value': 26000, 'change': 1000, 'player_num': 1, 'source': 'base'}
2024-05-11 16:27:10,180 : INFO : EventManager : Event: ======'s_mead_active'====== Args={'_from_bcp': True}
2024-05-11 16:27:10,180 : INFO : EventManager : Event: ======'player_score'====== Args={'value': 28000, 'prev_value': 27000, 'change': 1000, 'player_num': 1, 'source': 'base'}
2024-05-11 16:27:10,357 : INFO : EventManager : Event: ======'s_mead_active'====== Args={'_from_bcp': True}
2024-05-11 16:27:10,358 : INFO : EventManager : Event: ======'player_score'====== Args={'value': 29000, 'prev_value': 28000, 'change': 1000, 'player_num': 1, 'source': 'base'}
2024-05-11 16:27:10,545 : INFO : EventManager : Event: ======'s_mead_active'====== Args={'_from_bcp': True}
2024-05-11 16:27:10,545 : INFO : EventManager : Event: ======'player_score'====== Args={'value': 30000, 'prev_value': 29000, 'change': 1000, 'player_num': 1, 'source': 'base'}
2024-05-11 16:27:10,619 : INFO : EventManager : Event: ======'balldevice_bd_trough_ball_eject_failed'====== Args={'target': <ball_device.bd_plunger>, 'balls': 1, 'retry': True, 'num_attempts': 7}
2024-05-11 16:27:10,619 : INFO : ball_device.bd_trough : State: waiting_for_target_ready
2024-05-11 16:27:10,619 : INFO : EventManager : Event: ======'balldevice_bd_trough_ball_eject_attempt'====== Args={'balls': 1, 'target': <ball_device.bd_plunger>, 'source': <ball_device.bd_trough>, 'mechanical_eject': True, 'num_attempts': 7}
2024-05-11 16:27:10,619 : INFO : ball_device.bd_trough : State: ejecting
2024-05-11 16:27:10,619 : INFO : ball_device.bd_trough : Ejecting ball to <ball_device.bd_plunger>
2024-05-11 16:27:10,619 : INFO : EventManager : Event: ======'balldevice_bd_trough_ejecting_ball'====== Args={'balls': 1, 'target': <ball_device.bd_plunger>, 'source': <ball_device.bd_trough>, 'mechanical_eject': True, 'num_attempts': 7}
2024-05-11 16:27:10,619 : INFO : ball_device.bd_trough : Wait for ball to leave device
2024-05-11 16:27:10,619 : INFO : coil.c_trough_eject_coil : Pulsing Driver for 15ms (1.0 pulse_power)
2024-05-11 16:27:10,718 : INFO : EventManager : Event: ======'s_mead_active'====== Args={'_from_bcp': True}
2024-05-11 16:27:10,718 : INFO : EventManager : Event: ======'player_score'====== Args={'value': 31000, 'prev_value': 30000, 'change': 1000, 'player_num': 1, 'source': 'base'}
2024-05-11 16:27:10,920 : INFO : EventManager : Event: ======'s_mead_active'====== Args={'_from_bcp': True}
2024-05-11 16:27:10,920 : INFO : EventManager : Event: ======'player_score'====== Args={'value': 32000, 'prev_value': 31000, 'change': 1000, 'player_num': 1, 'source': 'base'}
2024-05-11 16:27:11,079 : INFO : EventManager : Event: ======'s_mead_active'====== Args={'_from_bcp': True}
2024-05-11 16:27:11,080 : INFO : EventManager : Event: ======'player_score'====== Args={'value': 33000, 'prev_value': 32000, 'change': 1000, 'player_num': 1, 'source': 'base'}
2024-05-11 16:27:11,267 : INFO : EventManager : Event: ======'s_mead_active'====== Args={'_from_bcp': True}
2024-05-11 16:27:11,267 : INFO : EventManager : Event: ======'player_score'====== Args={'value': 34000, 'prev_value': 33000, 'change': 1000, 'player_num': 1, 'source': 'base'}
2024-05-11 16:27:11,468 : INFO : EventManager : Event: ======'s_mead_active'====== Args={'_from_bcp': True}
2024-05-11 16:27:11,469 : INFO : EventManager : Event: ======'player_score'====== Args={'value': 35000, 'prev_value': 34000, 'change': 1000, 'player_num': 1, 'source': 'base'}
2024-05-11 16:27:11,642 : INFO : EventManager : Event: ======'s_mead_active'====== Args={'_from_bcp': True}
2024-05-11 16:27:11,642 : INFO : EventManager : Event: ======'player_score'====== Args={'value': 36000, 'prev_value': 35000, 'change': 1000, 'player_num': 1, 'source': 'base'}
2024-05-11 16:27:11,802 : INFO : EventManager : Event: ======'s_mead_active'====== Args={'_from_bcp': True}
2024-05-11 16:27:11,802 : INFO : EventManager : Event: ======'player_score'====== Args={'value': 37000, 'prev_value': 36000, 'change': 1000, 'player_num': 1, 'source': 'base'}
2024-05-11 16:27:11,982 : INFO : EventManager : Event: ======'s_mead_active'====== Args={'_from_bcp': True}
2024-05-11 16:27:11,982 : INFO : EventManager : Event: ======'player_score'====== Args={'value': 38000, 'prev_value': 37000, 'change': 1000, 'player_num': 1, 'source': 'base'}
2024-05-11 16:27:12,157 : INFO : EventManager : Event: ======'s_mead_active'====== Args={'_from_bcp': True}
2024-05-11 16:27:12,157 : INFO : EventManager : Event: ======'player_score'====== Args={'value': 39000, 'prev_value': 38000, 'change': 1000, 'player_num': 1, 'source': 'base'}
2024-05-11 16:27:12,322 : INFO : EventManager : Event: ======'s_mead_active'====== Args={'_from_bcp': True}
2024-05-11 16:27:12,322 : INFO : EventManager : Event: ======'player_score'====== Args={'value': 40000, 'prev_value': 39000, 'change': 1000, 'player_num': 1, 'source': 'base'}
2024-05-11 16:27:12,496 : INFO : EventManager : Event: ======'s_mead_active'====== Args={'_from_bcp': True}
2024-05-11 16:27:12,496 : INFO : EventManager : Event: ======'player_score'====== Args={'value': 41000, 'prev_value': 40000, 'change': 1000, 'player_num': 1, 'source': 'base'}
2024-05-11 16:27:12,625 : INFO : EventManager : Event: ======'balldevice_bd_trough_ball_eject_failed'====== Args={'target': <ball_device.bd_plunger>, 'balls': 1, 'retry': True, 'num_attempts': 8}
2024-05-11 16:27:12,625 : INFO : ball_device.bd_trough : State: waiting_for_target_ready
2024-05-11 16:27:12,625 : INFO : EventManager : Event: ======'balldevice_bd_trough_ball_eject_attempt'====== Args={'balls': 1, 'target': <ball_device.bd_plunger>, 'source': <ball_device.bd_trough>, 'mechanical_eject': True, 'num_attempts': 8}
2024-05-11 16:27:12,625 : INFO : ball_device.bd_trough : State: ejecting
2024-05-11 16:27:12,625 : INFO : ball_device.bd_trough : Ejecting ball to <ball_device.bd_plunger>
2024-05-11 16:27:12,625 : INFO : EventManager : Event: ======'balldevice_bd_trough_ejecting_ball'====== Args={'balls': 1, 'target': <ball_device.bd_plunger>, 'source': <ball_device.bd_trough>, 'mechanical_eject': True, 'num_attempts': 8}
2024-05-11 16:27:12,625 : INFO : ball_device.bd_trough : Wait for ball to leave device
2024-05-11 16:27:12,625 : INFO : coil.c_trough_eject_coil : Pulsing Driver for 15ms (1.0 pulse_power)
2024-05-11 16:27:12,676 : INFO : EventManager : Event: ======'s_mead_active'====== Args={'_from_bcp': True}
2024-05-11 16:27:12,677 : INFO : EventManager : Event: ======'player_score'====== Args={'value': 42000, 'prev_value': 41000, 'change': 1000, 'player_num': 1, 'source': 'base'}
2024-05-11 16:27:12,850 : INFO : EventManager : Event: ======'s_mead_active'====== Args={'_from_bcp': True}
2024-05-11 16:27:12,850 : INFO : EventManager : Event: ======'player_score'====== Args={'value': 43000, 'prev_value': 42000, 'change': 1000, 'player_num': 1, 'source': 'base'}
2024-05-11 16:27:13,024 : INFO : EventManager : Event: ======'s_mead_active'====== Args={'_from_bcp': True}
2024-05-11 16:27:13,024 : INFO : EventManager : Event: ======'player_score'====== Args={'value': 44000, 'prev_value': 43000, 'change': 1000, 'player_num': 1, 'source': 'base'}
2024-05-11 16:27:13,190 : INFO : EventManager : Event: ======'s_mead_active'====== Args={'_from_bcp': True}
2024-05-11 16:27:13,190 : INFO : EventManager : Event: ======'player_score'====== Args={'value': 45000, 'prev_value': 44000, 'change': 1000, 'player_num': 1, 'source': 'base'}
2024-05-11 16:27:13,399 : INFO : EventManager : Event: ======'s_mead_active'====== Args={'_from_bcp': True}
2024-05-11 16:27:13,399 : INFO : EventManager : Event: ======'player_score'====== Args={'value': 46000, 'prev_value': 45000, 'change': 1000, 'player_num': 1, 'source': 'base'}
2024-05-11 16:27:13,565 : INFO : EventManager : Event: ======'s_mead_active'====== Args={'_from_bcp': True}
2024-05-11 16:27:13,565 : INFO : EventManager : Event: ======'player_score'====== Args={'value': 47000, 'prev_value': 46000, 'change': 1000, 'player_num': 1, 'source': 'base'}
2024-05-11 16:27:13,737 : INFO : EventManager : Event: ======'s_mead_active'====== Args={'_from_bcp': True}
2024-05-11 16:27:13,737 : INFO : EventManager : Event: ======'player_score'====== Args={'value': 48000, 'prev_value': 47000, 'change': 1000, 'player_num': 1, 'source': 'base'}
2024-05-11 16:27:13,916 : INFO : EventManager : Event: ======'s_mead_active'====== Args={'_from_bcp': True}
2024-05-11 16:27:13,916 : INFO : EventManager : Event: ======'player_score'====== Args={'value': 49000, 'prev_value': 48000, 'change': 1000, 'player_num': 1, 'source': 'base'}
2024-05-11 16:27:14,135 : INFO : EventManager : Event: ======'s_mead_active'====== Args={'_from_bcp': True}
2024-05-11 16:27:14,135 : INFO : EventManager : Event: ======'player_score'====== Args={'value': 50000, 'prev_value': 49000, 'change': 1000, 'player_num': 1, 'source': 'base'}
2024-05-11 16:27:14,315 : INFO : EventManager : Event: ======'s_mead_active'====== Args={'_from_bcp': True}
2024-05-11 16:27:14,316 : INFO : EventManager : Event: ======'player_score'====== Args={'value': 51000, 'prev_value': 50000, 'change': 1000, 'player_num': 1, 'source': 'base'}
2024-05-11 16:27:14,531 : INFO : EventManager : Event: ======'s_mead_active'====== Args={'_from_bcp': True}
2024-05-11 16:27:14,531 : INFO : EventManager : Event: ======'player_score'====== Args={'value': 52000, 'prev_value': 51000, 'change': 1000, 'player_num': 1, 'source': 'base'}
2024-05-11 16:27:14,642 : INFO : EventManager : Event: ======'balldevice_bd_trough_ball_eject_failed'====== Args={'target': <ball_device.bd_plunger>, 'balls': 1, 'retry': True, 'num_attempts': 9}
2024-05-11 16:27:14,642 : INFO : ball_device.bd_trough : State: waiting_for_target_ready
2024-05-11 16:27:14,642 : INFO : EventManager : Event: ======'balldevice_bd_trough_ball_eject_attempt'====== Args={'balls': 1, 'target': <ball_device.bd_plunger>, 'source': <ball_device.bd_trough>, 'mechanical_eject': True, 'num_attempts': 9}
2024-05-11 16:27:14,642 : INFO : ball_device.bd_trough : State: ejecting
2024-05-11 16:27:14,642 : INFO : ball_device.bd_trough : Ejecting ball to <ball_device.bd_plunger>
2024-05-11 16:27:14,642 : INFO : EventManager : Event: ======'balldevice_bd_trough_ejecting_ball'====== Args={'balls': 1, 'target': <ball_device.bd_plunger>, 'source': <ball_device.bd_trough>, 'mechanical_eject': True, 'num_attempts': 9}
2024-05-11 16:27:14,642 : INFO : ball_device.bd_trough : Wait for ball to leave device
2024-05-11 16:27:14,642 : INFO : coil.c_trough_eject_coil : Pulsing Driver for 15ms (1.0 pulse_power)
2024-05-11 16:27:14,742 : INFO : EventManager : Event: ======'s_mead_active'====== Args={'_from_bcp': True}
2024-05-11 16:27:14,744 : INFO : EventManager : Event: ======'player_score'====== Args={'value': 53000, 'prev_value': 52000, 'change': 1000, 'player_num': 1, 'source': 'base'}
2024-05-11 16:27:15,024 : INFO : EventManager : Event: ======'s_mead_active'====== Args={'_from_bcp': True}
2024-05-11 16:27:15,024 : INFO : EventManager : Event: ======'player_score'====== Args={'value': 54000, 'prev_value': 53000, 'change': 1000, 'player_num': 1, 'source': 'base'}
2024-05-11 16:27:16,651 : INFO : EventManager : Event: ======'balldevice_bd_trough_ball_eject_failed'====== Args={'target': <ball_device.bd_plunger>, 'balls': 1, 'retry': True, 'num_attempts': 10}
2024-05-11 16:27:16,651 : INFO : ball_device.bd_trough : State: waiting_for_target_ready
2024-05-11 16:27:16,651 : INFO : EventManager : Event: ======'balldevice_bd_trough_ball_eject_attempt'====== Args={'balls': 1, 'target': <ball_device.bd_plunger>, 'source': <ball_device.bd_trough>, 'mechanical_eject': True, 'num_attempts': 10}
2024-05-11 16:27:16,651 : INFO : ball_device.bd_trough : State: ejecting
2024-05-11 16:27:16,652 : INFO : ball_device.bd_trough : Ejecting ball to <ball_device.bd_plunger>
2024-05-11 16:27:16,652 : INFO : EventManager : Event: ======'balldevice_bd_trough_ejecting_ball'====== Args={'balls': 1, 'target': <ball_device.bd_plunger>, 'source': <ball_device.bd_trough>, 'mechanical_eject': True, 'num_attempts': 10}
2024-05-11 16:27:16,652 : INFO : ball_device.bd_trough : Wait for ball to leave device
2024-05-11 16:27:16,652 : INFO : coil.c_trough_eject_coil : Pulsing Driver for 15ms (1.0 pulse_power)
2024-05-11 16:27:17,163 : INFO : EventManager : Event: ======'s_mead_active'====== Args={'_from_bcp': True}
2024-05-11 16:27:17,163 : INFO : EventManager : Event: ======'player_score'====== Args={'value': 55000, 'prev_value': 54000, 'change': 1000, 'player_num': 1, 'source': 'base'}
2024-05-11 16:27:17,447 : INFO : EventManager : Event: ======'s_mead_active'====== Args={'_from_bcp': True}
2024-05-11 16:27:17,447 : INFO : EventManager : Event: ======'player_score'====== Args={'value': 56000, 'prev_value': 55000, 'change': 1000, 'player_num': 1, 'source': 'base'}
2024-05-11 16:27:17,593 : INFO : EventManager : Event: ======'s_mead_active'====== Args={'_from_bcp': True}
2024-05-11 16:27:17,593 : INFO : EventManager : Event: ======'player_score'====== Args={'value': 57000, 'prev_value': 56000, 'change': 1000, 'player_num': 1, 'source': 'base'}
2024-05-11 16:27:17,794 : INFO : EventManager : Event: ======'s_mead_active'====== Args={'_from_bcp': True}
2024-05-11 16:27:17,795 : INFO : EventManager : Event: ======'player_score'====== Args={'value': 58000, 'prev_value': 57000, 'change': 1000, 'player_num': 1, 'source': 'base'}
2024-05-11 16:27:17,989 : INFO : EventManager : Event: ======'s_mead_active'====== Args={'_from_bcp': True}
2024-05-11 16:27:17,989 : INFO : EventManager : Event: ======'player_score'====== Args={'value': 59000, 'prev_value': 58000, 'change': 1000, 'player_num': 1, 'source': 'base'}
2024-05-11 16:27:18,183 : INFO : EventManager : Event: ======'s_mead_active'====== Args={'_from_bcp': True}
2024-05-11 16:27:18,184 : INFO : EventManager : Event: ======'player_score'====== Args={'value': 60000, 'prev_value': 59000, 'change': 1000, 'player_num': 1, 'source': 'base'}
2024-05-11 16:27:18,372 : INFO : EventManager : Event: ======'s_mead_active'====== Args={'_from_bcp': True}
2024-05-11 16:27:18,372 : INFO : EventManager : Event: ======'player_score'====== Args={'value': 61000, 'prev_value': 60000, 'change': 1000, 'player_num': 1, 'source': 'base'}
2024-05-11 16:27:18,667 : INFO : EventManager : Event: ======'balldevice_bd_trough_ball_eject_failed'====== Args={'target': <ball_device.bd_plunger>, 'balls': 1, 'retry': True, 'num_attempts': 11}
2024-05-11 16:27:18,667 : INFO : ball_device.bd_trough : State: waiting_for_target_ready
2024-05-11 16:27:18,667 : INFO : EventManager : Event: ======'balldevice_bd_trough_ball_eject_attempt'====== Args={'balls': 1, 'target': <ball_device.bd_plunger>, 'source': <ball_device.bd_trough>, 'mechanical_eject': True, 'num_attempts': 11}
2024-05-11 16:27:18,667 : INFO : ball_device.bd_trough : State: ejecting
2024-05-11 16:27:18,667 : INFO : ball_device.bd_trough : Ejecting ball to <ball_device.bd_plunger>
2024-05-11 16:27:18,667 : INFO : EventManager : Event: ======'balldevice_bd_trough_ejecting_ball'====== Args={'balls': 1, 'target': <ball_device.bd_plunger>, 'source': <ball_device.bd_trough>, 'mechanical_eject': True, 'num_attempts': 11}
2024-05-11 16:27:18,667 : INFO : ball_device.bd_trough : Wait for ball to leave device
2024-05-11 16:27:18,667 : INFO : coil.c_trough_eject_coil : Pulsing Driver for 15ms (1.0 pulse_power)
2024-05-11 16:27:18,683 : INFO : EventManager : Event: ======'s_mead_active'====== Args={'_from_bcp': True}
2024-05-11 16:27:18,684 : INFO : EventManager : Event: ======'player_score'====== Args={'value': 62000, 'prev_value': 61000, 'change': 1000, 'player_num': 1, 'source': 'base'}
2024-05-11 16:27:18,801 : INFO : EventManager : Event: ======'s_mead_active'====== Args={'_from_bcp': True}
2024-05-11 16:27:18,802 : INFO : EventManager : Event: ======'player_score'====== Args={'value': 63000, 'prev_value': 62000, 'change': 1000, 'player_num': 1, 'source': 'base'}
2024-05-11 16:27:18,967 : INFO : EventManager : Event: ======'s_mead_active'====== Args={'_from_bcp': True}
2024-05-11 16:27:18,968 : INFO : EventManager : Event: ======'player_score'====== Args={'value': 64000, 'prev_value': 63000, 'change': 1000, 'player_num': 1, 'source': 'base'}
2024-05-11 16:27:19,127 : INFO : EventManager : Event: ======'s_mead_active'====== Args={'_from_bcp': True}
2024-05-11 16:27:19,127 : INFO : EventManager : Event: ======'player_score'====== Args={'value': 65000, 'prev_value': 64000, 'change': 1000, 'player_num': 1, 'source': 'base'}
2024-05-11 16:27:19,273 : INFO : EventManager : Event: ======'s_mead_active'====== Args={'_from_bcp': True}
2024-05-11 16:27:19,273 : INFO : EventManager : Event: ======'player_score'====== Args={'value': 66000, 'prev_value': 65000, 'change': 1000, 'player_num': 1, 'source': 'base'}
2024-05-11 16:27:19,398 : INFO : EventManager : Event: ======'s_mead_active'====== Args={'_from_bcp': True}
2024-05-11 16:27:19,399 : INFO : EventManager : Event: ======'player_score'====== Args={'value': 67000, 'prev_value': 66000, 'change': 1000, 'player_num': 1, 'source': 'base'}
2024-05-11 16:27:19,574 : INFO : EventManager : Event: ======'s_mead_active'====== Args={'_from_bcp': True}
2024-05-11 16:27:19,574 : INFO : EventManager : Event: ======'player_score'====== Args={'value': 68000, 'prev_value': 67000, 'change': 1000, 'player_num': 1, 'source': 'base'}
2024-05-11 16:27:19,742 : INFO : EventManager : Event: ======'s_mead_active'====== Args={'_from_bcp': True}
2024-05-11 16:27:19,743 : INFO : EventManager : Event: ======'player_score'====== Args={'value': 69000, 'prev_value': 68000, 'change': 1000, 'player_num': 1, 'source': 'base'}
2024-05-11 16:27:19,914 : INFO : EventManager : Event: ======'s_mead_active'====== Args={'_from_bcp': True}
2024-05-11 16:27:19,914 : INFO : EventManager : Event: ======'player_score'====== Args={'value': 70000, 'prev_value': 69000, 'change': 1000, 'player_num': 1, 'source': 'base'}
2024-05-11 16:27:20,106 : INFO : EventManager : Event: ======'s_mead_active'====== Args={'_from_bcp': True}
2024-05-11 16:27:20,107 : INFO : EventManager : Event: ======'player_score'====== Args={'value': 71000, 'prev_value': 70000, 'change': 1000, 'player_num': 1, 'source': 'base'}
2024-05-11 16:27:20,280 : INFO : EventManager : Event: ======'s_mead_active'====== Args={'_from_bcp': True}
2024-05-11 16:27:20,280 : INFO : EventManager : Event: ======'player_score'====== Args={'value': 72000, 'prev_value': 71000, 'change': 1000, 'player_num': 1, 'source': 'base'}
2024-05-11 16:27:20,454 : INFO : EventManager : Event: ======'s_mead_active'====== Args={'_from_bcp': True}
2024-05-11 16:27:20,454 : INFO : EventManager : Event: ======'player_score'====== Args={'value': 73000, 'prev_value': 72000, 'change': 1000, 'player_num': 1, 'source': 'base'}
2024-05-11 16:27:20,655 : INFO : EventManager : Event: ======'s_mead_active'====== Args={'_from_bcp': True}
2024-05-11 16:27:20,655 : INFO : EventManager : Event: ======'balldevice_bd_trough_ball_eject_failed'====== Args={'target': <ball_device.bd_plunger>, 'balls': 1, 'retry': True, 'num_attempts': 12}
2024-05-11 16:27:20,656 : INFO : EventManager : Event: ======'player_score'====== Args={'value': 74000, 'prev_value': 73000, 'change': 1000, 'player_num': 1, 'source': 'base'}
2024-05-11 16:27:20,659 : INFO : ball_device.bd_trough : State: waiting_for_target_ready
2024-05-11 16:27:20,659 : INFO : EventManager : Event: ======'balldevice_bd_trough_ball_eject_attempt'====== Args={'balls': 1, 'target': <ball_device.bd_plunger>, 'source': <ball_device.bd_trough>, 'mechanical_eject': True, 'num_attempts': 12}
2024-05-11 16:27:20,659 : INFO : ball_device.bd_trough : State: ejecting
2024-05-11 16:27:20,659 : INFO : ball_device.bd_trough : Ejecting ball to <ball_device.bd_plunger>
2024-05-11 16:27:20,659 : INFO : EventManager : Event: ======'balldevice_bd_trough_ejecting_ball'====== Args={'balls': 1, 'target': <ball_device.bd_plunger>, 'source': <ball_device.bd_trough>, 'mechanical_eject': True, 'num_attempts': 12}
2024-05-11 16:27:20,660 : INFO : ball_device.bd_trough : Wait for ball to leave device
2024-05-11 16:27:20,660 : INFO : coil.c_trough_eject_coil : Pulsing Driver for 15ms (1.0 pulse_power)
2024-05-11 16:27:20,822 : INFO : EventManager : Event: ======'s_mead_active'====== Args={'_from_bcp': True}
2024-05-11 16:27:20,822 : INFO : EventManager : Event: ======'player_score'====== Args={'value': 75000, 'prev_value': 74000, 'change': 1000, 'player_num': 1, 'source': 'base'}
2024-05-11 16:27:21,023 : INFO : EventManager : Event: ======'s_mead_active'====== Args={'_from_bcp': True}
2024-05-11 16:27:21,023 : INFO : EventManager : Event: ======'player_score'====== Args={'value': 76000, 'prev_value': 75000, 'change': 1000, 'player_num': 1, 'source': 'base'}
2024-05-11 16:27:21,197 : INFO : EventManager : Event: ======'s_mead_active'====== Args={'_from_bcp': True}
2024-05-11 16:27:21,197 : INFO : EventManager : Event: ======'player_score'====== Args={'value': 77000, 'prev_value': 76000, 'change': 1000, 'player_num': 1, 'source': 'base'}
2024-05-11 16:27:21,363 : INFO : EventManager : Event: ======'s_mead_active'====== Args={'_from_bcp': True}
2024-05-11 16:27:21,363 : INFO : EventManager : Event: ======'player_score'====== Args={'value': 78000, 'prev_value': 77000, 'change': 1000, 'player_num': 1, 'source': 'base'}
2024-05-11 16:27:21,585 : INFO : EventManager : Event: ======'s_mead_active'====== Args={'_from_bcp': True}
2024-05-11 16:27:21,585 : INFO : EventManager : Event: ======'player_score'====== Args={'value': 79000, 'prev_value': 78000, 'change': 1000, 'player_num': 1, 'source': 'base'}
2024-05-11 16:27:21,753 : INFO : EventManager : Event: ======'s_mead_active'====== Args={'_from_bcp': True}
2024-05-11 16:27:21,754 : INFO : EventManager : Event: ======'player_score'====== Args={'value': 80000, 'prev_value': 79000, 'change': 1000, 'player_num': 1, 'source': 'base'}
2024-05-11 16:27:21,947 : INFO : EventManager : Event: ======'s_mead_active'====== Args={'_from_bcp': True}
2024-05-11 16:27:21,947 : INFO : EventManager : Event: ======'player_score'====== Args={'value': 81000, 'prev_value': 80000, 'change': 1000, 'player_num': 1, 'source': 'base'}
2024-05-11 16:27:22,148 : INFO : EventManager : Event: ======'s_mead_active'====== Args={'_from_bcp': True}
2024-05-11 16:27:22,149 : INFO : EventManager : Event: ======'player_score'====== Args={'value': 82000, 'prev_value': 81000, 'change': 1000, 'player_num': 1, 'source': 'base'}
2024-05-11 16:27:22,322 : INFO : EventManager : Event: ======'s_mead_active'====== Args={'_from_bcp': True}
2024-05-11 16:27:22,322 : INFO : EventManager : Event: ======'player_score'====== Args={'value': 83000, 'prev_value': 82000, 'change': 1000, 'player_num': 1, 'source': 'base'}
2024-05-11 16:27:22,502 : INFO : EventManager : Event: ======'s_mead_active'====== Args={'_from_bcp': True}
2024-05-11 16:27:22,503 : INFO : EventManager : Event: ======'player_score'====== Args={'value': 84000, 'prev_value': 83000, 'change': 1000, 'player_num': 1, 'source': 'base'}
2024-05-11 16:27:22,677 : INFO : EventManager : Event: ======'balldevice_bd_trough_ball_eject_failed'====== Args={'target': <ball_device.bd_plunger>, 'balls': 1, 'retry': True, 'num_attempts': 13}
2024-05-11 16:27:22,677 : INFO : ball_device.bd_trough : State: waiting_for_target_ready
2024-05-11 16:27:22,677 : INFO : EventManager : Event: ======'balldevice_bd_trough_ball_eject_attempt'====== Args={'balls': 1, 'target': <ball_device.bd_plunger>, 'source': <ball_device.bd_trough>, 'mechanical_eject': True, 'num_attempts': 13}
2024-05-11 16:27:22,677 : INFO : ball_device.bd_trough : State: ejecting
2024-05-11 16:27:22,677 : INFO : ball_device.bd_trough : Ejecting ball to <ball_device.bd_plunger>
2024-05-11 16:27:22,678 : INFO : EventManager : Event: ======'balldevice_bd_trough_ejecting_ball'====== Args={'balls': 1, 'target': <ball_device.bd_plunger>, 'source': <ball_device.bd_trough>, 'mechanical_eject': True, 'num_attempts': 13}
2024-05-11 16:27:22,678 : INFO : ball_device.bd_trough : Wait for ball to leave device
2024-05-11 16:27:22,678 : INFO : coil.c_trough_eject_coil : Pulsing Driver for 15ms (1.0 pulse_power)
2024-05-11 16:27:22,733 : INFO : EventManager : Event: ======'s_mead_active'====== Args={'_from_bcp': True}
2024-05-11 16:27:22,733 : INFO : EventManager : Event: ======'player_score'====== Args={'value': 85000, 'prev_value': 84000, 'change': 1000, 'player_num': 1, 'source': 'base'}
2024-05-11 16:27:22,905 : INFO : EventManager : Event: ======'s_mead_active'====== Args={'_from_bcp': True}
2024-05-11 16:27:22,906 : INFO : EventManager : Event: ======'player_score'====== Args={'value': 86000, 'prev_value': 85000, 'change': 1000, 'player_num': 1, 'source': 'base'}
2024-05-11 16:27:23,572 : INFO : EventManager : Event: ======'s_mead_active'====== Args={'_from_bcp': True}
2024-05-11 16:27:23,572 : INFO : EventManager : Event: ======'player_score'====== Args={'value': 87000, 'prev_value': 86000, 'change': 1000, 'player_num': 1, 'source': 'base'}
2024-05-11 16:27:24,516 : INFO : EventManager : Event: ======'s_mead_active'====== Args={'_from_bcp': True}
2024-05-11 16:27:24,516 : INFO : EventManager : Event: ======'player_score'====== Args={'value': 88000, 'prev_value': 87000, 'change': 1000, 'player_num': 1, 'source': 'base'}
2024-05-11 16:27:24,662 : INFO : EventManager : Event: ======'s_mead_active'====== Args={'_from_bcp': True}
2024-05-11 16:27:24,662 : INFO : EventManager : Event: ======'player_score'====== Args={'value': 89000, 'prev_value': 88000, 'change': 1000, 'player_num': 1, 'source': 'base'}
2024-05-11 16:27:24,694 : INFO : EventManager : Event: ======'balldevice_bd_trough_ball_eject_failed'====== Args={'target': <ball_device.bd_plunger>, 'balls': 1, 'retry': True, 'num_attempts': 14}
2024-05-11 16:27:24,694 : INFO : ball_device.bd_trough : State: waiting_for_target_ready
2024-05-11 16:27:24,694 : INFO : EventManager : Event: ======'balldevice_bd_trough_ball_eject_attempt'====== Args={'balls': 1, 'target': <ball_device.bd_plunger>, 'source': <ball_device.bd_trough>, 'mechanical_eject': True, 'num_attempts': 14}
2024-05-11 16:27:24,694 : INFO : ball_device.bd_trough : State: ejecting
2024-05-11 16:27:24,694 : INFO : ball_device.bd_trough : Ejecting ball to <ball_device.bd_plunger>
2024-05-11 16:27:24,694 : INFO : EventManager : Event: ======'balldevice_bd_trough_ejecting_ball'====== Args={'balls': 1, 'target': <ball_device.bd_plunger>, 'source': <ball_device.bd_trough>, 'mechanical_eject': True, 'num_attempts': 14}
2024-05-11 16:27:24,694 : INFO : ball_device.bd_trough : Wait for ball to leave device
2024-05-11 16:27:24,694 : INFO : coil.c_trough_eject_coil : Pulsing Driver for 15ms (1.0 pulse_power)
2024-05-11 16:27:24,808 : INFO : EventManager : Event: ======'s_mead_active'====== Args={'_from_bcp': True}
2024-05-11 16:27:24,808 : INFO : EventManager : Event: ======'player_score'====== Args={'value': 90000, 'prev_value': 89000, 'change': 1000, 'player_num': 1, 'source': 'base'}
2024-05-11 16:27:24,954 : INFO : EventManager : Event: ======'s_mead_active'====== Args={'_from_bcp': True}
2024-05-11 16:27:24,954 : INFO : EventManager : Event: ======'player_score'====== Args={'value': 91000, 'prev_value': 90000, 'change': 1000, 'player_num': 1, 'source': 'base'}
2024-05-11 16:27:25,100 : INFO : EventManager : Event: ======'s_mead_active'====== Args={'_from_bcp': True}
2024-05-11 16:27:25,100 : INFO : EventManager : Event: ======'player_score'====== Args={'value': 92000, 'prev_value': 91000, 'change': 1000, 'player_num': 1, 'source': 'base'}
2024-05-11 16:27:25,252 : INFO : EventManager : Event: ======'s_mead_active'====== Args={'_from_bcp': True}
2024-05-11 16:27:25,253 : INFO : EventManager : Event: ======'player_score'====== Args={'value': 93000, 'prev_value': 92000, 'change': 1000, 'player_num': 1, 'source': 'base'}
2024-05-11 16:27:25,392 : INFO : EventManager : Event: ======'s_mead_active'====== Args={'_from_bcp': True}
2024-05-11 16:27:25,393 : INFO : EventManager : Event: ======'player_score'====== Args={'value': 94000, 'prev_value': 93000, 'change': 1000, 'player_num': 1, 'source': 'base'}
2024-05-11 16:27:25,551 : INFO : EventManager : Event: ======'s_mead_active'====== Args={'_from_bcp': True}
2024-05-11 16:27:25,551 : INFO : EventManager : Event: ======'player_score'====== Args={'value': 95000, 'prev_value': 94000, 'change': 1000, 'player_num': 1, 'source': 'base'}
2024-05-11 16:27:25,697 : INFO : EventManager : Event: ======'s_mead_active'====== Args={'_from_bcp': True}
2024-05-11 16:27:25,697 : INFO : EventManager : Event: ======'player_score'====== Args={'value': 96000, 'prev_value': 95000, 'change': 1000, 'player_num': 1, 'source': 'base'}
2024-05-11 16:27:25,872 : INFO : EventManager : Event: ======'s_mead_active'====== Args={'_from_bcp': True}
2024-05-11 16:27:25,872 : INFO : EventManager : Event: ======'player_score'====== Args={'value': 97000, 'prev_value': 96000, 'change': 1000, 'player_num': 1, 'source': 'base'}
2024-05-11 16:27:26,038 : INFO : EventManager : Event: ======'s_mead_active'====== Args={'_from_bcp': True}
2024-05-11 16:27:26,038 : INFO : EventManager : Event: ======'player_score'====== Args={'value': 98000, 'prev_value': 97000, 'change': 1000, 'player_num': 1, 'source': 'base'}
2024-05-11 16:27:26,190 : INFO : EventManager : Event: ======'s_mead_active'====== Args={'_from_bcp': True}
2024-05-11 16:27:26,190 : INFO : EventManager : Event: ======'player_score'====== Args={'value': 99000, 'prev_value': 98000, 'change': 1000, 'player_num': 1, 'source': 'base'}
2024-05-11 16:27:26,357 : INFO : EventManager : Event: ======'s_mead_active'====== Args={'_from_bcp': True}
2024-05-11 16:27:26,357 : INFO : EventManager : Event: ======'player_score'====== Args={'value': 100000, 'prev_value': 99000, 'change': 1000, 'player_num': 1, 'source': 'base'}
2024-05-11 16:27:26,534 : INFO : EventManager : Event: ======'s_mead_active'====== Args={'_from_bcp': True}
2024-05-11 16:27:26,534 : INFO : EventManager : Event: ======'player_score'====== Args={'value': 101000, 'prev_value': 100000, 'change': 1000, 'player_num': 1, 'source': 'base'}
2024-05-11 16:27:26,697 : INFO : EventManager : Event: ======'balldevice_bd_trough_ball_eject_failed'====== Args={'target': <ball_device.bd_plunger>, 'balls': 1, 'retry': True, 'num_attempts': 15}
2024-05-11 16:27:26,697 : INFO : ball_device.bd_trough : State: waiting_for_target_ready
2024-05-11 16:27:26,697 : INFO : EventManager : Event: ======'balldevice_bd_trough_ball_eject_attempt'====== Args={'balls': 1, 'target': <ball_device.bd_plunger>, 'source': <ball_device.bd_trough>, 'mechanical_eject': True, 'num_attempts': 15}
2024-05-11 16:27:26,697 : INFO : ball_device.bd_trough : State: ejecting
2024-05-11 16:27:26,697 : INFO : ball_device.bd_trough : Ejecting ball to <ball_device.bd_plunger>
2024-05-11 16:27:26,697 : INFO : EventManager : Event: ======'balldevice_bd_trough_ejecting_ball'====== Args={'balls': 1, 'target': <ball_device.bd_plunger>, 'source': <ball_device.bd_trough>, 'mechanical_eject': True, 'num_attempts': 15}
2024-05-11 16:27:26,697 : INFO : ball_device.bd_trough : Wait for ball to leave device
2024-05-11 16:27:26,698 : INFO : coil.c_trough_eject_coil : Pulsing Driver for 15ms (1.0 pulse_power)
2024-05-11 16:27:26,742 : INFO : EventManager : Event: ======'s_mead_active'====== Args={'_from_bcp': True}
2024-05-11 16:27:26,743 : INFO : EventManager : Event: ======'player_score'====== Args={'value': 102000, 'prev_value': 101000, 'change': 1000, 'player_num': 1, 'source': 'base'}
2024-05-11 16:27:26,905 : INFO : EventManager : Event: ======'s_mead_active'====== Args={'_from_bcp': True}
2024-05-11 16:27:26,905 : INFO : EventManager : Event: ======'player_score'====== Args={'value': 103000, 'prev_value': 102000, 'change': 1000, 'player_num': 1, 'source': 'base'}
2024-05-11 16:27:27,065 : INFO : EventManager : Event: ======'s_mead_active'====== Args={'_from_bcp': True}
2024-05-11 16:27:27,065 : INFO : EventManager : Event: ======'player_score'====== Args={'value': 104000, 'prev_value': 103000, 'change': 1000, 'player_num': 1, 'source': 'base'}
2024-05-11 16:27:27,252 : INFO : EventManager : Event: ======'s_mead_active'====== Args={'_from_bcp': True}
2024-05-11 16:27:27,253 : INFO : EventManager : Event: ======'player_score'====== Args={'value': 105000, 'prev_value': 104000, 'change': 1000, 'player_num': 1, 'source': 'base'}
2024-05-11 16:27:27,426 : INFO : EventManager : Event: ======'s_mead_active'====== Args={'_from_bcp': True}
2024-05-11 16:27:27,426 : INFO : EventManager : Event: ======'player_score'====== Args={'value': 106000, 'prev_value': 105000, 'change': 1000, 'player_num': 1, 'source': 'base'}
2024-05-11 16:27:27,843 : INFO : EventManager : Event: ======'s_mead_active'====== Args={'_from_bcp': True}
2024-05-11 16:27:27,843 : INFO : EventManager : Event: ======'player_score'====== Args={'value': 107000, 'prev_value': 106000, 'change': 1000, 'player_num': 1, 'source': 'base'}
2024-05-11 16:27:28,613 : INFO : EventManager : Event: ======'s_mead_active'====== Args={'_from_bcp': True}
2024-05-11 16:27:28,614 : INFO : EventManager : Event: ======'player_score'====== Args={'value': 108000, 'prev_value': 107000, 'change': 1000, 'player_num': 1, 'source': 'base'}
2024-05-11 16:27:28,701 : INFO : EventManager : Event: ======'balldevice_bd_trough_ball_eject_failed'====== Args={'target': <ball_device.bd_plunger>, 'balls': 1, 'retry': True, 'num_attempts': 16}
2024-05-11 16:27:28,701 : INFO : ball_device.bd_trough : State: waiting_for_target_ready
2024-05-11 16:27:28,701 : INFO : EventManager : Event: ======'balldevice_bd_trough_ball_eject_attempt'====== Args={'balls': 1, 'target': <ball_device.bd_plunger>, 'source': <ball_device.bd_trough>, 'mechanical_eject': True, 'num_attempts': 16}
2024-05-11 16:27:28,701 : INFO : ball_device.bd_trough : State: ejecting
2024-05-11 16:27:28,701 : INFO : ball_device.bd_trough : Ejecting ball to <ball_device.bd_plunger>
2024-05-11 16:27:28,701 : INFO : EventManager : Event: ======'balldevice_bd_trough_ejecting_ball'====== Args={'balls': 1, 'target': <ball_device.bd_plunger>, 'source': <ball_device.bd_trough>, 'mechanical_eject': True, 'num_attempts': 16}
2024-05-11 16:27:28,701 : INFO : ball_device.bd_trough : Wait for ball to leave device
2024-05-11 16:27:28,702 : INFO : coil.c_trough_eject_coil : Pulsing Driver for 15ms (1.0 pulse_power)
2024-05-11 16:27:28,760 : INFO : EventManager : Event: ======'s_mead_active'====== Args={'_from_bcp': True}
2024-05-11 16:27:28,760 : INFO : EventManager : Event: ======'player_score'====== Args={'value': 109000, 'prev_value': 108000, 'change': 1000, 'player_num': 1, 'source': 'base'}
2024-05-11 16:27:29,024 : INFO : EventManager : Event: ======'s_mead_active'====== Args={'_from_bcp': True}
2024-05-11 16:27:29,024 : INFO : EventManager : Event: ======'player_score'====== Args={'value': 110000, 'prev_value': 109000, 'change': 1000, 'player_num': 1, 'source': 'base'}
2024-05-11 16:27:29,280 : INFO : EventManager : Event: ======'s_mead_active'====== Args={'_from_bcp': True}
2024-05-11 16:27:29,280 : INFO : EventManager : Event: ======'player_score'====== Args={'value': 111000, 'prev_value': 110000, 'change': 1000, 'player_num': 1, 'source': 'base'}
2024-05-11 16:27:30,715 : INFO : EventManager : Event: ======'balldevice_bd_trough_ball_eject_failed'====== Args={'target': <ball_device.bd_plunger>, 'balls': 1, 'retry': True, 'num_attempts': 17}
2024-05-11 16:27:30,715 : INFO : ball_device.bd_trough : State: waiting_for_target_ready
2024-05-11 16:27:30,715 : INFO : EventManager : Event: ======'balldevice_bd_trough_ball_eject_attempt'====== Args={'balls': 1, 'target': <ball_device.bd_plunger>, 'source': <ball_device.bd_trough>, 'mechanical_eject': True, 'num_attempts': 17}
2024-05-11 16:27:30,715 : INFO : ball_device.bd_trough : State: ejecting
2024-05-11 16:27:30,715 : INFO : ball_device.bd_trough : Ejecting ball to <ball_device.bd_plunger>
2024-05-11 16:27:30,715 : INFO : EventManager : Event: ======'balldevice_bd_trough_ejecting_ball'====== Args={'balls': 1, 'target': <ball_device.bd_plunger>, 'source': <ball_device.bd_trough>, 'mechanical_eject': True, 'num_attempts': 17}
2024-05-11 16:27:30,716 : INFO : ball_device.bd_trough : Wait for ball to leave device
2024-05-11 16:27:30,716 : INFO : coil.c_trough_eject_coil : Pulsing Driver for 15ms (1.0 pulse_power)
2024-05-11 16:27:32,721 : INFO : EventManager : Event: ======'balldevice_bd_trough_ball_eject_failed'====== Args={'target': <ball_device.bd_plunger>, 'balls': 1, 'retry': True, 'num_attempts': 18}
2024-05-11 16:27:32,721 : INFO : ball_device.bd_trough : State: waiting_for_target_ready
2024-05-11 16:27:32,721 : INFO : EventManager : Event: ======'balldevice_bd_trough_ball_eject_attempt'====== Args={'balls': 1, 'target': <ball_device.bd_plunger>, 'source': <ball_device.bd_trough>, 'mechanical_eject': True, 'num_attempts': 18}
2024-05-11 16:27:32,721 : INFO : ball_device.bd_trough : State: ejecting
2024-05-11 16:27:32,721 : INFO : ball_device.bd_trough : Ejecting ball to <ball_device.bd_plunger>
2024-05-11 16:27:32,721 : INFO : EventManager : Event: ======'balldevice_bd_trough_ejecting_ball'====== Args={'balls': 1, 'target': <ball_device.bd_plunger>, 'source': <ball_device.bd_trough>, 'mechanical_eject': True, 'num_attempts': 18}
2024-05-11 16:27:32,722 : INFO : ball_device.bd_trough : Wait for ball to leave device
2024-05-11 16:27:32,722 : INFO : coil.c_trough_eject_coil : Pulsing Driver for 15ms (1.0 pulse_power)
2024-05-11 16:27:33,480 : INFO : Machine : Shutting down...
2024-05-11 16:27:33,480 : INFO : EventManager : Event: ======'shutdown'====== Args={}
2024-05-11 16:27:33,489 : INFO : EventManager : Event: ======'mode_game_will_stop'====== Args={}
2024-05-11 16:27:33,489 : INFO : EventManager : Event: ======'mode_game_stopping'====== Args={}
2024-05-11 16:27:33,490 : INFO : EventManager : Event: ======'mode_base_will_stop'====== Args={}
2024-05-11 16:27:33,490 : INFO : EventManager : Event: ======'mode_base_stopping'====== Args={}
2024-05-11 16:27:33,490 : INFO : Mode.base : Stopped.
2024-05-11 16:27:33,490 : INFO : EventManager : Event: ======'modes_active_modes_changed'====== Args={}
2024-05-11 16:27:33,490 : INFO : EventManager : Event: ======'mode_base_stopped'====== Args={}
2024-05-11 16:27:33,490 : INFO : EventManager : Event: ======'clear'====== Args={'key': 'base'}
2024-05-11 16:27:33,490 : INFO : Mode.game : Stopped.
2024-05-11 16:27:33,491 : INFO : EventManager : Event: ======'modes_active_modes_changed'====== Args={}
2024-05-11 16:27:33,491 : INFO : EventManager : Event: ======'mode_game_stopped'====== Args={}
2024-05-11 16:27:33,491 : INFO : EventManager : Event: ======'clear'====== Args={'key': 'game'}
2024-05-11 16:27:33,492 : INFO : root : MPF run loop ended.
