2024-06-08 00:04:56,495 : INFO : root : Loading config.
2024-06-08 00:04:56,497 : INFO : YamlMultifileConfigLoader : Machine config file #1: config.yaml
2024-06-08 00:04:56,497 : INFO : ConfigProcessor : Loading config from cache: C:\Users\octo\AppData\Local\Temp\67114de119ffda0ef143dfc9c8b88aec.mpf_cache
2024-06-08 00:04:56,536 : INFO : ConfigProcessor : Loading config from cache: C:\Users\octo\AppData\Local\Temp\d4fb548c2902111733185c907c7e02f2.mpf_cache
2024-06-08 00:04:56,536 : INFO : ConfigProcessor : Loading config from cache: C:\Users\octo\AppData\Local\Temp\5cdf3f6f669e12795623fbd605d1b6a0.mpf_cache
2024-06-08 00:04:56,537 : INFO : ConfigProcessor : Loading config from cache: C:\Users\octo\AppData\Local\Temp\e87c946bbd0a2e05a931f281fca6458e.mpf_cache
2024-06-08 00:04:56,537 : INFO : ConfigProcessor : Loading config from cache: C:\Users\octo\AppData\Local\Temp\d4fb548c2902111733185c907c7e02f2.mpf_cache
2024-06-08 00:04:56,537 : INFO : ConfigProcessor : Loading config from cache: C:\Users\octo\AppData\Local\Temp\da852937ccb56145866cf54922bc01f8.mpf_cache
2024-06-08 00:04:56,538 : INFO : Machine : Mission Pinball Framework Core Engine v0.80.0.dev1
2024-06-08 00:04:56,538 : INFO : Machine : Command line arguments: {'no_load_cache': False, 'create_config_cache': True, 'bcp': True, 'configfile': ['config.yaml'], 'force_assets_load': False, 'platform_integration_test': False, 'jsonlogging': False, 'logfile': 'logs\\2024-06-08-00-04-56-mpf-DESKTOP-BQT92E0.log', 'pause': False, 'production': False, 'text_ui': True, 'loglevel': 15, 'consoleloglevel': 20, 'force_platform': 'virtual', 'syslog_address': None, 'mc_file_name': None, 'no_sound': False}
2024-06-08 00:04:56,538 : INFO : Machine : MPF path: c:\git\new folder (6)\mpf\mpf
2024-06-08 00:04:56,538 : INFO : Machine : Machine path: C:\Users\octo\Downloads\homebrew
2024-06-08 00:04:56,538 : INFO : Machine : Platform: win32
2024-06-08 00:04:56,538 : INFO : Machine : Python executable location: C:\Users\octo\AppData\Local\Programs\Python\Python310\python.exe
2024-06-08 00:04:56,538 : INFO : Machine : Python version: 3.10.0 (64-bit)
2024-06-08 00:04:56,539 : INFO : Machine : Initializing MPF...
2024-06-08 00:04:56,637 : INFO : EventManager : Event: ======'machine_var_credits_string'====== Args={'value': 'FREE PLAY', 'prev_value': None, 'change': True}
2024-06-08 00:04:56,645 : INFO : EventManager : Event: ======'machine_var_master_volume'====== Args={'value': 0.5, 'prev_value': None, 'change': True}
2024-06-08 00:04:56,645 : INFO : EventManager : Event: ======'machine_var_mpf_version'====== Args={'value': 'Mission Pinball Framework v0.80.0.dev1', 'prev_value': None, 'change': True}
2024-06-08 00:04:56,645 : INFO : EventManager : Event: ======'machine_var_mpf_extended_version'====== Args={'value': 'Mission Pinball Framework v0.80.0.dev1, Config version:6, Show version: 6, BCP version:1.1', 'prev_value': None, 'change': True}
2024-06-08 00:04:56,645 : INFO : EventManager : Event: ======'machine_var_python_version'====== Args={'value': '3.10.0', 'prev_value': None, 'change': True}
2024-06-08 00:04:56,650 : INFO : EventManager : Event: ======'machine_var_platform'====== Args={'value': 'Windows-10-10.0.19045-SP0', 'prev_value': None, 'change': True}
2024-06-08 00:04:56,650 : INFO : EventManager : Event: ======'machine_var_platform_system'====== Args={'value': 'Windows', 'prev_value': None, 'change': True}
2024-06-08 00:04:56,650 : INFO : EventManager : Event: ======'machine_var_platform_release'====== Args={'value': '10', 'prev_value': None, 'change': True}
2024-06-08 00:04:56,650 : INFO : EventManager : Event: ======'machine_var_platform_version'====== Args={'value': '10.0.19045', 'prev_value': None, 'change': True}
2024-06-08 00:04:56,650 : INFO : EventManager : Event: ======'machine_var_platform_machine'====== Args={'value': 'AMD64', 'prev_value': None, 'change': True}
2024-06-08 00:04:56,650 : INFO : EventManager : Event: ======'init_phase_1'====== Args={}
2024-06-08 00:04:56,659 : INFO : EventManager : Event: ======'init_phase_2'====== Args={}
2024-06-08 00:04:56,659 : INFO : SwitchController : Found active switch: ('3208-8', <Platform.Virtual>) <switch.s_trough_ball_2>
2024-06-08 00:04:56,659 : INFO : SwitchController : Found active switch: ('3208-9', <Platform.Virtual>) <switch.s_trough_ball_3>
2024-06-08 00:04:56,659 : INFO : SwitchController : Found active switch: ('3208-13', <Platform.Virtual>) <switch.s_trough_ball_1>
2024-06-08 00:04:56,661 : INFO : EventManager : Event: ======'bcp_connection_attempt'====== Args={'name': 'local_display', 'host': 'localhost', 'port': 5050}
2024-06-08 00:04:56,662 : INFO : BCPClientSocket : Connecting BCP to 'local_display' at localhost:5050...
2024-06-08 00:06:15,094 : INFO : BCPClientSocket : Connected BCP to 'local_display' localhost:5050
2024-06-08 00:06:15,094 : INFO : EventManager : Event: ======'bcp_clients_connected'====== Args={}
2024-06-08 00:06:15,183 : INFO : ball_device.bd_trough : BCH: Initial count: 3
2024-06-08 00:06:15,183 : INFO : ball_device.bd_trough : State: idle
2024-06-08 00:06:15,184 : INFO : ball_device.bd_plunger : BCH: Initial count: 0
2024-06-08 00:06:15,184 : INFO : ball_device.bd_plunger : State: idle
2024-06-08 00:06:15,189 : INFO : EventManager : Event: ======'init_phase_3'====== Args={}
2024-06-08 00:06:15,190 : INFO : EventManager : Event: ======'init_phase_4'====== Args={}
2024-06-08 00:06:15,190 : INFO : BallController : Initial balls found: 3
2024-06-08 00:06:15,190 : INFO : EventManager : Event: ======'machine_var_audits_events_game_ended'====== Args={'value': 0, 'prev_value': None, 'change': True}
2024-06-08 00:06:15,191 : INFO : EventManager : Event: ======'machine_var_audits_events_game_started'====== Args={'value': 350, 'prev_value': None, 'change': True}
2024-06-08 00:06:15,191 : INFO : EventManager : Event: ======'machine_var_audits_missing_switches_s_left_flipper'====== Args={'value': 324, 'prev_value': None, 'change': True}
2024-06-08 00:06:15,191 : INFO : EventManager : Event: ======'machine_var_audits_missing_switches_s_left_flipper_eos'====== Args={'value': 324, 'prev_value': None, 'change': True}
2024-06-08 00:06:15,191 : INFO : EventManager : Event: ======'machine_var_audits_missing_switches_s_left_inner_lane'====== Args={'value': 324, 'prev_value': None, 'change': True}
2024-06-08 00:06:15,191 : INFO : EventManager : Event: ======'machine_var_audits_missing_switches_s_left_outer_lane'====== Args={'value': 153, 'prev_value': None, 'change': True}
2024-06-08 00:06:15,191 : INFO : EventManager : Event: ======'machine_var_audits_missing_switches_s_left_sling'====== Args={'value': 324, 'prev_value': None, 'change': True}
2024-06-08 00:06:15,191 : INFO : EventManager : Event: ======'machine_var_audits_missing_switches_s_mead'====== Args={'value': 234, 'prev_value': None, 'change': True}
2024-06-08 00:06:15,191 : INFO : EventManager : Event: ======'machine_var_audits_missing_switches_s_percy'====== Args={'value': 52, 'prev_value': None, 'change': True}
2024-06-08 00:06:15,191 : INFO : EventManager : Event: ======'machine_var_audits_missing_switches_s_plunger'====== Args={'value': 324, 'prev_value': None, 'change': True}
2024-06-08 00:06:15,191 : INFO : EventManager : Event: ======'machine_var_audits_missing_switches_s_pop_bumper_1'====== Args={'value': 324, 'prev_value': None, 'change': True}
2024-06-08 00:06:15,191 : INFO : EventManager : Event: ======'machine_var_audits_missing_switches_s_pop_bumper_2'====== Args={'value': 324, 'prev_value': None, 'change': True}
2024-06-08 00:06:15,191 : INFO : EventManager : Event: ======'machine_var_audits_missing_switches_s_pop_bumper_3'====== Args={'value': 324, 'prev_value': None, 'change': True}
2024-06-08 00:06:15,191 : INFO : EventManager : Event: ======'machine_var_audits_missing_switches_s_right_flipper'====== Args={'value': 324, 'prev_value': None, 'change': True}
2024-06-08 00:06:15,191 : INFO : EventManager : Event: ======'machine_var_audits_missing_switches_s_right_flipper_eos'====== Args={'value': 324, 'prev_value': None, 'change': True}
2024-06-08 00:06:15,191 : INFO : EventManager : Event: ======'machine_var_audits_missing_switches_s_right_inner_lane'====== Args={'value': 324, 'prev_value': None, 'change': True}
2024-06-08 00:06:15,191 : INFO : EventManager : Event: ======'machine_var_audits_missing_switches_s_right_outer_lane'====== Args={'value': 324, 'prev_value': None, 'change': True}
2024-06-08 00:06:15,191 : INFO : EventManager : Event: ======'machine_var_audits_missing_switches_s_right_sling'====== Args={'value': 324, 'prev_value': None, 'change': True}
2024-06-08 00:06:15,192 : INFO : EventManager : Event: ======'machine_var_audits_missing_switches_s_scanlan'====== Args={'value': 171, 'prev_value': None, 'change': True}
2024-06-08 00:06:15,192 : INFO : EventManager : Event: ======'machine_var_audits_missing_switches_s_start'====== Args={'value': 12, 'prev_value': None, 'change': True}
2024-06-08 00:06:15,192 : INFO : EventManager : Event: ======'machine_var_audits_missing_switches_s_trough_ball_1'====== Args={'value': 324, 'prev_value': None, 'change': True}
2024-06-08 00:06:15,192 : INFO : EventManager : Event: ======'machine_var_audits_missing_switches_s_trough_ball_2'====== Args={'value': 324, 'prev_value': None, 'change': True}
2024-06-08 00:06:15,192 : INFO : EventManager : Event: ======'machine_var_audits_missing_switches_s_trough_ball_3'====== Args={'value': 324, 'prev_value': None, 'change': True}
2024-06-08 00:06:15,192 : INFO : EventManager : Event: ======'machine_var_audits_missing_switches_s_trough_ball_4'====== Args={'value': 272, 'prev_value': None, 'change': True}
2024-06-08 00:06:15,192 : INFO : EventManager : Event: ======'machine_var_audits_missing_switches_s_trough_ball_5'====== Args={'value': 324, 'prev_value': None, 'change': True}
2024-06-08 00:06:15,192 : INFO : EventManager : Event: ======'machine_var_audits_missing_switches_s_trough_ball_6'====== Args={'value': 89, 'prev_value': None, 'change': True}
2024-06-08 00:06:15,192 : INFO : EventManager : Event: ======'machine_var_audits_missing_switches_s_trough_ball_jam'====== Args={'value': 324, 'prev_value': None, 'change': True}
2024-06-08 00:06:15,192 : INFO : EventManager : Event: ======'machine_var_audits_player_score'====== Args={'value': {'average': 0, 'top': [], 'total': 0}, 'prev_value': None, 'change': True}
2024-06-08 00:06:15,192 : INFO : EventManager : Event: ======'machine_var_audits_shots_mead_shot'====== Args={'value': 212, 'prev_value': None, 'change': True}
2024-06-08 00:06:15,192 : INFO : EventManager : Event: ======'machine_var_audits_shots_percy_shot'====== Args={'value': 42, 'prev_value': None, 'change': True}
2024-06-08 00:06:15,192 : INFO : EventManager : Event: ======'machine_var_audits_shots_scanlan_shot'====== Args={'value': 113, 'prev_value': None, 'change': True}
2024-06-08 00:06:15,192 : INFO : EventManager : Event: ======'machine_var_audits_shots_video_shot_1'====== Args={'value': 24, 'prev_value': None, 'change': True}
2024-06-08 00:06:15,192 : INFO : EventManager : Event: ======'machine_var_audits_shots_video_shot_2'====== Args={'value': 20, 'prev_value': None, 'change': True}
2024-06-08 00:06:15,192 : INFO : EventManager : Event: ======'machine_var_audits_switches_s_auto_launcher'====== Args={'value': 0, 'prev_value': None, 'change': True}
2024-06-08 00:06:15,192 : INFO : EventManager : Event: ======'machine_var_audits_switches_s_ball_drain'====== Args={'value': 0, 'prev_value': None, 'change': True}
2024-06-08 00:06:15,192 : INFO : EventManager : Event: ======'machine_var_audits_switches_s_left_flipper'====== Args={'value': 36, 'prev_value': None, 'change': True}
2024-06-08 00:06:15,192 : INFO : EventManager : Event: ======'machine_var_audits_switches_s_left_flipper_eos'====== Args={'value': 0, 'prev_value': None, 'change': True}
2024-06-08 00:06:15,192 : INFO : EventManager : Event: ======'machine_var_audits_switches_s_left_inner_lane'====== Args={'value': 0, 'prev_value': None, 'change': True}
2024-06-08 00:06:15,192 : INFO : EventManager : Event: ======'machine_var_audits_switches_s_left_outer_lane'====== Args={'value': 0, 'prev_value': None, 'change': True}
2024-06-08 00:06:15,192 : INFO : EventManager : Event: ======'machine_var_audits_switches_s_left_sling'====== Args={'value': 7, 'prev_value': None, 'change': True}
2024-06-08 00:06:15,193 : INFO : EventManager : Event: ======'machine_var_audits_switches_s_mead'====== Args={'value': 0, 'prev_value': None, 'change': True}
2024-06-08 00:06:15,193 : INFO : EventManager : Event: ======'machine_var_audits_switches_s_percy'====== Args={'value': 0, 'prev_value': None, 'change': True}
2024-06-08 00:06:15,193 : INFO : EventManager : Event: ======'machine_var_audits_switches_s_plunger'====== Args={'value': 9, 'prev_value': None, 'change': True}
2024-06-08 00:06:15,193 : INFO : EventManager : Event: ======'machine_var_audits_switches_s_pop_bumper_1'====== Args={'value': 0, 'prev_value': None, 'change': True}
2024-06-08 00:06:15,193 : INFO : EventManager : Event: ======'machine_var_audits_switches_s_pop_bumper_2'====== Args={'value': 0, 'prev_value': None, 'change': True}
2024-06-08 00:06:15,193 : INFO : EventManager : Event: ======'machine_var_audits_switches_s_pop_bumper_3'====== Args={'value': 0, 'prev_value': None, 'change': True}
2024-06-08 00:06:15,193 : INFO : EventManager : Event: ======'machine_var_audits_switches_s_right_flipper'====== Args={'value': 131, 'prev_value': None, 'change': True}
2024-06-08 00:06:15,193 : INFO : EventManager : Event: ======'machine_var_audits_switches_s_right_flipper_eos'====== Args={'value': 0, 'prev_value': None, 'change': True}
2024-06-08 00:06:15,193 : INFO : EventManager : Event: ======'machine_var_audits_switches_s_right_inner_lane'====== Args={'value': 0, 'prev_value': None, 'change': True}
2024-06-08 00:06:15,193 : INFO : EventManager : Event: ======'machine_var_audits_switches_s_right_outer_lane'====== Args={'value': 0, 'prev_value': None, 'change': True}
2024-06-08 00:06:15,193 : INFO : EventManager : Event: ======'machine_var_audits_switches_s_right_sling'====== Args={'value': 3, 'prev_value': None, 'change': True}
2024-06-08 00:06:15,193 : INFO : EventManager : Event: ======'machine_var_audits_switches_s_scanlan'====== Args={'value': 0, 'prev_value': None, 'change': True}
2024-06-08 00:06:15,193 : INFO : EventManager : Event: ======'machine_var_audits_switches_s_start'====== Args={'value': 30, 'prev_value': None, 'change': True}
2024-06-08 00:06:15,193 : INFO : EventManager : Event: ======'machine_var_audits_switches_s_switch_2'====== Args={'value': 0, 'prev_value': None, 'change': True}
2024-06-08 00:06:15,193 : INFO : EventManager : Event: ======'machine_var_audits_switches_s_trough_ball_1'====== Args={'value': 4, 'prev_value': None, 'change': True}
2024-06-08 00:06:15,194 : INFO : EventManager : Event: ======'machine_var_audits_switches_s_trough_ball_2'====== Args={'value': 4, 'prev_value': None, 'change': True}
2024-06-08 00:06:15,194 : INFO : EventManager : Event: ======'machine_var_audits_switches_s_trough_ball_3'====== Args={'value': 1, 'prev_value': None, 'change': True}
2024-06-08 00:06:15,194 : INFO : EventManager : Event: ======'machine_var_audits_switches_s_trough_ball_4'====== Args={'value': 0, 'prev_value': None, 'change': True}
2024-06-08 00:06:15,194 : INFO : EventManager : Event: ======'machine_var_audits_switches_s_trough_ball_5'====== Args={'value': 0, 'prev_value': None, 'change': True}
2024-06-08 00:06:15,194 : INFO : EventManager : Event: ======'machine_var_audits_switches_s_trough_ball_6'====== Args={'value': 1, 'prev_value': None, 'change': True}
2024-06-08 00:06:15,194 : INFO : EventManager : Event: ======'machine_var_audits_switches_s_trough_ball_jam'====== Args={'value': 3, 'prev_value': None, 'change': True}
2024-06-08 00:06:15,194 : INFO : EventManager : Event: ======'machine_var_audits_switches_s_trough_eject_coil'====== Args={'value': 0, 'prev_value': None, 'change': True}
2024-06-08 00:06:15,194 : INFO : EventManager : Event: ======'init_phase_5'====== Args={}
2024-06-08 00:06:15,219 : INFO : EventManager : Event: ======'init_done'====== Args={}
2024-06-08 00:06:15,219 : INFO : EventManager : Event: ======'machine_reset_phase_1'====== Args={}
2024-06-08 00:06:15,223 : INFO : EventManager : Event: ======'machine_reset_phase_2'====== Args={}
2024-06-08 00:06:15,223 : INFO : EventManager : Event: ======'machine_reset_phase_3'====== Args={}
2024-06-08 00:06:15,223 : INFO : EventManager : Event: ======'reset_complete'====== Args={}
2024-06-08 00:06:15,223 : INFO : EventManager : Event: ======'mode_attract_will_start'====== Args={}
2024-06-08 00:06:15,224 : INFO : EventManager : Event: ======'mode_attract_starting'====== Args={}
2024-06-08 00:06:15,224 : INFO : Mode.attract : Started. Priority: 10
2024-06-08 00:06:15,224 : INFO : EventManager : Event: ======'modes_active_modes_changed'====== Args={}
2024-06-08 00:06:15,224 : INFO : EventManager : Event: ======'mode_attract_started'====== Args={}
2024-06-08 00:06:15,224 : INFO : EventManager : Event: ======'collecting_balls_complete'====== Args={}
2024-06-08 00:06:15,233 : INFO : Machine : Starting the main run loop.
2024-06-08 00:06:15,275 : INFO : EventManager : Event: ======'slide_attract_created'====== Args={'_from_bcp': True}
2024-06-08 00:06:15,287 : INFO : EventManager : Event: ======'slide_attract_mini_created'====== Args={'_from_bcp': True}
2024-06-08 00:06:15,287 : INFO : EventManager : Event: ======'slide__removed'====== Args={'_from_bcp': True}
2024-06-08 00:06:15,287 : INFO : EventManager : Event: ======'slide_attract_active'====== Args={'original_context': 'attract', 'original_calling_context': 'mode_attract_started', 'cmd': 'slides_play', '_from_bcp': True}
2024-06-08 00:06:15,287 : INFO : EventManager : Event: ======'slide__removed'====== Args={'_from_bcp': True}
2024-06-08 00:06:15,287 : INFO : EventManager : Event: ======'slide_attract_mini_active'====== Args={'original_context': 'attract', 'original_calling_context': 'mode_attract_started', 'cmd': 'slides_play', '_from_bcp': True}
2024-06-08 00:06:20,956 : INFO : SwitchController : <<<<<<< 's_start' active >>>>>>>
2024-06-08 00:06:21,039 : INFO : SwitchController : <<<<<<< 's_start' inactive >>>>>>>
2024-06-08 00:06:21,039 : INFO : EventManager : Event: ======'request_to_start_game'====== Args={}
2024-06-08 00:06:21,040 : INFO : EventManager : Event: ======'game_start'====== Args={'buttons': [], 'hold_time': 0.07799999999951979}
2024-06-08 00:06:21,040 : INFO : EventManager : Event: ======'mode_game_will_start'====== Args={'buttons': [], 'hold_time': 0.07799999999951979}
2024-06-08 00:06:21,040 : INFO : EventManager : Event: ======'mode_game_starting'====== Args={'buttons': [], 'hold_time': 0.07799999999951979}
2024-06-08 00:06:21,040 : INFO : EventManager : Event: ======'mode_attract_will_stop'====== Args={}
2024-06-08 00:06:21,040 : INFO : EventManager : Event: ======'mode_attract_stopping'====== Args={}
2024-06-08 00:06:21,041 : INFO : Mode.game : Started. Priority: 20
2024-06-08 00:06:21,041 : INFO : EventManager : Event: ======'modes_active_modes_changed'====== Args={}
2024-06-08 00:06:21,041 : INFO : EventManager : Event: ======'mode_game_started'====== Args={'buttons': [], 'hold_time': 0.07799999999951979}
2024-06-08 00:06:21,053 : INFO : Mode.attract : Stopped.
2024-06-08 00:06:21,053 : INFO : EventManager : Event: ======'modes_active_modes_changed'====== Args={}
2024-06-08 00:06:21,053 : INFO : EventManager : Event: ======'mode_attract_stopped'====== Args={}
2024-06-08 00:06:21,053 : INFO : EventManager : Event: ======'clear'====== Args={'key': 'attract'}
2024-06-08 00:06:21,054 : INFO : EventManager : Event: ======'game_will_start'====== Args={}
2024-06-08 00:06:21,066 : INFO : EventManager : Event: ======'game_starting'====== Args={'game': <Mode.game>}
2024-06-08 00:06:21,067 : INFO : EventManager : Unordered handler for class <Auditor> on event game_ended with priority 1. Handlers: [RegisteredHandler(callback=<bound method Auditor.disable of <Auditor>>, priority=1, kwargs={}, key=UUID('4bc87794-f800-4faf-81de-4b8d69fd72d0'), condition=None, blocking_facility=None), RegisteredHandler(callback=<bound method Auditor._save_audits of <Auditor>>, priority=1, kwargs={}, key=UUID('0a1fd939-5bb9-44a3-84f7-fc5c94744708'), condition=None, blocking_facility=None)]. The order of those handlers is not defined and they will be executed in random order. This might lead to race conditions and potential bugs.
2024-06-08 00:06:21,067 : INFO : EventManager : Event: ======'player_add_request'====== Args={}
2024-06-08 00:06:21,067 : INFO : EventManager : Event: ======'player_will_add'====== Args={'number': 1}
2024-06-08 00:06:21,067 : INFO : EventManager : Event: ======'player_adding'====== Args={'player': <Player 1>, 'number': 1}
2024-06-08 00:06:21,067 : INFO : EventManager : Event: ======'player_added'====== Args={'player': <Player 1>, 'num': 1}
2024-06-08 00:06:21,067 : INFO : Mode.game : Player added successfully. Total players: 1
2024-06-08 00:06:21,067 : INFO : EventManager : Event: ======'player_index'====== Args={'value': 0, 'prev_value': 0, 'change': 0, 'player_num': 1}
2024-06-08 00:06:21,067 : INFO : EventManager : Event: ======'player_number'====== Args={'value': 1, 'prev_value': 1, 'change': 0, 'player_num': 1}
2024-06-08 00:06:21,067 : INFO : EventManager : Event: ======'player_score'====== Args={'value': 0, 'prev_value': 0, 'change': 0, 'player_num': 1}
2024-06-08 00:06:21,068 : INFO : EventManager : Event: ======'game_started'====== Args={}
2024-06-08 00:06:21,075 : INFO : EventManager : Event: ======'player_turn_will_start'====== Args={'player': <Player 1>, 'number': 1}
2024-06-08 00:06:21,075 : INFO : EventManager : Event: ======'player_turn_starting'====== Args={'player': <Player 1>, 'number': 1}
2024-06-08 00:06:21,076 : INFO : EventManager : Event: ======'player_ball'====== Args={'value': 1, 'prev_value': 0, 'change': 1, 'player_num': 1}
2024-06-08 00:06:21,076 : INFO : EventManager : Event: ======'player_turn_started'====== Args={'player': <Player 1>, 'number': 1}
2024-06-08 00:06:21,077 : INFO : EventManager : Event: ======'ball_will_start'====== Args={'player': 1, 'ball': 1, 'balls_remaining': 2, 'is_extra_ball': False}
2024-06-08 00:06:21,079 : INFO : EventManager : Event: ======'ball_starting'====== Args={'player': 1, 'ball': 1, 'balls_remaining': 2, 'is_extra_ball': False}
2024-06-08 00:06:21,079 : INFO : EventManager : Event: ======'balls_in_play'====== Args={'balls': 1}
2024-06-08 00:06:21,079 : INFO : EventManager : Event: ======'ball_started'====== Args={'player': 1, 'ball': 1, 'balls_remaining': 2, 'is_extra_ball': False}
2024-06-08 00:06:21,079 : INFO : EventManager : Event: ======'mode_char_select_will_start'====== Args={'player': 1, 'ball': 1, 'balls_remaining': 2, 'is_extra_ball': False}
2024-06-08 00:06:21,082 : INFO : EventManager : Event: ======'mode_char_select_starting'====== Args={'player': 1, 'ball': 1, 'balls_remaining': 2, 'is_extra_ball': False}
2024-06-08 00:06:21,082 : INFO : EventManager : Event: ======'mode_base_will_start'====== Args={'player': 1, 'ball': 1, 'balls_remaining': 2, 'is_extra_ball': False}
2024-06-08 00:06:21,082 : INFO : EventManager : Event: ======'player_shot_mead_shot_enabled'====== Args={'value': True, 'prev_value': 0, 'change': 1, 'player_num': 1}
2024-06-08 00:06:21,082 : INFO : EventManager : Event: ======'player_shot_scanlan_shot_enabled'====== Args={'value': True, 'prev_value': 0, 'change': 1, 'player_num': 1}
2024-06-08 00:06:21,082 : INFO : EventManager : Event: ======'player_shot_percy_shot_enabled'====== Args={'value': True, 'prev_value': 0, 'change': 1, 'player_num': 1}
2024-06-08 00:06:21,082 : INFO : EventManager : Event: ======'video_shots_complete'====== Args={'state': 'unlit'}
2024-06-08 00:06:21,082 : INFO : EventManager : Event: ======'video_shots_unlit_complete'====== Args={}
2024-06-08 00:06:21,084 : INFO : EventManager : Event: ======'mode_base_starting'====== Args={'player': 1, 'ball': 1, 'balls_remaining': 2, 'is_extra_ball': False}
2024-06-08 00:06:21,084 : INFO : Mode.base : Started. Priority: 100
2024-06-08 00:06:21,084 : INFO : EventManager : Event: ======'modes_active_modes_changed'====== Args={}
2024-06-08 00:06:21,084 : INFO : EventManager : Event: ======'mode_base_started'====== Args={'player': 1, 'ball': 1, 'balls_remaining': 2, 'is_extra_ball': False}
2024-06-08 00:06:21,085 : INFO : Mode.char_select : Started. Priority: 501
2024-06-08 00:06:21,085 : INFO : EventManager : Event: ======'modes_active_modes_changed'====== Args={}
2024-06-08 00:06:21,085 : INFO : EventManager : Event: ======'mode_char_select_started'====== Args={'player': 1, 'ball': 1, 'balls_remaining': 2, 'is_extra_ball': False}
2024-06-08 00:06:21,085 : INFO : EventManager : Event: ======'item_highlighted'====== Args={'carousel': 'char_select', 'direction': None, 'item': 'percy'}
2024-06-08 00:06:21,088 : INFO : EventManager : Event: ======'single_player_ball_started'====== Args={}
2024-06-08 00:06:21,100 : INFO : EventManager : Event: ======'ball_start_target'====== Args={'target': 'playfield'}
2024-06-08 00:06:21,100 : INFO : ball_device.bd_plunger : Setting up player-controlled eject. Balls: 1, Target: <playfield.playfield>, player_controlled_eject_event: None
2024-06-08 00:06:21,100 : INFO : EventManager : Event: ======'balldevice_balls_available'====== Args={}
2024-06-08 00:06:21,101 : INFO : ball_device.bd_trough : State: waiting_for_target_ready
2024-06-08 00:06:21,101 : INFO : EventManager : Event: ======'balldevice_bd_trough_ball_eject_attempt'====== Args={'balls': 1, 'target': <ball_device.bd_plunger>, 'source': <ball_device.bd_trough>, 'mechanical_eject': True, 'num_attempts': 0}
2024-06-08 00:06:21,101 : INFO : ball_device.bd_plunger : State: waiting_for_ball
2024-06-08 00:06:21,101 : INFO : ball_device.bd_trough : State: ejecting
2024-06-08 00:06:21,101 : INFO : ball_device.bd_trough : Ejecting ball to <ball_device.bd_plunger>
2024-06-08 00:06:21,101 : INFO : EventManager : Event: ======'balldevice_bd_trough_ejecting_ball'====== Args={'balls': 1, 'target': <ball_device.bd_plunger>, 'source': <ball_device.bd_trough>, 'mechanical_eject': True, 'num_attempts': 0}
2024-06-08 00:06:21,101 : INFO : ball_device.bd_trough : Wait for ball to leave device
2024-06-08 00:06:21,102 : INFO : coil.c_trough_eject_coil : Pulsing Driver for 15ms (1.0 pulse_power)
2024-06-08 00:06:21,433 : INFO : EventManager : Event: ======'slide_base_created'====== Args={'_from_bcp': True}
2024-06-08 00:06:21,433 : INFO : EventManager : Event: ======'slide_attract_inactive'====== Args={'_from_bcp': True}
2024-06-08 00:06:21,433 : INFO : EventManager : Event: ======'slide_base_active'====== Args={'original_context': 'base', 'original_calling_context': 'mode_base_started', 'cmd': 'slides_play', '_from_bcp': True}
2024-06-08 00:06:21,433 : INFO : EventManager : Event: ======'slide_attract_removed'====== Args={'_from_bcp': True}
2024-06-08 00:06:21,590 : INFO : EventManager : Event: ======'slide_char_select_created'====== Args={'_from_bcp': True}
2024-06-08 00:06:21,590 : INFO : EventManager : Event: ======'slide_base_inactive'====== Args={'_from_bcp': True}
2024-06-08 00:06:21,590 : INFO : EventManager : Event: ======'slide_char_select_active'====== Args={'original_context': 'char_select', 'original_calling_context': 'mode_char_select_started', 'cmd': 'slides_play', '_from_bcp': True}
2024-06-08 00:06:22,990 : INFO : EventManager : Event: ======'s_right_flipper_active'====== Args={'_from_bcp': True}
2024-06-08 00:06:22,990 : INFO : EventManager : Event: ======'item_highlighted'====== Args={'carousel': 'char_select', 'direction': 'forwards', 'item': 'pyke'}
2024-06-08 00:06:23,103 : INFO : EventManager : Event: ======'balldevice_bd_trough_ball_eject_failed'====== Args={'target': <ball_device.bd_plunger>, 'balls': 1, 'retry': True, 'num_attempts': 1}
2024-06-08 00:06:23,103 : INFO : ball_device.bd_trough : State: waiting_for_target_ready
2024-06-08 00:06:23,103 : INFO : EventManager : Event: ======'balldevice_bd_trough_ball_eject_attempt'====== Args={'balls': 1, 'target': <ball_device.bd_plunger>, 'source': <ball_device.bd_trough>, 'mechanical_eject': True, 'num_attempts': 1}
2024-06-08 00:06:23,103 : INFO : ball_device.bd_trough : State: ejecting
2024-06-08 00:06:23,103 : INFO : ball_device.bd_trough : Ejecting ball to <ball_device.bd_plunger>
2024-06-08 00:06:23,104 : INFO : EventManager : Event: ======'balldevice_bd_trough_ejecting_ball'====== Args={'balls': 1, 'target': <ball_device.bd_plunger>, 'source': <ball_device.bd_trough>, 'mechanical_eject': True, 'num_attempts': 1}
2024-06-08 00:06:23,104 : INFO : ball_device.bd_trough : Wait for ball to leave device
2024-06-08 00:06:23,104 : INFO : coil.c_trough_eject_coil : Pulsing Driver for 15ms (1.0 pulse_power)
2024-06-08 00:06:24,956 : INFO : EventManager : Event: ======'s_right_flipper_active'====== Args={'_from_bcp': True}
2024-06-08 00:06:24,956 : INFO : EventManager : Event: ======'item_highlighted'====== Args={'carousel': 'char_select', 'direction': 'forwards', 'item': 'grog'}
2024-06-08 00:06:25,099 : INFO : EventManager : Event: ======'balldevice_bd_trough_ball_eject_failed'====== Args={'target': <ball_device.bd_plunger>, 'balls': 1, 'retry': True, 'num_attempts': 2}
2024-06-08 00:06:25,099 : INFO : ball_device.bd_trough : State: waiting_for_target_ready
2024-06-08 00:06:25,099 : INFO : EventManager : Event: ======'balldevice_bd_trough_ball_eject_attempt'====== Args={'balls': 1, 'target': <ball_device.bd_plunger>, 'source': <ball_device.bd_trough>, 'mechanical_eject': True, 'num_attempts': 2}
2024-06-08 00:06:25,099 : INFO : ball_device.bd_trough : State: ejecting
2024-06-08 00:06:25,099 : INFO : ball_device.bd_trough : Ejecting ball to <ball_device.bd_plunger>
2024-06-08 00:06:25,100 : INFO : EventManager : Event: ======'balldevice_bd_trough_ejecting_ball'====== Args={'balls': 1, 'target': <ball_device.bd_plunger>, 'source': <ball_device.bd_trough>, 'mechanical_eject': True, 'num_attempts': 2}
2024-06-08 00:06:25,100 : INFO : ball_device.bd_trough : Wait for ball to leave device
2024-06-08 00:06:25,100 : INFO : coil.c_trough_eject_coil : Pulsing Driver for 15ms (1.0 pulse_power)
2024-06-08 00:06:27,118 : INFO : EventManager : Event: ======'balldevice_bd_trough_ball_eject_failed'====== Args={'target': <ball_device.bd_plunger>, 'balls': 1, 'retry': True, 'num_attempts': 3}
2024-06-08 00:06:27,118 : INFO : ball_device.bd_trough : State: waiting_for_target_ready
2024-06-08 00:06:27,118 : INFO : EventManager : Event: ======'balldevice_bd_trough_ball_eject_attempt'====== Args={'balls': 1, 'target': <ball_device.bd_plunger>, 'source': <ball_device.bd_trough>, 'mechanical_eject': True, 'num_attempts': 3}
2024-06-08 00:06:27,118 : INFO : ball_device.bd_trough : State: ejecting
2024-06-08 00:06:27,118 : INFO : ball_device.bd_trough : Ejecting ball to <ball_device.bd_plunger>
2024-06-08 00:06:27,118 : INFO : EventManager : Event: ======'balldevice_bd_trough_ejecting_ball'====== Args={'balls': 1, 'target': <ball_device.bd_plunger>, 'source': <ball_device.bd_trough>, 'mechanical_eject': True, 'num_attempts': 3}
2024-06-08 00:06:27,119 : INFO : ball_device.bd_trough : Wait for ball to leave device
2024-06-08 00:06:27,119 : INFO : coil.c_trough_eject_coil : Pulsing Driver for 15ms (1.0 pulse_power)
2024-06-08 00:06:29,133 : INFO : EventManager : Event: ======'balldevice_bd_trough_ball_eject_failed'====== Args={'target': <ball_device.bd_plunger>, 'balls': 1, 'retry': True, 'num_attempts': 4}
2024-06-08 00:06:29,133 : INFO : ball_device.bd_trough : State: waiting_for_target_ready
2024-06-08 00:06:29,133 : INFO : EventManager : Event: ======'balldevice_bd_trough_ball_eject_attempt'====== Args={'balls': 1, 'target': <ball_device.bd_plunger>, 'source': <ball_device.bd_trough>, 'mechanical_eject': True, 'num_attempts': 4}
2024-06-08 00:06:29,133 : INFO : ball_device.bd_trough : State: ejecting
2024-06-08 00:06:29,134 : INFO : ball_device.bd_trough : Ejecting ball to <ball_device.bd_plunger>
2024-06-08 00:06:29,134 : INFO : EventManager : Event: ======'balldevice_bd_trough_ejecting_ball'====== Args={'balls': 1, 'target': <ball_device.bd_plunger>, 'source': <ball_device.bd_trough>, 'mechanical_eject': True, 'num_attempts': 4}
2024-06-08 00:06:29,134 : INFO : ball_device.bd_trough : Wait for ball to leave device
2024-06-08 00:06:29,134 : INFO : coil.c_trough_eject_coil : Pulsing Driver for 15ms (1.0 pulse_power)
2024-06-08 00:06:29,972 : INFO : EventManager : Event: ======'s_ab_active'====== Args={'_from_bcp': True}
2024-06-08 00:06:29,972 : INFO : EventManager : Event: ======'char_select_grog_selected'====== Args={}
2024-06-08 00:06:29,972 : INFO : EventManager : Event: ======'char_select_item_selected'====== Args={}
2024-06-08 00:06:29,972 : INFO : EventManager : Event: ======'player_selected_champ'====== Args={'value': 'grog', 'prev_value': 0, 'change': True, 'player_num': 1, 'source': 'char_select'}
2024-06-08 00:06:29,972 : INFO : EventManager : Event: ======'mode_char_select_will_stop'====== Args={}
2024-06-08 00:06:29,973 : INFO : EventManager : Event: ======'mode_char_select_stopping'====== Args={}
2024-06-08 00:06:29,973 : INFO : EventManager : Event: ======'player_is_selected_champ'====== Args={'value': 1, 'prev_value': 0, 'change': 1, 'player_num': 1, 'source': 'char_select'}
2024-06-08 00:06:29,973 : INFO : Mode.char_select : Stopped.
2024-06-08 00:06:29,973 : INFO : EventManager : Event: ======'modes_active_modes_changed'====== Args={}
2024-06-08 00:06:29,973 : INFO : EventManager : Event: ======'start_base'====== Args={}
2024-06-08 00:06:29,973 : INFO : EventManager : Event: ======'char_select_item_selected'====== Args={}
2024-06-08 00:06:29,973 : INFO : EventManager : Event: ======'mode_char_select_stopped'====== Args={}
2024-06-08 00:06:29,973 : INFO : EventManager : Event: ======'clear'====== Args={'key': 'char_select'}
2024-06-08 00:06:29,989 : INFO : EventManager : Event: ======'slide_char_select_inactive'====== Args={'_from_bcp': True}
2024-06-08 00:06:29,989 : INFO : EventManager : Event: ======'slide_base_active'====== Args={'_from_bcp': True}
2024-06-08 00:06:29,989 : INFO : EventManager : Event: ======'slide_char_select_removed'====== Args={'_from_bcp': True}
2024-06-08 00:06:31,154 : INFO : EventManager : Event: ======'balldevice_bd_trough_ball_eject_failed'====== Args={'target': <ball_device.bd_plunger>, 'balls': 1, 'retry': True, 'num_attempts': 5}
2024-06-08 00:06:31,154 : INFO : ball_device.bd_trough : State: waiting_for_target_ready
2024-06-08 00:06:31,155 : INFO : EventManager : Event: ======'balldevice_bd_trough_ball_eject_attempt'====== Args={'balls': 1, 'target': <ball_device.bd_plunger>, 'source': <ball_device.bd_trough>, 'mechanical_eject': True, 'num_attempts': 5}
2024-06-08 00:06:31,155 : INFO : ball_device.bd_trough : State: ejecting
2024-06-08 00:06:31,155 : INFO : ball_device.bd_trough : Ejecting ball to <ball_device.bd_plunger>
2024-06-08 00:06:31,155 : INFO : EventManager : Event: ======'balldevice_bd_trough_ejecting_ball'====== Args={'balls': 1, 'target': <ball_device.bd_plunger>, 'source': <ball_device.bd_trough>, 'mechanical_eject': True, 'num_attempts': 5}
2024-06-08 00:06:31,155 : INFO : ball_device.bd_trough : Wait for ball to leave device
2024-06-08 00:06:31,156 : INFO : coil.c_trough_eject_coil : Pulsing Driver for 15ms (1.0 pulse_power)
2024-06-08 00:06:32,456 : INFO : EventManager : Event: ======'s_percy_active'====== Args={'_from_bcp': True}
2024-06-08 00:06:32,456 : INFO : EventManager : Event: ======'player_shot_percy_shot'====== Args={'value': 1, 'prev_value': 0, 'change': 1, 'player_num': 1}
2024-06-08 00:06:32,456 : INFO : EventManager : Event: ======'machine_var_audits_shots_percy_shot'====== Args={'value': 43, 'prev_value': 42, 'change': 1}
2024-06-08 00:06:32,457 : INFO : EventManager : Event: ======'percy_shot_hit'====== Args={'profile': 'default', 'state': 'unlit', 'advancing': True}
2024-06-08 00:06:32,457 : INFO : EventManager : Event: ======'percy_shot_default_hit'====== Args={'profile': 'default', 'state': 'unlit', 'advancing': True}
2024-06-08 00:06:32,457 : INFO : EventManager : Event: ======'percy_shot_default_unlit_hit'====== Args={'profile': 'default', 'state': 'unlit', 'advancing': True}
2024-06-08 00:06:32,457 : INFO : EventManager : Event: ======'percy_shot_unlit_hit'====== Args={'profile': 'default', 'state': 'unlit', 'advancing': True}
2024-06-08 00:06:32,457 : INFO : EventManager : Event: ======'player_score'====== Args={'value': 25000, 'prev_value': 0, 'change': 25000, 'player_num': 1, 'source': 'base'}
2024-06-08 00:06:32,457 : INFO : EventManager : Event: ======'video_shots_hit'====== Args={'shot': 'percy_shot'}
2024-06-08 00:06:32,457 : INFO : EventManager : Event: ======'video_shots_unlit_hit'====== Args={'shot': 'percy_shot'}
2024-06-08 00:06:32,458 : INFO : EventManager : Event: ======'score_change_3'====== Args={'value': 25000, 'prev_value': 0, 'change': 25000, 'player_num': 1, 'source': 'base'}
2024-06-08 00:06:32,458 : INFO : EventManager : Event: ======'player_last_score'====== Args={'value': 25000, 'prev_value': 0, 'change': 25000, 'player_num': 1, 'source': 'base'}
2024-06-08 00:06:33,154 : INFO : EventManager : Event: ======'balldevice_bd_trough_ball_eject_failed'====== Args={'target': <ball_device.bd_plunger>, 'balls': 1, 'retry': True, 'num_attempts': 6}
2024-06-08 00:06:33,155 : INFO : ball_device.bd_trough : State: waiting_for_target_ready
2024-06-08 00:06:33,155 : INFO : EventManager : Event: ======'balldevice_bd_trough_ball_eject_attempt'====== Args={'balls': 1, 'target': <ball_device.bd_plunger>, 'source': <ball_device.bd_trough>, 'mechanical_eject': True, 'num_attempts': 6}
2024-06-08 00:06:33,155 : INFO : ball_device.bd_trough : State: ejecting
2024-06-08 00:06:33,155 : INFO : ball_device.bd_trough : Ejecting ball to <ball_device.bd_plunger>
2024-06-08 00:06:33,155 : INFO : EventManager : Event: ======'balldevice_bd_trough_ejecting_ball'====== Args={'balls': 1, 'target': <ball_device.bd_plunger>, 'source': <ball_device.bd_trough>, 'mechanical_eject': True, 'num_attempts': 6}
2024-06-08 00:06:33,155 : INFO : ball_device.bd_trough : Wait for ball to leave device
2024-06-08 00:06:33,156 : INFO : coil.c_trough_eject_coil : Pulsing Driver for 15ms (1.0 pulse_power)
2024-06-08 00:06:35,154 : INFO : EventManager : Event: ======'balldevice_bd_trough_ball_eject_failed'====== Args={'target': <ball_device.bd_plunger>, 'balls': 1, 'retry': True, 'num_attempts': 7}
2024-06-08 00:06:35,154 : INFO : ball_device.bd_trough : State: waiting_for_target_ready
2024-06-08 00:06:35,154 : INFO : EventManager : Event: ======'balldevice_bd_trough_ball_eject_attempt'====== Args={'balls': 1, 'target': <ball_device.bd_plunger>, 'source': <ball_device.bd_trough>, 'mechanical_eject': True, 'num_attempts': 7}
2024-06-08 00:06:35,154 : INFO : ball_device.bd_trough : State: ejecting
2024-06-08 00:06:35,154 : INFO : ball_device.bd_trough : Ejecting ball to <ball_device.bd_plunger>
2024-06-08 00:06:35,155 : INFO : EventManager : Event: ======'balldevice_bd_trough_ejecting_ball'====== Args={'balls': 1, 'target': <ball_device.bd_plunger>, 'source': <ball_device.bd_trough>, 'mechanical_eject': True, 'num_attempts': 7}
2024-06-08 00:06:35,155 : INFO : ball_device.bd_trough : Wait for ball to leave device
2024-06-08 00:06:35,155 : INFO : coil.c_trough_eject_coil : Pulsing Driver for 15ms (1.0 pulse_power)
2024-06-08 00:06:37,159 : INFO : EventManager : Event: ======'balldevice_bd_trough_ball_eject_failed'====== Args={'target': <ball_device.bd_plunger>, 'balls': 1, 'retry': True, 'num_attempts': 8}
2024-06-08 00:06:37,159 : INFO : ball_device.bd_trough : State: waiting_for_target_ready
2024-06-08 00:06:37,159 : INFO : EventManager : Event: ======'balldevice_bd_trough_ball_eject_attempt'====== Args={'balls': 1, 'target': <ball_device.bd_plunger>, 'source': <ball_device.bd_trough>, 'mechanical_eject': True, 'num_attempts': 8}
2024-06-08 00:06:37,159 : INFO : ball_device.bd_trough : State: ejecting
2024-06-08 00:06:37,160 : INFO : ball_device.bd_trough : Ejecting ball to <ball_device.bd_plunger>
2024-06-08 00:06:37,160 : INFO : EventManager : Event: ======'balldevice_bd_trough_ejecting_ball'====== Args={'balls': 1, 'target': <ball_device.bd_plunger>, 'source': <ball_device.bd_trough>, 'mechanical_eject': True, 'num_attempts': 8}
2024-06-08 00:06:37,160 : INFO : ball_device.bd_trough : Wait for ball to leave device
2024-06-08 00:06:37,160 : INFO : coil.c_trough_eject_coil : Pulsing Driver for 15ms (1.0 pulse_power)
2024-06-08 00:06:39,172 : INFO : EventManager : Event: ======'balldevice_bd_trough_ball_eject_failed'====== Args={'target': <ball_device.bd_plunger>, 'balls': 1, 'retry': True, 'num_attempts': 9}
2024-06-08 00:06:39,172 : INFO : ball_device.bd_trough : State: waiting_for_target_ready
2024-06-08 00:06:39,172 : INFO : EventManager : Event: ======'balldevice_bd_trough_ball_eject_attempt'====== Args={'balls': 1, 'target': <ball_device.bd_plunger>, 'source': <ball_device.bd_trough>, 'mechanical_eject': True, 'num_attempts': 9}
2024-06-08 00:06:39,172 : INFO : ball_device.bd_trough : State: ejecting
2024-06-08 00:06:39,173 : INFO : ball_device.bd_trough : Ejecting ball to <ball_device.bd_plunger>
2024-06-08 00:06:39,173 : INFO : EventManager : Event: ======'balldevice_bd_trough_ejecting_ball'====== Args={'balls': 1, 'target': <ball_device.bd_plunger>, 'source': <ball_device.bd_trough>, 'mechanical_eject': True, 'num_attempts': 9}
2024-06-08 00:06:39,173 : INFO : ball_device.bd_trough : Wait for ball to leave device
2024-06-08 00:06:39,173 : INFO : coil.c_trough_eject_coil : Pulsing Driver for 15ms (1.0 pulse_power)
2024-06-08 00:06:41,165 : INFO : EventManager : Event: ======'balldevice_bd_trough_ball_eject_failed'====== Args={'target': <ball_device.bd_plunger>, 'balls': 1, 'retry': True, 'num_attempts': 10}
2024-06-08 00:06:41,165 : INFO : ball_device.bd_trough : State: waiting_for_target_ready
2024-06-08 00:06:41,165 : INFO : EventManager : Event: ======'balldevice_bd_trough_ball_eject_attempt'====== Args={'balls': 1, 'target': <ball_device.bd_plunger>, 'source': <ball_device.bd_trough>, 'mechanical_eject': True, 'num_attempts': 10}
2024-06-08 00:06:41,165 : INFO : ball_device.bd_trough : State: ejecting
2024-06-08 00:06:41,166 : INFO : ball_device.bd_trough : Ejecting ball to <ball_device.bd_plunger>
2024-06-08 00:06:41,166 : INFO : EventManager : Event: ======'balldevice_bd_trough_ejecting_ball'====== Args={'balls': 1, 'target': <ball_device.bd_plunger>, 'source': <ball_device.bd_trough>, 'mechanical_eject': True, 'num_attempts': 10}
2024-06-08 00:06:41,166 : INFO : ball_device.bd_trough : Wait for ball to leave device
2024-06-08 00:06:41,166 : INFO : coil.c_trough_eject_coil : Pulsing Driver for 15ms (1.0 pulse_power)
2024-06-08 00:06:43,165 : INFO : EventManager : Event: ======'balldevice_bd_trough_ball_eject_failed'====== Args={'target': <ball_device.bd_plunger>, 'balls': 1, 'retry': True, 'num_attempts': 11}
2024-06-08 00:06:43,165 : INFO : ball_device.bd_trough : State: waiting_for_target_ready
2024-06-08 00:06:43,165 : INFO : EventManager : Event: ======'balldevice_bd_trough_ball_eject_attempt'====== Args={'balls': 1, 'target': <ball_device.bd_plunger>, 'source': <ball_device.bd_trough>, 'mechanical_eject': True, 'num_attempts': 11}
2024-06-08 00:06:43,165 : INFO : ball_device.bd_trough : State: ejecting
2024-06-08 00:06:43,165 : INFO : ball_device.bd_trough : Ejecting ball to <ball_device.bd_plunger>
2024-06-08 00:06:43,166 : INFO : EventManager : Event: ======'balldevice_bd_trough_ejecting_ball'====== Args={'balls': 1, 'target': <ball_device.bd_plunger>, 'source': <ball_device.bd_trough>, 'mechanical_eject': True, 'num_attempts': 11}
2024-06-08 00:06:43,166 : INFO : ball_device.bd_trough : Wait for ball to leave device
2024-06-08 00:06:43,166 : INFO : coil.c_trough_eject_coil : Pulsing Driver for 15ms (1.0 pulse_power)
2024-06-08 00:06:43,421 : INFO : SwitchController : <<<<<<< 's_start' active >>>>>>>
2024-06-08 00:06:43,421 : INFO : EventManager : Event: ======'sw_start'====== Args={}
2024-06-08 00:06:43,422 : INFO : EventManager : Event: ======'machine_var_audits_switches_s_start'====== Args={'value': 31, 'prev_value': 30, 'change': 1}
2024-06-08 00:06:43,422 : INFO : EventManager : Event: ======'player_add_request'====== Args={}
2024-06-08 00:06:43,422 : INFO : EventManager : Event: ======'player_will_add'====== Args={'number': 2}
2024-06-08 00:06:43,422 : INFO : EventManager : Event: ======'player_adding'====== Args={'player': <Player 2>, 'number': 2}
2024-06-08 00:06:43,422 : INFO : EventManager : Event: ======'player_added'====== Args={'player': <Player 2>, 'num': 2}
2024-06-08 00:06:43,422 : INFO : Mode.game : Player added successfully. Total players: 2
2024-06-08 00:06:43,422 : INFO : EventManager : Event: ======'multiplayer_game'====== Args={}
2024-06-08 00:06:43,422 : INFO : EventManager : Event: ======'player_index'====== Args={'value': 1, 'prev_value': 1, 'change': 0, 'player_num': 2}
2024-06-08 00:06:43,423 : INFO : EventManager : Event: ======'player_number'====== Args={'value': 2, 'prev_value': 2, 'change': 0, 'player_num': 2}
2024-06-08 00:06:43,423 : INFO : EventManager : Event: ======'player_score'====== Args={'value': 0, 'prev_value': 0, 'change': 0, 'player_num': 2}
2024-06-08 00:06:43,424 : INFO : EventManager : Event: ======'score_change'====== Args={'value': 0, 'prev_value': 0, 'change': 0, 'player_num': 2}
2024-06-08 00:06:43,424 : INFO : EventManager : Event: ======'player_last_score'====== Args={'value': 0, 'prev_value': 25000, 'change': -25000, 'player_num': 1, 'source': 'base'}
2024-06-08 00:06:43,472 : INFO : SwitchController : <<<<<<< 's_start' inactive >>>>>>>
2024-06-08 00:06:45,173 : INFO : EventManager : Event: ======'balldevice_bd_trough_ball_eject_failed'====== Args={'target': <ball_device.bd_plunger>, 'balls': 1, 'retry': True, 'num_attempts': 12}
2024-06-08 00:06:45,173 : INFO : ball_device.bd_trough : State: waiting_for_target_ready
2024-06-08 00:06:45,173 : INFO : EventManager : Event: ======'balldevice_bd_trough_ball_eject_attempt'====== Args={'balls': 1, 'target': <ball_device.bd_plunger>, 'source': <ball_device.bd_trough>, 'mechanical_eject': True, 'num_attempts': 12}
2024-06-08 00:06:45,173 : INFO : ball_device.bd_trough : State: ejecting
2024-06-08 00:06:45,174 : INFO : ball_device.bd_trough : Ejecting ball to <ball_device.bd_plunger>
2024-06-08 00:06:45,174 : INFO : EventManager : Event: ======'balldevice_bd_trough_ejecting_ball'====== Args={'balls': 1, 'target': <ball_device.bd_plunger>, 'source': <ball_device.bd_trough>, 'mechanical_eject': True, 'num_attempts': 12}
2024-06-08 00:06:45,174 : INFO : ball_device.bd_trough : Wait for ball to leave device
2024-06-08 00:06:45,174 : INFO : coil.c_trough_eject_coil : Pulsing Driver for 15ms (1.0 pulse_power)
2024-06-08 00:06:45,522 : INFO : SwitchController : <<<<<<< 's_start' active >>>>>>>
2024-06-08 00:06:45,522 : INFO : EventManager : Event: ======'sw_start'====== Args={}
2024-06-08 00:06:45,522 : INFO : EventManager : Event: ======'machine_var_audits_switches_s_start'====== Args={'value': 32, 'prev_value': 31, 'change': 1}
2024-06-08 00:06:45,522 : INFO : EventManager : Event: ======'player_add_request'====== Args={}
2024-06-08 00:06:45,522 : INFO : EventManager : Event: ======'player_will_add'====== Args={'number': 3}
2024-06-08 00:06:45,523 : INFO : EventManager : Event: ======'player_adding'====== Args={'player': <Player 3>, 'number': 3}
2024-06-08 00:06:45,523 : INFO : EventManager : Event: ======'player_added'====== Args={'player': <Player 3>, 'num': 3}
2024-06-08 00:06:45,523 : INFO : Mode.game : Player added successfully. Total players: 3
2024-06-08 00:06:45,523 : INFO : EventManager : Event: ======'player_index'====== Args={'value': 2, 'prev_value': 2, 'change': 0, 'player_num': 3}
2024-06-08 00:06:45,523 : INFO : EventManager : Event: ======'player_number'====== Args={'value': 3, 'prev_value': 3, 'change': 0, 'player_num': 3}
2024-06-08 00:06:45,523 : INFO : EventManager : Event: ======'player_score'====== Args={'value': 0, 'prev_value': 0, 'change': 0, 'player_num': 3}
2024-06-08 00:06:45,524 : INFO : EventManager : Event: ======'score_change_2'====== Args={'value': 0, 'prev_value': 0, 'change': 0, 'player_num': 3}
2024-06-08 00:06:45,591 : INFO : SwitchController : <<<<<<< 's_start' inactive >>>>>>>
2024-06-08 00:06:47,175 : INFO : EventManager : Event: ======'balldevice_bd_trough_ball_eject_failed'====== Args={'target': <ball_device.bd_plunger>, 'balls': 1, 'retry': True, 'num_attempts': 13}
2024-06-08 00:06:47,175 : INFO : ball_device.bd_trough : State: waiting_for_target_ready
2024-06-08 00:06:47,175 : INFO : EventManager : Event: ======'balldevice_bd_trough_ball_eject_attempt'====== Args={'balls': 1, 'target': <ball_device.bd_plunger>, 'source': <ball_device.bd_trough>, 'mechanical_eject': True, 'num_attempts': 13}
2024-06-08 00:06:47,175 : INFO : ball_device.bd_trough : State: ejecting
2024-06-08 00:06:47,176 : INFO : ball_device.bd_trough : Ejecting ball to <ball_device.bd_plunger>
2024-06-08 00:06:47,176 : INFO : EventManager : Event: ======'balldevice_bd_trough_ejecting_ball'====== Args={'balls': 1, 'target': <ball_device.bd_plunger>, 'source': <ball_device.bd_trough>, 'mechanical_eject': True, 'num_attempts': 13}
2024-06-08 00:06:47,176 : INFO : ball_device.bd_trough : Wait for ball to leave device
2024-06-08 00:06:47,176 : INFO : coil.c_trough_eject_coil : Pulsing Driver for 15ms (1.0 pulse_power)
2024-06-08 00:06:47,604 : INFO : SwitchController : <<<<<<< 's_start' active >>>>>>>
2024-06-08 00:06:47,605 : INFO : EventManager : Event: ======'sw_start'====== Args={}
2024-06-08 00:06:47,605 : INFO : EventManager : Event: ======'machine_var_audits_switches_s_start'====== Args={'value': 33, 'prev_value': 32, 'change': 1}
2024-06-08 00:06:47,605 : INFO : EventManager : Event: ======'player_add_request'====== Args={}
2024-06-08 00:06:47,605 : INFO : EventManager : Event: ======'player_will_add'====== Args={'number': 4}
2024-06-08 00:06:47,605 : INFO : EventManager : Event: ======'player_adding'====== Args={'player': <Player 4>, 'number': 4}
2024-06-08 00:06:47,605 : INFO : EventManager : Event: ======'player_added'====== Args={'player': <Player 4>, 'num': 4}
2024-06-08 00:06:47,605 : INFO : Mode.game : Player added successfully. Total players: 4
2024-06-08 00:06:47,606 : INFO : EventManager : Event: ======'player_index'====== Args={'value': 3, 'prev_value': 3, 'change': 0, 'player_num': 4}
2024-06-08 00:06:47,606 : INFO : EventManager : Event: ======'player_number'====== Args={'value': 4, 'prev_value': 4, 'change': 0, 'player_num': 4}
2024-06-08 00:06:47,606 : INFO : EventManager : Event: ======'player_score'====== Args={'value': 0, 'prev_value': 0, 'change': 0, 'player_num': 4}
2024-06-08 00:06:47,607 : INFO : EventManager : Event: ======'score_change_4'====== Args={'value': 0, 'prev_value': 0, 'change': 0, 'player_num': 4}
2024-06-08 00:06:47,675 : INFO : EventManager : Event: ======'resume_bg'====== Args={'_from_bcp': True}
2024-06-08 00:06:47,755 : INFO : SwitchController : <<<<<<< 's_start' inactive >>>>>>>
2024-06-08 00:06:49,055 : INFO : SwitchController : <<<<<<< 's_start' active >>>>>>>
2024-06-08 00:06:49,055 : INFO : EventManager : Event: ======'sw_start'====== Args={}
2024-06-08 00:06:49,055 : INFO : EventManager : Event: ======'machine_var_audits_switches_s_start'====== Args={'value': 34, 'prev_value': 33, 'change': 1}
2024-06-08 00:06:49,171 : INFO : SwitchController : <<<<<<< 's_start' inactive >>>>>>>
2024-06-08 00:06:49,190 : INFO : EventManager : Event: ======'balldevice_bd_trough_ball_eject_failed'====== Args={'target': <ball_device.bd_plunger>, 'balls': 1, 'retry': True, 'num_attempts': 14}
2024-06-08 00:06:49,190 : INFO : ball_device.bd_trough : State: waiting_for_target_ready
2024-06-08 00:06:49,190 : INFO : EventManager : Event: ======'balldevice_bd_trough_ball_eject_attempt'====== Args={'balls': 1, 'target': <ball_device.bd_plunger>, 'source': <ball_device.bd_trough>, 'mechanical_eject': True, 'num_attempts': 14}
2024-06-08 00:06:49,190 : INFO : ball_device.bd_trough : State: ejecting
2024-06-08 00:06:49,190 : INFO : ball_device.bd_trough : Ejecting ball to <ball_device.bd_plunger>
2024-06-08 00:06:49,190 : INFO : EventManager : Event: ======'balldevice_bd_trough_ejecting_ball'====== Args={'balls': 1, 'target': <ball_device.bd_plunger>, 'source': <ball_device.bd_trough>, 'mechanical_eject': True, 'num_attempts': 14}
2024-06-08 00:06:49,191 : INFO : ball_device.bd_trough : Wait for ball to leave device
2024-06-08 00:06:49,191 : INFO : coil.c_trough_eject_coil : Pulsing Driver for 15ms (1.0 pulse_power)
2024-06-08 00:06:50,104 : INFO : SwitchController : <<<<<<< 's_start' active >>>>>>>
2024-06-08 00:06:50,104 : INFO : EventManager : Event: ======'sw_start'====== Args={}
2024-06-08 00:06:50,105 : INFO : EventManager : Event: ======'machine_var_audits_switches_s_start'====== Args={'value': 35, 'prev_value': 34, 'change': 1}
2024-06-08 00:06:50,205 : INFO : SwitchController : <<<<<<< 's_start' inactive >>>>>>>
2024-06-08 00:06:50,905 : INFO : SwitchController : <<<<<<< 's_start' active >>>>>>>
2024-06-08 00:06:50,905 : INFO : EventManager : Event: ======'sw_start'====== Args={}
2024-06-08 00:06:50,905 : INFO : EventManager : Event: ======'machine_var_audits_switches_s_start'====== Args={'value': 36, 'prev_value': 35, 'change': 1}
2024-06-08 00:06:51,055 : INFO : SwitchController : <<<<<<< 's_start' inactive >>>>>>>
2024-06-08 00:06:51,211 : INFO : EventManager : Event: ======'balldevice_bd_trough_ball_eject_failed'====== Args={'target': <ball_device.bd_plunger>, 'balls': 1, 'retry': True, 'num_attempts': 15}
2024-06-08 00:06:51,211 : INFO : ball_device.bd_trough : State: waiting_for_target_ready
2024-06-08 00:06:51,211 : INFO : EventManager : Event: ======'balldevice_bd_trough_ball_eject_attempt'====== Args={'balls': 1, 'target': <ball_device.bd_plunger>, 'source': <ball_device.bd_trough>, 'mechanical_eject': True, 'num_attempts': 15}
2024-06-08 00:06:51,212 : INFO : ball_device.bd_trough : State: ejecting
2024-06-08 00:06:51,212 : INFO : ball_device.bd_trough : Ejecting ball to <ball_device.bd_plunger>
2024-06-08 00:06:51,212 : INFO : EventManager : Event: ======'balldevice_bd_trough_ejecting_ball'====== Args={'balls': 1, 'target': <ball_device.bd_plunger>, 'source': <ball_device.bd_trough>, 'mechanical_eject': True, 'num_attempts': 15}
2024-06-08 00:06:51,212 : INFO : ball_device.bd_trough : Wait for ball to leave device
2024-06-08 00:06:51,212 : INFO : coil.c_trough_eject_coil : Pulsing Driver for 15ms (1.0 pulse_power)
2024-06-08 00:06:51,871 : INFO : EventManager : Event: ======'s_ab_active'====== Args={'_from_bcp': True}
2024-06-08 00:06:53,088 : INFO : EventManager : Event: ======'s_percy_active'====== Args={'_from_bcp': True}
2024-06-08 00:06:53,088 : INFO : EventManager : Event: ======'machine_var_audits_shots_percy_shot'====== Args={'value': 44, 'prev_value': 43, 'change': 1}
2024-06-08 00:06:53,088 : INFO : EventManager : Event: ======'percy_shot_hit'====== Args={'profile': 'default', 'state': 'lit', 'advancing': False}
2024-06-08 00:06:53,088 : INFO : EventManager : Event: ======'percy_shot_default_hit'====== Args={'profile': 'default', 'state': 'lit', 'advancing': False}
2024-06-08 00:06:53,088 : INFO : EventManager : Event: ======'percy_shot_default_lit_hit'====== Args={'profile': 'default', 'state': 'lit', 'advancing': False}
2024-06-08 00:06:53,088 : INFO : EventManager : Event: ======'percy_shot_lit_hit'====== Args={'profile': 'default', 'state': 'lit', 'advancing': False}
2024-06-08 00:06:53,088 : INFO : EventManager : Event: ======'player_score'====== Args={'value': 50000, 'prev_value': 25000, 'change': 25000, 'player_num': 1, 'source': 'base'}
2024-06-08 00:06:53,089 : INFO : EventManager : Event: ======'video_shots_hit'====== Args={'shot': 'percy_shot'}
2024-06-08 00:06:53,089 : INFO : EventManager : Event: ======'video_shots_lit_hit'====== Args={'shot': 'percy_shot'}
2024-06-08 00:06:53,089 : INFO : EventManager : Event: ======'score_change_1'====== Args={'value': 50000, 'prev_value': 25000, 'change': 25000, 'player_num': 1, 'source': 'base'}
2024-06-08 00:06:53,089 : INFO : EventManager : Event: ======'player_last_score'====== Args={'value': 25000, 'prev_value': 0, 'change': 25000, 'player_num': 1, 'source': 'base'}
2024-06-08 00:06:53,222 : INFO : EventManager : Event: ======'balldevice_bd_trough_ball_eject_failed'====== Args={'target': <ball_device.bd_plunger>, 'balls': 1, 'retry': True, 'num_attempts': 16}
2024-06-08 00:06:53,222 : INFO : ball_device.bd_trough : State: waiting_for_target_ready
2024-06-08 00:06:53,222 : INFO : EventManager : Event: ======'balldevice_bd_trough_ball_eject_attempt'====== Args={'balls': 1, 'target': <ball_device.bd_plunger>, 'source': <ball_device.bd_trough>, 'mechanical_eject': True, 'num_attempts': 16}
2024-06-08 00:06:53,222 : INFO : ball_device.bd_trough : State: ejecting
2024-06-08 00:06:53,222 : INFO : ball_device.bd_trough : Ejecting ball to <ball_device.bd_plunger>
2024-06-08 00:06:53,223 : INFO : EventManager : Event: ======'balldevice_bd_trough_ejecting_ball'====== Args={'balls': 1, 'target': <ball_device.bd_plunger>, 'source': <ball_device.bd_trough>, 'mechanical_eject': True, 'num_attempts': 16}
2024-06-08 00:06:53,223 : INFO : ball_device.bd_trough : Wait for ball to leave device
2024-06-08 00:06:53,223 : INFO : coil.c_trough_eject_coil : Pulsing Driver for 15ms (1.0 pulse_power)
2024-06-08 00:06:55,230 : INFO : EventManager : Event: ======'balldevice_bd_trough_ball_eject_failed'====== Args={'target': <ball_device.bd_plunger>, 'balls': 1, 'retry': True, 'num_attempts': 17}
2024-06-08 00:06:55,230 : INFO : ball_device.bd_trough : State: waiting_for_target_ready
2024-06-08 00:06:55,230 : INFO : EventManager : Event: ======'balldevice_bd_trough_ball_eject_attempt'====== Args={'balls': 1, 'target': <ball_device.bd_plunger>, 'source': <ball_device.bd_trough>, 'mechanical_eject': True, 'num_attempts': 17}
2024-06-08 00:06:55,230 : INFO : ball_device.bd_trough : State: ejecting
2024-06-08 00:06:55,230 : INFO : ball_device.bd_trough : Ejecting ball to <ball_device.bd_plunger>
2024-06-08 00:06:55,230 : INFO : EventManager : Event: ======'balldevice_bd_trough_ejecting_ball'====== Args={'balls': 1, 'target': <ball_device.bd_plunger>, 'source': <ball_device.bd_trough>, 'mechanical_eject': True, 'num_attempts': 17}
2024-06-08 00:06:55,231 : INFO : ball_device.bd_trough : Wait for ball to leave device
2024-06-08 00:06:55,231 : INFO : coil.c_trough_eject_coil : Pulsing Driver for 15ms (1.0 pulse_power)
2024-06-08 00:06:56,287 : INFO : EventManager : Event: ======'s_scanlan_active'====== Args={'_from_bcp': True}
2024-06-08 00:06:56,288 : INFO : EventManager : Event: ======'player_shot_scanlan_shot'====== Args={'value': 1, 'prev_value': 0, 'change': 1, 'player_num': 1}
2024-06-08 00:06:56,288 : INFO : EventManager : Event: ======'machine_var_audits_shots_scanlan_shot'====== Args={'value': 114, 'prev_value': 113, 'change': 1}
2024-06-08 00:06:56,288 : INFO : EventManager : Event: ======'scanlan_shot_hit'====== Args={'profile': 'default', 'state': 'unlit', 'advancing': True}
2024-06-08 00:06:56,288 : INFO : EventManager : Event: ======'scanlan_shot_default_hit'====== Args={'profile': 'default', 'state': 'unlit', 'advancing': True}
2024-06-08 00:06:56,288 : INFO : EventManager : Event: ======'scanlan_shot_default_unlit_hit'====== Args={'profile': 'default', 'state': 'unlit', 'advancing': True}
2024-06-08 00:06:56,288 : INFO : EventManager : Event: ======'scanlan_shot_unlit_hit'====== Args={'profile': 'default', 'state': 'unlit', 'advancing': True}
2024-06-08 00:06:56,289 : INFO : EventManager : Event: ======'player_score'====== Args={'value': 65000, 'prev_value': 50000, 'change': 15000, 'player_num': 1, 'source': 'base'}
2024-06-08 00:06:56,289 : INFO : EventManager : Event: ======'video_shots_hit'====== Args={'shot': 'scanlan_shot'}
2024-06-08 00:06:56,289 : INFO : EventManager : Event: ======'video_shots_unlit_hit'====== Args={'shot': 'scanlan_shot'}
2024-06-08 00:06:56,289 : INFO : EventManager : Event: ======'score_change_4'====== Args={'value': 65000, 'prev_value': 50000, 'change': 15000, 'player_num': 1, 'source': 'base'}
2024-06-08 00:06:56,289 : INFO : EventManager : Event: ======'player_last_score'====== Args={'value': 15000, 'prev_value': 25000, 'change': -10000, 'player_num': 1, 'source': 'base'}
2024-06-08 00:06:57,230 : INFO : EventManager : Event: ======'balldevice_bd_trough_ball_eject_failed'====== Args={'target': <ball_device.bd_plunger>, 'balls': 1, 'retry': True, 'num_attempts': 18}
2024-06-08 00:06:57,230 : INFO : ball_device.bd_trough : State: waiting_for_target_ready
2024-06-08 00:06:57,230 : INFO : EventManager : Event: ======'balldevice_bd_trough_ball_eject_attempt'====== Args={'balls': 1, 'target': <ball_device.bd_plunger>, 'source': <ball_device.bd_trough>, 'mechanical_eject': True, 'num_attempts': 18}
2024-06-08 00:06:57,231 : INFO : ball_device.bd_trough : State: ejecting
2024-06-08 00:06:57,231 : INFO : ball_device.bd_trough : Ejecting ball to <ball_device.bd_plunger>
2024-06-08 00:06:57,231 : INFO : EventManager : Event: ======'balldevice_bd_trough_ejecting_ball'====== Args={'balls': 1, 'target': <ball_device.bd_plunger>, 'source': <ball_device.bd_trough>, 'mechanical_eject': True, 'num_attempts': 18}
2024-06-08 00:06:57,231 : INFO : ball_device.bd_trough : Wait for ball to leave device
2024-06-08 00:06:57,231 : INFO : coil.c_trough_eject_coil : Pulsing Driver for 15ms (1.0 pulse_power)
2024-06-08 00:06:57,448 : INFO : Machine : Shutting down...
2024-06-08 00:06:57,448 : INFO : EventManager : Event: ======'shutdown'====== Args={}
2024-06-08 00:06:57,451 : INFO : EventManager : Event: ======'mode_game_will_stop'====== Args={}
2024-06-08 00:06:57,452 : INFO : EventManager : Event: ======'mode_game_stopping'====== Args={}
2024-06-08 00:06:57,452 : INFO : EventManager : Event: ======'mode_base_will_stop'====== Args={}
2024-06-08 00:06:57,452 : INFO : EventManager : Event: ======'mode_base_stopping'====== Args={}
2024-06-08 00:06:57,452 : INFO : Mode.base : Stopped.
2024-06-08 00:06:57,452 : INFO : EventManager : Event: ======'modes_active_modes_changed'====== Args={}
2024-06-08 00:06:57,453 : INFO : EventManager : Event: ======'mode_base_stopped'====== Args={}
2024-06-08 00:06:57,453 : INFO : EventManager : Event: ======'clear'====== Args={'key': 'base'}
2024-06-08 00:06:57,453 : INFO : Mode.game : Stopped.
2024-06-08 00:06:57,453 : INFO : EventManager : Event: ======'modes_active_modes_changed'====== Args={}
2024-06-08 00:06:57,453 : INFO : EventManager : Event: ======'mode_game_stopped'====== Args={}
2024-06-08 00:06:57,453 : INFO : EventManager : Event: ======'clear'====== Args={'key': 'game'}
2024-06-08 00:06:57,455 : INFO : root : MPF run loop ended.
