2024-09-08 20:22:57,726 : INFO : root : Loading config.
2024-09-08 20:22:57,729 : INFO : YamlMultifileConfigLoader : Machine config file #1: config.yaml
2024-09-08 20:22:57,730 : DEBUG : ConfigProcessor : Cache file not found: C:\Users\ADMINI~1\AppData\Local\Temp\d1d13b71f03ff6cb7b42d9c6bb8e160f.mpf_cache
2024-09-08 20:22:57,730 : INFO : ConfigProcessor : Loading config from file C:\Users\Administrator\AppData\Local\Programs\Python\Python310\lib\site-packages\mpf\mpfconfig.yaml.
2024-09-08 20:22:57,730 : DEBUG : YAML File Interface : Loading file: C:\Users\Administrator\AppData\Local\Programs\Python\Python310\lib\site-packages\mpf\mpfconfig.yaml
2024-09-08 20:22:57,745 : INFO : ConfigProcessor : Loading config: C:\Users\Administrator\AppData\Local\Programs\Python\Python310\lib\site-packages\mpf\mpfconfig.yaml
2024-09-08 20:22:57,746 : INFO : ConfigProcessor : Loading config from file C:\Users\Administrator\Documents\fast_homebrew_godot\config\config.yaml.
2024-09-08 20:22:57,746 : DEBUG : YAML File Interface : Loading file: C:\Users\Administrator\Documents\fast_homebrew_godot\config\config.yaml
2024-09-08 20:22:57,749 : INFO : ConfigProcessor : Loading config: C:\Users\Administrator\Documents\fast_homebrew_godot\config\config.yaml
2024-09-08 20:22:57,749 : DEBUG : YAML File Interface : Loading file: C:\Users\Administrator\Documents\fast_homebrew_godot\config\lights.yaml
2024-09-08 20:22:57,750 : INFO : ConfigProcessor : Loading config: C:\Users\Administrator\Documents\fast_homebrew_godot\config\lights.yaml
2024-09-08 20:22:57,750 : DEBUG : YAML File Interface : Loading file: C:\Users\Administrator\Documents\fast_homebrew_godot\config\coils.yaml
2024-09-08 20:22:57,751 : INFO : ConfigProcessor : Loading config: C:\Users\Administrator\Documents\fast_homebrew_godot\config\coils.yaml
2024-09-08 20:22:57,751 : DEBUG : YAML File Interface : Loading file: C:\Users\Administrator\Documents\fast_homebrew_godot\config\switches.yaml
2024-09-08 20:22:57,752 : INFO : ConfigProcessor : Loading config: C:\Users\Administrator\Documents\fast_homebrew_godot\config\switches.yaml
2024-09-08 20:22:57,753 : DEBUG : YAML File Interface : Loading file: C:\Users\Administrator\Documents\fast_homebrew_godot\config\sounds.yaml
2024-09-08 20:22:57,753 : DEBUG : YAML File Interface : Loading file: C:\Users\Administrator\Documents\fast_homebrew_godot\config\images.yaml
2024-09-08 20:22:57,754 : INFO : ConfigProcessor : Loading config: C:\Users\Administrator\Documents\fast_homebrew_godot\config\images.yaml
2024-09-08 20:22:57,754 : DEBUG : YAML File Interface : Loading file: C:\Users\Administrator\Documents\fast_homebrew_godot\config\videos.yaml
2024-09-08 20:22:57,755 : INFO : ConfigProcessor : Loading config: C:\Users\Administrator\Documents\fast_homebrew_godot\config\videos.yaml
2024-09-08 20:22:57,757 : INFO : ConfigProcessor : Config file cache created: C:\Users\ADMINI~1\AppData\Local\Temp\d1d13b71f03ff6cb7b42d9c6bb8e160f.mpf_cache
2024-09-08 20:22:57,882 : DEBUG : YamlMultifileConfigLoader : Loading mode attract from C:\Users\Administrator\AppData\Local\Programs\Python\Python310\lib\site-packages\mpf\modes\attract\config\attract.yaml
2024-09-08 20:22:57,882 : DEBUG : YamlMultifileConfigLoader : Loading mode attract from C:\Users\Administrator\AppData\Local\Programs\Python\Python310\lib\site-packages\mpf\modes\attract\config\attract.yaml
2024-09-08 20:22:57,882 : DEBUG : ConfigProcessor : Cache file not found: C:\Users\ADMINI~1\AppData\Local\Temp\baa68abd602a2a90f66edd8e37c874c7.mpf_cache
2024-09-08 20:22:57,883 : INFO : ConfigProcessor : Loading config from file C:\Users\Administrator\AppData\Local\Programs\Python\Python310\lib\site-packages\mpf\modes\attract\config\attract.yaml.
2024-09-08 20:22:57,883 : DEBUG : YAML File Interface : Loading file: C:\Users\Administrator\AppData\Local\Programs\Python\Python310\lib\site-packages\mpf\modes\attract\config\attract.yaml
2024-09-08 20:22:57,884 : INFO : ConfigProcessor : Loading config: C:\Users\Administrator\AppData\Local\Programs\Python\Python310\lib\site-packages\mpf\modes\attract\config\attract.yaml
2024-09-08 20:22:57,884 : INFO : ConfigProcessor : Loading config from file C:\Users\Administrator\Documents\fast_homebrew_godot\modes\attract\config\attract.yaml.
2024-09-08 20:22:57,884 : DEBUG : YAML File Interface : Loading file: C:\Users\Administrator\Documents\fast_homebrew_godot\modes\attract\config\attract.yaml
2024-09-08 20:22:57,885 : INFO : ConfigProcessor : Loading config: C:\Users\Administrator\Documents\fast_homebrew_godot\modes\attract\config\attract.yaml
2024-09-08 20:22:57,886 : INFO : ConfigProcessor : Config file cache created: C:\Users\ADMINI~1\AppData\Local\Temp\baa68abd602a2a90f66edd8e37c874c7.mpf_cache
2024-09-08 20:22:57,886 : DEBUG : YamlMultifileConfigLoader : Loading mode game from C:\Users\Administrator\AppData\Local\Programs\Python\Python310\lib\site-packages\mpf\modes\game\config\game.yaml
2024-09-08 20:22:57,887 : INFO : ConfigProcessor : Loading config from cache: C:\Users\ADMINI~1\AppData\Local\Temp\f48eab4eba32ca9097b4976f8036bfbf.mpf_cache
2024-09-08 20:22:57,888 : DEBUG : YamlMultifileConfigLoader : Loading mode base from C:\Users\Administrator\AppData\Local\Programs\Python\Python310\lib\site-packages\mpf\modes\base\config\base.yaml
2024-09-08 20:22:57,888 : DEBUG : ConfigProcessor : Cache file not found: C:\Users\ADMINI~1\AppData\Local\Temp\20d8a08f313923c863e280a74de3cd75.mpf_cache
2024-09-08 20:22:57,889 : INFO : ConfigProcessor : Loading config from file C:\Users\Administrator\Documents\fast_homebrew_godot\modes\base\config\base.yaml.
2024-09-08 20:22:57,889 : DEBUG : YAML File Interface : Loading file: C:\Users\Administrator\Documents\fast_homebrew_godot\modes\base\config\base.yaml
2024-09-08 20:22:57,890 : INFO : ConfigProcessor : Loading config: C:\Users\Administrator\Documents\fast_homebrew_godot\modes\base\config\base.yaml
2024-09-08 20:22:57,891 : INFO : ConfigProcessor : Config file cache created: C:\Users\ADMINI~1\AppData\Local\Temp\20d8a08f313923c863e280a74de3cd75.mpf_cache
2024-09-08 20:22:57,891 : DEBUG : YamlMultifileConfigLoader : Loading mode attract from C:\Users\Administrator\AppData\Local\Programs\Python\Python310\lib\site-packages\mpf\modes\attract\config\attract.yaml
2024-09-08 20:22:57,892 : DEBUG : YamlMultifileConfigLoader : Loading mode attract from C:\Users\Administrator\AppData\Local\Programs\Python\Python310\lib\site-packages\mpf\modes\attract\config\attract.yaml
2024-09-08 20:22:57,892 : INFO : ConfigProcessor : Loading config from cache: C:\Users\ADMINI~1\AppData\Local\Temp\baa68abd602a2a90f66edd8e37c874c7.mpf_cache
2024-09-08 20:22:57,894 : INFO : Machine : Mission Pinball Framework Core Engine v0.80.0.dev4
2024-09-08 20:22:57,894 : INFO : Machine : Command line arguments: {'no_load_cache': False, 'create_config_cache': True, 'bcp': True, 'configfile': ['config.yaml'], 'force_assets_load': False, 'platform_integration_test': False, 'jsonlogging': False, 'logfile': 'logs\\2024-09-08-20-22-57-mpf-WIN-0MLVBKI9D6P.log', 'pause': False, 'production': False, 'text_ui': True, 'loglevel': 10, 'consoleloglevel': 10, 'force_platform': 'virtual', 'syslog_address': None, 'mc_file_name': None, 'no_sound': False, 'full_logfile_path': 'C:\\Users\\Administrator\\Documents\\fast_homebrew_godot\\logs\\2024-09-08-20-22-57-mpf-WIN-0MLVBKI9D6P.log'}
2024-09-08 20:22:57,894 : INFO : Machine : MPF path: C:\Users\Administrator\AppData\Local\Programs\Python\Python310\lib\site-packages\mpf
2024-09-08 20:22:57,894 : INFO : Machine : Machine path: C:\Users\Administrator\Documents\fast_homebrew_godot
2024-09-08 20:22:57,894 : INFO : Machine : Platform: win32
2024-09-08 20:22:57,894 : INFO : Machine : Python executable location: C:\Users\Administrator\AppData\Local\Programs\Python\Python310\python.exe
2024-09-08 20:22:57,894 : INFO : Machine : Python version: 3.10.11 (64-bit)
2024-09-08 20:22:57,896 : DEBUG : asyncio : Using proactor: IocpProactor
2024-09-08 20:22:57,898 : INFO : Machine : Initializing MPF...
2024-09-08 20:22:57,907 : DEBUG : Virtual Platform : Configuring virtual hardware interface.
2024-09-08 20:22:57,988 : DEBUG : asciimatics.widgets.layout : Updating: None
2024-09-08 20:22:57,989 : DEBUG : asciimatics.widgets.layout : Updating: None
2024-09-08 20:22:57,989 : DEBUG : asciimatics.widgets.layout : Updating: None
2024-09-08 20:22:57,989 : DEBUG : asciimatics.widgets.layout : Updating: None
2024-09-08 20:22:57,989 : DEBUG : asciimatics.widgets.layout : Updating: None
2024-09-08 20:22:57,989 : DEBUG : asciimatics.widgets.layout : Updating: None
2024-09-08 20:22:57,989 : DEBUG : asciimatics.widgets.layout : Updating: None
2024-09-08 20:22:57,989 : DEBUG : asciimatics.widgets.layout : Updating: None
2024-09-08 20:22:57,989 : DEBUG : asciimatics.widgets.layout : Updating: None
2024-09-08 20:22:57,990 : DEBUG : asciimatics.widgets.layout : Updating: None
2024-09-08 20:22:57,990 : DEBUG : asciimatics.widgets.layout : Updating: None
2024-09-08 20:22:57,990 : DEBUG : asciimatics.widgets.layout : Updating: None
2024-09-08 20:22:57,990 : DEBUG : asciimatics.widgets.widget : Widget blur: <asciimatics.widgets.label.Label object at 0x000001CDCA4468E0>
2024-09-08 20:22:57,991 : DEBUG : asciimatics.widgets.widget : Widget blur: <asciimatics.widgets.label.Label object at 0x000001CDCA5B6E90>
2024-09-08 20:22:57,991 : DEBUG : asciimatics.widgets.widget : Widget blur: <asciimatics.widgets.label.Label object at 0x000001CDCA5B6CF0>
2024-09-08 20:22:57,991 : DEBUG : asciimatics.widgets.layout : Blur: <asciimatics.widgets.layout.Layout object at 0x000001CDCA809F00>
2024-09-08 20:22:57,991 : DEBUG : asciimatics.widgets.layout : Blur: <mpf.core.text_ui.MpfLayout object at 0x000001CDCA801070>
2024-09-08 20:22:57,991 : DEBUG : asciimatics.widgets.layout : Updating: None
2024-09-08 20:22:57,991 : DEBUG : asciimatics.widgets.layout : Updating: None
2024-09-08 20:22:57,991 : DEBUG : asciimatics.widgets.layout : Updating: None
2024-09-08 20:22:57,991 : DEBUG : asciimatics.widgets.layout : Updating: None
2024-09-08 20:22:57,991 : DEBUG : asciimatics.widgets.layout : Updating: None
2024-09-08 20:22:57,991 : DEBUG : asciimatics.widgets.layout : Updating: None
2024-09-08 20:22:57,991 : DEBUG : asciimatics.widgets.widget : Widget blur: <asciimatics.widgets.label.Label object at 0x000001CDCA5B72A0>
2024-09-08 20:22:57,991 : DEBUG : asciimatics.widgets.widget : Widget blur: <asciimatics.widgets.label.Label object at 0x000001CDCA5B71D0>
2024-09-08 20:22:57,991 : DEBUG : asciimatics.widgets.widget : Widget blur: <asciimatics.widgets.label.Label object at 0x000001CDCA5B7370>
2024-09-08 20:22:57,991 : DEBUG : asciimatics.widgets.widget : Widget blur: <asciimatics.widgets.label.Label object at 0x000001CDCA5B7100>
2024-09-08 20:22:57,991 : DEBUG : asciimatics.widgets.widget : Widget blur: <asciimatics.widgets.label.Label object at 0x000001CDCA5B7030>
2024-09-08 20:22:57,991 : DEBUG : asciimatics.widgets.widget : Widget blur: <asciimatics.widgets.label.Label object at 0x000001CDCA5B6F60>
2024-09-08 20:22:57,991 : DEBUG : asciimatics.widgets.layout : Blur: <asciimatics.widgets.layout.Layout object at 0x000001CDCA809FC0>
2024-09-08 20:22:57,992 : DEBUG : asciimatics.widgets.layout : Focus: <asciimatics.widgets.layout.Layout object at 0x000001CDCA809F00>
2024-09-08 20:22:57,992 : DEBUG : asciimatics.widgets.layout : Focus: <mpf.core.text_ui.MpfLayout object at 0x000001CDCA801070>
2024-09-08 20:22:57,992 : DEBUG : asciimatics.widgets.layout : Focus: <asciimatics.widgets.layout.Layout object at 0x000001CDCA809FC0>
2024-09-08 20:22:57,992 : DEBUG : asciimatics.widgets.frame : Cloning: Test
2024-09-08 20:22:57,992 : DEBUG : asciimatics.widgets.layout : Updating: None
2024-09-08 20:22:57,992 : DEBUG : asciimatics.widgets.layout : Updating: None
2024-09-08 20:22:57,992 : DEBUG : asciimatics.widgets.layout : Updating: None
2024-09-08 20:22:57,992 : DEBUG : asciimatics.widgets.layout : Updating: None
2024-09-08 20:22:57,992 : DEBUG : asciimatics.widgets.layout : Updating: None
2024-09-08 20:22:57,992 : DEBUG : asciimatics.widgets.layout : Updating: None
2024-09-08 20:22:57,992 : DEBUG : asciimatics.widgets.layout : Updating: None
2024-09-08 20:22:57,992 : DEBUG : asciimatics.widgets.layout : Updating: None
2024-09-08 20:22:57,992 : DEBUG : asciimatics.widgets.layout : Updating: None
2024-09-08 20:22:57,992 : DEBUG : asciimatics.widgets.layout : Updating: None
2024-09-08 20:22:57,992 : DEBUG : asciimatics.widgets.layout : Updating: None
2024-09-08 20:22:57,992 : DEBUG : asciimatics.widgets.layout : Updating: None
2024-09-08 20:22:57,992 : DEBUG : asciimatics.widgets.layout : Updating: None
2024-09-08 20:22:57,993 : DEBUG : asciimatics.widgets.layout : Updating: None
2024-09-08 20:22:57,993 : DEBUG : asciimatics.widgets.layout : Updating: None
2024-09-08 20:22:57,993 : DEBUG : asciimatics.widgets.layout : Updating: None
2024-09-08 20:22:57,993 : DEBUG : asciimatics.widgets.layout : Updating: None
2024-09-08 20:22:57,993 : DEBUG : asciimatics.widgets.layout : Updating: None
2024-09-08 20:22:57,994 : DEBUG : asciimatics.screen : Processing key: d
2024-09-08 20:22:58,160 : INFO : EventManager : Event: ======'machine_var_credits_string'====== Args={'value': 'FREE PLAY', 'prev_value': None, 'change': True}
2024-09-08 20:22:58,188 : DEBUG : YAML File Interface : Loading file: C:\Users\Administrator\Documents\fast_homebrew_godot\data/machine_vars.yaml
2024-09-08 20:22:58,189 : INFO : EventManager : Event: ======'machine_var_master_volume'====== Args={'value': 0.5, 'prev_value': None, 'change': True}
2024-09-08 20:22:58,189 : INFO : EventManager : Event: ======'machine_var_mpf_version'====== Args={'value': 'Mission Pinball Framework v0.80.0.dev4', 'prev_value': None, 'change': True}
2024-09-08 20:22:58,189 : INFO : EventManager : Event: ======'machine_var_mpf_extended_version'====== Args={'value': 'Mission Pinball Framework v0.80.0.dev4, Config version:6, Show version: 6, BCP version:1.1', 'prev_value': None, 'change': True}
2024-09-08 20:22:58,190 : INFO : EventManager : Event: ======'machine_var_python_version'====== Args={'value': '3.10.11', 'prev_value': None, 'change': True}
2024-09-08 20:22:58,217 : INFO : EventManager : Event: ======'machine_var_platform'====== Args={'value': 'Windows-10-10.0.22631-SP0', 'prev_value': None, 'change': True}
2024-09-08 20:22:58,217 : INFO : EventManager : Event: ======'machine_var_platform_system'====== Args={'value': 'Windows', 'prev_value': None, 'change': True}
2024-09-08 20:22:58,217 : INFO : EventManager : Event: ======'machine_var_platform_release'====== Args={'value': '10', 'prev_value': None, 'change': True}
2024-09-08 20:22:58,217 : INFO : EventManager : Event: ======'machine_var_platform_version'====== Args={'value': '10.0.22631', 'prev_value': None, 'change': True}
2024-09-08 20:22:58,217 : INFO : EventManager : Event: ======'machine_var_platform_machine'====== Args={'value': 'AMD64', 'prev_value': None, 'change': True}
2024-09-08 20:22:58,217 : INFO : EventManager : Event: ======'machine_var_log_file_path'====== Args={'value': 'C:\\Users\\Administrator\\Documents\\fast_homebrew_godot\\logs\\2024-09-08-20-22-57-mpf-WIN-0MLVBKI9D6P.log', 'prev_value': None, 'change': True}
2024-09-08 20:22:58,218 : INFO : EventManager : Event: ======'init_phase_1'====== Args={}
2024-09-08 20:22:58,222 : DEBUG : ModeController : Loaded mode attract
2024-09-08 20:22:58,223 : DEBUG : ModeController : Loaded mode base
2024-09-08 20:22:58,227 : DEBUG : ModeController : Loaded mode game
2024-09-08 20:22:58,229 : ERROR : asyncio : Exception in callback EventManager._async_handler_done(<QueuedEvent>)(<Task finishe...our config.')>) at C:\Users\Administrator\AppData\Local\Programs\Python\Python310\lib\site-packages\mpf\core\events.py:124
handle: <Handle EventManager._async_handler_done(<QueuedEvent>)(<Task finishe...our config.')>) at C:\Users\Administrator\AppData\Local\Programs\Python\Python310\lib\site-packages\mpf\core\events.py:124>
Traceback (most recent call last):
  File "C:\Users\Administrator\AppData\Local\Programs\Python\Python310\lib\asyncio\events.py", line 80, in _run
    self._context.run(self._callback, *self._args)
  File "C:\Users\Administrator\AppData\Local\Programs\Python\Python310\lib\site-packages\mpf\core\events.py", line 127, in _async_handler_done
    future.result()
  File "C:\Users\Administrator\AppData\Local\Programs\Python\Python310\lib\site-packages\mpf\core\device_manager.py", line 88, in _load_device_modules
    self.load_devices_config(validate=True)
  File "C:\Users\Administrator\AppData\Local\Programs\Python\Python310\lib\site-packages\mpf\core\device_manager.py", line 146, in load_devices_config
    config[device_name] = collection[device_name].validate_and_parse_config(config[device_name], False)
  File "C:\Users\Administrator\AppData\Local\Programs\Python\Python310\lib\site-packages\mpf\devices\switch.py", line 89, in validate_and_parse_config
    config = super().validate_and_parse_config(config, is_mode_config, debug_prefix)
  File "C:\Users\Administrator\AppData\Local\Programs\Python\Python310\lib\site-packages\mpf\core\device.py", line 108, in validate_and_parse_config
    self.machine.config_validator.validate_config(
  File "C:\Users\Administrator\AppData\Local\Programs\Python\Python310\lib\site-packages\mpf\core\config_validator.py", line 164, in validate_config
    return self._validate_config(config_spec, source, base_spec=base_spec, add_missing_keys=add_missing_keys,
  File "C:\Users\Administrator\AppData\Local\Programs\Python\Python310\lib\site-packages\mpf\core\config_validator.py", line 214, in _validate_config
    processed_config[k] = self.validate_config_item(
  File "C:\Users\Administrator\AppData\Local\Programs\Python\Python310\lib\site-packages\mpf\core\config_validator.py", line 243, in validate_config_item
    return self.validate_item(item, validation, validation_failure_info)
  File "C:\Users\Administrator\AppData\Local\Programs\Python\Python310\lib\site-packages\mpf\core\config_validator.py", line 699, in validate_item
    return self.validator_list[validator](item, validation_failure_info=validation_failure_info, param=param)
  File "C:\Users\Administrator\AppData\Local\Programs\Python\Python310\lib\site-packages\mpf\core\config_validator.py", line 413, in _validate_type_machine
    raise self.validation_error(item, validation_failure_info,
mpf.exceptions.config_file_error.ConfigFileError: Config File Error in ConfigValidator: Config validation error: Entry switches:s_right_flipper:playfield = "playfield" is not valid. Device "playfield" not found in "playfields:" section in your config. Error Code: CFE-ConfigValidator-6 (https://missionpinball.org/logs)
2024-09-08 20:22:58,234 : INFO : Machine : Starting the main run loop.
2024-09-08 20:22:58,235 : INFO : Machine : Shutting down...
2024-09-08 20:22:58,236 : INFO : EventManager : Event: ======'shutdown'====== Args={}
2024-09-08 20:22:58,236 : ERROR : root : 'NoneType' object has no attribute 'stop'
Traceback (most recent call last):
  File "C:\Users\Administrator\AppData\Local\Programs\Python\Python310\lib\site-packages\mpf\commands\game.py", line 240, in __init__
    self.machine.run()
  File "C:\Users\Administrator\AppData\Local\Programs\Python\Python310\lib\site-packages\mpf\core\machine.py", line 689, in run
    self._run_loop()
  File "C:\Users\Administrator\AppData\Local\Programs\Python\Python310\lib\site-packages\mpf\core\machine.py", line 789, in _run_loop
    self._crash_shutdown()
  File "C:\Users\Administrator\AppData\Local\Programs\Python\Python310\lib\site-packages\mpf\core\machine.py", line 734, in _crash_shutdown
    self._do_stop()
  File "C:\Users\Administrator\AppData\Local\Programs\Python\Python310\lib\site-packages\mpf\core\machine.py", line 725, in _do_stop
    self.shutdown()
  File "C:\Users\Administrator\AppData\Local\Programs\Python\Python310\lib\site-packages\mpf\core\machine.py", line 754, in shutdown
    self.device_manager.stop_devices()
  File "C:\Users\Administrator\AppData\Local\Programs\Python\Python310\lib\site-packages\mpf\core\device_manager.py", line 99, in stop_devices
    device.stop_device()
  File "C:\Users\Administrator\AppData\Local\Programs\Python\Python310\lib\site-packages\mpf\devices\stepper.py", line 179, in stop_device
    self.hw_stepper.stop()
AttributeError: 'NoneType' object has no attribute 'stop'
