2024-05-12 00:27:53,594 : INFO : root : Loading config.
2024-05-12 00:27:53,596 : INFO : YamlMultifileConfigLoader : Machine config file #1: config.yaml
2024-05-12 00:27:53,596 : INFO : ConfigProcessor : Loading config from cache: C:\Users\octo\AppData\Local\Temp\1d0904511285da59b68333680e0b91d2.mpf_cache
2024-05-12 00:27:53,635 : INFO : ConfigProcessor : Loading config from cache: C:\Users\octo\AppData\Local\Temp\cd157f4be5c4430bfa418abc82c784ba.mpf_cache
2024-05-12 00:27:53,635 : INFO : ConfigProcessor : Loading config from cache: C:\Users\octo\AppData\Local\Temp\9a6ef7720776890324b2b6aefbdb5076.mpf_cache
2024-05-12 00:27:53,636 : INFO : ConfigProcessor : Loading config from cache: C:\Users\octo\AppData\Local\Temp\e87c946bbd0a2e05a931f281fca6458e.mpf_cache
2024-05-12 00:27:53,636 : INFO : ConfigProcessor : Loading config from cache: C:\Users\octo\AppData\Local\Temp\cd157f4be5c4430bfa418abc82c784ba.mpf_cache
2024-05-12 00:27:53,636 : INFO : ConfigProcessor : Loading config from cache: C:\Users\octo\AppData\Local\Temp\da852937ccb56145866cf54922bc01f8.mpf_cache
2024-05-12 00:27:53,637 : INFO : Machine : Mission Pinball Framework Core Engine v0.80.0.dev1
2024-05-12 00:27:53,637 : INFO : Machine : Command line arguments: {'no_load_cache': False, 'create_config_cache': True, 'bcp': True, 'configfile': ['config.yaml'], 'force_assets_load': False, 'platform_integration_test': False, 'jsonlogging': False, 'logfile': 'logs\\2024-05-12-00-27-53-mpf-DESKTOP-BQT92E0.log', 'pause': False, 'production': False, 'text_ui': True, 'loglevel': 15, 'consoleloglevel': 20, 'force_platform': 'virtual', 'syslog_address': None, 'mc_file_name': None, 'no_sound': False}
2024-05-12 00:27:53,637 : INFO : Machine : MPF path: c:\git\new folder (3)\mpf\mpf
2024-05-12 00:27:53,637 : INFO : Machine : Machine path: C:\Users\octo\Downloads\homebrew
2024-05-12 00:27:53,637 : INFO : Machine : Platform: win32
2024-05-12 00:27:53,637 : INFO : Machine : Python executable location: C:\Users\octo\AppData\Local\Programs\Python\Python310\python.exe
2024-05-12 00:27:53,637 : INFO : Machine : Python version: 3.10.0 (64-bit)
2024-05-12 00:27:53,638 : INFO : Machine : Initializing MPF...
2024-05-12 00:27:53,744 : INFO : EventManager : Event: ======'machine_var_credits_string'====== Args={'value': 'FREE PLAY', 'prev_value': None, 'change': True}
2024-05-12 00:27:53,753 : INFO : EventManager : Event: ======'machine_var_master_volume'====== Args={'value': 0.5, 'prev_value': None, 'change': True}
2024-05-12 00:27:53,753 : INFO : EventManager : Event: ======'machine_var_mpf_version'====== Args={'value': 'Mission Pinball Framework v0.80.0.dev1', 'prev_value': None, 'change': True}
2024-05-12 00:27:53,753 : INFO : EventManager : Event: ======'machine_var_mpf_extended_version'====== Args={'value': 'Mission Pinball Framework v0.80.0.dev1, Config version:6, Show version: 6, BCP version:1.1', 'prev_value': None, 'change': True}
2024-05-12 00:27:53,753 : INFO : EventManager : Event: ======'machine_var_python_version'====== Args={'value': '3.10.0', 'prev_value': None, 'change': True}
2024-05-12 00:27:53,759 : INFO : EventManager : Event: ======'machine_var_platform'====== Args={'value': 'Windows-10-10.0.19045-SP0', 'prev_value': None, 'change': True}
2024-05-12 00:27:53,759 : INFO : EventManager : Event: ======'machine_var_platform_system'====== Args={'value': 'Windows', 'prev_value': None, 'change': True}
2024-05-12 00:27:53,759 : INFO : EventManager : Event: ======'machine_var_platform_release'====== Args={'value': '10', 'prev_value': None, 'change': True}
2024-05-12 00:27:53,759 : INFO : EventManager : Event: ======'machine_var_platform_version'====== Args={'value': '10.0.19045', 'prev_value': None, 'change': True}
2024-05-12 00:27:53,759 : INFO : EventManager : Event: ======'machine_var_platform_machine'====== Args={'value': 'AMD64', 'prev_value': None, 'change': True}
2024-05-12 00:27:53,759 : INFO : EventManager : Event: ======'init_phase_1'====== Args={}
2024-05-12 00:27:53,768 : INFO : EventManager : Event: ======'init_phase_2'====== Args={}
2024-05-12 00:27:53,770 : INFO : EventManager : Event: ======'bcp_connection_attempt'====== Args={'name': 'local_display', 'host': 'localhost', 'port': 5050}
2024-05-12 00:27:53,771 : INFO : BCPClientSocket : Connecting BCP to 'local_display' at localhost:5050...
2024-05-12 00:27:53,775 : INFO : BCPClientSocket : Connected BCP to 'local_display' localhost:5050
2024-05-12 00:27:53,775 : INFO : EventManager : Event: ======'bcp_clients_connected'====== Args={}
2024-05-12 00:27:53,845 : INFO : ball_device.bd_trough : BCH: Initial count: 0
2024-05-12 00:27:53,845 : INFO : ball_device.bd_trough : State: idle
2024-05-12 00:27:53,845 : INFO : ball_device.bd_plunger : BCH: Initial count: 0
2024-05-12 00:27:53,845 : INFO : ball_device.bd_plunger : State: idle
2024-05-12 00:27:53,854 : INFO : EventManager : Event: ======'init_phase_3'====== Args={}
2024-05-12 00:27:53,855 : INFO : EventManager : Event: ======'init_phase_4'====== Args={}
2024-05-12 00:27:53,855 : INFO : BallController : Initial balls found: 0
2024-05-12 00:27:53,856 : INFO : EventManager : Event: ======'machine_var_audits_events_game_ended'====== Args={'value': 0, 'prev_value': None, 'change': True}
2024-05-12 00:27:53,856 : INFO : EventManager : Event: ======'machine_var_audits_events_game_started'====== Args={'value': 164, 'prev_value': None, 'change': True}
2024-05-12 00:27:53,856 : INFO : EventManager : Event: ======'machine_var_audits_missing_switches_s_left_flipper'====== Args={'value': 138, 'prev_value': None, 'change': True}
2024-05-12 00:27:53,856 : INFO : EventManager : Event: ======'machine_var_audits_missing_switches_s_left_flipper_eos'====== Args={'value': 138, 'prev_value': None, 'change': True}
2024-05-12 00:27:53,856 : INFO : EventManager : Event: ======'machine_var_audits_missing_switches_s_left_inner_lane'====== Args={'value': 138, 'prev_value': None, 'change': True}
2024-05-12 00:27:53,856 : INFO : EventManager : Event: ======'machine_var_audits_missing_switches_s_left_outer_lane'====== Args={'value': 138, 'prev_value': None, 'change': True}
2024-05-12 00:27:53,856 : INFO : EventManager : Event: ======'machine_var_audits_missing_switches_s_left_sling'====== Args={'value': 138, 'prev_value': None, 'change': True}
2024-05-12 00:27:53,856 : INFO : EventManager : Event: ======'machine_var_audits_missing_switches_s_mead'====== Args={'value': 48, 'prev_value': None, 'change': True}
2024-05-12 00:27:53,856 : INFO : EventManager : Event: ======'machine_var_audits_missing_switches_s_plunger'====== Args={'value': 138, 'prev_value': None, 'change': True}
2024-05-12 00:27:53,856 : INFO : EventManager : Event: ======'machine_var_audits_missing_switches_s_pop_bumper_1'====== Args={'value': 138, 'prev_value': None, 'change': True}
2024-05-12 00:27:53,856 : INFO : EventManager : Event: ======'machine_var_audits_missing_switches_s_pop_bumper_2'====== Args={'value': 138, 'prev_value': None, 'change': True}
2024-05-12 00:27:53,856 : INFO : EventManager : Event: ======'machine_var_audits_missing_switches_s_pop_bumper_3'====== Args={'value': 138, 'prev_value': None, 'change': True}
2024-05-12 00:27:53,856 : INFO : EventManager : Event: ======'machine_var_audits_missing_switches_s_right_flipper'====== Args={'value': 138, 'prev_value': None, 'change': True}
2024-05-12 00:27:53,856 : INFO : EventManager : Event: ======'machine_var_audits_missing_switches_s_right_flipper_eos'====== Args={'value': 138, 'prev_value': None, 'change': True}
2024-05-12 00:27:53,856 : INFO : EventManager : Event: ======'machine_var_audits_missing_switches_s_right_inner_lane'====== Args={'value': 138, 'prev_value': None, 'change': True}
2024-05-12 00:27:53,856 : INFO : EventManager : Event: ======'machine_var_audits_missing_switches_s_right_outer_lane'====== Args={'value': 138, 'prev_value': None, 'change': True}
2024-05-12 00:27:53,856 : INFO : EventManager : Event: ======'machine_var_audits_missing_switches_s_right_sling'====== Args={'value': 138, 'prev_value': None, 'change': True}
2024-05-12 00:27:53,856 : INFO : EventManager : Event: ======'machine_var_audits_missing_switches_s_start'====== Args={'value': 11, 'prev_value': None, 'change': True}
2024-05-12 00:27:53,856 : INFO : EventManager : Event: ======'machine_var_audits_missing_switches_s_trough_ball_1'====== Args={'value': 138, 'prev_value': None, 'change': True}
2024-05-12 00:27:53,856 : INFO : EventManager : Event: ======'machine_var_audits_missing_switches_s_trough_ball_2'====== Args={'value': 138, 'prev_value': None, 'change': True}
2024-05-12 00:27:53,857 : INFO : EventManager : Event: ======'machine_var_audits_missing_switches_s_trough_ball_3'====== Args={'value': 138, 'prev_value': None, 'change': True}
2024-05-12 00:27:53,857 : INFO : EventManager : Event: ======'machine_var_audits_missing_switches_s_trough_ball_4'====== Args={'value': 138, 'prev_value': None, 'change': True}
2024-05-12 00:27:53,857 : INFO : EventManager : Event: ======'machine_var_audits_missing_switches_s_trough_ball_5'====== Args={'value': 138, 'prev_value': None, 'change': True}
2024-05-12 00:27:53,857 : INFO : EventManager : Event: ======'machine_var_audits_missing_switches_s_trough_ball_6'====== Args={'value': 89, 'prev_value': None, 'change': True}
2024-05-12 00:27:53,857 : INFO : EventManager : Event: ======'machine_var_audits_missing_switches_s_trough_ball_jam'====== Args={'value': 138, 'prev_value': None, 'change': True}
2024-05-12 00:27:53,857 : INFO : EventManager : Event: ======'machine_var_audits_player_score'====== Args={'value': {'average': 0, 'top': [], 'total': 0}, 'prev_value': None, 'change': True}
2024-05-12 00:27:53,857 : INFO : EventManager : Event: ======'machine_var_audits_switches_s_auto_launcher'====== Args={'value': 0, 'prev_value': None, 'change': True}
2024-05-12 00:27:53,857 : INFO : EventManager : Event: ======'machine_var_audits_switches_s_ball_drain'====== Args={'value': 0, 'prev_value': None, 'change': True}
2024-05-12 00:27:53,857 : INFO : EventManager : Event: ======'machine_var_audits_switches_s_left_flipper'====== Args={'value': 36, 'prev_value': None, 'change': True}
2024-05-12 00:27:53,857 : INFO : EventManager : Event: ======'machine_var_audits_switches_s_left_flipper_eos'====== Args={'value': 0, 'prev_value': None, 'change': True}
2024-05-12 00:27:53,857 : INFO : EventManager : Event: ======'machine_var_audits_switches_s_left_inner_lane'====== Args={'value': 0, 'prev_value': None, 'change': True}
2024-05-12 00:27:53,857 : INFO : EventManager : Event: ======'machine_var_audits_switches_s_left_outer_lane'====== Args={'value': 0, 'prev_value': None, 'change': True}
2024-05-12 00:27:53,857 : INFO : EventManager : Event: ======'machine_var_audits_switches_s_left_sling'====== Args={'value': 7, 'prev_value': None, 'change': True}
2024-05-12 00:27:53,857 : INFO : EventManager : Event: ======'machine_var_audits_switches_s_mead'====== Args={'value': 0, 'prev_value': None, 'change': True}
2024-05-12 00:27:53,857 : INFO : EventManager : Event: ======'machine_var_audits_switches_s_plunger'====== Args={'value': 9, 'prev_value': None, 'change': True}
2024-05-12 00:27:53,857 : INFO : EventManager : Event: ======'machine_var_audits_switches_s_pop_bumper_1'====== Args={'value': 0, 'prev_value': None, 'change': True}
2024-05-12 00:27:53,857 : INFO : EventManager : Event: ======'machine_var_audits_switches_s_pop_bumper_2'====== Args={'value': 0, 'prev_value': None, 'change': True}
2024-05-12 00:27:53,858 : INFO : EventManager : Event: ======'machine_var_audits_switches_s_pop_bumper_3'====== Args={'value': 0, 'prev_value': None, 'change': True}
2024-05-12 00:27:53,858 : INFO : EventManager : Event: ======'machine_var_audits_switches_s_right_flipper'====== Args={'value': 131, 'prev_value': None, 'change': True}
2024-05-12 00:27:53,858 : INFO : EventManager : Event: ======'machine_var_audits_switches_s_right_flipper_eos'====== Args={'value': 0, 'prev_value': None, 'change': True}
2024-05-12 00:27:53,858 : INFO : EventManager : Event: ======'machine_var_audits_switches_s_right_inner_lane'====== Args={'value': 0, 'prev_value': None, 'change': True}
2024-05-12 00:27:53,858 : INFO : EventManager : Event: ======'machine_var_audits_switches_s_right_outer_lane'====== Args={'value': 0, 'prev_value': None, 'change': True}
2024-05-12 00:27:53,858 : INFO : EventManager : Event: ======'machine_var_audits_switches_s_right_sling'====== Args={'value': 3, 'prev_value': None, 'change': True}
2024-05-12 00:27:53,858 : INFO : EventManager : Event: ======'machine_var_audits_switches_s_start'====== Args={'value': 13, 'prev_value': None, 'change': True}
2024-05-12 00:27:53,858 : INFO : EventManager : Event: ======'machine_var_audits_switches_s_switch_2'====== Args={'value': 0, 'prev_value': None, 'change': True}
2024-05-12 00:27:53,858 : INFO : EventManager : Event: ======'machine_var_audits_switches_s_trough_ball_1'====== Args={'value': 4, 'prev_value': None, 'change': True}
2024-05-12 00:27:53,858 : INFO : EventManager : Event: ======'machine_var_audits_switches_s_trough_ball_2'====== Args={'value': 4, 'prev_value': None, 'change': True}
2024-05-12 00:27:53,858 : INFO : EventManager : Event: ======'machine_var_audits_switches_s_trough_ball_3'====== Args={'value': 1, 'prev_value': None, 'change': True}
2024-05-12 00:27:53,858 : INFO : EventManager : Event: ======'machine_var_audits_switches_s_trough_ball_4'====== Args={'value': 0, 'prev_value': None, 'change': True}
2024-05-12 00:27:53,858 : INFO : EventManager : Event: ======'machine_var_audits_switches_s_trough_ball_5'====== Args={'value': 0, 'prev_value': None, 'change': True}
2024-05-12 00:27:53,858 : INFO : EventManager : Event: ======'machine_var_audits_switches_s_trough_ball_6'====== Args={'value': 1, 'prev_value': None, 'change': True}
2024-05-12 00:27:53,859 : INFO : EventManager : Event: ======'machine_var_audits_switches_s_trough_ball_jam'====== Args={'value': 3, 'prev_value': None, 'change': True}
2024-05-12 00:27:53,859 : INFO : EventManager : Event: ======'machine_var_audits_switches_s_trough_eject_coil'====== Args={'value': 0, 'prev_value': None, 'change': True}
2024-05-12 00:27:53,859 : INFO : EventManager : Event: ======'init_phase_5'====== Args={}
2024-05-12 00:27:53,882 : INFO : EventManager : Event: ======'init_done'====== Args={}
2024-05-12 00:27:53,882 : INFO : EventManager : Event: ======'machine_reset_phase_1'====== Args={}
2024-05-12 00:27:53,889 : INFO : EventManager : Event: ======'machine_reset_phase_2'====== Args={}
2024-05-12 00:27:53,889 : INFO : EventManager : Event: ======'machine_reset_phase_3'====== Args={}
2024-05-12 00:27:53,889 : INFO : EventManager : Event: ======'reset_complete'====== Args={}
2024-05-12 00:27:53,889 : INFO : EventManager : Event: ======'mode_attract_will_start'====== Args={}
2024-05-12 00:27:53,889 : INFO : EventManager : Event: ======'mode_attract_starting'====== Args={}
2024-05-12 00:27:53,889 : INFO : Mode.attract : Started. Priority: 10
2024-05-12 00:27:53,889 : INFO : EventManager : Event: ======'modes_active_modes_changed'====== Args={}
2024-05-12 00:27:53,889 : INFO : EventManager : Event: ======'mode_attract_started'====== Args={}
2024-05-12 00:27:53,890 : INFO : EventManager : Event: ======'collecting_balls_complete'====== Args={}
2024-05-12 00:27:53,903 : INFO : Machine : Starting the main run loop.
2024-05-12 00:27:53,914 : INFO : EventManager : Event: ======'slide_attract_created'====== Args={'_from_bcp': True}
2024-05-12 00:27:53,915 : INFO : EventManager : Event: ======'slide__removed'====== Args={'_from_bcp': True}
2024-05-12 00:27:53,915 : INFO : EventManager : Event: ======'slide_attract_active'====== Args={'original_context': 'attract', 'original_calling_context': 'mode_attract_started', 'cmd': 'slides_play', '_from_bcp': True}
2024-05-12 00:27:58,051 : INFO : SwitchController : <<<<<<< 's_trough_ball_1' active >>>>>>>
2024-05-12 00:27:58,280 : INFO : SwitchController : <<<<<<< 's_trough_ball_2' active >>>>>>>
2024-05-12 00:27:58,495 : INFO : SwitchController : <<<<<<< 's_trough_ball_3' active >>>>>>>
2024-05-12 00:27:58,993 : INFO : EventManager : Event: ======'balldevice_bd_trough_ball_count_changed'====== Args={'balls': 3}
2024-05-12 00:27:58,993 : INFO : ball_device.bd_trough : Received unexpected ball
2024-05-12 00:27:58,993 : INFO : EventManager : Event: ======'balldevice_captured_from_playfield'====== Args={'balls': 1}
2024-05-12 00:27:58,993 : INFO : EventManager : Event: ======'sw_playfield_active'====== Args={'balls': 1}
2024-05-12 00:27:58,993 : INFO : EventManager : Event: ======'playfield_active'====== Args={}
2024-05-12 00:27:58,993 : INFO : EventManager : Event: ======'unexpected_ball_on_playfield'====== Args={}
2024-05-12 00:27:58,993 : INFO : EventManager : Event: ======'playfield_ball_count_change'====== Args={'balls': -1, 'change': -1}
2024-05-12 00:27:58,994 : INFO : EventManager : Event: ======'balldevice_playfield_ball_enter'====== Args={'new_balls': 1, 'unclaimed_balls': 1, 'device': <playfield.playfield>}
2024-05-12 00:27:58,994 : INFO : EventManager : Event: ======'playfield_ball_count_change'====== Args={'balls': 0, 'change': 1}
2024-05-12 00:27:58,994 : INFO : BallController : Found a new ball which was captured from playfield. Known balls: 1
2024-05-12 00:27:58,994 : INFO : EventManager : Event: ======'found_new_ball'====== Args={}
2024-05-12 00:27:58,994 : INFO : EventManager : Event: ======'balldevice_bd_trough_ball_enter'====== Args={'new_balls': 1, 'unclaimed_balls': 1, 'new_available_balls': 1, 'device': <ball_device.bd_trough>}
2024-05-12 00:27:58,994 : INFO : EventManager : Event: ======'ball_drain'====== Args={'device': <ball_device.bd_trough>, 'balls': 1}
2024-05-12 00:27:58,994 : INFO : EventManager : Event: ======'balldevice_balls_available'====== Args={}
2024-05-12 00:27:58,994 : INFO : EventManager : Event: ======'balldevice_bd_trough_ball_entered'====== Args={'new_balls': 1, 'device': <ball_device.bd_trough>}
2024-05-12 00:27:58,994 : INFO : ball_device.bd_trough : Received unexpected ball
2024-05-12 00:27:58,994 : INFO : EventManager : Event: ======'balldevice_captured_from_playfield'====== Args={'balls': 1}
2024-05-12 00:27:58,994 : INFO : EventManager : Event: ======'sw_playfield_active'====== Args={'balls': 1}
2024-05-12 00:27:58,994 : INFO : EventManager : Event: ======'playfield_active'====== Args={}
2024-05-12 00:27:58,994 : INFO : EventManager : Event: ======'unexpected_ball_on_playfield'====== Args={}
2024-05-12 00:27:58,994 : INFO : EventManager : Event: ======'playfield_ball_count_change'====== Args={'balls': -1, 'change': -1}
2024-05-12 00:27:58,994 : INFO : EventManager : Event: ======'balldevice_playfield_ball_enter'====== Args={'new_balls': 1, 'unclaimed_balls': 1, 'device': <playfield.playfield>}
2024-05-12 00:27:58,994 : INFO : EventManager : Event: ======'playfield_ball_count_change'====== Args={'balls': 0, 'change': 1}
2024-05-12 00:27:58,994 : INFO : BallController : Found a new ball which was captured from playfield. Known balls: 2
2024-05-12 00:27:58,995 : INFO : EventManager : Event: ======'found_new_ball'====== Args={}
2024-05-12 00:27:58,995 : INFO : EventManager : Event: ======'balldevice_bd_trough_ball_enter'====== Args={'new_balls': 1, 'unclaimed_balls': 1, 'new_available_balls': 1, 'device': <ball_device.bd_trough>}
2024-05-12 00:27:58,995 : INFO : EventManager : Event: ======'ball_drain'====== Args={'device': <ball_device.bd_trough>, 'balls': 1}
2024-05-12 00:27:58,995 : INFO : EventManager : Event: ======'balldevice_balls_available'====== Args={}
2024-05-12 00:27:58,995 : INFO : EventManager : Event: ======'balldevice_bd_trough_ball_entered'====== Args={'new_balls': 1, 'device': <ball_device.bd_trough>}
2024-05-12 00:27:58,995 : INFO : ball_device.bd_trough : Received unexpected ball
2024-05-12 00:27:58,995 : INFO : EventManager : Event: ======'balldevice_captured_from_playfield'====== Args={'balls': 1}
2024-05-12 00:27:58,995 : INFO : EventManager : Event: ======'sw_playfield_active'====== Args={'balls': 1}
2024-05-12 00:27:58,995 : INFO : EventManager : Event: ======'playfield_active'====== Args={}
2024-05-12 00:27:58,995 : INFO : EventManager : Event: ======'unexpected_ball_on_playfield'====== Args={}
2024-05-12 00:27:58,995 : INFO : EventManager : Event: ======'playfield_ball_count_change'====== Args={'balls': -1, 'change': -1}
2024-05-12 00:27:58,995 : INFO : EventManager : Event: ======'balldevice_playfield_ball_enter'====== Args={'new_balls': 1, 'unclaimed_balls': 1, 'device': <playfield.playfield>}
2024-05-12 00:27:58,995 : INFO : EventManager : Event: ======'playfield_ball_count_change'====== Args={'balls': 0, 'change': 1}
2024-05-12 00:27:58,995 : INFO : BallController : Found a new ball which was captured from playfield. Known balls: 3
2024-05-12 00:27:58,995 : INFO : EventManager : Event: ======'found_new_ball'====== Args={}
2024-05-12 00:27:58,995 : INFO : EventManager : Event: ======'balldevice_bd_trough_ball_enter'====== Args={'new_balls': 1, 'unclaimed_balls': 1, 'new_available_balls': 1, 'device': <ball_device.bd_trough>}
2024-05-12 00:27:58,995 : INFO : EventManager : Event: ======'ball_drain'====== Args={'device': <ball_device.bd_trough>, 'balls': 1}
2024-05-12 00:27:58,995 : INFO : EventManager : Event: ======'balldevice_balls_available'====== Args={}
2024-05-12 00:27:58,995 : INFO : EventManager : Event: ======'balldevice_bd_trough_ball_entered'====== Args={'new_balls': 1, 'device': <ball_device.bd_trough>}
2024-05-12 00:27:59,350 : INFO : SwitchController : <<<<<<< 's_start' active >>>>>>>
2024-05-12 00:27:59,426 : INFO : SwitchController : <<<<<<< 's_start' inactive >>>>>>>
2024-05-12 00:27:59,426 : INFO : EventManager : Event: ======'request_to_start_game'====== Args={}
2024-05-12 00:27:59,426 : INFO : EventManager : Event: ======'game_start'====== Args={'buttons': [], 'hold_time': 0.07800000000861473}
2024-05-12 00:27:59,426 : INFO : EventManager : Event: ======'mode_game_will_start'====== Args={'buttons': [], 'hold_time': 0.07800000000861473}
2024-05-12 00:27:59,426 : INFO : EventManager : Event: ======'mode_game_starting'====== Args={'buttons': [], 'hold_time': 0.07800000000861473}
2024-05-12 00:27:59,426 : INFO : EventManager : Event: ======'mode_attract_will_stop'====== Args={}
2024-05-12 00:27:59,426 : INFO : EventManager : Event: ======'mode_attract_stopping'====== Args={}
2024-05-12 00:27:59,426 : INFO : Mode.game : Started. Priority: 20
2024-05-12 00:27:59,427 : INFO : EventManager : Event: ======'modes_active_modes_changed'====== Args={}
2024-05-12 00:27:59,427 : INFO : EventManager : Event: ======'mode_game_started'====== Args={'buttons': [], 'hold_time': 0.07800000000861473}
2024-05-12 00:27:59,435 : INFO : Mode.attract : Stopped.
2024-05-12 00:27:59,435 : INFO : EventManager : Event: ======'modes_active_modes_changed'====== Args={}
2024-05-12 00:27:59,435 : INFO : EventManager : Event: ======'mode_attract_stopped'====== Args={}
2024-05-12 00:27:59,435 : INFO : EventManager : Event: ======'clear'====== Args={'key': 'attract'}
2024-05-12 00:27:59,436 : INFO : EventManager : Event: ======'game_will_start'====== Args={}
2024-05-12 00:27:59,444 : INFO : EventManager : Event: ======'game_starting'====== Args={'game': <Mode.game>}
2024-05-12 00:27:59,444 : INFO : EventManager : Unordered handler for class <Auditor> on event game_ended with priority 1. Handlers: [RegisteredHandler(callback=<bound method Auditor.disable of <Auditor>>, priority=1, kwargs={}, key=UUID('37218bc0-65f7-4514-9948-5b83da9816ff'), condition=None, blocking_facility=None), RegisteredHandler(callback=<bound method Auditor._save_audits of <Auditor>>, priority=1, kwargs={}, key=UUID('e13a6bf8-c179-4db1-9873-8594ddce91c6'), condition=None, blocking_facility=None)]. The order of those handlers is not defined and they will be executed in random order. This might lead to race conditions and potential bugs.
2024-05-12 00:27:59,444 : INFO : EventManager : Event: ======'player_add_request'====== Args={}
2024-05-12 00:27:59,444 : INFO : EventManager : Event: ======'player_will_add'====== Args={'number': 1}
2024-05-12 00:27:59,444 : INFO : EventManager : Event: ======'player_adding'====== Args={'player': <Player 1>, 'number': 1}
2024-05-12 00:27:59,444 : INFO : EventManager : Event: ======'player_added'====== Args={'player': <Player 1>, 'num': 1}
2024-05-12 00:27:59,444 : INFO : Mode.game : Player added successfully. Total players: 1
2024-05-12 00:27:59,444 : INFO : EventManager : Event: ======'player_index'====== Args={'value': 0, 'prev_value': 0, 'change': 0, 'player_num': 1}
2024-05-12 00:27:59,444 : INFO : EventManager : Event: ======'player_number'====== Args={'value': 1, 'prev_value': 1, 'change': 0, 'player_num': 1}
2024-05-12 00:27:59,444 : INFO : EventManager : Event: ======'player_score'====== Args={'value': 0, 'prev_value': 0, 'change': 0, 'player_num': 1}
2024-05-12 00:27:59,444 : INFO : EventManager : Event: ======'game_started'====== Args={}
2024-05-12 00:27:59,448 : INFO : EventManager : Event: ======'player_turn_will_start'====== Args={'player': <Player 1>, 'number': 1}
2024-05-12 00:27:59,448 : INFO : EventManager : Event: ======'player_turn_starting'====== Args={'player': <Player 1>, 'number': 1}
2024-05-12 00:27:59,448 : INFO : EventManager : Event: ======'player_ball'====== Args={'value': 1, 'prev_value': 0, 'change': 1, 'player_num': 1}
2024-05-12 00:27:59,448 : INFO : EventManager : Event: ======'player_turn_started'====== Args={'player': <Player 1>, 'number': 1}
2024-05-12 00:27:59,448 : INFO : EventManager : Event: ======'ball_will_start'====== Args={'player': 1, 'ball': 1, 'balls_remaining': 2, 'is_extra_ball': False}
2024-05-12 00:27:59,450 : INFO : EventManager : Event: ======'ball_starting'====== Args={'player': 1, 'ball': 1, 'balls_remaining': 2, 'is_extra_ball': False}
2024-05-12 00:27:59,450 : INFO : EventManager : Event: ======'balls_in_play'====== Args={'balls': 1}
2024-05-12 00:27:59,450 : INFO : EventManager : Event: ======'ball_started'====== Args={'player': 1, 'ball': 1, 'balls_remaining': 2, 'is_extra_ball': False}
2024-05-12 00:27:59,450 : INFO : EventManager : Event: ======'mode_char_select_will_start'====== Args={'player': 1, 'ball': 1, 'balls_remaining': 2, 'is_extra_ball': False}
2024-05-12 00:27:59,451 : INFO : EventManager : Event: ======'mode_char_select_starting'====== Args={'player': 1, 'ball': 1, 'balls_remaining': 2, 'is_extra_ball': False}
2024-05-12 00:27:59,451 : INFO : EventManager : Event: ======'mode_base_will_start'====== Args={'player': 1, 'ball': 1, 'balls_remaining': 2, 'is_extra_ball': False}
2024-05-12 00:27:59,452 : INFO : EventManager : Event: ======'mode_base_starting'====== Args={'player': 1, 'ball': 1, 'balls_remaining': 2, 'is_extra_ball': False}
2024-05-12 00:27:59,452 : INFO : Mode.base : Started. Priority: 100
2024-05-12 00:27:59,452 : INFO : EventManager : Event: ======'modes_active_modes_changed'====== Args={}
2024-05-12 00:27:59,452 : INFO : EventManager : Event: ======'mode_base_started'====== Args={'player': 1, 'ball': 1, 'balls_remaining': 2, 'is_extra_ball': False}
2024-05-12 00:27:59,452 : INFO : Mode.char_select : Started. Priority: 501
2024-05-12 00:27:59,452 : INFO : EventManager : Event: ======'modes_active_modes_changed'====== Args={}
2024-05-12 00:27:59,452 : INFO : EventManager : Event: ======'mode_char_select_started'====== Args={'player': 1, 'ball': 1, 'balls_remaining': 2, 'is_extra_ball': False}
2024-05-12 00:27:59,452 : INFO : EventManager : Event: ======'item_highlighted'====== Args={'carousel': 'char_select', 'direction': None, 'item': 'percy'}
2024-05-12 00:27:59,454 : INFO : EventManager : Event: ======'single_player_ball_started'====== Args={}
2024-05-12 00:27:59,465 : INFO : EventManager : Event: ======'ball_start_target'====== Args={'target': 'playfield'}
2024-05-12 00:27:59,465 : INFO : ball_device.bd_plunger : Setting up player-controlled eject. Balls: 1, Target: <playfield.playfield>, player_controlled_eject_event: None
2024-05-12 00:27:59,465 : INFO : EventManager : Event: ======'balldevice_balls_available'====== Args={}
2024-05-12 00:27:59,466 : INFO : ball_device.bd_trough : State: waiting_for_target_ready
2024-05-12 00:27:59,466 : INFO : EventManager : Event: ======'balldevice_bd_trough_ball_eject_attempt'====== Args={'balls': 1, 'target': <ball_device.bd_plunger>, 'source': <ball_device.bd_trough>, 'mechanical_eject': True, 'num_attempts': 0}
2024-05-12 00:27:59,466 : INFO : ball_device.bd_plunger : State: waiting_for_ball
2024-05-12 00:27:59,466 : INFO : ball_device.bd_trough : State: ejecting
2024-05-12 00:27:59,466 : INFO : ball_device.bd_trough : Ejecting ball to <ball_device.bd_plunger>
2024-05-12 00:27:59,466 : INFO : EventManager : Event: ======'balldevice_bd_trough_ejecting_ball'====== Args={'balls': 1, 'target': <ball_device.bd_plunger>, 'source': <ball_device.bd_trough>, 'mechanical_eject': True, 'num_attempts': 0}
2024-05-12 00:27:59,467 : INFO : ball_device.bd_trough : Wait for ball to leave device
2024-05-12 00:27:59,467 : INFO : coil.c_trough_eject_coil : Pulsing Driver for 15ms (1.0 pulse_power)
2024-05-12 00:27:59,476 : INFO : EventManager : Event: ======'slide_base_created'====== Args={'_from_bcp': True}
2024-05-12 00:27:59,477 : INFO : EventManager : Event: ======'slide_attract_inactive'====== Args={'_from_bcp': True}
2024-05-12 00:27:59,477 : INFO : EventManager : Event: ======'slide_base_active'====== Args={'original_context': 'base', 'original_calling_context': 'mode_base_started', 'cmd': 'slides_play', '_from_bcp': True}
2024-05-12 00:27:59,477 : INFO : EventManager : Event: ======'slide_attract_removed'====== Args={'_from_bcp': True}
2024-05-12 00:28:01,477 : INFO : EventManager : Event: ======'balldevice_bd_trough_ball_eject_failed'====== Args={'target': <ball_device.bd_plunger>, 'balls': 1, 'retry': True, 'num_attempts': 1}
2024-05-12 00:28:01,477 : INFO : ball_device.bd_trough : State: waiting_for_target_ready
2024-05-12 00:28:01,477 : INFO : EventManager : Event: ======'balldevice_bd_trough_ball_eject_attempt'====== Args={'balls': 1, 'target': <ball_device.bd_plunger>, 'source': <ball_device.bd_trough>, 'mechanical_eject': True, 'num_attempts': 1}
2024-05-12 00:28:01,477 : INFO : ball_device.bd_trough : State: ejecting
2024-05-12 00:28:01,477 : INFO : ball_device.bd_trough : Ejecting ball to <ball_device.bd_plunger>
2024-05-12 00:28:01,478 : INFO : EventManager : Event: ======'balldevice_bd_trough_ejecting_ball'====== Args={'balls': 1, 'target': <ball_device.bd_plunger>, 'source': <ball_device.bd_trough>, 'mechanical_eject': True, 'num_attempts': 1}
2024-05-12 00:28:01,478 : INFO : ball_device.bd_trough : Wait for ball to leave device
2024-05-12 00:28:01,478 : INFO : coil.c_trough_eject_coil : Pulsing Driver for 15ms (1.0 pulse_power)
2024-05-12 00:28:03,491 : INFO : EventManager : Event: ======'balldevice_bd_trough_ball_eject_failed'====== Args={'target': <ball_device.bd_plunger>, 'balls': 1, 'retry': True, 'num_attempts': 2}
2024-05-12 00:28:03,491 : INFO : ball_device.bd_trough : State: waiting_for_target_ready
2024-05-12 00:28:03,492 : INFO : EventManager : Event: ======'balldevice_bd_trough_ball_eject_attempt'====== Args={'balls': 1, 'target': <ball_device.bd_plunger>, 'source': <ball_device.bd_trough>, 'mechanical_eject': True, 'num_attempts': 2}
2024-05-12 00:28:03,492 : INFO : ball_device.bd_trough : State: ejecting
2024-05-12 00:28:03,492 : INFO : ball_device.bd_trough : Ejecting ball to <ball_device.bd_plunger>
2024-05-12 00:28:03,492 : INFO : EventManager : Event: ======'balldevice_bd_trough_ejecting_ball'====== Args={'balls': 1, 'target': <ball_device.bd_plunger>, 'source': <ball_device.bd_trough>, 'mechanical_eject': True, 'num_attempts': 2}
2024-05-12 00:28:03,492 : INFO : ball_device.bd_trough : Wait for ball to leave device
2024-05-12 00:28:03,493 : INFO : coil.c_trough_eject_coil : Pulsing Driver for 15ms (1.0 pulse_power)
2024-05-12 00:28:05,505 : INFO : EventManager : Event: ======'balldevice_bd_trough_ball_eject_failed'====== Args={'target': <ball_device.bd_plunger>, 'balls': 1, 'retry': True, 'num_attempts': 3}
2024-05-12 00:28:05,506 : INFO : ball_device.bd_trough : State: waiting_for_target_ready
2024-05-12 00:28:05,506 : INFO : EventManager : Event: ======'balldevice_bd_trough_ball_eject_attempt'====== Args={'balls': 1, 'target': <ball_device.bd_plunger>, 'source': <ball_device.bd_trough>, 'mechanical_eject': True, 'num_attempts': 3}
2024-05-12 00:28:05,506 : INFO : ball_device.bd_trough : State: ejecting
2024-05-12 00:28:05,506 : INFO : ball_device.bd_trough : Ejecting ball to <ball_device.bd_plunger>
2024-05-12 00:28:05,506 : INFO : EventManager : Event: ======'balldevice_bd_trough_ejecting_ball'====== Args={'balls': 1, 'target': <ball_device.bd_plunger>, 'source': <ball_device.bd_trough>, 'mechanical_eject': True, 'num_attempts': 3}
2024-05-12 00:28:05,507 : INFO : ball_device.bd_trough : Wait for ball to leave device
2024-05-12 00:28:05,507 : INFO : coil.c_trough_eject_coil : Pulsing Driver for 15ms (1.0 pulse_power)
2024-05-12 00:28:07,523 : INFO : EventManager : Event: ======'balldevice_bd_trough_ball_eject_failed'====== Args={'target': <ball_device.bd_plunger>, 'balls': 1, 'retry': True, 'num_attempts': 4}
2024-05-12 00:28:07,524 : INFO : ball_device.bd_trough : State: waiting_for_target_ready
2024-05-12 00:28:07,524 : INFO : EventManager : Event: ======'balldevice_bd_trough_ball_eject_attempt'====== Args={'balls': 1, 'target': <ball_device.bd_plunger>, 'source': <ball_device.bd_trough>, 'mechanical_eject': True, 'num_attempts': 4}
2024-05-12 00:28:07,524 : INFO : ball_device.bd_trough : State: ejecting
2024-05-12 00:28:07,524 : INFO : ball_device.bd_trough : Ejecting ball to <ball_device.bd_plunger>
2024-05-12 00:28:07,525 : INFO : EventManager : Event: ======'balldevice_bd_trough_ejecting_ball'====== Args={'balls': 1, 'target': <ball_device.bd_plunger>, 'source': <ball_device.bd_trough>, 'mechanical_eject': True, 'num_attempts': 4}
2024-05-12 00:28:07,525 : INFO : ball_device.bd_trough : Wait for ball to leave device
2024-05-12 00:28:07,525 : INFO : coil.c_trough_eject_coil : Pulsing Driver for 15ms (1.0 pulse_power)
2024-05-12 00:28:09,538 : INFO : EventManager : Event: ======'balldevice_bd_trough_ball_eject_failed'====== Args={'target': <ball_device.bd_plunger>, 'balls': 1, 'retry': True, 'num_attempts': 5}
2024-05-12 00:28:09,538 : INFO : ball_device.bd_trough : State: waiting_for_target_ready
2024-05-12 00:28:09,539 : INFO : EventManager : Event: ======'balldevice_bd_trough_ball_eject_attempt'====== Args={'balls': 1, 'target': <ball_device.bd_plunger>, 'source': <ball_device.bd_trough>, 'mechanical_eject': True, 'num_attempts': 5}
2024-05-12 00:28:09,539 : INFO : ball_device.bd_trough : State: ejecting
2024-05-12 00:28:09,539 : INFO : ball_device.bd_trough : Ejecting ball to <ball_device.bd_plunger>
2024-05-12 00:28:09,539 : INFO : EventManager : Event: ======'balldevice_bd_trough_ejecting_ball'====== Args={'balls': 1, 'target': <ball_device.bd_plunger>, 'source': <ball_device.bd_trough>, 'mechanical_eject': True, 'num_attempts': 5}
2024-05-12 00:28:09,539 : INFO : ball_device.bd_trough : Wait for ball to leave device
2024-05-12 00:28:09,540 : INFO : coil.c_trough_eject_coil : Pulsing Driver for 15ms (1.0 pulse_power)
2024-05-12 00:28:11,546 : INFO : EventManager : Event: ======'balldevice_bd_trough_ball_eject_failed'====== Args={'target': <ball_device.bd_plunger>, 'balls': 1, 'retry': True, 'num_attempts': 6}
2024-05-12 00:28:11,546 : INFO : ball_device.bd_trough : State: waiting_for_target_ready
2024-05-12 00:28:11,546 : INFO : EventManager : Event: ======'balldevice_bd_trough_ball_eject_attempt'====== Args={'balls': 1, 'target': <ball_device.bd_plunger>, 'source': <ball_device.bd_trough>, 'mechanical_eject': True, 'num_attempts': 6}
2024-05-12 00:28:11,546 : INFO : ball_device.bd_trough : State: ejecting
2024-05-12 00:28:11,546 : INFO : ball_device.bd_trough : Ejecting ball to <ball_device.bd_plunger>
2024-05-12 00:28:11,546 : INFO : EventManager : Event: ======'balldevice_bd_trough_ejecting_ball'====== Args={'balls': 1, 'target': <ball_device.bd_plunger>, 'source': <ball_device.bd_trough>, 'mechanical_eject': True, 'num_attempts': 6}
2024-05-12 00:28:11,547 : INFO : ball_device.bd_trough : Wait for ball to leave device
2024-05-12 00:28:11,547 : INFO : coil.c_trough_eject_coil : Pulsing Driver for 15ms (1.0 pulse_power)
2024-05-12 00:28:13,555 : INFO : EventManager : Event: ======'balldevice_bd_trough_ball_eject_failed'====== Args={'target': <ball_device.bd_plunger>, 'balls': 1, 'retry': True, 'num_attempts': 7}
2024-05-12 00:28:13,557 : INFO : ball_device.bd_trough : State: waiting_for_target_ready
2024-05-12 00:28:13,557 : INFO : EventManager : Event: ======'balldevice_bd_trough_ball_eject_attempt'====== Args={'balls': 1, 'target': <ball_device.bd_plunger>, 'source': <ball_device.bd_trough>, 'mechanical_eject': True, 'num_attempts': 7}
2024-05-12 00:28:13,558 : INFO : ball_device.bd_trough : State: ejecting
2024-05-12 00:28:13,558 : INFO : ball_device.bd_trough : Ejecting ball to <ball_device.bd_plunger>
2024-05-12 00:28:13,558 : INFO : EventManager : Event: ======'balldevice_bd_trough_ejecting_ball'====== Args={'balls': 1, 'target': <ball_device.bd_plunger>, 'source': <ball_device.bd_trough>, 'mechanical_eject': True, 'num_attempts': 7}
2024-05-12 00:28:13,559 : INFO : ball_device.bd_trough : Wait for ball to leave device
2024-05-12 00:28:13,560 : INFO : coil.c_trough_eject_coil : Pulsing Driver for 15ms (1.0 pulse_power)
2024-05-12 00:28:15,568 : INFO : EventManager : Event: ======'balldevice_bd_trough_ball_eject_failed'====== Args={'target': <ball_device.bd_plunger>, 'balls': 1, 'retry': True, 'num_attempts': 8}
2024-05-12 00:28:15,568 : INFO : ball_device.bd_trough : State: waiting_for_target_ready
2024-05-12 00:28:15,569 : INFO : EventManager : Event: ======'balldevice_bd_trough_ball_eject_attempt'====== Args={'balls': 1, 'target': <ball_device.bd_plunger>, 'source': <ball_device.bd_trough>, 'mechanical_eject': True, 'num_attempts': 8}
2024-05-12 00:28:15,569 : INFO : ball_device.bd_trough : State: ejecting
2024-05-12 00:28:15,569 : INFO : ball_device.bd_trough : Ejecting ball to <ball_device.bd_plunger>
2024-05-12 00:28:15,569 : INFO : EventManager : Event: ======'balldevice_bd_trough_ejecting_ball'====== Args={'balls': 1, 'target': <ball_device.bd_plunger>, 'source': <ball_device.bd_trough>, 'mechanical_eject': True, 'num_attempts': 8}
2024-05-12 00:28:15,569 : INFO : ball_device.bd_trough : Wait for ball to leave device
2024-05-12 00:28:15,570 : INFO : coil.c_trough_eject_coil : Pulsing Driver for 15ms (1.0 pulse_power)
2024-05-12 00:28:17,583 : INFO : EventManager : Event: ======'balldevice_bd_trough_ball_eject_failed'====== Args={'target': <ball_device.bd_plunger>, 'balls': 1, 'retry': True, 'num_attempts': 9}
2024-05-12 00:28:17,586 : INFO : ball_device.bd_trough : State: waiting_for_target_ready
2024-05-12 00:28:17,586 : INFO : EventManager : Event: ======'balldevice_bd_trough_ball_eject_attempt'====== Args={'balls': 1, 'target': <ball_device.bd_plunger>, 'source': <ball_device.bd_trough>, 'mechanical_eject': True, 'num_attempts': 9}
2024-05-12 00:28:17,587 : INFO : ball_device.bd_trough : State: ejecting
2024-05-12 00:28:17,587 : INFO : ball_device.bd_trough : Ejecting ball to <ball_device.bd_plunger>
2024-05-12 00:28:17,587 : INFO : EventManager : Event: ======'balldevice_bd_trough_ejecting_ball'====== Args={'balls': 1, 'target': <ball_device.bd_plunger>, 'source': <ball_device.bd_trough>, 'mechanical_eject': True, 'num_attempts': 9}
2024-05-12 00:28:17,588 : INFO : ball_device.bd_trough : Wait for ball to leave device
2024-05-12 00:28:17,589 : INFO : coil.c_trough_eject_coil : Pulsing Driver for 15ms (1.0 pulse_power)
2024-05-12 00:28:19,598 : INFO : EventManager : Event: ======'balldevice_bd_trough_ball_eject_failed'====== Args={'target': <ball_device.bd_plunger>, 'balls': 1, 'retry': True, 'num_attempts': 10}
2024-05-12 00:28:19,598 : INFO : ball_device.bd_trough : State: waiting_for_target_ready
2024-05-12 00:28:19,598 : INFO : EventManager : Event: ======'balldevice_bd_trough_ball_eject_attempt'====== Args={'balls': 1, 'target': <ball_device.bd_plunger>, 'source': <ball_device.bd_trough>, 'mechanical_eject': True, 'num_attempts': 10}
2024-05-12 00:28:19,599 : INFO : ball_device.bd_trough : State: ejecting
2024-05-12 00:28:19,599 : INFO : ball_device.bd_trough : Ejecting ball to <ball_device.bd_plunger>
2024-05-12 00:28:19,599 : INFO : EventManager : Event: ======'balldevice_bd_trough_ejecting_ball'====== Args={'balls': 1, 'target': <ball_device.bd_plunger>, 'source': <ball_device.bd_trough>, 'mechanical_eject': True, 'num_attempts': 10}
2024-05-12 00:28:19,599 : INFO : ball_device.bd_trough : Wait for ball to leave device
2024-05-12 00:28:19,599 : INFO : coil.c_trough_eject_coil : Pulsing Driver for 15ms (1.0 pulse_power)
2024-05-12 00:28:21,604 : INFO : EventManager : Event: ======'balldevice_bd_trough_ball_eject_failed'====== Args={'target': <ball_device.bd_plunger>, 'balls': 1, 'retry': True, 'num_attempts': 11}
2024-05-12 00:28:21,604 : INFO : ball_device.bd_trough : State: waiting_for_target_ready
2024-05-12 00:28:21,604 : INFO : EventManager : Event: ======'balldevice_bd_trough_ball_eject_attempt'====== Args={'balls': 1, 'target': <ball_device.bd_plunger>, 'source': <ball_device.bd_trough>, 'mechanical_eject': True, 'num_attempts': 11}
2024-05-12 00:28:21,604 : INFO : ball_device.bd_trough : State: ejecting
2024-05-12 00:28:21,604 : INFO : ball_device.bd_trough : Ejecting ball to <ball_device.bd_plunger>
2024-05-12 00:28:21,604 : INFO : EventManager : Event: ======'balldevice_bd_trough_ejecting_ball'====== Args={'balls': 1, 'target': <ball_device.bd_plunger>, 'source': <ball_device.bd_trough>, 'mechanical_eject': True, 'num_attempts': 11}
2024-05-12 00:28:21,605 : INFO : ball_device.bd_trough : Wait for ball to leave device
2024-05-12 00:28:21,605 : INFO : coil.c_trough_eject_coil : Pulsing Driver for 15ms (1.0 pulse_power)
2024-05-12 00:28:23,611 : INFO : EventManager : Event: ======'balldevice_bd_trough_ball_eject_failed'====== Args={'target': <ball_device.bd_plunger>, 'balls': 1, 'retry': True, 'num_attempts': 12}
2024-05-12 00:28:23,612 : INFO : ball_device.bd_trough : State: waiting_for_target_ready
2024-05-12 00:28:23,612 : INFO : EventManager : Event: ======'balldevice_bd_trough_ball_eject_attempt'====== Args={'balls': 1, 'target': <ball_device.bd_plunger>, 'source': <ball_device.bd_trough>, 'mechanical_eject': True, 'num_attempts': 12}
2024-05-12 00:28:23,612 : INFO : ball_device.bd_trough : State: ejecting
2024-05-12 00:28:23,612 : INFO : ball_device.bd_trough : Ejecting ball to <ball_device.bd_plunger>
2024-05-12 00:28:23,612 : INFO : EventManager : Event: ======'balldevice_bd_trough_ejecting_ball'====== Args={'balls': 1, 'target': <ball_device.bd_plunger>, 'source': <ball_device.bd_trough>, 'mechanical_eject': True, 'num_attempts': 12}
2024-05-12 00:28:23,613 : INFO : ball_device.bd_trough : Wait for ball to leave device
2024-05-12 00:28:23,613 : INFO : coil.c_trough_eject_coil : Pulsing Driver for 15ms (1.0 pulse_power)
2024-05-12 00:28:25,620 : INFO : EventManager : Event: ======'balldevice_bd_trough_ball_eject_failed'====== Args={'target': <ball_device.bd_plunger>, 'balls': 1, 'retry': True, 'num_attempts': 13}
2024-05-12 00:28:25,620 : INFO : ball_device.bd_trough : State: waiting_for_target_ready
2024-05-12 00:28:25,621 : INFO : EventManager : Event: ======'balldevice_bd_trough_ball_eject_attempt'====== Args={'balls': 1, 'target': <ball_device.bd_plunger>, 'source': <ball_device.bd_trough>, 'mechanical_eject': True, 'num_attempts': 13}
2024-05-12 00:28:25,621 : INFO : ball_device.bd_trough : State: ejecting
2024-05-12 00:28:25,621 : INFO : ball_device.bd_trough : Ejecting ball to <ball_device.bd_plunger>
2024-05-12 00:28:25,621 : INFO : EventManager : Event: ======'balldevice_bd_trough_ejecting_ball'====== Args={'balls': 1, 'target': <ball_device.bd_plunger>, 'source': <ball_device.bd_trough>, 'mechanical_eject': True, 'num_attempts': 13}
2024-05-12 00:28:25,621 : INFO : ball_device.bd_trough : Wait for ball to leave device
2024-05-12 00:28:25,622 : INFO : coil.c_trough_eject_coil : Pulsing Driver for 15ms (1.0 pulse_power)
2024-05-12 00:28:27,639 : INFO : EventManager : Event: ======'balldevice_bd_trough_ball_eject_failed'====== Args={'target': <ball_device.bd_plunger>, 'balls': 1, 'retry': True, 'num_attempts': 14}
2024-05-12 00:28:27,641 : INFO : ball_device.bd_trough : State: waiting_for_target_ready
2024-05-12 00:28:27,641 : INFO : EventManager : Event: ======'balldevice_bd_trough_ball_eject_attempt'====== Args={'balls': 1, 'target': <ball_device.bd_plunger>, 'source': <ball_device.bd_trough>, 'mechanical_eject': True, 'num_attempts': 14}
2024-05-12 00:28:27,641 : INFO : ball_device.bd_trough : State: ejecting
2024-05-12 00:28:27,642 : INFO : ball_device.bd_trough : Ejecting ball to <ball_device.bd_plunger>
2024-05-12 00:28:27,642 : INFO : EventManager : Event: ======'balldevice_bd_trough_ejecting_ball'====== Args={'balls': 1, 'target': <ball_device.bd_plunger>, 'source': <ball_device.bd_trough>, 'mechanical_eject': True, 'num_attempts': 14}
2024-05-12 00:28:27,642 : INFO : ball_device.bd_trough : Wait for ball to leave device
2024-05-12 00:28:27,643 : INFO : coil.c_trough_eject_coil : Pulsing Driver for 15ms (1.0 pulse_power)
2024-05-12 00:28:29,638 : INFO : EventManager : Event: ======'balldevice_bd_trough_ball_eject_failed'====== Args={'target': <ball_device.bd_plunger>, 'balls': 1, 'retry': True, 'num_attempts': 15}
2024-05-12 00:28:29,639 : INFO : ball_device.bd_trough : State: waiting_for_target_ready
2024-05-12 00:28:29,639 : INFO : EventManager : Event: ======'balldevice_bd_trough_ball_eject_attempt'====== Args={'balls': 1, 'target': <ball_device.bd_plunger>, 'source': <ball_device.bd_trough>, 'mechanical_eject': True, 'num_attempts': 15}
2024-05-12 00:28:29,639 : INFO : ball_device.bd_trough : State: ejecting
2024-05-12 00:28:29,640 : INFO : ball_device.bd_trough : Ejecting ball to <ball_device.bd_plunger>
2024-05-12 00:28:29,640 : INFO : EventManager : Event: ======'balldevice_bd_trough_ejecting_ball'====== Args={'balls': 1, 'target': <ball_device.bd_plunger>, 'source': <ball_device.bd_trough>, 'mechanical_eject': True, 'num_attempts': 15}
2024-05-12 00:28:29,640 : INFO : ball_device.bd_trough : Wait for ball to leave device
2024-05-12 00:28:29,640 : INFO : coil.c_trough_eject_coil : Pulsing Driver for 15ms (1.0 pulse_power)
2024-05-12 00:28:31,657 : INFO : EventManager : Event: ======'balldevice_bd_trough_ball_eject_failed'====== Args={'target': <ball_device.bd_plunger>, 'balls': 1, 'retry': True, 'num_attempts': 16}
2024-05-12 00:28:31,660 : INFO : ball_device.bd_trough : State: waiting_for_target_ready
2024-05-12 00:28:31,660 : INFO : EventManager : Event: ======'balldevice_bd_trough_ball_eject_attempt'====== Args={'balls': 1, 'target': <ball_device.bd_plunger>, 'source': <ball_device.bd_trough>, 'mechanical_eject': True, 'num_attempts': 16}
2024-05-12 00:28:31,660 : INFO : ball_device.bd_trough : State: ejecting
2024-05-12 00:28:31,660 : INFO : ball_device.bd_trough : Ejecting ball to <ball_device.bd_plunger>
2024-05-12 00:28:31,660 : INFO : EventManager : Event: ======'balldevice_bd_trough_ejecting_ball'====== Args={'balls': 1, 'target': <ball_device.bd_plunger>, 'source': <ball_device.bd_trough>, 'mechanical_eject': True, 'num_attempts': 16}
2024-05-12 00:28:31,660 : INFO : ball_device.bd_trough : Wait for ball to leave device
2024-05-12 00:28:31,660 : INFO : coil.c_trough_eject_coil : Pulsing Driver for 15ms (1.0 pulse_power)
2024-05-12 00:28:33,679 : INFO : EventManager : Event: ======'balldevice_bd_trough_ball_eject_failed'====== Args={'target': <ball_device.bd_plunger>, 'balls': 1, 'retry': True, 'num_attempts': 17}
2024-05-12 00:28:33,682 : INFO : ball_device.bd_trough : State: waiting_for_target_ready
2024-05-12 00:28:33,682 : INFO : EventManager : Event: ======'balldevice_bd_trough_ball_eject_attempt'====== Args={'balls': 1, 'target': <ball_device.bd_plunger>, 'source': <ball_device.bd_trough>, 'mechanical_eject': True, 'num_attempts': 17}
2024-05-12 00:28:33,682 : INFO : ball_device.bd_trough : State: ejecting
2024-05-12 00:28:33,682 : INFO : ball_device.bd_trough : Ejecting ball to <ball_device.bd_plunger>
2024-05-12 00:28:33,682 : INFO : EventManager : Event: ======'balldevice_bd_trough_ejecting_ball'====== Args={'balls': 1, 'target': <ball_device.bd_plunger>, 'source': <ball_device.bd_trough>, 'mechanical_eject': True, 'num_attempts': 17}
2024-05-12 00:28:33,682 : INFO : ball_device.bd_trough : Wait for ball to leave device
2024-05-12 00:28:33,682 : INFO : coil.c_trough_eject_coil : Pulsing Driver for 15ms (1.0 pulse_power)
2024-05-12 00:28:35,679 : INFO : EventManager : Event: ======'balldevice_bd_trough_ball_eject_failed'====== Args={'target': <ball_device.bd_plunger>, 'balls': 1, 'retry': True, 'num_attempts': 18}
2024-05-12 00:28:35,680 : INFO : ball_device.bd_trough : State: waiting_for_target_ready
2024-05-12 00:28:35,680 : INFO : EventManager : Event: ======'balldevice_bd_trough_ball_eject_attempt'====== Args={'balls': 1, 'target': <ball_device.bd_plunger>, 'source': <ball_device.bd_trough>, 'mechanical_eject': True, 'num_attempts': 18}
2024-05-12 00:28:35,680 : INFO : ball_device.bd_trough : State: ejecting
2024-05-12 00:28:35,680 : INFO : ball_device.bd_trough : Ejecting ball to <ball_device.bd_plunger>
2024-05-12 00:28:35,680 : INFO : EventManager : Event: ======'balldevice_bd_trough_ejecting_ball'====== Args={'balls': 1, 'target': <ball_device.bd_plunger>, 'source': <ball_device.bd_trough>, 'mechanical_eject': True, 'num_attempts': 18}
2024-05-12 00:28:35,680 : INFO : ball_device.bd_trough : Wait for ball to leave device
2024-05-12 00:28:35,680 : INFO : coil.c_trough_eject_coil : Pulsing Driver for 15ms (1.0 pulse_power)
2024-05-12 00:28:37,686 : INFO : EventManager : Event: ======'balldevice_bd_trough_ball_eject_failed'====== Args={'target': <ball_device.bd_plunger>, 'balls': 1, 'retry': True, 'num_attempts': 19}
2024-05-12 00:28:37,689 : INFO : ball_device.bd_trough : State: waiting_for_target_ready
2024-05-12 00:28:37,689 : INFO : EventManager : Event: ======'balldevice_bd_trough_ball_eject_attempt'====== Args={'balls': 1, 'target': <ball_device.bd_plunger>, 'source': <ball_device.bd_trough>, 'mechanical_eject': True, 'num_attempts': 19}
2024-05-12 00:28:37,689 : INFO : ball_device.bd_trough : State: ejecting
2024-05-12 00:28:37,689 : INFO : ball_device.bd_trough : Ejecting ball to <ball_device.bd_plunger>
2024-05-12 00:28:37,689 : INFO : EventManager : Event: ======'balldevice_bd_trough_ejecting_ball'====== Args={'balls': 1, 'target': <ball_device.bd_plunger>, 'source': <ball_device.bd_trough>, 'mechanical_eject': True, 'num_attempts': 19}
2024-05-12 00:28:37,690 : INFO : ball_device.bd_trough : Wait for ball to leave device
2024-05-12 00:28:37,690 : INFO : coil.c_trough_eject_coil : Pulsing Driver for 15ms (1.0 pulse_power)
2024-05-12 00:28:39,684 : INFO : EventManager : Event: ======'balldevice_bd_trough_ball_eject_failed'====== Args={'target': <ball_device.bd_plunger>, 'balls': 1, 'retry': True, 'num_attempts': 20}
2024-05-12 00:28:39,687 : INFO : ball_device.bd_trough : State: waiting_for_target_ready
2024-05-12 00:28:39,687 : INFO : EventManager : Event: ======'balldevice_bd_trough_ball_eject_attempt'====== Args={'balls': 1, 'target': <ball_device.bd_plunger>, 'source': <ball_device.bd_trough>, 'mechanical_eject': True, 'num_attempts': 20}
2024-05-12 00:28:39,687 : INFO : ball_device.bd_trough : State: ejecting
2024-05-12 00:28:39,687 : INFO : ball_device.bd_trough : Ejecting ball to <ball_device.bd_plunger>
2024-05-12 00:28:39,687 : INFO : EventManager : Event: ======'balldevice_bd_trough_ejecting_ball'====== Args={'balls': 1, 'target': <ball_device.bd_plunger>, 'source': <ball_device.bd_trough>, 'mechanical_eject': True, 'num_attempts': 20}
2024-05-12 00:28:39,687 : INFO : ball_device.bd_trough : Wait for ball to leave device
2024-05-12 00:28:39,687 : INFO : coil.c_trough_eject_coil : Pulsing Driver for 15ms (1.0 pulse_power)
2024-05-12 00:28:41,680 : INFO : EventManager : Event: ======'balldevice_bd_trough_ball_eject_failed'====== Args={'target': <ball_device.bd_plunger>, 'balls': 1, 'retry': True, 'num_attempts': 21}
2024-05-12 00:28:41,680 : INFO : ball_device.bd_trough : State: waiting_for_target_ready
2024-05-12 00:28:41,680 : INFO : EventManager : Event: ======'balldevice_bd_trough_ball_eject_attempt'====== Args={'balls': 1, 'target': <ball_device.bd_plunger>, 'source': <ball_device.bd_trough>, 'mechanical_eject': True, 'num_attempts': 21}
2024-05-12 00:28:41,681 : INFO : ball_device.bd_trough : State: ejecting
2024-05-12 00:28:41,681 : INFO : ball_device.bd_trough : Ejecting ball to <ball_device.bd_plunger>
2024-05-12 00:28:41,681 : INFO : EventManager : Event: ======'balldevice_bd_trough_ejecting_ball'====== Args={'balls': 1, 'target': <ball_device.bd_plunger>, 'source': <ball_device.bd_trough>, 'mechanical_eject': True, 'num_attempts': 21}
2024-05-12 00:28:41,681 : INFO : ball_device.bd_trough : Wait for ball to leave device
2024-05-12 00:28:41,681 : INFO : coil.c_trough_eject_coil : Pulsing Driver for 15ms (1.0 pulse_power)
2024-05-12 00:28:43,681 : INFO : EventManager : Event: ======'balldevice_bd_trough_ball_eject_failed'====== Args={'target': <ball_device.bd_plunger>, 'balls': 1, 'retry': True, 'num_attempts': 22}
2024-05-12 00:28:43,682 : INFO : ball_device.bd_trough : State: waiting_for_target_ready
2024-05-12 00:28:43,682 : INFO : EventManager : Event: ======'balldevice_bd_trough_ball_eject_attempt'====== Args={'balls': 1, 'target': <ball_device.bd_plunger>, 'source': <ball_device.bd_trough>, 'mechanical_eject': True, 'num_attempts': 22}
2024-05-12 00:28:43,682 : INFO : ball_device.bd_trough : State: ejecting
2024-05-12 00:28:43,682 : INFO : ball_device.bd_trough : Ejecting ball to <ball_device.bd_plunger>
2024-05-12 00:28:43,682 : INFO : EventManager : Event: ======'balldevice_bd_trough_ejecting_ball'====== Args={'balls': 1, 'target': <ball_device.bd_plunger>, 'source': <ball_device.bd_trough>, 'mechanical_eject': True, 'num_attempts': 22}
2024-05-12 00:28:43,682 : INFO : ball_device.bd_trough : Wait for ball to leave device
2024-05-12 00:28:43,682 : INFO : coil.c_trough_eject_coil : Pulsing Driver for 15ms (1.0 pulse_power)
2024-05-12 00:28:45,684 : INFO : EventManager : Event: ======'balldevice_bd_trough_ball_eject_failed'====== Args={'target': <ball_device.bd_plunger>, 'balls': 1, 'retry': True, 'num_attempts': 23}
2024-05-12 00:28:45,685 : INFO : ball_device.bd_trough : State: waiting_for_target_ready
2024-05-12 00:28:45,685 : INFO : EventManager : Event: ======'balldevice_bd_trough_ball_eject_attempt'====== Args={'balls': 1, 'target': <ball_device.bd_plunger>, 'source': <ball_device.bd_trough>, 'mechanical_eject': True, 'num_attempts': 23}
2024-05-12 00:28:45,685 : INFO : ball_device.bd_trough : State: ejecting
2024-05-12 00:28:45,685 : INFO : ball_device.bd_trough : Ejecting ball to <ball_device.bd_plunger>
2024-05-12 00:28:45,685 : INFO : EventManager : Event: ======'balldevice_bd_trough_ejecting_ball'====== Args={'balls': 1, 'target': <ball_device.bd_plunger>, 'source': <ball_device.bd_trough>, 'mechanical_eject': True, 'num_attempts': 23}
2024-05-12 00:28:45,685 : INFO : ball_device.bd_trough : Wait for ball to leave device
2024-05-12 00:28:45,685 : INFO : coil.c_trough_eject_coil : Pulsing Driver for 15ms (1.0 pulse_power)
2024-05-12 00:28:47,681 : INFO : EventManager : Event: ======'balldevice_bd_trough_ball_eject_failed'====== Args={'target': <ball_device.bd_plunger>, 'balls': 1, 'retry': True, 'num_attempts': 24}
2024-05-12 00:28:47,681 : INFO : ball_device.bd_trough : State: waiting_for_target_ready
2024-05-12 00:28:47,681 : INFO : EventManager : Event: ======'balldevice_bd_trough_ball_eject_attempt'====== Args={'balls': 1, 'target': <ball_device.bd_plunger>, 'source': <ball_device.bd_trough>, 'mechanical_eject': True, 'num_attempts': 24}
2024-05-12 00:28:47,681 : INFO : ball_device.bd_trough : State: ejecting
2024-05-12 00:28:47,681 : INFO : ball_device.bd_trough : Ejecting ball to <ball_device.bd_plunger>
2024-05-12 00:28:47,681 : INFO : EventManager : Event: ======'balldevice_bd_trough_ejecting_ball'====== Args={'balls': 1, 'target': <ball_device.bd_plunger>, 'source': <ball_device.bd_trough>, 'mechanical_eject': True, 'num_attempts': 24}
2024-05-12 00:28:47,682 : INFO : ball_device.bd_trough : Wait for ball to leave device
2024-05-12 00:28:47,682 : INFO : coil.c_trough_eject_coil : Pulsing Driver for 15ms (1.0 pulse_power)
2024-05-12 00:28:49,685 : INFO : EventManager : Event: ======'balldevice_bd_trough_ball_eject_failed'====== Args={'target': <ball_device.bd_plunger>, 'balls': 1, 'retry': True, 'num_attempts': 25}
2024-05-12 00:28:49,688 : INFO : ball_device.bd_trough : State: waiting_for_target_ready
2024-05-12 00:28:49,688 : INFO : EventManager : Event: ======'balldevice_bd_trough_ball_eject_attempt'====== Args={'balls': 1, 'target': <ball_device.bd_plunger>, 'source': <ball_device.bd_trough>, 'mechanical_eject': True, 'num_attempts': 25}
2024-05-12 00:28:49,688 : INFO : ball_device.bd_trough : State: ejecting
2024-05-12 00:28:49,688 : INFO : ball_device.bd_trough : Ejecting ball to <ball_device.bd_plunger>
2024-05-12 00:28:49,688 : INFO : EventManager : Event: ======'balldevice_bd_trough_ejecting_ball'====== Args={'balls': 1, 'target': <ball_device.bd_plunger>, 'source': <ball_device.bd_trough>, 'mechanical_eject': True, 'num_attempts': 25}
2024-05-12 00:28:49,689 : INFO : ball_device.bd_trough : Wait for ball to leave device
2024-05-12 00:28:49,689 : INFO : coil.c_trough_eject_coil : Pulsing Driver for 15ms (1.0 pulse_power)
2024-05-12 00:28:51,680 : INFO : EventManager : Event: ======'balldevice_bd_trough_ball_eject_failed'====== Args={'target': <ball_device.bd_plunger>, 'balls': 1, 'retry': True, 'num_attempts': 26}
2024-05-12 00:28:51,681 : INFO : ball_device.bd_trough : State: waiting_for_target_ready
2024-05-12 00:28:51,681 : INFO : EventManager : Event: ======'balldevice_bd_trough_ball_eject_attempt'====== Args={'balls': 1, 'target': <ball_device.bd_plunger>, 'source': <ball_device.bd_trough>, 'mechanical_eject': True, 'num_attempts': 26}
2024-05-12 00:28:51,681 : INFO : ball_device.bd_trough : State: ejecting
2024-05-12 00:28:51,681 : INFO : ball_device.bd_trough : Ejecting ball to <ball_device.bd_plunger>
2024-05-12 00:28:51,681 : INFO : EventManager : Event: ======'balldevice_bd_trough_ejecting_ball'====== Args={'balls': 1, 'target': <ball_device.bd_plunger>, 'source': <ball_device.bd_trough>, 'mechanical_eject': True, 'num_attempts': 26}
2024-05-12 00:28:51,681 : INFO : ball_device.bd_trough : Wait for ball to leave device
2024-05-12 00:28:51,682 : INFO : coil.c_trough_eject_coil : Pulsing Driver for 15ms (1.0 pulse_power)
2024-05-12 00:28:53,690 : INFO : EventManager : Event: ======'balldevice_bd_trough_ball_eject_failed'====== Args={'target': <ball_device.bd_plunger>, 'balls': 1, 'retry': True, 'num_attempts': 27}
2024-05-12 00:28:53,693 : INFO : ball_device.bd_trough : State: waiting_for_target_ready
2024-05-12 00:28:53,693 : INFO : EventManager : Event: ======'balldevice_bd_trough_ball_eject_attempt'====== Args={'balls': 1, 'target': <ball_device.bd_plunger>, 'source': <ball_device.bd_trough>, 'mechanical_eject': True, 'num_attempts': 27}
2024-05-12 00:28:53,694 : INFO : ball_device.bd_trough : State: ejecting
2024-05-12 00:28:53,694 : INFO : ball_device.bd_trough : Ejecting ball to <ball_device.bd_plunger>
2024-05-12 00:28:53,694 : INFO : EventManager : Event: ======'balldevice_bd_trough_ejecting_ball'====== Args={'balls': 1, 'target': <ball_device.bd_plunger>, 'source': <ball_device.bd_trough>, 'mechanical_eject': True, 'num_attempts': 27}
2024-05-12 00:28:53,694 : INFO : ball_device.bd_trough : Wait for ball to leave device
2024-05-12 00:28:53,694 : INFO : coil.c_trough_eject_coil : Pulsing Driver for 15ms (1.0 pulse_power)
2024-05-12 00:28:55,703 : INFO : EventManager : Event: ======'balldevice_bd_trough_ball_eject_failed'====== Args={'target': <ball_device.bd_plunger>, 'balls': 1, 'retry': True, 'num_attempts': 28}
2024-05-12 00:28:55,704 : INFO : ball_device.bd_trough : State: waiting_for_target_ready
2024-05-12 00:28:55,704 : INFO : EventManager : Event: ======'balldevice_bd_trough_ball_eject_attempt'====== Args={'balls': 1, 'target': <ball_device.bd_plunger>, 'source': <ball_device.bd_trough>, 'mechanical_eject': True, 'num_attempts': 28}
2024-05-12 00:28:55,704 : INFO : ball_device.bd_trough : State: ejecting
2024-05-12 00:28:55,704 : INFO : ball_device.bd_trough : Ejecting ball to <ball_device.bd_plunger>
2024-05-12 00:28:55,704 : INFO : EventManager : Event: ======'balldevice_bd_trough_ejecting_ball'====== Args={'balls': 1, 'target': <ball_device.bd_plunger>, 'source': <ball_device.bd_trough>, 'mechanical_eject': True, 'num_attempts': 28}
2024-05-12 00:28:55,705 : INFO : ball_device.bd_trough : Wait for ball to leave device
2024-05-12 00:28:55,705 : INFO : coil.c_trough_eject_coil : Pulsing Driver for 15ms (1.0 pulse_power)
2024-05-12 00:28:57,681 : INFO : EventManager : Event: ======'balldevice_bd_trough_ball_eject_failed'====== Args={'target': <ball_device.bd_plunger>, 'balls': 1, 'retry': True, 'num_attempts': 29}
2024-05-12 00:28:57,681 : INFO : ball_device.bd_trough : State: waiting_for_target_ready
2024-05-12 00:28:57,681 : INFO : EventManager : Event: ======'balldevice_bd_trough_ball_eject_attempt'====== Args={'balls': 1, 'target': <ball_device.bd_plunger>, 'source': <ball_device.bd_trough>, 'mechanical_eject': True, 'num_attempts': 29}
2024-05-12 00:28:57,681 : INFO : ball_device.bd_trough : State: ejecting
2024-05-12 00:28:57,681 : INFO : ball_device.bd_trough : Ejecting ball to <ball_device.bd_plunger>
2024-05-12 00:28:57,681 : INFO : EventManager : Event: ======'balldevice_bd_trough_ejecting_ball'====== Args={'balls': 1, 'target': <ball_device.bd_plunger>, 'source': <ball_device.bd_trough>, 'mechanical_eject': True, 'num_attempts': 29}
2024-05-12 00:28:57,682 : INFO : ball_device.bd_trough : Wait for ball to leave device
2024-05-12 00:28:57,682 : INFO : coil.c_trough_eject_coil : Pulsing Driver for 15ms (1.0 pulse_power)
2024-05-12 00:28:59,698 : INFO : EventManager : Event: ======'balldevice_bd_trough_ball_eject_failed'====== Args={'target': <ball_device.bd_plunger>, 'balls': 1, 'retry': True, 'num_attempts': 30}
2024-05-12 00:28:59,699 : INFO : ball_device.bd_trough : State: waiting_for_target_ready
2024-05-12 00:28:59,699 : INFO : EventManager : Event: ======'balldevice_bd_trough_ball_eject_attempt'====== Args={'balls': 1, 'target': <ball_device.bd_plunger>, 'source': <ball_device.bd_trough>, 'mechanical_eject': True, 'num_attempts': 30}
2024-05-12 00:28:59,699 : INFO : ball_device.bd_trough : State: ejecting
2024-05-12 00:28:59,699 : INFO : ball_device.bd_trough : Ejecting ball to <ball_device.bd_plunger>
2024-05-12 00:28:59,699 : INFO : EventManager : Event: ======'balldevice_bd_trough_ejecting_ball'====== Args={'balls': 1, 'target': <ball_device.bd_plunger>, 'source': <ball_device.bd_trough>, 'mechanical_eject': True, 'num_attempts': 30}
2024-05-12 00:28:59,699 : INFO : ball_device.bd_trough : Wait for ball to leave device
2024-05-12 00:28:59,699 : INFO : coil.c_trough_eject_coil : Pulsing Driver for 15ms (1.0 pulse_power)
2024-05-12 00:29:01,679 : INFO : EventManager : Event: ======'balldevice_bd_trough_ball_eject_failed'====== Args={'target': <ball_device.bd_plunger>, 'balls': 1, 'retry': True, 'num_attempts': 31}
2024-05-12 00:29:01,679 : INFO : ball_device.bd_trough : State: waiting_for_target_ready
2024-05-12 00:29:01,679 : INFO : EventManager : Event: ======'balldevice_bd_trough_ball_eject_attempt'====== Args={'balls': 1, 'target': <ball_device.bd_plunger>, 'source': <ball_device.bd_trough>, 'mechanical_eject': True, 'num_attempts': 31}
2024-05-12 00:29:01,679 : INFO : ball_device.bd_trough : State: ejecting
2024-05-12 00:29:01,679 : INFO : ball_device.bd_trough : Ejecting ball to <ball_device.bd_plunger>
2024-05-12 00:29:01,679 : INFO : EventManager : Event: ======'balldevice_bd_trough_ejecting_ball'====== Args={'balls': 1, 'target': <ball_device.bd_plunger>, 'source': <ball_device.bd_trough>, 'mechanical_eject': True, 'num_attempts': 31}
2024-05-12 00:29:01,679 : INFO : ball_device.bd_trough : Wait for ball to leave device
2024-05-12 00:29:01,680 : INFO : coil.c_trough_eject_coil : Pulsing Driver for 15ms (1.0 pulse_power)
2024-05-12 00:29:03,684 : INFO : EventManager : Event: ======'balldevice_bd_trough_ball_eject_failed'====== Args={'target': <ball_device.bd_plunger>, 'balls': 1, 'retry': True, 'num_attempts': 32}
2024-05-12 00:29:03,687 : INFO : ball_device.bd_trough : State: waiting_for_target_ready
2024-05-12 00:29:03,688 : INFO : EventManager : Event: ======'balldevice_bd_trough_ball_eject_attempt'====== Args={'balls': 1, 'target': <ball_device.bd_plunger>, 'source': <ball_device.bd_trough>, 'mechanical_eject': True, 'num_attempts': 32}
2024-05-12 00:29:03,688 : INFO : ball_device.bd_trough : State: ejecting
2024-05-12 00:29:03,688 : INFO : ball_device.bd_trough : Ejecting ball to <ball_device.bd_plunger>
2024-05-12 00:29:03,688 : INFO : EventManager : Event: ======'balldevice_bd_trough_ejecting_ball'====== Args={'balls': 1, 'target': <ball_device.bd_plunger>, 'source': <ball_device.bd_trough>, 'mechanical_eject': True, 'num_attempts': 32}
2024-05-12 00:29:03,688 : INFO : ball_device.bd_trough : Wait for ball to leave device
2024-05-12 00:29:03,688 : INFO : coil.c_trough_eject_coil : Pulsing Driver for 15ms (1.0 pulse_power)
2024-05-12 00:29:05,680 : INFO : EventManager : Event: ======'balldevice_bd_trough_ball_eject_failed'====== Args={'target': <ball_device.bd_plunger>, 'balls': 1, 'retry': True, 'num_attempts': 33}
2024-05-12 00:29:05,682 : INFO : ball_device.bd_trough : State: waiting_for_target_ready
2024-05-12 00:29:05,682 : INFO : EventManager : Event: ======'balldevice_bd_trough_ball_eject_attempt'====== Args={'balls': 1, 'target': <ball_device.bd_plunger>, 'source': <ball_device.bd_trough>, 'mechanical_eject': True, 'num_attempts': 33}
2024-05-12 00:29:05,682 : INFO : ball_device.bd_trough : State: ejecting
2024-05-12 00:29:05,682 : INFO : ball_device.bd_trough : Ejecting ball to <ball_device.bd_plunger>
2024-05-12 00:29:05,682 : INFO : EventManager : Event: ======'balldevice_bd_trough_ejecting_ball'====== Args={'balls': 1, 'target': <ball_device.bd_plunger>, 'source': <ball_device.bd_trough>, 'mechanical_eject': True, 'num_attempts': 33}
2024-05-12 00:29:05,682 : INFO : ball_device.bd_trough : Wait for ball to leave device
2024-05-12 00:29:05,682 : INFO : coil.c_trough_eject_coil : Pulsing Driver for 15ms (1.0 pulse_power)
2024-05-12 00:29:07,682 : INFO : EventManager : Event: ======'balldevice_bd_trough_ball_eject_failed'====== Args={'target': <ball_device.bd_plunger>, 'balls': 1, 'retry': True, 'num_attempts': 34}
2024-05-12 00:29:07,685 : INFO : ball_device.bd_trough : State: waiting_for_target_ready
2024-05-12 00:29:07,685 : INFO : EventManager : Event: ======'balldevice_bd_trough_ball_eject_attempt'====== Args={'balls': 1, 'target': <ball_device.bd_plunger>, 'source': <ball_device.bd_trough>, 'mechanical_eject': True, 'num_attempts': 34}
2024-05-12 00:29:07,685 : INFO : ball_device.bd_trough : State: ejecting
2024-05-12 00:29:07,686 : INFO : ball_device.bd_trough : Ejecting ball to <ball_device.bd_plunger>
2024-05-12 00:29:07,686 : INFO : EventManager : Event: ======'balldevice_bd_trough_ejecting_ball'====== Args={'balls': 1, 'target': <ball_device.bd_plunger>, 'source': <ball_device.bd_trough>, 'mechanical_eject': True, 'num_attempts': 34}
2024-05-12 00:29:07,686 : INFO : ball_device.bd_trough : Wait for ball to leave device
2024-05-12 00:29:07,686 : INFO : coil.c_trough_eject_coil : Pulsing Driver for 15ms (1.0 pulse_power)
2024-05-12 00:29:09,686 : INFO : EventManager : Event: ======'balldevice_bd_trough_ball_eject_failed'====== Args={'target': <ball_device.bd_plunger>, 'balls': 1, 'retry': True, 'num_attempts': 35}
2024-05-12 00:29:09,687 : INFO : ball_device.bd_trough : State: waiting_for_target_ready
2024-05-12 00:29:09,688 : INFO : EventManager : Event: ======'balldevice_bd_trough_ball_eject_attempt'====== Args={'balls': 1, 'target': <ball_device.bd_plunger>, 'source': <ball_device.bd_trough>, 'mechanical_eject': True, 'num_attempts': 35}
2024-05-12 00:29:09,688 : INFO : ball_device.bd_trough : State: ejecting
2024-05-12 00:29:09,688 : INFO : ball_device.bd_trough : Ejecting ball to <ball_device.bd_plunger>
2024-05-12 00:29:09,688 : INFO : EventManager : Event: ======'balldevice_bd_trough_ejecting_ball'====== Args={'balls': 1, 'target': <ball_device.bd_plunger>, 'source': <ball_device.bd_trough>, 'mechanical_eject': True, 'num_attempts': 35}
2024-05-12 00:29:09,688 : INFO : ball_device.bd_trough : Wait for ball to leave device
2024-05-12 00:29:09,688 : INFO : coil.c_trough_eject_coil : Pulsing Driver for 15ms (1.0 pulse_power)
2024-05-12 00:29:09,950 : INFO : Machine : Shutting down...
2024-05-12 00:29:09,951 : INFO : EventManager : Event: ======'shutdown'====== Args={}
2024-05-12 00:29:09,961 : INFO : EventManager : Event: ======'mode_game_will_stop'====== Args={}
2024-05-12 00:29:09,961 : INFO : EventManager : Event: ======'mode_game_stopping'====== Args={}
2024-05-12 00:29:09,961 : INFO : EventManager : Event: ======'mode_char_select_will_stop'====== Args={}
2024-05-12 00:29:09,961 : INFO : EventManager : Event: ======'mode_char_select_stopping'====== Args={}
2024-05-12 00:29:09,962 : INFO : EventManager : Event: ======'mode_base_will_stop'====== Args={}
2024-05-12 00:29:09,962 : INFO : EventManager : Event: ======'mode_base_stopping'====== Args={}
2024-05-12 00:29:09,962 : INFO : Mode.base : Stopped.
2024-05-12 00:29:09,962 : INFO : EventManager : Event: ======'modes_active_modes_changed'====== Args={}
2024-05-12 00:29:09,962 : INFO : EventManager : Event: ======'mode_base_stopped'====== Args={}
2024-05-12 00:29:09,963 : INFO : EventManager : Event: ======'clear'====== Args={'key': 'base'}
2024-05-12 00:29:09,963 : INFO : Mode.char_select : Stopped.
2024-05-12 00:29:09,963 : INFO : EventManager : Event: ======'modes_active_modes_changed'====== Args={}
2024-05-12 00:29:09,963 : INFO : EventManager : Event: ======'start_base'====== Args={}
2024-05-12 00:29:09,963 : INFO : EventManager : Event: ======'char_select_item_selected'====== Args={}
2024-05-12 00:29:09,963 : INFO : EventManager : Event: ======'mode_char_select_stopped'====== Args={}
2024-05-12 00:29:09,963 : INFO : EventManager : Event: ======'clear'====== Args={'key': 'char_select'}
2024-05-12 00:29:09,964 : INFO : Mode.game : Stopped.
2024-05-12 00:29:09,964 : INFO : EventManager : Event: ======'modes_active_modes_changed'====== Args={}
2024-05-12 00:29:09,964 : INFO : EventManager : Event: ======'mode_game_stopped'====== Args={}
2024-05-12 00:29:09,964 : INFO : EventManager : Event: ======'clear'====== Args={'key': 'game'}
2024-05-12 00:29:09,967 : INFO : root : MPF run loop ended.
