2024-06-18 04:41:28,041 : INFO : root : Loading config.
2024-06-18 04:41:28,043 : INFO : YamlMultifileConfigLoader : Machine config file #1: config.yaml
2024-06-18 04:41:28,043 : INFO : ConfigProcessor : Loading config from cache: C:\Users\octo\AppData\Local\Temp\67114de119ffda0ef143dfc9c8b88aec.mpf_cache
2024-06-18 04:41:28,086 : WARNING : ConfigProcessor : Config file in cache changed: C:\Users\octo\Downloads\homebrew\modes\attract\config\attract.yaml
2024-06-18 04:41:28,086 : INFO : ConfigProcessor : Loading config from file c:\git\new folder (6)\mpf\mpf\modes\attract\config\attract.yaml.
2024-06-18 04:41:28,087 : INFO : ConfigProcessor : Loading config: c:\git\new folder (6)\mpf\mpf\modes\attract\config\attract.yaml
2024-06-18 04:41:28,087 : INFO : ConfigProcessor : Loading config from file C:\Users\octo\Downloads\homebrew\modes\attract\config\attract.yaml.
2024-06-18 04:41:28,088 : INFO : ConfigProcessor : Loading config: C:\Users\octo\Downloads\homebrew\modes\attract\config\attract.yaml
2024-06-18 04:41:28,088 : INFO : ConfigProcessor : Config file cache created: C:\Users\octo\AppData\Local\Temp\d4fb548c2902111733185c907c7e02f2.mpf_cache
2024-06-18 04:41:28,088 : INFO : ConfigProcessor : Loading config from cache: C:\Users\octo\AppData\Local\Temp\5cdf3f6f669e12795623fbd605d1b6a0.mpf_cache
2024-06-18 04:41:28,089 : INFO : ConfigProcessor : Loading config from cache: C:\Users\octo\AppData\Local\Temp\e87c946bbd0a2e05a931f281fca6458e.mpf_cache
2024-06-18 04:41:28,089 : INFO : ConfigProcessor : Loading config from cache: C:\Users\octo\AppData\Local\Temp\d4fb548c2902111733185c907c7e02f2.mpf_cache
2024-06-18 04:41:28,092 : INFO : ConfigProcessor : Loading config from cache: C:\Users\octo\AppData\Local\Temp\da852937ccb56145866cf54922bc01f8.mpf_cache
2024-06-18 04:41:28,093 : INFO : Machine : Mission Pinball Framework Core Engine v0.80.0.dev1
2024-06-18 04:41:28,093 : INFO : Machine : Command line arguments: {'no_load_cache': False, 'create_config_cache': True, 'bcp': True, 'configfile': ['config.yaml'], 'force_assets_load': False, 'platform_integration_test': False, 'jsonlogging': False, 'logfile': 'logs\\2024-06-18-04-41-28-mpf-DESKTOP-BQT92E0.log', 'pause': False, 'production': False, 'text_ui': True, 'loglevel': 15, 'consoleloglevel': 20, 'force_platform': 'virtual', 'syslog_address': None, 'mc_file_name': None, 'no_sound': False}
2024-06-18 04:41:28,093 : INFO : Machine : MPF path: c:\git\new folder (6)\mpf\mpf
2024-06-18 04:41:28,093 : INFO : Machine : Machine path: C:\Users\octo\Downloads\homebrew
2024-06-18 04:41:28,093 : INFO : Machine : Platform: win32
2024-06-18 04:41:28,093 : INFO : Machine : Python executable location: C:\Users\octo\AppData\Local\Programs\Python\Python310\python.exe
2024-06-18 04:41:28,093 : INFO : Machine : Python version: 3.10.0 (64-bit)
2024-06-18 04:41:28,095 : INFO : Machine : Initializing MPF...
2024-06-18 04:41:28,229 : INFO : EventManager : Event: ======'machine_var_credits_string'====== Args={'value': 'FREE PLAY', 'prev_value': None, 'change': True}
2024-06-18 04:41:28,242 : INFO : EventManager : Event: ======'machine_var_master_volume'====== Args={'value': 0.5, 'prev_value': None, 'change': True}
2024-06-18 04:41:28,242 : INFO : EventManager : Event: ======'machine_var_mpf_version'====== Args={'value': 'Mission Pinball Framework v0.80.0.dev1', 'prev_value': None, 'change': True}
2024-06-18 04:41:28,242 : INFO : EventManager : Event: ======'machine_var_mpf_extended_version'====== Args={'value': 'Mission Pinball Framework v0.80.0.dev1, Config version:6, Show version: 6, BCP version:1.1', 'prev_value': None, 'change': True}
2024-06-18 04:41:28,242 : INFO : EventManager : Event: ======'machine_var_python_version'====== Args={'value': '3.10.0', 'prev_value': None, 'change': True}
2024-06-18 04:41:28,249 : INFO : EventManager : Event: ======'machine_var_platform'====== Args={'value': 'Windows-10-10.0.19045-SP0', 'prev_value': None, 'change': True}
2024-06-18 04:41:28,249 : INFO : EventManager : Event: ======'machine_var_platform_system'====== Args={'value': 'Windows', 'prev_value': None, 'change': True}
2024-06-18 04:41:28,249 : INFO : EventManager : Event: ======'machine_var_platform_release'====== Args={'value': '10', 'prev_value': None, 'change': True}
2024-06-18 04:41:28,249 : INFO : EventManager : Event: ======'machine_var_platform_version'====== Args={'value': '10.0.19045', 'prev_value': None, 'change': True}
2024-06-18 04:41:28,250 : INFO : EventManager : Event: ======'machine_var_platform_machine'====== Args={'value': 'AMD64', 'prev_value': None, 'change': True}
2024-06-18 04:41:28,250 : INFO : EventManager : Event: ======'init_phase_1'====== Args={}
2024-06-18 04:41:28,262 : INFO : EventManager : Event: ======'init_phase_2'====== Args={}
2024-06-18 04:41:28,262 : INFO : SwitchController : Found active switch: ('3208-8', <Platform.Virtual>) <switch.s_trough_ball_2>
2024-06-18 04:41:28,262 : INFO : SwitchController : Found active switch: ('3208-9', <Platform.Virtual>) <switch.s_trough_ball_3>
2024-06-18 04:41:28,262 : INFO : SwitchController : Found active switch: ('3208-13', <Platform.Virtual>) <switch.s_trough_ball_1>
2024-06-18 04:41:28,264 : INFO : EventManager : Event: ======'bcp_connection_attempt'====== Args={'name': 'local_display', 'host': 'localhost', 'port': 5050}
2024-06-18 04:41:28,265 : INFO : BCPClientSocket : Connecting BCP to 'local_display' at localhost:5050...
2024-06-18 04:41:28,270 : INFO : BCPClientSocket : Connected BCP to 'local_display' localhost:5050
2024-06-18 04:41:28,271 : INFO : EventManager : Event: ======'bcp_clients_connected'====== Args={}
2024-06-18 04:41:28,339 : INFO : ball_device.bd_trough : BCH: Initial count: 3
2024-06-18 04:41:28,339 : INFO : ball_device.bd_trough : State: idle
2024-06-18 04:41:28,339 : INFO : ball_device.bd_plunger : BCH: Initial count: 0
2024-06-18 04:41:28,339 : INFO : ball_device.bd_plunger : State: idle
2024-06-18 04:41:28,344 : INFO : EventManager : Event: ======'init_phase_3'====== Args={}
2024-06-18 04:41:28,345 : INFO : EventManager : Event: ======'init_phase_4'====== Args={}
2024-06-18 04:41:28,345 : INFO : BallController : Initial balls found: 3
2024-06-18 04:41:28,345 : INFO : EventManager : Event: ======'machine_var_audits_events_game_ended'====== Args={'value': 0, 'prev_value': None, 'change': True}
2024-06-18 04:41:28,345 : INFO : EventManager : Event: ======'machine_var_audits_events_game_started'====== Args={'value': 382, 'prev_value': None, 'change': True}
2024-06-18 04:41:28,345 : INFO : EventManager : Event: ======'machine_var_audits_missing_switches_s_left_flipper'====== Args={'value': 356, 'prev_value': None, 'change': True}
2024-06-18 04:41:28,345 : INFO : EventManager : Event: ======'machine_var_audits_missing_switches_s_left_flipper_eos'====== Args={'value': 356, 'prev_value': None, 'change': True}
2024-06-18 04:41:28,345 : INFO : EventManager : Event: ======'machine_var_audits_missing_switches_s_left_inner_lane'====== Args={'value': 356, 'prev_value': None, 'change': True}
2024-06-18 04:41:28,345 : INFO : EventManager : Event: ======'machine_var_audits_missing_switches_s_left_outer_lane'====== Args={'value': 153, 'prev_value': None, 'change': True}
2024-06-18 04:41:28,345 : INFO : EventManager : Event: ======'machine_var_audits_missing_switches_s_left_sling'====== Args={'value': 356, 'prev_value': None, 'change': True}
2024-06-18 04:41:28,345 : INFO : EventManager : Event: ======'machine_var_audits_missing_switches_s_mead'====== Args={'value': 266, 'prev_value': None, 'change': True}
2024-06-18 04:41:28,345 : INFO : EventManager : Event: ======'machine_var_audits_missing_switches_s_percy'====== Args={'value': 84, 'prev_value': None, 'change': True}
2024-06-18 04:41:28,346 : INFO : EventManager : Event: ======'machine_var_audits_missing_switches_s_plunger'====== Args={'value': 356, 'prev_value': None, 'change': True}
2024-06-18 04:41:28,346 : INFO : EventManager : Event: ======'machine_var_audits_missing_switches_s_pop_bumper_1'====== Args={'value': 356, 'prev_value': None, 'change': True}
2024-06-18 04:41:28,346 : INFO : EventManager : Event: ======'machine_var_audits_missing_switches_s_pop_bumper_2'====== Args={'value': 356, 'prev_value': None, 'change': True}
2024-06-18 04:41:28,346 : INFO : EventManager : Event: ======'machine_var_audits_missing_switches_s_pop_bumper_3'====== Args={'value': 356, 'prev_value': None, 'change': True}
2024-06-18 04:41:28,346 : INFO : EventManager : Event: ======'machine_var_audits_missing_switches_s_right_flipper'====== Args={'value': 356, 'prev_value': None, 'change': True}
2024-06-18 04:41:28,346 : INFO : EventManager : Event: ======'machine_var_audits_missing_switches_s_right_flipper_eos'====== Args={'value': 356, 'prev_value': None, 'change': True}
2024-06-18 04:41:28,346 : INFO : EventManager : Event: ======'machine_var_audits_missing_switches_s_right_inner_lane'====== Args={'value': 356, 'prev_value': None, 'change': True}
2024-06-18 04:41:28,346 : INFO : EventManager : Event: ======'machine_var_audits_missing_switches_s_right_outer_lane'====== Args={'value': 356, 'prev_value': None, 'change': True}
2024-06-18 04:41:28,346 : INFO : EventManager : Event: ======'machine_var_audits_missing_switches_s_right_sling'====== Args={'value': 356, 'prev_value': None, 'change': True}
2024-06-18 04:41:28,346 : INFO : EventManager : Event: ======'machine_var_audits_missing_switches_s_scanlan'====== Args={'value': 203, 'prev_value': None, 'change': True}
2024-06-18 04:41:28,346 : INFO : EventManager : Event: ======'machine_var_audits_missing_switches_s_start'====== Args={'value': 18, 'prev_value': None, 'change': True}
2024-06-18 04:41:28,346 : INFO : EventManager : Event: ======'machine_var_audits_missing_switches_s_trough_ball_1'====== Args={'value': 356, 'prev_value': None, 'change': True}
2024-06-18 04:41:28,346 : INFO : EventManager : Event: ======'machine_var_audits_missing_switches_s_trough_ball_2'====== Args={'value': 356, 'prev_value': None, 'change': True}
2024-06-18 04:41:28,346 : INFO : EventManager : Event: ======'machine_var_audits_missing_switches_s_trough_ball_3'====== Args={'value': 356, 'prev_value': None, 'change': True}
2024-06-18 04:41:28,346 : INFO : EventManager : Event: ======'machine_var_audits_missing_switches_s_trough_ball_4'====== Args={'value': 272, 'prev_value': None, 'change': True}
2024-06-18 04:41:28,346 : INFO : EventManager : Event: ======'machine_var_audits_missing_switches_s_trough_ball_5'====== Args={'value': 356, 'prev_value': None, 'change': True}
2024-06-18 04:41:28,346 : INFO : EventManager : Event: ======'machine_var_audits_missing_switches_s_trough_ball_6'====== Args={'value': 89, 'prev_value': None, 'change': True}
2024-06-18 04:41:28,346 : INFO : EventManager : Event: ======'machine_var_audits_missing_switches_s_trough_ball_jam'====== Args={'value': 356, 'prev_value': None, 'change': True}
2024-06-18 04:41:28,346 : INFO : EventManager : Event: ======'machine_var_audits_player_score'====== Args={'value': {'average': 0, 'top': [], 'total': 0}, 'prev_value': None, 'change': True}
2024-06-18 04:41:28,346 : INFO : EventManager : Event: ======'machine_var_audits_shots_mead_shot'====== Args={'value': 223, 'prev_value': None, 'change': True}
2024-06-18 04:41:28,347 : INFO : EventManager : Event: ======'machine_var_audits_shots_percy_shot'====== Args={'value': 56, 'prev_value': None, 'change': True}
2024-06-18 04:41:28,347 : INFO : EventManager : Event: ======'machine_var_audits_shots_scanlan_shot'====== Args={'value': 121, 'prev_value': None, 'change': True}
2024-06-18 04:41:28,347 : INFO : EventManager : Event: ======'machine_var_audits_shots_video_shot_1'====== Args={'value': 24, 'prev_value': None, 'change': True}
2024-06-18 04:41:28,347 : INFO : EventManager : Event: ======'machine_var_audits_shots_video_shot_2'====== Args={'value': 20, 'prev_value': None, 'change': True}
2024-06-18 04:41:28,347 : INFO : EventManager : Event: ======'machine_var_audits_switches_s_auto_launcher'====== Args={'value': 0, 'prev_value': None, 'change': True}
2024-06-18 04:41:28,347 : INFO : EventManager : Event: ======'machine_var_audits_switches_s_ball_drain'====== Args={'value': 0, 'prev_value': None, 'change': True}
2024-06-18 04:41:28,347 : INFO : EventManager : Event: ======'machine_var_audits_switches_s_left_flipper'====== Args={'value': 36, 'prev_value': None, 'change': True}
2024-06-18 04:41:28,347 : INFO : EventManager : Event: ======'machine_var_audits_switches_s_left_flipper_eos'====== Args={'value': 0, 'prev_value': None, 'change': True}
2024-06-18 04:41:28,347 : INFO : EventManager : Event: ======'machine_var_audits_switches_s_left_inner_lane'====== Args={'value': 0, 'prev_value': None, 'change': True}
2024-06-18 04:41:28,347 : INFO : EventManager : Event: ======'machine_var_audits_switches_s_left_outer_lane'====== Args={'value': 0, 'prev_value': None, 'change': True}
2024-06-18 04:41:28,347 : INFO : EventManager : Event: ======'machine_var_audits_switches_s_left_sling'====== Args={'value': 7, 'prev_value': None, 'change': True}
2024-06-18 04:41:28,347 : INFO : EventManager : Event: ======'machine_var_audits_switches_s_mead'====== Args={'value': 0, 'prev_value': None, 'change': True}
2024-06-18 04:41:28,347 : INFO : EventManager : Event: ======'machine_var_audits_switches_s_percy'====== Args={'value': 0, 'prev_value': None, 'change': True}
2024-06-18 04:41:28,347 : INFO : EventManager : Event: ======'machine_var_audits_switches_s_plunger'====== Args={'value': 9, 'prev_value': None, 'change': True}
2024-06-18 04:41:28,347 : INFO : EventManager : Event: ======'machine_var_audits_switches_s_pop_bumper_1'====== Args={'value': 0, 'prev_value': None, 'change': True}
2024-06-18 04:41:28,347 : INFO : EventManager : Event: ======'machine_var_audits_switches_s_pop_bumper_2'====== Args={'value': 0, 'prev_value': None, 'change': True}
2024-06-18 04:41:28,347 : INFO : EventManager : Event: ======'machine_var_audits_switches_s_pop_bumper_3'====== Args={'value': 0, 'prev_value': None, 'change': True}
2024-06-18 04:41:28,348 : INFO : EventManager : Event: ======'machine_var_audits_switches_s_right_flipper'====== Args={'value': 131, 'prev_value': None, 'change': True}
2024-06-18 04:41:28,348 : INFO : EventManager : Event: ======'machine_var_audits_switches_s_right_flipper_eos'====== Args={'value': 0, 'prev_value': None, 'change': True}
2024-06-18 04:41:28,348 : INFO : EventManager : Event: ======'machine_var_audits_switches_s_right_inner_lane'====== Args={'value': 0, 'prev_value': None, 'change': True}
2024-06-18 04:41:28,348 : INFO : EventManager : Event: ======'machine_var_audits_switches_s_right_outer_lane'====== Args={'value': 0, 'prev_value': None, 'change': True}
2024-06-18 04:41:28,348 : INFO : EventManager : Event: ======'machine_var_audits_switches_s_right_sling'====== Args={'value': 3, 'prev_value': None, 'change': True}
2024-06-18 04:41:28,348 : INFO : EventManager : Event: ======'machine_var_audits_switches_s_scanlan'====== Args={'value': 0, 'prev_value': None, 'change': True}
2024-06-18 04:41:28,348 : INFO : EventManager : Event: ======'machine_var_audits_switches_s_start'====== Args={'value': 37, 'prev_value': None, 'change': True}
2024-06-18 04:41:28,348 : INFO : EventManager : Event: ======'machine_var_audits_switches_s_switch_2'====== Args={'value': 0, 'prev_value': None, 'change': True}
2024-06-18 04:41:28,348 : INFO : EventManager : Event: ======'machine_var_audits_switches_s_trough_ball_1'====== Args={'value': 4, 'prev_value': None, 'change': True}
2024-06-18 04:41:28,348 : INFO : EventManager : Event: ======'machine_var_audits_switches_s_trough_ball_2'====== Args={'value': 4, 'prev_value': None, 'change': True}
2024-06-18 04:41:28,348 : INFO : EventManager : Event: ======'machine_var_audits_switches_s_trough_ball_3'====== Args={'value': 1, 'prev_value': None, 'change': True}
2024-06-18 04:41:28,348 : INFO : EventManager : Event: ======'machine_var_audits_switches_s_trough_ball_4'====== Args={'value': 0, 'prev_value': None, 'change': True}
2024-06-18 04:41:28,348 : INFO : EventManager : Event: ======'machine_var_audits_switches_s_trough_ball_5'====== Args={'value': 0, 'prev_value': None, 'change': True}
2024-06-18 04:41:28,348 : INFO : EventManager : Event: ======'machine_var_audits_switches_s_trough_ball_6'====== Args={'value': 1, 'prev_value': None, 'change': True}
2024-06-18 04:41:28,349 : INFO : EventManager : Event: ======'machine_var_audits_switches_s_trough_ball_jam'====== Args={'value': 3, 'prev_value': None, 'change': True}
2024-06-18 04:41:28,349 : INFO : EventManager : Event: ======'machine_var_audits_switches_s_trough_eject_coil'====== Args={'value': 0, 'prev_value': None, 'change': True}
2024-06-18 04:41:28,349 : INFO : EventManager : Event: ======'init_phase_5'====== Args={}
2024-06-18 04:41:28,372 : INFO : EventManager : Event: ======'init_done'====== Args={}
2024-06-18 04:41:28,372 : INFO : EventManager : Event: ======'machine_reset_phase_1'====== Args={}
2024-06-18 04:41:28,375 : INFO : EventManager : Event: ======'machine_reset_phase_2'====== Args={}
2024-06-18 04:41:28,375 : INFO : EventManager : Event: ======'machine_reset_phase_3'====== Args={}
2024-06-18 04:41:28,375 : INFO : EventManager : Event: ======'reset_complete'====== Args={}
2024-06-18 04:41:28,375 : INFO : EventManager : Event: ======'mode_attract_will_start'====== Args={}
2024-06-18 04:41:28,376 : INFO : EventManager : Event: ======'mode_attract_starting'====== Args={}
2024-06-18 04:41:28,376 : INFO : Mode.attract : Started. Priority: 10
2024-06-18 04:41:28,376 : INFO : EventManager : Event: ======'modes_active_modes_changed'====== Args={}
2024-06-18 04:41:28,376 : INFO : EventManager : Event: ======'mode_attract_started'====== Args={}
2024-06-18 04:41:28,377 : INFO : EventManager : Event: ======'collecting_balls_complete'====== Args={}
2024-06-18 04:41:28,387 : INFO : Machine : Starting the main run loop.
2024-06-18 04:41:28,397 : INFO : EventManager : Event: ======'slide_attract_created'====== Args={'_from_bcp': True}
2024-06-18 04:41:28,412 : INFO : EventManager : Event: ======'slide_attract_mini_created'====== Args={'_from_bcp': True}
2024-06-18 04:41:28,412 : INFO : EventManager : Event: ======'slide__removed'====== Args={'_from_bcp': True}
2024-06-18 04:41:28,412 : INFO : EventManager : Event: ======'slide_attract_active'====== Args={'original_context': 'attract', 'original_calling_context': 'mode_attract_started', 'cmd': 'slides_play', '_from_bcp': True}
2024-06-18 04:41:28,412 : INFO : EventManager : Event: ======'slide__removed'====== Args={'_from_bcp': True}
2024-06-18 04:41:28,412 : INFO : EventManager : Event: ======'slide_attract_mini_active'====== Args={'original_context': 'attract', 'original_calling_context': 'mode_attract_started', 'cmd': 'slides_play', '_from_bcp': True}
2024-06-18 04:42:00,883 : INFO : SwitchController : <<<<<<< 's_start' active >>>>>>>
2024-06-18 04:42:00,934 : INFO : SwitchController : <<<<<<< 's_start' inactive >>>>>>>
2024-06-18 04:42:00,934 : INFO : EventManager : Event: ======'request_to_start_game'====== Args={}
2024-06-18 04:42:00,934 : INFO : EventManager : Event: ======'game_start'====== Args={'buttons': [], 'hold_time': 0.046999999998661224}
2024-06-18 04:42:00,934 : INFO : EventManager : Event: ======'mode_game_will_start'====== Args={'buttons': [], 'hold_time': 0.046999999998661224}
2024-06-18 04:42:00,934 : INFO : EventManager : Event: ======'mode_game_starting'====== Args={'buttons': [], 'hold_time': 0.046999999998661224}
2024-06-18 04:42:00,934 : INFO : EventManager : Event: ======'mode_attract_will_stop'====== Args={}
2024-06-18 04:42:00,934 : INFO : EventManager : Event: ======'mode_attract_stopping'====== Args={}
2024-06-18 04:42:00,934 : INFO : Mode.game : Started. Priority: 20
2024-06-18 04:42:00,934 : INFO : EventManager : Event: ======'modes_active_modes_changed'====== Args={}
2024-06-18 04:42:00,934 : INFO : EventManager : Event: ======'mode_game_started'====== Args={'buttons': [], 'hold_time': 0.046999999998661224}
2024-06-18 04:42:00,943 : INFO : Mode.attract : Stopped.
2024-06-18 04:42:00,943 : INFO : EventManager : Event: ======'modes_active_modes_changed'====== Args={}
2024-06-18 04:42:00,943 : INFO : EventManager : Event: ======'mode_attract_stopped'====== Args={}
2024-06-18 04:42:00,943 : INFO : EventManager : Event: ======'clear'====== Args={'key': 'attract'}
2024-06-18 04:42:00,943 : INFO : EventManager : Event: ======'game_will_start'====== Args={}
2024-06-18 04:42:00,952 : INFO : EventManager : Event: ======'game_starting'====== Args={'game': <Mode.game>}
2024-06-18 04:42:00,952 : INFO : EventManager : Unordered handler for class <Auditor> on event game_ended with priority 1. Handlers: [RegisteredHandler(callback=<bound method Auditor.disable of <Auditor>>, priority=1, kwargs={}, key=UUID('5593b52a-a071-4c49-8432-fe421f826249'), condition=None, blocking_facility=None), RegisteredHandler(callback=<bound method Auditor._save_audits of <Auditor>>, priority=1, kwargs={}, key=UUID('940d6121-056f-475a-821c-195100ca17a9'), condition=None, blocking_facility=None)]. The order of those handlers is not defined and they will be executed in random order. This might lead to race conditions and potential bugs.
2024-06-18 04:42:00,953 : INFO : EventManager : Event: ======'player_add_request'====== Args={}
2024-06-18 04:42:00,953 : INFO : EventManager : Event: ======'player_will_add'====== Args={'number': 1}
2024-06-18 04:42:00,953 : INFO : EventManager : Event: ======'player_adding'====== Args={'player': <Player 1>, 'number': 1}
2024-06-18 04:42:00,953 : INFO : EventManager : Event: ======'player_added'====== Args={'player': <Player 1>, 'num': 1}
2024-06-18 04:42:00,953 : INFO : Mode.game : Player added successfully. Total players: 1
2024-06-18 04:42:00,953 : INFO : EventManager : Event: ======'player_index'====== Args={'value': 0, 'prev_value': 0, 'change': 0, 'player_num': 1}
2024-06-18 04:42:00,953 : INFO : EventManager : Event: ======'player_number'====== Args={'value': 1, 'prev_value': 1, 'change': 0, 'player_num': 1}
2024-06-18 04:42:00,953 : INFO : EventManager : Event: ======'player_score'====== Args={'value': 0, 'prev_value': 0, 'change': 0, 'player_num': 1}
2024-06-18 04:42:00,954 : INFO : EventManager : Event: ======'game_started'====== Args={}
2024-06-18 04:42:00,960 : INFO : EventManager : Event: ======'player_turn_will_start'====== Args={'player': <Player 1>, 'number': 1}
2024-06-18 04:42:00,960 : INFO : EventManager : Event: ======'player_turn_starting'====== Args={'player': <Player 1>, 'number': 1}
2024-06-18 04:42:00,960 : INFO : EventManager : Event: ======'player_ball'====== Args={'value': 1, 'prev_value': 0, 'change': 1, 'player_num': 1}
2024-06-18 04:42:00,960 : INFO : EventManager : Event: ======'player_turn_started'====== Args={'player': <Player 1>, 'number': 1}
2024-06-18 04:42:00,960 : INFO : EventManager : Event: ======'ball_will_start'====== Args={'player': 1, 'ball': 1, 'balls_remaining': 2, 'is_extra_ball': False}
2024-06-18 04:42:00,961 : INFO : EventManager : Event: ======'ball_starting'====== Args={'player': 1, 'ball': 1, 'balls_remaining': 2, 'is_extra_ball': False}
2024-06-18 04:42:00,961 : INFO : EventManager : Event: ======'balls_in_play'====== Args={'balls': 1}
2024-06-18 04:42:00,961 : INFO : EventManager : Event: ======'ball_started'====== Args={'player': 1, 'ball': 1, 'balls_remaining': 2, 'is_extra_ball': False}
2024-06-18 04:42:00,961 : INFO : EventManager : Event: ======'mode_char_select_will_start'====== Args={'player': 1, 'ball': 1, 'balls_remaining': 2, 'is_extra_ball': False}
2024-06-18 04:42:00,964 : INFO : EventManager : Event: ======'mode_char_select_starting'====== Args={'player': 1, 'ball': 1, 'balls_remaining': 2, 'is_extra_ball': False}
2024-06-18 04:42:00,964 : INFO : EventManager : Event: ======'mode_base_will_start'====== Args={'player': 1, 'ball': 1, 'balls_remaining': 2, 'is_extra_ball': False}
2024-06-18 04:42:00,964 : INFO : EventManager : Event: ======'player_shot_mead_shot_enabled'====== Args={'value': True, 'prev_value': 0, 'change': 1, 'player_num': 1}
2024-06-18 04:42:00,964 : INFO : EventManager : Event: ======'player_shot_scanlan_shot_enabled'====== Args={'value': True, 'prev_value': 0, 'change': 1, 'player_num': 1}
2024-06-18 04:42:00,964 : INFO : EventManager : Event: ======'player_shot_percy_shot_enabled'====== Args={'value': True, 'prev_value': 0, 'change': 1, 'player_num': 1}
2024-06-18 04:42:00,964 : INFO : EventManager : Event: ======'video_shots_complete'====== Args={'state': 'unlit'}
2024-06-18 04:42:00,964 : INFO : EventManager : Event: ======'video_shots_unlit_complete'====== Args={}
2024-06-18 04:42:00,965 : INFO : EventManager : Event: ======'mode_base_starting'====== Args={'player': 1, 'ball': 1, 'balls_remaining': 2, 'is_extra_ball': False}
2024-06-18 04:42:00,965 : INFO : Mode.base : Started. Priority: 100
2024-06-18 04:42:00,965 : INFO : EventManager : Event: ======'modes_active_modes_changed'====== Args={}
2024-06-18 04:42:00,965 : INFO : EventManager : Event: ======'mode_base_started'====== Args={'player': 1, 'ball': 1, 'balls_remaining': 2, 'is_extra_ball': False}
2024-06-18 04:42:00,965 : INFO : Mode.char_select : Started. Priority: 501
2024-06-18 04:42:00,965 : INFO : EventManager : Event: ======'modes_active_modes_changed'====== Args={}
2024-06-18 04:42:00,965 : INFO : EventManager : Event: ======'mode_char_select_started'====== Args={'player': 1, 'ball': 1, 'balls_remaining': 2, 'is_extra_ball': False}
2024-06-18 04:42:00,965 : INFO : EventManager : Event: ======'item_highlighted'====== Args={'carousel': 'char_select', 'direction': None, 'item': 'percy'}
2024-06-18 04:42:00,965 : INFO : EventManager : Event: ======'single_player_ball_started'====== Args={}
2024-06-18 04:42:00,975 : INFO : EventManager : Event: ======'ball_start_target'====== Args={'target': 'playfield'}
2024-06-18 04:42:00,975 : INFO : ball_device.bd_plunger : Setting up player-controlled eject. Balls: 1, Target: <playfield.playfield>, player_controlled_eject_event: None
2024-06-18 04:42:00,975 : INFO : EventManager : Event: ======'balldevice_balls_available'====== Args={}
2024-06-18 04:42:00,976 : INFO : ball_device.bd_trough : State: waiting_for_target_ready
2024-06-18 04:42:00,976 : INFO : EventManager : Event: ======'balldevice_bd_trough_ball_eject_attempt'====== Args={'balls': 1, 'target': <ball_device.bd_plunger>, 'source': <ball_device.bd_trough>, 'mechanical_eject': True, 'num_attempts': 0}
2024-06-18 04:42:00,976 : INFO : ball_device.bd_plunger : State: waiting_for_ball
2024-06-18 04:42:00,976 : INFO : ball_device.bd_trough : State: ejecting
2024-06-18 04:42:00,976 : INFO : ball_device.bd_trough : Ejecting ball to <ball_device.bd_plunger>
2024-06-18 04:42:00,976 : INFO : EventManager : Event: ======'balldevice_bd_trough_ejecting_ball'====== Args={'balls': 1, 'target': <ball_device.bd_plunger>, 'source': <ball_device.bd_trough>, 'mechanical_eject': True, 'num_attempts': 0}
2024-06-18 04:42:00,976 : INFO : ball_device.bd_trough : Wait for ball to leave device
2024-06-18 04:42:00,976 : INFO : coil.c_trough_eject_coil : Pulsing Driver for 15ms (1.0 pulse_power)
2024-06-18 04:42:01,255 : INFO : EventManager : Event: ======'slide_base_created'====== Args={'_from_bcp': True}
2024-06-18 04:42:01,272 : INFO : EventManager : Event: ======'slide_base_mini_created'====== Args={'_from_bcp': True}
2024-06-18 04:42:01,272 : INFO : EventManager : Event: ======'slide_attract_inactive'====== Args={'_from_bcp': True}
2024-06-18 04:42:01,272 : INFO : EventManager : Event: ======'slide_base_active'====== Args={'original_context': 'base', 'original_calling_context': 'mode_base_started', 'cmd': 'slides_play', '_from_bcp': True}
2024-06-18 04:42:01,272 : INFO : EventManager : Event: ======'slide_attract_removed'====== Args={'_from_bcp': True}
2024-06-18 04:42:01,272 : INFO : EventManager : Event: ======'slide_attract_mini_inactive'====== Args={'_from_bcp': True}
2024-06-18 04:42:01,272 : INFO : EventManager : Event: ======'slide_base_mini_active'====== Args={'original_context': 'base', 'original_calling_context': 'mode_base_started', 'cmd': 'slides_play', '_from_bcp': True}
2024-06-18 04:42:01,272 : INFO : EventManager : Event: ======'slide_attract_mini_removed'====== Args={'_from_bcp': True}
2024-06-18 04:42:01,432 : INFO : EventManager : Event: ======'slide_char_select_created'====== Args={'_from_bcp': True}
2024-06-18 04:42:01,432 : INFO : EventManager : Event: ======'slide_base_inactive'====== Args={'_from_bcp': True}
2024-06-18 04:42:01,432 : INFO : EventManager : Event: ======'slide_char_select_active'====== Args={'original_context': 'char_select', 'original_calling_context': 'mode_char_select_started', 'cmd': 'slides_play', '_from_bcp': True}
2024-06-18 04:42:02,990 : INFO : EventManager : Event: ======'balldevice_bd_trough_ball_eject_failed'====== Args={'target': <ball_device.bd_plunger>, 'balls': 1, 'retry': True, 'num_attempts': 1}
2024-06-18 04:42:02,990 : INFO : ball_device.bd_trough : State: waiting_for_target_ready
2024-06-18 04:42:02,990 : INFO : EventManager : Event: ======'balldevice_bd_trough_ball_eject_attempt'====== Args={'balls': 1, 'target': <ball_device.bd_plunger>, 'source': <ball_device.bd_trough>, 'mechanical_eject': True, 'num_attempts': 1}
2024-06-18 04:42:02,991 : INFO : ball_device.bd_trough : State: ejecting
2024-06-18 04:42:02,991 : INFO : ball_device.bd_trough : Ejecting ball to <ball_device.bd_plunger>
2024-06-18 04:42:02,991 : INFO : EventManager : Event: ======'balldevice_bd_trough_ejecting_ball'====== Args={'balls': 1, 'target': <ball_device.bd_plunger>, 'source': <ball_device.bd_trough>, 'mechanical_eject': True, 'num_attempts': 1}
2024-06-18 04:42:02,991 : INFO : ball_device.bd_trough : Wait for ball to leave device
2024-06-18 04:42:02,991 : INFO : coil.c_trough_eject_coil : Pulsing Driver for 15ms (1.0 pulse_power)
2024-06-18 04:42:05,008 : INFO : EventManager : Event: ======'balldevice_bd_trough_ball_eject_failed'====== Args={'target': <ball_device.bd_plunger>, 'balls': 1, 'retry': True, 'num_attempts': 2}
2024-06-18 04:42:05,008 : INFO : ball_device.bd_trough : State: waiting_for_target_ready
2024-06-18 04:42:05,008 : INFO : EventManager : Event: ======'balldevice_bd_trough_ball_eject_attempt'====== Args={'balls': 1, 'target': <ball_device.bd_plunger>, 'source': <ball_device.bd_trough>, 'mechanical_eject': True, 'num_attempts': 2}
2024-06-18 04:42:05,008 : INFO : ball_device.bd_trough : State: ejecting
2024-06-18 04:42:05,008 : INFO : ball_device.bd_trough : Ejecting ball to <ball_device.bd_plunger>
2024-06-18 04:42:05,008 : INFO : EventManager : Event: ======'balldevice_bd_trough_ejecting_ball'====== Args={'balls': 1, 'target': <ball_device.bd_plunger>, 'source': <ball_device.bd_trough>, 'mechanical_eject': True, 'num_attempts': 2}
2024-06-18 04:42:05,008 : INFO : ball_device.bd_trough : Wait for ball to leave device
2024-06-18 04:42:05,009 : INFO : coil.c_trough_eject_coil : Pulsing Driver for 15ms (1.0 pulse_power)
2024-06-18 04:42:07,024 : INFO : EventManager : Event: ======'balldevice_bd_trough_ball_eject_failed'====== Args={'target': <ball_device.bd_plunger>, 'balls': 1, 'retry': True, 'num_attempts': 3}
2024-06-18 04:42:07,024 : INFO : ball_device.bd_trough : State: waiting_for_target_ready
2024-06-18 04:42:07,024 : INFO : EventManager : Event: ======'balldevice_bd_trough_ball_eject_attempt'====== Args={'balls': 1, 'target': <ball_device.bd_plunger>, 'source': <ball_device.bd_trough>, 'mechanical_eject': True, 'num_attempts': 3}
2024-06-18 04:42:07,024 : INFO : ball_device.bd_trough : State: ejecting
2024-06-18 04:42:07,024 : INFO : ball_device.bd_trough : Ejecting ball to <ball_device.bd_plunger>
2024-06-18 04:42:07,024 : INFO : EventManager : Event: ======'balldevice_bd_trough_ejecting_ball'====== Args={'balls': 1, 'target': <ball_device.bd_plunger>, 'source': <ball_device.bd_trough>, 'mechanical_eject': True, 'num_attempts': 3}
2024-06-18 04:42:07,024 : INFO : ball_device.bd_trough : Wait for ball to leave device
2024-06-18 04:42:07,024 : INFO : coil.c_trough_eject_coil : Pulsing Driver for 15ms (1.0 pulse_power)
2024-06-18 04:42:09,039 : INFO : EventManager : Event: ======'balldevice_bd_trough_ball_eject_failed'====== Args={'target': <ball_device.bd_plunger>, 'balls': 1, 'retry': True, 'num_attempts': 4}
2024-06-18 04:42:09,039 : INFO : ball_device.bd_trough : State: waiting_for_target_ready
2024-06-18 04:42:09,039 : INFO : EventManager : Event: ======'balldevice_bd_trough_ball_eject_attempt'====== Args={'balls': 1, 'target': <ball_device.bd_plunger>, 'source': <ball_device.bd_trough>, 'mechanical_eject': True, 'num_attempts': 4}
2024-06-18 04:42:09,039 : INFO : ball_device.bd_trough : State: ejecting
2024-06-18 04:42:09,039 : INFO : ball_device.bd_trough : Ejecting ball to <ball_device.bd_plunger>
2024-06-18 04:42:09,039 : INFO : EventManager : Event: ======'balldevice_bd_trough_ejecting_ball'====== Args={'balls': 1, 'target': <ball_device.bd_plunger>, 'source': <ball_device.bd_trough>, 'mechanical_eject': True, 'num_attempts': 4}
2024-06-18 04:42:09,040 : INFO : ball_device.bd_trough : Wait for ball to leave device
2024-06-18 04:42:09,040 : INFO : coil.c_trough_eject_coil : Pulsing Driver for 15ms (1.0 pulse_power)
2024-06-18 04:42:11,050 : INFO : EventManager : Event: ======'balldevice_bd_trough_ball_eject_failed'====== Args={'target': <ball_device.bd_plunger>, 'balls': 1, 'retry': True, 'num_attempts': 5}
2024-06-18 04:42:11,051 : INFO : ball_device.bd_trough : State: waiting_for_target_ready
2024-06-18 04:42:11,051 : INFO : EventManager : Event: ======'balldevice_bd_trough_ball_eject_attempt'====== Args={'balls': 1, 'target': <ball_device.bd_plunger>, 'source': <ball_device.bd_trough>, 'mechanical_eject': True, 'num_attempts': 5}
2024-06-18 04:42:11,051 : INFO : ball_device.bd_trough : State: ejecting
2024-06-18 04:42:11,051 : INFO : ball_device.bd_trough : Ejecting ball to <ball_device.bd_plunger>
2024-06-18 04:42:11,051 : INFO : EventManager : Event: ======'balldevice_bd_trough_ejecting_ball'====== Args={'balls': 1, 'target': <ball_device.bd_plunger>, 'source': <ball_device.bd_trough>, 'mechanical_eject': True, 'num_attempts': 5}
2024-06-18 04:42:11,052 : INFO : ball_device.bd_trough : Wait for ball to leave device
2024-06-18 04:42:11,052 : INFO : coil.c_trough_eject_coil : Pulsing Driver for 15ms (1.0 pulse_power)
2024-06-18 04:42:13,058 : INFO : EventManager : Event: ======'balldevice_bd_trough_ball_eject_failed'====== Args={'target': <ball_device.bd_plunger>, 'balls': 1, 'retry': True, 'num_attempts': 6}
2024-06-18 04:42:13,058 : INFO : ball_device.bd_trough : State: waiting_for_target_ready
2024-06-18 04:42:13,058 : INFO : EventManager : Event: ======'balldevice_bd_trough_ball_eject_attempt'====== Args={'balls': 1, 'target': <ball_device.bd_plunger>, 'source': <ball_device.bd_trough>, 'mechanical_eject': True, 'num_attempts': 6}
2024-06-18 04:42:13,058 : INFO : ball_device.bd_trough : State: ejecting
2024-06-18 04:42:13,058 : INFO : ball_device.bd_trough : Ejecting ball to <ball_device.bd_plunger>
2024-06-18 04:42:13,058 : INFO : EventManager : Event: ======'balldevice_bd_trough_ejecting_ball'====== Args={'balls': 1, 'target': <ball_device.bd_plunger>, 'source': <ball_device.bd_trough>, 'mechanical_eject': True, 'num_attempts': 6}
2024-06-18 04:42:13,058 : INFO : ball_device.bd_trough : Wait for ball to leave device
2024-06-18 04:42:13,058 : INFO : coil.c_trough_eject_coil : Pulsing Driver for 15ms (1.0 pulse_power)
2024-06-18 04:42:13,152 : INFO : SwitchController : <<<<<<< 's_start' active >>>>>>>
2024-06-18 04:42:13,152 : INFO : EventManager : Event: ======'sw_start'====== Args={}
2024-06-18 04:42:13,152 : INFO : EventManager : Event: ======'machine_var_audits_switches_s_start'====== Args={'value': 38, 'prev_value': 37, 'change': 1}
2024-06-18 04:42:13,153 : INFO : EventManager : Event: ======'player_add_request'====== Args={}
2024-06-18 04:42:13,153 : INFO : EventManager : Event: ======'player_will_add'====== Args={'number': 2}
2024-06-18 04:42:13,153 : INFO : EventManager : Event: ======'player_adding'====== Args={'player': <Player 2>, 'number': 2}
2024-06-18 04:42:13,153 : INFO : EventManager : Event: ======'player_added'====== Args={'player': <Player 2>, 'num': 2}
2024-06-18 04:42:13,153 : INFO : Mode.game : Player added successfully. Total players: 2
2024-06-18 04:42:13,153 : INFO : EventManager : Event: ======'multiplayer_game'====== Args={}
2024-06-18 04:42:13,153 : INFO : EventManager : Event: ======'player_index'====== Args={'value': 1, 'prev_value': 1, 'change': 0, 'player_num': 2}
2024-06-18 04:42:13,153 : INFO : EventManager : Event: ======'player_number'====== Args={'value': 2, 'prev_value': 2, 'change': 0, 'player_num': 2}
2024-06-18 04:42:13,153 : INFO : EventManager : Event: ======'player_score'====== Args={'value': 0, 'prev_value': 0, 'change': 0, 'player_num': 2}
2024-06-18 04:42:13,154 : INFO : EventManager : Event: ======'score_change_3'====== Args={'value': 0, 'prev_value': 0, 'change': 0, 'player_num': 2}
2024-06-18 04:42:13,154 : INFO : EventManager : Event: ======'player_last_score'====== Args={'value': 0, 'prev_value': 0, 'change': 0, 'player_num': 1, 'source': 'base'}
2024-06-18 04:42:13,250 : INFO : SwitchController : <<<<<<< 's_start' inactive >>>>>>>
2024-06-18 04:42:14,197 : INFO : Machine : Shutting down...
2024-06-18 04:42:14,197 : INFO : EventManager : Event: ======'shutdown'====== Args={}
2024-06-18 04:42:14,203 : INFO : EventManager : Event: ======'mode_game_will_stop'====== Args={}
2024-06-18 04:42:14,203 : INFO : EventManager : Event: ======'mode_game_stopping'====== Args={}
2024-06-18 04:42:14,203 : INFO : EventManager : Event: ======'mode_char_select_will_stop'====== Args={}
2024-06-18 04:42:14,203 : INFO : EventManager : Event: ======'mode_char_select_stopping'====== Args={}
2024-06-18 04:42:14,203 : INFO : EventManager : Event: ======'mode_base_will_stop'====== Args={}
2024-06-18 04:42:14,203 : INFO : EventManager : Event: ======'mode_base_stopping'====== Args={}
2024-06-18 04:42:14,203 : INFO : Mode.base : Stopped.
2024-06-18 04:42:14,204 : INFO : EventManager : Event: ======'modes_active_modes_changed'====== Args={}
2024-06-18 04:42:14,204 : INFO : EventManager : Event: ======'mode_base_stopped'====== Args={}
2024-06-18 04:42:14,204 : INFO : EventManager : Event: ======'clear'====== Args={'key': 'base'}
2024-06-18 04:42:14,204 : INFO : Mode.char_select : Stopped.
2024-06-18 04:42:14,204 : INFO : EventManager : Event: ======'modes_active_modes_changed'====== Args={}
2024-06-18 04:42:14,204 : INFO : EventManager : Event: ======'start_base'====== Args={}
2024-06-18 04:42:14,204 : INFO : EventManager : Event: ======'char_select_item_selected'====== Args={}
2024-06-18 04:42:14,204 : INFO : EventManager : Event: ======'mode_char_select_stopped'====== Args={}
2024-06-18 04:42:14,204 : INFO : EventManager : Event: ======'clear'====== Args={'key': 'char_select'}
2024-06-18 04:42:14,205 : INFO : Mode.game : Stopped.
2024-06-18 04:42:14,205 : INFO : EventManager : Event: ======'modes_active_modes_changed'====== Args={}
2024-06-18 04:42:14,205 : INFO : EventManager : Event: ======'mode_game_stopped'====== Args={}
2024-06-18 04:42:14,205 : INFO : EventManager : Event: ======'clear'====== Args={'key': 'game'}
2024-06-18 04:42:14,206 : INFO : root : MPF run loop ended.
