2024-05-14 15:02:42,801 : INFO : root : Loading config.
2024-05-14 15:02:42,803 : INFO : YamlMultifileConfigLoader : Machine config file #1: config.yaml
2024-05-14 15:02:42,803 : INFO : ConfigProcessor : Loading config from cache: C:\Users\octo\AppData\Local\Temp\1d0904511285da59b68333680e0b91d2.mpf_cache
2024-05-14 15:02:42,843 : INFO : ConfigProcessor : Loading config from cache: C:\Users\octo\AppData\Local\Temp\cd157f4be5c4430bfa418abc82c784ba.mpf_cache
2024-05-14 15:02:42,844 : INFO : ConfigProcessor : Loading config from cache: C:\Users\octo\AppData\Local\Temp\9a6ef7720776890324b2b6aefbdb5076.mpf_cache
2024-05-14 15:02:42,844 : WARNING : ConfigProcessor : Config file in cache changed: C:\Users\octo\Downloads\homebrew\modes\base\config\base.yaml
2024-05-14 15:02:42,844 : INFO : ConfigProcessor : Loading config from file C:\Users\octo\Downloads\homebrew\modes\base\config\base.yaml.
2024-05-14 15:02:42,846 : INFO : ConfigProcessor : Loading config: C:\Users\octo\Downloads\homebrew\modes\base\config\base.yaml
2024-05-14 15:02:42,846 : INFO : ConfigProcessor : Config file cache created: C:\Users\octo\AppData\Local\Temp\e87c946bbd0a2e05a931f281fca6458e.mpf_cache
2024-05-14 15:02:42,847 : INFO : ConfigProcessor : Loading config from cache: C:\Users\octo\AppData\Local\Temp\cd157f4be5c4430bfa418abc82c784ba.mpf_cache
2024-05-14 15:02:42,847 : INFO : ConfigProcessor : Loading config from cache: C:\Users\octo\AppData\Local\Temp\da852937ccb56145866cf54922bc01f8.mpf_cache
2024-05-14 15:02:42,847 : INFO : Machine : Mission Pinball Framework Core Engine v0.80.0.dev1
2024-05-14 15:02:42,848 : INFO : Machine : Command line arguments: {'no_load_cache': False, 'create_config_cache': True, 'bcp': True, 'configfile': ['config.yaml'], 'force_assets_load': False, 'platform_integration_test': False, 'jsonlogging': False, 'logfile': 'logs\\2024-05-14-15-02-42-mpf-DESKTOP-BQT92E0.log', 'pause': False, 'production': False, 'text_ui': True, 'loglevel': 15, 'consoleloglevel': 20, 'force_platform': 'virtual', 'syslog_address': None, 'mc_file_name': None, 'no_sound': False}
2024-05-14 15:02:42,848 : INFO : Machine : MPF path: c:\git\new folder (3)\mpf\mpf
2024-05-14 15:02:42,848 : INFO : Machine : Machine path: C:\Users\octo\Downloads\homebrew
2024-05-14 15:02:42,848 : INFO : Machine : Platform: win32
2024-05-14 15:02:42,848 : INFO : Machine : Python executable location: C:\Users\octo\AppData\Local\Programs\Python\Python310\python.exe
2024-05-14 15:02:42,848 : INFO : Machine : Python version: 3.10.0 (64-bit)
2024-05-14 15:02:42,849 : INFO : Machine : Initializing MPF...
2024-05-14 15:02:42,951 : INFO : EventManager : Event: ======'machine_var_credits_string'====== Args={'value': 'FREE PLAY', 'prev_value': None, 'change': True}
2024-05-14 15:02:42,960 : INFO : EventManager : Event: ======'machine_var_master_volume'====== Args={'value': 0.5, 'prev_value': None, 'change': True}
2024-05-14 15:02:42,960 : INFO : EventManager : Event: ======'machine_var_mpf_version'====== Args={'value': 'Mission Pinball Framework v0.80.0.dev1', 'prev_value': None, 'change': True}
2024-05-14 15:02:42,960 : INFO : EventManager : Event: ======'machine_var_mpf_extended_version'====== Args={'value': 'Mission Pinball Framework v0.80.0.dev1, Config version:6, Show version: 6, BCP version:1.1', 'prev_value': None, 'change': True}
2024-05-14 15:02:42,960 : INFO : EventManager : Event: ======'machine_var_python_version'====== Args={'value': '3.10.0', 'prev_value': None, 'change': True}
2024-05-14 15:02:42,965 : INFO : EventManager : Event: ======'machine_var_platform'====== Args={'value': 'Windows-10-10.0.19045-SP0', 'prev_value': None, 'change': True}
2024-05-14 15:02:42,965 : INFO : EventManager : Event: ======'machine_var_platform_system'====== Args={'value': 'Windows', 'prev_value': None, 'change': True}
2024-05-14 15:02:42,965 : INFO : EventManager : Event: ======'machine_var_platform_release'====== Args={'value': '10', 'prev_value': None, 'change': True}
2024-05-14 15:02:42,965 : INFO : EventManager : Event: ======'machine_var_platform_version'====== Args={'value': '10.0.19045', 'prev_value': None, 'change': True}
2024-05-14 15:02:42,965 : INFO : EventManager : Event: ======'machine_var_platform_machine'====== Args={'value': 'AMD64', 'prev_value': None, 'change': True}
2024-05-14 15:02:42,965 : INFO : EventManager : Event: ======'init_phase_1'====== Args={}
2024-05-14 15:02:42,974 : INFO : EventManager : Event: ======'init_phase_2'====== Args={}
2024-05-14 15:02:42,977 : INFO : EventManager : Event: ======'bcp_connection_attempt'====== Args={'name': 'local_display', 'host': 'localhost', 'port': 5050}
2024-05-14 15:02:42,978 : INFO : BCPClientSocket : Connecting BCP to 'local_display' at localhost:5050...
2024-05-14 15:02:42,982 : INFO : BCPClientSocket : Connected BCP to 'local_display' localhost:5050
2024-05-14 15:02:42,982 : INFO : EventManager : Event: ======'bcp_clients_connected'====== Args={}
2024-05-14 15:02:43,050 : INFO : ball_device.bd_trough : BCH: Initial count: 0
2024-05-14 15:02:43,050 : INFO : ball_device.bd_trough : State: idle
2024-05-14 15:02:43,050 : INFO : ball_device.bd_plunger : BCH: Initial count: 0
2024-05-14 15:02:43,050 : INFO : ball_device.bd_plunger : State: idle
2024-05-14 15:02:43,059 : INFO : EventManager : Event: ======'init_phase_3'====== Args={}
2024-05-14 15:02:43,060 : INFO : EventManager : Event: ======'init_phase_4'====== Args={}
2024-05-14 15:02:43,060 : INFO : BallController : Initial balls found: 0
2024-05-14 15:02:43,061 : INFO : EventManager : Event: ======'machine_var_audits_events_game_ended'====== Args={'value': 0, 'prev_value': None, 'change': True}
2024-05-14 15:02:43,061 : INFO : EventManager : Event: ======'machine_var_audits_events_game_started'====== Args={'value': 223, 'prev_value': None, 'change': True}
2024-05-14 15:02:43,061 : INFO : EventManager : Event: ======'machine_var_audits_missing_switches_s_left_flipper'====== Args={'value': 197, 'prev_value': None, 'change': True}
2024-05-14 15:02:43,061 : INFO : EventManager : Event: ======'machine_var_audits_missing_switches_s_left_flipper_eos'====== Args={'value': 197, 'prev_value': None, 'change': True}
2024-05-14 15:02:43,061 : INFO : EventManager : Event: ======'machine_var_audits_missing_switches_s_left_inner_lane'====== Args={'value': 197, 'prev_value': None, 'change': True}
2024-05-14 15:02:43,061 : INFO : EventManager : Event: ======'machine_var_audits_missing_switches_s_left_outer_lane'====== Args={'value': 153, 'prev_value': None, 'change': True}
2024-05-14 15:02:43,061 : INFO : EventManager : Event: ======'machine_var_audits_missing_switches_s_left_sling'====== Args={'value': 197, 'prev_value': None, 'change': True}
2024-05-14 15:02:43,061 : INFO : EventManager : Event: ======'machine_var_audits_missing_switches_s_mead'====== Args={'value': 107, 'prev_value': None, 'change': True}
2024-05-14 15:02:43,061 : INFO : EventManager : Event: ======'machine_var_audits_missing_switches_s_plunger'====== Args={'value': 197, 'prev_value': None, 'change': True}
2024-05-14 15:02:43,061 : INFO : EventManager : Event: ======'machine_var_audits_missing_switches_s_pop_bumper_1'====== Args={'value': 197, 'prev_value': None, 'change': True}
2024-05-14 15:02:43,061 : INFO : EventManager : Event: ======'machine_var_audits_missing_switches_s_pop_bumper_2'====== Args={'value': 197, 'prev_value': None, 'change': True}
2024-05-14 15:02:43,061 : INFO : EventManager : Event: ======'machine_var_audits_missing_switches_s_pop_bumper_3'====== Args={'value': 197, 'prev_value': None, 'change': True}
2024-05-14 15:02:43,061 : INFO : EventManager : Event: ======'machine_var_audits_missing_switches_s_right_flipper'====== Args={'value': 197, 'prev_value': None, 'change': True}
2024-05-14 15:02:43,061 : INFO : EventManager : Event: ======'machine_var_audits_missing_switches_s_right_flipper_eos'====== Args={'value': 197, 'prev_value': None, 'change': True}
2024-05-14 15:02:43,061 : INFO : EventManager : Event: ======'machine_var_audits_missing_switches_s_right_inner_lane'====== Args={'value': 197, 'prev_value': None, 'change': True}
2024-05-14 15:02:43,061 : INFO : EventManager : Event: ======'machine_var_audits_missing_switches_s_right_outer_lane'====== Args={'value': 197, 'prev_value': None, 'change': True}
2024-05-14 15:02:43,061 : INFO : EventManager : Event: ======'machine_var_audits_missing_switches_s_right_sling'====== Args={'value': 197, 'prev_value': None, 'change': True}
2024-05-14 15:02:43,061 : INFO : EventManager : Event: ======'machine_var_audits_missing_switches_s_scanlan'====== Args={'value': 44, 'prev_value': None, 'change': True}
2024-05-14 15:02:43,061 : INFO : EventManager : Event: ======'machine_var_audits_missing_switches_s_start'====== Args={'value': 70, 'prev_value': None, 'change': True}
2024-05-14 15:02:43,061 : INFO : EventManager : Event: ======'machine_var_audits_missing_switches_s_trough_ball_1'====== Args={'value': 197, 'prev_value': None, 'change': True}
2024-05-14 15:02:43,062 : INFO : EventManager : Event: ======'machine_var_audits_missing_switches_s_trough_ball_2'====== Args={'value': 197, 'prev_value': None, 'change': True}
2024-05-14 15:02:43,062 : INFO : EventManager : Event: ======'machine_var_audits_missing_switches_s_trough_ball_3'====== Args={'value': 197, 'prev_value': None, 'change': True}
2024-05-14 15:02:43,062 : INFO : EventManager : Event: ======'machine_var_audits_missing_switches_s_trough_ball_4'====== Args={'value': 197, 'prev_value': None, 'change': True}
2024-05-14 15:02:43,062 : INFO : EventManager : Event: ======'machine_var_audits_missing_switches_s_trough_ball_5'====== Args={'value': 197, 'prev_value': None, 'change': True}
2024-05-14 15:02:43,062 : INFO : EventManager : Event: ======'machine_var_audits_missing_switches_s_trough_ball_6'====== Args={'value': 89, 'prev_value': None, 'change': True}
2024-05-14 15:02:43,062 : INFO : EventManager : Event: ======'machine_var_audits_missing_switches_s_trough_ball_jam'====== Args={'value': 197, 'prev_value': None, 'change': True}
2024-05-14 15:02:43,062 : INFO : EventManager : Event: ======'machine_var_audits_player_score'====== Args={'value': {'average': 0, 'top': [], 'total': 0}, 'prev_value': None, 'change': True}
2024-05-14 15:02:43,062 : INFO : EventManager : Event: ======'machine_var_audits_switches_s_auto_launcher'====== Args={'value': 0, 'prev_value': None, 'change': True}
2024-05-14 15:02:43,062 : INFO : EventManager : Event: ======'machine_var_audits_switches_s_ball_drain'====== Args={'value': 0, 'prev_value': None, 'change': True}
2024-05-14 15:02:43,062 : INFO : EventManager : Event: ======'machine_var_audits_switches_s_left_flipper'====== Args={'value': 36, 'prev_value': None, 'change': True}
2024-05-14 15:02:43,062 : INFO : EventManager : Event: ======'machine_var_audits_switches_s_left_flipper_eos'====== Args={'value': 0, 'prev_value': None, 'change': True}
2024-05-14 15:02:43,062 : INFO : EventManager : Event: ======'machine_var_audits_switches_s_left_inner_lane'====== Args={'value': 0, 'prev_value': None, 'change': True}
2024-05-14 15:02:43,062 : INFO : EventManager : Event: ======'machine_var_audits_switches_s_left_outer_lane'====== Args={'value': 0, 'prev_value': None, 'change': True}
2024-05-14 15:02:43,062 : INFO : EventManager : Event: ======'machine_var_audits_switches_s_left_sling'====== Args={'value': 7, 'prev_value': None, 'change': True}
2024-05-14 15:02:43,062 : INFO : EventManager : Event: ======'machine_var_audits_switches_s_mead'====== Args={'value': 0, 'prev_value': None, 'change': True}
2024-05-14 15:02:43,062 : INFO : EventManager : Event: ======'machine_var_audits_switches_s_plunger'====== Args={'value': 9, 'prev_value': None, 'change': True}
2024-05-14 15:02:43,062 : INFO : EventManager : Event: ======'machine_var_audits_switches_s_pop_bumper_1'====== Args={'value': 0, 'prev_value': None, 'change': True}
2024-05-14 15:02:43,062 : INFO : EventManager : Event: ======'machine_var_audits_switches_s_pop_bumper_2'====== Args={'value': 0, 'prev_value': None, 'change': True}
2024-05-14 15:02:43,063 : INFO : EventManager : Event: ======'machine_var_audits_switches_s_pop_bumper_3'====== Args={'value': 0, 'prev_value': None, 'change': True}
2024-05-14 15:02:43,063 : INFO : EventManager : Event: ======'machine_var_audits_switches_s_right_flipper'====== Args={'value': 131, 'prev_value': None, 'change': True}
2024-05-14 15:02:43,063 : INFO : EventManager : Event: ======'machine_var_audits_switches_s_right_flipper_eos'====== Args={'value': 0, 'prev_value': None, 'change': True}
2024-05-14 15:02:43,063 : INFO : EventManager : Event: ======'machine_var_audits_switches_s_right_inner_lane'====== Args={'value': 0, 'prev_value': None, 'change': True}
2024-05-14 15:02:43,063 : INFO : EventManager : Event: ======'machine_var_audits_switches_s_right_outer_lane'====== Args={'value': 0, 'prev_value': None, 'change': True}
2024-05-14 15:02:43,063 : INFO : EventManager : Event: ======'machine_var_audits_switches_s_right_sling'====== Args={'value': 3, 'prev_value': None, 'change': True}
2024-05-14 15:02:43,063 : INFO : EventManager : Event: ======'machine_var_audits_switches_s_scanlan'====== Args={'value': 0, 'prev_value': None, 'change': True}
2024-05-14 15:02:43,063 : INFO : EventManager : Event: ======'machine_var_audits_switches_s_start'====== Args={'value': 13, 'prev_value': None, 'change': True}
2024-05-14 15:02:43,063 : INFO : EventManager : Event: ======'machine_var_audits_switches_s_switch_2'====== Args={'value': 0, 'prev_value': None, 'change': True}
2024-05-14 15:02:43,063 : INFO : EventManager : Event: ======'machine_var_audits_switches_s_trough_ball_1'====== Args={'value': 4, 'prev_value': None, 'change': True}
2024-05-14 15:02:43,063 : INFO : EventManager : Event: ======'machine_var_audits_switches_s_trough_ball_2'====== Args={'value': 4, 'prev_value': None, 'change': True}
2024-05-14 15:02:43,063 : INFO : EventManager : Event: ======'machine_var_audits_switches_s_trough_ball_3'====== Args={'value': 1, 'prev_value': None, 'change': True}
2024-05-14 15:02:43,063 : INFO : EventManager : Event: ======'machine_var_audits_switches_s_trough_ball_4'====== Args={'value': 0, 'prev_value': None, 'change': True}
2024-05-14 15:02:43,063 : INFO : EventManager : Event: ======'machine_var_audits_switches_s_trough_ball_5'====== Args={'value': 0, 'prev_value': None, 'change': True}
2024-05-14 15:02:43,063 : INFO : EventManager : Event: ======'machine_var_audits_switches_s_trough_ball_6'====== Args={'value': 1, 'prev_value': None, 'change': True}
2024-05-14 15:02:43,064 : INFO : EventManager : Event: ======'machine_var_audits_switches_s_trough_ball_jam'====== Args={'value': 3, 'prev_value': None, 'change': True}
2024-05-14 15:02:43,064 : INFO : EventManager : Event: ======'machine_var_audits_switches_s_trough_eject_coil'====== Args={'value': 0, 'prev_value': None, 'change': True}
2024-05-14 15:02:43,064 : INFO : EventManager : Event: ======'init_phase_5'====== Args={}
2024-05-14 15:02:43,087 : INFO : EventManager : Event: ======'init_done'====== Args={}
2024-05-14 15:02:43,087 : INFO : EventManager : Event: ======'machine_reset_phase_1'====== Args={}
2024-05-14 15:02:43,097 : INFO : EventManager : Event: ======'machine_reset_phase_2'====== Args={}
2024-05-14 15:02:43,097 : INFO : EventManager : Event: ======'machine_reset_phase_3'====== Args={}
2024-05-14 15:02:43,097 : INFO : EventManager : Event: ======'reset_complete'====== Args={}
2024-05-14 15:02:43,097 : INFO : EventManager : Event: ======'mode_attract_will_start'====== Args={}
2024-05-14 15:02:43,097 : INFO : EventManager : Event: ======'mode_attract_starting'====== Args={}
2024-05-14 15:02:43,098 : INFO : Mode.attract : Started. Priority: 10
2024-05-14 15:02:43,098 : INFO : EventManager : Event: ======'modes_active_modes_changed'====== Args={}
2024-05-14 15:02:43,098 : INFO : EventManager : Event: ======'mode_attract_started'====== Args={}
2024-05-14 15:02:43,098 : INFO : EventManager : Event: ======'collecting_balls_complete'====== Args={}
2024-05-14 15:02:43,107 : INFO : Machine : Starting the main run loop.
2024-05-14 15:02:43,131 : INFO : EventManager : Event: ======'slide_attract_created'====== Args={'_from_bcp': True}
2024-05-14 15:02:43,131 : INFO : EventManager : Event: ======'slide__removed'====== Args={'_from_bcp': True}
2024-05-14 15:02:43,131 : INFO : EventManager : Event: ======'slide_attract_active'====== Args={'original_context': 'attract', 'original_calling_context': 'mode_attract_started', 'cmd': 'slides_play', '_from_bcp': True}
2024-05-14 15:02:44,487 : INFO : SwitchController : <<<<<<< 's_trough_ball_1' active >>>>>>>
2024-05-14 15:02:44,731 : INFO : SwitchController : <<<<<<< 's_trough_ball_2' active >>>>>>>
2024-05-14 15:02:44,904 : INFO : SwitchController : <<<<<<< 's_trough_ball_3' active >>>>>>>
2024-05-14 15:02:45,098 : INFO : SwitchController : <<<<<<< 's_start' active >>>>>>>
2024-05-14 15:02:45,161 : INFO : SwitchController : <<<<<<< 's_start' inactive >>>>>>>
2024-05-14 15:02:45,161 : INFO : EventManager : Event: ======'request_to_start_game'====== Args={}
2024-05-14 15:02:45,161 : INFO : BallController : Known balls: 0
2024-05-14 15:02:45,161 : INFO : BallController : bd_trough contains 0 balls. Tags ['trough', 'home', 'drain']
2024-05-14 15:02:45,161 : INFO : BallController : bd_plunger contains 0 balls. Tags []
2024-05-14 15:02:45,161 : INFO : BallController : playfield contains 0 balls. Tags ['default']
2024-05-14 15:02:45,161 : WARNING : BallController : BallController denies game start. Not enough balls. -1 found. 1 required
2024-05-14 15:02:45,161 : INFO : BallController : Triggering ball search.
2024-05-14 15:02:45,423 : INFO : EventManager : Event: ======'balldevice_bd_trough_ball_count_changed'====== Args={'balls': 3}
2024-05-14 15:02:45,423 : INFO : ball_device.bd_trough : Received unexpected ball
2024-05-14 15:02:45,423 : INFO : EventManager : Event: ======'balldevice_captured_from_playfield'====== Args={'balls': 1}
2024-05-14 15:02:45,423 : INFO : EventManager : Event: ======'sw_playfield_active'====== Args={'balls': 1}
2024-05-14 15:02:45,423 : INFO : EventManager : Event: ======'playfield_active'====== Args={}
2024-05-14 15:02:45,423 : INFO : EventManager : Event: ======'unexpected_ball_on_playfield'====== Args={}
2024-05-14 15:02:45,423 : INFO : EventManager : Event: ======'playfield_ball_count_change'====== Args={'balls': -1, 'change': -1}
2024-05-14 15:02:45,423 : INFO : EventManager : Event: ======'balldevice_playfield_ball_enter'====== Args={'new_balls': 1, 'unclaimed_balls': 1, 'device': <playfield.playfield>}
2024-05-14 15:02:45,423 : INFO : EventManager : Event: ======'playfield_ball_count_change'====== Args={'balls': 0, 'change': 1}
2024-05-14 15:02:45,423 : INFO : BallController : Found a new ball which was captured from playfield. Known balls: 1
2024-05-14 15:02:45,423 : INFO : EventManager : Event: ======'found_new_ball'====== Args={}
2024-05-14 15:02:45,424 : INFO : EventManager : Event: ======'balldevice_bd_trough_ball_enter'====== Args={'new_balls': 1, 'unclaimed_balls': 1, 'new_available_balls': 1, 'device': <ball_device.bd_trough>}
2024-05-14 15:02:45,424 : INFO : EventManager : Event: ======'ball_drain'====== Args={'device': <ball_device.bd_trough>, 'balls': 1}
2024-05-14 15:02:45,424 : INFO : EventManager : Event: ======'balldevice_balls_available'====== Args={}
2024-05-14 15:02:45,424 : INFO : EventManager : Event: ======'balldevice_bd_trough_ball_entered'====== Args={'new_balls': 1, 'device': <ball_device.bd_trough>}
2024-05-14 15:02:45,424 : INFO : ball_device.bd_trough : Received unexpected ball
2024-05-14 15:02:45,424 : INFO : EventManager : Event: ======'balldevice_captured_from_playfield'====== Args={'balls': 1}
2024-05-14 15:02:45,424 : INFO : EventManager : Event: ======'sw_playfield_active'====== Args={'balls': 1}
2024-05-14 15:02:45,424 : INFO : EventManager : Event: ======'playfield_active'====== Args={}
2024-05-14 15:02:45,424 : INFO : EventManager : Event: ======'unexpected_ball_on_playfield'====== Args={}
2024-05-14 15:02:45,424 : INFO : EventManager : Event: ======'playfield_ball_count_change'====== Args={'balls': -1, 'change': -1}
2024-05-14 15:02:45,424 : INFO : EventManager : Event: ======'balldevice_playfield_ball_enter'====== Args={'new_balls': 1, 'unclaimed_balls': 1, 'device': <playfield.playfield>}
2024-05-14 15:02:45,424 : INFO : EventManager : Event: ======'playfield_ball_count_change'====== Args={'balls': 0, 'change': 1}
2024-05-14 15:02:45,424 : INFO : BallController : Found a new ball which was captured from playfield. Known balls: 2
2024-05-14 15:02:45,424 : INFO : EventManager : Event: ======'found_new_ball'====== Args={}
2024-05-14 15:02:45,424 : INFO : EventManager : Event: ======'balldevice_bd_trough_ball_enter'====== Args={'new_balls': 1, 'unclaimed_balls': 1, 'new_available_balls': 1, 'device': <ball_device.bd_trough>}
2024-05-14 15:02:45,424 : INFO : EventManager : Event: ======'ball_drain'====== Args={'device': <ball_device.bd_trough>, 'balls': 1}
2024-05-14 15:02:45,424 : INFO : EventManager : Event: ======'balldevice_balls_available'====== Args={}
2024-05-14 15:02:45,424 : INFO : EventManager : Event: ======'balldevice_bd_trough_ball_entered'====== Args={'new_balls': 1, 'device': <ball_device.bd_trough>}
2024-05-14 15:02:45,424 : INFO : ball_device.bd_trough : Received unexpected ball
2024-05-14 15:02:45,424 : INFO : EventManager : Event: ======'balldevice_captured_from_playfield'====== Args={'balls': 1}
2024-05-14 15:02:45,424 : INFO : EventManager : Event: ======'sw_playfield_active'====== Args={'balls': 1}
2024-05-14 15:02:45,424 : INFO : EventManager : Event: ======'playfield_active'====== Args={}
2024-05-14 15:02:45,424 : INFO : EventManager : Event: ======'unexpected_ball_on_playfield'====== Args={}
2024-05-14 15:02:45,424 : INFO : EventManager : Event: ======'playfield_ball_count_change'====== Args={'balls': -1, 'change': -1}
2024-05-14 15:02:45,424 : INFO : EventManager : Event: ======'balldevice_playfield_ball_enter'====== Args={'new_balls': 1, 'unclaimed_balls': 1, 'device': <playfield.playfield>}
2024-05-14 15:02:45,424 : INFO : EventManager : Event: ======'playfield_ball_count_change'====== Args={'balls': 0, 'change': 1}
2024-05-14 15:02:45,424 : INFO : BallController : Found a new ball which was captured from playfield. Known balls: 3
2024-05-14 15:02:45,424 : INFO : EventManager : Event: ======'found_new_ball'====== Args={}
2024-05-14 15:02:45,424 : INFO : EventManager : Event: ======'balldevice_bd_trough_ball_enter'====== Args={'new_balls': 1, 'unclaimed_balls': 1, 'new_available_balls': 1, 'device': <ball_device.bd_trough>}
2024-05-14 15:02:45,424 : INFO : EventManager : Event: ======'ball_drain'====== Args={'device': <ball_device.bd_trough>, 'balls': 1}
2024-05-14 15:02:45,424 : INFO : EventManager : Event: ======'balldevice_balls_available'====== Args={}
2024-05-14 15:02:45,425 : INFO : EventManager : Event: ======'balldevice_bd_trough_ball_entered'====== Args={'new_balls': 1, 'device': <ball_device.bd_trough>}
2024-05-14 15:02:46,501 : INFO : SwitchController : <<<<<<< 's_start' active >>>>>>>
2024-05-14 15:02:46,564 : INFO : SwitchController : <<<<<<< 's_start' inactive >>>>>>>
2024-05-14 15:02:46,564 : INFO : EventManager : Event: ======'request_to_start_game'====== Args={}
2024-05-14 15:02:46,564 : INFO : EventManager : Event: ======'game_start'====== Args={'buttons': [], 'hold_time': 0.06199999999989814}
2024-05-14 15:02:46,564 : INFO : EventManager : Event: ======'mode_game_will_start'====== Args={'buttons': [], 'hold_time': 0.06199999999989814}
2024-05-14 15:02:46,564 : INFO : EventManager : Event: ======'mode_game_starting'====== Args={'buttons': [], 'hold_time': 0.06199999999989814}
2024-05-14 15:02:46,564 : INFO : EventManager : Event: ======'mode_attract_will_stop'====== Args={}
2024-05-14 15:02:46,564 : INFO : EventManager : Event: ======'mode_attract_stopping'====== Args={}
2024-05-14 15:02:46,565 : INFO : Mode.game : Started. Priority: 20
2024-05-14 15:02:46,565 : INFO : EventManager : Event: ======'modes_active_modes_changed'====== Args={}
2024-05-14 15:02:46,565 : INFO : EventManager : Event: ======'mode_game_started'====== Args={'buttons': [], 'hold_time': 0.06199999999989814}
2024-05-14 15:02:46,574 : INFO : Mode.attract : Stopped.
2024-05-14 15:02:46,575 : INFO : EventManager : Event: ======'modes_active_modes_changed'====== Args={}
2024-05-14 15:02:46,575 : INFO : EventManager : Event: ======'mode_attract_stopped'====== Args={}
2024-05-14 15:02:46,575 : INFO : EventManager : Event: ======'clear'====== Args={'key': 'attract'}
2024-05-14 15:02:46,575 : INFO : EventManager : Event: ======'game_will_start'====== Args={}
2024-05-14 15:02:46,583 : INFO : EventManager : Event: ======'game_starting'====== Args={'game': <Mode.game>}
2024-05-14 15:02:46,584 : INFO : EventManager : Unordered handler for class <Auditor> on event game_ended with priority 1. Handlers: [RegisteredHandler(callback=<bound method Auditor.disable of <Auditor>>, priority=1, kwargs={}, key=UUID('1291c4be-6aa3-4b1b-9125-c138618084e2'), condition=None, blocking_facility=None), RegisteredHandler(callback=<bound method Auditor._save_audits of <Auditor>>, priority=1, kwargs={}, key=UUID('f974daf3-8be6-4a77-b965-578afc68b46b'), condition=None, blocking_facility=None)]. The order of those handlers is not defined and they will be executed in random order. This might lead to race conditions and potential bugs.
2024-05-14 15:02:46,584 : INFO : EventManager : Event: ======'player_add_request'====== Args={}
2024-05-14 15:02:46,584 : INFO : EventManager : Event: ======'player_will_add'====== Args={'number': 1}
2024-05-14 15:02:46,584 : INFO : EventManager : Event: ======'player_adding'====== Args={'player': <Player 1>, 'number': 1}
2024-05-14 15:02:46,584 : INFO : EventManager : Event: ======'player_added'====== Args={'player': <Player 1>, 'num': 1}
2024-05-14 15:02:46,584 : INFO : Mode.game : Player added successfully. Total players: 1
2024-05-14 15:02:46,584 : INFO : EventManager : Event: ======'player_index'====== Args={'value': 0, 'prev_value': 0, 'change': 0, 'player_num': 1}
2024-05-14 15:02:46,584 : INFO : EventManager : Event: ======'player_number'====== Args={'value': 1, 'prev_value': 1, 'change': 0, 'player_num': 1}
2024-05-14 15:02:46,584 : INFO : EventManager : Event: ======'player_score'====== Args={'value': 0, 'prev_value': 0, 'change': 0, 'player_num': 1}
2024-05-14 15:02:46,584 : INFO : EventManager : Event: ======'game_started'====== Args={}
2024-05-14 15:02:46,588 : INFO : EventManager : Event: ======'player_turn_will_start'====== Args={'player': <Player 1>, 'number': 1}
2024-05-14 15:02:46,588 : INFO : EventManager : Event: ======'player_turn_starting'====== Args={'player': <Player 1>, 'number': 1}
2024-05-14 15:02:46,588 : INFO : EventManager : Event: ======'player_ball'====== Args={'value': 1, 'prev_value': 0, 'change': 1, 'player_num': 1}
2024-05-14 15:02:46,588 : INFO : EventManager : Event: ======'player_turn_started'====== Args={'player': <Player 1>, 'number': 1}
2024-05-14 15:02:46,588 : INFO : EventManager : Event: ======'ball_will_start'====== Args={'player': 1, 'ball': 1, 'balls_remaining': 2, 'is_extra_ball': False}
2024-05-14 15:02:46,590 : INFO : EventManager : Event: ======'ball_starting'====== Args={'player': 1, 'ball': 1, 'balls_remaining': 2, 'is_extra_ball': False}
2024-05-14 15:02:46,590 : INFO : EventManager : Event: ======'balls_in_play'====== Args={'balls': 1}
2024-05-14 15:02:46,590 : INFO : EventManager : Event: ======'ball_started'====== Args={'player': 1, 'ball': 1, 'balls_remaining': 2, 'is_extra_ball': False}
2024-05-14 15:02:46,590 : INFO : EventManager : Event: ======'mode_char_select_will_start'====== Args={'player': 1, 'ball': 1, 'balls_remaining': 2, 'is_extra_ball': False}
2024-05-14 15:02:46,592 : INFO : EventManager : Event: ======'mode_char_select_starting'====== Args={'player': 1, 'ball': 1, 'balls_remaining': 2, 'is_extra_ball': False}
2024-05-14 15:02:46,592 : INFO : EventManager : Event: ======'mode_base_will_start'====== Args={'player': 1, 'ball': 1, 'balls_remaining': 2, 'is_extra_ball': False}
2024-05-14 15:02:46,593 : INFO : EventManager : Event: ======'mode_base_starting'====== Args={'player': 1, 'ball': 1, 'balls_remaining': 2, 'is_extra_ball': False}
2024-05-14 15:02:46,593 : INFO : Mode.base : Started. Priority: 100
2024-05-14 15:02:46,593 : INFO : EventManager : Event: ======'modes_active_modes_changed'====== Args={}
2024-05-14 15:02:46,593 : INFO : EventManager : Event: ======'mode_base_started'====== Args={'player': 1, 'ball': 1, 'balls_remaining': 2, 'is_extra_ball': False}
2024-05-14 15:02:46,593 : INFO : Mode.char_select : Started. Priority: 501
2024-05-14 15:02:46,593 : INFO : EventManager : Event: ======'modes_active_modes_changed'====== Args={}
2024-05-14 15:02:46,593 : INFO : EventManager : Event: ======'mode_char_select_started'====== Args={'player': 1, 'ball': 1, 'balls_remaining': 2, 'is_extra_ball': False}
2024-05-14 15:02:46,593 : INFO : EventManager : Event: ======'item_highlighted'====== Args={'carousel': 'char_select', 'direction': None, 'item': 'percy'}
2024-05-14 15:02:46,594 : INFO : EventManager : Event: ======'single_player_ball_started'====== Args={}
2024-05-14 15:02:46,604 : INFO : EventManager : Event: ======'ball_start_target'====== Args={'target': 'playfield'}
2024-05-14 15:02:46,604 : INFO : ball_device.bd_plunger : Setting up player-controlled eject. Balls: 1, Target: <playfield.playfield>, player_controlled_eject_event: None
2024-05-14 15:02:46,604 : INFO : EventManager : Event: ======'balldevice_balls_available'====== Args={}
2024-05-14 15:02:46,605 : INFO : ball_device.bd_trough : State: waiting_for_target_ready
2024-05-14 15:02:46,605 : INFO : EventManager : Event: ======'balldevice_bd_trough_ball_eject_attempt'====== Args={'balls': 1, 'target': <ball_device.bd_plunger>, 'source': <ball_device.bd_trough>, 'mechanical_eject': True, 'num_attempts': 0}
2024-05-14 15:02:46,605 : INFO : ball_device.bd_plunger : State: waiting_for_ball
2024-05-14 15:02:46,605 : INFO : ball_device.bd_trough : State: ejecting
2024-05-14 15:02:46,605 : INFO : ball_device.bd_trough : Ejecting ball to <ball_device.bd_plunger>
2024-05-14 15:02:46,605 : INFO : EventManager : Event: ======'balldevice_bd_trough_ejecting_ball'====== Args={'balls': 1, 'target': <ball_device.bd_plunger>, 'source': <ball_device.bd_trough>, 'mechanical_eject': True, 'num_attempts': 0}
2024-05-14 15:02:46,605 : INFO : ball_device.bd_trough : Wait for ball to leave device
2024-05-14 15:02:46,606 : INFO : coil.c_trough_eject_coil : Pulsing Driver for 15ms (1.0 pulse_power)
2024-05-14 15:02:46,615 : INFO : EventManager : Event: ======'slide_base_created'====== Args={'_from_bcp': True}
2024-05-14 15:02:46,615 : INFO : EventManager : Event: ======'slide_attract_inactive'====== Args={'_from_bcp': True}
2024-05-14 15:02:46,615 : INFO : EventManager : Event: ======'slide_base_active'====== Args={'original_context': 'base', 'original_calling_context': 'mode_base_started', 'cmd': 'slides_play', '_from_bcp': True}
2024-05-14 15:02:46,615 : INFO : EventManager : Event: ======'slide_attract_removed'====== Args={'_from_bcp': True}
2024-05-14 15:02:46,761 : INFO : EventManager : Event: ======'slide_char_select_created'====== Args={'_from_bcp': True}
2024-05-14 15:02:46,762 : INFO : EventManager : Event: ======'slide_base_inactive'====== Args={'_from_bcp': True}
2024-05-14 15:02:46,762 : INFO : EventManager : Event: ======'slide_char_select_active'====== Args={'original_context': 'char_select', 'original_calling_context': 'mode_char_select_started', 'cmd': 'slides_play', '_from_bcp': True}
2024-05-14 15:02:47,439 : INFO : EventManager : Event: ======'s_ab_active'====== Args={'_from_bcp': True}
2024-05-14 15:02:47,439 : INFO : EventManager : Event: ======'char_select_percy_selected'====== Args={}
2024-05-14 15:02:47,440 : INFO : EventManager : Event: ======'char_select_item_selected'====== Args={}
2024-05-14 15:02:47,440 : INFO : EventManager : Event: ======'player_selected_champ'====== Args={'value': 'percy', 'prev_value': 0, 'change': True, 'player_num': 1, 'source': 'char_select'}
2024-05-14 15:02:47,440 : INFO : EventManager : Event: ======'mode_char_select_will_stop'====== Args={}
2024-05-14 15:02:47,440 : INFO : EventManager : Event: ======'mode_char_select_stopping'====== Args={}
2024-05-14 15:02:47,440 : INFO : EventManager : Event: ======'player_is_selected_champ'====== Args={'value': 1, 'prev_value': 0, 'change': 1, 'player_num': 1, 'source': 'char_select'}
2024-05-14 15:02:47,440 : INFO : Mode.char_select : Stopped.
2024-05-14 15:02:47,440 : INFO : EventManager : Event: ======'modes_active_modes_changed'====== Args={}
2024-05-14 15:02:47,441 : INFO : EventManager : Event: ======'start_base'====== Args={}
2024-05-14 15:02:47,441 : INFO : EventManager : Event: ======'char_select_item_selected'====== Args={}
2024-05-14 15:02:47,441 : INFO : EventManager : Event: ======'mode_char_select_stopped'====== Args={}
2024-05-14 15:02:47,441 : INFO : EventManager : Event: ======'clear'====== Args={'key': 'char_select'}
2024-05-14 15:02:47,453 : INFO : EventManager : Event: ======'slide_char_select_inactive'====== Args={'_from_bcp': True}
2024-05-14 15:02:47,453 : INFO : EventManager : Event: ======'slide_base_active'====== Args={'_from_bcp': True}
2024-05-14 15:02:47,453 : INFO : EventManager : Event: ======'slide_char_select_removed'====== Args={'_from_bcp': True}
2024-05-14 15:02:48,608 : INFO : EventManager : Event: ======'balldevice_bd_trough_ball_eject_failed'====== Args={'target': <ball_device.bd_plunger>, 'balls': 1, 'retry': True, 'num_attempts': 1}
2024-05-14 15:02:48,608 : INFO : ball_device.bd_trough : State: waiting_for_target_ready
2024-05-14 15:02:48,608 : INFO : EventManager : Event: ======'balldevice_bd_trough_ball_eject_attempt'====== Args={'balls': 1, 'target': <ball_device.bd_plunger>, 'source': <ball_device.bd_trough>, 'mechanical_eject': True, 'num_attempts': 1}
2024-05-14 15:02:48,608 : INFO : ball_device.bd_trough : State: ejecting
2024-05-14 15:02:48,608 : INFO : ball_device.bd_trough : Ejecting ball to <ball_device.bd_plunger>
2024-05-14 15:02:48,609 : INFO : EventManager : Event: ======'balldevice_bd_trough_ejecting_ball'====== Args={'balls': 1, 'target': <ball_device.bd_plunger>, 'source': <ball_device.bd_trough>, 'mechanical_eject': True, 'num_attempts': 1}
2024-05-14 15:02:48,609 : INFO : ball_device.bd_trough : Wait for ball to leave device
2024-05-14 15:02:48,609 : INFO : coil.c_trough_eject_coil : Pulsing Driver for 15ms (1.0 pulse_power)
2024-05-14 15:02:48,848 : INFO : EventManager : Event: ======'s_mead_active'====== Args={'_from_bcp': True}
2024-05-14 15:02:48,848 : INFO : EventManager : Event: ======'play_mead_video_1'====== Args={'_from_bcp': True}
2024-05-14 15:02:48,848 : INFO : EventManager : Event: ======'player_score'====== Args={'value': 10000, 'prev_value': 0, 'change': 10000, 'player_num': 1, 'source': 'base'}
2024-05-14 15:02:48,849 : INFO : EventManager : Event: ======'player_last_score'====== Args={'value': 10000, 'prev_value': 0, 'change': 10000, 'player_num': 1, 'source': 'base'}
2024-05-14 15:02:50,619 : INFO : EventManager : Event: ======'balldevice_bd_trough_ball_eject_failed'====== Args={'target': <ball_device.bd_plunger>, 'balls': 1, 'retry': True, 'num_attempts': 2}
2024-05-14 15:02:50,619 : INFO : ball_device.bd_trough : State: waiting_for_target_ready
2024-05-14 15:02:50,619 : INFO : EventManager : Event: ======'balldevice_bd_trough_ball_eject_attempt'====== Args={'balls': 1, 'target': <ball_device.bd_plunger>, 'source': <ball_device.bd_trough>, 'mechanical_eject': True, 'num_attempts': 2}
2024-05-14 15:02:50,619 : INFO : ball_device.bd_trough : State: ejecting
2024-05-14 15:02:50,619 : INFO : ball_device.bd_trough : Ejecting ball to <ball_device.bd_plunger>
2024-05-14 15:02:50,619 : INFO : EventManager : Event: ======'balldevice_bd_trough_ejecting_ball'====== Args={'balls': 1, 'target': <ball_device.bd_plunger>, 'source': <ball_device.bd_trough>, 'mechanical_eject': True, 'num_attempts': 2}
2024-05-14 15:02:50,619 : INFO : ball_device.bd_trough : Wait for ball to leave device
2024-05-14 15:02:50,619 : INFO : coil.c_trough_eject_coil : Pulsing Driver for 15ms (1.0 pulse_power)
2024-05-14 15:02:51,164 : INFO : EventManager : Event: ======'resume_bg'====== Args={'_from_bcp': True}
2024-05-14 15:02:52,640 : INFO : EventManager : Event: ======'balldevice_bd_trough_ball_eject_failed'====== Args={'target': <ball_device.bd_plunger>, 'balls': 1, 'retry': True, 'num_attempts': 3}
2024-05-14 15:02:52,640 : INFO : ball_device.bd_trough : State: waiting_for_target_ready
2024-05-14 15:02:52,640 : INFO : EventManager : Event: ======'balldevice_bd_trough_ball_eject_attempt'====== Args={'balls': 1, 'target': <ball_device.bd_plunger>, 'source': <ball_device.bd_trough>, 'mechanical_eject': True, 'num_attempts': 3}
2024-05-14 15:02:52,640 : INFO : ball_device.bd_trough : State: ejecting
2024-05-14 15:02:52,640 : INFO : ball_device.bd_trough : Ejecting ball to <ball_device.bd_plunger>
2024-05-14 15:02:52,640 : INFO : EventManager : Event: ======'balldevice_bd_trough_ejecting_ball'====== Args={'balls': 1, 'target': <ball_device.bd_plunger>, 'source': <ball_device.bd_trough>, 'mechanical_eject': True, 'num_attempts': 3}
2024-05-14 15:02:52,640 : INFO : ball_device.bd_trough : Wait for ball to leave device
2024-05-14 15:02:52,641 : INFO : coil.c_trough_eject_coil : Pulsing Driver for 15ms (1.0 pulse_power)
2024-05-14 15:02:52,738 : INFO : EventManager : Event: ======'s_scanlan_active'====== Args={'_from_bcp': True}
2024-05-14 15:02:52,738 : INFO : EventManager : Event: ======'play_scan_video_1'====== Args={'_from_bcp': True}
2024-05-14 15:02:52,738 : INFO : EventManager : Event: ======'player_score'====== Args={'value': 25000, 'prev_value': 10000, 'change': 15000, 'player_num': 1, 'source': 'base'}
2024-05-14 15:02:52,738 : INFO : EventManager : Event: ======'player_last_score'====== Args={'value': 15000, 'prev_value': 10000, 'change': 5000, 'player_num': 1, 'source': 'base'}
2024-05-14 15:02:54,644 : INFO : EventManager : Event: ======'balldevice_bd_trough_ball_eject_failed'====== Args={'target': <ball_device.bd_plunger>, 'balls': 1, 'retry': True, 'num_attempts': 4}
2024-05-14 15:02:54,644 : INFO : ball_device.bd_trough : State: waiting_for_target_ready
2024-05-14 15:02:54,644 : INFO : EventManager : Event: ======'balldevice_bd_trough_ball_eject_attempt'====== Args={'balls': 1, 'target': <ball_device.bd_plunger>, 'source': <ball_device.bd_trough>, 'mechanical_eject': True, 'num_attempts': 4}
2024-05-14 15:02:54,644 : INFO : ball_device.bd_trough : State: ejecting
2024-05-14 15:02:54,644 : INFO : ball_device.bd_trough : Ejecting ball to <ball_device.bd_plunger>
2024-05-14 15:02:54,644 : INFO : EventManager : Event: ======'balldevice_bd_trough_ejecting_ball'====== Args={'balls': 1, 'target': <ball_device.bd_plunger>, 'source': <ball_device.bd_trough>, 'mechanical_eject': True, 'num_attempts': 4}
2024-05-14 15:02:54,644 : INFO : ball_device.bd_trough : Wait for ball to leave device
2024-05-14 15:02:54,645 : INFO : coil.c_trough_eject_coil : Pulsing Driver for 15ms (1.0 pulse_power)
2024-05-14 15:02:56,654 : INFO : EventManager : Event: ======'balldevice_bd_trough_ball_eject_failed'====== Args={'target': <ball_device.bd_plunger>, 'balls': 1, 'retry': True, 'num_attempts': 5}
2024-05-14 15:02:56,654 : INFO : ball_device.bd_trough : State: waiting_for_target_ready
2024-05-14 15:02:56,654 : INFO : EventManager : Event: ======'balldevice_bd_trough_ball_eject_attempt'====== Args={'balls': 1, 'target': <ball_device.bd_plunger>, 'source': <ball_device.bd_trough>, 'mechanical_eject': True, 'num_attempts': 5}
2024-05-14 15:02:56,654 : INFO : ball_device.bd_trough : State: ejecting
2024-05-14 15:02:56,654 : INFO : ball_device.bd_trough : Ejecting ball to <ball_device.bd_plunger>
2024-05-14 15:02:56,654 : INFO : EventManager : Event: ======'balldevice_bd_trough_ejecting_ball'====== Args={'balls': 1, 'target': <ball_device.bd_plunger>, 'source': <ball_device.bd_trough>, 'mechanical_eject': True, 'num_attempts': 5}
2024-05-14 15:02:56,655 : INFO : ball_device.bd_trough : Wait for ball to leave device
2024-05-14 15:02:56,655 : INFO : coil.c_trough_eject_coil : Pulsing Driver for 15ms (1.0 pulse_power)
2024-05-14 15:02:58,676 : INFO : EventManager : Event: ======'balldevice_bd_trough_ball_eject_failed'====== Args={'target': <ball_device.bd_plunger>, 'balls': 1, 'retry': True, 'num_attempts': 6}
2024-05-14 15:02:58,676 : INFO : ball_device.bd_trough : State: waiting_for_target_ready
2024-05-14 15:02:58,676 : INFO : EventManager : Event: ======'balldevice_bd_trough_ball_eject_attempt'====== Args={'balls': 1, 'target': <ball_device.bd_plunger>, 'source': <ball_device.bd_trough>, 'mechanical_eject': True, 'num_attempts': 6}
2024-05-14 15:02:58,676 : INFO : ball_device.bd_trough : State: ejecting
2024-05-14 15:02:58,676 : INFO : ball_device.bd_trough : Ejecting ball to <ball_device.bd_plunger>
2024-05-14 15:02:58,676 : INFO : EventManager : Event: ======'balldevice_bd_trough_ejecting_ball'====== Args={'balls': 1, 'target': <ball_device.bd_plunger>, 'source': <ball_device.bd_trough>, 'mechanical_eject': True, 'num_attempts': 6}
2024-05-14 15:02:58,677 : INFO : ball_device.bd_trough : Wait for ball to leave device
2024-05-14 15:02:58,677 : INFO : coil.c_trough_eject_coil : Pulsing Driver for 15ms (1.0 pulse_power)
2024-05-14 15:03:00,682 : INFO : EventManager : Event: ======'balldevice_bd_trough_ball_eject_failed'====== Args={'target': <ball_device.bd_plunger>, 'balls': 1, 'retry': True, 'num_attempts': 7}
2024-05-14 15:03:00,682 : INFO : ball_device.bd_trough : State: waiting_for_target_ready
2024-05-14 15:03:00,682 : INFO : EventManager : Event: ======'balldevice_bd_trough_ball_eject_attempt'====== Args={'balls': 1, 'target': <ball_device.bd_plunger>, 'source': <ball_device.bd_trough>, 'mechanical_eject': True, 'num_attempts': 7}
2024-05-14 15:03:00,682 : INFO : ball_device.bd_trough : State: ejecting
2024-05-14 15:03:00,682 : INFO : ball_device.bd_trough : Ejecting ball to <ball_device.bd_plunger>
2024-05-14 15:03:00,682 : INFO : EventManager : Event: ======'balldevice_bd_trough_ejecting_ball'====== Args={'balls': 1, 'target': <ball_device.bd_plunger>, 'source': <ball_device.bd_trough>, 'mechanical_eject': True, 'num_attempts': 7}
2024-05-14 15:03:00,682 : INFO : ball_device.bd_trough : Wait for ball to leave device
2024-05-14 15:03:00,682 : INFO : coil.c_trough_eject_coil : Pulsing Driver for 15ms (1.0 pulse_power)
2024-05-14 15:03:02,694 : INFO : EventManager : Event: ======'balldevice_bd_trough_ball_eject_failed'====== Args={'target': <ball_device.bd_plunger>, 'balls': 1, 'retry': True, 'num_attempts': 8}
2024-05-14 15:03:02,694 : INFO : ball_device.bd_trough : State: waiting_for_target_ready
2024-05-14 15:03:02,694 : INFO : EventManager : Event: ======'balldevice_bd_trough_ball_eject_attempt'====== Args={'balls': 1, 'target': <ball_device.bd_plunger>, 'source': <ball_device.bd_trough>, 'mechanical_eject': True, 'num_attempts': 8}
2024-05-14 15:03:02,694 : INFO : ball_device.bd_trough : State: ejecting
2024-05-14 15:03:02,694 : INFO : ball_device.bd_trough : Ejecting ball to <ball_device.bd_plunger>
2024-05-14 15:03:02,694 : INFO : EventManager : Event: ======'balldevice_bd_trough_ejecting_ball'====== Args={'balls': 1, 'target': <ball_device.bd_plunger>, 'source': <ball_device.bd_trough>, 'mechanical_eject': True, 'num_attempts': 8}
2024-05-14 15:03:02,694 : INFO : ball_device.bd_trough : Wait for ball to leave device
2024-05-14 15:03:02,694 : INFO : coil.c_trough_eject_coil : Pulsing Driver for 15ms (1.0 pulse_power)
2024-05-14 15:03:04,690 : INFO : EventManager : Event: ======'balldevice_bd_trough_ball_eject_failed'====== Args={'target': <ball_device.bd_plunger>, 'balls': 1, 'retry': True, 'num_attempts': 9}
2024-05-14 15:03:04,690 : INFO : ball_device.bd_trough : State: waiting_for_target_ready
2024-05-14 15:03:04,690 : INFO : EventManager : Event: ======'balldevice_bd_trough_ball_eject_attempt'====== Args={'balls': 1, 'target': <ball_device.bd_plunger>, 'source': <ball_device.bd_trough>, 'mechanical_eject': True, 'num_attempts': 9}
2024-05-14 15:03:04,690 : INFO : ball_device.bd_trough : State: ejecting
2024-05-14 15:03:04,690 : INFO : ball_device.bd_trough : Ejecting ball to <ball_device.bd_plunger>
2024-05-14 15:03:04,690 : INFO : EventManager : Event: ======'balldevice_bd_trough_ejecting_ball'====== Args={'balls': 1, 'target': <ball_device.bd_plunger>, 'source': <ball_device.bd_trough>, 'mechanical_eject': True, 'num_attempts': 9}
2024-05-14 15:03:04,690 : INFO : ball_device.bd_trough : Wait for ball to leave device
2024-05-14 15:03:04,690 : INFO : coil.c_trough_eject_coil : Pulsing Driver for 15ms (1.0 pulse_power)
2024-05-14 15:03:06,689 : INFO : EventManager : Event: ======'balldevice_bd_trough_ball_eject_failed'====== Args={'target': <ball_device.bd_plunger>, 'balls': 1, 'retry': True, 'num_attempts': 10}
2024-05-14 15:03:06,689 : INFO : ball_device.bd_trough : State: waiting_for_target_ready
2024-05-14 15:03:06,689 : INFO : EventManager : Event: ======'balldevice_bd_trough_ball_eject_attempt'====== Args={'balls': 1, 'target': <ball_device.bd_plunger>, 'source': <ball_device.bd_trough>, 'mechanical_eject': True, 'num_attempts': 10}
2024-05-14 15:03:06,689 : INFO : ball_device.bd_trough : State: ejecting
2024-05-14 15:03:06,689 : INFO : ball_device.bd_trough : Ejecting ball to <ball_device.bd_plunger>
2024-05-14 15:03:06,689 : INFO : EventManager : Event: ======'balldevice_bd_trough_ejecting_ball'====== Args={'balls': 1, 'target': <ball_device.bd_plunger>, 'source': <ball_device.bd_trough>, 'mechanical_eject': True, 'num_attempts': 10}
2024-05-14 15:03:06,689 : INFO : ball_device.bd_trough : Wait for ball to leave device
2024-05-14 15:03:06,689 : INFO : coil.c_trough_eject_coil : Pulsing Driver for 15ms (1.0 pulse_power)
2024-05-14 15:03:06,999 : INFO : EventManager : Event: ======'resume_bg'====== Args={'_from_bcp': True}
2024-05-14 15:03:08,694 : INFO : EventManager : Event: ======'balldevice_bd_trough_ball_eject_failed'====== Args={'target': <ball_device.bd_plunger>, 'balls': 1, 'retry': True, 'num_attempts': 11}
2024-05-14 15:03:08,694 : INFO : ball_device.bd_trough : State: waiting_for_target_ready
2024-05-14 15:03:08,694 : INFO : EventManager : Event: ======'balldevice_bd_trough_ball_eject_attempt'====== Args={'balls': 1, 'target': <ball_device.bd_plunger>, 'source': <ball_device.bd_trough>, 'mechanical_eject': True, 'num_attempts': 11}
2024-05-14 15:03:08,694 : INFO : ball_device.bd_trough : State: ejecting
2024-05-14 15:03:08,694 : INFO : ball_device.bd_trough : Ejecting ball to <ball_device.bd_plunger>
2024-05-14 15:03:08,694 : INFO : EventManager : Event: ======'balldevice_bd_trough_ejecting_ball'====== Args={'balls': 1, 'target': <ball_device.bd_plunger>, 'source': <ball_device.bd_trough>, 'mechanical_eject': True, 'num_attempts': 11}
2024-05-14 15:03:08,694 : INFO : ball_device.bd_trough : Wait for ball to leave device
2024-05-14 15:03:08,694 : INFO : coil.c_trough_eject_coil : Pulsing Driver for 15ms (1.0 pulse_power)
2024-05-14 15:03:10,549 : INFO : EventManager : Event: ======'s_mead_active'====== Args={'_from_bcp': True}
2024-05-14 15:03:10,549 : INFO : EventManager : Event: ======'play_mead_video_2'====== Args={'_from_bcp': True}
2024-05-14 15:03:10,549 : INFO : EventManager : Event: ======'player_score'====== Args={'value': 35000, 'prev_value': 25000, 'change': 10000, 'player_num': 1, 'source': 'base'}
2024-05-14 15:03:10,550 : INFO : EventManager : Event: ======'player_last_score'====== Args={'value': 10000, 'prev_value': 15000, 'change': -5000, 'player_num': 1, 'source': 'base'}
2024-05-14 15:03:10,704 : INFO : EventManager : Event: ======'balldevice_bd_trough_ball_eject_failed'====== Args={'target': <ball_device.bd_plunger>, 'balls': 1, 'retry': True, 'num_attempts': 12}
2024-05-14 15:03:10,704 : INFO : ball_device.bd_trough : State: waiting_for_target_ready
2024-05-14 15:03:10,704 : INFO : EventManager : Event: ======'balldevice_bd_trough_ball_eject_attempt'====== Args={'balls': 1, 'target': <ball_device.bd_plunger>, 'source': <ball_device.bd_trough>, 'mechanical_eject': True, 'num_attempts': 12}
2024-05-14 15:03:10,704 : INFO : ball_device.bd_trough : State: ejecting
2024-05-14 15:03:10,704 : INFO : ball_device.bd_trough : Ejecting ball to <ball_device.bd_plunger>
2024-05-14 15:03:10,704 : INFO : EventManager : Event: ======'balldevice_bd_trough_ejecting_ball'====== Args={'balls': 1, 'target': <ball_device.bd_plunger>, 'source': <ball_device.bd_trough>, 'mechanical_eject': True, 'num_attempts': 12}
2024-05-14 15:03:10,704 : INFO : ball_device.bd_trough : Wait for ball to leave device
2024-05-14 15:03:10,704 : INFO : coil.c_trough_eject_coil : Pulsing Driver for 15ms (1.0 pulse_power)
2024-05-14 15:03:12,716 : INFO : EventManager : Event: ======'balldevice_bd_trough_ball_eject_failed'====== Args={'target': <ball_device.bd_plunger>, 'balls': 1, 'retry': True, 'num_attempts': 13}
2024-05-14 15:03:12,717 : INFO : ball_device.bd_trough : State: waiting_for_target_ready
2024-05-14 15:03:12,717 : INFO : EventManager : Event: ======'balldevice_bd_trough_ball_eject_attempt'====== Args={'balls': 1, 'target': <ball_device.bd_plunger>, 'source': <ball_device.bd_trough>, 'mechanical_eject': True, 'num_attempts': 13}
2024-05-14 15:03:12,717 : INFO : ball_device.bd_trough : State: ejecting
2024-05-14 15:03:12,717 : INFO : ball_device.bd_trough : Ejecting ball to <ball_device.bd_plunger>
2024-05-14 15:03:12,717 : INFO : EventManager : Event: ======'balldevice_bd_trough_ejecting_ball'====== Args={'balls': 1, 'target': <ball_device.bd_plunger>, 'source': <ball_device.bd_trough>, 'mechanical_eject': True, 'num_attempts': 13}
2024-05-14 15:03:12,717 : INFO : ball_device.bd_trough : Wait for ball to leave device
2024-05-14 15:03:12,717 : INFO : coil.c_trough_eject_coil : Pulsing Driver for 15ms (1.0 pulse_power)
2024-05-14 15:03:14,547 : INFO : Machine : Shutting down...
2024-05-14 15:03:14,547 : INFO : EventManager : Event: ======'shutdown'====== Args={}
2024-05-14 15:03:14,551 : INFO : EventManager : Event: ======'mode_game_will_stop'====== Args={}
2024-05-14 15:03:14,551 : INFO : EventManager : Event: ======'mode_game_stopping'====== Args={}
2024-05-14 15:03:14,552 : INFO : EventManager : Event: ======'mode_base_will_stop'====== Args={}
2024-05-14 15:03:14,552 : INFO : EventManager : Event: ======'mode_base_stopping'====== Args={}
2024-05-14 15:03:14,552 : INFO : Mode.base : Stopped.
2024-05-14 15:03:14,552 : INFO : EventManager : Event: ======'modes_active_modes_changed'====== Args={}
2024-05-14 15:03:14,552 : INFO : EventManager : Event: ======'mode_base_stopped'====== Args={}
2024-05-14 15:03:14,552 : INFO : EventManager : Event: ======'clear'====== Args={'key': 'base'}
2024-05-14 15:03:14,553 : INFO : Mode.game : Stopped.
2024-05-14 15:03:14,553 : INFO : EventManager : Event: ======'modes_active_modes_changed'====== Args={}
2024-05-14 15:03:14,553 : INFO : EventManager : Event: ======'mode_game_stopped'====== Args={}
2024-05-14 15:03:14,553 : INFO : EventManager : Event: ======'clear'====== Args={'key': 'game'}
2024-05-14 15:03:14,554 : INFO : root : MPF run loop ended.
