2024-06-18 20:37:32,125 : INFO : root : Loading config.
2024-06-18 20:37:32,127 : INFO : YamlMultifileConfigLoader : Machine config file #1: config.yaml
2024-06-18 20:37:32,128 : INFO : ConfigProcessor : Loading config from cache: C:\Users\octo\AppData\Local\Temp\67114de119ffda0ef143dfc9c8b88aec.mpf_cache
2024-06-18 20:37:32,170 : DEBUG : YamlMultifileConfigLoader : Loading mode attract from c:\git\new folder (6)\mpf\mpf\modes\attract\config\attract.yaml
2024-06-18 20:37:32,170 : DEBUG : YamlMultifileConfigLoader : Loading mode attract from c:\git\new folder (6)\mpf\mpf\modes\attract\config\attract.yaml
2024-06-18 20:37:32,171 : WARNING : ConfigProcessor : Config file in cache changed: C:\Users\octo\Downloads\homebrew\modes\attract\config\attract.yaml
2024-06-18 20:37:32,171 : INFO : ConfigProcessor : Loading config from file c:\git\new folder (6)\mpf\mpf\modes\attract\config\attract.yaml.
2024-06-18 20:37:32,171 : DEBUG : YAML File Interface : Loading file: c:\git\new folder (6)\mpf\mpf\modes\attract\config\attract.yaml
2024-06-18 20:37:32,172 : INFO : ConfigProcessor : Loading config: c:\git\new folder (6)\mpf\mpf\modes\attract\config\attract.yaml
2024-06-18 20:37:32,172 : INFO : ConfigProcessor : Loading config from file C:\Users\octo\Downloads\homebrew\modes\attract\config\attract.yaml.
2024-06-18 20:37:32,172 : DEBUG : YAML File Interface : Loading file: C:\Users\octo\Downloads\homebrew\modes\attract\config\attract.yaml
2024-06-18 20:37:32,173 : INFO : ConfigProcessor : Loading config: C:\Users\octo\Downloads\homebrew\modes\attract\config\attract.yaml
2024-06-18 20:37:32,173 : INFO : ConfigProcessor : Config file cache created: C:\Users\octo\AppData\Local\Temp\d4fb548c2902111733185c907c7e02f2.mpf_cache
2024-06-18 20:37:32,173 : DEBUG : YamlMultifileConfigLoader : Loading mode game from c:\git\new folder (6)\mpf\mpf\modes\game\config\game.yaml
2024-06-18 20:37:32,174 : INFO : ConfigProcessor : Loading config from cache: C:\Users\octo\AppData\Local\Temp\5cdf3f6f669e12795623fbd605d1b6a0.mpf_cache
2024-06-18 20:37:32,174 : DEBUG : YamlMultifileConfigLoader : Loading mode base from c:\git\new folder (6)\mpf\mpf\modes\base\config\base.yaml
2024-06-18 20:37:32,174 : INFO : ConfigProcessor : Loading config from cache: C:\Users\octo\AppData\Local\Temp\e87c946bbd0a2e05a931f281fca6458e.mpf_cache
2024-06-18 20:37:32,174 : DEBUG : YamlMultifileConfigLoader : Loading mode attract from c:\git\new folder (6)\mpf\mpf\modes\attract\config\attract.yaml
2024-06-18 20:37:32,175 : DEBUG : YamlMultifileConfigLoader : Loading mode attract from c:\git\new folder (6)\mpf\mpf\modes\attract\config\attract.yaml
2024-06-18 20:37:32,175 : INFO : ConfigProcessor : Loading config from cache: C:\Users\octo\AppData\Local\Temp\d4fb548c2902111733185c907c7e02f2.mpf_cache
2024-06-18 20:37:32,178 : DEBUG : YamlMultifileConfigLoader : Loading mode char_select from c:\git\new folder (6)\mpf\mpf\modes\char_select\config\char_select.yaml
2024-06-18 20:37:32,178 : INFO : ConfigProcessor : Loading config from cache: C:\Users\octo\AppData\Local\Temp\da852937ccb56145866cf54922bc01f8.mpf_cache
2024-06-18 20:37:32,179 : INFO : Machine : Mission Pinball Framework Core Engine v0.80.0.dev1
2024-06-18 20:37:32,179 : INFO : Machine : Command line arguments: {'no_load_cache': False, 'create_config_cache': True, 'bcp': True, 'configfile': ['config.yaml'], 'force_assets_load': False, 'platform_integration_test': False, 'jsonlogging': False, 'logfile': 'logs\\2024-06-18-20-37-32-mpf-DESKTOP-BQT92E0.log', 'pause': False, 'production': False, 'text_ui': True, 'loglevel': 10, 'consoleloglevel': 10, 'force_platform': 'virtual', 'syslog_address': None, 'mc_file_name': None, 'no_sound': False}
2024-06-18 20:37:32,179 : INFO : Machine : MPF path: c:\git\new folder (6)\mpf\mpf
2024-06-18 20:37:32,179 : INFO : Machine : Machine path: C:\Users\octo\Downloads\homebrew
2024-06-18 20:37:32,179 : INFO : Machine : Platform: win32
2024-06-18 20:37:32,179 : INFO : Machine : Python executable location: C:\Users\octo\AppData\Local\Programs\Python\Python310\python.exe
2024-06-18 20:37:32,179 : INFO : Machine : Python version: 3.10.0 (64-bit)
2024-06-18 20:37:32,180 : DEBUG : asyncio : Using proactor: IocpProactor
2024-06-18 20:37:32,180 : INFO : Machine : Initializing MPF...
2024-06-18 20:37:32,183 : DEBUG : Virtual Platform : Configuring virtual hardware interface.
2024-06-18 20:37:32,211 : DEBUG : asciimatics.widgets.layout : Updating: None
2024-06-18 20:37:32,211 : DEBUG : asciimatics.widgets.layout : Updating: None
2024-06-18 20:37:32,211 : DEBUG : asciimatics.widgets.layout : Updating: None
2024-06-18 20:37:32,211 : DEBUG : asciimatics.widgets.layout : Updating: None
2024-06-18 20:37:32,211 : DEBUG : asciimatics.widgets.layout : Updating: None
2024-06-18 20:37:32,211 : DEBUG : asciimatics.widgets.layout : Updating: None
2024-06-18 20:37:32,211 : DEBUG : asciimatics.widgets.layout : Updating: None
2024-06-18 20:37:32,211 : DEBUG : asciimatics.widgets.layout : Updating: None
2024-06-18 20:37:32,211 : DEBUG : asciimatics.widgets.layout : Updating: None
2024-06-18 20:37:32,211 : DEBUG : asciimatics.widgets.layout : Updating: None
2024-06-18 20:37:32,211 : DEBUG : asciimatics.widgets.layout : Updating: None
2024-06-18 20:37:32,211 : DEBUG : asciimatics.widgets.layout : Updating: None
2024-06-18 20:37:32,211 : DEBUG : asciimatics.widgets.widget : Widget blur: <asciimatics.widgets.label.Label object at 0x000001C7D69CA330>
2024-06-18 20:37:32,211 : DEBUG : asciimatics.widgets.widget : Widget blur: <asciimatics.widgets.label.Label object at 0x000001C7D7586260>
2024-06-18 20:37:32,211 : DEBUG : asciimatics.widgets.widget : Widget blur: <asciimatics.widgets.label.Label object at 0x000001C7D7586330>
2024-06-18 20:37:32,211 : DEBUG : asciimatics.widgets.layout : Blur: <asciimatics.widgets.layout.Layout object at 0x000001C7D765ACE0>
2024-06-18 20:37:32,211 : DEBUG : asciimatics.widgets.layout : Blur: <mpf.core.text_ui.MpfLayout object at 0x000001C7D76887B0>
2024-06-18 20:37:32,211 : DEBUG : asciimatics.widgets.layout : Updating: None
2024-06-18 20:37:32,211 : DEBUG : asciimatics.widgets.layout : Updating: None
2024-06-18 20:37:32,211 : DEBUG : asciimatics.widgets.layout : Updating: None
2024-06-18 20:37:32,211 : DEBUG : asciimatics.widgets.layout : Updating: None
2024-06-18 20:37:32,211 : DEBUG : asciimatics.widgets.layout : Updating: None
2024-06-18 20:37:32,211 : DEBUG : asciimatics.widgets.layout : Updating: None
2024-06-18 20:37:32,212 : DEBUG : asciimatics.widgets.widget : Widget blur: <asciimatics.widgets.label.Label object at 0x000001C7D7586740>
2024-06-18 20:37:32,212 : DEBUG : asciimatics.widgets.widget : Widget blur: <asciimatics.widgets.label.Label object at 0x000001C7D7586670>
2024-06-18 20:37:32,212 : DEBUG : asciimatics.widgets.widget : Widget blur: <asciimatics.widgets.label.Label object at 0x000001C7D7586810>
2024-06-18 20:37:32,212 : DEBUG : asciimatics.widgets.widget : Widget blur: <asciimatics.widgets.label.Label object at 0x000001C7D75865A0>
2024-06-18 20:37:32,212 : DEBUG : asciimatics.widgets.widget : Widget blur: <asciimatics.widgets.label.Label object at 0x000001C7D75864D0>
2024-06-18 20:37:32,212 : DEBUG : asciimatics.widgets.widget : Widget blur: <asciimatics.widgets.label.Label object at 0x000001C7D7586400>
2024-06-18 20:37:32,212 : DEBUG : asciimatics.widgets.layout : Blur: <asciimatics.widgets.layout.Layout object at 0x000001C7D765ADA0>
2024-06-18 20:37:32,212 : DEBUG : asciimatics.widgets.layout : Focus: <asciimatics.widgets.layout.Layout object at 0x000001C7D765ACE0>
2024-06-18 20:37:32,212 : DEBUG : asciimatics.widgets.layout : Focus: <mpf.core.text_ui.MpfLayout object at 0x000001C7D76887B0>
2024-06-18 20:37:32,212 : DEBUG : asciimatics.widgets.layout : Focus: <asciimatics.widgets.layout.Layout object at 0x000001C7D765ADA0>
2024-06-18 20:37:32,212 : DEBUG : asciimatics.widgets.frame : Cloning: Test
2024-06-18 20:37:32,212 : DEBUG : asciimatics.widgets.layout : Updating: None
2024-06-18 20:37:32,212 : DEBUG : asciimatics.widgets.layout : Updating: None
2024-06-18 20:37:32,212 : DEBUG : asciimatics.widgets.layout : Updating: None
2024-06-18 20:37:32,212 : DEBUG : asciimatics.widgets.layout : Updating: None
2024-06-18 20:37:32,212 : DEBUG : asciimatics.widgets.layout : Updating: None
2024-06-18 20:37:32,212 : DEBUG : asciimatics.widgets.layout : Updating: None
2024-06-18 20:37:32,212 : DEBUG : asciimatics.widgets.layout : Updating: None
2024-06-18 20:37:32,212 : DEBUG : asciimatics.widgets.layout : Updating: None
2024-06-18 20:37:32,212 : DEBUG : asciimatics.widgets.layout : Updating: None
2024-06-18 20:37:32,212 : DEBUG : asciimatics.widgets.layout : Updating: None
2024-06-18 20:37:32,212 : DEBUG : asciimatics.widgets.layout : Updating: None
2024-06-18 20:37:32,212 : DEBUG : asciimatics.widgets.layout : Updating: None
2024-06-18 20:37:32,212 : DEBUG : asciimatics.widgets.layout : Updating: None
2024-06-18 20:37:32,212 : DEBUG : asciimatics.widgets.layout : Updating: None
2024-06-18 20:37:32,212 : DEBUG : asciimatics.widgets.layout : Updating: None
2024-06-18 20:37:32,212 : DEBUG : asciimatics.widgets.layout : Updating: None
2024-06-18 20:37:32,212 : DEBUG : asciimatics.widgets.layout : Updating: None
2024-06-18 20:37:32,212 : DEBUG : asciimatics.widgets.layout : Updating: None
2024-06-18 20:37:32,213 : DEBUG : asciimatics.screen : Processing key: d
2024-06-18 20:37:32,318 : INFO : EventManager : Event: ======'machine_var_credits_string'====== Args={'value': 'FREE PLAY', 'prev_value': None, 'change': True}
2024-06-18 20:37:32,326 : DEBUG : YAML File Interface : Loading file: C:\Users\octo\Downloads\homebrew\data/machine_vars.yaml
2024-06-18 20:37:32,327 : INFO : EventManager : Event: ======'machine_var_master_volume'====== Args={'value': 0.5, 'prev_value': None, 'change': True}
2024-06-18 20:37:32,327 : INFO : EventManager : Event: ======'machine_var_mpf_version'====== Args={'value': 'Mission Pinball Framework v0.80.0.dev1', 'prev_value': None, 'change': True}
2024-06-18 20:37:32,327 : INFO : EventManager : Event: ======'machine_var_mpf_extended_version'====== Args={'value': 'Mission Pinball Framework v0.80.0.dev1, Config version:6, Show version: 6, BCP version:1.1', 'prev_value': None, 'change': True}
2024-06-18 20:37:32,327 : INFO : EventManager : Event: ======'machine_var_python_version'====== Args={'value': '3.10.0', 'prev_value': None, 'change': True}
2024-06-18 20:37:32,333 : INFO : EventManager : Event: ======'machine_var_platform'====== Args={'value': 'Windows-10-10.0.19045-SP0', 'prev_value': None, 'change': True}
2024-06-18 20:37:32,333 : INFO : EventManager : Event: ======'machine_var_platform_system'====== Args={'value': 'Windows', 'prev_value': None, 'change': True}
2024-06-18 20:37:32,333 : INFO : EventManager : Event: ======'machine_var_platform_release'====== Args={'value': '10', 'prev_value': None, 'change': True}
2024-06-18 20:37:32,333 : INFO : EventManager : Event: ======'machine_var_platform_version'====== Args={'value': '10.0.19045', 'prev_value': None, 'change': True}
2024-06-18 20:37:32,333 : INFO : EventManager : Event: ======'machine_var_platform_machine'====== Args={'value': 'AMD64', 'prev_value': None, 'change': True}
2024-06-18 20:37:32,333 : INFO : EventManager : Event: ======'init_phase_1'====== Args={}
2024-06-18 20:37:32,333 : DEBUG : ModeController : Loaded mode base
2024-06-18 20:37:32,336 : DEBUG : ModeController : Loaded mode char_select
2024-06-18 20:37:32,337 : DEBUG : ModeController : Loaded mode attract
2024-06-18 20:37:32,338 : DEBUG : ModeController : Loaded mode game
2024-06-18 20:37:32,343 : INFO : EventManager : Event: ======'init_phase_2'====== Args={}
2024-06-18 20:37:32,343 : INFO : SwitchController : Found active switch: ('3208-8', <Platform.Virtual>) <switch.s_trough_ball_2>
2024-06-18 20:37:32,343 : INFO : SwitchController : Found active switch: ('3208-9', <Platform.Virtual>) <switch.s_trough_ball_3>
2024-06-18 20:37:32,343 : INFO : SwitchController : Found active switch: ('3208-13', <Platform.Virtual>) <switch.s_trough_ball_1>
2024-06-18 20:37:32,345 : INFO : EventManager : Event: ======'bcp_connection_attempt'====== Args={'name': 'local_display', 'host': 'localhost', 'port': 5050}
2024-06-18 20:37:32,346 : DEBUG : asciimatics.widgets.layout : Updating: message
2024-06-18 20:37:32,346 : DEBUG : asciimatics.widgets.layout : Updating: message
2024-06-18 20:37:32,346 : DEBUG : asciimatics.widgets.widget : Widget blur: <asciimatics.widgets.textbox.TextBox object at 0x000001C7D7674EE0>
2024-06-18 20:37:32,346 : DEBUG : asciimatics.widgets.layout : Blur: <asciimatics.widgets.layout.Layout object at 0x000001C7D77C55A0>
2024-06-18 20:37:32,346 : DEBUG : asciimatics.widgets.layout : Blur: <asciimatics.widgets.layout.Layout object at 0x000001C7D77C5600>
2024-06-18 20:37:32,346 : DEBUG : asciimatics.widgets.layout : Focus: <asciimatics.widgets.layout.Layout object at 0x000001C7D77C55A0>
2024-06-18 20:37:32,346 : DEBUG : asciimatics.widgets.layout : Focus: <asciimatics.widgets.layout.Layout object at 0x000001C7D77C5600>
2024-06-18 20:37:32,346 : INFO : BCPClientSocket : Connecting BCP to 'local_display' at localhost:5050...
2024-06-18 20:37:32,352 : INFO : BCPClientSocket : Connected BCP to 'local_display' localhost:5050
2024-06-18 20:37:32,353 : INFO : EventManager : Event: ======'bcp_clients_connected'====== Args={}
2024-06-18 20:37:32,354 : DEBUG : asciimatics.widgets.layout : Updating: None
2024-06-18 20:37:32,355 : DEBUG : asciimatics.widgets.layout : Updating: None
2024-06-18 20:37:32,355 : DEBUG : asciimatics.widgets.layout : Updating: None
2024-06-18 20:37:32,355 : DEBUG : asciimatics.widgets.layout : Updating: None
2024-06-18 20:37:32,355 : DEBUG : asciimatics.widgets.layout : Updating: None
2024-06-18 20:37:32,355 : DEBUG : asciimatics.widgets.layout : Updating: None
2024-06-18 20:37:32,355 : DEBUG : asciimatics.widgets.layout : Updating: None
2024-06-18 20:37:32,355 : DEBUG : asciimatics.widgets.layout : Updating: None
2024-06-18 20:37:32,355 : DEBUG : asciimatics.widgets.layout : Updating: None
2024-06-18 20:37:32,355 : DEBUG : asciimatics.widgets.layout : Updating: None
2024-06-18 20:37:32,355 : DEBUG : asciimatics.widgets.layout : Updating: None
2024-06-18 20:37:32,355 : DEBUG : asciimatics.widgets.layout : Updating: None
2024-06-18 20:37:32,355 : DEBUG : asciimatics.widgets.widget : Widget blur: <asciimatics.widgets.label.Label object at 0x000001C7D77D1150>
2024-06-18 20:37:32,355 : DEBUG : asciimatics.widgets.widget : Widget blur: <asciimatics.widgets.label.Label object at 0x000001C7D77D1490>
2024-06-18 20:37:32,355 : DEBUG : asciimatics.widgets.widget : Widget blur: <asciimatics.widgets.label.Label object at 0x000001C7D77D1560>
2024-06-18 20:37:32,355 : DEBUG : asciimatics.widgets.layout : Blur: <asciimatics.widgets.layout.Layout object at 0x000001C7D77C5A20>
2024-06-18 20:37:32,355 : DEBUG : asciimatics.widgets.layout : Blur: <mpf.core.text_ui.MpfLayout object at 0x000001C7D7779000>
2024-06-18 20:37:32,355 : DEBUG : asciimatics.widgets.layout : Updating: None
2024-06-18 20:37:32,355 : DEBUG : asciimatics.widgets.layout : Updating: None
2024-06-18 20:37:32,355 : DEBUG : asciimatics.widgets.layout : Updating: None
2024-06-18 20:37:32,355 : DEBUG : asciimatics.widgets.layout : Updating: None
2024-06-18 20:37:32,355 : DEBUG : asciimatics.widgets.layout : Updating: None
2024-06-18 20:37:32,355 : DEBUG : asciimatics.widgets.layout : Updating: None
2024-06-18 20:37:32,355 : DEBUG : asciimatics.widgets.widget : Widget blur: <asciimatics.widgets.label.Label object at 0x000001C7D77D1970>
2024-06-18 20:37:32,355 : DEBUG : asciimatics.widgets.widget : Widget blur: <asciimatics.widgets.label.Label object at 0x000001C7D77D18A0>
2024-06-18 20:37:32,355 : DEBUG : asciimatics.widgets.widget : Widget blur: <asciimatics.widgets.label.Label object at 0x000001C7D77D1A40>
2024-06-18 20:37:32,355 : DEBUG : asciimatics.widgets.widget : Widget blur: <asciimatics.widgets.label.Label object at 0x000001C7D77D17D0>
2024-06-18 20:37:32,355 : DEBUG : asciimatics.widgets.widget : Widget blur: <asciimatics.widgets.label.Label object at 0x000001C7D77D1700>
2024-06-18 20:37:32,355 : DEBUG : asciimatics.widgets.widget : Widget blur: <asciimatics.widgets.label.Label object at 0x000001C7D77D1630>
2024-06-18 20:37:32,355 : DEBUG : asciimatics.widgets.layout : Blur: <asciimatics.widgets.layout.Layout object at 0x000001C7D77C5E40>
2024-06-18 20:37:32,355 : DEBUG : asciimatics.widgets.layout : Focus: <asciimatics.widgets.layout.Layout object at 0x000001C7D77C5A20>
2024-06-18 20:37:32,355 : DEBUG : asciimatics.widgets.layout : Focus: <mpf.core.text_ui.MpfLayout object at 0x000001C7D7779000>
2024-06-18 20:37:32,355 : DEBUG : asciimatics.widgets.layout : Focus: <asciimatics.widgets.layout.Layout object at 0x000001C7D77C5E40>
2024-06-18 20:37:32,355 : DEBUG : asciimatics.widgets.frame : Cloning: Test
2024-06-18 20:37:32,355 : DEBUG : asciimatics.widgets.layout : Updating: None
2024-06-18 20:37:32,355 : DEBUG : asciimatics.widgets.layout : Updating: None
2024-06-18 20:37:32,355 : DEBUG : asciimatics.widgets.layout : Updating: None
2024-06-18 20:37:32,355 : DEBUG : asciimatics.widgets.layout : Updating: None
2024-06-18 20:37:32,355 : DEBUG : asciimatics.widgets.layout : Updating: None
2024-06-18 20:37:32,355 : DEBUG : asciimatics.widgets.layout : Updating: None
2024-06-18 20:37:32,355 : DEBUG : asciimatics.widgets.layout : Updating: None
2024-06-18 20:37:32,355 : DEBUG : asciimatics.widgets.layout : Updating: None
2024-06-18 20:37:32,355 : DEBUG : asciimatics.widgets.layout : Updating: None
2024-06-18 20:37:32,355 : DEBUG : asciimatics.widgets.layout : Updating: None
2024-06-18 20:37:32,355 : DEBUG : asciimatics.widgets.layout : Updating: None
2024-06-18 20:37:32,355 : DEBUG : asciimatics.widgets.layout : Updating: None
2024-06-18 20:37:32,355 : DEBUG : asciimatics.widgets.layout : Updating: None
2024-06-18 20:37:32,355 : DEBUG : asciimatics.widgets.layout : Updating: None
2024-06-18 20:37:32,355 : DEBUG : asciimatics.widgets.layout : Updating: None
2024-06-18 20:37:32,355 : DEBUG : asciimatics.widgets.layout : Updating: None
2024-06-18 20:37:32,355 : DEBUG : asciimatics.widgets.layout : Updating: None
2024-06-18 20:37:32,356 : DEBUG : asciimatics.widgets.layout : Updating: None
2024-06-18 20:37:32,438 : INFO : ball_device.bd_trough : BCH: Initial count: 3
2024-06-18 20:37:32,439 : INFO : ball_device.bd_trough : State: idle
2024-06-18 20:37:32,439 : INFO : ball_device.bd_plunger : BCH: Initial count: 0
2024-06-18 20:37:32,439 : INFO : ball_device.bd_plunger : State: idle
2024-06-18 20:37:32,440 : DEBUG : YAML File Interface : Loading file: C:\Users\octo\Downloads\homebrew\data/audits.yaml
2024-06-18 20:37:32,442 : DEBUG : Machine : "info_lights:" section not found in machine configuration, so the InfoLights will not be used.
2024-06-18 20:37:32,443 : DEBUG : Machine : "switch_player:" section not found in machine configuration, so the SwitchPlayer will not be used.
2024-06-18 20:37:32,444 : DEBUG : Machine : "twitch_client:" section not found in machine configuration, so the TwitchBot will not be used.
2024-06-18 20:37:32,444 : DEBUG : Machine : "virtual_segment_display_connector:" section not found in machine configuration, so the VirtualSegmentDisplayConnector will not be used.
2024-06-18 20:37:32,444 : INFO : EventManager : Event: ======'init_phase_3'====== Args={}
2024-06-18 20:37:32,444 : DEBUG : ShowController : Loading show: flash
2024-06-18 20:37:32,445 : DEBUG : ShowController : Loading show: on
2024-06-18 20:37:32,445 : DEBUG : ShowController : Loading show: off
2024-06-18 20:37:32,445 : DEBUG : ShowController : Loading show: led_color
2024-06-18 20:37:32,445 : DEBUG : ShowController : Loading show: bl_color
2024-06-18 20:37:32,445 : DEBUG : ShowController : Loading show: flash_color
2024-06-18 20:37:32,445 : INFO : EventManager : Event: ======'init_phase_4'====== Args={}
2024-06-18 20:37:32,445 : INFO : BallController : Initial balls found: 3
2024-06-18 20:37:32,446 : INFO : EventManager : Event: ======'machine_var_audits_events_game_ended'====== Args={'value': 0, 'prev_value': None, 'change': True}
2024-06-18 20:37:32,446 : INFO : EventManager : Event: ======'machine_var_audits_events_game_started'====== Args={'value': 383, 'prev_value': None, 'change': True}
2024-06-18 20:37:32,446 : INFO : EventManager : Event: ======'machine_var_audits_missing_switches_s_left_flipper'====== Args={'value': 357, 'prev_value': None, 'change': True}
2024-06-18 20:37:32,446 : INFO : EventManager : Event: ======'machine_var_audits_missing_switches_s_left_flipper_eos'====== Args={'value': 357, 'prev_value': None, 'change': True}
2024-06-18 20:37:32,446 : INFO : EventManager : Event: ======'machine_var_audits_missing_switches_s_left_inner_lane'====== Args={'value': 357, 'prev_value': None, 'change': True}
2024-06-18 20:37:32,446 : INFO : EventManager : Event: ======'machine_var_audits_missing_switches_s_left_outer_lane'====== Args={'value': 153, 'prev_value': None, 'change': True}
2024-06-18 20:37:32,446 : INFO : EventManager : Event: ======'machine_var_audits_missing_switches_s_left_sling'====== Args={'value': 357, 'prev_value': None, 'change': True}
2024-06-18 20:37:32,446 : INFO : EventManager : Event: ======'machine_var_audits_missing_switches_s_mead'====== Args={'value': 267, 'prev_value': None, 'change': True}
2024-06-18 20:37:32,446 : INFO : EventManager : Event: ======'machine_var_audits_missing_switches_s_percy'====== Args={'value': 85, 'prev_value': None, 'change': True}
2024-06-18 20:37:32,446 : INFO : EventManager : Event: ======'machine_var_audits_missing_switches_s_plunger'====== Args={'value': 357, 'prev_value': None, 'change': True}
2024-06-18 20:37:32,446 : INFO : EventManager : Event: ======'machine_var_audits_missing_switches_s_pop_bumper_1'====== Args={'value': 357, 'prev_value': None, 'change': True}
2024-06-18 20:37:32,446 : INFO : EventManager : Event: ======'machine_var_audits_missing_switches_s_pop_bumper_2'====== Args={'value': 357, 'prev_value': None, 'change': True}
2024-06-18 20:37:32,446 : INFO : EventManager : Event: ======'machine_var_audits_missing_switches_s_pop_bumper_3'====== Args={'value': 357, 'prev_value': None, 'change': True}
2024-06-18 20:37:32,446 : INFO : EventManager : Event: ======'machine_var_audits_missing_switches_s_right_flipper'====== Args={'value': 357, 'prev_value': None, 'change': True}
2024-06-18 20:37:32,446 : INFO : EventManager : Event: ======'machine_var_audits_missing_switches_s_right_flipper_eos'====== Args={'value': 357, 'prev_value': None, 'change': True}
2024-06-18 20:37:32,446 : INFO : EventManager : Event: ======'machine_var_audits_missing_switches_s_right_inner_lane'====== Args={'value': 357, 'prev_value': None, 'change': True}
2024-06-18 20:37:32,446 : INFO : EventManager : Event: ======'machine_var_audits_missing_switches_s_right_outer_lane'====== Args={'value': 357, 'prev_value': None, 'change': True}
2024-06-18 20:37:32,446 : INFO : EventManager : Event: ======'machine_var_audits_missing_switches_s_right_sling'====== Args={'value': 357, 'prev_value': None, 'change': True}
2024-06-18 20:37:32,446 : INFO : EventManager : Event: ======'machine_var_audits_missing_switches_s_scanlan'====== Args={'value': 204, 'prev_value': None, 'change': True}
2024-06-18 20:37:32,446 : INFO : EventManager : Event: ======'machine_var_audits_missing_switches_s_trough_ball_1'====== Args={'value': 357, 'prev_value': None, 'change': True}
2024-06-18 20:37:32,447 : INFO : EventManager : Event: ======'machine_var_audits_missing_switches_s_trough_ball_2'====== Args={'value': 357, 'prev_value': None, 'change': True}
2024-06-18 20:37:32,447 : INFO : EventManager : Event: ======'machine_var_audits_missing_switches_s_trough_ball_3'====== Args={'value': 357, 'prev_value': None, 'change': True}
2024-06-18 20:37:32,447 : INFO : EventManager : Event: ======'machine_var_audits_missing_switches_s_trough_ball_4'====== Args={'value': 272, 'prev_value': None, 'change': True}
2024-06-18 20:37:32,447 : INFO : EventManager : Event: ======'machine_var_audits_missing_switches_s_trough_ball_5'====== Args={'value': 357, 'prev_value': None, 'change': True}
2024-06-18 20:37:32,447 : INFO : EventManager : Event: ======'machine_var_audits_missing_switches_s_trough_ball_6'====== Args={'value': 89, 'prev_value': None, 'change': True}
2024-06-18 20:37:32,447 : INFO : EventManager : Event: ======'machine_var_audits_missing_switches_s_trough_ball_jam'====== Args={'value': 357, 'prev_value': None, 'change': True}
2024-06-18 20:37:32,447 : INFO : EventManager : Event: ======'machine_var_audits_player_score'====== Args={'value': {'average': 0, 'top': [], 'total': 0}, 'prev_value': None, 'change': True}
2024-06-18 20:37:32,447 : INFO : EventManager : Event: ======'machine_var_audits_shots_mead_shot'====== Args={'value': 223, 'prev_value': None, 'change': True}
2024-06-18 20:37:32,447 : INFO : EventManager : Event: ======'machine_var_audits_shots_percy_shot'====== Args={'value': 56, 'prev_value': None, 'change': True}
2024-06-18 20:37:32,447 : INFO : EventManager : Event: ======'machine_var_audits_shots_scanlan_shot'====== Args={'value': 121, 'prev_value': None, 'change': True}
2024-06-18 20:37:32,447 : INFO : EventManager : Event: ======'machine_var_audits_shots_video_shot_1'====== Args={'value': 24, 'prev_value': None, 'change': True}
2024-06-18 20:37:32,447 : INFO : EventManager : Event: ======'machine_var_audits_shots_video_shot_2'====== Args={'value': 20, 'prev_value': None, 'change': True}
2024-06-18 20:37:32,447 : INFO : EventManager : Event: ======'machine_var_audits_switches_s_auto_launcher'====== Args={'value': 0, 'prev_value': None, 'change': True}
2024-06-18 20:37:32,447 : INFO : EventManager : Event: ======'machine_var_audits_switches_s_ball_drain'====== Args={'value': 0, 'prev_value': None, 'change': True}
2024-06-18 20:37:32,447 : INFO : EventManager : Event: ======'machine_var_audits_switches_s_left_flipper'====== Args={'value': 36, 'prev_value': None, 'change': True}
2024-06-18 20:37:32,447 : INFO : EventManager : Event: ======'machine_var_audits_switches_s_left_flipper_eos'====== Args={'value': 0, 'prev_value': None, 'change': True}
2024-06-18 20:37:32,447 : INFO : EventManager : Event: ======'machine_var_audits_switches_s_left_inner_lane'====== Args={'value': 0, 'prev_value': None, 'change': True}
2024-06-18 20:37:32,447 : INFO : EventManager : Event: ======'machine_var_audits_switches_s_left_outer_lane'====== Args={'value': 0, 'prev_value': None, 'change': True}
2024-06-18 20:37:32,448 : INFO : EventManager : Event: ======'machine_var_audits_switches_s_left_sling'====== Args={'value': 7, 'prev_value': None, 'change': True}
2024-06-18 20:37:32,448 : INFO : EventManager : Event: ======'machine_var_audits_switches_s_mead'====== Args={'value': 0, 'prev_value': None, 'change': True}
2024-06-18 20:37:32,448 : INFO : EventManager : Event: ======'machine_var_audits_switches_s_percy'====== Args={'value': 0, 'prev_value': None, 'change': True}
2024-06-18 20:37:32,448 : INFO : EventManager : Event: ======'machine_var_audits_switches_s_plunger'====== Args={'value': 9, 'prev_value': None, 'change': True}
2024-06-18 20:37:32,448 : INFO : EventManager : Event: ======'machine_var_audits_switches_s_pop_bumper_1'====== Args={'value': 0, 'prev_value': None, 'change': True}
2024-06-18 20:37:32,448 : INFO : EventManager : Event: ======'machine_var_audits_switches_s_pop_bumper_2'====== Args={'value': 0, 'prev_value': None, 'change': True}
2024-06-18 20:37:32,448 : INFO : EventManager : Event: ======'machine_var_audits_switches_s_pop_bumper_3'====== Args={'value': 0, 'prev_value': None, 'change': True}
2024-06-18 20:37:32,448 : INFO : EventManager : Event: ======'machine_var_audits_switches_s_right_flipper'====== Args={'value': 131, 'prev_value': None, 'change': True}
2024-06-18 20:37:32,448 : INFO : EventManager : Event: ======'machine_var_audits_switches_s_right_flipper_eos'====== Args={'value': 0, 'prev_value': None, 'change': True}
2024-06-18 20:37:32,448 : INFO : EventManager : Event: ======'machine_var_audits_switches_s_right_inner_lane'====== Args={'value': 0, 'prev_value': None, 'change': True}
2024-06-18 20:37:32,448 : INFO : EventManager : Event: ======'machine_var_audits_switches_s_right_outer_lane'====== Args={'value': 0, 'prev_value': None, 'change': True}
2024-06-18 20:37:32,448 : INFO : EventManager : Event: ======'machine_var_audits_switches_s_right_sling'====== Args={'value': 3, 'prev_value': None, 'change': True}
2024-06-18 20:37:32,448 : INFO : EventManager : Event: ======'machine_var_audits_switches_s_scanlan'====== Args={'value': 0, 'prev_value': None, 'change': True}
2024-06-18 20:37:32,448 : INFO : EventManager : Event: ======'machine_var_audits_switches_s_start'====== Args={'value': 38, 'prev_value': None, 'change': True}
2024-06-18 20:37:32,448 : INFO : EventManager : Event: ======'machine_var_audits_switches_s_switch_2'====== Args={'value': 0, 'prev_value': None, 'change': True}
2024-06-18 20:37:32,449 : INFO : EventManager : Event: ======'machine_var_audits_switches_s_trough_ball_1'====== Args={'value': 4, 'prev_value': None, 'change': True}
2024-06-18 20:37:32,449 : INFO : EventManager : Event: ======'machine_var_audits_switches_s_trough_ball_2'====== Args={'value': 4, 'prev_value': None, 'change': True}
2024-06-18 20:37:32,449 : INFO : EventManager : Event: ======'machine_var_audits_switches_s_trough_ball_3'====== Args={'value': 1, 'prev_value': None, 'change': True}
2024-06-18 20:37:32,449 : INFO : EventManager : Event: ======'machine_var_audits_switches_s_trough_ball_4'====== Args={'value': 0, 'prev_value': None, 'change': True}
2024-06-18 20:37:32,449 : INFO : EventManager : Event: ======'machine_var_audits_switches_s_trough_ball_5'====== Args={'value': 0, 'prev_value': None, 'change': True}
2024-06-18 20:37:32,449 : INFO : EventManager : Event: ======'machine_var_audits_switches_s_trough_ball_6'====== Args={'value': 1, 'prev_value': None, 'change': True}
2024-06-18 20:37:32,449 : INFO : EventManager : Event: ======'machine_var_audits_switches_s_trough_ball_jam'====== Args={'value': 3, 'prev_value': None, 'change': True}
2024-06-18 20:37:32,449 : INFO : EventManager : Event: ======'machine_var_audits_switches_s_trough_eject_coil'====== Args={'value': 0, 'prev_value': None, 'change': True}
2024-06-18 20:37:32,449 : INFO : EventManager : Event: ======'init_phase_5'====== Args={}
2024-06-18 20:37:32,475 : INFO : EventManager : Event: ======'init_done'====== Args={}
2024-06-18 20:37:32,475 : INFO : EventManager : Event: ======'machine_reset_phase_1'====== Args={}
2024-06-18 20:37:32,485 : INFO : EventManager : Event: ======'machine_reset_phase_2'====== Args={}
2024-06-18 20:37:32,485 : INFO : EventManager : Event: ======'machine_reset_phase_3'====== Args={}
2024-06-18 20:37:32,485 : INFO : EventManager : Event: ======'reset_complete'====== Args={}
2024-06-18 20:37:32,485 : INFO : EventManager : Event: ======'mode_attract_will_start'====== Args={}
2024-06-18 20:37:32,486 : INFO : EventManager : Event: ======'mode_attract_starting'====== Args={}
2024-06-18 20:37:32,486 : INFO : Mode.attract : Started. Priority: 10
2024-06-18 20:37:32,486 : INFO : EventManager : Event: ======'modes_active_modes_changed'====== Args={}
2024-06-18 20:37:32,486 : INFO : EventManager : Event: ======'mode_attract_started'====== Args={}
2024-06-18 20:37:32,486 : INFO : EventManager : Event: ======'collecting_balls_complete'====== Args={}
2024-06-18 20:37:32,496 : INFO : Machine : Starting the main run loop.
2024-06-18 20:37:32,516 : INFO : EventManager : Event: ======'slide_attract_created'====== Args={'_from_bcp': True}
2024-06-18 20:37:32,529 : INFO : EventManager : Event: ======'slide_attract_mini_created'====== Args={'_from_bcp': True}
2024-06-18 20:37:32,529 : INFO : EventManager : Event: ======'slide__removed'====== Args={'_from_bcp': True}
2024-06-18 20:37:32,529 : INFO : EventManager : Event: ======'slide_attract_active'====== Args={'original_context': 'attract', 'original_calling_context': 'mode_attract_started', 'cmd': 'slides_play', '_from_bcp': True}
2024-06-18 20:37:32,529 : INFO : EventManager : Event: ======'slide__removed'====== Args={'_from_bcp': True}
2024-06-18 20:37:32,529 : INFO : EventManager : Event: ======'slide_attract_mini_active'====== Args={'original_context': 'attract', 'original_calling_context': 'mode_attract_started', 'cmd': 'slides_play', '_from_bcp': True}
2024-06-18 20:37:34,243 : DEBUG : asciimatics.screen : Processing key: 0
2024-06-18 20:37:34,243 : DEBUG : asciimatics.screen : Processing key: 0
2024-06-18 20:37:34,243 : DEBUG : asciimatics.screen : Processing key: 0
2024-06-18 20:37:35,510 : INFO : EventManager : Event: ======'high_score_start'====== Args={'priority': 0}
2024-06-18 20:37:35,519 : INFO : EventManager : Event: ======'slide_high_score_created'====== Args={'_from_bcp': True}
2024-06-18 20:37:35,520 : INFO : EventManager : Event: ======'slide_attract_inactive'====== Args={'_from_bcp': True}
2024-06-18 20:37:35,520 : INFO : EventManager : Event: ======'slide_high_score_active'====== Args={'original_context': 'attract', 'original_calling_context': 'high_score_start', 'cmd': 'slides_play', '_from_bcp': True}
2024-06-18 20:37:45,521 : INFO : EventManager : Event: ======'slide_high_score_inactive'====== Args={'_from_bcp': True}
2024-06-18 20:37:45,521 : INFO : EventManager : Event: ======'slide_attract_active'====== Args={'_from_bcp': True}
2024-06-18 20:37:45,521 : INFO : EventManager : Event: ======'slide_high_score_removed'====== Args={'_from_bcp': True}
2024-06-18 20:37:45,537 : INFO : EventManager : Event: ======'slide_thanks_created'====== Args={'_from_bcp': True}
2024-06-18 20:37:45,537 : INFO : EventManager : Event: ======'slide_attract_inactive'====== Args={'_from_bcp': True}
2024-06-18 20:37:45,538 : INFO : EventManager : Event: ======'slide_thanks_active'====== Args={'original_context': 'attract', 'original_calling_context': 'slide_high_score_removed', 'cmd': 'slides_play', '_from_bcp': True}
2024-06-18 20:37:47,503 : INFO : EventManager : Event: ======'thanks_start'====== Args={'priority': 0}
2024-06-18 20:37:55,534 : INFO : EventManager : Event: ======'slide_thanks_inactive'====== Args={'_from_bcp': True}
2024-06-18 20:37:55,534 : INFO : EventManager : Event: ======'slide_attract_active'====== Args={'_from_bcp': True}
2024-06-18 20:37:55,534 : INFO : EventManager : Event: ======'slide_thanks_removed'====== Args={'_from_bcp': True}
2024-06-18 20:37:55,552 : INFO : EventManager : Event: ======'slide_high_score_created'====== Args={'_from_bcp': True}
2024-06-18 20:37:55,552 : INFO : EventManager : Event: ======'slide_attract_inactive'====== Args={'_from_bcp': True}
2024-06-18 20:37:55,552 : INFO : EventManager : Event: ======'slide_high_score_active'====== Args={'original_context': 'attract', 'original_calling_context': 'slide_thanks_removed', 'cmd': 'slides_play', '_from_bcp': True}
2024-06-18 20:38:05,555 : INFO : EventManager : Event: ======'slide_high_score_inactive'====== Args={'_from_bcp': True}
2024-06-18 20:38:05,555 : INFO : EventManager : Event: ======'slide_attract_active'====== Args={'_from_bcp': True}
2024-06-18 20:38:05,556 : INFO : EventManager : Event: ======'slide_high_score_removed'====== Args={'_from_bcp': True}
2024-06-18 20:38:05,567 : INFO : EventManager : Event: ======'slide_thanks_created'====== Args={'_from_bcp': True}
2024-06-18 20:38:05,567 : INFO : EventManager : Event: ======'slide_attract_inactive'====== Args={'_from_bcp': True}
2024-06-18 20:38:05,567 : INFO : EventManager : Event: ======'slide_thanks_active'====== Args={'original_context': 'attract', 'original_calling_context': 'slide_high_score_removed', 'cmd': 'slides_play', '_from_bcp': True}
2024-06-18 20:38:15,566 : INFO : EventManager : Event: ======'slide_thanks_inactive'====== Args={'_from_bcp': True}
2024-06-18 20:38:15,566 : INFO : EventManager : Event: ======'slide_attract_active'====== Args={'_from_bcp': True}
2024-06-18 20:38:15,566 : INFO : EventManager : Event: ======'slide_thanks_removed'====== Args={'_from_bcp': True}
2024-06-18 20:38:15,584 : INFO : EventManager : Event: ======'slide_high_score_created'====== Args={'_from_bcp': True}
2024-06-18 20:38:15,584 : INFO : EventManager : Event: ======'slide_attract_inactive'====== Args={'_from_bcp': True}
2024-06-18 20:38:15,584 : INFO : EventManager : Event: ======'slide_high_score_active'====== Args={'original_context': 'attract', 'original_calling_context': 'slide_thanks_removed', 'cmd': 'slides_play', '_from_bcp': True}
2024-06-18 20:38:25,587 : INFO : EventManager : Event: ======'slide_high_score_inactive'====== Args={'_from_bcp': True}
2024-06-18 20:38:25,588 : INFO : EventManager : Event: ======'slide_attract_active'====== Args={'_from_bcp': True}
2024-06-18 20:38:25,588 : INFO : EventManager : Event: ======'slide_high_score_removed'====== Args={'_from_bcp': True}
2024-06-18 20:38:25,601 : INFO : EventManager : Event: ======'slide_thanks_created'====== Args={'_from_bcp': True}
2024-06-18 20:38:25,601 : INFO : EventManager : Event: ======'slide_attract_inactive'====== Args={'_from_bcp': True}
2024-06-18 20:38:25,601 : INFO : EventManager : Event: ======'slide_thanks_active'====== Args={'original_context': 'attract', 'original_calling_context': 'slide_high_score_removed', 'cmd': 'slides_play', '_from_bcp': True}
2024-06-18 20:38:35,599 : INFO : EventManager : Event: ======'slide_thanks_inactive'====== Args={'_from_bcp': True}
2024-06-18 20:38:35,599 : INFO : EventManager : Event: ======'slide_attract_active'====== Args={'_from_bcp': True}
2024-06-18 20:38:35,600 : INFO : EventManager : Event: ======'slide_thanks_removed'====== Args={'_from_bcp': True}
2024-06-18 20:38:35,619 : INFO : EventManager : Event: ======'slide_high_score_created'====== Args={'_from_bcp': True}
2024-06-18 20:38:35,619 : INFO : EventManager : Event: ======'slide_attract_inactive'====== Args={'_from_bcp': True}
2024-06-18 20:38:35,620 : INFO : EventManager : Event: ======'slide_high_score_active'====== Args={'original_context': 'attract', 'original_calling_context': 'slide_thanks_removed', 'cmd': 'slides_play', '_from_bcp': True}
2024-06-18 20:38:45,619 : INFO : EventManager : Event: ======'slide_high_score_inactive'====== Args={'_from_bcp': True}
2024-06-18 20:38:45,619 : INFO : EventManager : Event: ======'slide_attract_active'====== Args={'_from_bcp': True}
2024-06-18 20:38:45,619 : INFO : EventManager : Event: ======'slide_high_score_removed'====== Args={'_from_bcp': True}
2024-06-18 20:38:45,632 : INFO : EventManager : Event: ======'slide_thanks_created'====== Args={'_from_bcp': True}
2024-06-18 20:38:45,633 : INFO : EventManager : Event: ======'slide_attract_inactive'====== Args={'_from_bcp': True}
2024-06-18 20:38:45,633 : INFO : EventManager : Event: ======'slide_thanks_active'====== Args={'original_context': 'attract', 'original_calling_context': 'slide_high_score_removed', 'cmd': 'slides_play', '_from_bcp': True}
2024-06-18 20:38:55,632 : INFO : EventManager : Event: ======'slide_thanks_inactive'====== Args={'_from_bcp': True}
2024-06-18 20:38:55,632 : INFO : EventManager : Event: ======'slide_attract_active'====== Args={'_from_bcp': True}
2024-06-18 20:38:55,632 : INFO : EventManager : Event: ======'slide_thanks_removed'====== Args={'_from_bcp': True}
2024-06-18 20:38:55,649 : INFO : EventManager : Event: ======'slide_high_score_created'====== Args={'_from_bcp': True}
2024-06-18 20:38:55,649 : INFO : EventManager : Event: ======'slide_attract_inactive'====== Args={'_from_bcp': True}
2024-06-18 20:38:55,650 : INFO : EventManager : Event: ======'slide_high_score_active'====== Args={'original_context': 'attract', 'original_calling_context': 'slide_thanks_removed', 'cmd': 'slides_play', '_from_bcp': True}
2024-06-18 20:39:05,651 : INFO : EventManager : Event: ======'slide_high_score_inactive'====== Args={'_from_bcp': True}
2024-06-18 20:39:05,651 : INFO : EventManager : Event: ======'slide_attract_active'====== Args={'_from_bcp': True}
2024-06-18 20:39:05,652 : INFO : EventManager : Event: ======'slide_high_score_removed'====== Args={'_from_bcp': True}
2024-06-18 20:39:05,665 : INFO : EventManager : Event: ======'slide_thanks_created'====== Args={'_from_bcp': True}
2024-06-18 20:39:05,665 : INFO : EventManager : Event: ======'slide_attract_inactive'====== Args={'_from_bcp': True}
2024-06-18 20:39:05,665 : INFO : EventManager : Event: ======'slide_thanks_active'====== Args={'original_context': 'attract', 'original_calling_context': 'slide_high_score_removed', 'cmd': 'slides_play', '_from_bcp': True}
2024-06-18 20:39:15,664 : INFO : EventManager : Event: ======'slide_thanks_inactive'====== Args={'_from_bcp': True}
2024-06-18 20:39:15,664 : INFO : EventManager : Event: ======'slide_attract_active'====== Args={'_from_bcp': True}
2024-06-18 20:39:15,664 : INFO : EventManager : Event: ======'slide_thanks_removed'====== Args={'_from_bcp': True}
2024-06-18 20:39:15,682 : INFO : EventManager : Event: ======'slide_high_score_created'====== Args={'_from_bcp': True}
2024-06-18 20:39:15,682 : INFO : EventManager : Event: ======'slide_attract_inactive'====== Args={'_from_bcp': True}
2024-06-18 20:39:15,682 : INFO : EventManager : Event: ======'slide_high_score_active'====== Args={'original_context': 'attract', 'original_calling_context': 'slide_thanks_removed', 'cmd': 'slides_play', '_from_bcp': True}
2024-06-18 20:39:25,685 : INFO : EventManager : Event: ======'slide_high_score_inactive'====== Args={'_from_bcp': True}
2024-06-18 20:39:25,685 : INFO : EventManager : Event: ======'slide_attract_active'====== Args={'_from_bcp': True}
2024-06-18 20:39:25,685 : INFO : EventManager : Event: ======'slide_high_score_removed'====== Args={'_from_bcp': True}
2024-06-18 20:39:25,698 : INFO : EventManager : Event: ======'slide_thanks_created'====== Args={'_from_bcp': True}
2024-06-18 20:39:25,698 : INFO : EventManager : Event: ======'slide_attract_inactive'====== Args={'_from_bcp': True}
2024-06-18 20:39:25,698 : INFO : EventManager : Event: ======'slide_thanks_active'====== Args={'original_context': 'attract', 'original_calling_context': 'slide_high_score_removed', 'cmd': 'slides_play', '_from_bcp': True}
2024-06-18 20:39:35,697 : INFO : EventManager : Event: ======'slide_thanks_inactive'====== Args={'_from_bcp': True}
2024-06-18 20:39:35,697 : INFO : EventManager : Event: ======'slide_attract_active'====== Args={'_from_bcp': True}
2024-06-18 20:39:35,697 : INFO : EventManager : Event: ======'slide_thanks_removed'====== Args={'_from_bcp': True}
2024-06-18 20:39:35,715 : INFO : EventManager : Event: ======'slide_high_score_created'====== Args={'_from_bcp': True}
2024-06-18 20:39:35,715 : INFO : EventManager : Event: ======'slide_attract_inactive'====== Args={'_from_bcp': True}
2024-06-18 20:39:35,716 : INFO : EventManager : Event: ======'slide_high_score_active'====== Args={'original_context': 'attract', 'original_calling_context': 'slide_thanks_removed', 'cmd': 'slides_play', '_from_bcp': True}
2024-06-18 20:39:44,305 : INFO : Machine : Shutting down...
2024-06-18 20:39:44,306 : INFO : EventManager : Event: ======'shutdown'====== Args={}
2024-06-18 20:39:44,310 : INFO : root : MPF run loop ended.
