2024-05-12 02:08:39,994 : INFO : root : Loading config.
2024-05-12 02:08:39,996 : INFO : YamlMultifileConfigLoader : Machine config file #1: config.yaml
2024-05-12 02:08:39,996 : INFO : ConfigProcessor : Loading config from cache: C:\Users\octo\AppData\Local\Temp\1d0904511285da59b68333680e0b91d2.mpf_cache
2024-05-12 02:08:39,996 : WARNING : ConfigProcessor : Config file in cache changed: C:\Users\octo\Downloads\homebrew\config\switches.yaml
2024-05-12 02:08:39,996 : INFO : ConfigProcessor : Loading config from file c:\git\new folder (3)\mpf\mpf\mpfconfig.yaml.
2024-05-12 02:08:40,001 : INFO : ConfigProcessor : Loading config: c:\git\new folder (3)\mpf\mpf\mpfconfig.yaml
2024-05-12 02:08:40,002 : INFO : ConfigProcessor : Loading config from file C:\Users\octo\Downloads\homebrew\config\config.yaml.
2024-05-12 02:08:40,002 : INFO : ConfigProcessor : Loading config: C:\Users\octo\Downloads\homebrew\config\config.yaml
2024-05-12 02:08:40,003 : INFO : ConfigProcessor : Loading config: C:\Users\octo\Downloads\homebrew\config\lights.yaml
2024-05-12 02:08:40,004 : INFO : ConfigProcessor : Loading config: C:\Users\octo\Downloads\homebrew\config\coils.yaml
2024-05-12 02:08:40,004 : INFO : ConfigProcessor : Loading config: C:\Users\octo\Downloads\homebrew\config\switches.yaml
2024-05-12 02:08:40,005 : INFO : ConfigProcessor : Loading config: C:\Users\octo\Downloads\homebrew\config\sounds.yaml
2024-05-12 02:08:40,005 : WARNING : ConfigProcessor : Config section 'sounds' is deprecated in MPF 0.80 and will be ignored.
2024-05-12 02:08:40,005 : INFO : ConfigProcessor : Loading config: C:\Users\octo\Downloads\homebrew\config\images.yaml
2024-05-12 02:08:40,006 : INFO : ConfigProcessor : Loading config: C:\Users\octo\Downloads\homebrew\config\videos.yaml
2024-05-12 02:08:40,007 : INFO : ConfigProcessor : Config file cache created: C:\Users\octo\AppData\Local\Temp\1d0904511285da59b68333680e0b91d2.mpf_cache
2024-05-12 02:08:40,052 : INFO : ConfigProcessor : Loading config from cache: C:\Users\octo\AppData\Local\Temp\cd157f4be5c4430bfa418abc82c784ba.mpf_cache
2024-05-12 02:08:40,053 : INFO : ConfigProcessor : Loading config from cache: C:\Users\octo\AppData\Local\Temp\9a6ef7720776890324b2b6aefbdb5076.mpf_cache
2024-05-12 02:08:40,053 : INFO : ConfigProcessor : Loading config from cache: C:\Users\octo\AppData\Local\Temp\e87c946bbd0a2e05a931f281fca6458e.mpf_cache
2024-05-12 02:08:40,057 : INFO : ConfigProcessor : Loading config from cache: C:\Users\octo\AppData\Local\Temp\cd157f4be5c4430bfa418abc82c784ba.mpf_cache
2024-05-12 02:08:40,058 : INFO : ConfigProcessor : Loading config from cache: C:\Users\octo\AppData\Local\Temp\da852937ccb56145866cf54922bc01f8.mpf_cache
2024-05-12 02:08:40,058 : INFO : Machine : Mission Pinball Framework Core Engine v0.80.0.dev1
2024-05-12 02:08:40,058 : INFO : Machine : Command line arguments: {'no_load_cache': False, 'create_config_cache': True, 'bcp': True, 'configfile': ['config.yaml'], 'force_assets_load': False, 'platform_integration_test': False, 'jsonlogging': False, 'logfile': 'logs\\2024-05-12-02-08-39-mpf-DESKTOP-BQT92E0.log', 'pause': False, 'production': False, 'text_ui': True, 'loglevel': 15, 'consoleloglevel': 20, 'force_platform': 'virtual', 'syslog_address': None, 'mc_file_name': None, 'no_sound': False}
2024-05-12 02:08:40,058 : INFO : Machine : MPF path: c:\git\new folder (3)\mpf\mpf
2024-05-12 02:08:40,058 : INFO : Machine : Machine path: C:\Users\octo\Downloads\homebrew
2024-05-12 02:08:40,058 : INFO : Machine : Platform: win32
2024-05-12 02:08:40,058 : INFO : Machine : Python executable location: C:\Users\octo\AppData\Local\Programs\Python\Python310\python.exe
2024-05-12 02:08:40,058 : INFO : Machine : Python version: 3.10.0 (64-bit)
2024-05-12 02:08:40,059 : INFO : Machine : Initializing MPF...
2024-05-12 02:08:40,286 : INFO : EventManager : Event: ======'machine_var_credits_string'====== Args={'value': 'FREE PLAY', 'prev_value': None, 'change': True}
2024-05-12 02:08:40,296 : INFO : EventManager : Event: ======'machine_var_master_volume'====== Args={'value': 0.5, 'prev_value': None, 'change': True}
2024-05-12 02:08:40,296 : INFO : EventManager : Event: ======'machine_var_mpf_version'====== Args={'value': 'Mission Pinball Framework v0.80.0.dev1', 'prev_value': None, 'change': True}
2024-05-12 02:08:40,296 : INFO : EventManager : Event: ======'machine_var_mpf_extended_version'====== Args={'value': 'Mission Pinball Framework v0.80.0.dev1, Config version:6, Show version: 6, BCP version:1.1', 'prev_value': None, 'change': True}
2024-05-12 02:08:40,296 : INFO : EventManager : Event: ======'machine_var_python_version'====== Args={'value': '3.10.0', 'prev_value': None, 'change': True}
2024-05-12 02:08:40,302 : INFO : EventManager : Event: ======'machine_var_platform'====== Args={'value': 'Windows-10-10.0.19045-SP0', 'prev_value': None, 'change': True}
2024-05-12 02:08:40,302 : INFO : EventManager : Event: ======'machine_var_platform_system'====== Args={'value': 'Windows', 'prev_value': None, 'change': True}
2024-05-12 02:08:40,302 : INFO : EventManager : Event: ======'machine_var_platform_release'====== Args={'value': '10', 'prev_value': None, 'change': True}
2024-05-12 02:08:40,302 : INFO : EventManager : Event: ======'machine_var_platform_version'====== Args={'value': '10.0.19045', 'prev_value': None, 'change': True}
2024-05-12 02:08:40,302 : INFO : EventManager : Event: ======'machine_var_platform_machine'====== Args={'value': 'AMD64', 'prev_value': None, 'change': True}
2024-05-12 02:08:40,302 : INFO : EventManager : Event: ======'init_phase_1'====== Args={}
2024-05-12 02:08:40,311 : INFO : EventManager : Event: ======'init_phase_2'====== Args={}
2024-05-12 02:08:40,314 : INFO : EventManager : Event: ======'bcp_connection_attempt'====== Args={'name': 'local_display', 'host': 'localhost', 'port': 5050}
2024-05-12 02:08:40,315 : INFO : BCPClientSocket : Connecting BCP to 'local_display' at localhost:5050...
2024-05-12 02:08:40,320 : INFO : BCPClientSocket : Connected BCP to 'local_display' localhost:5050
2024-05-12 02:08:40,321 : INFO : EventManager : Event: ======'bcp_clients_connected'====== Args={}
2024-05-12 02:08:40,501 : INFO : ball_device.bd_trough : BCH: Initial count: 0
2024-05-12 02:08:40,501 : INFO : ball_device.bd_trough : State: idle
2024-05-12 02:08:40,502 : INFO : ball_device.bd_plunger : BCH: Initial count: 0
2024-05-12 02:08:40,502 : INFO : ball_device.bd_plunger : State: idle
2024-05-12 02:08:40,506 : INFO : EventManager : Event: ======'init_phase_3'====== Args={}
2024-05-12 02:08:40,507 : INFO : EventManager : Event: ======'init_phase_4'====== Args={}
2024-05-12 02:08:40,507 : INFO : BallController : Initial balls found: 0
2024-05-12 02:08:40,508 : INFO : EventManager : Event: ======'machine_var_audits_events_game_ended'====== Args={'value': 0, 'prev_value': None, 'change': True}
2024-05-12 02:08:40,508 : INFO : EventManager : Event: ======'machine_var_audits_events_game_started'====== Args={'value': 179, 'prev_value': None, 'change': True}
2024-05-12 02:08:40,508 : INFO : EventManager : Event: ======'machine_var_audits_missing_switches_s_left_flipper'====== Args={'value': 153, 'prev_value': None, 'change': True}
2024-05-12 02:08:40,508 : INFO : EventManager : Event: ======'machine_var_audits_missing_switches_s_left_flipper_eos'====== Args={'value': 153, 'prev_value': None, 'change': True}
2024-05-12 02:08:40,508 : INFO : EventManager : Event: ======'machine_var_audits_missing_switches_s_left_inner_lane'====== Args={'value': 153, 'prev_value': None, 'change': True}
2024-05-12 02:08:40,508 : INFO : EventManager : Event: ======'machine_var_audits_missing_switches_s_left_outer_lane'====== Args={'value': 153, 'prev_value': None, 'change': True}
2024-05-12 02:08:40,508 : INFO : EventManager : Event: ======'machine_var_audits_missing_switches_s_left_sling'====== Args={'value': 153, 'prev_value': None, 'change': True}
2024-05-12 02:08:40,508 : INFO : EventManager : Event: ======'machine_var_audits_missing_switches_s_mead'====== Args={'value': 63, 'prev_value': None, 'change': True}
2024-05-12 02:08:40,508 : INFO : EventManager : Event: ======'machine_var_audits_missing_switches_s_plunger'====== Args={'value': 153, 'prev_value': None, 'change': True}
2024-05-12 02:08:40,508 : INFO : EventManager : Event: ======'machine_var_audits_missing_switches_s_pop_bumper_1'====== Args={'value': 153, 'prev_value': None, 'change': True}
2024-05-12 02:08:40,508 : INFO : EventManager : Event: ======'machine_var_audits_missing_switches_s_pop_bumper_2'====== Args={'value': 153, 'prev_value': None, 'change': True}
2024-05-12 02:08:40,508 : INFO : EventManager : Event: ======'machine_var_audits_missing_switches_s_pop_bumper_3'====== Args={'value': 153, 'prev_value': None, 'change': True}
2024-05-12 02:08:40,508 : INFO : EventManager : Event: ======'machine_var_audits_missing_switches_s_right_flipper'====== Args={'value': 153, 'prev_value': None, 'change': True}
2024-05-12 02:08:40,508 : INFO : EventManager : Event: ======'machine_var_audits_missing_switches_s_right_flipper_eos'====== Args={'value': 153, 'prev_value': None, 'change': True}
2024-05-12 02:08:40,508 : INFO : EventManager : Event: ======'machine_var_audits_missing_switches_s_right_inner_lane'====== Args={'value': 153, 'prev_value': None, 'change': True}
2024-05-12 02:08:40,508 : INFO : EventManager : Event: ======'machine_var_audits_missing_switches_s_right_outer_lane'====== Args={'value': 153, 'prev_value': None, 'change': True}
2024-05-12 02:08:40,508 : INFO : EventManager : Event: ======'machine_var_audits_missing_switches_s_right_sling'====== Args={'value': 153, 'prev_value': None, 'change': True}
2024-05-12 02:08:40,508 : INFO : EventManager : Event: ======'machine_var_audits_missing_switches_s_start'====== Args={'value': 26, 'prev_value': None, 'change': True}
2024-05-12 02:08:40,508 : INFO : EventManager : Event: ======'machine_var_audits_missing_switches_s_trough_ball_1'====== Args={'value': 153, 'prev_value': None, 'change': True}
2024-05-12 02:08:40,508 : INFO : EventManager : Event: ======'machine_var_audits_missing_switches_s_trough_ball_2'====== Args={'value': 153, 'prev_value': None, 'change': True}
2024-05-12 02:08:40,508 : INFO : EventManager : Event: ======'machine_var_audits_missing_switches_s_trough_ball_3'====== Args={'value': 153, 'prev_value': None, 'change': True}
2024-05-12 02:08:40,509 : INFO : EventManager : Event: ======'machine_var_audits_missing_switches_s_trough_ball_4'====== Args={'value': 153, 'prev_value': None, 'change': True}
2024-05-12 02:08:40,509 : INFO : EventManager : Event: ======'machine_var_audits_missing_switches_s_trough_ball_5'====== Args={'value': 153, 'prev_value': None, 'change': True}
2024-05-12 02:08:40,509 : INFO : EventManager : Event: ======'machine_var_audits_missing_switches_s_trough_ball_6'====== Args={'value': 89, 'prev_value': None, 'change': True}
2024-05-12 02:08:40,509 : INFO : EventManager : Event: ======'machine_var_audits_missing_switches_s_trough_ball_jam'====== Args={'value': 153, 'prev_value': None, 'change': True}
2024-05-12 02:08:40,509 : INFO : EventManager : Event: ======'machine_var_audits_player_score'====== Args={'value': {'average': 0, 'top': [], 'total': 0}, 'prev_value': None, 'change': True}
2024-05-12 02:08:40,509 : INFO : EventManager : Event: ======'machine_var_audits_switches_s_auto_launcher'====== Args={'value': 0, 'prev_value': None, 'change': True}
2024-05-12 02:08:40,509 : INFO : EventManager : Event: ======'machine_var_audits_switches_s_ball_drain'====== Args={'value': 0, 'prev_value': None, 'change': True}
2024-05-12 02:08:40,509 : INFO : EventManager : Event: ======'machine_var_audits_switches_s_left_flipper'====== Args={'value': 36, 'prev_value': None, 'change': True}
2024-05-12 02:08:40,509 : INFO : EventManager : Event: ======'machine_var_audits_switches_s_left_flipper_eos'====== Args={'value': 0, 'prev_value': None, 'change': True}
2024-05-12 02:08:40,509 : INFO : EventManager : Event: ======'machine_var_audits_switches_s_left_inner_lane'====== Args={'value': 0, 'prev_value': None, 'change': True}
2024-05-12 02:08:40,509 : INFO : EventManager : Event: ======'machine_var_audits_switches_s_left_outer_lane'====== Args={'value': 0, 'prev_value': None, 'change': True}
2024-05-12 02:08:40,509 : INFO : EventManager : Event: ======'machine_var_audits_switches_s_left_sling'====== Args={'value': 7, 'prev_value': None, 'change': True}
2024-05-12 02:08:40,509 : INFO : EventManager : Event: ======'machine_var_audits_switches_s_mead'====== Args={'value': 0, 'prev_value': None, 'change': True}
2024-05-12 02:08:40,509 : INFO : EventManager : Event: ======'machine_var_audits_switches_s_plunger'====== Args={'value': 9, 'prev_value': None, 'change': True}
2024-05-12 02:08:40,509 : INFO : EventManager : Event: ======'machine_var_audits_switches_s_pop_bumper_1'====== Args={'value': 0, 'prev_value': None, 'change': True}
2024-05-12 02:08:40,509 : INFO : EventManager : Event: ======'machine_var_audits_switches_s_pop_bumper_2'====== Args={'value': 0, 'prev_value': None, 'change': True}
2024-05-12 02:08:40,509 : INFO : EventManager : Event: ======'machine_var_audits_switches_s_pop_bumper_3'====== Args={'value': 0, 'prev_value': None, 'change': True}
2024-05-12 02:08:40,510 : INFO : EventManager : Event: ======'machine_var_audits_switches_s_right_flipper'====== Args={'value': 131, 'prev_value': None, 'change': True}
2024-05-12 02:08:40,510 : INFO : EventManager : Event: ======'machine_var_audits_switches_s_right_flipper_eos'====== Args={'value': 0, 'prev_value': None, 'change': True}
2024-05-12 02:08:40,510 : INFO : EventManager : Event: ======'machine_var_audits_switches_s_right_inner_lane'====== Args={'value': 0, 'prev_value': None, 'change': True}
2024-05-12 02:08:40,510 : INFO : EventManager : Event: ======'machine_var_audits_switches_s_right_outer_lane'====== Args={'value': 0, 'prev_value': None, 'change': True}
2024-05-12 02:08:40,510 : INFO : EventManager : Event: ======'machine_var_audits_switches_s_right_sling'====== Args={'value': 3, 'prev_value': None, 'change': True}
2024-05-12 02:08:40,510 : INFO : EventManager : Event: ======'machine_var_audits_switches_s_start'====== Args={'value': 13, 'prev_value': None, 'change': True}
2024-05-12 02:08:40,510 : INFO : EventManager : Event: ======'machine_var_audits_switches_s_switch_2'====== Args={'value': 0, 'prev_value': None, 'change': True}
2024-05-12 02:08:40,510 : INFO : EventManager : Event: ======'machine_var_audits_switches_s_trough_ball_1'====== Args={'value': 4, 'prev_value': None, 'change': True}
2024-05-12 02:08:40,510 : INFO : EventManager : Event: ======'machine_var_audits_switches_s_trough_ball_2'====== Args={'value': 4, 'prev_value': None, 'change': True}
2024-05-12 02:08:40,510 : INFO : EventManager : Event: ======'machine_var_audits_switches_s_trough_ball_3'====== Args={'value': 1, 'prev_value': None, 'change': True}
2024-05-12 02:08:40,510 : INFO : EventManager : Event: ======'machine_var_audits_switches_s_trough_ball_4'====== Args={'value': 0, 'prev_value': None, 'change': True}
2024-05-12 02:08:40,510 : INFO : EventManager : Event: ======'machine_var_audits_switches_s_trough_ball_5'====== Args={'value': 0, 'prev_value': None, 'change': True}
2024-05-12 02:08:40,510 : INFO : EventManager : Event: ======'machine_var_audits_switches_s_trough_ball_6'====== Args={'value': 1, 'prev_value': None, 'change': True}
2024-05-12 02:08:40,510 : INFO : EventManager : Event: ======'machine_var_audits_switches_s_trough_ball_jam'====== Args={'value': 3, 'prev_value': None, 'change': True}
2024-05-12 02:08:40,511 : INFO : EventManager : Event: ======'machine_var_audits_switches_s_trough_eject_coil'====== Args={'value': 0, 'prev_value': None, 'change': True}
2024-05-12 02:08:40,511 : INFO : EventManager : Event: ======'machine_var_audits_switches_s_scanlan'====== Args={'value': 0, 'prev_value': None, 'change': True}
2024-05-12 02:08:40,511 : INFO : EventManager : Event: ======'init_phase_5'====== Args={}
2024-05-12 02:08:40,549 : INFO : EventManager : Event: ======'init_done'====== Args={}
2024-05-12 02:08:40,550 : INFO : EventManager : Event: ======'machine_reset_phase_1'====== Args={}
2024-05-12 02:08:40,554 : INFO : EventManager : Event: ======'machine_reset_phase_2'====== Args={}
2024-05-12 02:08:40,554 : INFO : EventManager : Event: ======'machine_reset_phase_3'====== Args={}
2024-05-12 02:08:40,554 : INFO : EventManager : Event: ======'reset_complete'====== Args={}
2024-05-12 02:08:40,554 : INFO : EventManager : Event: ======'mode_attract_will_start'====== Args={}
2024-05-12 02:08:40,554 : INFO : EventManager : Event: ======'mode_attract_starting'====== Args={}
2024-05-12 02:08:40,554 : INFO : Mode.attract : Started. Priority: 10
2024-05-12 02:08:40,554 : INFO : EventManager : Event: ======'modes_active_modes_changed'====== Args={}
2024-05-12 02:08:40,554 : INFO : EventManager : Event: ======'mode_attract_started'====== Args={}
2024-05-12 02:08:40,555 : INFO : EventManager : Event: ======'collecting_balls_complete'====== Args={}
2024-05-12 02:08:40,581 : INFO : EventManager : Event: ======'slide_attract_created'====== Args={'_from_bcp': True}
2024-05-12 02:08:40,581 : INFO : EventManager : Event: ======'slide__removed'====== Args={'_from_bcp': True}
2024-05-12 02:08:40,582 : INFO : EventManager : Event: ======'slide_attract_active'====== Args={'original_context': 'attract', 'original_calling_context': 'mode_attract_started', 'cmd': 'slides_play', '_from_bcp': True}
2024-05-12 02:08:40,582 : INFO : Machine : Starting the main run loop.
2024-05-12 02:08:45,828 : INFO : SwitchController : <<<<<<< 's_trough_ball_1' active >>>>>>>
2024-05-12 02:08:46,116 : INFO : SwitchController : <<<<<<< 's_trough_ball_2' active >>>>>>>
2024-05-12 02:08:46,376 : WARNING : SwitchController : Received duplicate switch state 1 for switch s_trough_ball_2 from the platform interface. Log Code: Log-SwitchController-1 (https://missionpinball.org/logs)
2024-05-12 02:08:46,376 : INFO : SwitchController : <<<<<<< 's_trough_ball_3' active >>>>>>>
2024-05-12 02:08:46,882 : INFO : EventManager : Event: ======'balldevice_bd_trough_ball_count_changed'====== Args={'balls': 3}
2024-05-12 02:08:46,882 : INFO : ball_device.bd_trough : Received unexpected ball
2024-05-12 02:08:46,882 : INFO : EventManager : Event: ======'balldevice_captured_from_playfield'====== Args={'balls': 1}
2024-05-12 02:08:46,882 : INFO : EventManager : Event: ======'sw_playfield_active'====== Args={'balls': 1}
2024-05-12 02:08:46,882 : INFO : EventManager : Event: ======'playfield_active'====== Args={}
2024-05-12 02:08:46,883 : INFO : EventManager : Event: ======'unexpected_ball_on_playfield'====== Args={}
2024-05-12 02:08:46,883 : INFO : EventManager : Event: ======'playfield_ball_count_change'====== Args={'balls': -1, 'change': -1}
2024-05-12 02:08:46,883 : INFO : EventManager : Event: ======'balldevice_playfield_ball_enter'====== Args={'new_balls': 1, 'unclaimed_balls': 1, 'device': <playfield.playfield>}
2024-05-12 02:08:46,883 : INFO : EventManager : Event: ======'playfield_ball_count_change'====== Args={'balls': 0, 'change': 1}
2024-05-12 02:08:46,883 : INFO : BallController : Found a new ball which was captured from playfield. Known balls: 1
2024-05-12 02:08:46,883 : INFO : EventManager : Event: ======'found_new_ball'====== Args={}
2024-05-12 02:08:46,883 : INFO : EventManager : Event: ======'balldevice_bd_trough_ball_enter'====== Args={'new_balls': 1, 'unclaimed_balls': 1, 'new_available_balls': 1, 'device': <ball_device.bd_trough>}
2024-05-12 02:08:46,883 : INFO : EventManager : Event: ======'ball_drain'====== Args={'device': <ball_device.bd_trough>, 'balls': 1}
2024-05-12 02:08:46,883 : INFO : EventManager : Event: ======'balldevice_balls_available'====== Args={}
2024-05-12 02:08:46,883 : INFO : EventManager : Event: ======'balldevice_bd_trough_ball_entered'====== Args={'new_balls': 1, 'device': <ball_device.bd_trough>}
2024-05-12 02:08:46,883 : INFO : ball_device.bd_trough : Received unexpected ball
2024-05-12 02:08:46,883 : INFO : EventManager : Event: ======'balldevice_captured_from_playfield'====== Args={'balls': 1}
2024-05-12 02:08:46,884 : INFO : EventManager : Event: ======'sw_playfield_active'====== Args={'balls': 1}
2024-05-12 02:08:46,884 : INFO : EventManager : Event: ======'playfield_active'====== Args={}
2024-05-12 02:08:46,884 : INFO : EventManager : Event: ======'unexpected_ball_on_playfield'====== Args={}
2024-05-12 02:08:46,884 : INFO : EventManager : Event: ======'playfield_ball_count_change'====== Args={'balls': -1, 'change': -1}
2024-05-12 02:08:46,884 : INFO : EventManager : Event: ======'balldevice_playfield_ball_enter'====== Args={'new_balls': 1, 'unclaimed_balls': 1, 'device': <playfield.playfield>}
2024-05-12 02:08:46,884 : INFO : EventManager : Event: ======'playfield_ball_count_change'====== Args={'balls': 0, 'change': 1}
2024-05-12 02:08:46,884 : INFO : BallController : Found a new ball which was captured from playfield. Known balls: 2
2024-05-12 02:08:46,884 : INFO : EventManager : Event: ======'found_new_ball'====== Args={}
2024-05-12 02:08:46,884 : INFO : EventManager : Event: ======'balldevice_bd_trough_ball_enter'====== Args={'new_balls': 1, 'unclaimed_balls': 1, 'new_available_balls': 1, 'device': <ball_device.bd_trough>}
2024-05-12 02:08:46,884 : INFO : EventManager : Event: ======'ball_drain'====== Args={'device': <ball_device.bd_trough>, 'balls': 1}
2024-05-12 02:08:46,884 : INFO : EventManager : Event: ======'balldevice_balls_available'====== Args={}
2024-05-12 02:08:46,884 : INFO : EventManager : Event: ======'balldevice_bd_trough_ball_entered'====== Args={'new_balls': 1, 'device': <ball_device.bd_trough>}
2024-05-12 02:08:46,884 : INFO : ball_device.bd_trough : Received unexpected ball
2024-05-12 02:08:46,884 : INFO : EventManager : Event: ======'balldevice_captured_from_playfield'====== Args={'balls': 1}
2024-05-12 02:08:46,884 : INFO : EventManager : Event: ======'sw_playfield_active'====== Args={'balls': 1}
2024-05-12 02:08:46,884 : INFO : EventManager : Event: ======'playfield_active'====== Args={}
2024-05-12 02:08:46,884 : INFO : EventManager : Event: ======'unexpected_ball_on_playfield'====== Args={}
2024-05-12 02:08:46,884 : INFO : EventManager : Event: ======'playfield_ball_count_change'====== Args={'balls': -1, 'change': -1}
2024-05-12 02:08:46,885 : INFO : EventManager : Event: ======'balldevice_playfield_ball_enter'====== Args={'new_balls': 1, 'unclaimed_balls': 1, 'device': <playfield.playfield>}
2024-05-12 02:08:46,885 : INFO : EventManager : Event: ======'playfield_ball_count_change'====== Args={'balls': 0, 'change': 1}
2024-05-12 02:08:46,885 : INFO : BallController : Found a new ball which was captured from playfield. Known balls: 3
2024-05-12 02:08:46,885 : INFO : EventManager : Event: ======'found_new_ball'====== Args={}
2024-05-12 02:08:46,885 : INFO : EventManager : Event: ======'balldevice_bd_trough_ball_enter'====== Args={'new_balls': 1, 'unclaimed_balls': 1, 'new_available_balls': 1, 'device': <ball_device.bd_trough>}
2024-05-12 02:08:46,885 : INFO : EventManager : Event: ======'ball_drain'====== Args={'device': <ball_device.bd_trough>, 'balls': 1}
2024-05-12 02:08:46,885 : INFO : EventManager : Event: ======'balldevice_balls_available'====== Args={}
2024-05-12 02:08:46,885 : INFO : EventManager : Event: ======'balldevice_bd_trough_ball_entered'====== Args={'new_balls': 1, 'device': <ball_device.bd_trough>}
2024-05-12 02:08:47,230 : INFO : SwitchController : <<<<<<< 's_start' active >>>>>>>
2024-05-12 02:08:47,320 : INFO : SwitchController : <<<<<<< 's_start' inactive >>>>>>>
2024-05-12 02:08:47,320 : INFO : EventManager : Event: ======'request_to_start_game'====== Args={}
2024-05-12 02:08:47,320 : INFO : EventManager : Event: ======'game_start'====== Args={'buttons': [], 'hold_time': 0.09300000000803266}
2024-05-12 02:08:47,320 : INFO : EventManager : Event: ======'mode_game_will_start'====== Args={'buttons': [], 'hold_time': 0.09300000000803266}
2024-05-12 02:08:47,321 : INFO : EventManager : Event: ======'mode_game_starting'====== Args={'buttons': [], 'hold_time': 0.09300000000803266}
2024-05-12 02:08:47,321 : INFO : EventManager : Event: ======'mode_attract_will_stop'====== Args={}
2024-05-12 02:08:47,321 : INFO : EventManager : Event: ======'mode_attract_stopping'====== Args={}
2024-05-12 02:08:47,321 : INFO : Mode.game : Started. Priority: 20
2024-05-12 02:08:47,321 : INFO : EventManager : Event: ======'modes_active_modes_changed'====== Args={}
2024-05-12 02:08:47,321 : INFO : EventManager : Event: ======'mode_game_started'====== Args={'buttons': [], 'hold_time': 0.09300000000803266}
2024-05-12 02:08:47,335 : INFO : Mode.attract : Stopped.
2024-05-12 02:08:47,335 : INFO : EventManager : Event: ======'modes_active_modes_changed'====== Args={}
2024-05-12 02:08:47,335 : INFO : EventManager : Event: ======'mode_attract_stopped'====== Args={}
2024-05-12 02:08:47,335 : INFO : EventManager : Event: ======'clear'====== Args={'key': 'attract'}
2024-05-12 02:08:47,336 : INFO : EventManager : Event: ======'game_will_start'====== Args={}
2024-05-12 02:08:47,350 : INFO : EventManager : Event: ======'game_starting'====== Args={'game': <Mode.game>}
2024-05-12 02:08:47,350 : INFO : EventManager : Unordered handler for class <Auditor> on event game_ended with priority 1. Handlers: [RegisteredHandler(callback=<bound method Auditor.disable of <Auditor>>, priority=1, kwargs={}, key=UUID('6978ef45-0449-4afa-9648-5cd7d110bd1a'), condition=None, blocking_facility=None), RegisteredHandler(callback=<bound method Auditor._save_audits of <Auditor>>, priority=1, kwargs={}, key=UUID('78e70432-ab51-4ae3-ab47-66cd52fc2d86'), condition=None, blocking_facility=None)]. The order of those handlers is not defined and they will be executed in random order. This might lead to race conditions and potential bugs.
2024-05-12 02:08:47,350 : INFO : EventManager : Event: ======'player_add_request'====== Args={}
2024-05-12 02:08:47,350 : INFO : EventManager : Event: ======'player_will_add'====== Args={'number': 1}
2024-05-12 02:08:47,350 : INFO : EventManager : Event: ======'player_adding'====== Args={'player': <Player 1>, 'number': 1}
2024-05-12 02:08:47,350 : INFO : EventManager : Event: ======'player_added'====== Args={'player': <Player 1>, 'num': 1}
2024-05-12 02:08:47,350 : INFO : Mode.game : Player added successfully. Total players: 1
2024-05-12 02:08:47,350 : INFO : EventManager : Event: ======'player_index'====== Args={'value': 0, 'prev_value': 0, 'change': 0, 'player_num': 1}
2024-05-12 02:08:47,350 : INFO : EventManager : Event: ======'player_number'====== Args={'value': 1, 'prev_value': 1, 'change': 0, 'player_num': 1}
2024-05-12 02:08:47,350 : INFO : EventManager : Event: ======'player_score'====== Args={'value': 0, 'prev_value': 0, 'change': 0, 'player_num': 1}
2024-05-12 02:08:47,351 : INFO : EventManager : Event: ======'game_started'====== Args={}
2024-05-12 02:08:47,355 : INFO : EventManager : Event: ======'player_turn_will_start'====== Args={'player': <Player 1>, 'number': 1}
2024-05-12 02:08:47,355 : INFO : EventManager : Event: ======'player_turn_starting'====== Args={'player': <Player 1>, 'number': 1}
2024-05-12 02:08:47,355 : INFO : EventManager : Event: ======'player_ball'====== Args={'value': 1, 'prev_value': 0, 'change': 1, 'player_num': 1}
2024-05-12 02:08:47,355 : INFO : EventManager : Event: ======'player_turn_started'====== Args={'player': <Player 1>, 'number': 1}
2024-05-12 02:08:47,356 : INFO : EventManager : Event: ======'ball_will_start'====== Args={'player': 1, 'ball': 1, 'balls_remaining': 2, 'is_extra_ball': False}
2024-05-12 02:08:47,358 : INFO : EventManager : Event: ======'ball_starting'====== Args={'player': 1, 'ball': 1, 'balls_remaining': 2, 'is_extra_ball': False}
2024-05-12 02:08:47,358 : INFO : EventManager : Event: ======'balls_in_play'====== Args={'balls': 1}
2024-05-12 02:08:47,358 : INFO : EventManager : Event: ======'ball_started'====== Args={'player': 1, 'ball': 1, 'balls_remaining': 2, 'is_extra_ball': False}
2024-05-12 02:08:47,358 : INFO : EventManager : Event: ======'mode_char_select_will_start'====== Args={'player': 1, 'ball': 1, 'balls_remaining': 2, 'is_extra_ball': False}
2024-05-12 02:08:47,360 : INFO : EventManager : Event: ======'mode_char_select_starting'====== Args={'player': 1, 'ball': 1, 'balls_remaining': 2, 'is_extra_ball': False}
2024-05-12 02:08:47,360 : INFO : EventManager : Event: ======'mode_base_will_start'====== Args={'player': 1, 'ball': 1, 'balls_remaining': 2, 'is_extra_ball': False}
2024-05-12 02:08:47,361 : INFO : EventManager : Event: ======'mode_base_starting'====== Args={'player': 1, 'ball': 1, 'balls_remaining': 2, 'is_extra_ball': False}
2024-05-12 02:08:47,361 : INFO : Mode.base : Started. Priority: 100
2024-05-12 02:08:47,361 : INFO : EventManager : Event: ======'modes_active_modes_changed'====== Args={}
2024-05-12 02:08:47,361 : INFO : EventManager : Event: ======'mode_base_started'====== Args={'player': 1, 'ball': 1, 'balls_remaining': 2, 'is_extra_ball': False}
2024-05-12 02:08:47,361 : INFO : Mode.char_select : Started. Priority: 501
2024-05-12 02:08:47,361 : INFO : EventManager : Event: ======'modes_active_modes_changed'====== Args={}
2024-05-12 02:08:47,361 : INFO : EventManager : Event: ======'mode_char_select_started'====== Args={'player': 1, 'ball': 1, 'balls_remaining': 2, 'is_extra_ball': False}
2024-05-12 02:08:47,361 : INFO : EventManager : Event: ======'item_highlighted'====== Args={'carousel': 'char_select', 'direction': None, 'item': 'percy'}
2024-05-12 02:08:47,362 : INFO : EventManager : Event: ======'single_player_ball_started'====== Args={}
2024-05-12 02:08:47,381 : INFO : EventManager : Event: ======'ball_start_target'====== Args={'target': 'playfield'}
2024-05-12 02:08:47,381 : INFO : ball_device.bd_plunger : Setting up player-controlled eject. Balls: 1, Target: <playfield.playfield>, player_controlled_eject_event: None
2024-05-12 02:08:47,381 : INFO : EventManager : Event: ======'balldevice_balls_available'====== Args={}
2024-05-12 02:08:47,381 : INFO : ball_device.bd_trough : State: waiting_for_target_ready
2024-05-12 02:08:47,381 : INFO : EventManager : Event: ======'balldevice_bd_trough_ball_eject_attempt'====== Args={'balls': 1, 'target': <ball_device.bd_plunger>, 'source': <ball_device.bd_trough>, 'mechanical_eject': True, 'num_attempts': 0}
2024-05-12 02:08:47,381 : INFO : ball_device.bd_plunger : State: waiting_for_ball
2024-05-12 02:08:47,381 : INFO : ball_device.bd_trough : State: ejecting
2024-05-12 02:08:47,381 : INFO : ball_device.bd_trough : Ejecting ball to <ball_device.bd_plunger>
2024-05-12 02:08:47,382 : INFO : EventManager : Event: ======'balldevice_bd_trough_ejecting_ball'====== Args={'balls': 1, 'target': <ball_device.bd_plunger>, 'source': <ball_device.bd_trough>, 'mechanical_eject': True, 'num_attempts': 0}
2024-05-12 02:08:47,382 : INFO : ball_device.bd_trough : Wait for ball to leave device
2024-05-12 02:08:47,382 : INFO : coil.c_trough_eject_coil : Pulsing Driver for 15ms (1.0 pulse_power)
2024-05-12 02:08:47,385 : INFO : EventManager : Event: ======'slide_base_created'====== Args={'_from_bcp': True}
2024-05-12 02:08:47,385 : INFO : EventManager : Event: ======'slide_attract_inactive'====== Args={'_from_bcp': True}
2024-05-12 02:08:47,385 : INFO : EventManager : Event: ======'slide_base_active'====== Args={'original_context': 'base', 'original_calling_context': 'mode_base_started', 'cmd': 'slides_play', '_from_bcp': True}
2024-05-12 02:08:47,385 : INFO : EventManager : Event: ======'slide_attract_removed'====== Args={'_from_bcp': True}
2024-05-12 02:08:47,539 : INFO : EventManager : Event: ======'slide_char_select_created'====== Args={'_from_bcp': True}
2024-05-12 02:08:47,540 : INFO : EventManager : Event: ======'slide_base_inactive'====== Args={'_from_bcp': True}
2024-05-12 02:08:47,540 : INFO : EventManager : Event: ======'slide_char_select_active'====== Args={'original_context': 'char_select', 'original_calling_context': 'mode_char_select_started', 'cmd': 'slides_play', '_from_bcp': True}
2024-05-12 02:08:48,417 : INFO : EventManager : Event: ======'s_ab_active'====== Args={'_from_bcp': True}
2024-05-12 02:08:48,417 : INFO : EventManager : Event: ======'char_select_percy_selected'====== Args={}
2024-05-12 02:08:48,417 : INFO : EventManager : Event: ======'char_select_item_selected'====== Args={}
2024-05-12 02:08:48,417 : INFO : EventManager : Event: ======'player_selected_champ'====== Args={'value': 'percy', 'prev_value': 0, 'change': True, 'player_num': 1, 'source': 'char_select'}
2024-05-12 02:08:48,418 : INFO : EventManager : Event: ======'mode_char_select_will_stop'====== Args={}
2024-05-12 02:08:48,418 : INFO : EventManager : Event: ======'mode_char_select_stopping'====== Args={}
2024-05-12 02:08:48,418 : INFO : EventManager : Event: ======'player_is_selected_champ'====== Args={'value': 1, 'prev_value': 0, 'change': 1, 'player_num': 1, 'source': 'char_select'}
2024-05-12 02:08:48,418 : INFO : Mode.char_select : Stopped.
2024-05-12 02:08:48,418 : INFO : EventManager : Event: ======'modes_active_modes_changed'====== Args={}
2024-05-12 02:08:48,418 : INFO : EventManager : Event: ======'start_base'====== Args={}
2024-05-12 02:08:48,418 : INFO : EventManager : Event: ======'char_select_item_selected'====== Args={}
2024-05-12 02:08:48,418 : INFO : EventManager : Event: ======'mode_char_select_stopped'====== Args={}
2024-05-12 02:08:48,418 : INFO : EventManager : Event: ======'clear'====== Args={'key': 'char_select'}
2024-05-12 02:08:48,438 : INFO : EventManager : Event: ======'slide_char_select_inactive'====== Args={'_from_bcp': True}
2024-05-12 02:08:48,438 : INFO : EventManager : Event: ======'slide_base_active'====== Args={'_from_bcp': True}
2024-05-12 02:08:48,438 : INFO : EventManager : Event: ======'slide_char_select_removed'====== Args={'_from_bcp': True}
2024-05-12 02:08:49,397 : INFO : EventManager : Event: ======'balldevice_bd_trough_ball_eject_failed'====== Args={'target': <ball_device.bd_plunger>, 'balls': 1, 'retry': True, 'num_attempts': 1}
2024-05-12 02:08:49,397 : INFO : ball_device.bd_trough : State: waiting_for_target_ready
2024-05-12 02:08:49,397 : INFO : EventManager : Event: ======'balldevice_bd_trough_ball_eject_attempt'====== Args={'balls': 1, 'target': <ball_device.bd_plunger>, 'source': <ball_device.bd_trough>, 'mechanical_eject': True, 'num_attempts': 1}
2024-05-12 02:08:49,397 : INFO : ball_device.bd_trough : State: ejecting
2024-05-12 02:08:49,397 : INFO : ball_device.bd_trough : Ejecting ball to <ball_device.bd_plunger>
2024-05-12 02:08:49,398 : INFO : EventManager : Event: ======'balldevice_bd_trough_ejecting_ball'====== Args={'balls': 1, 'target': <ball_device.bd_plunger>, 'source': <ball_device.bd_trough>, 'mechanical_eject': True, 'num_attempts': 1}
2024-05-12 02:08:49,398 : INFO : ball_device.bd_trough : Wait for ball to leave device
2024-05-12 02:08:49,398 : INFO : coil.c_trough_eject_coil : Pulsing Driver for 15ms (1.0 pulse_power)
2024-05-12 02:08:49,632 : INFO : EventManager : Event: ======'s_mead_active'====== Args={'_from_bcp': True}
2024-05-12 02:08:49,633 : INFO : EventManager : Event: ======'play_mead_video_1'====== Args={'_from_bcp': True}
2024-05-12 02:08:49,633 : INFO : EventManager : Event: ======'player_score'====== Args={'value': 10000, 'prev_value': 0, 'change': 10000, 'player_num': 1, 'source': 'base'}
2024-05-12 02:08:49,633 : INFO : EventManager : Event: ======'player_last_score'====== Args={'value': 10000, 'prev_value': 0, 'change': 10000, 'player_num': 1, 'source': 'base'}
2024-05-12 02:08:51,412 : INFO : EventManager : Event: ======'balldevice_bd_trough_ball_eject_failed'====== Args={'target': <ball_device.bd_plunger>, 'balls': 1, 'retry': True, 'num_attempts': 2}
2024-05-12 02:08:51,412 : INFO : ball_device.bd_trough : State: waiting_for_target_ready
2024-05-12 02:08:51,412 : INFO : EventManager : Event: ======'balldevice_bd_trough_ball_eject_attempt'====== Args={'balls': 1, 'target': <ball_device.bd_plunger>, 'source': <ball_device.bd_trough>, 'mechanical_eject': True, 'num_attempts': 2}
2024-05-12 02:08:51,412 : INFO : ball_device.bd_trough : State: ejecting
2024-05-12 02:08:51,412 : INFO : ball_device.bd_trough : Ejecting ball to <ball_device.bd_plunger>
2024-05-12 02:08:51,412 : INFO : EventManager : Event: ======'balldevice_bd_trough_ejecting_ball'====== Args={'balls': 1, 'target': <ball_device.bd_plunger>, 'source': <ball_device.bd_trough>, 'mechanical_eject': True, 'num_attempts': 2}
2024-05-12 02:08:51,413 : INFO : ball_device.bd_trough : Wait for ball to leave device
2024-05-12 02:08:51,413 : INFO : coil.c_trough_eject_coil : Pulsing Driver for 15ms (1.0 pulse_power)
2024-05-12 02:08:53,430 : INFO : EventManager : Event: ======'balldevice_bd_trough_ball_eject_failed'====== Args={'target': <ball_device.bd_plunger>, 'balls': 1, 'retry': True, 'num_attempts': 3}
2024-05-12 02:08:53,430 : INFO : ball_device.bd_trough : State: waiting_for_target_ready
2024-05-12 02:08:53,430 : INFO : EventManager : Event: ======'balldevice_bd_trough_ball_eject_attempt'====== Args={'balls': 1, 'target': <ball_device.bd_plunger>, 'source': <ball_device.bd_trough>, 'mechanical_eject': True, 'num_attempts': 3}
2024-05-12 02:08:53,430 : INFO : ball_device.bd_trough : State: ejecting
2024-05-12 02:08:53,431 : INFO : ball_device.bd_trough : Ejecting ball to <ball_device.bd_plunger>
2024-05-12 02:08:53,431 : INFO : EventManager : Event: ======'balldevice_bd_trough_ejecting_ball'====== Args={'balls': 1, 'target': <ball_device.bd_plunger>, 'source': <ball_device.bd_trough>, 'mechanical_eject': True, 'num_attempts': 3}
2024-05-12 02:08:53,431 : INFO : ball_device.bd_trough : Wait for ball to leave device
2024-05-12 02:08:53,431 : INFO : coil.c_trough_eject_coil : Pulsing Driver for 15ms (1.0 pulse_power)
2024-05-12 02:08:55,448 : INFO : EventManager : Event: ======'balldevice_bd_trough_ball_eject_failed'====== Args={'target': <ball_device.bd_plunger>, 'balls': 1, 'retry': True, 'num_attempts': 4}
2024-05-12 02:08:55,448 : INFO : ball_device.bd_trough : State: waiting_for_target_ready
2024-05-12 02:08:55,448 : INFO : EventManager : Event: ======'balldevice_bd_trough_ball_eject_attempt'====== Args={'balls': 1, 'target': <ball_device.bd_plunger>, 'source': <ball_device.bd_trough>, 'mechanical_eject': True, 'num_attempts': 4}
2024-05-12 02:08:55,448 : INFO : ball_device.bd_trough : State: ejecting
2024-05-12 02:08:55,448 : INFO : ball_device.bd_trough : Ejecting ball to <ball_device.bd_plunger>
2024-05-12 02:08:55,448 : INFO : EventManager : Event: ======'balldevice_bd_trough_ejecting_ball'====== Args={'balls': 1, 'target': <ball_device.bd_plunger>, 'source': <ball_device.bd_trough>, 'mechanical_eject': True, 'num_attempts': 4}
2024-05-12 02:08:55,449 : INFO : ball_device.bd_trough : Wait for ball to leave device
2024-05-12 02:08:55,449 : INFO : coil.c_trough_eject_coil : Pulsing Driver for 15ms (1.0 pulse_power)
2024-05-12 02:08:57,458 : INFO : EventManager : Event: ======'balldevice_bd_trough_ball_eject_failed'====== Args={'target': <ball_device.bd_plunger>, 'balls': 1, 'retry': True, 'num_attempts': 5}
2024-05-12 02:08:57,458 : INFO : ball_device.bd_trough : State: waiting_for_target_ready
2024-05-12 02:08:57,458 : INFO : EventManager : Event: ======'balldevice_bd_trough_ball_eject_attempt'====== Args={'balls': 1, 'target': <ball_device.bd_plunger>, 'source': <ball_device.bd_trough>, 'mechanical_eject': True, 'num_attempts': 5}
2024-05-12 02:08:57,458 : INFO : ball_device.bd_trough : State: ejecting
2024-05-12 02:08:57,458 : INFO : ball_device.bd_trough : Ejecting ball to <ball_device.bd_plunger>
2024-05-12 02:08:57,459 : INFO : EventManager : Event: ======'balldevice_bd_trough_ejecting_ball'====== Args={'balls': 1, 'target': <ball_device.bd_plunger>, 'source': <ball_device.bd_trough>, 'mechanical_eject': True, 'num_attempts': 5}
2024-05-12 02:08:57,459 : INFO : ball_device.bd_trough : Wait for ball to leave device
2024-05-12 02:08:57,459 : INFO : coil.c_trough_eject_coil : Pulsing Driver for 15ms (1.0 pulse_power)
2024-05-12 02:08:58,078 : INFO : EventManager : Event: ======'resume_bg'====== Args={'_from_bcp': True}
2024-05-12 02:08:59,481 : INFO : EventManager : Event: ======'balldevice_bd_trough_ball_eject_failed'====== Args={'target': <ball_device.bd_plunger>, 'balls': 1, 'retry': True, 'num_attempts': 6}
2024-05-12 02:08:59,481 : INFO : ball_device.bd_trough : State: waiting_for_target_ready
2024-05-12 02:08:59,481 : INFO : EventManager : Event: ======'balldevice_bd_trough_ball_eject_attempt'====== Args={'balls': 1, 'target': <ball_device.bd_plunger>, 'source': <ball_device.bd_trough>, 'mechanical_eject': True, 'num_attempts': 6}
2024-05-12 02:08:59,481 : INFO : ball_device.bd_trough : State: ejecting
2024-05-12 02:08:59,481 : INFO : ball_device.bd_trough : Ejecting ball to <ball_device.bd_plunger>
2024-05-12 02:08:59,481 : INFO : EventManager : Event: ======'balldevice_bd_trough_ejecting_ball'====== Args={'balls': 1, 'target': <ball_device.bd_plunger>, 'source': <ball_device.bd_trough>, 'mechanical_eject': True, 'num_attempts': 6}
2024-05-12 02:08:59,482 : INFO : ball_device.bd_trough : Wait for ball to leave device
2024-05-12 02:08:59,482 : INFO : coil.c_trough_eject_coil : Pulsing Driver for 15ms (1.0 pulse_power)
2024-05-12 02:09:00,110 : INFO : EventManager : Event: ======'s_mead_active'====== Args={'_from_bcp': True}
2024-05-12 02:09:00,110 : INFO : EventManager : Event: ======'play_mead_video_4'====== Args={'_from_bcp': True}
2024-05-12 02:09:00,110 : INFO : EventManager : Event: ======'player_score'====== Args={'value': 20000, 'prev_value': 10000, 'change': 10000, 'player_num': 1, 'source': 'base'}
2024-05-12 02:09:01,488 : INFO : EventManager : Event: ======'balldevice_bd_trough_ball_eject_failed'====== Args={'target': <ball_device.bd_plunger>, 'balls': 1, 'retry': True, 'num_attempts': 7}
2024-05-12 02:09:01,488 : INFO : ball_device.bd_trough : State: waiting_for_target_ready
2024-05-12 02:09:01,488 : INFO : EventManager : Event: ======'balldevice_bd_trough_ball_eject_attempt'====== Args={'balls': 1, 'target': <ball_device.bd_plunger>, 'source': <ball_device.bd_trough>, 'mechanical_eject': True, 'num_attempts': 7}
2024-05-12 02:09:01,489 : INFO : ball_device.bd_trough : State: ejecting
2024-05-12 02:09:01,489 : INFO : ball_device.bd_trough : Ejecting ball to <ball_device.bd_plunger>
2024-05-12 02:09:01,489 : INFO : EventManager : Event: ======'balldevice_bd_trough_ejecting_ball'====== Args={'balls': 1, 'target': <ball_device.bd_plunger>, 'source': <ball_device.bd_trough>, 'mechanical_eject': True, 'num_attempts': 7}
2024-05-12 02:09:01,489 : INFO : ball_device.bd_trough : Wait for ball to leave device
2024-05-12 02:09:01,489 : INFO : coil.c_trough_eject_coil : Pulsing Driver for 15ms (1.0 pulse_power)
2024-05-12 02:09:02,452 : INFO : EventManager : Event: ======'s_mead_active'====== Args={'_from_bcp': True}
2024-05-12 02:09:02,452 : INFO : EventManager : Event: ======'play_mead_video_3'====== Args={'_from_bcp': True}
2024-05-12 02:09:02,452 : INFO : EventManager : Event: ======'player_score'====== Args={'value': 30000, 'prev_value': 20000, 'change': 10000, 'player_num': 1, 'source': 'base'}
2024-05-12 02:09:03,508 : INFO : EventManager : Event: ======'balldevice_bd_trough_ball_eject_failed'====== Args={'target': <ball_device.bd_plunger>, 'balls': 1, 'retry': True, 'num_attempts': 8}
2024-05-12 02:09:03,508 : INFO : ball_device.bd_trough : State: waiting_for_target_ready
2024-05-12 02:09:03,508 : INFO : EventManager : Event: ======'balldevice_bd_trough_ball_eject_attempt'====== Args={'balls': 1, 'target': <ball_device.bd_plunger>, 'source': <ball_device.bd_trough>, 'mechanical_eject': True, 'num_attempts': 8}
2024-05-12 02:09:03,508 : INFO : ball_device.bd_trough : State: ejecting
2024-05-12 02:09:03,508 : INFO : ball_device.bd_trough : Ejecting ball to <ball_device.bd_plunger>
2024-05-12 02:09:03,508 : INFO : EventManager : Event: ======'balldevice_bd_trough_ejecting_ball'====== Args={'balls': 1, 'target': <ball_device.bd_plunger>, 'source': <ball_device.bd_trough>, 'mechanical_eject': True, 'num_attempts': 8}
2024-05-12 02:09:03,509 : INFO : ball_device.bd_trough : Wait for ball to leave device
2024-05-12 02:09:03,509 : INFO : coil.c_trough_eject_coil : Pulsing Driver for 15ms (1.0 pulse_power)
2024-05-12 02:09:04,368 : INFO : EventManager : Event: ======'s_mead_active'====== Args={'_from_bcp': True}
2024-05-12 02:09:04,368 : INFO : EventManager : Event: ======'play_mead_video_2'====== Args={'_from_bcp': True}
2024-05-12 02:09:04,368 : INFO : EventManager : Event: ======'player_score'====== Args={'value': 40000, 'prev_value': 30000, 'change': 10000, 'player_num': 1, 'source': 'base'}
2024-05-12 02:09:05,511 : INFO : EventManager : Event: ======'balldevice_bd_trough_ball_eject_failed'====== Args={'target': <ball_device.bd_plunger>, 'balls': 1, 'retry': True, 'num_attempts': 9}
2024-05-12 02:09:05,511 : INFO : ball_device.bd_trough : State: waiting_for_target_ready
2024-05-12 02:09:05,511 : INFO : EventManager : Event: ======'balldevice_bd_trough_ball_eject_attempt'====== Args={'balls': 1, 'target': <ball_device.bd_plunger>, 'source': <ball_device.bd_trough>, 'mechanical_eject': True, 'num_attempts': 9}
2024-05-12 02:09:05,511 : INFO : ball_device.bd_trough : State: ejecting
2024-05-12 02:09:05,511 : INFO : ball_device.bd_trough : Ejecting ball to <ball_device.bd_plunger>
2024-05-12 02:09:05,511 : INFO : EventManager : Event: ======'balldevice_bd_trough_ejecting_ball'====== Args={'balls': 1, 'target': <ball_device.bd_plunger>, 'source': <ball_device.bd_trough>, 'mechanical_eject': True, 'num_attempts': 9}
2024-05-12 02:09:05,512 : INFO : ball_device.bd_trough : Wait for ball to leave device
2024-05-12 02:09:05,512 : INFO : coil.c_trough_eject_coil : Pulsing Driver for 15ms (1.0 pulse_power)
2024-05-12 02:09:06,333 : INFO : EventManager : Event: ======'s_mead_active'====== Args={'_from_bcp': True}
2024-05-12 02:09:06,334 : INFO : EventManager : Event: ======'play_mead_video_1'====== Args={'_from_bcp': True}
2024-05-12 02:09:06,334 : INFO : EventManager : Event: ======'player_score'====== Args={'value': 50000, 'prev_value': 40000, 'change': 10000, 'player_num': 1, 'source': 'base'}
2024-05-12 02:09:07,523 : INFO : EventManager : Event: ======'balldevice_bd_trough_ball_eject_failed'====== Args={'target': <ball_device.bd_plunger>, 'balls': 1, 'retry': True, 'num_attempts': 10}
2024-05-12 02:09:07,523 : INFO : ball_device.bd_trough : State: waiting_for_target_ready
2024-05-12 02:09:07,523 : INFO : EventManager : Event: ======'balldevice_bd_trough_ball_eject_attempt'====== Args={'balls': 1, 'target': <ball_device.bd_plunger>, 'source': <ball_device.bd_trough>, 'mechanical_eject': True, 'num_attempts': 10}
2024-05-12 02:09:07,523 : INFO : ball_device.bd_trough : State: ejecting
2024-05-12 02:09:07,523 : INFO : ball_device.bd_trough : Ejecting ball to <ball_device.bd_plunger>
2024-05-12 02:09:07,523 : INFO : EventManager : Event: ======'balldevice_bd_trough_ejecting_ball'====== Args={'balls': 1, 'target': <ball_device.bd_plunger>, 'source': <ball_device.bd_trough>, 'mechanical_eject': True, 'num_attempts': 10}
2024-05-12 02:09:07,524 : INFO : ball_device.bd_trough : Wait for ball to leave device
2024-05-12 02:09:07,524 : INFO : coil.c_trough_eject_coil : Pulsing Driver for 15ms (1.0 pulse_power)
2024-05-12 02:09:08,326 : INFO : EventManager : Event: ======'s_mead_active'====== Args={'_from_bcp': True}
2024-05-12 02:09:08,326 : INFO : EventManager : Event: ======'play_mead_video_3'====== Args={'_from_bcp': True}
2024-05-12 02:09:08,326 : INFO : EventManager : Event: ======'player_score'====== Args={'value': 60000, 'prev_value': 50000, 'change': 10000, 'player_num': 1, 'source': 'base'}
2024-05-12 02:09:09,076 : INFO : EventManager : Event: ======'s_mead_active'====== Args={'_from_bcp': True}
2024-05-12 02:09:09,076 : INFO : EventManager : Event: ======'play_mead_video_4'====== Args={'_from_bcp': True}
2024-05-12 02:09:09,076 : INFO : EventManager : Event: ======'player_score'====== Args={'value': 70000, 'prev_value': 60000, 'change': 10000, 'player_num': 1, 'source': 'base'}
2024-05-12 02:09:09,509 : INFO : EventManager : Event: ======'s_mead_active'====== Args={'_from_bcp': True}
2024-05-12 02:09:09,509 : INFO : EventManager : Event: ======'play_mead_video_2'====== Args={'_from_bcp': True}
2024-05-12 02:09:09,509 : INFO : EventManager : Event: ======'player_score'====== Args={'value': 80000, 'prev_value': 70000, 'change': 10000, 'player_num': 1, 'source': 'base'}
2024-05-12 02:09:09,541 : INFO : EventManager : Event: ======'balldevice_bd_trough_ball_eject_failed'====== Args={'target': <ball_device.bd_plunger>, 'balls': 1, 'retry': True, 'num_attempts': 11}
2024-05-12 02:09:09,541 : INFO : ball_device.bd_trough : State: waiting_for_target_ready
2024-05-12 02:09:09,541 : INFO : EventManager : Event: ======'balldevice_bd_trough_ball_eject_attempt'====== Args={'balls': 1, 'target': <ball_device.bd_plunger>, 'source': <ball_device.bd_trough>, 'mechanical_eject': True, 'num_attempts': 11}
2024-05-12 02:09:09,541 : INFO : ball_device.bd_trough : State: ejecting
2024-05-12 02:09:09,541 : INFO : ball_device.bd_trough : Ejecting ball to <ball_device.bd_plunger>
2024-05-12 02:09:09,541 : INFO : EventManager : Event: ======'balldevice_bd_trough_ejecting_ball'====== Args={'balls': 1, 'target': <ball_device.bd_plunger>, 'source': <ball_device.bd_trough>, 'mechanical_eject': True, 'num_attempts': 11}
2024-05-12 02:09:09,542 : INFO : ball_device.bd_trough : Wait for ball to leave device
2024-05-12 02:09:09,542 : INFO : coil.c_trough_eject_coil : Pulsing Driver for 15ms (1.0 pulse_power)
2024-05-12 02:09:09,923 : INFO : EventManager : Event: ======'s_mead_active'====== Args={'_from_bcp': True}
2024-05-12 02:09:09,923 : INFO : EventManager : Event: ======'play_mead_video_4'====== Args={'_from_bcp': True}
2024-05-12 02:09:09,924 : INFO : EventManager : Event: ======'player_score'====== Args={'value': 90000, 'prev_value': 80000, 'change': 10000, 'player_num': 1, 'source': 'base'}
2024-05-12 02:09:10,500 : INFO : EventManager : Event: ======'s_mead_active'====== Args={'_from_bcp': True}
2024-05-12 02:09:10,500 : INFO : EventManager : Event: ======'play_mead_video_1'====== Args={'_from_bcp': True}
2024-05-12 02:09:10,500 : INFO : EventManager : Event: ======'player_score'====== Args={'value': 100000, 'prev_value': 90000, 'change': 10000, 'player_num': 1, 'source': 'base'}
2024-05-12 02:09:11,555 : INFO : EventManager : Event: ======'balldevice_bd_trough_ball_eject_failed'====== Args={'target': <ball_device.bd_plunger>, 'balls': 1, 'retry': True, 'num_attempts': 12}
2024-05-12 02:09:11,555 : INFO : ball_device.bd_trough : State: waiting_for_target_ready
2024-05-12 02:09:11,555 : INFO : EventManager : Event: ======'balldevice_bd_trough_ball_eject_attempt'====== Args={'balls': 1, 'target': <ball_device.bd_plunger>, 'source': <ball_device.bd_trough>, 'mechanical_eject': True, 'num_attempts': 12}
2024-05-12 02:09:11,555 : INFO : ball_device.bd_trough : State: ejecting
2024-05-12 02:09:11,555 : INFO : ball_device.bd_trough : Ejecting ball to <ball_device.bd_plunger>
2024-05-12 02:09:11,556 : INFO : EventManager : Event: ======'balldevice_bd_trough_ejecting_ball'====== Args={'balls': 1, 'target': <ball_device.bd_plunger>, 'source': <ball_device.bd_trough>, 'mechanical_eject': True, 'num_attempts': 12}
2024-05-12 02:09:11,556 : INFO : ball_device.bd_trough : Wait for ball to leave device
2024-05-12 02:09:11,556 : INFO : coil.c_trough_eject_coil : Pulsing Driver for 15ms (1.0 pulse_power)
2024-05-12 02:09:13,560 : INFO : EventManager : Event: ======'balldevice_bd_trough_ball_eject_failed'====== Args={'target': <ball_device.bd_plunger>, 'balls': 1, 'retry': True, 'num_attempts': 13}
2024-05-12 02:09:13,560 : INFO : ball_device.bd_trough : State: waiting_for_target_ready
2024-05-12 02:09:13,560 : INFO : EventManager : Event: ======'balldevice_bd_trough_ball_eject_attempt'====== Args={'balls': 1, 'target': <ball_device.bd_plunger>, 'source': <ball_device.bd_trough>, 'mechanical_eject': True, 'num_attempts': 13}
2024-05-12 02:09:13,560 : INFO : ball_device.bd_trough : State: ejecting
2024-05-12 02:09:13,561 : INFO : ball_device.bd_trough : Ejecting ball to <ball_device.bd_plunger>
2024-05-12 02:09:13,561 : INFO : EventManager : Event: ======'balldevice_bd_trough_ejecting_ball'====== Args={'balls': 1, 'target': <ball_device.bd_plunger>, 'source': <ball_device.bd_trough>, 'mechanical_eject': True, 'num_attempts': 13}
2024-05-12 02:09:13,561 : INFO : ball_device.bd_trough : Wait for ball to leave device
2024-05-12 02:09:13,561 : INFO : coil.c_trough_eject_coil : Pulsing Driver for 15ms (1.0 pulse_power)
2024-05-12 02:09:15,565 : INFO : EventManager : Event: ======'balldevice_bd_trough_ball_eject_failed'====== Args={'target': <ball_device.bd_plunger>, 'balls': 1, 'retry': True, 'num_attempts': 14}
2024-05-12 02:09:15,565 : INFO : ball_device.bd_trough : State: waiting_for_target_ready
2024-05-12 02:09:15,565 : INFO : EventManager : Event: ======'balldevice_bd_trough_ball_eject_attempt'====== Args={'balls': 1, 'target': <ball_device.bd_plunger>, 'source': <ball_device.bd_trough>, 'mechanical_eject': True, 'num_attempts': 14}
2024-05-12 02:09:15,565 : INFO : ball_device.bd_trough : State: ejecting
2024-05-12 02:09:15,566 : INFO : ball_device.bd_trough : Ejecting ball to <ball_device.bd_plunger>
2024-05-12 02:09:15,566 : INFO : EventManager : Event: ======'balldevice_bd_trough_ejecting_ball'====== Args={'balls': 1, 'target': <ball_device.bd_plunger>, 'source': <ball_device.bd_trough>, 'mechanical_eject': True, 'num_attempts': 14}
2024-05-12 02:09:15,566 : INFO : ball_device.bd_trough : Wait for ball to leave device
2024-05-12 02:09:15,566 : INFO : coil.c_trough_eject_coil : Pulsing Driver for 15ms (1.0 pulse_power)
2024-05-12 02:09:17,592 : INFO : EventManager : Event: ======'balldevice_bd_trough_ball_eject_failed'====== Args={'target': <ball_device.bd_plunger>, 'balls': 1, 'retry': True, 'num_attempts': 15}
2024-05-12 02:09:17,592 : INFO : ball_device.bd_trough : State: waiting_for_target_ready
2024-05-12 02:09:17,592 : INFO : EventManager : Event: ======'balldevice_bd_trough_ball_eject_attempt'====== Args={'balls': 1, 'target': <ball_device.bd_plunger>, 'source': <ball_device.bd_trough>, 'mechanical_eject': True, 'num_attempts': 15}
2024-05-12 02:09:17,592 : INFO : ball_device.bd_trough : State: ejecting
2024-05-12 02:09:17,593 : INFO : ball_device.bd_trough : Ejecting ball to <ball_device.bd_plunger>
2024-05-12 02:09:17,593 : INFO : EventManager : Event: ======'balldevice_bd_trough_ejecting_ball'====== Args={'balls': 1, 'target': <ball_device.bd_plunger>, 'source': <ball_device.bd_trough>, 'mechanical_eject': True, 'num_attempts': 15}
2024-05-12 02:09:17,593 : INFO : ball_device.bd_trough : Wait for ball to leave device
2024-05-12 02:09:17,593 : INFO : coil.c_trough_eject_coil : Pulsing Driver for 15ms (1.0 pulse_power)
2024-05-12 02:09:18,933 : INFO : EventManager : Event: ======'resume_bg'====== Args={'_from_bcp': True}
2024-05-12 02:09:19,593 : INFO : EventManager : Event: ======'balldevice_bd_trough_ball_eject_failed'====== Args={'target': <ball_device.bd_plunger>, 'balls': 1, 'retry': True, 'num_attempts': 16}
2024-05-12 02:09:19,593 : INFO : ball_device.bd_trough : State: waiting_for_target_ready
2024-05-12 02:09:19,593 : INFO : EventManager : Event: ======'balldevice_bd_trough_ball_eject_attempt'====== Args={'balls': 1, 'target': <ball_device.bd_plunger>, 'source': <ball_device.bd_trough>, 'mechanical_eject': True, 'num_attempts': 16}
2024-05-12 02:09:19,593 : INFO : ball_device.bd_trough : State: ejecting
2024-05-12 02:09:19,593 : INFO : ball_device.bd_trough : Ejecting ball to <ball_device.bd_plunger>
2024-05-12 02:09:19,593 : INFO : EventManager : Event: ======'balldevice_bd_trough_ejecting_ball'====== Args={'balls': 1, 'target': <ball_device.bd_plunger>, 'source': <ball_device.bd_trough>, 'mechanical_eject': True, 'num_attempts': 16}
2024-05-12 02:09:19,594 : INFO : ball_device.bd_trough : Wait for ball to leave device
2024-05-12 02:09:19,594 : INFO : coil.c_trough_eject_coil : Pulsing Driver for 15ms (1.0 pulse_power)
2024-05-12 02:09:21,602 : INFO : EventManager : Event: ======'balldevice_bd_trough_ball_eject_failed'====== Args={'target': <ball_device.bd_plunger>, 'balls': 1, 'retry': True, 'num_attempts': 17}
2024-05-12 02:09:21,602 : INFO : ball_device.bd_trough : State: waiting_for_target_ready
2024-05-12 02:09:21,602 : INFO : EventManager : Event: ======'balldevice_bd_trough_ball_eject_attempt'====== Args={'balls': 1, 'target': <ball_device.bd_plunger>, 'source': <ball_device.bd_trough>, 'mechanical_eject': True, 'num_attempts': 17}
2024-05-12 02:09:21,602 : INFO : ball_device.bd_trough : State: ejecting
2024-05-12 02:09:21,602 : INFO : ball_device.bd_trough : Ejecting ball to <ball_device.bd_plunger>
2024-05-12 02:09:21,602 : INFO : EventManager : Event: ======'balldevice_bd_trough_ejecting_ball'====== Args={'balls': 1, 'target': <ball_device.bd_plunger>, 'source': <ball_device.bd_trough>, 'mechanical_eject': True, 'num_attempts': 17}
2024-05-12 02:09:21,603 : INFO : ball_device.bd_trough : Wait for ball to leave device
2024-05-12 02:09:21,603 : INFO : coil.c_trough_eject_coil : Pulsing Driver for 15ms (1.0 pulse_power)
2024-05-12 02:09:23,617 : INFO : EventManager : Event: ======'balldevice_bd_trough_ball_eject_failed'====== Args={'target': <ball_device.bd_plunger>, 'balls': 1, 'retry': True, 'num_attempts': 18}
2024-05-12 02:09:23,617 : INFO : ball_device.bd_trough : State: waiting_for_target_ready
2024-05-12 02:09:23,617 : INFO : EventManager : Event: ======'balldevice_bd_trough_ball_eject_attempt'====== Args={'balls': 1, 'target': <ball_device.bd_plunger>, 'source': <ball_device.bd_trough>, 'mechanical_eject': True, 'num_attempts': 18}
2024-05-12 02:09:23,617 : INFO : ball_device.bd_trough : State: ejecting
2024-05-12 02:09:23,617 : INFO : ball_device.bd_trough : Ejecting ball to <ball_device.bd_plunger>
2024-05-12 02:09:23,617 : INFO : EventManager : Event: ======'balldevice_bd_trough_ejecting_ball'====== Args={'balls': 1, 'target': <ball_device.bd_plunger>, 'source': <ball_device.bd_trough>, 'mechanical_eject': True, 'num_attempts': 18}
2024-05-12 02:09:23,618 : INFO : ball_device.bd_trough : Wait for ball to leave device
2024-05-12 02:09:23,618 : INFO : coil.c_trough_eject_coil : Pulsing Driver for 15ms (1.0 pulse_power)
2024-05-12 02:09:25,640 : INFO : EventManager : Event: ======'balldevice_bd_trough_ball_eject_failed'====== Args={'target': <ball_device.bd_plunger>, 'balls': 1, 'retry': True, 'num_attempts': 19}
2024-05-12 02:09:25,640 : INFO : ball_device.bd_trough : State: waiting_for_target_ready
2024-05-12 02:09:25,640 : INFO : EventManager : Event: ======'balldevice_bd_trough_ball_eject_attempt'====== Args={'balls': 1, 'target': <ball_device.bd_plunger>, 'source': <ball_device.bd_trough>, 'mechanical_eject': True, 'num_attempts': 19}
2024-05-12 02:09:25,640 : INFO : ball_device.bd_trough : State: ejecting
2024-05-12 02:09:25,640 : INFO : ball_device.bd_trough : Ejecting ball to <ball_device.bd_plunger>
2024-05-12 02:09:25,640 : INFO : EventManager : Event: ======'balldevice_bd_trough_ejecting_ball'====== Args={'balls': 1, 'target': <ball_device.bd_plunger>, 'source': <ball_device.bd_trough>, 'mechanical_eject': True, 'num_attempts': 19}
2024-05-12 02:09:25,641 : INFO : ball_device.bd_trough : Wait for ball to leave device
2024-05-12 02:09:25,641 : INFO : coil.c_trough_eject_coil : Pulsing Driver for 15ms (1.0 pulse_power)
2024-05-12 02:09:27,648 : INFO : EventManager : Event: ======'balldevice_bd_trough_ball_eject_failed'====== Args={'target': <ball_device.bd_plunger>, 'balls': 1, 'retry': True, 'num_attempts': 20}
2024-05-12 02:09:27,648 : INFO : ball_device.bd_trough : State: waiting_for_target_ready
2024-05-12 02:09:27,648 : INFO : EventManager : Event: ======'balldevice_bd_trough_ball_eject_attempt'====== Args={'balls': 1, 'target': <ball_device.bd_plunger>, 'source': <ball_device.bd_trough>, 'mechanical_eject': True, 'num_attempts': 20}
2024-05-12 02:09:27,648 : INFO : ball_device.bd_trough : State: ejecting
2024-05-12 02:09:27,648 : INFO : ball_device.bd_trough : Ejecting ball to <ball_device.bd_plunger>
2024-05-12 02:09:27,649 : INFO : EventManager : Event: ======'balldevice_bd_trough_ejecting_ball'====== Args={'balls': 1, 'target': <ball_device.bd_plunger>, 'source': <ball_device.bd_trough>, 'mechanical_eject': True, 'num_attempts': 20}
2024-05-12 02:09:27,649 : INFO : ball_device.bd_trough : Wait for ball to leave device
2024-05-12 02:09:27,649 : INFO : coil.c_trough_eject_coil : Pulsing Driver for 15ms (1.0 pulse_power)
2024-05-12 02:09:29,662 : INFO : EventManager : Event: ======'balldevice_bd_trough_ball_eject_failed'====== Args={'target': <ball_device.bd_plunger>, 'balls': 1, 'retry': True, 'num_attempts': 21}
2024-05-12 02:09:29,662 : INFO : ball_device.bd_trough : State: waiting_for_target_ready
2024-05-12 02:09:29,662 : INFO : EventManager : Event: ======'balldevice_bd_trough_ball_eject_attempt'====== Args={'balls': 1, 'target': <ball_device.bd_plunger>, 'source': <ball_device.bd_trough>, 'mechanical_eject': True, 'num_attempts': 21}
2024-05-12 02:09:29,662 : INFO : ball_device.bd_trough : State: ejecting
2024-05-12 02:09:29,662 : INFO : ball_device.bd_trough : Ejecting ball to <ball_device.bd_plunger>
2024-05-12 02:09:29,663 : INFO : EventManager : Event: ======'balldevice_bd_trough_ejecting_ball'====== Args={'balls': 1, 'target': <ball_device.bd_plunger>, 'source': <ball_device.bd_trough>, 'mechanical_eject': True, 'num_attempts': 21}
2024-05-12 02:09:29,663 : INFO : ball_device.bd_trough : Wait for ball to leave device
2024-05-12 02:09:29,663 : INFO : coil.c_trough_eject_coil : Pulsing Driver for 15ms (1.0 pulse_power)
2024-05-12 02:09:31,668 : INFO : EventManager : Event: ======'balldevice_bd_trough_ball_eject_failed'====== Args={'target': <ball_device.bd_plunger>, 'balls': 1, 'retry': True, 'num_attempts': 22}
2024-05-12 02:09:31,668 : INFO : ball_device.bd_trough : State: waiting_for_target_ready
2024-05-12 02:09:31,668 : INFO : EventManager : Event: ======'balldevice_bd_trough_ball_eject_attempt'====== Args={'balls': 1, 'target': <ball_device.bd_plunger>, 'source': <ball_device.bd_trough>, 'mechanical_eject': True, 'num_attempts': 22}
2024-05-12 02:09:31,669 : INFO : ball_device.bd_trough : State: ejecting
2024-05-12 02:09:31,669 : INFO : ball_device.bd_trough : Ejecting ball to <ball_device.bd_plunger>
2024-05-12 02:09:31,669 : INFO : EventManager : Event: ======'balldevice_bd_trough_ejecting_ball'====== Args={'balls': 1, 'target': <ball_device.bd_plunger>, 'source': <ball_device.bd_trough>, 'mechanical_eject': True, 'num_attempts': 22}
2024-05-12 02:09:31,669 : INFO : ball_device.bd_trough : Wait for ball to leave device
2024-05-12 02:09:31,669 : INFO : coil.c_trough_eject_coil : Pulsing Driver for 15ms (1.0 pulse_power)
2024-05-12 02:09:33,676 : INFO : EventManager : Event: ======'balldevice_bd_trough_ball_eject_failed'====== Args={'target': <ball_device.bd_plunger>, 'balls': 1, 'retry': True, 'num_attempts': 23}
2024-05-12 02:09:33,676 : INFO : ball_device.bd_trough : State: waiting_for_target_ready
2024-05-12 02:09:33,676 : INFO : EventManager : Event: ======'balldevice_bd_trough_ball_eject_attempt'====== Args={'balls': 1, 'target': <ball_device.bd_plunger>, 'source': <ball_device.bd_trough>, 'mechanical_eject': True, 'num_attempts': 23}
2024-05-12 02:09:33,676 : INFO : ball_device.bd_trough : State: ejecting
2024-05-12 02:09:33,677 : INFO : ball_device.bd_trough : Ejecting ball to <ball_device.bd_plunger>
2024-05-12 02:09:33,677 : INFO : EventManager : Event: ======'balldevice_bd_trough_ejecting_ball'====== Args={'balls': 1, 'target': <ball_device.bd_plunger>, 'source': <ball_device.bd_trough>, 'mechanical_eject': True, 'num_attempts': 23}
2024-05-12 02:09:33,677 : INFO : ball_device.bd_trough : Wait for ball to leave device
2024-05-12 02:09:33,677 : INFO : coil.c_trough_eject_coil : Pulsing Driver for 15ms (1.0 pulse_power)
2024-05-12 02:09:35,697 : INFO : EventManager : Event: ======'balldevice_bd_trough_ball_eject_failed'====== Args={'target': <ball_device.bd_plunger>, 'balls': 1, 'retry': True, 'num_attempts': 24}
2024-05-12 02:09:35,697 : INFO : ball_device.bd_trough : State: waiting_for_target_ready
2024-05-12 02:09:35,697 : INFO : EventManager : Event: ======'balldevice_bd_trough_ball_eject_attempt'====== Args={'balls': 1, 'target': <ball_device.bd_plunger>, 'source': <ball_device.bd_trough>, 'mechanical_eject': True, 'num_attempts': 24}
2024-05-12 02:09:35,697 : INFO : ball_device.bd_trough : State: ejecting
2024-05-12 02:09:35,697 : INFO : ball_device.bd_trough : Ejecting ball to <ball_device.bd_plunger>
2024-05-12 02:09:35,697 : INFO : EventManager : Event: ======'balldevice_bd_trough_ejecting_ball'====== Args={'balls': 1, 'target': <ball_device.bd_plunger>, 'source': <ball_device.bd_trough>, 'mechanical_eject': True, 'num_attempts': 24}
2024-05-12 02:09:35,697 : INFO : ball_device.bd_trough : Wait for ball to leave device
2024-05-12 02:09:35,697 : INFO : coil.c_trough_eject_coil : Pulsing Driver for 15ms (1.0 pulse_power)
2024-05-12 02:09:37,514 : INFO : EventManager : Event: ======'s_scanlan_active'====== Args={'_from_bcp': True}
2024-05-12 02:09:37,514 : INFO : EventManager : Event: ======'play_scan_video_2'====== Args={'_from_bcp': True}
2024-05-12 02:09:37,514 : INFO : EventManager : Event: ======'player_score'====== Args={'value': 115000, 'prev_value': 100000, 'change': 15000, 'player_num': 1, 'source': 'base'}
2024-05-12 02:09:37,515 : INFO : EventManager : Event: ======'player_last_score'====== Args={'value': 15000, 'prev_value': 10000, 'change': 5000, 'player_num': 1, 'source': 'base'}
2024-05-12 02:09:37,705 : INFO : EventManager : Event: ======'balldevice_bd_trough_ball_eject_failed'====== Args={'target': <ball_device.bd_plunger>, 'balls': 1, 'retry': True, 'num_attempts': 25}
2024-05-12 02:09:37,705 : INFO : ball_device.bd_trough : State: waiting_for_target_ready
2024-05-12 02:09:37,705 : INFO : EventManager : Event: ======'balldevice_bd_trough_ball_eject_attempt'====== Args={'balls': 1, 'target': <ball_device.bd_plunger>, 'source': <ball_device.bd_trough>, 'mechanical_eject': True, 'num_attempts': 25}
2024-05-12 02:09:37,705 : INFO : ball_device.bd_trough : State: ejecting
2024-05-12 02:09:37,705 : INFO : ball_device.bd_trough : Ejecting ball to <ball_device.bd_plunger>
2024-05-12 02:09:37,705 : INFO : EventManager : Event: ======'balldevice_bd_trough_ejecting_ball'====== Args={'balls': 1, 'target': <ball_device.bd_plunger>, 'source': <ball_device.bd_trough>, 'mechanical_eject': True, 'num_attempts': 25}
2024-05-12 02:09:37,705 : INFO : ball_device.bd_trough : Wait for ball to leave device
2024-05-12 02:09:37,705 : INFO : coil.c_trough_eject_coil : Pulsing Driver for 15ms (1.0 pulse_power)
2024-05-12 02:09:39,710 : INFO : EventManager : Event: ======'balldevice_bd_trough_ball_eject_failed'====== Args={'target': <ball_device.bd_plunger>, 'balls': 1, 'retry': True, 'num_attempts': 26}
2024-05-12 02:09:39,710 : INFO : ball_device.bd_trough : State: waiting_for_target_ready
2024-05-12 02:09:39,710 : INFO : EventManager : Event: ======'balldevice_bd_trough_ball_eject_attempt'====== Args={'balls': 1, 'target': <ball_device.bd_plunger>, 'source': <ball_device.bd_trough>, 'mechanical_eject': True, 'num_attempts': 26}
2024-05-12 02:09:39,710 : INFO : ball_device.bd_trough : State: ejecting
2024-05-12 02:09:39,710 : INFO : ball_device.bd_trough : Ejecting ball to <ball_device.bd_plunger>
2024-05-12 02:09:39,711 : INFO : EventManager : Event: ======'balldevice_bd_trough_ejecting_ball'====== Args={'balls': 1, 'target': <ball_device.bd_plunger>, 'source': <ball_device.bd_trough>, 'mechanical_eject': True, 'num_attempts': 26}
2024-05-12 02:09:39,711 : INFO : ball_device.bd_trough : Wait for ball to leave device
2024-05-12 02:09:39,711 : INFO : coil.c_trough_eject_coil : Pulsing Driver for 15ms (1.0 pulse_power)
2024-05-12 02:09:39,809 : INFO : EventManager : Event: ======'resume_bg'====== Args={'_from_bcp': True}
2024-05-12 02:09:41,362 : INFO : EventManager : Event: ======'s_scanlan_active'====== Args={'_from_bcp': True}
2024-05-12 02:09:41,362 : INFO : EventManager : Event: ======'play_scan_video_4'====== Args={'_from_bcp': True}
2024-05-12 02:09:41,362 : INFO : EventManager : Event: ======'player_score'====== Args={'value': 130000, 'prev_value': 115000, 'change': 15000, 'player_num': 1, 'source': 'base'}
2024-05-12 02:09:41,716 : INFO : EventManager : Event: ======'balldevice_bd_trough_ball_eject_failed'====== Args={'target': <ball_device.bd_plunger>, 'balls': 1, 'retry': True, 'num_attempts': 27}
2024-05-12 02:09:41,716 : INFO : ball_device.bd_trough : State: waiting_for_target_ready
2024-05-12 02:09:41,716 : INFO : EventManager : Event: ======'balldevice_bd_trough_ball_eject_attempt'====== Args={'balls': 1, 'target': <ball_device.bd_plunger>, 'source': <ball_device.bd_trough>, 'mechanical_eject': True, 'num_attempts': 27}
2024-05-12 02:09:41,716 : INFO : ball_device.bd_trough : State: ejecting
2024-05-12 02:09:41,716 : INFO : ball_device.bd_trough : Ejecting ball to <ball_device.bd_plunger>
2024-05-12 02:09:41,716 : INFO : EventManager : Event: ======'balldevice_bd_trough_ejecting_ball'====== Args={'balls': 1, 'target': <ball_device.bd_plunger>, 'source': <ball_device.bd_trough>, 'mechanical_eject': True, 'num_attempts': 27}
2024-05-12 02:09:41,716 : INFO : ball_device.bd_trough : Wait for ball to leave device
2024-05-12 02:09:41,716 : INFO : coil.c_trough_eject_coil : Pulsing Driver for 15ms (1.0 pulse_power)
2024-05-12 02:09:43,661 : INFO : EventManager : Event: ======'resume_bg'====== Args={'_from_bcp': True}
2024-05-12 02:09:43,717 : INFO : EventManager : Event: ======'balldevice_bd_trough_ball_eject_failed'====== Args={'target': <ball_device.bd_plunger>, 'balls': 1, 'retry': True, 'num_attempts': 28}
2024-05-12 02:09:43,717 : INFO : ball_device.bd_trough : State: waiting_for_target_ready
2024-05-12 02:09:43,717 : INFO : EventManager : Event: ======'balldevice_bd_trough_ball_eject_attempt'====== Args={'balls': 1, 'target': <ball_device.bd_plunger>, 'source': <ball_device.bd_trough>, 'mechanical_eject': True, 'num_attempts': 28}
2024-05-12 02:09:43,717 : INFO : ball_device.bd_trough : State: ejecting
2024-05-12 02:09:43,717 : INFO : ball_device.bd_trough : Ejecting ball to <ball_device.bd_plunger>
2024-05-12 02:09:43,717 : INFO : EventManager : Event: ======'balldevice_bd_trough_ejecting_ball'====== Args={'balls': 1, 'target': <ball_device.bd_plunger>, 'source': <ball_device.bd_trough>, 'mechanical_eject': True, 'num_attempts': 28}
2024-05-12 02:09:43,717 : INFO : ball_device.bd_trough : Wait for ball to leave device
2024-05-12 02:09:43,717 : INFO : coil.c_trough_eject_coil : Pulsing Driver for 15ms (1.0 pulse_power)
2024-05-12 02:09:44,326 : INFO : EventManager : Event: ======'s_scanlan_active'====== Args={'_from_bcp': True}
2024-05-12 02:09:44,326 : INFO : EventManager : Event: ======'play_scan_video_1'====== Args={'_from_bcp': True}
2024-05-12 02:09:44,326 : INFO : EventManager : Event: ======'player_score'====== Args={'value': 145000, 'prev_value': 130000, 'change': 15000, 'player_num': 1, 'source': 'base'}
2024-05-12 02:09:44,826 : INFO : EventManager : Event: ======'s_scanlan_active'====== Args={'_from_bcp': True}
2024-05-12 02:09:44,826 : INFO : EventManager : Event: ======'play_scan_video_3'====== Args={'_from_bcp': True}
2024-05-12 02:09:44,826 : INFO : EventManager : Event: ======'player_score'====== Args={'value': 160000, 'prev_value': 145000, 'change': 15000, 'player_num': 1, 'source': 'base'}
2024-05-12 02:09:45,250 : INFO : EventManager : Event: ======'s_scanlan_active'====== Args={'_from_bcp': True}
2024-05-12 02:09:45,250 : INFO : EventManager : Event: ======'play_scan_video_7'====== Args={'_from_bcp': True}
2024-05-12 02:09:45,250 : INFO : EventManager : Event: ======'player_score'====== Args={'value': 175000, 'prev_value': 160000, 'change': 15000, 'player_num': 1, 'source': 'base'}
2024-05-12 02:09:45,723 : INFO : EventManager : Event: ======'balldevice_bd_trough_ball_eject_failed'====== Args={'target': <ball_device.bd_plunger>, 'balls': 1, 'retry': True, 'num_attempts': 29}
2024-05-12 02:09:45,723 : INFO : ball_device.bd_trough : State: waiting_for_target_ready
2024-05-12 02:09:45,723 : INFO : EventManager : Event: ======'balldevice_bd_trough_ball_eject_attempt'====== Args={'balls': 1, 'target': <ball_device.bd_plunger>, 'source': <ball_device.bd_trough>, 'mechanical_eject': True, 'num_attempts': 29}
2024-05-12 02:09:45,723 : INFO : ball_device.bd_trough : State: ejecting
2024-05-12 02:09:45,723 : INFO : ball_device.bd_trough : Ejecting ball to <ball_device.bd_plunger>
2024-05-12 02:09:45,723 : INFO : EventManager : Event: ======'balldevice_bd_trough_ejecting_ball'====== Args={'balls': 1, 'target': <ball_device.bd_plunger>, 'source': <ball_device.bd_trough>, 'mechanical_eject': True, 'num_attempts': 29}
2024-05-12 02:09:45,723 : INFO : ball_device.bd_trough : Wait for ball to leave device
2024-05-12 02:09:45,723 : INFO : coil.c_trough_eject_coil : Pulsing Driver for 15ms (1.0 pulse_power)
2024-05-12 02:09:45,848 : INFO : EventManager : Event: ======'s_scanlan_active'====== Args={'_from_bcp': True}
2024-05-12 02:09:45,848 : INFO : EventManager : Event: ======'play_scan_video_6'====== Args={'_from_bcp': True}
2024-05-12 02:09:45,848 : INFO : EventManager : Event: ======'player_score'====== Args={'value': 190000, 'prev_value': 175000, 'change': 15000, 'player_num': 1, 'source': 'base'}
2024-05-12 02:09:47,746 : INFO : EventManager : Event: ======'balldevice_bd_trough_ball_eject_failed'====== Args={'target': <ball_device.bd_plunger>, 'balls': 1, 'retry': True, 'num_attempts': 30}
2024-05-12 02:09:47,746 : INFO : ball_device.bd_trough : State: waiting_for_target_ready
2024-05-12 02:09:47,746 : INFO : EventManager : Event: ======'balldevice_bd_trough_ball_eject_attempt'====== Args={'balls': 1, 'target': <ball_device.bd_plunger>, 'source': <ball_device.bd_trough>, 'mechanical_eject': True, 'num_attempts': 30}
2024-05-12 02:09:47,746 : INFO : ball_device.bd_trough : State: ejecting
2024-05-12 02:09:47,746 : INFO : ball_device.bd_trough : Ejecting ball to <ball_device.bd_plunger>
2024-05-12 02:09:47,746 : INFO : EventManager : Event: ======'balldevice_bd_trough_ejecting_ball'====== Args={'balls': 1, 'target': <ball_device.bd_plunger>, 'source': <ball_device.bd_trough>, 'mechanical_eject': True, 'num_attempts': 30}
2024-05-12 02:09:47,746 : INFO : ball_device.bd_trough : Wait for ball to leave device
2024-05-12 02:09:47,746 : INFO : coil.c_trough_eject_coil : Pulsing Driver for 15ms (1.0 pulse_power)
2024-05-12 02:09:48,148 : INFO : EventManager : Event: ======'resume_bg'====== Args={'_from_bcp': True}
2024-05-12 02:09:49,754 : INFO : EventManager : Event: ======'balldevice_bd_trough_ball_eject_failed'====== Args={'target': <ball_device.bd_plunger>, 'balls': 1, 'retry': True, 'num_attempts': 31}
2024-05-12 02:09:49,754 : INFO : ball_device.bd_trough : State: waiting_for_target_ready
2024-05-12 02:09:49,754 : INFO : EventManager : Event: ======'balldevice_bd_trough_ball_eject_attempt'====== Args={'balls': 1, 'target': <ball_device.bd_plunger>, 'source': <ball_device.bd_trough>, 'mechanical_eject': True, 'num_attempts': 31}
2024-05-12 02:09:49,754 : INFO : ball_device.bd_trough : State: ejecting
2024-05-12 02:09:49,754 : INFO : ball_device.bd_trough : Ejecting ball to <ball_device.bd_plunger>
2024-05-12 02:09:49,754 : INFO : EventManager : Event: ======'balldevice_bd_trough_ejecting_ball'====== Args={'balls': 1, 'target': <ball_device.bd_plunger>, 'source': <ball_device.bd_trough>, 'mechanical_eject': True, 'num_attempts': 31}
2024-05-12 02:09:49,754 : INFO : ball_device.bd_trough : Wait for ball to leave device
2024-05-12 02:09:49,754 : INFO : coil.c_trough_eject_coil : Pulsing Driver for 15ms (1.0 pulse_power)
2024-05-12 02:09:51,762 : INFO : EventManager : Event: ======'balldevice_bd_trough_ball_eject_failed'====== Args={'target': <ball_device.bd_plunger>, 'balls': 1, 'retry': True, 'num_attempts': 32}
2024-05-12 02:09:51,762 : INFO : ball_device.bd_trough : State: waiting_for_target_ready
2024-05-12 02:09:51,762 : INFO : EventManager : Event: ======'balldevice_bd_trough_ball_eject_attempt'====== Args={'balls': 1, 'target': <ball_device.bd_plunger>, 'source': <ball_device.bd_trough>, 'mechanical_eject': True, 'num_attempts': 32}
2024-05-12 02:09:51,762 : INFO : ball_device.bd_trough : State: ejecting
2024-05-12 02:09:51,762 : INFO : ball_device.bd_trough : Ejecting ball to <ball_device.bd_plunger>
2024-05-12 02:09:51,762 : INFO : EventManager : Event: ======'balldevice_bd_trough_ejecting_ball'====== Args={'balls': 1, 'target': <ball_device.bd_plunger>, 'source': <ball_device.bd_trough>, 'mechanical_eject': True, 'num_attempts': 32}
2024-05-12 02:09:51,762 : INFO : ball_device.bd_trough : Wait for ball to leave device
2024-05-12 02:09:51,762 : INFO : coil.c_trough_eject_coil : Pulsing Driver for 15ms (1.0 pulse_power)
2024-05-12 02:09:53,348 : INFO : Machine : Shutting down...
2024-05-12 02:09:53,348 : INFO : EventManager : Event: ======'shutdown'====== Args={}
2024-05-12 02:09:53,355 : INFO : EventManager : Event: ======'mode_game_will_stop'====== Args={}
2024-05-12 02:09:53,355 : INFO : EventManager : Event: ======'mode_game_stopping'====== Args={}
2024-05-12 02:09:53,356 : INFO : EventManager : Event: ======'mode_base_will_stop'====== Args={}
2024-05-12 02:09:53,356 : INFO : EventManager : Event: ======'mode_base_stopping'====== Args={}
2024-05-12 02:09:53,356 : INFO : Mode.base : Stopped.
2024-05-12 02:09:53,356 : INFO : EventManager : Event: ======'modes_active_modes_changed'====== Args={}
2024-05-12 02:09:53,356 : INFO : EventManager : Event: ======'mode_base_stopped'====== Args={}
2024-05-12 02:09:53,356 : INFO : EventManager : Event: ======'clear'====== Args={'key': 'base'}
2024-05-12 02:09:53,356 : INFO : Mode.game : Stopped.
2024-05-12 02:09:53,357 : INFO : EventManager : Event: ======'modes_active_modes_changed'====== Args={}
2024-05-12 02:09:53,357 : INFO : EventManager : Event: ======'mode_game_stopped'====== Args={}
2024-05-12 02:09:53,357 : INFO : EventManager : Event: ======'clear'====== Args={'key': 'game'}
2024-05-12 02:09:53,358 : INFO : root : MPF run loop ended.
