2024-05-15 00:30:10,323 : INFO : root : Loading config.
2024-05-15 00:30:10,325 : INFO : YamlMultifileConfigLoader : Machine config file #1: config.yaml
2024-05-15 00:30:10,325 : INFO : ConfigProcessor : Loading config from cache: C:\Users\octo\AppData\Local\Temp\67114de119ffda0ef143dfc9c8b88aec.mpf_cache
2024-05-15 00:30:10,367 : INFO : ConfigProcessor : Loading config from cache: C:\Users\octo\AppData\Local\Temp\d4fb548c2902111733185c907c7e02f2.mpf_cache
2024-05-15 00:30:10,368 : INFO : ConfigProcessor : Loading config from cache: C:\Users\octo\AppData\Local\Temp\5cdf3f6f669e12795623fbd605d1b6a0.mpf_cache
2024-05-15 00:30:10,368 : INFO : ConfigProcessor : Loading config from cache: C:\Users\octo\AppData\Local\Temp\e87c946bbd0a2e05a931f281fca6458e.mpf_cache
2024-05-15 00:30:10,368 : INFO : ConfigProcessor : Loading config from cache: C:\Users\octo\AppData\Local\Temp\d4fb548c2902111733185c907c7e02f2.mpf_cache
2024-05-15 00:30:10,369 : INFO : ConfigProcessor : Loading config from cache: C:\Users\octo\AppData\Local\Temp\da852937ccb56145866cf54922bc01f8.mpf_cache
2024-05-15 00:30:10,369 : INFO : Machine : Mission Pinball Framework Core Engine v0.80.0.dev1
2024-05-15 00:30:10,369 : INFO : Machine : Command line arguments: {'no_load_cache': False, 'create_config_cache': True, 'bcp': True, 'configfile': ['config.yaml'], 'force_assets_load': False, 'platform_integration_test': False, 'jsonlogging': False, 'logfile': 'logs\\2024-05-15-00-30-10-mpf-DESKTOP-BQT92E0.log', 'pause': False, 'production': False, 'text_ui': True, 'loglevel': 15, 'consoleloglevel': 20, 'force_platform': 'virtual', 'syslog_address': None, 'mc_file_name': None, 'no_sound': False}
2024-05-15 00:30:10,369 : INFO : Machine : MPF path: c:\git\new folder (6)\mpf\mpf
2024-05-15 00:30:10,369 : INFO : Machine : Machine path: C:\Users\octo\Downloads\homebrew
2024-05-15 00:30:10,369 : INFO : Machine : Platform: win32
2024-05-15 00:30:10,369 : INFO : Machine : Python executable location: C:\Users\octo\AppData\Local\Programs\Python\Python310\python.exe
2024-05-15 00:30:10,369 : INFO : Machine : Python version: 3.10.0 (64-bit)
2024-05-15 00:30:10,370 : INFO : Machine : Initializing MPF...
2024-05-15 00:30:10,475 : INFO : EventManager : Event: ======'machine_var_credits_string'====== Args={'value': 'FREE PLAY', 'prev_value': None, 'change': True}
2024-05-15 00:30:10,484 : INFO : EventManager : Event: ======'machine_var_master_volume'====== Args={'value': 0.5, 'prev_value': None, 'change': True}
2024-05-15 00:30:10,484 : INFO : EventManager : Event: ======'machine_var_mpf_version'====== Args={'value': 'Mission Pinball Framework v0.80.0.dev1', 'prev_value': None, 'change': True}
2024-05-15 00:30:10,484 : INFO : EventManager : Event: ======'machine_var_mpf_extended_version'====== Args={'value': 'Mission Pinball Framework v0.80.0.dev1, Config version:6, Show version: 6, BCP version:1.1', 'prev_value': None, 'change': True}
2024-05-15 00:30:10,484 : INFO : EventManager : Event: ======'machine_var_python_version'====== Args={'value': '3.10.0', 'prev_value': None, 'change': True}
2024-05-15 00:30:10,489 : INFO : EventManager : Event: ======'machine_var_platform'====== Args={'value': 'Windows-10-10.0.19045-SP0', 'prev_value': None, 'change': True}
2024-05-15 00:30:10,489 : INFO : EventManager : Event: ======'machine_var_platform_system'====== Args={'value': 'Windows', 'prev_value': None, 'change': True}
2024-05-15 00:30:10,490 : INFO : EventManager : Event: ======'machine_var_platform_release'====== Args={'value': '10', 'prev_value': None, 'change': True}
2024-05-15 00:30:10,490 : INFO : EventManager : Event: ======'machine_var_platform_version'====== Args={'value': '10.0.19045', 'prev_value': None, 'change': True}
2024-05-15 00:30:10,490 : INFO : EventManager : Event: ======'machine_var_platform_machine'====== Args={'value': 'AMD64', 'prev_value': None, 'change': True}
2024-05-15 00:30:10,490 : INFO : EventManager : Event: ======'init_phase_1'====== Args={}
2024-05-15 00:30:10,499 : INFO : EventManager : Event: ======'init_phase_2'====== Args={}
2024-05-15 00:30:10,499 : INFO : SwitchController : Found active switch: ('3208-8', <Platform.Virtual>) <switch.s_trough_ball_2>
2024-05-15 00:30:10,499 : INFO : SwitchController : Found active switch: ('3208-9', <Platform.Virtual>) <switch.s_trough_ball_3>
2024-05-15 00:30:10,499 : INFO : SwitchController : Found active switch: ('3208-13', <Platform.Virtual>) <switch.s_trough_ball_1>
2024-05-15 00:30:10,501 : INFO : EventManager : Event: ======'bcp_connection_attempt'====== Args={'name': 'local_display', 'host': 'localhost', 'port': 5050}
2024-05-15 00:30:10,502 : INFO : BCPClientSocket : Connecting BCP to 'local_display' at localhost:5050...
2024-05-15 00:30:10,506 : INFO : BCPClientSocket : Connected BCP to 'local_display' localhost:5050
2024-05-15 00:30:10,506 : INFO : EventManager : Event: ======'bcp_clients_connected'====== Args={}
2024-05-15 00:30:10,578 : INFO : ball_device.bd_trough : BCH: Initial count: 3
2024-05-15 00:30:10,578 : INFO : ball_device.bd_trough : State: idle
2024-05-15 00:30:10,578 : INFO : ball_device.bd_plunger : BCH: Initial count: 0
2024-05-15 00:30:10,578 : INFO : ball_device.bd_plunger : State: idle
2024-05-15 00:30:10,588 : INFO : EventManager : Event: ======'init_phase_3'====== Args={}
2024-05-15 00:30:10,589 : INFO : EventManager : Event: ======'init_phase_4'====== Args={}
2024-05-15 00:30:10,589 : INFO : BallController : Initial balls found: 3
2024-05-15 00:30:10,590 : INFO : EventManager : Event: ======'machine_var_audits_events_game_ended'====== Args={'value': 0, 'prev_value': None, 'change': True}
2024-05-15 00:30:10,590 : INFO : EventManager : Event: ======'machine_var_audits_events_game_started'====== Args={'value': 255, 'prev_value': None, 'change': True}
2024-05-15 00:30:10,590 : INFO : EventManager : Event: ======'machine_var_audits_missing_switches_s_left_flipper'====== Args={'value': 229, 'prev_value': None, 'change': True}
2024-05-15 00:30:10,590 : INFO : EventManager : Event: ======'machine_var_audits_missing_switches_s_left_flipper_eos'====== Args={'value': 229, 'prev_value': None, 'change': True}
2024-05-15 00:30:10,590 : INFO : EventManager : Event: ======'machine_var_audits_missing_switches_s_left_inner_lane'====== Args={'value': 229, 'prev_value': None, 'change': True}
2024-05-15 00:30:10,590 : INFO : EventManager : Event: ======'machine_var_audits_missing_switches_s_left_outer_lane'====== Args={'value': 153, 'prev_value': None, 'change': True}
2024-05-15 00:30:10,590 : INFO : EventManager : Event: ======'machine_var_audits_missing_switches_s_left_sling'====== Args={'value': 229, 'prev_value': None, 'change': True}
2024-05-15 00:30:10,590 : INFO : EventManager : Event: ======'machine_var_audits_missing_switches_s_mead'====== Args={'value': 139, 'prev_value': None, 'change': True}
2024-05-15 00:30:10,590 : INFO : EventManager : Event: ======'machine_var_audits_missing_switches_s_plunger'====== Args={'value': 229, 'prev_value': None, 'change': True}
2024-05-15 00:30:10,590 : INFO : EventManager : Event: ======'machine_var_audits_missing_switches_s_pop_bumper_1'====== Args={'value': 229, 'prev_value': None, 'change': True}
2024-05-15 00:30:10,590 : INFO : EventManager : Event: ======'machine_var_audits_missing_switches_s_pop_bumper_2'====== Args={'value': 229, 'prev_value': None, 'change': True}
2024-05-15 00:30:10,590 : INFO : EventManager : Event: ======'machine_var_audits_missing_switches_s_pop_bumper_3'====== Args={'value': 229, 'prev_value': None, 'change': True}
2024-05-15 00:30:10,590 : INFO : EventManager : Event: ======'machine_var_audits_missing_switches_s_right_flipper'====== Args={'value': 229, 'prev_value': None, 'change': True}
2024-05-15 00:30:10,590 : INFO : EventManager : Event: ======'machine_var_audits_missing_switches_s_right_flipper_eos'====== Args={'value': 229, 'prev_value': None, 'change': True}
2024-05-15 00:30:10,590 : INFO : EventManager : Event: ======'machine_var_audits_missing_switches_s_right_inner_lane'====== Args={'value': 229, 'prev_value': None, 'change': True}
2024-05-15 00:30:10,590 : INFO : EventManager : Event: ======'machine_var_audits_missing_switches_s_right_outer_lane'====== Args={'value': 229, 'prev_value': None, 'change': True}
2024-05-15 00:30:10,590 : INFO : EventManager : Event: ======'machine_var_audits_missing_switches_s_right_sling'====== Args={'value': 229, 'prev_value': None, 'change': True}
2024-05-15 00:30:10,590 : INFO : EventManager : Event: ======'machine_var_audits_missing_switches_s_scanlan'====== Args={'value': 76, 'prev_value': None, 'change': True}
2024-05-15 00:30:10,590 : INFO : EventManager : Event: ======'machine_var_audits_missing_switches_s_start'====== Args={'value': 1, 'prev_value': None, 'change': True}
2024-05-15 00:30:10,590 : INFO : EventManager : Event: ======'machine_var_audits_missing_switches_s_trough_ball_1'====== Args={'value': 229, 'prev_value': None, 'change': True}
2024-05-15 00:30:10,590 : INFO : EventManager : Event: ======'machine_var_audits_missing_switches_s_trough_ball_2'====== Args={'value': 229, 'prev_value': None, 'change': True}
2024-05-15 00:30:10,591 : INFO : EventManager : Event: ======'machine_var_audits_missing_switches_s_trough_ball_3'====== Args={'value': 229, 'prev_value': None, 'change': True}
2024-05-15 00:30:10,591 : INFO : EventManager : Event: ======'machine_var_audits_missing_switches_s_trough_ball_4'====== Args={'value': 229, 'prev_value': None, 'change': True}
2024-05-15 00:30:10,591 : INFO : EventManager : Event: ======'machine_var_audits_missing_switches_s_trough_ball_5'====== Args={'value': 229, 'prev_value': None, 'change': True}
2024-05-15 00:30:10,591 : INFO : EventManager : Event: ======'machine_var_audits_missing_switches_s_trough_ball_6'====== Args={'value': 89, 'prev_value': None, 'change': True}
2024-05-15 00:30:10,591 : INFO : EventManager : Event: ======'machine_var_audits_missing_switches_s_trough_ball_jam'====== Args={'value': 229, 'prev_value': None, 'change': True}
2024-05-15 00:30:10,591 : INFO : EventManager : Event: ======'machine_var_audits_player_score'====== Args={'value': {'average': 0, 'top': [], 'total': 0}, 'prev_value': None, 'change': True}
2024-05-15 00:30:10,591 : INFO : EventManager : Event: ======'machine_var_audits_shots_mead_shot'====== Args={'value': 51, 'prev_value': None, 'change': True}
2024-05-15 00:30:10,591 : INFO : EventManager : Event: ======'machine_var_audits_shots_scanlan_shot'====== Args={'value': 59, 'prev_value': None, 'change': True}
2024-05-15 00:30:10,591 : INFO : EventManager : Event: ======'machine_var_audits_shots_video_shot_1'====== Args={'value': 24, 'prev_value': None, 'change': True}
2024-05-15 00:30:10,591 : INFO : EventManager : Event: ======'machine_var_audits_shots_video_shot_2'====== Args={'value': 20, 'prev_value': None, 'change': True}
2024-05-15 00:30:10,591 : INFO : EventManager : Event: ======'machine_var_audits_switches_s_auto_launcher'====== Args={'value': 0, 'prev_value': None, 'change': True}
2024-05-15 00:30:10,591 : INFO : EventManager : Event: ======'machine_var_audits_switches_s_ball_drain'====== Args={'value': 0, 'prev_value': None, 'change': True}
2024-05-15 00:30:10,591 : INFO : EventManager : Event: ======'machine_var_audits_switches_s_left_flipper'====== Args={'value': 36, 'prev_value': None, 'change': True}
2024-05-15 00:30:10,591 : INFO : EventManager : Event: ======'machine_var_audits_switches_s_left_flipper_eos'====== Args={'value': 0, 'prev_value': None, 'change': True}
2024-05-15 00:30:10,591 : INFO : EventManager : Event: ======'machine_var_audits_switches_s_left_inner_lane'====== Args={'value': 0, 'prev_value': None, 'change': True}
2024-05-15 00:30:10,591 : INFO : EventManager : Event: ======'machine_var_audits_switches_s_left_outer_lane'====== Args={'value': 0, 'prev_value': None, 'change': True}
2024-05-15 00:30:10,592 : INFO : EventManager : Event: ======'machine_var_audits_switches_s_left_sling'====== Args={'value': 7, 'prev_value': None, 'change': True}
2024-05-15 00:30:10,592 : INFO : EventManager : Event: ======'machine_var_audits_switches_s_mead'====== Args={'value': 0, 'prev_value': None, 'change': True}
2024-05-15 00:30:10,592 : INFO : EventManager : Event: ======'machine_var_audits_switches_s_plunger'====== Args={'value': 9, 'prev_value': None, 'change': True}
2024-05-15 00:30:10,592 : INFO : EventManager : Event: ======'machine_var_audits_switches_s_pop_bumper_1'====== Args={'value': 0, 'prev_value': None, 'change': True}
2024-05-15 00:30:10,592 : INFO : EventManager : Event: ======'machine_var_audits_switches_s_pop_bumper_2'====== Args={'value': 0, 'prev_value': None, 'change': True}
2024-05-15 00:30:10,592 : INFO : EventManager : Event: ======'machine_var_audits_switches_s_pop_bumper_3'====== Args={'value': 0, 'prev_value': None, 'change': True}
2024-05-15 00:30:10,592 : INFO : EventManager : Event: ======'machine_var_audits_switches_s_right_flipper'====== Args={'value': 131, 'prev_value': None, 'change': True}
2024-05-15 00:30:10,592 : INFO : EventManager : Event: ======'machine_var_audits_switches_s_right_flipper_eos'====== Args={'value': 0, 'prev_value': None, 'change': True}
2024-05-15 00:30:10,592 : INFO : EventManager : Event: ======'machine_var_audits_switches_s_right_inner_lane'====== Args={'value': 0, 'prev_value': None, 'change': True}
2024-05-15 00:30:10,592 : INFO : EventManager : Event: ======'machine_var_audits_switches_s_right_outer_lane'====== Args={'value': 0, 'prev_value': None, 'change': True}
2024-05-15 00:30:10,592 : INFO : EventManager : Event: ======'machine_var_audits_switches_s_right_sling'====== Args={'value': 3, 'prev_value': None, 'change': True}
2024-05-15 00:30:10,592 : INFO : EventManager : Event: ======'machine_var_audits_switches_s_scanlan'====== Args={'value': 0, 'prev_value': None, 'change': True}
2024-05-15 00:30:10,592 : INFO : EventManager : Event: ======'machine_var_audits_switches_s_start'====== Args={'value': 16, 'prev_value': None, 'change': True}
2024-05-15 00:30:10,592 : INFO : EventManager : Event: ======'machine_var_audits_switches_s_switch_2'====== Args={'value': 0, 'prev_value': None, 'change': True}
2024-05-15 00:30:10,592 : INFO : EventManager : Event: ======'machine_var_audits_switches_s_trough_ball_1'====== Args={'value': 4, 'prev_value': None, 'change': True}
2024-05-15 00:30:10,593 : INFO : EventManager : Event: ======'machine_var_audits_switches_s_trough_ball_2'====== Args={'value': 4, 'prev_value': None, 'change': True}
2024-05-15 00:30:10,593 : INFO : EventManager : Event: ======'machine_var_audits_switches_s_trough_ball_3'====== Args={'value': 1, 'prev_value': None, 'change': True}
2024-05-15 00:30:10,593 : INFO : EventManager : Event: ======'machine_var_audits_switches_s_trough_ball_4'====== Args={'value': 0, 'prev_value': None, 'change': True}
2024-05-15 00:30:10,593 : INFO : EventManager : Event: ======'machine_var_audits_switches_s_trough_ball_5'====== Args={'value': 0, 'prev_value': None, 'change': True}
2024-05-15 00:30:10,593 : INFO : EventManager : Event: ======'machine_var_audits_switches_s_trough_ball_6'====== Args={'value': 1, 'prev_value': None, 'change': True}
2024-05-15 00:30:10,593 : INFO : EventManager : Event: ======'machine_var_audits_switches_s_trough_ball_jam'====== Args={'value': 3, 'prev_value': None, 'change': True}
2024-05-15 00:30:10,593 : INFO : EventManager : Event: ======'machine_var_audits_switches_s_trough_eject_coil'====== Args={'value': 0, 'prev_value': None, 'change': True}
2024-05-15 00:30:10,593 : INFO : EventManager : Event: ======'init_phase_5'====== Args={}
2024-05-15 00:30:10,619 : INFO : EventManager : Event: ======'init_done'====== Args={}
2024-05-15 00:30:10,619 : INFO : EventManager : Event: ======'machine_reset_phase_1'====== Args={}
2024-05-15 00:30:10,628 : INFO : EventManager : Event: ======'machine_reset_phase_2'====== Args={}
2024-05-15 00:30:10,628 : INFO : EventManager : Event: ======'machine_reset_phase_3'====== Args={}
2024-05-15 00:30:10,628 : INFO : EventManager : Event: ======'reset_complete'====== Args={}
2024-05-15 00:30:10,628 : INFO : EventManager : Event: ======'mode_attract_will_start'====== Args={}
2024-05-15 00:30:10,629 : INFO : EventManager : Event: ======'mode_attract_starting'====== Args={}
2024-05-15 00:30:10,629 : INFO : Mode.attract : Started. Priority: 10
2024-05-15 00:30:10,629 : INFO : EventManager : Event: ======'modes_active_modes_changed'====== Args={}
2024-05-15 00:30:10,629 : INFO : EventManager : Event: ======'mode_attract_started'====== Args={}
2024-05-15 00:30:10,629 : INFO : EventManager : Event: ======'collecting_balls_complete'====== Args={}
2024-05-15 00:30:10,639 : INFO : Machine : Starting the main run loop.
2024-05-15 00:30:10,660 : INFO : EventManager : Event: ======'slide_attract_created'====== Args={'_from_bcp': True}
2024-05-15 00:30:10,660 : INFO : EventManager : Event: ======'slide__removed'====== Args={'_from_bcp': True}
2024-05-15 00:30:10,660 : INFO : EventManager : Event: ======'slide_attract_active'====== Args={'original_context': 'attract', 'original_calling_context': 'mode_attract_started', 'cmd': 'slides_play', '_from_bcp': True}
2024-05-15 00:30:13,246 : INFO : SwitchController : <<<<<<< 's_start' active >>>>>>>
2024-05-15 00:30:13,322 : INFO : SwitchController : <<<<<<< 's_start' inactive >>>>>>>
2024-05-15 00:30:13,322 : INFO : EventManager : Event: ======'request_to_start_game'====== Args={}
2024-05-15 00:30:13,322 : INFO : EventManager : Event: ======'game_start'====== Args={'buttons': [], 'hold_time': 0.07799999999406282}
2024-05-15 00:30:13,322 : INFO : EventManager : Event: ======'mode_game_will_start'====== Args={'buttons': [], 'hold_time': 0.07799999999406282}
2024-05-15 00:30:13,323 : INFO : EventManager : Event: ======'mode_game_starting'====== Args={'buttons': [], 'hold_time': 0.07799999999406282}
2024-05-15 00:30:13,323 : INFO : EventManager : Event: ======'mode_attract_will_stop'====== Args={}
2024-05-15 00:30:13,323 : INFO : EventManager : Event: ======'mode_attract_stopping'====== Args={}
2024-05-15 00:30:13,323 : INFO : Mode.game : Started. Priority: 20
2024-05-15 00:30:13,323 : INFO : EventManager : Event: ======'modes_active_modes_changed'====== Args={}
2024-05-15 00:30:13,323 : INFO : EventManager : Event: ======'mode_game_started'====== Args={'buttons': [], 'hold_time': 0.07799999999406282}
2024-05-15 00:30:13,333 : INFO : Mode.attract : Stopped.
2024-05-15 00:30:13,333 : INFO : EventManager : Event: ======'modes_active_modes_changed'====== Args={}
2024-05-15 00:30:13,333 : INFO : EventManager : Event: ======'mode_attract_stopped'====== Args={}
2024-05-15 00:30:13,333 : INFO : EventManager : Event: ======'clear'====== Args={'key': 'attract'}
2024-05-15 00:30:13,333 : INFO : EventManager : Event: ======'game_will_start'====== Args={}
2024-05-15 00:30:13,343 : INFO : EventManager : Event: ======'game_starting'====== Args={'game': <Mode.game>}
2024-05-15 00:30:13,343 : INFO : EventManager : Unordered handler for class <Auditor> on event game_ended with priority 1. Handlers: [RegisteredHandler(callback=<bound method Auditor.disable of <Auditor>>, priority=1, kwargs={}, key=UUID('7b40b0ab-9b0c-42af-aa00-79527b8e1925'), condition=None, blocking_facility=None), RegisteredHandler(callback=<bound method Auditor._save_audits of <Auditor>>, priority=1, kwargs={}, key=UUID('009beecb-a9db-402a-b642-c3a915b2f2fe'), condition=None, blocking_facility=None)]. The order of those handlers is not defined and they will be executed in random order. This might lead to race conditions and potential bugs.
2024-05-15 00:30:13,344 : INFO : EventManager : Event: ======'player_add_request'====== Args={}
2024-05-15 00:30:13,344 : INFO : EventManager : Event: ======'player_will_add'====== Args={'number': 1}
2024-05-15 00:30:13,344 : INFO : EventManager : Event: ======'player_adding'====== Args={'player': <Player 1>, 'number': 1}
2024-05-15 00:30:13,344 : INFO : EventManager : Event: ======'player_added'====== Args={'player': <Player 1>, 'num': 1}
2024-05-15 00:30:13,344 : INFO : Mode.game : Player added successfully. Total players: 1
2024-05-15 00:30:13,344 : INFO : EventManager : Event: ======'player_index'====== Args={'value': 0, 'prev_value': 0, 'change': 0, 'player_num': 1}
2024-05-15 00:30:13,344 : INFO : EventManager : Event: ======'player_number'====== Args={'value': 1, 'prev_value': 1, 'change': 0, 'player_num': 1}
2024-05-15 00:30:13,344 : INFO : EventManager : Event: ======'player_score'====== Args={'value': 0, 'prev_value': 0, 'change': 0, 'player_num': 1}
2024-05-15 00:30:13,344 : INFO : EventManager : Event: ======'game_started'====== Args={}
2024-05-15 00:30:13,348 : INFO : EventManager : Event: ======'player_turn_will_start'====== Args={'player': <Player 1>, 'number': 1}
2024-05-15 00:30:13,348 : INFO : EventManager : Event: ======'player_turn_starting'====== Args={'player': <Player 1>, 'number': 1}
2024-05-15 00:30:13,348 : INFO : EventManager : Event: ======'player_ball'====== Args={'value': 1, 'prev_value': 0, 'change': 1, 'player_num': 1}
2024-05-15 00:30:13,348 : INFO : EventManager : Event: ======'player_turn_started'====== Args={'player': <Player 1>, 'number': 1}
2024-05-15 00:30:13,348 : INFO : EventManager : Event: ======'ball_will_start'====== Args={'player': 1, 'ball': 1, 'balls_remaining': 2, 'is_extra_ball': False}
2024-05-15 00:30:13,350 : INFO : EventManager : Event: ======'ball_starting'====== Args={'player': 1, 'ball': 1, 'balls_remaining': 2, 'is_extra_ball': False}
2024-05-15 00:30:13,350 : INFO : EventManager : Event: ======'balls_in_play'====== Args={'balls': 1}
2024-05-15 00:30:13,350 : INFO : EventManager : Event: ======'ball_started'====== Args={'player': 1, 'ball': 1, 'balls_remaining': 2, 'is_extra_ball': False}
2024-05-15 00:30:13,350 : INFO : EventManager : Event: ======'mode_char_select_will_start'====== Args={'player': 1, 'ball': 1, 'balls_remaining': 2, 'is_extra_ball': False}
2024-05-15 00:30:13,351 : INFO : EventManager : Event: ======'mode_char_select_starting'====== Args={'player': 1, 'ball': 1, 'balls_remaining': 2, 'is_extra_ball': False}
2024-05-15 00:30:13,351 : INFO : EventManager : Event: ======'mode_base_will_start'====== Args={'player': 1, 'ball': 1, 'balls_remaining': 2, 'is_extra_ball': False}
2024-05-15 00:30:13,351 : INFO : EventManager : Event: ======'player_shot_mead_shot_enabled'====== Args={'value': True, 'prev_value': 0, 'change': 1, 'player_num': 1}
2024-05-15 00:30:13,351 : INFO : EventManager : Event: ======'player_shot_scanlan_shot_enabled'====== Args={'value': True, 'prev_value': 0, 'change': 1, 'player_num': 1}
2024-05-15 00:30:13,351 : INFO : EventManager : Event: ======'video_shots_complete'====== Args={'state': 'unlit'}
2024-05-15 00:30:13,351 : INFO : EventManager : Event: ======'video_shots_unlit_complete'====== Args={}
2024-05-15 00:30:13,352 : INFO : EventManager : Event: ======'mode_base_starting'====== Args={'player': 1, 'ball': 1, 'balls_remaining': 2, 'is_extra_ball': False}
2024-05-15 00:30:13,352 : INFO : Mode.base : Started. Priority: 100
2024-05-15 00:30:13,352 : INFO : EventManager : Event: ======'modes_active_modes_changed'====== Args={}
2024-05-15 00:30:13,352 : INFO : EventManager : Event: ======'mode_base_started'====== Args={'player': 1, 'ball': 1, 'balls_remaining': 2, 'is_extra_ball': False}
2024-05-15 00:30:13,352 : INFO : Mode.char_select : Started. Priority: 501
2024-05-15 00:30:13,352 : INFO : EventManager : Event: ======'modes_active_modes_changed'====== Args={}
2024-05-15 00:30:13,352 : INFO : EventManager : Event: ======'mode_char_select_started'====== Args={'player': 1, 'ball': 1, 'balls_remaining': 2, 'is_extra_ball': False}
2024-05-15 00:30:13,353 : INFO : EventManager : Event: ======'item_highlighted'====== Args={'carousel': 'char_select', 'direction': None, 'item': 'percy'}
2024-05-15 00:30:13,353 : INFO : EventManager : Event: ======'single_player_ball_started'====== Args={}
2024-05-15 00:30:13,366 : INFO : EventManager : Event: ======'ball_start_target'====== Args={'target': 'playfield'}
2024-05-15 00:30:13,366 : INFO : ball_device.bd_plunger : Setting up player-controlled eject. Balls: 1, Target: <playfield.playfield>, player_controlled_eject_event: None
2024-05-15 00:30:13,366 : INFO : EventManager : Event: ======'balldevice_balls_available'====== Args={}
2024-05-15 00:30:13,366 : INFO : ball_device.bd_trough : State: waiting_for_target_ready
2024-05-15 00:30:13,366 : INFO : EventManager : Event: ======'balldevice_bd_trough_ball_eject_attempt'====== Args={'balls': 1, 'target': <ball_device.bd_plunger>, 'source': <ball_device.bd_trough>, 'mechanical_eject': True, 'num_attempts': 0}
2024-05-15 00:30:13,366 : INFO : ball_device.bd_plunger : State: waiting_for_ball
2024-05-15 00:30:13,366 : INFO : ball_device.bd_trough : State: ejecting
2024-05-15 00:30:13,366 : INFO : ball_device.bd_trough : Ejecting ball to <ball_device.bd_plunger>
2024-05-15 00:30:13,366 : INFO : EventManager : Event: ======'balldevice_bd_trough_ejecting_ball'====== Args={'balls': 1, 'target': <ball_device.bd_plunger>, 'source': <ball_device.bd_trough>, 'mechanical_eject': True, 'num_attempts': 0}
2024-05-15 00:30:13,367 : INFO : ball_device.bd_trough : Wait for ball to leave device
2024-05-15 00:30:13,367 : INFO : coil.c_trough_eject_coil : Pulsing Driver for 15ms (1.0 pulse_power)
2024-05-15 00:30:13,591 : INFO : EventManager : Event: ======'slide_base_created'====== Args={'_from_bcp': True}
2024-05-15 00:30:13,591 : INFO : EventManager : Event: ======'slide_attract_inactive'====== Args={'_from_bcp': True}
2024-05-15 00:30:13,591 : INFO : EventManager : Event: ======'slide_base_active'====== Args={'original_context': 'base', 'original_calling_context': 'mode_base_started', 'cmd': 'slides_play', '_from_bcp': True}
2024-05-15 00:30:13,591 : INFO : EventManager : Event: ======'slide_attract_removed'====== Args={'_from_bcp': True}
2024-05-15 00:30:13,744 : INFO : EventManager : Event: ======'slide_char_select_created'====== Args={'_from_bcp': True}
2024-05-15 00:30:13,744 : INFO : EventManager : Event: ======'slide_base_inactive'====== Args={'_from_bcp': True}
2024-05-15 00:30:13,744 : INFO : EventManager : Event: ======'slide_char_select_active'====== Args={'original_context': 'char_select', 'original_calling_context': 'mode_char_select_started', 'cmd': 'slides_play', '_from_bcp': True}
2024-05-15 00:30:14,260 : INFO : EventManager : Event: ======'s_ab_active'====== Args={'_from_bcp': True}
2024-05-15 00:30:14,260 : INFO : EventManager : Event: ======'char_select_percy_selected'====== Args={}
2024-05-15 00:30:14,260 : INFO : EventManager : Event: ======'char_select_item_selected'====== Args={}
2024-05-15 00:30:14,260 : INFO : EventManager : Event: ======'player_selected_champ'====== Args={'value': 'percy', 'prev_value': 0, 'change': True, 'player_num': 1, 'source': 'char_select'}
2024-05-15 00:30:14,261 : INFO : EventManager : Event: ======'mode_char_select_will_stop'====== Args={}
2024-05-15 00:30:14,261 : INFO : EventManager : Event: ======'mode_char_select_stopping'====== Args={}
2024-05-15 00:30:14,261 : INFO : EventManager : Event: ======'player_is_selected_champ'====== Args={'value': 1, 'prev_value': 0, 'change': 1, 'player_num': 1, 'source': 'char_select'}
2024-05-15 00:30:14,261 : INFO : Mode.char_select : Stopped.
2024-05-15 00:30:14,261 : INFO : EventManager : Event: ======'modes_active_modes_changed'====== Args={}
2024-05-15 00:30:14,261 : INFO : EventManager : Event: ======'start_base'====== Args={}
2024-05-15 00:30:14,261 : INFO : EventManager : Event: ======'char_select_item_selected'====== Args={}
2024-05-15 00:30:14,261 : INFO : EventManager : Event: ======'mode_char_select_stopped'====== Args={}
2024-05-15 00:30:14,261 : INFO : EventManager : Event: ======'clear'====== Args={'key': 'char_select'}
2024-05-15 00:30:14,272 : INFO : EventManager : Event: ======'slide_char_select_inactive'====== Args={'_from_bcp': True}
2024-05-15 00:30:14,272 : INFO : EventManager : Event: ======'slide_base_active'====== Args={'_from_bcp': True}
2024-05-15 00:30:14,272 : INFO : EventManager : Event: ======'slide_char_select_removed'====== Args={'_from_bcp': True}
2024-05-15 00:30:15,363 : INFO : EventManager : Event: ======'balldevice_bd_trough_ball_eject_failed'====== Args={'target': <ball_device.bd_plunger>, 'balls': 1, 'retry': True, 'num_attempts': 1}
2024-05-15 00:30:15,364 : INFO : ball_device.bd_trough : State: waiting_for_target_ready
2024-05-15 00:30:15,364 : INFO : EventManager : Event: ======'balldevice_bd_trough_ball_eject_attempt'====== Args={'balls': 1, 'target': <ball_device.bd_plunger>, 'source': <ball_device.bd_trough>, 'mechanical_eject': True, 'num_attempts': 1}
2024-05-15 00:30:15,364 : INFO : ball_device.bd_trough : State: ejecting
2024-05-15 00:30:15,364 : INFO : ball_device.bd_trough : Ejecting ball to <ball_device.bd_plunger>
2024-05-15 00:30:15,364 : INFO : EventManager : Event: ======'balldevice_bd_trough_ejecting_ball'====== Args={'balls': 1, 'target': <ball_device.bd_plunger>, 'source': <ball_device.bd_trough>, 'mechanical_eject': True, 'num_attempts': 1}
2024-05-15 00:30:15,364 : INFO : ball_device.bd_trough : Wait for ball to leave device
2024-05-15 00:30:15,364 : INFO : coil.c_trough_eject_coil : Pulsing Driver for 15ms (1.0 pulse_power)
2024-05-15 00:30:17,368 : INFO : EventManager : Event: ======'balldevice_bd_trough_ball_eject_failed'====== Args={'target': <ball_device.bd_plunger>, 'balls': 1, 'retry': True, 'num_attempts': 2}
2024-05-15 00:30:17,368 : INFO : ball_device.bd_trough : State: waiting_for_target_ready
2024-05-15 00:30:17,368 : INFO : EventManager : Event: ======'balldevice_bd_trough_ball_eject_attempt'====== Args={'balls': 1, 'target': <ball_device.bd_plunger>, 'source': <ball_device.bd_trough>, 'mechanical_eject': True, 'num_attempts': 2}
2024-05-15 00:30:17,368 : INFO : ball_device.bd_trough : State: ejecting
2024-05-15 00:30:17,368 : INFO : ball_device.bd_trough : Ejecting ball to <ball_device.bd_plunger>
2024-05-15 00:30:17,368 : INFO : EventManager : Event: ======'balldevice_bd_trough_ejecting_ball'====== Args={'balls': 1, 'target': <ball_device.bd_plunger>, 'source': <ball_device.bd_trough>, 'mechanical_eject': True, 'num_attempts': 2}
2024-05-15 00:30:17,376 : INFO : ball_device.bd_trough : Wait for ball to leave device
2024-05-15 00:30:17,376 : INFO : coil.c_trough_eject_coil : Pulsing Driver for 15ms (1.0 pulse_power)
2024-05-15 00:30:19,399 : INFO : EventManager : Event: ======'balldevice_bd_trough_ball_eject_failed'====== Args={'target': <ball_device.bd_plunger>, 'balls': 1, 'retry': True, 'num_attempts': 3}
2024-05-15 00:30:19,401 : INFO : ball_device.bd_trough : State: waiting_for_target_ready
2024-05-15 00:30:19,401 : INFO : EventManager : Event: ======'balldevice_bd_trough_ball_eject_attempt'====== Args={'balls': 1, 'target': <ball_device.bd_plunger>, 'source': <ball_device.bd_trough>, 'mechanical_eject': True, 'num_attempts': 3}
2024-05-15 00:30:19,401 : INFO : ball_device.bd_trough : State: ejecting
2024-05-15 00:30:19,401 : INFO : ball_device.bd_trough : Ejecting ball to <ball_device.bd_plunger>
2024-05-15 00:30:19,401 : INFO : EventManager : Event: ======'balldevice_bd_trough_ejecting_ball'====== Args={'balls': 1, 'target': <ball_device.bd_plunger>, 'source': <ball_device.bd_trough>, 'mechanical_eject': True, 'num_attempts': 3}
2024-05-15 00:30:19,401 : INFO : ball_device.bd_trough : Wait for ball to leave device
2024-05-15 00:30:19,401 : INFO : coil.c_trough_eject_coil : Pulsing Driver for 15ms (1.0 pulse_power)
2024-05-15 00:30:21,404 : INFO : EventManager : Event: ======'balldevice_bd_trough_ball_eject_failed'====== Args={'target': <ball_device.bd_plunger>, 'balls': 1, 'retry': True, 'num_attempts': 4}
2024-05-15 00:30:21,406 : INFO : ball_device.bd_trough : State: waiting_for_target_ready
2024-05-15 00:30:21,406 : INFO : EventManager : Event: ======'balldevice_bd_trough_ball_eject_attempt'====== Args={'balls': 1, 'target': <ball_device.bd_plunger>, 'source': <ball_device.bd_trough>, 'mechanical_eject': True, 'num_attempts': 4}
2024-05-15 00:30:21,406 : INFO : ball_device.bd_trough : State: ejecting
2024-05-15 00:30:21,406 : INFO : ball_device.bd_trough : Ejecting ball to <ball_device.bd_plunger>
2024-05-15 00:30:21,406 : INFO : EventManager : Event: ======'balldevice_bd_trough_ejecting_ball'====== Args={'balls': 1, 'target': <ball_device.bd_plunger>, 'source': <ball_device.bd_trough>, 'mechanical_eject': True, 'num_attempts': 4}
2024-05-15 00:30:21,406 : INFO : ball_device.bd_trough : Wait for ball to leave device
2024-05-15 00:30:21,406 : INFO : coil.c_trough_eject_coil : Pulsing Driver for 15ms (1.0 pulse_power)
2024-05-15 00:30:23,410 : INFO : EventManager : Event: ======'balldevice_bd_trough_ball_eject_failed'====== Args={'target': <ball_device.bd_plunger>, 'balls': 1, 'retry': True, 'num_attempts': 5}
2024-05-15 00:30:23,410 : INFO : ball_device.bd_trough : State: waiting_for_target_ready
2024-05-15 00:30:23,410 : INFO : EventManager : Event: ======'balldevice_bd_trough_ball_eject_attempt'====== Args={'balls': 1, 'target': <ball_device.bd_plunger>, 'source': <ball_device.bd_trough>, 'mechanical_eject': True, 'num_attempts': 5}
2024-05-15 00:30:23,411 : INFO : ball_device.bd_trough : State: ejecting
2024-05-15 00:30:23,411 : INFO : ball_device.bd_trough : Ejecting ball to <ball_device.bd_plunger>
2024-05-15 00:30:23,411 : INFO : EventManager : Event: ======'balldevice_bd_trough_ejecting_ball'====== Args={'balls': 1, 'target': <ball_device.bd_plunger>, 'source': <ball_device.bd_trough>, 'mechanical_eject': True, 'num_attempts': 5}
2024-05-15 00:30:23,411 : INFO : ball_device.bd_trough : Wait for ball to leave device
2024-05-15 00:30:23,411 : INFO : coil.c_trough_eject_coil : Pulsing Driver for 15ms (1.0 pulse_power)
2024-05-15 00:30:25,403 : INFO : EventManager : Event: ======'balldevice_bd_trough_ball_eject_failed'====== Args={'target': <ball_device.bd_plunger>, 'balls': 1, 'retry': True, 'num_attempts': 6}
2024-05-15 00:30:25,405 : INFO : ball_device.bd_trough : State: waiting_for_target_ready
2024-05-15 00:30:25,405 : INFO : EventManager : Event: ======'balldevice_bd_trough_ball_eject_attempt'====== Args={'balls': 1, 'target': <ball_device.bd_plunger>, 'source': <ball_device.bd_trough>, 'mechanical_eject': True, 'num_attempts': 6}
2024-05-15 00:30:25,405 : INFO : ball_device.bd_trough : State: ejecting
2024-05-15 00:30:25,405 : INFO : ball_device.bd_trough : Ejecting ball to <ball_device.bd_plunger>
2024-05-15 00:30:25,405 : INFO : EventManager : Event: ======'balldevice_bd_trough_ejecting_ball'====== Args={'balls': 1, 'target': <ball_device.bd_plunger>, 'source': <ball_device.bd_trough>, 'mechanical_eject': True, 'num_attempts': 6}
2024-05-15 00:30:25,405 : INFO : ball_device.bd_trough : Wait for ball to leave device
2024-05-15 00:30:25,405 : INFO : coil.c_trough_eject_coil : Pulsing Driver for 15ms (1.0 pulse_power)
2024-05-15 00:30:27,403 : INFO : EventManager : Event: ======'balldevice_bd_trough_ball_eject_failed'====== Args={'target': <ball_device.bd_plunger>, 'balls': 1, 'retry': True, 'num_attempts': 7}
2024-05-15 00:30:27,404 : INFO : ball_device.bd_trough : State: waiting_for_target_ready
2024-05-15 00:30:27,404 : INFO : EventManager : Event: ======'balldevice_bd_trough_ball_eject_attempt'====== Args={'balls': 1, 'target': <ball_device.bd_plunger>, 'source': <ball_device.bd_trough>, 'mechanical_eject': True, 'num_attempts': 7}
2024-05-15 00:30:27,404 : INFO : ball_device.bd_trough : State: ejecting
2024-05-15 00:30:27,404 : INFO : ball_device.bd_trough : Ejecting ball to <ball_device.bd_plunger>
2024-05-15 00:30:27,404 : INFO : EventManager : Event: ======'balldevice_bd_trough_ejecting_ball'====== Args={'balls': 1, 'target': <ball_device.bd_plunger>, 'source': <ball_device.bd_trough>, 'mechanical_eject': True, 'num_attempts': 7}
2024-05-15 00:30:27,404 : INFO : ball_device.bd_trough : Wait for ball to leave device
2024-05-15 00:30:27,404 : INFO : coil.c_trough_eject_coil : Pulsing Driver for 15ms (1.0 pulse_power)
2024-05-15 00:30:29,410 : INFO : EventManager : Event: ======'balldevice_bd_trough_ball_eject_failed'====== Args={'target': <ball_device.bd_plunger>, 'balls': 1, 'retry': True, 'num_attempts': 8}
2024-05-15 00:30:29,410 : INFO : ball_device.bd_trough : State: waiting_for_target_ready
2024-05-15 00:30:29,410 : INFO : EventManager : Event: ======'balldevice_bd_trough_ball_eject_attempt'====== Args={'balls': 1, 'target': <ball_device.bd_plunger>, 'source': <ball_device.bd_trough>, 'mechanical_eject': True, 'num_attempts': 8}
2024-05-15 00:30:29,410 : INFO : ball_device.bd_trough : State: ejecting
2024-05-15 00:30:29,410 : INFO : ball_device.bd_trough : Ejecting ball to <ball_device.bd_plunger>
2024-05-15 00:30:29,410 : INFO : EventManager : Event: ======'balldevice_bd_trough_ejecting_ball'====== Args={'balls': 1, 'target': <ball_device.bd_plunger>, 'source': <ball_device.bd_trough>, 'mechanical_eject': True, 'num_attempts': 8}
2024-05-15 00:30:29,411 : INFO : ball_device.bd_trough : Wait for ball to leave device
2024-05-15 00:30:29,411 : INFO : coil.c_trough_eject_coil : Pulsing Driver for 15ms (1.0 pulse_power)
2024-05-15 00:30:31,403 : INFO : EventManager : Event: ======'balldevice_bd_trough_ball_eject_failed'====== Args={'target': <ball_device.bd_plunger>, 'balls': 1, 'retry': True, 'num_attempts': 9}
2024-05-15 00:30:31,404 : INFO : ball_device.bd_trough : State: waiting_for_target_ready
2024-05-15 00:30:31,404 : INFO : EventManager : Event: ======'balldevice_bd_trough_ball_eject_attempt'====== Args={'balls': 1, 'target': <ball_device.bd_plunger>, 'source': <ball_device.bd_trough>, 'mechanical_eject': True, 'num_attempts': 9}
2024-05-15 00:30:31,404 : INFO : ball_device.bd_trough : State: ejecting
2024-05-15 00:30:31,404 : INFO : ball_device.bd_trough : Ejecting ball to <ball_device.bd_plunger>
2024-05-15 00:30:31,404 : INFO : EventManager : Event: ======'balldevice_bd_trough_ejecting_ball'====== Args={'balls': 1, 'target': <ball_device.bd_plunger>, 'source': <ball_device.bd_trough>, 'mechanical_eject': True, 'num_attempts': 9}
2024-05-15 00:30:31,404 : INFO : ball_device.bd_trough : Wait for ball to leave device
2024-05-15 00:30:31,404 : INFO : coil.c_trough_eject_coil : Pulsing Driver for 15ms (1.0 pulse_power)
2024-05-15 00:30:33,404 : INFO : EventManager : Event: ======'balldevice_bd_trough_ball_eject_failed'====== Args={'target': <ball_device.bd_plunger>, 'balls': 1, 'retry': True, 'num_attempts': 10}
2024-05-15 00:30:33,407 : INFO : ball_device.bd_trough : State: waiting_for_target_ready
2024-05-15 00:30:33,407 : INFO : EventManager : Event: ======'balldevice_bd_trough_ball_eject_attempt'====== Args={'balls': 1, 'target': <ball_device.bd_plunger>, 'source': <ball_device.bd_trough>, 'mechanical_eject': True, 'num_attempts': 10}
2024-05-15 00:30:33,407 : INFO : ball_device.bd_trough : State: ejecting
2024-05-15 00:30:33,407 : INFO : ball_device.bd_trough : Ejecting ball to <ball_device.bd_plunger>
2024-05-15 00:30:33,407 : INFO : EventManager : Event: ======'balldevice_bd_trough_ejecting_ball'====== Args={'balls': 1, 'target': <ball_device.bd_plunger>, 'source': <ball_device.bd_trough>, 'mechanical_eject': True, 'num_attempts': 10}
2024-05-15 00:30:33,407 : INFO : ball_device.bd_trough : Wait for ball to leave device
2024-05-15 00:30:33,407 : INFO : coil.c_trough_eject_coil : Pulsing Driver for 15ms (1.0 pulse_power)
2024-05-15 00:30:35,403 : INFO : EventManager : Event: ======'balldevice_bd_trough_ball_eject_failed'====== Args={'target': <ball_device.bd_plunger>, 'balls': 1, 'retry': True, 'num_attempts': 11}
2024-05-15 00:30:35,405 : INFO : ball_device.bd_trough : State: waiting_for_target_ready
2024-05-15 00:30:35,405 : INFO : EventManager : Event: ======'balldevice_bd_trough_ball_eject_attempt'====== Args={'balls': 1, 'target': <ball_device.bd_plunger>, 'source': <ball_device.bd_trough>, 'mechanical_eject': True, 'num_attempts': 11}
2024-05-15 00:30:35,405 : INFO : ball_device.bd_trough : State: ejecting
2024-05-15 00:30:35,405 : INFO : ball_device.bd_trough : Ejecting ball to <ball_device.bd_plunger>
2024-05-15 00:30:35,405 : INFO : EventManager : Event: ======'balldevice_bd_trough_ejecting_ball'====== Args={'balls': 1, 'target': <ball_device.bd_plunger>, 'source': <ball_device.bd_trough>, 'mechanical_eject': True, 'num_attempts': 11}
2024-05-15 00:30:35,405 : INFO : ball_device.bd_trough : Wait for ball to leave device
2024-05-15 00:30:35,405 : INFO : coil.c_trough_eject_coil : Pulsing Driver for 15ms (1.0 pulse_power)
2024-05-15 00:30:37,404 : INFO : EventManager : Event: ======'balldevice_bd_trough_ball_eject_failed'====== Args={'target': <ball_device.bd_plunger>, 'balls': 1, 'retry': True, 'num_attempts': 12}
2024-05-15 00:30:37,405 : INFO : ball_device.bd_trough : State: waiting_for_target_ready
2024-05-15 00:30:37,405 : INFO : EventManager : Event: ======'balldevice_bd_trough_ball_eject_attempt'====== Args={'balls': 1, 'target': <ball_device.bd_plunger>, 'source': <ball_device.bd_trough>, 'mechanical_eject': True, 'num_attempts': 12}
2024-05-15 00:30:37,405 : INFO : ball_device.bd_trough : State: ejecting
2024-05-15 00:30:37,405 : INFO : ball_device.bd_trough : Ejecting ball to <ball_device.bd_plunger>
2024-05-15 00:30:37,405 : INFO : EventManager : Event: ======'balldevice_bd_trough_ejecting_ball'====== Args={'balls': 1, 'target': <ball_device.bd_plunger>, 'source': <ball_device.bd_trough>, 'mechanical_eject': True, 'num_attempts': 12}
2024-05-15 00:30:37,405 : INFO : ball_device.bd_trough : Wait for ball to leave device
2024-05-15 00:30:37,405 : INFO : coil.c_trough_eject_coil : Pulsing Driver for 15ms (1.0 pulse_power)
2024-05-15 00:30:39,406 : INFO : EventManager : Event: ======'balldevice_bd_trough_ball_eject_failed'====== Args={'target': <ball_device.bd_plunger>, 'balls': 1, 'retry': True, 'num_attempts': 13}
2024-05-15 00:30:39,407 : INFO : ball_device.bd_trough : State: waiting_for_target_ready
2024-05-15 00:30:39,407 : INFO : EventManager : Event: ======'balldevice_bd_trough_ball_eject_attempt'====== Args={'balls': 1, 'target': <ball_device.bd_plunger>, 'source': <ball_device.bd_trough>, 'mechanical_eject': True, 'num_attempts': 13}
2024-05-15 00:30:39,407 : INFO : ball_device.bd_trough : State: ejecting
2024-05-15 00:30:39,407 : INFO : ball_device.bd_trough : Ejecting ball to <ball_device.bd_plunger>
2024-05-15 00:30:39,407 : INFO : EventManager : Event: ======'balldevice_bd_trough_ejecting_ball'====== Args={'balls': 1, 'target': <ball_device.bd_plunger>, 'source': <ball_device.bd_trough>, 'mechanical_eject': True, 'num_attempts': 13}
2024-05-15 00:30:39,407 : INFO : ball_device.bd_trough : Wait for ball to leave device
2024-05-15 00:30:39,408 : INFO : coil.c_trough_eject_coil : Pulsing Driver for 15ms (1.0 pulse_power)
2024-05-15 00:30:41,411 : INFO : EventManager : Event: ======'balldevice_bd_trough_ball_eject_failed'====== Args={'target': <ball_device.bd_plunger>, 'balls': 1, 'retry': True, 'num_attempts': 14}
2024-05-15 00:30:41,411 : INFO : ball_device.bd_trough : State: waiting_for_target_ready
2024-05-15 00:30:41,411 : INFO : EventManager : Event: ======'balldevice_bd_trough_ball_eject_attempt'====== Args={'balls': 1, 'target': <ball_device.bd_plunger>, 'source': <ball_device.bd_trough>, 'mechanical_eject': True, 'num_attempts': 14}
2024-05-15 00:30:41,411 : INFO : ball_device.bd_trough : State: ejecting
2024-05-15 00:30:41,411 : INFO : ball_device.bd_trough : Ejecting ball to <ball_device.bd_plunger>
2024-05-15 00:30:41,411 : INFO : EventManager : Event: ======'balldevice_bd_trough_ejecting_ball'====== Args={'balls': 1, 'target': <ball_device.bd_plunger>, 'source': <ball_device.bd_trough>, 'mechanical_eject': True, 'num_attempts': 14}
2024-05-15 00:30:41,411 : INFO : ball_device.bd_trough : Wait for ball to leave device
2024-05-15 00:30:41,411 : INFO : coil.c_trough_eject_coil : Pulsing Driver for 15ms (1.0 pulse_power)
2024-05-15 00:30:43,403 : INFO : EventManager : Event: ======'balldevice_bd_trough_ball_eject_failed'====== Args={'target': <ball_device.bd_plunger>, 'balls': 1, 'retry': True, 'num_attempts': 15}
2024-05-15 00:30:43,405 : INFO : ball_device.bd_trough : State: waiting_for_target_ready
2024-05-15 00:30:43,405 : INFO : EventManager : Event: ======'balldevice_bd_trough_ball_eject_attempt'====== Args={'balls': 1, 'target': <ball_device.bd_plunger>, 'source': <ball_device.bd_trough>, 'mechanical_eject': True, 'num_attempts': 15}
2024-05-15 00:30:43,405 : INFO : ball_device.bd_trough : State: ejecting
2024-05-15 00:30:43,405 : INFO : ball_device.bd_trough : Ejecting ball to <ball_device.bd_plunger>
2024-05-15 00:30:43,405 : INFO : EventManager : Event: ======'balldevice_bd_trough_ejecting_ball'====== Args={'balls': 1, 'target': <ball_device.bd_plunger>, 'source': <ball_device.bd_trough>, 'mechanical_eject': True, 'num_attempts': 15}
2024-05-15 00:30:43,405 : INFO : ball_device.bd_trough : Wait for ball to leave device
2024-05-15 00:30:43,405 : INFO : coil.c_trough_eject_coil : Pulsing Driver for 15ms (1.0 pulse_power)
2024-05-15 00:30:45,411 : INFO : EventManager : Event: ======'balldevice_bd_trough_ball_eject_failed'====== Args={'target': <ball_device.bd_plunger>, 'balls': 1, 'retry': True, 'num_attempts': 16}
2024-05-15 00:30:45,413 : INFO : ball_device.bd_trough : State: waiting_for_target_ready
2024-05-15 00:30:45,413 : INFO : EventManager : Event: ======'balldevice_bd_trough_ball_eject_attempt'====== Args={'balls': 1, 'target': <ball_device.bd_plunger>, 'source': <ball_device.bd_trough>, 'mechanical_eject': True, 'num_attempts': 16}
2024-05-15 00:30:45,413 : INFO : ball_device.bd_trough : State: ejecting
2024-05-15 00:30:45,413 : INFO : ball_device.bd_trough : Ejecting ball to <ball_device.bd_plunger>
2024-05-15 00:30:45,413 : INFO : EventManager : Event: ======'balldevice_bd_trough_ejecting_ball'====== Args={'balls': 1, 'target': <ball_device.bd_plunger>, 'source': <ball_device.bd_trough>, 'mechanical_eject': True, 'num_attempts': 16}
2024-05-15 00:30:45,413 : INFO : ball_device.bd_trough : Wait for ball to leave device
2024-05-15 00:30:45,414 : INFO : coil.c_trough_eject_coil : Pulsing Driver for 15ms (1.0 pulse_power)
2024-05-15 00:30:47,404 : INFO : EventManager : Event: ======'balldevice_bd_trough_ball_eject_failed'====== Args={'target': <ball_device.bd_plunger>, 'balls': 1, 'retry': True, 'num_attempts': 17}
2024-05-15 00:30:47,406 : INFO : ball_device.bd_trough : State: waiting_for_target_ready
2024-05-15 00:30:47,406 : INFO : EventManager : Event: ======'balldevice_bd_trough_ball_eject_attempt'====== Args={'balls': 1, 'target': <ball_device.bd_plunger>, 'source': <ball_device.bd_trough>, 'mechanical_eject': True, 'num_attempts': 17}
2024-05-15 00:30:47,406 : INFO : ball_device.bd_trough : State: ejecting
2024-05-15 00:30:47,406 : INFO : ball_device.bd_trough : Ejecting ball to <ball_device.bd_plunger>
2024-05-15 00:30:47,406 : INFO : EventManager : Event: ======'balldevice_bd_trough_ejecting_ball'====== Args={'balls': 1, 'target': <ball_device.bd_plunger>, 'source': <ball_device.bd_trough>, 'mechanical_eject': True, 'num_attempts': 17}
2024-05-15 00:30:47,406 : INFO : ball_device.bd_trough : Wait for ball to leave device
2024-05-15 00:30:47,406 : INFO : coil.c_trough_eject_coil : Pulsing Driver for 15ms (1.0 pulse_power)
2024-05-15 00:30:48,751 : INFO : Machine : Shutting down...
2024-05-15 00:30:48,751 : INFO : EventManager : Event: ======'shutdown'====== Args={}
2024-05-15 00:30:48,755 : INFO : EventManager : Event: ======'mode_game_will_stop'====== Args={}
2024-05-15 00:30:48,755 : INFO : EventManager : Event: ======'mode_game_stopping'====== Args={}
2024-05-15 00:30:48,756 : INFO : EventManager : Event: ======'mode_base_will_stop'====== Args={}
2024-05-15 00:30:48,756 : INFO : EventManager : Event: ======'mode_base_stopping'====== Args={}
2024-05-15 00:30:48,756 : INFO : Mode.base : Stopped.
2024-05-15 00:30:48,756 : INFO : EventManager : Event: ======'modes_active_modes_changed'====== Args={}
2024-05-15 00:30:48,756 : INFO : EventManager : Event: ======'mode_base_stopped'====== Args={}
2024-05-15 00:30:48,756 : INFO : EventManager : Event: ======'clear'====== Args={'key': 'base'}
2024-05-15 00:30:48,757 : INFO : Mode.game : Stopped.
2024-05-15 00:30:48,757 : INFO : EventManager : Event: ======'modes_active_modes_changed'====== Args={}
2024-05-15 00:30:48,757 : INFO : EventManager : Event: ======'mode_game_stopped'====== Args={}
2024-05-15 00:30:48,757 : INFO : EventManager : Event: ======'clear'====== Args={'key': 'game'}
2024-05-15 00:30:48,758 : INFO : root : MPF run loop ended.
