2024-06-18 03:13:32,485 : INFO : root : Loading config.
2024-06-18 03:13:32,491 : INFO : YamlMultifileConfigLoader : Machine config file #1: config.yaml
2024-06-18 03:13:32,492 : INFO : ConfigProcessor : Loading config from cache: C:\Users\octo\AppData\Local\Temp\67114de119ffda0ef143dfc9c8b88aec.mpf_cache
2024-06-18 03:13:32,496 : WARNING : ConfigProcessor : Config file in cache changed: C:/Users/octo/Downloads/homebrew/config\lights.yaml
2024-06-18 03:13:32,496 : INFO : ConfigProcessor : Loading config from file c:\git\new folder (6)\mpf\mpf\mpfconfig.yaml.
2024-06-18 03:13:32,505 : INFO : ConfigProcessor : Loading config: c:\git\new folder (6)\mpf\mpf\mpfconfig.yaml
2024-06-18 03:13:32,505 : INFO : ConfigProcessor : Loading config from file C:\Users\octo\Downloads\homebrew\config\config.yaml.
2024-06-18 03:13:32,506 : INFO : ConfigProcessor : Loading config: C:\Users\octo\Downloads\homebrew\config\config.yaml
2024-06-18 03:13:32,507 : INFO : ConfigProcessor : Loading config: C:\Users\octo\Downloads\homebrew\config\lights.yaml
2024-06-18 03:13:32,508 : INFO : ConfigProcessor : Loading config: C:\Users\octo\Downloads\homebrew\config\coils.yaml
2024-06-18 03:13:32,508 : INFO : ConfigProcessor : Loading config: C:\Users\octo\Downloads\homebrew\config\switches.yaml
2024-06-18 03:13:32,509 : INFO : ConfigProcessor : Loading config: C:\Users\octo\Downloads\homebrew\config\sounds.yaml
2024-06-18 03:13:32,509 : WARNING : ConfigProcessor : Config section 'sounds' is deprecated in MPF 0.80 and will be ignored.
2024-06-18 03:13:32,509 : INFO : ConfigProcessor : Loading config: C:\Users\octo\Downloads\homebrew\config\images.yaml
2024-06-18 03:13:32,510 : INFO : ConfigProcessor : Loading config: C:\Users\octo\Downloads\homebrew\config\videos.yaml
2024-06-18 03:13:32,511 : INFO : ConfigProcessor : Config file cache created: C:\Users\octo\AppData\Local\Temp\67114de119ffda0ef143dfc9c8b88aec.mpf_cache
2024-06-18 03:13:32,600 : WARNING : ConfigProcessor : Config file in cache changed: C:\Users\octo\Downloads\homebrew\modes\attract\config\attract.yaml
2024-06-18 03:13:32,601 : INFO : ConfigProcessor : Loading config from file c:\git\new folder (6)\mpf\mpf\modes\attract\config\attract.yaml.
2024-06-18 03:13:32,602 : INFO : ConfigProcessor : Loading config: c:\git\new folder (6)\mpf\mpf\modes\attract\config\attract.yaml
2024-06-18 03:13:32,602 : INFO : ConfigProcessor : Loading config from file C:\Users\octo\Downloads\homebrew\modes\attract\config\attract.yaml.
2024-06-18 03:13:32,602 : INFO : ConfigProcessor : Loading config: C:\Users\octo\Downloads\homebrew\modes\attract\config\attract.yaml
2024-06-18 03:13:32,603 : INFO : ConfigProcessor : Config file cache created: C:\Users\octo\AppData\Local\Temp\d4fb548c2902111733185c907c7e02f2.mpf_cache
2024-06-18 03:13:32,603 : INFO : ConfigProcessor : Loading config from cache: C:\Users\octo\AppData\Local\Temp\5cdf3f6f669e12795623fbd605d1b6a0.mpf_cache
2024-06-18 03:13:32,607 : INFO : ConfigProcessor : Loading config from cache: C:\Users\octo\AppData\Local\Temp\e87c946bbd0a2e05a931f281fca6458e.mpf_cache
2024-06-18 03:13:32,610 : INFO : ConfigProcessor : Loading config from cache: C:\Users\octo\AppData\Local\Temp\d4fb548c2902111733185c907c7e02f2.mpf_cache
2024-06-18 03:13:32,613 : INFO : ConfigProcessor : Loading config from cache: C:\Users\octo\AppData\Local\Temp\da852937ccb56145866cf54922bc01f8.mpf_cache
2024-06-18 03:13:32,616 : INFO : Machine : Mission Pinball Framework Core Engine v0.80.0.dev1
2024-06-18 03:13:32,617 : INFO : Machine : Command line arguments: {'no_load_cache': False, 'create_config_cache': True, 'bcp': True, 'configfile': ['config.yaml'], 'force_assets_load': False, 'platform_integration_test': False, 'jsonlogging': False, 'logfile': 'logs\\2024-06-18-03-13-32-mpf-DESKTOP-BQT92E0.log', 'pause': False, 'production': False, 'text_ui': True, 'loglevel': 15, 'consoleloglevel': 20, 'force_platform': 'virtual', 'syslog_address': None, 'mc_file_name': None, 'no_sound': False}
2024-06-18 03:13:32,617 : INFO : Machine : MPF path: c:\git\new folder (6)\mpf\mpf
2024-06-18 03:13:32,617 : INFO : Machine : Machine path: C:\Users\octo\Downloads\homebrew
2024-06-18 03:13:32,617 : INFO : Machine : Platform: win32
2024-06-18 03:13:32,617 : INFO : Machine : Python executable location: C:\Users\octo\AppData\Local\Programs\Python\Python310\python.exe
2024-06-18 03:13:32,617 : INFO : Machine : Python version: 3.10.0 (64-bit)
2024-06-18 03:13:32,618 : INFO : Machine : Initializing MPF...
2024-06-18 03:13:32,807 : INFO : EventManager : Event: ======'machine_var_credits_string'====== Args={'value': 'FREE PLAY', 'prev_value': None, 'change': True}
2024-06-18 03:13:32,825 : INFO : EventManager : Event: ======'machine_var_master_volume'====== Args={'value': 0.5, 'prev_value': None, 'change': True}
2024-06-18 03:13:32,825 : INFO : EventManager : Event: ======'machine_var_mpf_version'====== Args={'value': 'Mission Pinball Framework v0.80.0.dev1', 'prev_value': None, 'change': True}
2024-06-18 03:13:32,825 : INFO : EventManager : Event: ======'machine_var_mpf_extended_version'====== Args={'value': 'Mission Pinball Framework v0.80.0.dev1, Config version:6, Show version: 6, BCP version:1.1', 'prev_value': None, 'change': True}
2024-06-18 03:13:32,825 : INFO : EventManager : Event: ======'machine_var_python_version'====== Args={'value': '3.10.0', 'prev_value': None, 'change': True}
2024-06-18 03:13:32,830 : INFO : EventManager : Event: ======'machine_var_platform'====== Args={'value': 'Windows-10-10.0.19045-SP0', 'prev_value': None, 'change': True}
2024-06-18 03:13:32,830 : INFO : EventManager : Event: ======'machine_var_platform_system'====== Args={'value': 'Windows', 'prev_value': None, 'change': True}
2024-06-18 03:13:32,830 : INFO : EventManager : Event: ======'machine_var_platform_release'====== Args={'value': '10', 'prev_value': None, 'change': True}
2024-06-18 03:13:32,830 : INFO : EventManager : Event: ======'machine_var_platform_version'====== Args={'value': '10.0.19045', 'prev_value': None, 'change': True}
2024-06-18 03:13:32,830 : INFO : EventManager : Event: ======'machine_var_platform_machine'====== Args={'value': 'AMD64', 'prev_value': None, 'change': True}
2024-06-18 03:13:32,830 : INFO : EventManager : Event: ======'init_phase_1'====== Args={}
2024-06-18 03:13:32,838 : ERROR : asyncio : Exception in callback EventManager._async_handler_done(<QueuedEvent>)(<Task finishe...pty config.")>) at c:\git\new folder (6)\mpf\mpf\core\events.py:124
handle: <Handle EventManager._async_handler_done(<QueuedEvent>)(<Task finishe...pty config.")>) at c:\git\new folder (6)\mpf\mpf\core\events.py:124>
Traceback (most recent call last):
  File "C:\Users\octo\AppData\Local\Programs\Python\Python310\lib\asyncio\events.py", line 80, in _run
    self._context.run(self._callback, *self._args)
  File "c:\git\new folder (6)\mpf\mpf\core\events.py", line 127, in _async_handler_done
    future.result()
  File "c:\git\new folder (6)\mpf\mpf\core\device_manager.py", line 83, in _load_device_modules
    self.create_devices(collection_name, config)
  File "c:\git\new folder (6)\mpf\mpf\core\device_manager.py", line 119, in create_devices
    self.raise_config_error("Device {}:'{}' has an empty config.".format(collection_name, device_name), 2,
  File "c:\git\new folder (6)\mpf\mpf\core\logging.py", line 174, in raise_config_error
    raise ConfigFileError(msg, error_no, self.log.name if self.log else "", context, self._url_base) \
mpf.exceptions.config_file_error.ConfigFileError: Config File Error in DeviceManager: Device lights:'ressurection' has an empty config. Context: lights.ressurection Error Code: CFE-DeviceManager-2 (https://missionpinball.org/logs)
2024-06-18 03:13:32,860 : INFO : Machine : Starting the main run loop.
2024-06-18 03:13:32,862 : INFO : Machine : Shutting down...
2024-06-18 03:13:32,862 : INFO : EventManager : Event: ======'shutdown'====== Args={}
2024-06-18 03:13:33,870 : ERROR : Machine : Runtime Exception
Traceback (most recent call last):
  File "c:\git\new folder (6)\mpf\mpf\core\machine.py", line 793, in _run_loop
    raise self._exception['exception']
  File "C:\Users\octo\AppData\Local\Programs\Python\Python310\lib\asyncio\events.py", line 80, in _run
    self._context.run(self._callback, *self._args)
  File "c:\git\new folder (6)\mpf\mpf\core\events.py", line 127, in _async_handler_done
    future.result()
  File "c:\git\new folder (6)\mpf\mpf\core\device_manager.py", line 83, in _load_device_modules
    self.create_devices(collection_name, config)
  File "c:\git\new folder (6)\mpf\mpf\core\device_manager.py", line 119, in create_devices
    self.raise_config_error("Device {}:'{}' has an empty config.".format(collection_name, device_name), 2,
  File "c:\git\new folder (6)\mpf\mpf\core\logging.py", line 174, in raise_config_error
    raise ConfigFileError(msg, error_no, self.log.name if self.log else "", context, self._url_base) \
mpf.exceptions.config_file_error.ConfigFileError: Config File Error in DeviceManager: Device lights:'ressurection' has an empty config. Context: lights.ressurection Error Code: CFE-DeviceManager-2 (https://missionpinball.org/logs)
2024-06-18 03:14:04,375 : INFO : root : MPF run loop ended.
