2024-06-09 00:52:00,017 : INFO : root : Loading config.
2024-06-09 00:52:00,019 : INFO : YamlMultifileConfigLoader : Machine config file #1: config.yaml
2024-06-09 00:52:00,019 : INFO : ConfigProcessor : Loading config from cache: C:\Users\octo\AppData\Local\Temp\67114de119ffda0ef143dfc9c8b88aec.mpf_cache
2024-06-09 00:52:00,062 : INFO : ConfigProcessor : Loading config from cache: C:\Users\octo\AppData\Local\Temp\d4fb548c2902111733185c907c7e02f2.mpf_cache
2024-06-09 00:52:00,062 : INFO : ConfigProcessor : Loading config from cache: C:\Users\octo\AppData\Local\Temp\5cdf3f6f669e12795623fbd605d1b6a0.mpf_cache
2024-06-09 00:52:00,062 : INFO : ConfigProcessor : Loading config from cache: C:\Users\octo\AppData\Local\Temp\e87c946bbd0a2e05a931f281fca6458e.mpf_cache
2024-06-09 00:52:00,063 : INFO : ConfigProcessor : Loading config from cache: C:\Users\octo\AppData\Local\Temp\d4fb548c2902111733185c907c7e02f2.mpf_cache
2024-06-09 00:52:00,063 : INFO : ConfigProcessor : Loading config from cache: C:\Users\octo\AppData\Local\Temp\da852937ccb56145866cf54922bc01f8.mpf_cache
2024-06-09 00:52:00,064 : INFO : Machine : Mission Pinball Framework Core Engine v0.80.0.dev1
2024-06-09 00:52:00,064 : INFO : Machine : Command line arguments: {'no_load_cache': False, 'create_config_cache': True, 'bcp': True, 'configfile': ['config.yaml'], 'force_assets_load': False, 'platform_integration_test': False, 'jsonlogging': False, 'logfile': 'logs\\2024-06-09-00-52-00-mpf-DESKTOP-BQT92E0.log', 'pause': False, 'production': False, 'text_ui': True, 'loglevel': 15, 'consoleloglevel': 20, 'force_platform': 'virtual', 'syslog_address': None, 'mc_file_name': None, 'no_sound': False}
2024-06-09 00:52:00,064 : INFO : Machine : MPF path: c:\git\new folder (6)\mpf\mpf
2024-06-09 00:52:00,064 : INFO : Machine : Machine path: C:\Users\octo\Downloads\homebrew
2024-06-09 00:52:00,064 : INFO : Machine : Platform: win32
2024-06-09 00:52:00,064 : INFO : Machine : Python executable location: C:\Users\octo\AppData\Local\Programs\Python\Python310\python.exe
2024-06-09 00:52:00,064 : INFO : Machine : Python version: 3.10.0 (64-bit)
2024-06-09 00:52:00,065 : INFO : Machine : Initializing MPF...
2024-06-09 00:52:00,166 : INFO : EventManager : Event: ======'machine_var_credits_string'====== Args={'value': 'FREE PLAY', 'prev_value': None, 'change': True}
2024-06-09 00:52:00,174 : INFO : EventManager : Event: ======'machine_var_master_volume'====== Args={'value': 0.5, 'prev_value': None, 'change': True}
2024-06-09 00:52:00,174 : INFO : EventManager : Event: ======'machine_var_mpf_version'====== Args={'value': 'Mission Pinball Framework v0.80.0.dev1', 'prev_value': None, 'change': True}
2024-06-09 00:52:00,174 : INFO : EventManager : Event: ======'machine_var_mpf_extended_version'====== Args={'value': 'Mission Pinball Framework v0.80.0.dev1, Config version:6, Show version: 6, BCP version:1.1', 'prev_value': None, 'change': True}
2024-06-09 00:52:00,174 : INFO : EventManager : Event: ======'machine_var_python_version'====== Args={'value': '3.10.0', 'prev_value': None, 'change': True}
2024-06-09 00:52:00,179 : INFO : EventManager : Event: ======'machine_var_platform'====== Args={'value': 'Windows-10-10.0.19045-SP0', 'prev_value': None, 'change': True}
2024-06-09 00:52:00,179 : INFO : EventManager : Event: ======'machine_var_platform_system'====== Args={'value': 'Windows', 'prev_value': None, 'change': True}
2024-06-09 00:52:00,179 : INFO : EventManager : Event: ======'machine_var_platform_release'====== Args={'value': '10', 'prev_value': None, 'change': True}
2024-06-09 00:52:00,179 : INFO : EventManager : Event: ======'machine_var_platform_version'====== Args={'value': '10.0.19045', 'prev_value': None, 'change': True}
2024-06-09 00:52:00,179 : INFO : EventManager : Event: ======'machine_var_platform_machine'====== Args={'value': 'AMD64', 'prev_value': None, 'change': True}
2024-06-09 00:52:00,179 : INFO : EventManager : Event: ======'init_phase_1'====== Args={}
2024-06-09 00:52:00,188 : INFO : EventManager : Event: ======'init_phase_2'====== Args={}
2024-06-09 00:52:00,189 : INFO : SwitchController : Found active switch: ('3208-8', <Platform.Virtual>) <switch.s_trough_ball_2>
2024-06-09 00:52:00,189 : INFO : SwitchController : Found active switch: ('3208-9', <Platform.Virtual>) <switch.s_trough_ball_3>
2024-06-09 00:52:00,189 : INFO : SwitchController : Found active switch: ('3208-13', <Platform.Virtual>) <switch.s_trough_ball_1>
2024-06-09 00:52:00,191 : INFO : EventManager : Event: ======'bcp_connection_attempt'====== Args={'name': 'local_display', 'host': 'localhost', 'port': 5050}
2024-06-09 00:52:00,191 : INFO : BCPClientSocket : Connecting BCP to 'local_display' at localhost:5050...
2024-06-09 00:52:00,195 : INFO : BCPClientSocket : Connected BCP to 'local_display' localhost:5050
2024-06-09 00:52:00,195 : INFO : EventManager : Event: ======'bcp_clients_connected'====== Args={}
2024-06-09 00:52:00,263 : INFO : ball_device.bd_trough : BCH: Initial count: 3
2024-06-09 00:52:00,263 : INFO : ball_device.bd_trough : State: idle
2024-06-09 00:52:00,263 : INFO : ball_device.bd_plunger : BCH: Initial count: 0
2024-06-09 00:52:00,263 : INFO : ball_device.bd_plunger : State: idle
2024-06-09 00:52:00,269 : INFO : EventManager : Event: ======'init_phase_3'====== Args={}
2024-06-09 00:52:00,270 : INFO : EventManager : Event: ======'init_phase_4'====== Args={}
2024-06-09 00:52:00,270 : INFO : BallController : Initial balls found: 3
2024-06-09 00:52:00,270 : INFO : EventManager : Event: ======'machine_var_audits_events_game_ended'====== Args={'value': 0, 'prev_value': None, 'change': True}
2024-06-09 00:52:00,270 : INFO : EventManager : Event: ======'machine_var_audits_events_game_started'====== Args={'value': 364, 'prev_value': None, 'change': True}
2024-06-09 00:52:00,270 : INFO : EventManager : Event: ======'machine_var_audits_missing_switches_s_left_flipper'====== Args={'value': 338, 'prev_value': None, 'change': True}
2024-06-09 00:52:00,270 : INFO : EventManager : Event: ======'machine_var_audits_missing_switches_s_left_flipper_eos'====== Args={'value': 338, 'prev_value': None, 'change': True}
2024-06-09 00:52:00,270 : INFO : EventManager : Event: ======'machine_var_audits_missing_switches_s_left_inner_lane'====== Args={'value': 338, 'prev_value': None, 'change': True}
2024-06-09 00:52:00,271 : INFO : EventManager : Event: ======'machine_var_audits_missing_switches_s_left_outer_lane'====== Args={'value': 153, 'prev_value': None, 'change': True}
2024-06-09 00:52:00,271 : INFO : EventManager : Event: ======'machine_var_audits_missing_switches_s_left_sling'====== Args={'value': 338, 'prev_value': None, 'change': True}
2024-06-09 00:52:00,271 : INFO : EventManager : Event: ======'machine_var_audits_missing_switches_s_mead'====== Args={'value': 248, 'prev_value': None, 'change': True}
2024-06-09 00:52:00,271 : INFO : EventManager : Event: ======'machine_var_audits_missing_switches_s_percy'====== Args={'value': 66, 'prev_value': None, 'change': True}
2024-06-09 00:52:00,271 : INFO : EventManager : Event: ======'machine_var_audits_missing_switches_s_plunger'====== Args={'value': 338, 'prev_value': None, 'change': True}
2024-06-09 00:52:00,271 : INFO : EventManager : Event: ======'machine_var_audits_missing_switches_s_pop_bumper_1'====== Args={'value': 338, 'prev_value': None, 'change': True}
2024-06-09 00:52:00,271 : INFO : EventManager : Event: ======'machine_var_audits_missing_switches_s_pop_bumper_2'====== Args={'value': 338, 'prev_value': None, 'change': True}
2024-06-09 00:52:00,271 : INFO : EventManager : Event: ======'machine_var_audits_missing_switches_s_pop_bumper_3'====== Args={'value': 338, 'prev_value': None, 'change': True}
2024-06-09 00:52:00,271 : INFO : EventManager : Event: ======'machine_var_audits_missing_switches_s_right_flipper'====== Args={'value': 338, 'prev_value': None, 'change': True}
2024-06-09 00:52:00,271 : INFO : EventManager : Event: ======'machine_var_audits_missing_switches_s_right_flipper_eos'====== Args={'value': 338, 'prev_value': None, 'change': True}
2024-06-09 00:52:00,271 : INFO : EventManager : Event: ======'machine_var_audits_missing_switches_s_right_inner_lane'====== Args={'value': 338, 'prev_value': None, 'change': True}
2024-06-09 00:52:00,271 : INFO : EventManager : Event: ======'machine_var_audits_missing_switches_s_right_outer_lane'====== Args={'value': 338, 'prev_value': None, 'change': True}
2024-06-09 00:52:00,271 : INFO : EventManager : Event: ======'machine_var_audits_missing_switches_s_right_sling'====== Args={'value': 338, 'prev_value': None, 'change': True}
2024-06-09 00:52:00,271 : INFO : EventManager : Event: ======'machine_var_audits_missing_switches_s_scanlan'====== Args={'value': 185, 'prev_value': None, 'change': True}
2024-06-09 00:52:00,271 : INFO : EventManager : Event: ======'machine_var_audits_missing_switches_s_trough_ball_1'====== Args={'value': 338, 'prev_value': None, 'change': True}
2024-06-09 00:52:00,271 : INFO : EventManager : Event: ======'machine_var_audits_missing_switches_s_trough_ball_2'====== Args={'value': 338, 'prev_value': None, 'change': True}
2024-06-09 00:52:00,271 : INFO : EventManager : Event: ======'machine_var_audits_missing_switches_s_trough_ball_3'====== Args={'value': 338, 'prev_value': None, 'change': True}
2024-06-09 00:52:00,271 : INFO : EventManager : Event: ======'machine_var_audits_missing_switches_s_trough_ball_4'====== Args={'value': 272, 'prev_value': None, 'change': True}
2024-06-09 00:52:00,271 : INFO : EventManager : Event: ======'machine_var_audits_missing_switches_s_trough_ball_5'====== Args={'value': 338, 'prev_value': None, 'change': True}
2024-06-09 00:52:00,271 : INFO : EventManager : Event: ======'machine_var_audits_missing_switches_s_trough_ball_6'====== Args={'value': 89, 'prev_value': None, 'change': True}
2024-06-09 00:52:00,271 : INFO : EventManager : Event: ======'machine_var_audits_missing_switches_s_trough_ball_jam'====== Args={'value': 338, 'prev_value': None, 'change': True}
2024-06-09 00:52:00,271 : INFO : EventManager : Event: ======'machine_var_audits_player_score'====== Args={'value': {'average': 0, 'top': [], 'total': 0}, 'prev_value': None, 'change': True}
2024-06-09 00:52:00,272 : INFO : EventManager : Event: ======'machine_var_audits_shots_mead_shot'====== Args={'value': 221, 'prev_value': None, 'change': True}
2024-06-09 00:52:00,272 : INFO : EventManager : Event: ======'machine_var_audits_shots_percy_shot'====== Args={'value': 52, 'prev_value': None, 'change': True}
2024-06-09 00:52:00,272 : INFO : EventManager : Event: ======'machine_var_audits_shots_scanlan_shot'====== Args={'value': 120, 'prev_value': None, 'change': True}
2024-06-09 00:52:00,272 : INFO : EventManager : Event: ======'machine_var_audits_shots_video_shot_1'====== Args={'value': 24, 'prev_value': None, 'change': True}
2024-06-09 00:52:00,272 : INFO : EventManager : Event: ======'machine_var_audits_shots_video_shot_2'====== Args={'value': 20, 'prev_value': None, 'change': True}
2024-06-09 00:52:00,272 : INFO : EventManager : Event: ======'machine_var_audits_switches_s_auto_launcher'====== Args={'value': 0, 'prev_value': None, 'change': True}
2024-06-09 00:52:00,272 : INFO : EventManager : Event: ======'machine_var_audits_switches_s_ball_drain'====== Args={'value': 0, 'prev_value': None, 'change': True}
2024-06-09 00:52:00,272 : INFO : EventManager : Event: ======'machine_var_audits_switches_s_left_flipper'====== Args={'value': 36, 'prev_value': None, 'change': True}
2024-06-09 00:52:00,272 : INFO : EventManager : Event: ======'machine_var_audits_switches_s_left_flipper_eos'====== Args={'value': 0, 'prev_value': None, 'change': True}
2024-06-09 00:52:00,272 : INFO : EventManager : Event: ======'machine_var_audits_switches_s_left_inner_lane'====== Args={'value': 0, 'prev_value': None, 'change': True}
2024-06-09 00:52:00,272 : INFO : EventManager : Event: ======'machine_var_audits_switches_s_left_outer_lane'====== Args={'value': 0, 'prev_value': None, 'change': True}
2024-06-09 00:52:00,272 : INFO : EventManager : Event: ======'machine_var_audits_switches_s_left_sling'====== Args={'value': 7, 'prev_value': None, 'change': True}
2024-06-09 00:52:00,272 : INFO : EventManager : Event: ======'machine_var_audits_switches_s_mead'====== Args={'value': 0, 'prev_value': None, 'change': True}
2024-06-09 00:52:00,272 : INFO : EventManager : Event: ======'machine_var_audits_switches_s_percy'====== Args={'value': 0, 'prev_value': None, 'change': True}
2024-06-09 00:52:00,272 : INFO : EventManager : Event: ======'machine_var_audits_switches_s_plunger'====== Args={'value': 9, 'prev_value': None, 'change': True}
2024-06-09 00:52:00,272 : INFO : EventManager : Event: ======'machine_var_audits_switches_s_pop_bumper_1'====== Args={'value': 0, 'prev_value': None, 'change': True}
2024-06-09 00:52:00,273 : INFO : EventManager : Event: ======'machine_var_audits_switches_s_pop_bumper_2'====== Args={'value': 0, 'prev_value': None, 'change': True}
2024-06-09 00:52:00,273 : INFO : EventManager : Event: ======'machine_var_audits_switches_s_pop_bumper_3'====== Args={'value': 0, 'prev_value': None, 'change': True}
2024-06-09 00:52:00,273 : INFO : EventManager : Event: ======'machine_var_audits_switches_s_right_flipper'====== Args={'value': 131, 'prev_value': None, 'change': True}
2024-06-09 00:52:00,273 : INFO : EventManager : Event: ======'machine_var_audits_switches_s_right_flipper_eos'====== Args={'value': 0, 'prev_value': None, 'change': True}
2024-06-09 00:52:00,273 : INFO : EventManager : Event: ======'machine_var_audits_switches_s_right_inner_lane'====== Args={'value': 0, 'prev_value': None, 'change': True}
2024-06-09 00:52:00,273 : INFO : EventManager : Event: ======'machine_var_audits_switches_s_right_outer_lane'====== Args={'value': 0, 'prev_value': None, 'change': True}
2024-06-09 00:52:00,273 : INFO : EventManager : Event: ======'machine_var_audits_switches_s_right_sling'====== Args={'value': 3, 'prev_value': None, 'change': True}
2024-06-09 00:52:00,273 : INFO : EventManager : Event: ======'machine_var_audits_switches_s_scanlan'====== Args={'value': 0, 'prev_value': None, 'change': True}
2024-06-09 00:52:00,273 : INFO : EventManager : Event: ======'machine_var_audits_switches_s_start'====== Args={'value': 37, 'prev_value': None, 'change': True}
2024-06-09 00:52:00,273 : INFO : EventManager : Event: ======'machine_var_audits_switches_s_switch_2'====== Args={'value': 0, 'prev_value': None, 'change': True}
2024-06-09 00:52:00,273 : INFO : EventManager : Event: ======'machine_var_audits_switches_s_trough_ball_1'====== Args={'value': 4, 'prev_value': None, 'change': True}
2024-06-09 00:52:00,273 : INFO : EventManager : Event: ======'machine_var_audits_switches_s_trough_ball_2'====== Args={'value': 4, 'prev_value': None, 'change': True}
2024-06-09 00:52:00,273 : INFO : EventManager : Event: ======'machine_var_audits_switches_s_trough_ball_3'====== Args={'value': 1, 'prev_value': None, 'change': True}
2024-06-09 00:52:00,273 : INFO : EventManager : Event: ======'machine_var_audits_switches_s_trough_ball_4'====== Args={'value': 0, 'prev_value': None, 'change': True}
2024-06-09 00:52:00,274 : INFO : EventManager : Event: ======'machine_var_audits_switches_s_trough_ball_5'====== Args={'value': 0, 'prev_value': None, 'change': True}
2024-06-09 00:52:00,274 : INFO : EventManager : Event: ======'machine_var_audits_switches_s_trough_ball_6'====== Args={'value': 1, 'prev_value': None, 'change': True}
2024-06-09 00:52:00,274 : INFO : EventManager : Event: ======'machine_var_audits_switches_s_trough_ball_jam'====== Args={'value': 3, 'prev_value': None, 'change': True}
2024-06-09 00:52:00,274 : INFO : EventManager : Event: ======'machine_var_audits_switches_s_trough_eject_coil'====== Args={'value': 0, 'prev_value': None, 'change': True}
2024-06-09 00:52:00,274 : INFO : EventManager : Event: ======'init_phase_5'====== Args={}
2024-06-09 00:52:00,297 : INFO : EventManager : Event: ======'init_done'====== Args={}
2024-06-09 00:52:00,297 : INFO : EventManager : Event: ======'machine_reset_phase_1'====== Args={}
2024-06-09 00:52:00,305 : INFO : EventManager : Event: ======'machine_reset_phase_2'====== Args={}
2024-06-09 00:52:00,305 : INFO : EventManager : Event: ======'machine_reset_phase_3'====== Args={}
2024-06-09 00:52:00,305 : INFO : EventManager : Event: ======'reset_complete'====== Args={}
2024-06-09 00:52:00,305 : INFO : EventManager : Event: ======'mode_attract_will_start'====== Args={}
2024-06-09 00:52:00,305 : INFO : EventManager : Event: ======'mode_attract_starting'====== Args={}
2024-06-09 00:52:00,305 : INFO : Mode.attract : Started. Priority: 10
2024-06-09 00:52:00,306 : INFO : EventManager : Event: ======'modes_active_modes_changed'====== Args={}
2024-06-09 00:52:00,306 : INFO : EventManager : Event: ======'mode_attract_started'====== Args={}
2024-06-09 00:52:00,306 : INFO : EventManager : Event: ======'collecting_balls_complete'====== Args={}
2024-06-09 00:52:00,314 : INFO : Machine : Starting the main run loop.
2024-06-09 00:52:00,344 : INFO : EventManager : Event: ======'slide_attract_created'====== Args={'_from_bcp': True}
2024-06-09 00:52:00,356 : INFO : EventManager : Event: ======'slide_attract_mini_created'====== Args={'_from_bcp': True}
2024-06-09 00:52:00,356 : INFO : EventManager : Event: ======'slide__removed'====== Args={'_from_bcp': True}
2024-06-09 00:52:00,356 : INFO : EventManager : Event: ======'slide_attract_active'====== Args={'original_context': 'attract', 'original_calling_context': 'mode_attract_started', 'cmd': 'slides_play', '_from_bcp': True}
2024-06-09 00:52:00,356 : INFO : EventManager : Event: ======'slide__removed'====== Args={'_from_bcp': True}
2024-06-09 00:52:00,356 : INFO : EventManager : Event: ======'slide_attract_mini_active'====== Args={'original_context': 'attract', 'original_calling_context': 'mode_attract_started', 'cmd': 'slides_play', '_from_bcp': True}
2024-06-09 00:52:06,531 : INFO : SwitchController : <<<<<<< 's_start' active >>>>>>>
2024-06-09 00:52:06,614 : INFO : SwitchController : <<<<<<< 's_start' inactive >>>>>>>
2024-06-09 00:52:06,614 : INFO : EventManager : Event: ======'request_to_start_game'====== Args={}
2024-06-09 00:52:06,614 : INFO : EventManager : Event: ======'game_start'====== Args={'buttons': [], 'hold_time': 0.09299999999348074}
2024-06-09 00:52:06,614 : INFO : EventManager : Event: ======'mode_game_will_start'====== Args={'buttons': [], 'hold_time': 0.09299999999348074}
2024-06-09 00:52:06,614 : INFO : EventManager : Event: ======'mode_game_starting'====== Args={'buttons': [], 'hold_time': 0.09299999999348074}
2024-06-09 00:52:06,614 : INFO : EventManager : Event: ======'mode_attract_will_stop'====== Args={}
2024-06-09 00:52:06,614 : INFO : EventManager : Event: ======'mode_attract_stopping'====== Args={}
2024-06-09 00:52:06,614 : INFO : Mode.game : Started. Priority: 20
2024-06-09 00:52:06,614 : INFO : EventManager : Event: ======'modes_active_modes_changed'====== Args={}
2024-06-09 00:52:06,614 : INFO : EventManager : Event: ======'mode_game_started'====== Args={'buttons': [], 'hold_time': 0.09299999999348074}
2024-06-09 00:52:06,624 : INFO : Mode.attract : Stopped.
2024-06-09 00:52:06,625 : INFO : EventManager : Event: ======'modes_active_modes_changed'====== Args={}
2024-06-09 00:52:06,625 : INFO : EventManager : Event: ======'mode_attract_stopped'====== Args={}
2024-06-09 00:52:06,625 : INFO : EventManager : Event: ======'clear'====== Args={'key': 'attract'}
2024-06-09 00:52:06,625 : INFO : EventManager : Event: ======'game_will_start'====== Args={}
2024-06-09 00:52:06,634 : INFO : EventManager : Event: ======'game_starting'====== Args={'game': <Mode.game>}
2024-06-09 00:52:06,634 : INFO : EventManager : Unordered handler for class <Auditor> on event game_ended with priority 1. Handlers: [RegisteredHandler(callback=<bound method Auditor.disable of <Auditor>>, priority=1, kwargs={}, key=UUID('5b4d19aa-08c5-432b-9578-82f263f483d0'), condition=None, blocking_facility=None), RegisteredHandler(callback=<bound method Auditor._save_audits of <Auditor>>, priority=1, kwargs={}, key=UUID('ff94362a-495c-4ad0-8863-e872a30b8d7a'), condition=None, blocking_facility=None)]. The order of those handlers is not defined and they will be executed in random order. This might lead to race conditions and potential bugs.
2024-06-09 00:52:06,634 : INFO : EventManager : Event: ======'player_add_request'====== Args={}
2024-06-09 00:52:06,634 : INFO : EventManager : Event: ======'player_will_add'====== Args={'number': 1}
2024-06-09 00:52:06,634 : INFO : EventManager : Event: ======'player_adding'====== Args={'player': <Player 1>, 'number': 1}
2024-06-09 00:52:06,635 : INFO : EventManager : Event: ======'player_added'====== Args={'player': <Player 1>, 'num': 1}
2024-06-09 00:52:06,635 : INFO : Mode.game : Player added successfully. Total players: 1
2024-06-09 00:52:06,635 : INFO : EventManager : Event: ======'player_index'====== Args={'value': 0, 'prev_value': 0, 'change': 0, 'player_num': 1}
2024-06-09 00:52:06,635 : INFO : EventManager : Event: ======'player_number'====== Args={'value': 1, 'prev_value': 1, 'change': 0, 'player_num': 1}
2024-06-09 00:52:06,635 : INFO : EventManager : Event: ======'player_score'====== Args={'value': 0, 'prev_value': 0, 'change': 0, 'player_num': 1}
2024-06-09 00:52:06,635 : INFO : EventManager : Event: ======'game_started'====== Args={}
2024-06-09 00:52:06,641 : INFO : EventManager : Event: ======'player_turn_will_start'====== Args={'player': <Player 1>, 'number': 1}
2024-06-09 00:52:06,642 : INFO : EventManager : Event: ======'player_turn_starting'====== Args={'player': <Player 1>, 'number': 1}
2024-06-09 00:52:06,642 : INFO : EventManager : Event: ======'player_ball'====== Args={'value': 1, 'prev_value': 0, 'change': 1, 'player_num': 1}
2024-06-09 00:52:06,642 : INFO : EventManager : Event: ======'player_turn_started'====== Args={'player': <Player 1>, 'number': 1}
2024-06-09 00:52:06,644 : INFO : EventManager : Event: ======'ball_will_start'====== Args={'player': 1, 'ball': 1, 'balls_remaining': 2, 'is_extra_ball': False}
2024-06-09 00:52:06,645 : INFO : EventManager : Event: ======'ball_starting'====== Args={'player': 1, 'ball': 1, 'balls_remaining': 2, 'is_extra_ball': False}
2024-06-09 00:52:06,645 : INFO : EventManager : Event: ======'balls_in_play'====== Args={'balls': 1}
2024-06-09 00:52:06,645 : INFO : EventManager : Event: ======'ball_started'====== Args={'player': 1, 'ball': 1, 'balls_remaining': 2, 'is_extra_ball': False}
2024-06-09 00:52:06,645 : INFO : EventManager : Event: ======'mode_char_select_will_start'====== Args={'player': 1, 'ball': 1, 'balls_remaining': 2, 'is_extra_ball': False}
2024-06-09 00:52:06,646 : INFO : EventManager : Event: ======'mode_char_select_starting'====== Args={'player': 1, 'ball': 1, 'balls_remaining': 2, 'is_extra_ball': False}
2024-06-09 00:52:06,646 : INFO : EventManager : Event: ======'mode_base_will_start'====== Args={'player': 1, 'ball': 1, 'balls_remaining': 2, 'is_extra_ball': False}
2024-06-09 00:52:06,646 : INFO : EventManager : Event: ======'player_shot_mead_shot_enabled'====== Args={'value': True, 'prev_value': 0, 'change': 1, 'player_num': 1}
2024-06-09 00:52:06,647 : INFO : EventManager : Event: ======'player_shot_scanlan_shot_enabled'====== Args={'value': True, 'prev_value': 0, 'change': 1, 'player_num': 1}
2024-06-09 00:52:06,647 : INFO : EventManager : Event: ======'player_shot_percy_shot_enabled'====== Args={'value': True, 'prev_value': 0, 'change': 1, 'player_num': 1}
2024-06-09 00:52:06,647 : INFO : EventManager : Event: ======'video_shots_complete'====== Args={'state': 'unlit'}
2024-06-09 00:52:06,647 : INFO : EventManager : Event: ======'video_shots_unlit_complete'====== Args={}
2024-06-09 00:52:06,648 : INFO : EventManager : Event: ======'mode_base_starting'====== Args={'player': 1, 'ball': 1, 'balls_remaining': 2, 'is_extra_ball': False}
2024-06-09 00:52:06,648 : INFO : Mode.base : Started. Priority: 100
2024-06-09 00:52:06,648 : INFO : EventManager : Event: ======'modes_active_modes_changed'====== Args={}
2024-06-09 00:52:06,648 : INFO : EventManager : Event: ======'mode_base_started'====== Args={'player': 1, 'ball': 1, 'balls_remaining': 2, 'is_extra_ball': False}
2024-06-09 00:52:06,648 : INFO : Mode.char_select : Started. Priority: 501
2024-06-09 00:52:06,648 : INFO : EventManager : Event: ======'modes_active_modes_changed'====== Args={}
2024-06-09 00:52:06,648 : INFO : EventManager : Event: ======'mode_char_select_started'====== Args={'player': 1, 'ball': 1, 'balls_remaining': 2, 'is_extra_ball': False}
2024-06-09 00:52:06,648 : INFO : EventManager : Event: ======'item_highlighted'====== Args={'carousel': 'char_select', 'direction': None, 'item': 'percy'}
2024-06-09 00:52:06,649 : INFO : EventManager : Event: ======'single_player_ball_started'====== Args={}
2024-06-09 00:52:06,656 : INFO : EventManager : Event: ======'ball_start_target'====== Args={'target': 'playfield'}
2024-06-09 00:52:06,656 : INFO : ball_device.bd_plunger : Setting up player-controlled eject. Balls: 1, Target: <playfield.playfield>, player_controlled_eject_event: None
2024-06-09 00:52:06,656 : INFO : EventManager : Event: ======'balldevice_balls_available'====== Args={}
2024-06-09 00:52:06,656 : INFO : ball_device.bd_trough : State: waiting_for_target_ready
2024-06-09 00:52:06,656 : INFO : EventManager : Event: ======'balldevice_bd_trough_ball_eject_attempt'====== Args={'balls': 1, 'target': <ball_device.bd_plunger>, 'source': <ball_device.bd_trough>, 'mechanical_eject': True, 'num_attempts': 0}
2024-06-09 00:52:06,656 : INFO : ball_device.bd_plunger : State: waiting_for_ball
2024-06-09 00:52:06,656 : INFO : ball_device.bd_trough : State: ejecting
2024-06-09 00:52:06,656 : INFO : ball_device.bd_trough : Ejecting ball to <ball_device.bd_plunger>
2024-06-09 00:52:06,656 : INFO : EventManager : Event: ======'balldevice_bd_trough_ejecting_ball'====== Args={'balls': 1, 'target': <ball_device.bd_plunger>, 'source': <ball_device.bd_trough>, 'mechanical_eject': True, 'num_attempts': 0}
2024-06-09 00:52:06,657 : INFO : ball_device.bd_trough : Wait for ball to leave device
2024-06-09 00:52:06,657 : INFO : coil.c_trough_eject_coil : Pulsing Driver for 15ms (1.0 pulse_power)
2024-06-09 00:52:06,889 : INFO : EventManager : Event: ======'slide_base_created'====== Args={'_from_bcp': True}
2024-06-09 00:52:06,900 : INFO : EventManager : Event: ======'slide_base_mini_created'====== Args={'_from_bcp': True}
2024-06-09 00:52:06,900 : INFO : EventManager : Event: ======'slide_attract_inactive'====== Args={'_from_bcp': True}
2024-06-09 00:52:06,900 : INFO : EventManager : Event: ======'slide_base_active'====== Args={'original_context': 'base', 'original_calling_context': 'mode_base_started', 'cmd': 'slides_play', '_from_bcp': True}
2024-06-09 00:52:06,900 : INFO : EventManager : Event: ======'slide_attract_removed'====== Args={'_from_bcp': True}
2024-06-09 00:52:06,900 : INFO : EventManager : Event: ======'slide_attract_mini_inactive'====== Args={'_from_bcp': True}
2024-06-09 00:52:06,900 : INFO : EventManager : Event: ======'slide_base_mini_active'====== Args={'original_context': 'base', 'original_calling_context': 'mode_base_started', 'cmd': 'slides_play', '_from_bcp': True}
2024-06-09 00:52:06,900 : INFO : EventManager : Event: ======'slide_attract_mini_removed'====== Args={'_from_bcp': True}
2024-06-09 00:52:07,049 : INFO : EventManager : Event: ======'slide_char_select_created'====== Args={'_from_bcp': True}
2024-06-09 00:52:07,049 : INFO : EventManager : Event: ======'slide_base_inactive'====== Args={'_from_bcp': True}
2024-06-09 00:52:07,049 : INFO : EventManager : Event: ======'slide_char_select_active'====== Args={'original_context': 'char_select', 'original_calling_context': 'mode_char_select_started', 'cmd': 'slides_play', '_from_bcp': True}
2024-06-09 00:52:08,064 : INFO : EventManager : Event: ======'s_right_flipper_active'====== Args={'_from_bcp': True}
2024-06-09 00:52:08,064 : INFO : EventManager : Event: ======'item_highlighted'====== Args={'carousel': 'char_select', 'direction': 'forwards', 'item': 'pyke'}
2024-06-09 00:52:08,563 : INFO : EventManager : Event: ======'s_right_flipper_active'====== Args={'_from_bcp': True}
2024-06-09 00:52:08,563 : INFO : EventManager : Event: ======'item_highlighted'====== Args={'carousel': 'char_select', 'direction': 'forwards', 'item': 'grog'}
2024-06-09 00:52:08,659 : INFO : EventManager : Event: ======'balldevice_bd_trough_ball_eject_failed'====== Args={'target': <ball_device.bd_plunger>, 'balls': 1, 'retry': True, 'num_attempts': 1}
2024-06-09 00:52:08,659 : INFO : ball_device.bd_trough : State: waiting_for_target_ready
2024-06-09 00:52:08,659 : INFO : EventManager : Event: ======'balldevice_bd_trough_ball_eject_attempt'====== Args={'balls': 1, 'target': <ball_device.bd_plunger>, 'source': <ball_device.bd_trough>, 'mechanical_eject': True, 'num_attempts': 1}
2024-06-09 00:52:08,659 : INFO : ball_device.bd_trough : State: ejecting
2024-06-09 00:52:08,659 : INFO : ball_device.bd_trough : Ejecting ball to <ball_device.bd_plunger>
2024-06-09 00:52:08,659 : INFO : EventManager : Event: ======'balldevice_bd_trough_ejecting_ball'====== Args={'balls': 1, 'target': <ball_device.bd_plunger>, 'source': <ball_device.bd_trough>, 'mechanical_eject': True, 'num_attempts': 1}
2024-06-09 00:52:08,659 : INFO : ball_device.bd_trough : Wait for ball to leave device
2024-06-09 00:52:08,660 : INFO : coil.c_trough_eject_coil : Pulsing Driver for 15ms (1.0 pulse_power)
2024-06-09 00:52:09,730 : INFO : EventManager : Event: ======'s_ab_active'====== Args={'_from_bcp': True}
2024-06-09 00:52:09,731 : INFO : EventManager : Event: ======'char_select_grog_selected'====== Args={}
2024-06-09 00:52:09,731 : INFO : EventManager : Event: ======'char_select_item_selected'====== Args={}
2024-06-09 00:52:09,731 : INFO : EventManager : Event: ======'player_selected_champ'====== Args={'value': 'grog', 'prev_value': 0, 'change': True, 'player_num': 1, 'source': 'char_select'}
2024-06-09 00:52:09,731 : INFO : EventManager : Event: ======'mode_char_select_will_stop'====== Args={}
2024-06-09 00:52:09,731 : INFO : EventManager : Event: ======'mode_char_select_stopping'====== Args={}
2024-06-09 00:52:09,731 : INFO : EventManager : Event: ======'player_is_selected_champ'====== Args={'value': 1, 'prev_value': 0, 'change': 1, 'player_num': 1, 'source': 'char_select'}
2024-06-09 00:52:09,731 : INFO : Mode.char_select : Stopped.
2024-06-09 00:52:09,731 : INFO : EventManager : Event: ======'modes_active_modes_changed'====== Args={}
2024-06-09 00:52:09,731 : INFO : EventManager : Event: ======'start_base'====== Args={}
2024-06-09 00:52:09,731 : INFO : EventManager : Event: ======'char_select_item_selected'====== Args={}
2024-06-09 00:52:09,731 : INFO : EventManager : Event: ======'mode_char_select_stopped'====== Args={}
2024-06-09 00:52:09,732 : INFO : EventManager : Event: ======'clear'====== Args={'key': 'char_select'}
2024-06-09 00:52:09,747 : INFO : EventManager : Event: ======'slide_char_select_inactive'====== Args={'_from_bcp': True}
2024-06-09 00:52:09,747 : INFO : EventManager : Event: ======'slide_base_active'====== Args={'_from_bcp': True}
2024-06-09 00:52:09,748 : INFO : EventManager : Event: ======'slide_char_select_removed'====== Args={'_from_bcp': True}
2024-06-09 00:52:10,674 : INFO : EventManager : Event: ======'balldevice_bd_trough_ball_eject_failed'====== Args={'target': <ball_device.bd_plunger>, 'balls': 1, 'retry': True, 'num_attempts': 2}
2024-06-09 00:52:10,674 : INFO : ball_device.bd_trough : State: waiting_for_target_ready
2024-06-09 00:52:10,674 : INFO : EventManager : Event: ======'balldevice_bd_trough_ball_eject_attempt'====== Args={'balls': 1, 'target': <ball_device.bd_plunger>, 'source': <ball_device.bd_trough>, 'mechanical_eject': True, 'num_attempts': 2}
2024-06-09 00:52:10,674 : INFO : ball_device.bd_trough : State: ejecting
2024-06-09 00:52:10,674 : INFO : ball_device.bd_trough : Ejecting ball to <ball_device.bd_plunger>
2024-06-09 00:52:10,674 : INFO : EventManager : Event: ======'balldevice_bd_trough_ejecting_ball'====== Args={'balls': 1, 'target': <ball_device.bd_plunger>, 'source': <ball_device.bd_trough>, 'mechanical_eject': True, 'num_attempts': 2}
2024-06-09 00:52:10,674 : INFO : ball_device.bd_trough : Wait for ball to leave device
2024-06-09 00:52:10,674 : INFO : coil.c_trough_eject_coil : Pulsing Driver for 15ms (1.0 pulse_power)
2024-06-09 00:52:12,682 : INFO : EventManager : Event: ======'balldevice_bd_trough_ball_eject_failed'====== Args={'target': <ball_device.bd_plunger>, 'balls': 1, 'retry': True, 'num_attempts': 3}
2024-06-09 00:52:12,684 : INFO : ball_device.bd_trough : State: waiting_for_target_ready
2024-06-09 00:52:12,684 : INFO : EventManager : Event: ======'balldevice_bd_trough_ball_eject_attempt'====== Args={'balls': 1, 'target': <ball_device.bd_plunger>, 'source': <ball_device.bd_trough>, 'mechanical_eject': True, 'num_attempts': 3}
2024-06-09 00:52:12,685 : INFO : ball_device.bd_trough : State: ejecting
2024-06-09 00:52:12,685 : INFO : ball_device.bd_trough : Ejecting ball to <ball_device.bd_plunger>
2024-06-09 00:52:12,685 : INFO : EventManager : Event: ======'balldevice_bd_trough_ejecting_ball'====== Args={'balls': 1, 'target': <ball_device.bd_plunger>, 'source': <ball_device.bd_trough>, 'mechanical_eject': True, 'num_attempts': 3}
2024-06-09 00:52:12,685 : INFO : ball_device.bd_trough : Wait for ball to leave device
2024-06-09 00:52:12,685 : INFO : coil.c_trough_eject_coil : Pulsing Driver for 15ms (1.0 pulse_power)
2024-06-09 00:52:14,689 : INFO : EventManager : Event: ======'balldevice_bd_trough_ball_eject_failed'====== Args={'target': <ball_device.bd_plunger>, 'balls': 1, 'retry': True, 'num_attempts': 4}
2024-06-09 00:52:14,689 : INFO : ball_device.bd_trough : State: waiting_for_target_ready
2024-06-09 00:52:14,689 : INFO : EventManager : Event: ======'balldevice_bd_trough_ball_eject_attempt'====== Args={'balls': 1, 'target': <ball_device.bd_plunger>, 'source': <ball_device.bd_trough>, 'mechanical_eject': True, 'num_attempts': 4}
2024-06-09 00:52:14,689 : INFO : ball_device.bd_trough : State: ejecting
2024-06-09 00:52:14,689 : INFO : ball_device.bd_trough : Ejecting ball to <ball_device.bd_plunger>
2024-06-09 00:52:14,689 : INFO : EventManager : Event: ======'balldevice_bd_trough_ejecting_ball'====== Args={'balls': 1, 'target': <ball_device.bd_plunger>, 'source': <ball_device.bd_trough>, 'mechanical_eject': True, 'num_attempts': 4}
2024-06-09 00:52:14,689 : INFO : ball_device.bd_trough : Wait for ball to leave device
2024-06-09 00:52:14,690 : INFO : coil.c_trough_eject_coil : Pulsing Driver for 15ms (1.0 pulse_power)
2024-06-09 00:52:16,682 : INFO : EventManager : Event: ======'balldevice_bd_trough_ball_eject_failed'====== Args={'target': <ball_device.bd_plunger>, 'balls': 1, 'retry': True, 'num_attempts': 5}
2024-06-09 00:52:16,682 : INFO : ball_device.bd_trough : State: waiting_for_target_ready
2024-06-09 00:52:16,682 : INFO : EventManager : Event: ======'balldevice_bd_trough_ball_eject_attempt'====== Args={'balls': 1, 'target': <ball_device.bd_plunger>, 'source': <ball_device.bd_trough>, 'mechanical_eject': True, 'num_attempts': 5}
2024-06-09 00:52:16,682 : INFO : ball_device.bd_trough : State: ejecting
2024-06-09 00:52:16,683 : INFO : ball_device.bd_trough : Ejecting ball to <ball_device.bd_plunger>
2024-06-09 00:52:16,683 : INFO : EventManager : Event: ======'balldevice_bd_trough_ejecting_ball'====== Args={'balls': 1, 'target': <ball_device.bd_plunger>, 'source': <ball_device.bd_trough>, 'mechanical_eject': True, 'num_attempts': 5}
2024-06-09 00:52:16,683 : INFO : ball_device.bd_trough : Wait for ball to leave device
2024-06-09 00:52:16,683 : INFO : coil.c_trough_eject_coil : Pulsing Driver for 15ms (1.0 pulse_power)
2024-06-09 00:52:18,695 : INFO : EventManager : Event: ======'balldevice_bd_trough_ball_eject_failed'====== Args={'target': <ball_device.bd_plunger>, 'balls': 1, 'retry': True, 'num_attempts': 6}
2024-06-09 00:52:18,695 : INFO : ball_device.bd_trough : State: waiting_for_target_ready
2024-06-09 00:52:18,695 : INFO : EventManager : Event: ======'balldevice_bd_trough_ball_eject_attempt'====== Args={'balls': 1, 'target': <ball_device.bd_plunger>, 'source': <ball_device.bd_trough>, 'mechanical_eject': True, 'num_attempts': 6}
2024-06-09 00:52:18,695 : INFO : ball_device.bd_trough : State: ejecting
2024-06-09 00:52:18,695 : INFO : ball_device.bd_trough : Ejecting ball to <ball_device.bd_plunger>
2024-06-09 00:52:18,695 : INFO : EventManager : Event: ======'balldevice_bd_trough_ejecting_ball'====== Args={'balls': 1, 'target': <ball_device.bd_plunger>, 'source': <ball_device.bd_trough>, 'mechanical_eject': True, 'num_attempts': 6}
2024-06-09 00:52:18,695 : INFO : ball_device.bd_trough : Wait for ball to leave device
2024-06-09 00:52:18,696 : INFO : coil.c_trough_eject_coil : Pulsing Driver for 15ms (1.0 pulse_power)
2024-06-09 00:52:20,480 : INFO : EventManager : Event: ======'s_mead_active'====== Args={'_from_bcp': True}
2024-06-09 00:52:20,481 : INFO : EventManager : Event: ======'player_shot_mead_shot'====== Args={'value': 1, 'prev_value': 0, 'change': 1, 'player_num': 1}
2024-06-09 00:52:20,481 : INFO : EventManager : Event: ======'machine_var_audits_shots_mead_shot'====== Args={'value': 222, 'prev_value': 221, 'change': 1}
2024-06-09 00:52:20,481 : INFO : EventManager : Event: ======'mead_shot_hit'====== Args={'profile': 'default', 'state': 'unlit', 'advancing': True}
2024-06-09 00:52:20,481 : INFO : EventManager : Event: ======'mead_shot_default_hit'====== Args={'profile': 'default', 'state': 'unlit', 'advancing': True}
2024-06-09 00:52:20,481 : INFO : EventManager : Event: ======'mead_shot_default_unlit_hit'====== Args={'profile': 'default', 'state': 'unlit', 'advancing': True}
2024-06-09 00:52:20,481 : INFO : EventManager : Event: ======'mead_shot_unlit_hit'====== Args={'profile': 'default', 'state': 'unlit', 'advancing': True}
2024-06-09 00:52:20,482 : INFO : EventManager : Event: ======'player_score'====== Args={'value': 10000, 'prev_value': 0, 'change': 10000, 'player_num': 1, 'source': 'base'}
2024-06-09 00:52:20,482 : INFO : EventManager : Event: ======'video_shots_hit'====== Args={'shot': 'mead_shot'}
2024-06-09 00:52:20,482 : INFO : EventManager : Event: ======'video_shots_unlit_hit'====== Args={'shot': 'mead_shot'}
2024-06-09 00:52:20,482 : INFO : EventManager : Event: ======'score_change_4'====== Args={'value': 10000, 'prev_value': 0, 'change': 10000, 'player_num': 1, 'source': 'base'}
2024-06-09 00:52:20,482 : INFO : EventManager : Event: ======'player_last_score'====== Args={'value': 10000, 'prev_value': 0, 'change': 10000, 'player_num': 1, 'source': 'base'}
2024-06-09 00:52:20,719 : INFO : EventManager : Event: ======'balldevice_bd_trough_ball_eject_failed'====== Args={'target': <ball_device.bd_plunger>, 'balls': 1, 'retry': True, 'num_attempts': 7}
2024-06-09 00:52:20,719 : INFO : ball_device.bd_trough : State: waiting_for_target_ready
2024-06-09 00:52:20,719 : INFO : EventManager : Event: ======'balldevice_bd_trough_ball_eject_attempt'====== Args={'balls': 1, 'target': <ball_device.bd_plunger>, 'source': <ball_device.bd_trough>, 'mechanical_eject': True, 'num_attempts': 7}
2024-06-09 00:52:20,719 : INFO : ball_device.bd_trough : State: ejecting
2024-06-09 00:52:20,719 : INFO : ball_device.bd_trough : Ejecting ball to <ball_device.bd_plunger>
2024-06-09 00:52:20,719 : INFO : EventManager : Event: ======'balldevice_bd_trough_ejecting_ball'====== Args={'balls': 1, 'target': <ball_device.bd_plunger>, 'source': <ball_device.bd_trough>, 'mechanical_eject': True, 'num_attempts': 7}
2024-06-09 00:52:20,719 : INFO : ball_device.bd_trough : Wait for ball to leave device
2024-06-09 00:52:20,720 : INFO : coil.c_trough_eject_coil : Pulsing Driver for 15ms (1.0 pulse_power)
2024-06-09 00:52:22,722 : INFO : EventManager : Event: ======'balldevice_bd_trough_ball_eject_failed'====== Args={'target': <ball_device.bd_plunger>, 'balls': 1, 'retry': True, 'num_attempts': 8}
2024-06-09 00:52:22,722 : INFO : ball_device.bd_trough : State: waiting_for_target_ready
2024-06-09 00:52:22,722 : INFO : EventManager : Event: ======'balldevice_bd_trough_ball_eject_attempt'====== Args={'balls': 1, 'target': <ball_device.bd_plunger>, 'source': <ball_device.bd_trough>, 'mechanical_eject': True, 'num_attempts': 8}
2024-06-09 00:52:22,722 : INFO : ball_device.bd_trough : State: ejecting
2024-06-09 00:52:22,722 : INFO : ball_device.bd_trough : Ejecting ball to <ball_device.bd_plunger>
2024-06-09 00:52:22,722 : INFO : EventManager : Event: ======'balldevice_bd_trough_ejecting_ball'====== Args={'balls': 1, 'target': <ball_device.bd_plunger>, 'source': <ball_device.bd_trough>, 'mechanical_eject': True, 'num_attempts': 8}
2024-06-09 00:52:22,722 : INFO : ball_device.bd_trough : Wait for ball to leave device
2024-06-09 00:52:22,723 : INFO : coil.c_trough_eject_coil : Pulsing Driver for 15ms (1.0 pulse_power)
2024-06-09 00:52:23,513 : INFO : EventManager : Event: ======'s_percy_active'====== Args={'_from_bcp': True}
2024-06-09 00:52:23,513 : INFO : EventManager : Event: ======'player_shot_percy_shot'====== Args={'value': 1, 'prev_value': 0, 'change': 1, 'player_num': 1}
2024-06-09 00:52:23,513 : INFO : EventManager : Event: ======'machine_var_audits_shots_percy_shot'====== Args={'value': 53, 'prev_value': 52, 'change': 1}
2024-06-09 00:52:23,513 : INFO : EventManager : Event: ======'percy_shot_hit'====== Args={'profile': 'default', 'state': 'unlit', 'advancing': True}
2024-06-09 00:52:23,513 : INFO : EventManager : Event: ======'percy_shot_default_hit'====== Args={'profile': 'default', 'state': 'unlit', 'advancing': True}
2024-06-09 00:52:23,513 : INFO : EventManager : Event: ======'percy_shot_default_unlit_hit'====== Args={'profile': 'default', 'state': 'unlit', 'advancing': True}
2024-06-09 00:52:23,513 : INFO : EventManager : Event: ======'percy_shot_unlit_hit'====== Args={'profile': 'default', 'state': 'unlit', 'advancing': True}
2024-06-09 00:52:23,513 : INFO : EventManager : Event: ======'player_score'====== Args={'value': 35000, 'prev_value': 10000, 'change': 25000, 'player_num': 1, 'source': 'base'}
2024-06-09 00:52:23,514 : INFO : EventManager : Event: ======'video_shots_hit'====== Args={'shot': 'percy_shot'}
2024-06-09 00:52:23,514 : INFO : EventManager : Event: ======'video_shots_unlit_hit'====== Args={'shot': 'percy_shot'}
2024-06-09 00:52:23,514 : INFO : EventManager : Event: ======'score_change_2'====== Args={'value': 35000, 'prev_value': 10000, 'change': 25000, 'player_num': 1, 'source': 'base'}
2024-06-09 00:52:23,514 : INFO : EventManager : Event: ======'player_last_score'====== Args={'value': 25000, 'prev_value': 10000, 'change': 15000, 'player_num': 1, 'source': 'base'}
2024-06-09 00:52:24,733 : INFO : EventManager : Event: ======'balldevice_bd_trough_ball_eject_failed'====== Args={'target': <ball_device.bd_plunger>, 'balls': 1, 'retry': True, 'num_attempts': 9}
2024-06-09 00:52:24,733 : INFO : ball_device.bd_trough : State: waiting_for_target_ready
2024-06-09 00:52:24,733 : INFO : EventManager : Event: ======'balldevice_bd_trough_ball_eject_attempt'====== Args={'balls': 1, 'target': <ball_device.bd_plunger>, 'source': <ball_device.bd_trough>, 'mechanical_eject': True, 'num_attempts': 9}
2024-06-09 00:52:24,733 : INFO : ball_device.bd_trough : State: ejecting
2024-06-09 00:52:24,733 : INFO : ball_device.bd_trough : Ejecting ball to <ball_device.bd_plunger>
2024-06-09 00:52:24,733 : INFO : EventManager : Event: ======'balldevice_bd_trough_ejecting_ball'====== Args={'balls': 1, 'target': <ball_device.bd_plunger>, 'source': <ball_device.bd_trough>, 'mechanical_eject': True, 'num_attempts': 9}
2024-06-09 00:52:24,733 : INFO : ball_device.bd_trough : Wait for ball to leave device
2024-06-09 00:52:24,734 : INFO : coil.c_trough_eject_coil : Pulsing Driver for 15ms (1.0 pulse_power)
2024-06-09 00:52:26,736 : INFO : EventManager : Event: ======'balldevice_bd_trough_ball_eject_failed'====== Args={'target': <ball_device.bd_plunger>, 'balls': 1, 'retry': True, 'num_attempts': 10}
2024-06-09 00:52:26,736 : INFO : ball_device.bd_trough : State: waiting_for_target_ready
2024-06-09 00:52:26,736 : INFO : EventManager : Event: ======'balldevice_bd_trough_ball_eject_attempt'====== Args={'balls': 1, 'target': <ball_device.bd_plunger>, 'source': <ball_device.bd_trough>, 'mechanical_eject': True, 'num_attempts': 10}
2024-06-09 00:52:26,736 : INFO : ball_device.bd_trough : State: ejecting
2024-06-09 00:52:26,736 : INFO : ball_device.bd_trough : Ejecting ball to <ball_device.bd_plunger>
2024-06-09 00:52:26,736 : INFO : EventManager : Event: ======'balldevice_bd_trough_ejecting_ball'====== Args={'balls': 1, 'target': <ball_device.bd_plunger>, 'source': <ball_device.bd_trough>, 'mechanical_eject': True, 'num_attempts': 10}
2024-06-09 00:52:26,736 : INFO : ball_device.bd_trough : Wait for ball to leave device
2024-06-09 00:52:26,736 : INFO : coil.c_trough_eject_coil : Pulsing Driver for 15ms (1.0 pulse_power)
2024-06-09 00:52:27,101 : INFO : EventManager : Event: ======'s_scanlan_active'====== Args={'_from_bcp': True}
2024-06-09 00:52:27,102 : INFO : EventManager : Event: ======'player_shot_scanlan_shot'====== Args={'value': 1, 'prev_value': 0, 'change': 1, 'player_num': 1}
2024-06-09 00:52:27,103 : INFO : EventManager : Event: ======'machine_var_audits_shots_scanlan_shot'====== Args={'value': 121, 'prev_value': 120, 'change': 1}
2024-06-09 00:52:27,103 : INFO : EventManager : Event: ======'scanlan_shot_hit'====== Args={'profile': 'default', 'state': 'unlit', 'advancing': True}
2024-06-09 00:52:27,103 : INFO : EventManager : Event: ======'scanlan_shot_default_hit'====== Args={'profile': 'default', 'state': 'unlit', 'advancing': True}
2024-06-09 00:52:27,103 : INFO : EventManager : Event: ======'scanlan_shot_default_unlit_hit'====== Args={'profile': 'default', 'state': 'unlit', 'advancing': True}
2024-06-09 00:52:27,103 : INFO : EventManager : Event: ======'scanlan_shot_unlit_hit'====== Args={'profile': 'default', 'state': 'unlit', 'advancing': True}
2024-06-09 00:52:27,103 : INFO : EventManager : Event: ======'player_score'====== Args={'value': 50000, 'prev_value': 35000, 'change': 15000, 'player_num': 1, 'source': 'base'}
2024-06-09 00:52:27,103 : INFO : EventManager : Event: ======'video_shots_complete'====== Args={'state': 'lit'}
2024-06-09 00:52:27,103 : INFO : EventManager : Event: ======'video_shots_lit_complete'====== Args={}
2024-06-09 00:52:27,103 : INFO : EventManager : Event: ======'video_shots_hit'====== Args={'shot': 'scanlan_shot'}
2024-06-09 00:52:27,103 : INFO : EventManager : Event: ======'video_shots_unlit_hit'====== Args={'shot': 'scanlan_shot'}
2024-06-09 00:52:27,103 : INFO : EventManager : Event: ======'score_change_1'====== Args={'value': 50000, 'prev_value': 35000, 'change': 15000, 'player_num': 1, 'source': 'base'}
2024-06-09 00:52:27,103 : INFO : EventManager : Event: ======'player_last_score'====== Args={'value': 15000, 'prev_value': 25000, 'change': -10000, 'player_num': 1, 'source': 'base'}
2024-06-09 00:52:28,728 : INFO : EventManager : Event: ======'balldevice_bd_trough_ball_eject_failed'====== Args={'target': <ball_device.bd_plunger>, 'balls': 1, 'retry': True, 'num_attempts': 11}
2024-06-09 00:52:28,728 : INFO : ball_device.bd_trough : State: waiting_for_target_ready
2024-06-09 00:52:28,728 : INFO : EventManager : Event: ======'balldevice_bd_trough_ball_eject_attempt'====== Args={'balls': 1, 'target': <ball_device.bd_plunger>, 'source': <ball_device.bd_trough>, 'mechanical_eject': True, 'num_attempts': 11}
2024-06-09 00:52:28,728 : INFO : ball_device.bd_trough : State: ejecting
2024-06-09 00:52:28,728 : INFO : ball_device.bd_trough : Ejecting ball to <ball_device.bd_plunger>
2024-06-09 00:52:28,728 : INFO : EventManager : Event: ======'balldevice_bd_trough_ejecting_ball'====== Args={'balls': 1, 'target': <ball_device.bd_plunger>, 'source': <ball_device.bd_trough>, 'mechanical_eject': True, 'num_attempts': 11}
2024-06-09 00:52:28,728 : INFO : ball_device.bd_trough : Wait for ball to leave device
2024-06-09 00:52:28,728 : INFO : coil.c_trough_eject_coil : Pulsing Driver for 15ms (1.0 pulse_power)
2024-06-09 00:52:30,729 : INFO : EventManager : Event: ======'balldevice_bd_trough_ball_eject_failed'====== Args={'target': <ball_device.bd_plunger>, 'balls': 1, 'retry': True, 'num_attempts': 12}
2024-06-09 00:52:30,730 : INFO : ball_device.bd_trough : State: waiting_for_target_ready
2024-06-09 00:52:30,730 : INFO : EventManager : Event: ======'balldevice_bd_trough_ball_eject_attempt'====== Args={'balls': 1, 'target': <ball_device.bd_plunger>, 'source': <ball_device.bd_trough>, 'mechanical_eject': True, 'num_attempts': 12}
2024-06-09 00:52:30,731 : INFO : ball_device.bd_trough : State: ejecting
2024-06-09 00:52:30,731 : INFO : ball_device.bd_trough : Ejecting ball to <ball_device.bd_plunger>
2024-06-09 00:52:30,731 : INFO : EventManager : Event: ======'balldevice_bd_trough_ejecting_ball'====== Args={'balls': 1, 'target': <ball_device.bd_plunger>, 'source': <ball_device.bd_trough>, 'mechanical_eject': True, 'num_attempts': 12}
2024-06-09 00:52:30,731 : INFO : ball_device.bd_trough : Wait for ball to leave device
2024-06-09 00:52:30,731 : INFO : coil.c_trough_eject_coil : Pulsing Driver for 15ms (1.0 pulse_power)
2024-06-09 00:52:32,745 : INFO : EventManager : Event: ======'balldevice_bd_trough_ball_eject_failed'====== Args={'target': <ball_device.bd_plunger>, 'balls': 1, 'retry': True, 'num_attempts': 13}
2024-06-09 00:52:32,745 : INFO : ball_device.bd_trough : State: waiting_for_target_ready
2024-06-09 00:52:32,745 : INFO : EventManager : Event: ======'balldevice_bd_trough_ball_eject_attempt'====== Args={'balls': 1, 'target': <ball_device.bd_plunger>, 'source': <ball_device.bd_trough>, 'mechanical_eject': True, 'num_attempts': 13}
2024-06-09 00:52:32,745 : INFO : ball_device.bd_trough : State: ejecting
2024-06-09 00:52:32,745 : INFO : ball_device.bd_trough : Ejecting ball to <ball_device.bd_plunger>
2024-06-09 00:52:32,745 : INFO : EventManager : Event: ======'balldevice_bd_trough_ejecting_ball'====== Args={'balls': 1, 'target': <ball_device.bd_plunger>, 'source': <ball_device.bd_trough>, 'mechanical_eject': True, 'num_attempts': 13}
2024-06-09 00:52:32,745 : INFO : ball_device.bd_trough : Wait for ball to leave device
2024-06-09 00:52:32,745 : INFO : coil.c_trough_eject_coil : Pulsing Driver for 15ms (1.0 pulse_power)
2024-06-09 00:52:34,755 : INFO : EventManager : Event: ======'balldevice_bd_trough_ball_eject_failed'====== Args={'target': <ball_device.bd_plunger>, 'balls': 1, 'retry': True, 'num_attempts': 14}
2024-06-09 00:52:34,755 : INFO : ball_device.bd_trough : State: waiting_for_target_ready
2024-06-09 00:52:34,755 : INFO : EventManager : Event: ======'balldevice_bd_trough_ball_eject_attempt'====== Args={'balls': 1, 'target': <ball_device.bd_plunger>, 'source': <ball_device.bd_trough>, 'mechanical_eject': True, 'num_attempts': 14}
2024-06-09 00:52:34,755 : INFO : ball_device.bd_trough : State: ejecting
2024-06-09 00:52:34,755 : INFO : ball_device.bd_trough : Ejecting ball to <ball_device.bd_plunger>
2024-06-09 00:52:34,755 : INFO : EventManager : Event: ======'balldevice_bd_trough_ejecting_ball'====== Args={'balls': 1, 'target': <ball_device.bd_plunger>, 'source': <ball_device.bd_trough>, 'mechanical_eject': True, 'num_attempts': 14}
2024-06-09 00:52:34,756 : INFO : ball_device.bd_trough : Wait for ball to leave device
2024-06-09 00:52:34,756 : INFO : coil.c_trough_eject_coil : Pulsing Driver for 15ms (1.0 pulse_power)
2024-06-09 00:52:34,756 : INFO : EventManager : Event: ======'resume_bg'====== Args={'_from_bcp': True}
2024-06-09 00:52:36,770 : INFO : EventManager : Event: ======'balldevice_bd_trough_ball_eject_failed'====== Args={'target': <ball_device.bd_plunger>, 'balls': 1, 'retry': True, 'num_attempts': 15}
2024-06-09 00:52:36,770 : INFO : ball_device.bd_trough : State: waiting_for_target_ready
2024-06-09 00:52:36,770 : INFO : EventManager : Event: ======'balldevice_bd_trough_ball_eject_attempt'====== Args={'balls': 1, 'target': <ball_device.bd_plunger>, 'source': <ball_device.bd_trough>, 'mechanical_eject': True, 'num_attempts': 15}
2024-06-09 00:52:36,770 : INFO : ball_device.bd_trough : State: ejecting
2024-06-09 00:52:36,771 : INFO : ball_device.bd_trough : Ejecting ball to <ball_device.bd_plunger>
2024-06-09 00:52:36,771 : INFO : EventManager : Event: ======'balldevice_bd_trough_ejecting_ball'====== Args={'balls': 1, 'target': <ball_device.bd_plunger>, 'source': <ball_device.bd_trough>, 'mechanical_eject': True, 'num_attempts': 15}
2024-06-09 00:52:36,771 : INFO : ball_device.bd_trough : Wait for ball to leave device
2024-06-09 00:52:36,771 : INFO : coil.c_trough_eject_coil : Pulsing Driver for 15ms (1.0 pulse_power)
2024-06-09 00:52:38,400 : INFO : Machine : Shutting down...
2024-06-09 00:52:38,400 : INFO : EventManager : Event: ======'shutdown'====== Args={}
2024-06-09 00:52:38,405 : INFO : EventManager : Event: ======'mode_game_will_stop'====== Args={}
2024-06-09 00:52:38,405 : INFO : EventManager : Event: ======'mode_game_stopping'====== Args={}
2024-06-09 00:52:38,405 : INFO : EventManager : Event: ======'mode_base_will_stop'====== Args={}
2024-06-09 00:52:38,405 : INFO : EventManager : Event: ======'mode_base_stopping'====== Args={}
2024-06-09 00:52:38,405 : INFO : Mode.base : Stopped.
2024-06-09 00:52:38,405 : INFO : EventManager : Event: ======'modes_active_modes_changed'====== Args={}
2024-06-09 00:52:38,405 : INFO : EventManager : Event: ======'mode_base_stopped'====== Args={}
2024-06-09 00:52:38,405 : INFO : EventManager : Event: ======'clear'====== Args={'key': 'base'}
2024-06-09 00:52:38,405 : INFO : Mode.game : Stopped.
2024-06-09 00:52:38,405 : INFO : EventManager : Event: ======'modes_active_modes_changed'====== Args={}
2024-06-09 00:52:38,405 : INFO : EventManager : Event: ======'mode_game_stopped'====== Args={}
2024-06-09 00:52:38,405 : INFO : EventManager : Event: ======'clear'====== Args={'key': 'game'}
2024-06-09 00:52:38,406 : INFO : root : MPF run loop ended.
