2024-05-30 23:14:36,305 : INFO : root : Loading config.
2024-05-30 23:14:36,307 : INFO : YamlMultifileConfigLoader : Machine config file #1: config.yaml
2024-05-30 23:14:36,307 : INFO : ConfigProcessor : Loading config from cache: C:\Users\octo\AppData\Local\Temp\67114de119ffda0ef143dfc9c8b88aec.mpf_cache
2024-05-30 23:14:36,348 : WARNING : ConfigProcessor : Config file in cache changed: C:\Users\octo\Downloads\homebrew\modes\attract\config\attract.yaml
2024-05-30 23:14:36,348 : INFO : ConfigProcessor : Loading config from file c:\git\new folder (6)\mpf\mpf\modes\attract\config\attract.yaml.
2024-05-30 23:14:36,352 : INFO : ConfigProcessor : Loading config: c:\git\new folder (6)\mpf\mpf\modes\attract\config\attract.yaml
2024-05-30 23:14:36,352 : INFO : ConfigProcessor : Loading config from file C:\Users\octo\Downloads\homebrew\modes\attract\config\attract.yaml.
2024-05-30 23:14:36,353 : INFO : ConfigProcessor : Loading config: C:\Users\octo\Downloads\homebrew\modes\attract\config\attract.yaml
2024-05-30 23:14:36,353 : INFO : ConfigProcessor : Config file cache created: C:\Users\octo\AppData\Local\Temp\d4fb548c2902111733185c907c7e02f2.mpf_cache
2024-05-30 23:14:36,353 : INFO : ConfigProcessor : Loading config from cache: C:\Users\octo\AppData\Local\Temp\5cdf3f6f669e12795623fbd605d1b6a0.mpf_cache
2024-05-30 23:14:36,354 : INFO : ConfigProcessor : Loading config from cache: C:\Users\octo\AppData\Local\Temp\e87c946bbd0a2e05a931f281fca6458e.mpf_cache
2024-05-30 23:14:36,354 : INFO : ConfigProcessor : Loading config from cache: C:\Users\octo\AppData\Local\Temp\d4fb548c2902111733185c907c7e02f2.mpf_cache
2024-05-30 23:14:36,355 : INFO : ConfigProcessor : Loading config from cache: C:\Users\octo\AppData\Local\Temp\da852937ccb56145866cf54922bc01f8.mpf_cache
2024-05-30 23:14:36,355 : INFO : Machine : Mission Pinball Framework Core Engine v0.80.0.dev1
2024-05-30 23:14:36,355 : INFO : Machine : Command line arguments: {'no_load_cache': False, 'create_config_cache': True, 'bcp': True, 'configfile': ['config.yaml'], 'force_assets_load': False, 'platform_integration_test': False, 'jsonlogging': False, 'logfile': 'logs\\2024-05-30-23-14-36-mpf-DESKTOP-BQT92E0.log', 'pause': False, 'production': False, 'text_ui': True, 'loglevel': 15, 'consoleloglevel': 20, 'force_platform': 'virtual', 'syslog_address': None, 'mc_file_name': None, 'no_sound': False}
2024-05-30 23:14:36,355 : INFO : Machine : MPF path: c:\git\new folder (6)\mpf\mpf
2024-05-30 23:14:36,355 : INFO : Machine : Machine path: C:\Users\octo\Downloads\homebrew
2024-05-30 23:14:36,355 : INFO : Machine : Platform: win32
2024-05-30 23:14:36,355 : INFO : Machine : Python executable location: C:\Users\octo\AppData\Local\Programs\Python\Python310\python.exe
2024-05-30 23:14:36,355 : INFO : Machine : Python version: 3.10.0 (64-bit)
2024-05-30 23:14:36,357 : INFO : Machine : Initializing MPF...
2024-05-30 23:14:36,488 : INFO : EventManager : Event: ======'machine_var_credits_string'====== Args={'value': 'FREE PLAY', 'prev_value': None, 'change': True}
2024-05-30 23:14:36,497 : INFO : EventManager : Event: ======'machine_var_master_volume'====== Args={'value': 0.5, 'prev_value': None, 'change': True}
2024-05-30 23:14:36,498 : INFO : EventManager : Event: ======'machine_var_mpf_version'====== Args={'value': 'Mission Pinball Framework v0.80.0.dev1', 'prev_value': None, 'change': True}
2024-05-30 23:14:36,498 : INFO : EventManager : Event: ======'machine_var_mpf_extended_version'====== Args={'value': 'Mission Pinball Framework v0.80.0.dev1, Config version:6, Show version: 6, BCP version:1.1', 'prev_value': None, 'change': True}
2024-05-30 23:14:36,498 : INFO : EventManager : Event: ======'machine_var_python_version'====== Args={'value': '3.10.0', 'prev_value': None, 'change': True}
2024-05-30 23:14:36,503 : INFO : EventManager : Event: ======'machine_var_platform'====== Args={'value': 'Windows-10-10.0.19045-SP0', 'prev_value': None, 'change': True}
2024-05-30 23:14:36,503 : INFO : EventManager : Event: ======'machine_var_platform_system'====== Args={'value': 'Windows', 'prev_value': None, 'change': True}
2024-05-30 23:14:36,503 : INFO : EventManager : Event: ======'machine_var_platform_release'====== Args={'value': '10', 'prev_value': None, 'change': True}
2024-05-30 23:14:36,503 : INFO : EventManager : Event: ======'machine_var_platform_version'====== Args={'value': '10.0.19045', 'prev_value': None, 'change': True}
2024-05-30 23:14:36,503 : INFO : EventManager : Event: ======'machine_var_platform_machine'====== Args={'value': 'AMD64', 'prev_value': None, 'change': True}
2024-05-30 23:14:36,503 : INFO : EventManager : Event: ======'init_phase_1'====== Args={}
2024-05-30 23:14:36,512 : INFO : EventManager : Event: ======'init_phase_2'====== Args={}
2024-05-30 23:14:36,513 : INFO : SwitchController : Found active switch: ('3208-8', <Platform.Virtual>) <switch.s_trough_ball_2>
2024-05-30 23:14:36,513 : INFO : SwitchController : Found active switch: ('3208-9', <Platform.Virtual>) <switch.s_trough_ball_3>
2024-05-30 23:14:36,513 : INFO : SwitchController : Found active switch: ('3208-13', <Platform.Virtual>) <switch.s_trough_ball_1>
2024-05-30 23:14:36,515 : INFO : EventManager : Event: ======'bcp_connection_attempt'====== Args={'name': 'local_display', 'host': 'localhost', 'port': 5050}
2024-05-30 23:14:36,515 : INFO : BCPClientSocket : Connecting BCP to 'local_display' at localhost:5050...
2024-05-30 23:14:40,929 : INFO : Machine : Starting the main run loop.
2024-05-30 23:14:40,931 : INFO : Machine : Shutting down...
2024-05-30 23:14:40,931 : INFO : EventManager : Event: ======'shutdown'====== Args={}
2024-05-30 23:14:41,948 : INFO : root : MPF run loop ended.
