2024-05-14 22:59:33,114 : INFO : root : Loading config.
2024-05-14 22:59:33,116 : INFO : YamlMultifileConfigLoader : Machine config file #1: config.yaml
2024-05-14 22:59:33,116 : INFO : ConfigProcessor : Loading config from cache: C:\Users\octo\AppData\Local\Temp\67114de119ffda0ef143dfc9c8b88aec.mpf_cache
2024-05-14 22:59:33,160 : INFO : ConfigProcessor : Loading config from cache: C:\Users\octo\AppData\Local\Temp\d4fb548c2902111733185c907c7e02f2.mpf_cache
2024-05-14 22:59:33,160 : INFO : ConfigProcessor : Loading config from cache: C:\Users\octo\AppData\Local\Temp\5cdf3f6f669e12795623fbd605d1b6a0.mpf_cache
2024-05-14 22:59:33,161 : INFO : ConfigProcessor : Loading config from cache: C:\Users\octo\AppData\Local\Temp\e87c946bbd0a2e05a931f281fca6458e.mpf_cache
2024-05-14 22:59:33,161 : INFO : ConfigProcessor : Loading config from cache: C:\Users\octo\AppData\Local\Temp\d4fb548c2902111733185c907c7e02f2.mpf_cache
2024-05-14 22:59:33,161 : INFO : ConfigProcessor : Loading config from cache: C:\Users\octo\AppData\Local\Temp\da852937ccb56145866cf54922bc01f8.mpf_cache
2024-05-14 22:59:33,162 : INFO : Machine : Mission Pinball Framework Core Engine v0.80.0.dev1
2024-05-14 22:59:33,162 : INFO : Machine : Command line arguments: {'no_load_cache': False, 'create_config_cache': True, 'bcp': True, 'configfile': ['config.yaml'], 'force_assets_load': False, 'platform_integration_test': False, 'jsonlogging': False, 'logfile': 'logs\\2024-05-14-22-59-33-mpf-DESKTOP-BQT92E0.log', 'pause': False, 'production': False, 'text_ui': True, 'loglevel': 15, 'consoleloglevel': 20, 'force_platform': 'virtual', 'syslog_address': None, 'mc_file_name': None, 'no_sound': False}
2024-05-14 22:59:33,162 : INFO : Machine : MPF path: c:\git\new folder (6)\mpf\mpf
2024-05-14 22:59:33,162 : INFO : Machine : Machine path: C:\Users\octo\Downloads\homebrew
2024-05-14 22:59:33,162 : INFO : Machine : Platform: win32
2024-05-14 22:59:33,162 : INFO : Machine : Python executable location: C:\Users\octo\AppData\Local\Programs\Python\Python310\python.exe
2024-05-14 22:59:33,162 : INFO : Machine : Python version: 3.10.0 (64-bit)
2024-05-14 22:59:33,163 : INFO : Machine : Initializing MPF...
2024-05-14 22:59:33,270 : INFO : EventManager : Event: ======'machine_var_credits_string'====== Args={'value': 'FREE PLAY', 'prev_value': None, 'change': True}
2024-05-14 22:59:33,278 : INFO : EventManager : Event: ======'machine_var_master_volume'====== Args={'value': 0.5, 'prev_value': None, 'change': True}
2024-05-14 22:59:33,278 : INFO : EventManager : Event: ======'machine_var_mpf_version'====== Args={'value': 'Mission Pinball Framework v0.80.0.dev1', 'prev_value': None, 'change': True}
2024-05-14 22:59:33,279 : INFO : EventManager : Event: ======'machine_var_mpf_extended_version'====== Args={'value': 'Mission Pinball Framework v0.80.0.dev1, Config version:6, Show version: 6, BCP version:1.1', 'prev_value': None, 'change': True}
2024-05-14 22:59:33,279 : INFO : EventManager : Event: ======'machine_var_python_version'====== Args={'value': '3.10.0', 'prev_value': None, 'change': True}
2024-05-14 22:59:33,284 : INFO : EventManager : Event: ======'machine_var_platform'====== Args={'value': 'Windows-10-10.0.19045-SP0', 'prev_value': None, 'change': True}
2024-05-14 22:59:33,284 : INFO : EventManager : Event: ======'machine_var_platform_system'====== Args={'value': 'Windows', 'prev_value': None, 'change': True}
2024-05-14 22:59:33,284 : INFO : EventManager : Event: ======'machine_var_platform_release'====== Args={'value': '10', 'prev_value': None, 'change': True}
2024-05-14 22:59:33,284 : INFO : EventManager : Event: ======'machine_var_platform_version'====== Args={'value': '10.0.19045', 'prev_value': None, 'change': True}
2024-05-14 22:59:33,284 : INFO : EventManager : Event: ======'machine_var_platform_machine'====== Args={'value': 'AMD64', 'prev_value': None, 'change': True}
2024-05-14 22:59:33,284 : INFO : EventManager : Event: ======'init_phase_1'====== Args={}
2024-05-14 22:59:33,293 : INFO : EventManager : Event: ======'init_phase_2'====== Args={}
2024-05-14 22:59:33,293 : INFO : SwitchController : Found active switch: ('3208-8', <Platform.Virtual>) <switch.s_trough_ball_2>
2024-05-14 22:59:33,293 : INFO : SwitchController : Found active switch: ('3208-9', <Platform.Virtual>) <switch.s_trough_ball_3>
2024-05-14 22:59:33,293 : INFO : SwitchController : Found active switch: ('3208-13', <Platform.Virtual>) <switch.s_trough_ball_1>
2024-05-14 22:59:33,296 : INFO : EventManager : Event: ======'bcp_connection_attempt'====== Args={'name': 'local_display', 'host': 'localhost', 'port': 5050}
2024-05-14 22:59:33,297 : INFO : BCPClientSocket : Connecting BCP to 'local_display' at localhost:5050...
2024-05-14 22:59:33,301 : INFO : BCPClientSocket : Connected BCP to 'local_display' localhost:5050
2024-05-14 22:59:33,301 : INFO : EventManager : Event: ======'bcp_clients_connected'====== Args={}
2024-05-14 22:59:33,374 : INFO : ball_device.bd_trough : BCH: Initial count: 3
2024-05-14 22:59:33,374 : INFO : ball_device.bd_trough : State: idle
2024-05-14 22:59:33,374 : INFO : ball_device.bd_plunger : BCH: Initial count: 0
2024-05-14 22:59:33,374 : INFO : ball_device.bd_plunger : State: idle
2024-05-14 22:59:33,384 : INFO : EventManager : Event: ======'init_phase_3'====== Args={}
2024-05-14 22:59:33,384 : INFO : EventManager : Event: ======'init_phase_4'====== Args={}
2024-05-14 22:59:33,384 : INFO : BallController : Initial balls found: 3
2024-05-14 22:59:33,385 : INFO : EventManager : Event: ======'machine_var_audits_events_game_ended'====== Args={'value': 0, 'prev_value': None, 'change': True}
2024-05-14 22:59:33,385 : INFO : EventManager : Event: ======'machine_var_audits_events_game_started'====== Args={'value': 246, 'prev_value': None, 'change': True}
2024-05-14 22:59:33,385 : INFO : EventManager : Event: ======'machine_var_audits_missing_switches_s_left_flipper'====== Args={'value': 220, 'prev_value': None, 'change': True}
2024-05-14 22:59:33,385 : INFO : EventManager : Event: ======'machine_var_audits_missing_switches_s_left_flipper_eos'====== Args={'value': 220, 'prev_value': None, 'change': True}
2024-05-14 22:59:33,385 : INFO : EventManager : Event: ======'machine_var_audits_missing_switches_s_left_inner_lane'====== Args={'value': 220, 'prev_value': None, 'change': True}
2024-05-14 22:59:33,385 : INFO : EventManager : Event: ======'machine_var_audits_missing_switches_s_left_outer_lane'====== Args={'value': 153, 'prev_value': None, 'change': True}
2024-05-14 22:59:33,385 : INFO : EventManager : Event: ======'machine_var_audits_missing_switches_s_left_sling'====== Args={'value': 220, 'prev_value': None, 'change': True}
2024-05-14 22:59:33,385 : INFO : EventManager : Event: ======'machine_var_audits_missing_switches_s_mead'====== Args={'value': 130, 'prev_value': None, 'change': True}
2024-05-14 22:59:33,385 : INFO : EventManager : Event: ======'machine_var_audits_missing_switches_s_plunger'====== Args={'value': 220, 'prev_value': None, 'change': True}
2024-05-14 22:59:33,385 : INFO : EventManager : Event: ======'machine_var_audits_missing_switches_s_pop_bumper_1'====== Args={'value': 220, 'prev_value': None, 'change': True}
2024-05-14 22:59:33,385 : INFO : EventManager : Event: ======'machine_var_audits_missing_switches_s_pop_bumper_2'====== Args={'value': 220, 'prev_value': None, 'change': True}
2024-05-14 22:59:33,386 : INFO : EventManager : Event: ======'machine_var_audits_missing_switches_s_pop_bumper_3'====== Args={'value': 220, 'prev_value': None, 'change': True}
2024-05-14 22:59:33,386 : INFO : EventManager : Event: ======'machine_var_audits_missing_switches_s_right_flipper'====== Args={'value': 220, 'prev_value': None, 'change': True}
2024-05-14 22:59:33,386 : INFO : EventManager : Event: ======'machine_var_audits_missing_switches_s_right_flipper_eos'====== Args={'value': 220, 'prev_value': None, 'change': True}
2024-05-14 22:59:33,386 : INFO : EventManager : Event: ======'machine_var_audits_missing_switches_s_right_inner_lane'====== Args={'value': 220, 'prev_value': None, 'change': True}
2024-05-14 22:59:33,386 : INFO : EventManager : Event: ======'machine_var_audits_missing_switches_s_right_outer_lane'====== Args={'value': 220, 'prev_value': None, 'change': True}
2024-05-14 22:59:33,386 : INFO : EventManager : Event: ======'machine_var_audits_missing_switches_s_right_sling'====== Args={'value': 220, 'prev_value': None, 'change': True}
2024-05-14 22:59:33,386 : INFO : EventManager : Event: ======'machine_var_audits_missing_switches_s_scanlan'====== Args={'value': 67, 'prev_value': None, 'change': True}
2024-05-14 22:59:33,386 : INFO : EventManager : Event: ======'machine_var_audits_missing_switches_s_start'====== Args={'value': 21, 'prev_value': None, 'change': True}
2024-05-14 22:59:33,386 : INFO : EventManager : Event: ======'machine_var_audits_missing_switches_s_trough_ball_1'====== Args={'value': 220, 'prev_value': None, 'change': True}
2024-05-14 22:59:33,386 : INFO : EventManager : Event: ======'machine_var_audits_missing_switches_s_trough_ball_2'====== Args={'value': 220, 'prev_value': None, 'change': True}
2024-05-14 22:59:33,386 : INFO : EventManager : Event: ======'machine_var_audits_missing_switches_s_trough_ball_3'====== Args={'value': 220, 'prev_value': None, 'change': True}
2024-05-14 22:59:33,386 : INFO : EventManager : Event: ======'machine_var_audits_missing_switches_s_trough_ball_4'====== Args={'value': 220, 'prev_value': None, 'change': True}
2024-05-14 22:59:33,386 : INFO : EventManager : Event: ======'machine_var_audits_missing_switches_s_trough_ball_5'====== Args={'value': 220, 'prev_value': None, 'change': True}
2024-05-14 22:59:33,386 : INFO : EventManager : Event: ======'machine_var_audits_missing_switches_s_trough_ball_6'====== Args={'value': 89, 'prev_value': None, 'change': True}
2024-05-14 22:59:33,386 : INFO : EventManager : Event: ======'machine_var_audits_missing_switches_s_trough_ball_jam'====== Args={'value': 220, 'prev_value': None, 'change': True}
2024-05-14 22:59:33,386 : INFO : EventManager : Event: ======'machine_var_audits_player_score'====== Args={'value': {'average': 0, 'top': [], 'total': 0}, 'prev_value': None, 'change': True}
2024-05-14 22:59:33,386 : INFO : EventManager : Event: ======'machine_var_audits_shots_mead_shot'====== Args={'value': 49, 'prev_value': None, 'change': True}
2024-05-14 22:59:33,386 : INFO : EventManager : Event: ======'machine_var_audits_shots_scanlan_shot'====== Args={'value': 57, 'prev_value': None, 'change': True}
2024-05-14 22:59:33,386 : INFO : EventManager : Event: ======'machine_var_audits_shots_video_shot_1'====== Args={'value': 24, 'prev_value': None, 'change': True}
2024-05-14 22:59:33,386 : INFO : EventManager : Event: ======'machine_var_audits_shots_video_shot_2'====== Args={'value': 20, 'prev_value': None, 'change': True}
2024-05-14 22:59:33,387 : INFO : EventManager : Event: ======'machine_var_audits_switches_s_auto_launcher'====== Args={'value': 0, 'prev_value': None, 'change': True}
2024-05-14 22:59:33,387 : INFO : EventManager : Event: ======'machine_var_audits_switches_s_ball_drain'====== Args={'value': 0, 'prev_value': None, 'change': True}
2024-05-14 22:59:33,387 : INFO : EventManager : Event: ======'machine_var_audits_switches_s_left_flipper'====== Args={'value': 36, 'prev_value': None, 'change': True}
2024-05-14 22:59:33,387 : INFO : EventManager : Event: ======'machine_var_audits_switches_s_left_flipper_eos'====== Args={'value': 0, 'prev_value': None, 'change': True}
2024-05-14 22:59:33,387 : INFO : EventManager : Event: ======'machine_var_audits_switches_s_left_inner_lane'====== Args={'value': 0, 'prev_value': None, 'change': True}
2024-05-14 22:59:33,387 : INFO : EventManager : Event: ======'machine_var_audits_switches_s_left_outer_lane'====== Args={'value': 0, 'prev_value': None, 'change': True}
2024-05-14 22:59:33,387 : INFO : EventManager : Event: ======'machine_var_audits_switches_s_left_sling'====== Args={'value': 7, 'prev_value': None, 'change': True}
2024-05-14 22:59:33,387 : INFO : EventManager : Event: ======'machine_var_audits_switches_s_mead'====== Args={'value': 0, 'prev_value': None, 'change': True}
2024-05-14 22:59:33,387 : INFO : EventManager : Event: ======'machine_var_audits_switches_s_plunger'====== Args={'value': 9, 'prev_value': None, 'change': True}
2024-05-14 22:59:33,387 : INFO : EventManager : Event: ======'machine_var_audits_switches_s_pop_bumper_1'====== Args={'value': 0, 'prev_value': None, 'change': True}
2024-05-14 22:59:33,387 : INFO : EventManager : Event: ======'machine_var_audits_switches_s_pop_bumper_2'====== Args={'value': 0, 'prev_value': None, 'change': True}
2024-05-14 22:59:33,387 : INFO : EventManager : Event: ======'machine_var_audits_switches_s_pop_bumper_3'====== Args={'value': 0, 'prev_value': None, 'change': True}
2024-05-14 22:59:33,387 : INFO : EventManager : Event: ======'machine_var_audits_switches_s_right_flipper'====== Args={'value': 131, 'prev_value': None, 'change': True}
2024-05-14 22:59:33,387 : INFO : EventManager : Event: ======'machine_var_audits_switches_s_right_flipper_eos'====== Args={'value': 0, 'prev_value': None, 'change': True}
2024-05-14 22:59:33,387 : INFO : EventManager : Event: ======'machine_var_audits_switches_s_right_inner_lane'====== Args={'value': 0, 'prev_value': None, 'change': True}
2024-05-14 22:59:33,387 : INFO : EventManager : Event: ======'machine_var_audits_switches_s_right_outer_lane'====== Args={'value': 0, 'prev_value': None, 'change': True}
2024-05-14 22:59:33,387 : INFO : EventManager : Event: ======'machine_var_audits_switches_s_right_sling'====== Args={'value': 3, 'prev_value': None, 'change': True}
2024-05-14 22:59:33,388 : INFO : EventManager : Event: ======'machine_var_audits_switches_s_scanlan'====== Args={'value': 0, 'prev_value': None, 'change': True}
2024-05-14 22:59:33,388 : INFO : EventManager : Event: ======'machine_var_audits_switches_s_start'====== Args={'value': 14, 'prev_value': None, 'change': True}
2024-05-14 22:59:33,388 : INFO : EventManager : Event: ======'machine_var_audits_switches_s_switch_2'====== Args={'value': 0, 'prev_value': None, 'change': True}
2024-05-14 22:59:33,388 : INFO : EventManager : Event: ======'machine_var_audits_switches_s_trough_ball_1'====== Args={'value': 4, 'prev_value': None, 'change': True}
2024-05-14 22:59:33,388 : INFO : EventManager : Event: ======'machine_var_audits_switches_s_trough_ball_2'====== Args={'value': 4, 'prev_value': None, 'change': True}
2024-05-14 22:59:33,388 : INFO : EventManager : Event: ======'machine_var_audits_switches_s_trough_ball_3'====== Args={'value': 1, 'prev_value': None, 'change': True}
2024-05-14 22:59:33,388 : INFO : EventManager : Event: ======'machine_var_audits_switches_s_trough_ball_4'====== Args={'value': 0, 'prev_value': None, 'change': True}
2024-05-14 22:59:33,388 : INFO : EventManager : Event: ======'machine_var_audits_switches_s_trough_ball_5'====== Args={'value': 0, 'prev_value': None, 'change': True}
2024-05-14 22:59:33,388 : INFO : EventManager : Event: ======'machine_var_audits_switches_s_trough_ball_6'====== Args={'value': 1, 'prev_value': None, 'change': True}
2024-05-14 22:59:33,388 : INFO : EventManager : Event: ======'machine_var_audits_switches_s_trough_ball_jam'====== Args={'value': 3, 'prev_value': None, 'change': True}
2024-05-14 22:59:33,388 : INFO : EventManager : Event: ======'machine_var_audits_switches_s_trough_eject_coil'====== Args={'value': 0, 'prev_value': None, 'change': True}
2024-05-14 22:59:33,388 : INFO : EventManager : Event: ======'init_phase_5'====== Args={}
2024-05-14 22:59:33,411 : INFO : EventManager : Event: ======'init_done'====== Args={}
2024-05-14 22:59:33,411 : INFO : EventManager : Event: ======'machine_reset_phase_1'====== Args={}
2024-05-14 22:59:33,422 : INFO : EventManager : Event: ======'machine_reset_phase_2'====== Args={}
2024-05-14 22:59:33,422 : INFO : EventManager : Event: ======'machine_reset_phase_3'====== Args={}
2024-05-14 22:59:33,422 : INFO : EventManager : Event: ======'reset_complete'====== Args={}
2024-05-14 22:59:33,422 : INFO : EventManager : Event: ======'mode_attract_will_start'====== Args={}
2024-05-14 22:59:33,423 : INFO : EventManager : Event: ======'mode_attract_starting'====== Args={}
2024-05-14 22:59:33,423 : INFO : Mode.attract : Started. Priority: 10
2024-05-14 22:59:33,423 : INFO : EventManager : Event: ======'modes_active_modes_changed'====== Args={}
2024-05-14 22:59:33,423 : INFO : EventManager : Event: ======'mode_attract_started'====== Args={}
2024-05-14 22:59:33,423 : INFO : EventManager : Event: ======'collecting_balls_complete'====== Args={}
2024-05-14 22:59:33,432 : INFO : Machine : Starting the main run loop.
2024-05-14 22:59:33,456 : INFO : EventManager : Event: ======'slide_attract_created'====== Args={'_from_bcp': True}
2024-05-14 22:59:33,456 : INFO : EventManager : Event: ======'slide__removed'====== Args={'_from_bcp': True}
2024-05-14 22:59:33,456 : INFO : EventManager : Event: ======'slide_attract_active'====== Args={'original_context': 'attract', 'original_calling_context': 'mode_attract_started', 'cmd': 'slides_play', '_from_bcp': True}
2024-05-14 22:59:35,866 : INFO : SwitchController : <<<<<<< 's_start' active >>>>>>>
2024-05-14 22:59:35,983 : INFO : SwitchController : <<<<<<< 's_start' inactive >>>>>>>
2024-05-14 22:59:35,983 : INFO : EventManager : Event: ======'request_to_start_game'====== Args={}
2024-05-14 22:59:35,984 : INFO : EventManager : Event: ======'game_start'====== Args={'buttons': [], 'hold_time': 0.125}
2024-05-14 22:59:35,984 : INFO : EventManager : Event: ======'mode_game_will_start'====== Args={'buttons': [], 'hold_time': 0.125}
2024-05-14 22:59:35,984 : INFO : EventManager : Event: ======'mode_game_starting'====== Args={'buttons': [], 'hold_time': 0.125}
2024-05-14 22:59:35,984 : INFO : EventManager : Event: ======'mode_attract_will_stop'====== Args={}
2024-05-14 22:59:35,984 : INFO : EventManager : Event: ======'mode_attract_stopping'====== Args={}
2024-05-14 22:59:35,984 : INFO : Mode.game : Started. Priority: 20
2024-05-14 22:59:35,984 : INFO : EventManager : Event: ======'modes_active_modes_changed'====== Args={}
2024-05-14 22:59:35,984 : INFO : EventManager : Event: ======'mode_game_started'====== Args={'buttons': [], 'hold_time': 0.125}
2024-05-14 22:59:35,995 : INFO : Mode.attract : Stopped.
2024-05-14 22:59:35,995 : INFO : EventManager : Event: ======'modes_active_modes_changed'====== Args={}
2024-05-14 22:59:35,995 : INFO : EventManager : Event: ======'mode_attract_stopped'====== Args={}
2024-05-14 22:59:35,995 : INFO : EventManager : Event: ======'clear'====== Args={'key': 'attract'}
2024-05-14 22:59:35,995 : INFO : EventManager : Event: ======'game_will_start'====== Args={}
2024-05-14 22:59:36,005 : INFO : EventManager : Event: ======'game_starting'====== Args={'game': <Mode.game>}
2024-05-14 22:59:36,006 : INFO : EventManager : Unordered handler for class <Auditor> on event game_ended with priority 1. Handlers: [RegisteredHandler(callback=<bound method Auditor.disable of <Auditor>>, priority=1, kwargs={}, key=UUID('64b85f58-ff6d-467c-bfc3-e2d0c5fe9227'), condition=None, blocking_facility=None), RegisteredHandler(callback=<bound method Auditor._save_audits of <Auditor>>, priority=1, kwargs={}, key=UUID('b88b6623-062a-4b70-9338-693ad59d157a'), condition=None, blocking_facility=None)]. The order of those handlers is not defined and they will be executed in random order. This might lead to race conditions and potential bugs.
2024-05-14 22:59:36,006 : INFO : EventManager : Event: ======'player_add_request'====== Args={}
2024-05-14 22:59:36,006 : INFO : EventManager : Event: ======'player_will_add'====== Args={'number': 1}
2024-05-14 22:59:36,006 : INFO : EventManager : Event: ======'player_adding'====== Args={'player': <Player 1>, 'number': 1}
2024-05-14 22:59:36,006 : INFO : EventManager : Event: ======'player_added'====== Args={'player': <Player 1>, 'num': 1}
2024-05-14 22:59:36,006 : INFO : Mode.game : Player added successfully. Total players: 1
2024-05-14 22:59:36,006 : INFO : EventManager : Event: ======'player_index'====== Args={'value': 0, 'prev_value': 0, 'change': 0, 'player_num': 1}
2024-05-14 22:59:36,006 : INFO : EventManager : Event: ======'player_number'====== Args={'value': 1, 'prev_value': 1, 'change': 0, 'player_num': 1}
2024-05-14 22:59:36,006 : INFO : EventManager : Event: ======'player_score'====== Args={'value': 0, 'prev_value': 0, 'change': 0, 'player_num': 1}
2024-05-14 22:59:36,006 : INFO : EventManager : Event: ======'game_started'====== Args={}
2024-05-14 22:59:36,009 : INFO : EventManager : Event: ======'player_turn_will_start'====== Args={'player': <Player 1>, 'number': 1}
2024-05-14 22:59:36,009 : INFO : EventManager : Event: ======'player_turn_starting'====== Args={'player': <Player 1>, 'number': 1}
2024-05-14 22:59:36,009 : INFO : EventManager : Event: ======'player_ball'====== Args={'value': 1, 'prev_value': 0, 'change': 1, 'player_num': 1}
2024-05-14 22:59:36,010 : INFO : EventManager : Event: ======'player_turn_started'====== Args={'player': <Player 1>, 'number': 1}
2024-05-14 22:59:36,010 : INFO : EventManager : Event: ======'ball_will_start'====== Args={'player': 1, 'ball': 1, 'balls_remaining': 2, 'is_extra_ball': False}
2024-05-14 22:59:36,011 : INFO : EventManager : Event: ======'ball_starting'====== Args={'player': 1, 'ball': 1, 'balls_remaining': 2, 'is_extra_ball': False}
2024-05-14 22:59:36,012 : INFO : EventManager : Event: ======'balls_in_play'====== Args={'balls': 1}
2024-05-14 22:59:36,012 : INFO : EventManager : Event: ======'ball_started'====== Args={'player': 1, 'ball': 1, 'balls_remaining': 2, 'is_extra_ball': False}
2024-05-14 22:59:36,012 : INFO : EventManager : Event: ======'mode_char_select_will_start'====== Args={'player': 1, 'ball': 1, 'balls_remaining': 2, 'is_extra_ball': False}
2024-05-14 22:59:36,014 : INFO : EventManager : Event: ======'mode_char_select_starting'====== Args={'player': 1, 'ball': 1, 'balls_remaining': 2, 'is_extra_ball': False}
2024-05-14 22:59:36,014 : INFO : EventManager : Event: ======'mode_base_will_start'====== Args={'player': 1, 'ball': 1, 'balls_remaining': 2, 'is_extra_ball': False}
2024-05-14 22:59:36,014 : INFO : EventManager : Event: ======'player_shot_mead_shot_enabled'====== Args={'value': True, 'prev_value': 0, 'change': 1, 'player_num': 1}
2024-05-14 22:59:36,014 : INFO : EventManager : Event: ======'player_shot_scanlan_shot_enabled'====== Args={'value': True, 'prev_value': 0, 'change': 1, 'player_num': 1}
2024-05-14 22:59:36,014 : INFO : EventManager : Event: ======'video_shots_complete'====== Args={'state': 'unlit'}
2024-05-14 22:59:36,014 : INFO : EventManager : Event: ======'video_shots_unlit_complete'====== Args={}
2024-05-14 22:59:36,015 : INFO : EventManager : Event: ======'mode_base_starting'====== Args={'player': 1, 'ball': 1, 'balls_remaining': 2, 'is_extra_ball': False}
2024-05-14 22:59:36,015 : INFO : Mode.base : Started. Priority: 100
2024-05-14 22:59:36,015 : INFO : EventManager : Event: ======'modes_active_modes_changed'====== Args={}
2024-05-14 22:59:36,015 : INFO : EventManager : Event: ======'mode_base_started'====== Args={'player': 1, 'ball': 1, 'balls_remaining': 2, 'is_extra_ball': False}
2024-05-14 22:59:36,015 : INFO : Mode.char_select : Started. Priority: 501
2024-05-14 22:59:36,015 : INFO : EventManager : Event: ======'modes_active_modes_changed'====== Args={}
2024-05-14 22:59:36,016 : INFO : EventManager : Event: ======'mode_char_select_started'====== Args={'player': 1, 'ball': 1, 'balls_remaining': 2, 'is_extra_ball': False}
2024-05-14 22:59:36,016 : INFO : EventManager : Event: ======'item_highlighted'====== Args={'carousel': 'char_select', 'direction': None, 'item': 'percy'}
2024-05-14 22:59:36,016 : INFO : EventManager : Event: ======'single_player_ball_started'====== Args={}
2024-05-14 22:59:36,028 : INFO : EventManager : Event: ======'ball_start_target'====== Args={'target': 'playfield'}
2024-05-14 22:59:36,028 : INFO : ball_device.bd_plunger : Setting up player-controlled eject. Balls: 1, Target: <playfield.playfield>, player_controlled_eject_event: None
2024-05-14 22:59:36,028 : INFO : EventManager : Event: ======'balldevice_balls_available'====== Args={}
2024-05-14 22:59:36,029 : INFO : ball_device.bd_trough : State: waiting_for_target_ready
2024-05-14 22:59:36,029 : INFO : EventManager : Event: ======'balldevice_bd_trough_ball_eject_attempt'====== Args={'balls': 1, 'target': <ball_device.bd_plunger>, 'source': <ball_device.bd_trough>, 'mechanical_eject': True, 'num_attempts': 0}
2024-05-14 22:59:36,029 : INFO : ball_device.bd_plunger : State: waiting_for_ball
2024-05-14 22:59:36,029 : INFO : ball_device.bd_trough : State: ejecting
2024-05-14 22:59:36,029 : INFO : ball_device.bd_trough : Ejecting ball to <ball_device.bd_plunger>
2024-05-14 22:59:36,029 : INFO : EventManager : Event: ======'balldevice_bd_trough_ejecting_ball'====== Args={'balls': 1, 'target': <ball_device.bd_plunger>, 'source': <ball_device.bd_trough>, 'mechanical_eject': True, 'num_attempts': 0}
2024-05-14 22:59:36,029 : INFO : ball_device.bd_trough : Wait for ball to leave device
2024-05-14 22:59:36,029 : INFO : coil.c_trough_eject_coil : Pulsing Driver for 15ms (1.0 pulse_power)
2024-05-14 22:59:36,260 : INFO : EventManager : Event: ======'slide_base_created'====== Args={'_from_bcp': True}
2024-05-14 22:59:36,260 : INFO : EventManager : Event: ======'slide_attract_inactive'====== Args={'_from_bcp': True}
2024-05-14 22:59:36,260 : INFO : EventManager : Event: ======'slide_base_active'====== Args={'original_context': 'base', 'original_calling_context': 'mode_base_started', 'cmd': 'slides_play', '_from_bcp': True}
2024-05-14 22:59:36,260 : INFO : EventManager : Event: ======'slide_attract_removed'====== Args={'_from_bcp': True}
2024-05-14 22:59:36,410 : INFO : EventManager : Event: ======'slide_char_select_created'====== Args={'_from_bcp': True}
2024-05-14 22:59:36,410 : INFO : EventManager : Event: ======'slide_base_inactive'====== Args={'_from_bcp': True}
2024-05-14 22:59:36,410 : INFO : EventManager : Event: ======'slide_char_select_active'====== Args={'original_context': 'char_select', 'original_calling_context': 'mode_char_select_started', 'cmd': 'slides_play', '_from_bcp': True}
2024-05-14 22:59:37,062 : INFO : EventManager : Event: ======'s_ab_active'====== Args={'_from_bcp': True}
2024-05-14 22:59:37,062 : INFO : EventManager : Event: ======'char_select_percy_selected'====== Args={}
2024-05-14 22:59:37,062 : INFO : EventManager : Event: ======'char_select_item_selected'====== Args={}
2024-05-14 22:59:37,062 : INFO : EventManager : Event: ======'player_selected_champ'====== Args={'value': 'percy', 'prev_value': 0, 'change': True, 'player_num': 1, 'source': 'char_select'}
2024-05-14 22:59:37,062 : INFO : EventManager : Event: ======'mode_char_select_will_stop'====== Args={}
2024-05-14 22:59:37,062 : INFO : EventManager : Event: ======'mode_char_select_stopping'====== Args={}
2024-05-14 22:59:37,062 : INFO : EventManager : Event: ======'player_is_selected_champ'====== Args={'value': 1, 'prev_value': 0, 'change': 1, 'player_num': 1, 'source': 'char_select'}
2024-05-14 22:59:37,062 : INFO : Mode.char_select : Stopped.
2024-05-14 22:59:37,062 : INFO : EventManager : Event: ======'modes_active_modes_changed'====== Args={}
2024-05-14 22:59:37,063 : INFO : EventManager : Event: ======'start_base'====== Args={}
2024-05-14 22:59:37,063 : INFO : EventManager : Event: ======'char_select_item_selected'====== Args={}
2024-05-14 22:59:37,063 : INFO : EventManager : Event: ======'mode_char_select_stopped'====== Args={}
2024-05-14 22:59:37,063 : INFO : EventManager : Event: ======'clear'====== Args={'key': 'char_select'}
2024-05-14 22:59:37,076 : INFO : EventManager : Event: ======'slide_char_select_inactive'====== Args={'_from_bcp': True}
2024-05-14 22:59:37,076 : INFO : EventManager : Event: ======'slide_base_active'====== Args={'_from_bcp': True}
2024-05-14 22:59:37,076 : INFO : EventManager : Event: ======'slide_char_select_removed'====== Args={'_from_bcp': True}
2024-05-14 22:59:38,037 : INFO : EventManager : Event: ======'balldevice_bd_trough_ball_eject_failed'====== Args={'target': <ball_device.bd_plunger>, 'balls': 1, 'retry': True, 'num_attempts': 1}
2024-05-14 22:59:38,037 : INFO : ball_device.bd_trough : State: waiting_for_target_ready
2024-05-14 22:59:38,037 : INFO : EventManager : Event: ======'balldevice_bd_trough_ball_eject_attempt'====== Args={'balls': 1, 'target': <ball_device.bd_plunger>, 'source': <ball_device.bd_trough>, 'mechanical_eject': True, 'num_attempts': 1}
2024-05-14 22:59:38,037 : INFO : ball_device.bd_trough : State: ejecting
2024-05-14 22:59:38,037 : INFO : ball_device.bd_trough : Ejecting ball to <ball_device.bd_plunger>
2024-05-14 22:59:38,037 : INFO : EventManager : Event: ======'balldevice_bd_trough_ejecting_ball'====== Args={'balls': 1, 'target': <ball_device.bd_plunger>, 'source': <ball_device.bd_trough>, 'mechanical_eject': True, 'num_attempts': 1}
2024-05-14 22:59:38,038 : INFO : ball_device.bd_trough : Wait for ball to leave device
2024-05-14 22:59:38,038 : INFO : coil.c_trough_eject_coil : Pulsing Driver for 15ms (1.0 pulse_power)
2024-05-14 22:59:40,045 : INFO : EventManager : Event: ======'balldevice_bd_trough_ball_eject_failed'====== Args={'target': <ball_device.bd_plunger>, 'balls': 1, 'retry': True, 'num_attempts': 2}
2024-05-14 22:59:40,045 : INFO : ball_device.bd_trough : State: waiting_for_target_ready
2024-05-14 22:59:40,045 : INFO : EventManager : Event: ======'balldevice_bd_trough_ball_eject_attempt'====== Args={'balls': 1, 'target': <ball_device.bd_plunger>, 'source': <ball_device.bd_trough>, 'mechanical_eject': True, 'num_attempts': 2}
2024-05-14 22:59:40,045 : INFO : ball_device.bd_trough : State: ejecting
2024-05-14 22:59:40,045 : INFO : ball_device.bd_trough : Ejecting ball to <ball_device.bd_plunger>
2024-05-14 22:59:40,045 : INFO : EventManager : Event: ======'balldevice_bd_trough_ejecting_ball'====== Args={'balls': 1, 'target': <ball_device.bd_plunger>, 'source': <ball_device.bd_trough>, 'mechanical_eject': True, 'num_attempts': 2}
2024-05-14 22:59:40,045 : INFO : ball_device.bd_trough : Wait for ball to leave device
2024-05-14 22:59:40,046 : INFO : coil.c_trough_eject_coil : Pulsing Driver for 15ms (1.0 pulse_power)
2024-05-14 22:59:42,057 : INFO : EventManager : Event: ======'balldevice_bd_trough_ball_eject_failed'====== Args={'target': <ball_device.bd_plunger>, 'balls': 1, 'retry': True, 'num_attempts': 3}
2024-05-14 22:59:42,057 : INFO : ball_device.bd_trough : State: waiting_for_target_ready
2024-05-14 22:59:42,057 : INFO : EventManager : Event: ======'balldevice_bd_trough_ball_eject_attempt'====== Args={'balls': 1, 'target': <ball_device.bd_plunger>, 'source': <ball_device.bd_trough>, 'mechanical_eject': True, 'num_attempts': 3}
2024-05-14 22:59:42,057 : INFO : ball_device.bd_trough : State: ejecting
2024-05-14 22:59:42,057 : INFO : ball_device.bd_trough : Ejecting ball to <ball_device.bd_plunger>
2024-05-14 22:59:42,057 : INFO : EventManager : Event: ======'balldevice_bd_trough_ejecting_ball'====== Args={'balls': 1, 'target': <ball_device.bd_plunger>, 'source': <ball_device.bd_trough>, 'mechanical_eject': True, 'num_attempts': 3}
2024-05-14 22:59:42,057 : INFO : ball_device.bd_trough : Wait for ball to leave device
2024-05-14 22:59:42,057 : INFO : coil.c_trough_eject_coil : Pulsing Driver for 15ms (1.0 pulse_power)
2024-05-14 22:59:44,073 : INFO : EventManager : Event: ======'balldevice_bd_trough_ball_eject_failed'====== Args={'target': <ball_device.bd_plunger>, 'balls': 1, 'retry': True, 'num_attempts': 4}
2024-05-14 22:59:44,073 : INFO : ball_device.bd_trough : State: waiting_for_target_ready
2024-05-14 22:59:44,073 : INFO : EventManager : Event: ======'balldevice_bd_trough_ball_eject_attempt'====== Args={'balls': 1, 'target': <ball_device.bd_plunger>, 'source': <ball_device.bd_trough>, 'mechanical_eject': True, 'num_attempts': 4}
2024-05-14 22:59:44,074 : INFO : ball_device.bd_trough : State: ejecting
2024-05-14 22:59:44,074 : INFO : ball_device.bd_trough : Ejecting ball to <ball_device.bd_plunger>
2024-05-14 22:59:44,074 : INFO : EventManager : Event: ======'balldevice_bd_trough_ejecting_ball'====== Args={'balls': 1, 'target': <ball_device.bd_plunger>, 'source': <ball_device.bd_trough>, 'mechanical_eject': True, 'num_attempts': 4}
2024-05-14 22:59:44,074 : INFO : ball_device.bd_trough : Wait for ball to leave device
2024-05-14 22:59:44,074 : INFO : coil.c_trough_eject_coil : Pulsing Driver for 15ms (1.0 pulse_power)
2024-05-14 22:59:46,090 : INFO : EventManager : Event: ======'balldevice_bd_trough_ball_eject_failed'====== Args={'target': <ball_device.bd_plunger>, 'balls': 1, 'retry': True, 'num_attempts': 5}
2024-05-14 22:59:46,090 : INFO : ball_device.bd_trough : State: waiting_for_target_ready
2024-05-14 22:59:46,090 : INFO : EventManager : Event: ======'balldevice_bd_trough_ball_eject_attempt'====== Args={'balls': 1, 'target': <ball_device.bd_plunger>, 'source': <ball_device.bd_trough>, 'mechanical_eject': True, 'num_attempts': 5}
2024-05-14 22:59:46,090 : INFO : ball_device.bd_trough : State: ejecting
2024-05-14 22:59:46,090 : INFO : ball_device.bd_trough : Ejecting ball to <ball_device.bd_plunger>
2024-05-14 22:59:46,091 : INFO : EventManager : Event: ======'balldevice_bd_trough_ejecting_ball'====== Args={'balls': 1, 'target': <ball_device.bd_plunger>, 'source': <ball_device.bd_trough>, 'mechanical_eject': True, 'num_attempts': 5}
2024-05-14 22:59:46,091 : INFO : ball_device.bd_trough : Wait for ball to leave device
2024-05-14 22:59:46,091 : INFO : coil.c_trough_eject_coil : Pulsing Driver for 15ms (1.0 pulse_power)
2024-05-14 22:59:48,105 : INFO : EventManager : Event: ======'balldevice_bd_trough_ball_eject_failed'====== Args={'target': <ball_device.bd_plunger>, 'balls': 1, 'retry': True, 'num_attempts': 6}
2024-05-14 22:59:48,105 : INFO : ball_device.bd_trough : State: waiting_for_target_ready
2024-05-14 22:59:48,105 : INFO : EventManager : Event: ======'balldevice_bd_trough_ball_eject_attempt'====== Args={'balls': 1, 'target': <ball_device.bd_plunger>, 'source': <ball_device.bd_trough>, 'mechanical_eject': True, 'num_attempts': 6}
2024-05-14 22:59:48,105 : INFO : ball_device.bd_trough : State: ejecting
2024-05-14 22:59:48,105 : INFO : ball_device.bd_trough : Ejecting ball to <ball_device.bd_plunger>
2024-05-14 22:59:48,106 : INFO : EventManager : Event: ======'balldevice_bd_trough_ejecting_ball'====== Args={'balls': 1, 'target': <ball_device.bd_plunger>, 'source': <ball_device.bd_trough>, 'mechanical_eject': True, 'num_attempts': 6}
2024-05-14 22:59:48,106 : INFO : ball_device.bd_trough : Wait for ball to leave device
2024-05-14 22:59:48,106 : INFO : coil.c_trough_eject_coil : Pulsing Driver for 15ms (1.0 pulse_power)
2024-05-14 22:59:50,109 : INFO : EventManager : Event: ======'balldevice_bd_trough_ball_eject_failed'====== Args={'target': <ball_device.bd_plunger>, 'balls': 1, 'retry': True, 'num_attempts': 7}
2024-05-14 22:59:50,109 : INFO : ball_device.bd_trough : State: waiting_for_target_ready
2024-05-14 22:59:50,109 : INFO : EventManager : Event: ======'balldevice_bd_trough_ball_eject_attempt'====== Args={'balls': 1, 'target': <ball_device.bd_plunger>, 'source': <ball_device.bd_trough>, 'mechanical_eject': True, 'num_attempts': 7}
2024-05-14 22:59:50,109 : INFO : ball_device.bd_trough : State: ejecting
2024-05-14 22:59:50,110 : INFO : ball_device.bd_trough : Ejecting ball to <ball_device.bd_plunger>
2024-05-14 22:59:50,110 : INFO : EventManager : Event: ======'balldevice_bd_trough_ejecting_ball'====== Args={'balls': 1, 'target': <ball_device.bd_plunger>, 'source': <ball_device.bd_trough>, 'mechanical_eject': True, 'num_attempts': 7}
2024-05-14 22:59:50,110 : INFO : ball_device.bd_trough : Wait for ball to leave device
2024-05-14 22:59:50,110 : INFO : coil.c_trough_eject_coil : Pulsing Driver for 15ms (1.0 pulse_power)
2024-05-14 22:59:52,116 : INFO : EventManager : Event: ======'balldevice_bd_trough_ball_eject_failed'====== Args={'target': <ball_device.bd_plunger>, 'balls': 1, 'retry': True, 'num_attempts': 8}
2024-05-14 22:59:52,116 : INFO : ball_device.bd_trough : State: waiting_for_target_ready
2024-05-14 22:59:52,116 : INFO : EventManager : Event: ======'balldevice_bd_trough_ball_eject_attempt'====== Args={'balls': 1, 'target': <ball_device.bd_plunger>, 'source': <ball_device.bd_trough>, 'mechanical_eject': True, 'num_attempts': 8}
2024-05-14 22:59:52,117 : INFO : ball_device.bd_trough : State: ejecting
2024-05-14 22:59:52,117 : INFO : ball_device.bd_trough : Ejecting ball to <ball_device.bd_plunger>
2024-05-14 22:59:52,117 : INFO : EventManager : Event: ======'balldevice_bd_trough_ejecting_ball'====== Args={'balls': 1, 'target': <ball_device.bd_plunger>, 'source': <ball_device.bd_trough>, 'mechanical_eject': True, 'num_attempts': 8}
2024-05-14 22:59:52,117 : INFO : ball_device.bd_trough : Wait for ball to leave device
2024-05-14 22:59:52,117 : INFO : coil.c_trough_eject_coil : Pulsing Driver for 15ms (1.0 pulse_power)
2024-05-14 22:59:54,114 : INFO : EventManager : Event: ======'balldevice_bd_trough_ball_eject_failed'====== Args={'target': <ball_device.bd_plunger>, 'balls': 1, 'retry': True, 'num_attempts': 9}
2024-05-14 22:59:54,114 : INFO : ball_device.bd_trough : State: waiting_for_target_ready
2024-05-14 22:59:54,114 : INFO : EventManager : Event: ======'balldevice_bd_trough_ball_eject_attempt'====== Args={'balls': 1, 'target': <ball_device.bd_plunger>, 'source': <ball_device.bd_trough>, 'mechanical_eject': True, 'num_attempts': 9}
2024-05-14 22:59:54,114 : INFO : ball_device.bd_trough : State: ejecting
2024-05-14 22:59:54,114 : INFO : ball_device.bd_trough : Ejecting ball to <ball_device.bd_plunger>
2024-05-14 22:59:54,114 : INFO : EventManager : Event: ======'balldevice_bd_trough_ejecting_ball'====== Args={'balls': 1, 'target': <ball_device.bd_plunger>, 'source': <ball_device.bd_trough>, 'mechanical_eject': True, 'num_attempts': 9}
2024-05-14 22:59:54,115 : INFO : ball_device.bd_trough : Wait for ball to leave device
2024-05-14 22:59:54,115 : INFO : coil.c_trough_eject_coil : Pulsing Driver for 15ms (1.0 pulse_power)
2024-05-14 22:59:56,123 : INFO : EventManager : Event: ======'balldevice_bd_trough_ball_eject_failed'====== Args={'target': <ball_device.bd_plunger>, 'balls': 1, 'retry': True, 'num_attempts': 10}
2024-05-14 22:59:56,123 : INFO : ball_device.bd_trough : State: waiting_for_target_ready
2024-05-14 22:59:56,123 : INFO : EventManager : Event: ======'balldevice_bd_trough_ball_eject_attempt'====== Args={'balls': 1, 'target': <ball_device.bd_plunger>, 'source': <ball_device.bd_trough>, 'mechanical_eject': True, 'num_attempts': 10}
2024-05-14 22:59:56,123 : INFO : ball_device.bd_trough : State: ejecting
2024-05-14 22:59:56,123 : INFO : ball_device.bd_trough : Ejecting ball to <ball_device.bd_plunger>
2024-05-14 22:59:56,124 : INFO : EventManager : Event: ======'balldevice_bd_trough_ejecting_ball'====== Args={'balls': 1, 'target': <ball_device.bd_plunger>, 'source': <ball_device.bd_trough>, 'mechanical_eject': True, 'num_attempts': 10}
2024-05-14 22:59:56,124 : INFO : ball_device.bd_trough : Wait for ball to leave device
2024-05-14 22:59:56,124 : INFO : coil.c_trough_eject_coil : Pulsing Driver for 15ms (1.0 pulse_power)
2024-05-14 22:59:58,143 : INFO : EventManager : Event: ======'balldevice_bd_trough_ball_eject_failed'====== Args={'target': <ball_device.bd_plunger>, 'balls': 1, 'retry': True, 'num_attempts': 11}
2024-05-14 22:59:58,143 : INFO : ball_device.bd_trough : State: waiting_for_target_ready
2024-05-14 22:59:58,143 : INFO : EventManager : Event: ======'balldevice_bd_trough_ball_eject_attempt'====== Args={'balls': 1, 'target': <ball_device.bd_plunger>, 'source': <ball_device.bd_trough>, 'mechanical_eject': True, 'num_attempts': 11}
2024-05-14 22:59:58,144 : INFO : ball_device.bd_trough : State: ejecting
2024-05-14 22:59:58,144 : INFO : ball_device.bd_trough : Ejecting ball to <ball_device.bd_plunger>
2024-05-14 22:59:58,144 : INFO : EventManager : Event: ======'balldevice_bd_trough_ejecting_ball'====== Args={'balls': 1, 'target': <ball_device.bd_plunger>, 'source': <ball_device.bd_trough>, 'mechanical_eject': True, 'num_attempts': 11}
2024-05-14 22:59:58,144 : INFO : ball_device.bd_trough : Wait for ball to leave device
2024-05-14 22:59:58,144 : INFO : coil.c_trough_eject_coil : Pulsing Driver for 15ms (1.0 pulse_power)
2024-05-14 23:00:00,142 : INFO : EventManager : Event: ======'balldevice_bd_trough_ball_eject_failed'====== Args={'target': <ball_device.bd_plunger>, 'balls': 1, 'retry': True, 'num_attempts': 12}
2024-05-14 23:00:00,142 : INFO : ball_device.bd_trough : State: waiting_for_target_ready
2024-05-14 23:00:00,142 : INFO : EventManager : Event: ======'balldevice_bd_trough_ball_eject_attempt'====== Args={'balls': 1, 'target': <ball_device.bd_plunger>, 'source': <ball_device.bd_trough>, 'mechanical_eject': True, 'num_attempts': 12}
2024-05-14 23:00:00,142 : INFO : ball_device.bd_trough : State: ejecting
2024-05-14 23:00:00,142 : INFO : ball_device.bd_trough : Ejecting ball to <ball_device.bd_plunger>
2024-05-14 23:00:00,142 : INFO : EventManager : Event: ======'balldevice_bd_trough_ejecting_ball'====== Args={'balls': 1, 'target': <ball_device.bd_plunger>, 'source': <ball_device.bd_trough>, 'mechanical_eject': True, 'num_attempts': 12}
2024-05-14 23:00:00,143 : INFO : ball_device.bd_trough : Wait for ball to leave device
2024-05-14 23:00:00,143 : INFO : coil.c_trough_eject_coil : Pulsing Driver for 15ms (1.0 pulse_power)
2024-05-14 23:00:02,142 : INFO : EventManager : Event: ======'balldevice_bd_trough_ball_eject_failed'====== Args={'target': <ball_device.bd_plunger>, 'balls': 1, 'retry': True, 'num_attempts': 13}
2024-05-14 23:00:02,142 : INFO : ball_device.bd_trough : State: waiting_for_target_ready
2024-05-14 23:00:02,142 : INFO : EventManager : Event: ======'balldevice_bd_trough_ball_eject_attempt'====== Args={'balls': 1, 'target': <ball_device.bd_plunger>, 'source': <ball_device.bd_trough>, 'mechanical_eject': True, 'num_attempts': 13}
2024-05-14 23:00:02,142 : INFO : ball_device.bd_trough : State: ejecting
2024-05-14 23:00:02,142 : INFO : ball_device.bd_trough : Ejecting ball to <ball_device.bd_plunger>
2024-05-14 23:00:02,143 : INFO : EventManager : Event: ======'balldevice_bd_trough_ejecting_ball'====== Args={'balls': 1, 'target': <ball_device.bd_plunger>, 'source': <ball_device.bd_trough>, 'mechanical_eject': True, 'num_attempts': 13}
2024-05-14 23:00:02,143 : INFO : ball_device.bd_trough : Wait for ball to leave device
2024-05-14 23:00:02,143 : INFO : coil.c_trough_eject_coil : Pulsing Driver for 15ms (1.0 pulse_power)
2024-05-14 23:00:04,151 : INFO : EventManager : Event: ======'balldevice_bd_trough_ball_eject_failed'====== Args={'target': <ball_device.bd_plunger>, 'balls': 1, 'retry': True, 'num_attempts': 14}
2024-05-14 23:00:04,151 : INFO : ball_device.bd_trough : State: waiting_for_target_ready
2024-05-14 23:00:04,151 : INFO : EventManager : Event: ======'balldevice_bd_trough_ball_eject_attempt'====== Args={'balls': 1, 'target': <ball_device.bd_plunger>, 'source': <ball_device.bd_trough>, 'mechanical_eject': True, 'num_attempts': 14}
2024-05-14 23:00:04,151 : INFO : ball_device.bd_trough : State: ejecting
2024-05-14 23:00:04,151 : INFO : ball_device.bd_trough : Ejecting ball to <ball_device.bd_plunger>
2024-05-14 23:00:04,152 : INFO : EventManager : Event: ======'balldevice_bd_trough_ejecting_ball'====== Args={'balls': 1, 'target': <ball_device.bd_plunger>, 'source': <ball_device.bd_trough>, 'mechanical_eject': True, 'num_attempts': 14}
2024-05-14 23:00:04,152 : INFO : ball_device.bd_trough : Wait for ball to leave device
2024-05-14 23:00:04,152 : INFO : coil.c_trough_eject_coil : Pulsing Driver for 15ms (1.0 pulse_power)
2024-05-14 23:00:06,160 : INFO : EventManager : Event: ======'balldevice_bd_trough_ball_eject_failed'====== Args={'target': <ball_device.bd_plunger>, 'balls': 1, 'retry': True, 'num_attempts': 15}
2024-05-14 23:00:06,160 : INFO : ball_device.bd_trough : State: waiting_for_target_ready
2024-05-14 23:00:06,160 : INFO : EventManager : Event: ======'balldevice_bd_trough_ball_eject_attempt'====== Args={'balls': 1, 'target': <ball_device.bd_plunger>, 'source': <ball_device.bd_trough>, 'mechanical_eject': True, 'num_attempts': 15}
2024-05-14 23:00:06,160 : INFO : ball_device.bd_trough : State: ejecting
2024-05-14 23:00:06,160 : INFO : ball_device.bd_trough : Ejecting ball to <ball_device.bd_plunger>
2024-05-14 23:00:06,160 : INFO : EventManager : Event: ======'balldevice_bd_trough_ejecting_ball'====== Args={'balls': 1, 'target': <ball_device.bd_plunger>, 'source': <ball_device.bd_trough>, 'mechanical_eject': True, 'num_attempts': 15}
2024-05-14 23:00:06,161 : INFO : ball_device.bd_trough : Wait for ball to leave device
2024-05-14 23:00:06,161 : INFO : coil.c_trough_eject_coil : Pulsing Driver for 15ms (1.0 pulse_power)
2024-05-14 23:00:08,175 : INFO : EventManager : Event: ======'balldevice_bd_trough_ball_eject_failed'====== Args={'target': <ball_device.bd_plunger>, 'balls': 1, 'retry': True, 'num_attempts': 16}
2024-05-14 23:00:08,178 : INFO : ball_device.bd_trough : State: waiting_for_target_ready
2024-05-14 23:00:08,178 : INFO : EventManager : Event: ======'balldevice_bd_trough_ball_eject_attempt'====== Args={'balls': 1, 'target': <ball_device.bd_plunger>, 'source': <ball_device.bd_trough>, 'mechanical_eject': True, 'num_attempts': 16}
2024-05-14 23:00:08,178 : INFO : ball_device.bd_trough : State: ejecting
2024-05-14 23:00:08,178 : INFO : ball_device.bd_trough : Ejecting ball to <ball_device.bd_plunger>
2024-05-14 23:00:08,179 : INFO : EventManager : Event: ======'balldevice_bd_trough_ejecting_ball'====== Args={'balls': 1, 'target': <ball_device.bd_plunger>, 'source': <ball_device.bd_trough>, 'mechanical_eject': True, 'num_attempts': 16}
2024-05-14 23:00:08,179 : INFO : ball_device.bd_trough : Wait for ball to leave device
2024-05-14 23:00:08,179 : INFO : coil.c_trough_eject_coil : Pulsing Driver for 15ms (1.0 pulse_power)
2024-05-14 23:00:10,186 : INFO : EventManager : Event: ======'balldevice_bd_trough_ball_eject_failed'====== Args={'target': <ball_device.bd_plunger>, 'balls': 1, 'retry': True, 'num_attempts': 17}
2024-05-14 23:00:10,189 : INFO : ball_device.bd_trough : State: waiting_for_target_ready
2024-05-14 23:00:10,189 : INFO : EventManager : Event: ======'balldevice_bd_trough_ball_eject_attempt'====== Args={'balls': 1, 'target': <ball_device.bd_plunger>, 'source': <ball_device.bd_trough>, 'mechanical_eject': True, 'num_attempts': 17}
2024-05-14 23:00:10,189 : INFO : ball_device.bd_trough : State: ejecting
2024-05-14 23:00:10,189 : INFO : ball_device.bd_trough : Ejecting ball to <ball_device.bd_plunger>
2024-05-14 23:00:10,189 : INFO : EventManager : Event: ======'balldevice_bd_trough_ejecting_ball'====== Args={'balls': 1, 'target': <ball_device.bd_plunger>, 'source': <ball_device.bd_trough>, 'mechanical_eject': True, 'num_attempts': 17}
2024-05-14 23:00:10,189 : INFO : ball_device.bd_trough : Wait for ball to leave device
2024-05-14 23:00:10,189 : INFO : coil.c_trough_eject_coil : Pulsing Driver for 15ms (1.0 pulse_power)
2024-05-14 23:00:12,195 : INFO : EventManager : Event: ======'balldevice_bd_trough_ball_eject_failed'====== Args={'target': <ball_device.bd_plunger>, 'balls': 1, 'retry': True, 'num_attempts': 18}
2024-05-14 23:00:12,198 : INFO : ball_device.bd_trough : State: waiting_for_target_ready
2024-05-14 23:00:12,199 : INFO : EventManager : Event: ======'balldevice_bd_trough_ball_eject_attempt'====== Args={'balls': 1, 'target': <ball_device.bd_plunger>, 'source': <ball_device.bd_trough>, 'mechanical_eject': True, 'num_attempts': 18}
2024-05-14 23:00:12,199 : INFO : ball_device.bd_trough : State: ejecting
2024-05-14 23:00:12,199 : INFO : ball_device.bd_trough : Ejecting ball to <ball_device.bd_plunger>
2024-05-14 23:00:12,199 : INFO : EventManager : Event: ======'balldevice_bd_trough_ejecting_ball'====== Args={'balls': 1, 'target': <ball_device.bd_plunger>, 'source': <ball_device.bd_trough>, 'mechanical_eject': True, 'num_attempts': 18}
2024-05-14 23:00:12,199 : INFO : ball_device.bd_trough : Wait for ball to leave device
2024-05-14 23:00:12,199 : INFO : coil.c_trough_eject_coil : Pulsing Driver for 15ms (1.0 pulse_power)
2024-05-14 23:00:14,203 : INFO : EventManager : Event: ======'balldevice_bd_trough_ball_eject_failed'====== Args={'target': <ball_device.bd_plunger>, 'balls': 1, 'retry': True, 'num_attempts': 19}
2024-05-14 23:00:14,206 : INFO : ball_device.bd_trough : State: waiting_for_target_ready
2024-05-14 23:00:14,206 : INFO : EventManager : Event: ======'balldevice_bd_trough_ball_eject_attempt'====== Args={'balls': 1, 'target': <ball_device.bd_plunger>, 'source': <ball_device.bd_trough>, 'mechanical_eject': True, 'num_attempts': 19}
2024-05-14 23:00:14,206 : INFO : ball_device.bd_trough : State: ejecting
2024-05-14 23:00:14,206 : INFO : ball_device.bd_trough : Ejecting ball to <ball_device.bd_plunger>
2024-05-14 23:00:14,206 : INFO : EventManager : Event: ======'balldevice_bd_trough_ejecting_ball'====== Args={'balls': 1, 'target': <ball_device.bd_plunger>, 'source': <ball_device.bd_trough>, 'mechanical_eject': True, 'num_attempts': 19}
2024-05-14 23:00:14,206 : INFO : ball_device.bd_trough : Wait for ball to leave device
2024-05-14 23:00:14,206 : INFO : coil.c_trough_eject_coil : Pulsing Driver for 15ms (1.0 pulse_power)
2024-05-14 23:00:16,207 : INFO : EventManager : Event: ======'balldevice_bd_trough_ball_eject_failed'====== Args={'target': <ball_device.bd_plunger>, 'balls': 1, 'retry': True, 'num_attempts': 20}
2024-05-14 23:00:16,209 : INFO : ball_device.bd_trough : State: waiting_for_target_ready
2024-05-14 23:00:16,210 : INFO : EventManager : Event: ======'balldevice_bd_trough_ball_eject_attempt'====== Args={'balls': 1, 'target': <ball_device.bd_plunger>, 'source': <ball_device.bd_trough>, 'mechanical_eject': True, 'num_attempts': 20}
2024-05-14 23:00:16,210 : INFO : ball_device.bd_trough : State: ejecting
2024-05-14 23:00:16,210 : INFO : ball_device.bd_trough : Ejecting ball to <ball_device.bd_plunger>
2024-05-14 23:00:16,210 : INFO : EventManager : Event: ======'balldevice_bd_trough_ejecting_ball'====== Args={'balls': 1, 'target': <ball_device.bd_plunger>, 'source': <ball_device.bd_trough>, 'mechanical_eject': True, 'num_attempts': 20}
2024-05-14 23:00:16,210 : INFO : ball_device.bd_trough : Wait for ball to leave device
2024-05-14 23:00:16,210 : INFO : coil.c_trough_eject_coil : Pulsing Driver for 15ms (1.0 pulse_power)
2024-05-14 23:00:18,203 : INFO : EventManager : Event: ======'balldevice_bd_trough_ball_eject_failed'====== Args={'target': <ball_device.bd_plunger>, 'balls': 1, 'retry': True, 'num_attempts': 21}
2024-05-14 23:00:18,204 : INFO : ball_device.bd_trough : State: waiting_for_target_ready
2024-05-14 23:00:18,204 : INFO : EventManager : Event: ======'balldevice_bd_trough_ball_eject_attempt'====== Args={'balls': 1, 'target': <ball_device.bd_plunger>, 'source': <ball_device.bd_trough>, 'mechanical_eject': True, 'num_attempts': 21}
2024-05-14 23:00:18,204 : INFO : ball_device.bd_trough : State: ejecting
2024-05-14 23:00:18,204 : INFO : ball_device.bd_trough : Ejecting ball to <ball_device.bd_plunger>
2024-05-14 23:00:18,204 : INFO : EventManager : Event: ======'balldevice_bd_trough_ejecting_ball'====== Args={'balls': 1, 'target': <ball_device.bd_plunger>, 'source': <ball_device.bd_trough>, 'mechanical_eject': True, 'num_attempts': 21}
2024-05-14 23:00:18,204 : INFO : ball_device.bd_trough : Wait for ball to leave device
2024-05-14 23:00:18,204 : INFO : coil.c_trough_eject_coil : Pulsing Driver for 15ms (1.0 pulse_power)
2024-05-14 23:00:20,202 : INFO : EventManager : Event: ======'balldevice_bd_trough_ball_eject_failed'====== Args={'target': <ball_device.bd_plunger>, 'balls': 1, 'retry': True, 'num_attempts': 22}
2024-05-14 23:00:20,205 : INFO : ball_device.bd_trough : State: waiting_for_target_ready
2024-05-14 23:00:20,205 : INFO : EventManager : Event: ======'balldevice_bd_trough_ball_eject_attempt'====== Args={'balls': 1, 'target': <ball_device.bd_plunger>, 'source': <ball_device.bd_trough>, 'mechanical_eject': True, 'num_attempts': 22}
2024-05-14 23:00:20,205 : INFO : ball_device.bd_trough : State: ejecting
2024-05-14 23:00:20,205 : INFO : ball_device.bd_trough : Ejecting ball to <ball_device.bd_plunger>
2024-05-14 23:00:20,206 : INFO : EventManager : Event: ======'balldevice_bd_trough_ejecting_ball'====== Args={'balls': 1, 'target': <ball_device.bd_plunger>, 'source': <ball_device.bd_trough>, 'mechanical_eject': True, 'num_attempts': 22}
2024-05-14 23:00:20,206 : INFO : ball_device.bd_trough : Wait for ball to leave device
2024-05-14 23:00:20,206 : INFO : coil.c_trough_eject_coil : Pulsing Driver for 15ms (1.0 pulse_power)
2024-05-14 23:00:22,201 : INFO : EventManager : Event: ======'balldevice_bd_trough_ball_eject_failed'====== Args={'target': <ball_device.bd_plunger>, 'balls': 1, 'retry': True, 'num_attempts': 23}
2024-05-14 23:00:22,204 : INFO : ball_device.bd_trough : State: waiting_for_target_ready
2024-05-14 23:00:22,204 : INFO : EventManager : Event: ======'balldevice_bd_trough_ball_eject_attempt'====== Args={'balls': 1, 'target': <ball_device.bd_plunger>, 'source': <ball_device.bd_trough>, 'mechanical_eject': True, 'num_attempts': 23}
2024-05-14 23:00:22,205 : INFO : ball_device.bd_trough : State: ejecting
2024-05-14 23:00:22,205 : INFO : ball_device.bd_trough : Ejecting ball to <ball_device.bd_plunger>
2024-05-14 23:00:22,205 : INFO : EventManager : Event: ======'balldevice_bd_trough_ejecting_ball'====== Args={'balls': 1, 'target': <ball_device.bd_plunger>, 'source': <ball_device.bd_trough>, 'mechanical_eject': True, 'num_attempts': 23}
2024-05-14 23:00:22,205 : INFO : ball_device.bd_trough : Wait for ball to leave device
2024-05-14 23:00:22,205 : INFO : coil.c_trough_eject_coil : Pulsing Driver for 15ms (1.0 pulse_power)
2024-05-14 23:00:24,209 : INFO : EventManager : Event: ======'balldevice_bd_trough_ball_eject_failed'====== Args={'target': <ball_device.bd_plunger>, 'balls': 1, 'retry': True, 'num_attempts': 24}
2024-05-14 23:00:24,210 : INFO : ball_device.bd_trough : State: waiting_for_target_ready
2024-05-14 23:00:24,210 : INFO : EventManager : Event: ======'balldevice_bd_trough_ball_eject_attempt'====== Args={'balls': 1, 'target': <ball_device.bd_plunger>, 'source': <ball_device.bd_trough>, 'mechanical_eject': True, 'num_attempts': 24}
2024-05-14 23:00:24,210 : INFO : ball_device.bd_trough : State: ejecting
2024-05-14 23:00:24,210 : INFO : ball_device.bd_trough : Ejecting ball to <ball_device.bd_plunger>
2024-05-14 23:00:24,210 : INFO : EventManager : Event: ======'balldevice_bd_trough_ejecting_ball'====== Args={'balls': 1, 'target': <ball_device.bd_plunger>, 'source': <ball_device.bd_trough>, 'mechanical_eject': True, 'num_attempts': 24}
2024-05-14 23:00:24,210 : INFO : ball_device.bd_trough : Wait for ball to leave device
2024-05-14 23:00:24,210 : INFO : coil.c_trough_eject_coil : Pulsing Driver for 15ms (1.0 pulse_power)
2024-05-14 23:00:26,202 : INFO : EventManager : Event: ======'balldevice_bd_trough_ball_eject_failed'====== Args={'target': <ball_device.bd_plunger>, 'balls': 1, 'retry': True, 'num_attempts': 25}
2024-05-14 23:00:26,203 : INFO : ball_device.bd_trough : State: waiting_for_target_ready
2024-05-14 23:00:26,203 : INFO : EventManager : Event: ======'balldevice_bd_trough_ball_eject_attempt'====== Args={'balls': 1, 'target': <ball_device.bd_plunger>, 'source': <ball_device.bd_trough>, 'mechanical_eject': True, 'num_attempts': 25}
2024-05-14 23:00:26,203 : INFO : ball_device.bd_trough : State: ejecting
2024-05-14 23:00:26,203 : INFO : ball_device.bd_trough : Ejecting ball to <ball_device.bd_plunger>
2024-05-14 23:00:26,203 : INFO : EventManager : Event: ======'balldevice_bd_trough_ejecting_ball'====== Args={'balls': 1, 'target': <ball_device.bd_plunger>, 'source': <ball_device.bd_trough>, 'mechanical_eject': True, 'num_attempts': 25}
2024-05-14 23:00:26,203 : INFO : ball_device.bd_trough : Wait for ball to leave device
2024-05-14 23:00:26,203 : INFO : coil.c_trough_eject_coil : Pulsing Driver for 15ms (1.0 pulse_power)
2024-05-14 23:00:28,222 : INFO : EventManager : Event: ======'balldevice_bd_trough_ball_eject_failed'====== Args={'target': <ball_device.bd_plunger>, 'balls': 1, 'retry': True, 'num_attempts': 26}
2024-05-14 23:00:28,223 : INFO : ball_device.bd_trough : State: waiting_for_target_ready
2024-05-14 23:00:28,223 : INFO : EventManager : Event: ======'balldevice_bd_trough_ball_eject_attempt'====== Args={'balls': 1, 'target': <ball_device.bd_plunger>, 'source': <ball_device.bd_trough>, 'mechanical_eject': True, 'num_attempts': 26}
2024-05-14 23:00:28,223 : INFO : ball_device.bd_trough : State: ejecting
2024-05-14 23:00:28,223 : INFO : ball_device.bd_trough : Ejecting ball to <ball_device.bd_plunger>
2024-05-14 23:00:28,223 : INFO : EventManager : Event: ======'balldevice_bd_trough_ejecting_ball'====== Args={'balls': 1, 'target': <ball_device.bd_plunger>, 'source': <ball_device.bd_trough>, 'mechanical_eject': True, 'num_attempts': 26}
2024-05-14 23:00:28,223 : INFO : ball_device.bd_trough : Wait for ball to leave device
2024-05-14 23:00:28,224 : INFO : coil.c_trough_eject_coil : Pulsing Driver for 15ms (1.0 pulse_power)
2024-05-14 23:00:30,236 : INFO : EventManager : Event: ======'balldevice_bd_trough_ball_eject_failed'====== Args={'target': <ball_device.bd_plunger>, 'balls': 1, 'retry': True, 'num_attempts': 27}
2024-05-14 23:00:30,236 : INFO : ball_device.bd_trough : State: waiting_for_target_ready
2024-05-14 23:00:30,237 : INFO : EventManager : Event: ======'balldevice_bd_trough_ball_eject_attempt'====== Args={'balls': 1, 'target': <ball_device.bd_plunger>, 'source': <ball_device.bd_trough>, 'mechanical_eject': True, 'num_attempts': 27}
2024-05-14 23:00:30,237 : INFO : ball_device.bd_trough : State: ejecting
2024-05-14 23:00:30,237 : INFO : ball_device.bd_trough : Ejecting ball to <ball_device.bd_plunger>
2024-05-14 23:00:30,237 : INFO : EventManager : Event: ======'balldevice_bd_trough_ejecting_ball'====== Args={'balls': 1, 'target': <ball_device.bd_plunger>, 'source': <ball_device.bd_trough>, 'mechanical_eject': True, 'num_attempts': 27}
2024-05-14 23:00:30,237 : INFO : ball_device.bd_trough : Wait for ball to leave device
2024-05-14 23:00:30,237 : INFO : coil.c_trough_eject_coil : Pulsing Driver for 15ms (1.0 pulse_power)
2024-05-14 23:00:32,241 : INFO : EventManager : Event: ======'balldevice_bd_trough_ball_eject_failed'====== Args={'target': <ball_device.bd_plunger>, 'balls': 1, 'retry': True, 'num_attempts': 28}
2024-05-14 23:00:32,241 : INFO : ball_device.bd_trough : State: waiting_for_target_ready
2024-05-14 23:00:32,241 : INFO : EventManager : Event: ======'balldevice_bd_trough_ball_eject_attempt'====== Args={'balls': 1, 'target': <ball_device.bd_plunger>, 'source': <ball_device.bd_trough>, 'mechanical_eject': True, 'num_attempts': 28}
2024-05-14 23:00:32,241 : INFO : ball_device.bd_trough : State: ejecting
2024-05-14 23:00:32,241 : INFO : ball_device.bd_trough : Ejecting ball to <ball_device.bd_plunger>
2024-05-14 23:00:32,242 : INFO : EventManager : Event: ======'balldevice_bd_trough_ejecting_ball'====== Args={'balls': 1, 'target': <ball_device.bd_plunger>, 'source': <ball_device.bd_trough>, 'mechanical_eject': True, 'num_attempts': 28}
2024-05-14 23:00:32,242 : INFO : ball_device.bd_trough : Wait for ball to leave device
2024-05-14 23:00:32,242 : INFO : coil.c_trough_eject_coil : Pulsing Driver for 15ms (1.0 pulse_power)
2024-05-14 23:00:34,242 : INFO : EventManager : Event: ======'balldevice_bd_trough_ball_eject_failed'====== Args={'target': <ball_device.bd_plunger>, 'balls': 1, 'retry': True, 'num_attempts': 29}
2024-05-14 23:00:34,242 : INFO : ball_device.bd_trough : State: waiting_for_target_ready
2024-05-14 23:00:34,242 : INFO : EventManager : Event: ======'balldevice_bd_trough_ball_eject_attempt'====== Args={'balls': 1, 'target': <ball_device.bd_plunger>, 'source': <ball_device.bd_trough>, 'mechanical_eject': True, 'num_attempts': 29}
2024-05-14 23:00:34,242 : INFO : ball_device.bd_trough : State: ejecting
2024-05-14 23:00:34,242 : INFO : ball_device.bd_trough : Ejecting ball to <ball_device.bd_plunger>
2024-05-14 23:00:34,243 : INFO : EventManager : Event: ======'balldevice_bd_trough_ejecting_ball'====== Args={'balls': 1, 'target': <ball_device.bd_plunger>, 'source': <ball_device.bd_trough>, 'mechanical_eject': True, 'num_attempts': 29}
2024-05-14 23:00:34,243 : INFO : ball_device.bd_trough : Wait for ball to leave device
2024-05-14 23:00:34,243 : INFO : coil.c_trough_eject_coil : Pulsing Driver for 15ms (1.0 pulse_power)
2024-05-14 23:00:36,214 : INFO : EventManager : Event: ======'balldevice_bd_trough_ball_eject_failed'====== Args={'target': <ball_device.bd_plunger>, 'balls': 1, 'retry': True, 'num_attempts': 30}
2024-05-14 23:00:36,215 : INFO : ball_device.bd_trough : State: waiting_for_target_ready
2024-05-14 23:00:36,215 : INFO : EventManager : Event: ======'balldevice_bd_trough_ball_eject_attempt'====== Args={'balls': 1, 'target': <ball_device.bd_plunger>, 'source': <ball_device.bd_trough>, 'mechanical_eject': True, 'num_attempts': 30}
2024-05-14 23:00:36,215 : INFO : ball_device.bd_trough : State: ejecting
2024-05-14 23:00:36,215 : INFO : ball_device.bd_trough : Ejecting ball to <ball_device.bd_plunger>
2024-05-14 23:00:36,215 : INFO : EventManager : Event: ======'balldevice_bd_trough_ejecting_ball'====== Args={'balls': 1, 'target': <ball_device.bd_plunger>, 'source': <ball_device.bd_trough>, 'mechanical_eject': True, 'num_attempts': 30}
2024-05-14 23:00:36,215 : INFO : ball_device.bd_trough : Wait for ball to leave device
2024-05-14 23:00:36,216 : INFO : coil.c_trough_eject_coil : Pulsing Driver for 15ms (1.0 pulse_power)
2024-05-14 23:00:38,234 : INFO : EventManager : Event: ======'balldevice_bd_trough_ball_eject_failed'====== Args={'target': <ball_device.bd_plunger>, 'balls': 1, 'retry': True, 'num_attempts': 31}
2024-05-14 23:00:38,235 : INFO : ball_device.bd_trough : State: waiting_for_target_ready
2024-05-14 23:00:38,235 : INFO : EventManager : Event: ======'balldevice_bd_trough_ball_eject_attempt'====== Args={'balls': 1, 'target': <ball_device.bd_plunger>, 'source': <ball_device.bd_trough>, 'mechanical_eject': True, 'num_attempts': 31}
2024-05-14 23:00:38,235 : INFO : ball_device.bd_trough : State: ejecting
2024-05-14 23:00:38,235 : INFO : ball_device.bd_trough : Ejecting ball to <ball_device.bd_plunger>
2024-05-14 23:00:38,235 : INFO : EventManager : Event: ======'balldevice_bd_trough_ejecting_ball'====== Args={'balls': 1, 'target': <ball_device.bd_plunger>, 'source': <ball_device.bd_trough>, 'mechanical_eject': True, 'num_attempts': 31}
2024-05-14 23:00:38,235 : INFO : ball_device.bd_trough : Wait for ball to leave device
2024-05-14 23:00:38,235 : INFO : coil.c_trough_eject_coil : Pulsing Driver for 15ms (1.0 pulse_power)
2024-05-14 23:00:40,229 : INFO : EventManager : Event: ======'balldevice_bd_trough_ball_eject_failed'====== Args={'target': <ball_device.bd_plunger>, 'balls': 1, 'retry': True, 'num_attempts': 32}
2024-05-14 23:00:40,230 : INFO : ball_device.bd_trough : State: waiting_for_target_ready
2024-05-14 23:00:40,230 : INFO : EventManager : Event: ======'balldevice_bd_trough_ball_eject_attempt'====== Args={'balls': 1, 'target': <ball_device.bd_plunger>, 'source': <ball_device.bd_trough>, 'mechanical_eject': True, 'num_attempts': 32}
2024-05-14 23:00:40,230 : INFO : ball_device.bd_trough : State: ejecting
2024-05-14 23:00:40,230 : INFO : ball_device.bd_trough : Ejecting ball to <ball_device.bd_plunger>
2024-05-14 23:00:40,230 : INFO : EventManager : Event: ======'balldevice_bd_trough_ejecting_ball'====== Args={'balls': 1, 'target': <ball_device.bd_plunger>, 'source': <ball_device.bd_trough>, 'mechanical_eject': True, 'num_attempts': 32}
2024-05-14 23:00:40,230 : INFO : ball_device.bd_trough : Wait for ball to leave device
2024-05-14 23:00:40,230 : INFO : coil.c_trough_eject_coil : Pulsing Driver for 15ms (1.0 pulse_power)
2024-05-14 23:00:42,216 : INFO : EventManager : Event: ======'balldevice_bd_trough_ball_eject_failed'====== Args={'target': <ball_device.bd_plunger>, 'balls': 1, 'retry': True, 'num_attempts': 33}
2024-05-14 23:00:42,217 : INFO : ball_device.bd_trough : State: waiting_for_target_ready
2024-05-14 23:00:42,217 : INFO : EventManager : Event: ======'balldevice_bd_trough_ball_eject_attempt'====== Args={'balls': 1, 'target': <ball_device.bd_plunger>, 'source': <ball_device.bd_trough>, 'mechanical_eject': True, 'num_attempts': 33}
2024-05-14 23:00:42,217 : INFO : ball_device.bd_trough : State: ejecting
2024-05-14 23:00:42,217 : INFO : ball_device.bd_trough : Ejecting ball to <ball_device.bd_plunger>
2024-05-14 23:00:42,217 : INFO : EventManager : Event: ======'balldevice_bd_trough_ejecting_ball'====== Args={'balls': 1, 'target': <ball_device.bd_plunger>, 'source': <ball_device.bd_trough>, 'mechanical_eject': True, 'num_attempts': 33}
2024-05-14 23:00:42,217 : INFO : ball_device.bd_trough : Wait for ball to leave device
2024-05-14 23:00:42,217 : INFO : coil.c_trough_eject_coil : Pulsing Driver for 15ms (1.0 pulse_power)
2024-05-14 23:00:44,215 : INFO : EventManager : Event: ======'balldevice_bd_trough_ball_eject_failed'====== Args={'target': <ball_device.bd_plunger>, 'balls': 1, 'retry': True, 'num_attempts': 34}
2024-05-14 23:00:44,215 : INFO : ball_device.bd_trough : State: waiting_for_target_ready
2024-05-14 23:00:44,216 : INFO : EventManager : Event: ======'balldevice_bd_trough_ball_eject_attempt'====== Args={'balls': 1, 'target': <ball_device.bd_plunger>, 'source': <ball_device.bd_trough>, 'mechanical_eject': True, 'num_attempts': 34}
2024-05-14 23:00:44,216 : INFO : ball_device.bd_trough : State: ejecting
2024-05-14 23:00:44,216 : INFO : ball_device.bd_trough : Ejecting ball to <ball_device.bd_plunger>
2024-05-14 23:00:44,216 : INFO : EventManager : Event: ======'balldevice_bd_trough_ejecting_ball'====== Args={'balls': 1, 'target': <ball_device.bd_plunger>, 'source': <ball_device.bd_trough>, 'mechanical_eject': True, 'num_attempts': 34}
2024-05-14 23:00:44,216 : INFO : ball_device.bd_trough : Wait for ball to leave device
2024-05-14 23:00:44,216 : INFO : coil.c_trough_eject_coil : Pulsing Driver for 15ms (1.0 pulse_power)
2024-05-14 23:00:46,215 : INFO : EventManager : Event: ======'balldevice_bd_trough_ball_eject_failed'====== Args={'target': <ball_device.bd_plunger>, 'balls': 1, 'retry': True, 'num_attempts': 35}
2024-05-14 23:00:46,215 : INFO : ball_device.bd_trough : State: waiting_for_target_ready
2024-05-14 23:00:46,216 : INFO : EventManager : Event: ======'balldevice_bd_trough_ball_eject_attempt'====== Args={'balls': 1, 'target': <ball_device.bd_plunger>, 'source': <ball_device.bd_trough>, 'mechanical_eject': True, 'num_attempts': 35}
2024-05-14 23:00:46,216 : INFO : ball_device.bd_trough : State: ejecting
2024-05-14 23:00:46,216 : INFO : ball_device.bd_trough : Ejecting ball to <ball_device.bd_plunger>
2024-05-14 23:00:46,216 : INFO : EventManager : Event: ======'balldevice_bd_trough_ejecting_ball'====== Args={'balls': 1, 'target': <ball_device.bd_plunger>, 'source': <ball_device.bd_trough>, 'mechanical_eject': True, 'num_attempts': 35}
2024-05-14 23:00:46,216 : INFO : ball_device.bd_trough : Wait for ball to leave device
2024-05-14 23:00:46,216 : INFO : coil.c_trough_eject_coil : Pulsing Driver for 15ms (1.0 pulse_power)
2024-05-14 23:00:48,217 : INFO : EventManager : Event: ======'balldevice_bd_trough_ball_eject_failed'====== Args={'target': <ball_device.bd_plunger>, 'balls': 1, 'retry': True, 'num_attempts': 36}
2024-05-14 23:00:48,218 : INFO : ball_device.bd_trough : State: waiting_for_target_ready
2024-05-14 23:00:48,218 : INFO : EventManager : Event: ======'balldevice_bd_trough_ball_eject_attempt'====== Args={'balls': 1, 'target': <ball_device.bd_plunger>, 'source': <ball_device.bd_trough>, 'mechanical_eject': True, 'num_attempts': 36}
2024-05-14 23:00:48,218 : INFO : ball_device.bd_trough : State: ejecting
2024-05-14 23:00:48,218 : INFO : ball_device.bd_trough : Ejecting ball to <ball_device.bd_plunger>
2024-05-14 23:00:48,218 : INFO : EventManager : Event: ======'balldevice_bd_trough_ejecting_ball'====== Args={'balls': 1, 'target': <ball_device.bd_plunger>, 'source': <ball_device.bd_trough>, 'mechanical_eject': True, 'num_attempts': 36}
2024-05-14 23:00:48,218 : INFO : ball_device.bd_trough : Wait for ball to leave device
2024-05-14 23:00:48,218 : INFO : coil.c_trough_eject_coil : Pulsing Driver for 15ms (1.0 pulse_power)
2024-05-14 23:00:50,225 : INFO : EventManager : Event: ======'balldevice_bd_trough_ball_eject_failed'====== Args={'target': <ball_device.bd_plunger>, 'balls': 1, 'retry': True, 'num_attempts': 37}
2024-05-14 23:00:50,225 : INFO : ball_device.bd_trough : State: waiting_for_target_ready
2024-05-14 23:00:50,225 : INFO : EventManager : Event: ======'balldevice_bd_trough_ball_eject_attempt'====== Args={'balls': 1, 'target': <ball_device.bd_plunger>, 'source': <ball_device.bd_trough>, 'mechanical_eject': True, 'num_attempts': 37}
2024-05-14 23:00:50,225 : INFO : ball_device.bd_trough : State: ejecting
2024-05-14 23:00:50,225 : INFO : ball_device.bd_trough : Ejecting ball to <ball_device.bd_plunger>
2024-05-14 23:00:50,225 : INFO : EventManager : Event: ======'balldevice_bd_trough_ejecting_ball'====== Args={'balls': 1, 'target': <ball_device.bd_plunger>, 'source': <ball_device.bd_trough>, 'mechanical_eject': True, 'num_attempts': 37}
2024-05-14 23:00:50,226 : INFO : ball_device.bd_trough : Wait for ball to leave device
2024-05-14 23:00:50,226 : INFO : coil.c_trough_eject_coil : Pulsing Driver for 15ms (1.0 pulse_power)
2024-05-14 23:00:52,225 : INFO : EventManager : Event: ======'balldevice_bd_trough_ball_eject_failed'====== Args={'target': <ball_device.bd_plunger>, 'balls': 1, 'retry': True, 'num_attempts': 38}
2024-05-14 23:00:52,225 : INFO : ball_device.bd_trough : State: waiting_for_target_ready
2024-05-14 23:00:52,225 : INFO : EventManager : Event: ======'balldevice_bd_trough_ball_eject_attempt'====== Args={'balls': 1, 'target': <ball_device.bd_plunger>, 'source': <ball_device.bd_trough>, 'mechanical_eject': True, 'num_attempts': 38}
2024-05-14 23:00:52,225 : INFO : ball_device.bd_trough : State: ejecting
2024-05-14 23:00:52,225 : INFO : ball_device.bd_trough : Ejecting ball to <ball_device.bd_plunger>
2024-05-14 23:00:52,225 : INFO : EventManager : Event: ======'balldevice_bd_trough_ejecting_ball'====== Args={'balls': 1, 'target': <ball_device.bd_plunger>, 'source': <ball_device.bd_trough>, 'mechanical_eject': True, 'num_attempts': 38}
2024-05-14 23:00:52,226 : INFO : ball_device.bd_trough : Wait for ball to leave device
2024-05-14 23:00:52,226 : INFO : coil.c_trough_eject_coil : Pulsing Driver for 15ms (1.0 pulse_power)
2024-05-14 23:00:54,220 : INFO : EventManager : Event: ======'balldevice_bd_trough_ball_eject_failed'====== Args={'target': <ball_device.bd_plunger>, 'balls': 1, 'retry': True, 'num_attempts': 39}
2024-05-14 23:00:54,221 : INFO : ball_device.bd_trough : State: waiting_for_target_ready
2024-05-14 23:00:54,221 : INFO : EventManager : Event: ======'balldevice_bd_trough_ball_eject_attempt'====== Args={'balls': 1, 'target': <ball_device.bd_plunger>, 'source': <ball_device.bd_trough>, 'mechanical_eject': True, 'num_attempts': 39}
2024-05-14 23:00:54,221 : INFO : ball_device.bd_trough : State: ejecting
2024-05-14 23:00:54,221 : INFO : ball_device.bd_trough : Ejecting ball to <ball_device.bd_plunger>
2024-05-14 23:00:54,221 : INFO : EventManager : Event: ======'balldevice_bd_trough_ejecting_ball'====== Args={'balls': 1, 'target': <ball_device.bd_plunger>, 'source': <ball_device.bd_trough>, 'mechanical_eject': True, 'num_attempts': 39}
2024-05-14 23:00:54,221 : INFO : ball_device.bd_trough : Wait for ball to leave device
2024-05-14 23:00:54,222 : INFO : coil.c_trough_eject_coil : Pulsing Driver for 15ms (1.0 pulse_power)
2024-05-14 23:00:56,217 : INFO : EventManager : Event: ======'balldevice_bd_trough_ball_eject_failed'====== Args={'target': <ball_device.bd_plunger>, 'balls': 1, 'retry': True, 'num_attempts': 40}
2024-05-14 23:00:56,217 : INFO : ball_device.bd_trough : State: waiting_for_target_ready
2024-05-14 23:00:56,217 : INFO : EventManager : Event: ======'balldevice_bd_trough_ball_eject_attempt'====== Args={'balls': 1, 'target': <ball_device.bd_plunger>, 'source': <ball_device.bd_trough>, 'mechanical_eject': True, 'num_attempts': 40}
2024-05-14 23:00:56,218 : INFO : ball_device.bd_trough : State: ejecting
2024-05-14 23:00:56,218 : INFO : ball_device.bd_trough : Ejecting ball to <ball_device.bd_plunger>
2024-05-14 23:00:56,218 : INFO : EventManager : Event: ======'balldevice_bd_trough_ejecting_ball'====== Args={'balls': 1, 'target': <ball_device.bd_plunger>, 'source': <ball_device.bd_trough>, 'mechanical_eject': True, 'num_attempts': 40}
2024-05-14 23:00:56,218 : INFO : ball_device.bd_trough : Wait for ball to leave device
2024-05-14 23:00:56,218 : INFO : coil.c_trough_eject_coil : Pulsing Driver for 15ms (1.0 pulse_power)
2024-05-14 23:00:58,220 : INFO : EventManager : Event: ======'balldevice_bd_trough_ball_eject_failed'====== Args={'target': <ball_device.bd_plunger>, 'balls': 1, 'retry': True, 'num_attempts': 41}
2024-05-14 23:00:58,220 : INFO : ball_device.bd_trough : State: waiting_for_target_ready
2024-05-14 23:00:58,220 : INFO : EventManager : Event: ======'balldevice_bd_trough_ball_eject_attempt'====== Args={'balls': 1, 'target': <ball_device.bd_plunger>, 'source': <ball_device.bd_trough>, 'mechanical_eject': True, 'num_attempts': 41}
2024-05-14 23:00:58,220 : INFO : ball_device.bd_trough : State: ejecting
2024-05-14 23:00:58,220 : INFO : ball_device.bd_trough : Ejecting ball to <ball_device.bd_plunger>
2024-05-14 23:00:58,221 : INFO : EventManager : Event: ======'balldevice_bd_trough_ejecting_ball'====== Args={'balls': 1, 'target': <ball_device.bd_plunger>, 'source': <ball_device.bd_trough>, 'mechanical_eject': True, 'num_attempts': 41}
2024-05-14 23:00:58,221 : INFO : ball_device.bd_trough : Wait for ball to leave device
2024-05-14 23:00:58,221 : INFO : coil.c_trough_eject_coil : Pulsing Driver for 15ms (1.0 pulse_power)
2024-05-14 23:01:00,220 : INFO : EventManager : Event: ======'balldevice_bd_trough_ball_eject_failed'====== Args={'target': <ball_device.bd_plunger>, 'balls': 1, 'retry': True, 'num_attempts': 42}
2024-05-14 23:01:00,221 : INFO : ball_device.bd_trough : State: waiting_for_target_ready
2024-05-14 23:01:00,221 : INFO : EventManager : Event: ======'balldevice_bd_trough_ball_eject_attempt'====== Args={'balls': 1, 'target': <ball_device.bd_plunger>, 'source': <ball_device.bd_trough>, 'mechanical_eject': True, 'num_attempts': 42}
2024-05-14 23:01:00,221 : INFO : ball_device.bd_trough : State: ejecting
2024-05-14 23:01:00,221 : INFO : ball_device.bd_trough : Ejecting ball to <ball_device.bd_plunger>
2024-05-14 23:01:00,221 : INFO : EventManager : Event: ======'balldevice_bd_trough_ejecting_ball'====== Args={'balls': 1, 'target': <ball_device.bd_plunger>, 'source': <ball_device.bd_trough>, 'mechanical_eject': True, 'num_attempts': 42}
2024-05-14 23:01:00,221 : INFO : ball_device.bd_trough : Wait for ball to leave device
2024-05-14 23:01:00,222 : INFO : coil.c_trough_eject_coil : Pulsing Driver for 15ms (1.0 pulse_power)
2024-05-14 23:01:02,226 : INFO : EventManager : Event: ======'balldevice_bd_trough_ball_eject_failed'====== Args={'target': <ball_device.bd_plunger>, 'balls': 1, 'retry': True, 'num_attempts': 43}
2024-05-14 23:01:02,226 : INFO : ball_device.bd_trough : State: waiting_for_target_ready
2024-05-14 23:01:02,226 : INFO : EventManager : Event: ======'balldevice_bd_trough_ball_eject_attempt'====== Args={'balls': 1, 'target': <ball_device.bd_plunger>, 'source': <ball_device.bd_trough>, 'mechanical_eject': True, 'num_attempts': 43}
2024-05-14 23:01:02,226 : INFO : ball_device.bd_trough : State: ejecting
2024-05-14 23:01:02,226 : INFO : ball_device.bd_trough : Ejecting ball to <ball_device.bd_plunger>
2024-05-14 23:01:02,227 : INFO : EventManager : Event: ======'balldevice_bd_trough_ejecting_ball'====== Args={'balls': 1, 'target': <ball_device.bd_plunger>, 'source': <ball_device.bd_trough>, 'mechanical_eject': True, 'num_attempts': 43}
2024-05-14 23:01:02,227 : INFO : ball_device.bd_trough : Wait for ball to leave device
2024-05-14 23:01:02,227 : INFO : coil.c_trough_eject_coil : Pulsing Driver for 15ms (1.0 pulse_power)
2024-05-14 23:01:04,239 : INFO : EventManager : Event: ======'balldevice_bd_trough_ball_eject_failed'====== Args={'target': <ball_device.bd_plunger>, 'balls': 1, 'retry': True, 'num_attempts': 44}
2024-05-14 23:01:04,239 : INFO : ball_device.bd_trough : State: waiting_for_target_ready
2024-05-14 23:01:04,239 : INFO : EventManager : Event: ======'balldevice_bd_trough_ball_eject_attempt'====== Args={'balls': 1, 'target': <ball_device.bd_plunger>, 'source': <ball_device.bd_trough>, 'mechanical_eject': True, 'num_attempts': 44}
2024-05-14 23:01:04,239 : INFO : ball_device.bd_trough : State: ejecting
2024-05-14 23:01:04,239 : INFO : ball_device.bd_trough : Ejecting ball to <ball_device.bd_plunger>
2024-05-14 23:01:04,239 : INFO : EventManager : Event: ======'balldevice_bd_trough_ejecting_ball'====== Args={'balls': 1, 'target': <ball_device.bd_plunger>, 'source': <ball_device.bd_trough>, 'mechanical_eject': True, 'num_attempts': 44}
2024-05-14 23:01:04,240 : INFO : ball_device.bd_trough : Wait for ball to leave device
2024-05-14 23:01:04,240 : INFO : coil.c_trough_eject_coil : Pulsing Driver for 15ms (1.0 pulse_power)
2024-05-14 23:01:06,240 : INFO : EventManager : Event: ======'balldevice_bd_trough_ball_eject_failed'====== Args={'target': <ball_device.bd_plunger>, 'balls': 1, 'retry': True, 'num_attempts': 45}
2024-05-14 23:01:06,241 : INFO : ball_device.bd_trough : State: waiting_for_target_ready
2024-05-14 23:01:06,241 : INFO : EventManager : Event: ======'balldevice_bd_trough_ball_eject_attempt'====== Args={'balls': 1, 'target': <ball_device.bd_plunger>, 'source': <ball_device.bd_trough>, 'mechanical_eject': True, 'num_attempts': 45}
2024-05-14 23:01:06,241 : INFO : ball_device.bd_trough : State: ejecting
2024-05-14 23:01:06,241 : INFO : ball_device.bd_trough : Ejecting ball to <ball_device.bd_plunger>
2024-05-14 23:01:06,241 : INFO : EventManager : Event: ======'balldevice_bd_trough_ejecting_ball'====== Args={'balls': 1, 'target': <ball_device.bd_plunger>, 'source': <ball_device.bd_trough>, 'mechanical_eject': True, 'num_attempts': 45}
2024-05-14 23:01:06,241 : INFO : ball_device.bd_trough : Wait for ball to leave device
2024-05-14 23:01:06,241 : INFO : coil.c_trough_eject_coil : Pulsing Driver for 15ms (1.0 pulse_power)
2024-05-14 23:01:08,235 : INFO : EventManager : Event: ======'balldevice_bd_trough_ball_eject_failed'====== Args={'target': <ball_device.bd_plunger>, 'balls': 1, 'retry': True, 'num_attempts': 46}
2024-05-14 23:01:08,236 : INFO : ball_device.bd_trough : State: waiting_for_target_ready
2024-05-14 23:01:08,236 : INFO : EventManager : Event: ======'balldevice_bd_trough_ball_eject_attempt'====== Args={'balls': 1, 'target': <ball_device.bd_plunger>, 'source': <ball_device.bd_trough>, 'mechanical_eject': True, 'num_attempts': 46}
2024-05-14 23:01:08,236 : INFO : ball_device.bd_trough : State: ejecting
2024-05-14 23:01:08,236 : INFO : ball_device.bd_trough : Ejecting ball to <ball_device.bd_plunger>
2024-05-14 23:01:08,236 : INFO : EventManager : Event: ======'balldevice_bd_trough_ejecting_ball'====== Args={'balls': 1, 'target': <ball_device.bd_plunger>, 'source': <ball_device.bd_trough>, 'mechanical_eject': True, 'num_attempts': 46}
2024-05-14 23:01:08,236 : INFO : ball_device.bd_trough : Wait for ball to leave device
2024-05-14 23:01:08,236 : INFO : coil.c_trough_eject_coil : Pulsing Driver for 15ms (1.0 pulse_power)
2024-05-14 23:01:10,233 : INFO : EventManager : Event: ======'balldevice_bd_trough_ball_eject_failed'====== Args={'target': <ball_device.bd_plunger>, 'balls': 1, 'retry': True, 'num_attempts': 47}
2024-05-14 23:01:10,234 : INFO : ball_device.bd_trough : State: waiting_for_target_ready
2024-05-14 23:01:10,234 : INFO : EventManager : Event: ======'balldevice_bd_trough_ball_eject_attempt'====== Args={'balls': 1, 'target': <ball_device.bd_plunger>, 'source': <ball_device.bd_trough>, 'mechanical_eject': True, 'num_attempts': 47}
2024-05-14 23:01:10,234 : INFO : ball_device.bd_trough : State: ejecting
2024-05-14 23:01:10,234 : INFO : ball_device.bd_trough : Ejecting ball to <ball_device.bd_plunger>
2024-05-14 23:01:10,234 : INFO : EventManager : Event: ======'balldevice_bd_trough_ejecting_ball'====== Args={'balls': 1, 'target': <ball_device.bd_plunger>, 'source': <ball_device.bd_trough>, 'mechanical_eject': True, 'num_attempts': 47}
2024-05-14 23:01:10,234 : INFO : ball_device.bd_trough : Wait for ball to leave device
2024-05-14 23:01:10,234 : INFO : coil.c_trough_eject_coil : Pulsing Driver for 15ms (1.0 pulse_power)
2024-05-14 23:01:12,230 : INFO : EventManager : Event: ======'balldevice_bd_trough_ball_eject_failed'====== Args={'target': <ball_device.bd_plunger>, 'balls': 1, 'retry': True, 'num_attempts': 48}
2024-05-14 23:01:12,231 : INFO : ball_device.bd_trough : State: waiting_for_target_ready
2024-05-14 23:01:12,231 : INFO : EventManager : Event: ======'balldevice_bd_trough_ball_eject_attempt'====== Args={'balls': 1, 'target': <ball_device.bd_plunger>, 'source': <ball_device.bd_trough>, 'mechanical_eject': True, 'num_attempts': 48}
2024-05-14 23:01:12,231 : INFO : ball_device.bd_trough : State: ejecting
2024-05-14 23:01:12,231 : INFO : ball_device.bd_trough : Ejecting ball to <ball_device.bd_plunger>
2024-05-14 23:01:12,231 : INFO : EventManager : Event: ======'balldevice_bd_trough_ejecting_ball'====== Args={'balls': 1, 'target': <ball_device.bd_plunger>, 'source': <ball_device.bd_trough>, 'mechanical_eject': True, 'num_attempts': 48}
2024-05-14 23:01:12,231 : INFO : ball_device.bd_trough : Wait for ball to leave device
2024-05-14 23:01:12,231 : INFO : coil.c_trough_eject_coil : Pulsing Driver for 15ms (1.0 pulse_power)
2024-05-14 23:01:14,242 : INFO : EventManager : Event: ======'balldevice_bd_trough_ball_eject_failed'====== Args={'target': <ball_device.bd_plunger>, 'balls': 1, 'retry': True, 'num_attempts': 49}
2024-05-14 23:01:14,242 : INFO : ball_device.bd_trough : State: waiting_for_target_ready
2024-05-14 23:01:14,242 : INFO : EventManager : Event: ======'balldevice_bd_trough_ball_eject_attempt'====== Args={'balls': 1, 'target': <ball_device.bd_plunger>, 'source': <ball_device.bd_trough>, 'mechanical_eject': True, 'num_attempts': 49}
2024-05-14 23:01:14,242 : INFO : ball_device.bd_trough : State: ejecting
2024-05-14 23:01:14,242 : INFO : ball_device.bd_trough : Ejecting ball to <ball_device.bd_plunger>
2024-05-14 23:01:14,242 : INFO : EventManager : Event: ======'balldevice_bd_trough_ejecting_ball'====== Args={'balls': 1, 'target': <ball_device.bd_plunger>, 'source': <ball_device.bd_trough>, 'mechanical_eject': True, 'num_attempts': 49}
2024-05-14 23:01:14,243 : INFO : ball_device.bd_trough : Wait for ball to leave device
2024-05-14 23:01:14,243 : INFO : coil.c_trough_eject_coil : Pulsing Driver for 15ms (1.0 pulse_power)
2024-05-14 23:01:16,223 : INFO : EventManager : Event: ======'balldevice_bd_trough_ball_eject_failed'====== Args={'target': <ball_device.bd_plunger>, 'balls': 1, 'retry': True, 'num_attempts': 50}
2024-05-14 23:01:16,224 : INFO : ball_device.bd_trough : State: waiting_for_target_ready
2024-05-14 23:01:16,224 : INFO : EventManager : Event: ======'balldevice_bd_trough_ball_eject_attempt'====== Args={'balls': 1, 'target': <ball_device.bd_plunger>, 'source': <ball_device.bd_trough>, 'mechanical_eject': True, 'num_attempts': 50}
2024-05-14 23:01:16,224 : INFO : ball_device.bd_trough : State: ejecting
2024-05-14 23:01:16,224 : INFO : ball_device.bd_trough : Ejecting ball to <ball_device.bd_plunger>
2024-05-14 23:01:16,224 : INFO : EventManager : Event: ======'balldevice_bd_trough_ejecting_ball'====== Args={'balls': 1, 'target': <ball_device.bd_plunger>, 'source': <ball_device.bd_trough>, 'mechanical_eject': True, 'num_attempts': 50}
2024-05-14 23:01:16,224 : INFO : ball_device.bd_trough : Wait for ball to leave device
2024-05-14 23:01:16,224 : INFO : coil.c_trough_eject_coil : Pulsing Driver for 15ms (1.0 pulse_power)
2024-05-14 23:01:18,220 : INFO : EventManager : Event: ======'balldevice_bd_trough_ball_eject_failed'====== Args={'target': <ball_device.bd_plunger>, 'balls': 1, 'retry': True, 'num_attempts': 51}
2024-05-14 23:01:18,220 : INFO : ball_device.bd_trough : State: waiting_for_target_ready
2024-05-14 23:01:18,221 : INFO : EventManager : Event: ======'balldevice_bd_trough_ball_eject_attempt'====== Args={'balls': 1, 'target': <ball_device.bd_plunger>, 'source': <ball_device.bd_trough>, 'mechanical_eject': True, 'num_attempts': 51}
2024-05-14 23:01:18,221 : INFO : ball_device.bd_trough : State: ejecting
2024-05-14 23:01:18,221 : INFO : ball_device.bd_trough : Ejecting ball to <ball_device.bd_plunger>
2024-05-14 23:01:18,221 : INFO : EventManager : Event: ======'balldevice_bd_trough_ejecting_ball'====== Args={'balls': 1, 'target': <ball_device.bd_plunger>, 'source': <ball_device.bd_trough>, 'mechanical_eject': True, 'num_attempts': 51}
2024-05-14 23:01:18,221 : INFO : ball_device.bd_trough : Wait for ball to leave device
2024-05-14 23:01:18,221 : INFO : coil.c_trough_eject_coil : Pulsing Driver for 15ms (1.0 pulse_power)
2024-05-14 23:01:20,226 : INFO : EventManager : Event: ======'balldevice_bd_trough_ball_eject_failed'====== Args={'target': <ball_device.bd_plunger>, 'balls': 1, 'retry': True, 'num_attempts': 52}
2024-05-14 23:01:20,226 : INFO : ball_device.bd_trough : State: waiting_for_target_ready
2024-05-14 23:01:20,226 : INFO : EventManager : Event: ======'balldevice_bd_trough_ball_eject_attempt'====== Args={'balls': 1, 'target': <ball_device.bd_plunger>, 'source': <ball_device.bd_trough>, 'mechanical_eject': True, 'num_attempts': 52}
2024-05-14 23:01:20,227 : INFO : ball_device.bd_trough : State: ejecting
2024-05-14 23:01:20,227 : INFO : ball_device.bd_trough : Ejecting ball to <ball_device.bd_plunger>
2024-05-14 23:01:20,227 : INFO : EventManager : Event: ======'balldevice_bd_trough_ejecting_ball'====== Args={'balls': 1, 'target': <ball_device.bd_plunger>, 'source': <ball_device.bd_trough>, 'mechanical_eject': True, 'num_attempts': 52}
2024-05-14 23:01:20,227 : INFO : ball_device.bd_trough : Wait for ball to leave device
2024-05-14 23:01:20,227 : INFO : coil.c_trough_eject_coil : Pulsing Driver for 15ms (1.0 pulse_power)
2024-05-14 23:01:21,277 : INFO : Machine : Shutting down...
2024-05-14 23:01:21,278 : INFO : EventManager : Event: ======'shutdown'====== Args={}
2024-05-14 23:01:21,281 : INFO : EventManager : Event: ======'mode_game_will_stop'====== Args={}
2024-05-14 23:01:21,281 : INFO : EventManager : Event: ======'mode_game_stopping'====== Args={}
2024-05-14 23:01:21,282 : INFO : EventManager : Event: ======'mode_base_will_stop'====== Args={}
2024-05-14 23:01:21,282 : INFO : EventManager : Event: ======'mode_base_stopping'====== Args={}
2024-05-14 23:01:21,282 : INFO : Mode.base : Stopped.
2024-05-14 23:01:21,282 : INFO : EventManager : Event: ======'modes_active_modes_changed'====== Args={}
2024-05-14 23:01:21,282 : INFO : EventManager : Event: ======'mode_base_stopped'====== Args={}
2024-05-14 23:01:21,282 : INFO : EventManager : Event: ======'clear'====== Args={'key': 'base'}
2024-05-14 23:01:21,283 : INFO : Mode.game : Stopped.
2024-05-14 23:01:21,283 : INFO : EventManager : Event: ======'modes_active_modes_changed'====== Args={}
2024-05-14 23:01:21,283 : INFO : EventManager : Event: ======'mode_game_stopped'====== Args={}
2024-05-14 23:01:21,283 : INFO : EventManager : Event: ======'clear'====== Args={'key': 'game'}
2024-05-14 23:01:21,284 : INFO : root : MPF run loop ended.
