2024-05-14 21:17:15,072 : INFO : root : Loading config.
2024-05-14 21:17:15,074 : INFO : YamlMultifileConfigLoader : Machine config file #1: config.yaml
2024-05-14 21:17:15,074 : INFO : ConfigProcessor : Loading config from cache: C:\Users\octo\AppData\Local\Temp\67114de119ffda0ef143dfc9c8b88aec.mpf_cache
2024-05-14 21:17:15,116 : INFO : ConfigProcessor : Loading config from cache: C:\Users\octo\AppData\Local\Temp\d4fb548c2902111733185c907c7e02f2.mpf_cache
2024-05-14 21:17:15,117 : INFO : ConfigProcessor : Loading config from cache: C:\Users\octo\AppData\Local\Temp\5cdf3f6f669e12795623fbd605d1b6a0.mpf_cache
2024-05-14 21:17:15,117 : INFO : ConfigProcessor : Loading config from cache: C:\Users\octo\AppData\Local\Temp\e87c946bbd0a2e05a931f281fca6458e.mpf_cache
2024-05-14 21:17:15,118 : INFO : ConfigProcessor : Loading config from cache: C:\Users\octo\AppData\Local\Temp\d4fb548c2902111733185c907c7e02f2.mpf_cache
2024-05-14 21:17:15,118 : INFO : ConfigProcessor : Loading config from cache: C:\Users\octo\AppData\Local\Temp\da852937ccb56145866cf54922bc01f8.mpf_cache
2024-05-14 21:17:15,119 : INFO : Machine : Mission Pinball Framework Core Engine v0.80.0.dev1
2024-05-14 21:17:15,119 : INFO : Machine : Command line arguments: {'no_load_cache': False, 'create_config_cache': True, 'bcp': True, 'configfile': ['config.yaml'], 'force_assets_load': False, 'platform_integration_test': False, 'jsonlogging': False, 'logfile': 'logs\\2024-05-14-21-17-15-mpf-DESKTOP-BQT92E0.log', 'pause': False, 'production': False, 'text_ui': True, 'loglevel': 15, 'consoleloglevel': 20, 'force_platform': 'virtual', 'syslog_address': None, 'mc_file_name': None, 'no_sound': False}
2024-05-14 21:17:15,119 : INFO : Machine : MPF path: c:\git\new folder (6)\mpf\mpf
2024-05-14 21:17:15,119 : INFO : Machine : Machine path: C:\Users\octo\Downloads\homebrew
2024-05-14 21:17:15,119 : INFO : Machine : Platform: win32
2024-05-14 21:17:15,119 : INFO : Machine : Python executable location: C:\Users\octo\AppData\Local\Programs\Python\Python310\python.exe
2024-05-14 21:17:15,119 : INFO : Machine : Python version: 3.10.0 (64-bit)
2024-05-14 21:17:15,120 : INFO : Machine : Initializing MPF...
2024-05-14 21:17:15,258 : INFO : EventManager : Event: ======'machine_var_credits_string'====== Args={'value': 'FREE PLAY', 'prev_value': None, 'change': True}
2024-05-14 21:17:15,267 : INFO : EventManager : Event: ======'machine_var_master_volume'====== Args={'value': 0.5, 'prev_value': None, 'change': True}
2024-05-14 21:17:15,267 : INFO : EventManager : Event: ======'machine_var_mpf_version'====== Args={'value': 'Mission Pinball Framework v0.80.0.dev1', 'prev_value': None, 'change': True}
2024-05-14 21:17:15,267 : INFO : EventManager : Event: ======'machine_var_mpf_extended_version'====== Args={'value': 'Mission Pinball Framework v0.80.0.dev1, Config version:6, Show version: 6, BCP version:1.1', 'prev_value': None, 'change': True}
2024-05-14 21:17:15,267 : INFO : EventManager : Event: ======'machine_var_python_version'====== Args={'value': '3.10.0', 'prev_value': None, 'change': True}
2024-05-14 21:17:15,273 : INFO : EventManager : Event: ======'machine_var_platform'====== Args={'value': 'Windows-10-10.0.19045-SP0', 'prev_value': None, 'change': True}
2024-05-14 21:17:15,273 : INFO : EventManager : Event: ======'machine_var_platform_system'====== Args={'value': 'Windows', 'prev_value': None, 'change': True}
2024-05-14 21:17:15,273 : INFO : EventManager : Event: ======'machine_var_platform_release'====== Args={'value': '10', 'prev_value': None, 'change': True}
2024-05-14 21:17:15,273 : INFO : EventManager : Event: ======'machine_var_platform_version'====== Args={'value': '10.0.19045', 'prev_value': None, 'change': True}
2024-05-14 21:17:15,273 : INFO : EventManager : Event: ======'machine_var_platform_machine'====== Args={'value': 'AMD64', 'prev_value': None, 'change': True}
2024-05-14 21:17:15,273 : INFO : EventManager : Event: ======'init_phase_1'====== Args={}
2024-05-14 21:17:15,282 : INFO : EventManager : Event: ======'init_phase_2'====== Args={}
2024-05-14 21:17:15,282 : INFO : SwitchController : Found active switch: ('3208-8', <Platform.Virtual>) <switch.s_trough_ball_2>
2024-05-14 21:17:15,282 : INFO : SwitchController : Found active switch: ('3208-9', <Platform.Virtual>) <switch.s_trough_ball_3>
2024-05-14 21:17:15,282 : INFO : SwitchController : Found active switch: ('3208-13', <Platform.Virtual>) <switch.s_trough_ball_1>
2024-05-14 21:17:15,284 : INFO : EventManager : Event: ======'bcp_connection_attempt'====== Args={'name': 'local_display', 'host': 'localhost', 'port': 5050}
2024-05-14 21:17:15,285 : INFO : BCPClientSocket : Connecting BCP to 'local_display' at localhost:5050...
2024-05-14 21:17:15,291 : INFO : BCPClientSocket : Connected BCP to 'local_display' localhost:5050
2024-05-14 21:17:15,292 : INFO : EventManager : Event: ======'bcp_clients_connected'====== Args={}
2024-05-14 21:17:15,396 : INFO : ball_device.bd_trough : BCH: Initial count: 3
2024-05-14 21:17:15,396 : INFO : ball_device.bd_trough : State: idle
2024-05-14 21:17:15,396 : INFO : ball_device.bd_plunger : BCH: Initial count: 0
2024-05-14 21:17:15,396 : INFO : ball_device.bd_plunger : State: idle
2024-05-14 21:17:15,406 : INFO : EventManager : Event: ======'init_phase_3'====== Args={}
2024-05-14 21:17:15,407 : INFO : EventManager : Event: ======'init_phase_4'====== Args={}
2024-05-14 21:17:15,407 : INFO : BallController : Initial balls found: 3
2024-05-14 21:17:15,408 : INFO : EventManager : Event: ======'machine_var_audits_events_game_ended'====== Args={'value': 0, 'prev_value': None, 'change': True}
2024-05-14 21:17:15,408 : INFO : EventManager : Event: ======'machine_var_audits_events_game_started'====== Args={'value': 239, 'prev_value': None, 'change': True}
2024-05-14 21:17:15,408 : INFO : EventManager : Event: ======'machine_var_audits_missing_switches_s_left_flipper'====== Args={'value': 213, 'prev_value': None, 'change': True}
2024-05-14 21:17:15,408 : INFO : EventManager : Event: ======'machine_var_audits_missing_switches_s_left_flipper_eos'====== Args={'value': 213, 'prev_value': None, 'change': True}
2024-05-14 21:17:15,408 : INFO : EventManager : Event: ======'machine_var_audits_missing_switches_s_left_inner_lane'====== Args={'value': 213, 'prev_value': None, 'change': True}
2024-05-14 21:17:15,408 : INFO : EventManager : Event: ======'machine_var_audits_missing_switches_s_left_outer_lane'====== Args={'value': 153, 'prev_value': None, 'change': True}
2024-05-14 21:17:15,408 : INFO : EventManager : Event: ======'machine_var_audits_missing_switches_s_left_sling'====== Args={'value': 213, 'prev_value': None, 'change': True}
2024-05-14 21:17:15,408 : INFO : EventManager : Event: ======'machine_var_audits_missing_switches_s_mead'====== Args={'value': 123, 'prev_value': None, 'change': True}
2024-05-14 21:17:15,408 : INFO : EventManager : Event: ======'machine_var_audits_missing_switches_s_plunger'====== Args={'value': 213, 'prev_value': None, 'change': True}
2024-05-14 21:17:15,408 : INFO : EventManager : Event: ======'machine_var_audits_missing_switches_s_pop_bumper_1'====== Args={'value': 213, 'prev_value': None, 'change': True}
2024-05-14 21:17:15,408 : INFO : EventManager : Event: ======'machine_var_audits_missing_switches_s_pop_bumper_2'====== Args={'value': 213, 'prev_value': None, 'change': True}
2024-05-14 21:17:15,408 : INFO : EventManager : Event: ======'machine_var_audits_missing_switches_s_pop_bumper_3'====== Args={'value': 213, 'prev_value': None, 'change': True}
2024-05-14 21:17:15,408 : INFO : EventManager : Event: ======'machine_var_audits_missing_switches_s_right_flipper'====== Args={'value': 213, 'prev_value': None, 'change': True}
2024-05-14 21:17:15,408 : INFO : EventManager : Event: ======'machine_var_audits_missing_switches_s_right_flipper_eos'====== Args={'value': 213, 'prev_value': None, 'change': True}
2024-05-14 21:17:15,408 : INFO : EventManager : Event: ======'machine_var_audits_missing_switches_s_right_inner_lane'====== Args={'value': 213, 'prev_value': None, 'change': True}
2024-05-14 21:17:15,408 : INFO : EventManager : Event: ======'machine_var_audits_missing_switches_s_right_outer_lane'====== Args={'value': 213, 'prev_value': None, 'change': True}
2024-05-14 21:17:15,408 : INFO : EventManager : Event: ======'machine_var_audits_missing_switches_s_right_sling'====== Args={'value': 213, 'prev_value': None, 'change': True}
2024-05-14 21:17:15,408 : INFO : EventManager : Event: ======'machine_var_audits_missing_switches_s_scanlan'====== Args={'value': 60, 'prev_value': None, 'change': True}
2024-05-14 21:17:15,408 : INFO : EventManager : Event: ======'machine_var_audits_missing_switches_s_start'====== Args={'value': 14, 'prev_value': None, 'change': True}
2024-05-14 21:17:15,408 : INFO : EventManager : Event: ======'machine_var_audits_missing_switches_s_trough_ball_1'====== Args={'value': 213, 'prev_value': None, 'change': True}
2024-05-14 21:17:15,408 : INFO : EventManager : Event: ======'machine_var_audits_missing_switches_s_trough_ball_2'====== Args={'value': 213, 'prev_value': None, 'change': True}
2024-05-14 21:17:15,408 : INFO : EventManager : Event: ======'machine_var_audits_missing_switches_s_trough_ball_3'====== Args={'value': 213, 'prev_value': None, 'change': True}
2024-05-14 21:17:15,409 : INFO : EventManager : Event: ======'machine_var_audits_missing_switches_s_trough_ball_4'====== Args={'value': 213, 'prev_value': None, 'change': True}
2024-05-14 21:17:15,409 : INFO : EventManager : Event: ======'machine_var_audits_missing_switches_s_trough_ball_5'====== Args={'value': 213, 'prev_value': None, 'change': True}
2024-05-14 21:17:15,409 : INFO : EventManager : Event: ======'machine_var_audits_missing_switches_s_trough_ball_6'====== Args={'value': 89, 'prev_value': None, 'change': True}
2024-05-14 21:17:15,409 : INFO : EventManager : Event: ======'machine_var_audits_missing_switches_s_trough_ball_jam'====== Args={'value': 213, 'prev_value': None, 'change': True}
2024-05-14 21:17:15,409 : INFO : EventManager : Event: ======'machine_var_audits_player_score'====== Args={'value': {'average': 0, 'top': [], 'total': 0}, 'prev_value': None, 'change': True}
2024-05-14 21:17:15,409 : INFO : EventManager : Event: ======'machine_var_audits_shots_mead_shot'====== Args={'value': 15, 'prev_value': None, 'change': True}
2024-05-14 21:17:15,409 : INFO : EventManager : Event: ======'machine_var_audits_shots_scanlan_shot'====== Args={'value': 14, 'prev_value': None, 'change': True}
2024-05-14 21:17:15,409 : INFO : EventManager : Event: ======'machine_var_audits_shots_video_shot_1'====== Args={'value': 24, 'prev_value': None, 'change': True}
2024-05-14 21:17:15,409 : INFO : EventManager : Event: ======'machine_var_audits_shots_video_shot_2'====== Args={'value': 20, 'prev_value': None, 'change': True}
2024-05-14 21:17:15,409 : INFO : EventManager : Event: ======'machine_var_audits_switches_s_auto_launcher'====== Args={'value': 0, 'prev_value': None, 'change': True}
2024-05-14 21:17:15,409 : INFO : EventManager : Event: ======'machine_var_audits_switches_s_ball_drain'====== Args={'value': 0, 'prev_value': None, 'change': True}
2024-05-14 21:17:15,409 : INFO : EventManager : Event: ======'machine_var_audits_switches_s_left_flipper'====== Args={'value': 36, 'prev_value': None, 'change': True}
2024-05-14 21:17:15,409 : INFO : EventManager : Event: ======'machine_var_audits_switches_s_left_flipper_eos'====== Args={'value': 0, 'prev_value': None, 'change': True}
2024-05-14 21:17:15,409 : INFO : EventManager : Event: ======'machine_var_audits_switches_s_left_inner_lane'====== Args={'value': 0, 'prev_value': None, 'change': True}
2024-05-14 21:17:15,409 : INFO : EventManager : Event: ======'machine_var_audits_switches_s_left_outer_lane'====== Args={'value': 0, 'prev_value': None, 'change': True}
2024-05-14 21:17:15,409 : INFO : EventManager : Event: ======'machine_var_audits_switches_s_left_sling'====== Args={'value': 7, 'prev_value': None, 'change': True}
2024-05-14 21:17:15,409 : INFO : EventManager : Event: ======'machine_var_audits_switches_s_mead'====== Args={'value': 0, 'prev_value': None, 'change': True}
2024-05-14 21:17:15,410 : INFO : EventManager : Event: ======'machine_var_audits_switches_s_plunger'====== Args={'value': 9, 'prev_value': None, 'change': True}
2024-05-14 21:17:15,410 : INFO : EventManager : Event: ======'machine_var_audits_switches_s_pop_bumper_1'====== Args={'value': 0, 'prev_value': None, 'change': True}
2024-05-14 21:17:15,410 : INFO : EventManager : Event: ======'machine_var_audits_switches_s_pop_bumper_2'====== Args={'value': 0, 'prev_value': None, 'change': True}
2024-05-14 21:17:15,410 : INFO : EventManager : Event: ======'machine_var_audits_switches_s_pop_bumper_3'====== Args={'value': 0, 'prev_value': None, 'change': True}
2024-05-14 21:17:15,410 : INFO : EventManager : Event: ======'machine_var_audits_switches_s_right_flipper'====== Args={'value': 131, 'prev_value': None, 'change': True}
2024-05-14 21:17:15,410 : INFO : EventManager : Event: ======'machine_var_audits_switches_s_right_flipper_eos'====== Args={'value': 0, 'prev_value': None, 'change': True}
2024-05-14 21:17:15,410 : INFO : EventManager : Event: ======'machine_var_audits_switches_s_right_inner_lane'====== Args={'value': 0, 'prev_value': None, 'change': True}
2024-05-14 21:17:15,410 : INFO : EventManager : Event: ======'machine_var_audits_switches_s_right_outer_lane'====== Args={'value': 0, 'prev_value': None, 'change': True}
2024-05-14 21:17:15,410 : INFO : EventManager : Event: ======'machine_var_audits_switches_s_right_sling'====== Args={'value': 3, 'prev_value': None, 'change': True}
2024-05-14 21:17:15,410 : INFO : EventManager : Event: ======'machine_var_audits_switches_s_scanlan'====== Args={'value': 0, 'prev_value': None, 'change': True}
2024-05-14 21:17:15,410 : INFO : EventManager : Event: ======'machine_var_audits_switches_s_start'====== Args={'value': 14, 'prev_value': None, 'change': True}
2024-05-14 21:17:15,410 : INFO : EventManager : Event: ======'machine_var_audits_switches_s_switch_2'====== Args={'value': 0, 'prev_value': None, 'change': True}
2024-05-14 21:17:15,410 : INFO : EventManager : Event: ======'machine_var_audits_switches_s_trough_ball_1'====== Args={'value': 4, 'prev_value': None, 'change': True}
2024-05-14 21:17:15,410 : INFO : EventManager : Event: ======'machine_var_audits_switches_s_trough_ball_2'====== Args={'value': 4, 'prev_value': None, 'change': True}
2024-05-14 21:17:15,410 : INFO : EventManager : Event: ======'machine_var_audits_switches_s_trough_ball_3'====== Args={'value': 1, 'prev_value': None, 'change': True}
2024-05-14 21:17:15,411 : INFO : EventManager : Event: ======'machine_var_audits_switches_s_trough_ball_4'====== Args={'value': 0, 'prev_value': None, 'change': True}
2024-05-14 21:17:15,411 : INFO : EventManager : Event: ======'machine_var_audits_switches_s_trough_ball_5'====== Args={'value': 0, 'prev_value': None, 'change': True}
2024-05-14 21:17:15,411 : INFO : EventManager : Event: ======'machine_var_audits_switches_s_trough_ball_6'====== Args={'value': 1, 'prev_value': None, 'change': True}
2024-05-14 21:17:15,411 : INFO : EventManager : Event: ======'machine_var_audits_switches_s_trough_ball_jam'====== Args={'value': 3, 'prev_value': None, 'change': True}
2024-05-14 21:17:15,411 : INFO : EventManager : Event: ======'machine_var_audits_switches_s_trough_eject_coil'====== Args={'value': 0, 'prev_value': None, 'change': True}
2024-05-14 21:17:15,411 : INFO : EventManager : Event: ======'init_phase_5'====== Args={}
2024-05-14 21:17:15,447 : INFO : EventManager : Event: ======'init_done'====== Args={}
2024-05-14 21:17:15,447 : INFO : EventManager : Event: ======'machine_reset_phase_1'====== Args={}
2024-05-14 21:17:15,450 : INFO : EventManager : Event: ======'machine_reset_phase_2'====== Args={}
2024-05-14 21:17:15,450 : INFO : EventManager : Event: ======'machine_reset_phase_3'====== Args={}
2024-05-14 21:17:15,450 : INFO : EventManager : Event: ======'reset_complete'====== Args={}
2024-05-14 21:17:15,450 : INFO : EventManager : Event: ======'mode_attract_will_start'====== Args={}
2024-05-14 21:17:15,451 : INFO : EventManager : Event: ======'mode_attract_starting'====== Args={}
2024-05-14 21:17:15,451 : INFO : Mode.attract : Started. Priority: 10
2024-05-14 21:17:15,451 : INFO : EventManager : Event: ======'modes_active_modes_changed'====== Args={}
2024-05-14 21:17:15,451 : INFO : EventManager : Event: ======'mode_attract_started'====== Args={}
2024-05-14 21:17:15,451 : INFO : EventManager : Event: ======'collecting_balls_complete'====== Args={}
2024-05-14 21:17:15,466 : INFO : Machine : Starting the main run loop.
2024-05-14 21:17:15,480 : INFO : EventManager : Event: ======'slide_attract_created'====== Args={'_from_bcp': True}
2024-05-14 21:17:15,480 : INFO : EventManager : Event: ======'slide__removed'====== Args={'_from_bcp': True}
2024-05-14 21:17:15,480 : INFO : EventManager : Event: ======'slide_attract_active'====== Args={'original_context': 'attract', 'original_calling_context': 'mode_attract_started', 'cmd': 'slides_play', '_from_bcp': True}
2024-05-14 21:17:19,094 : INFO : EventManager : Event: ======'s_scanlan_active'====== Args={'_from_bcp': True}
2024-05-14 21:17:20,350 : INFO : SwitchController : <<<<<<< 's_start' active >>>>>>>
2024-05-14 21:17:20,426 : INFO : SwitchController : <<<<<<< 's_start' inactive >>>>>>>
2024-05-14 21:17:20,426 : INFO : EventManager : Event: ======'request_to_start_game'====== Args={}
2024-05-14 21:17:20,427 : INFO : EventManager : Event: ======'game_start'====== Args={'buttons': [], 'hold_time': 0.07800000000133878}
2024-05-14 21:17:20,427 : INFO : EventManager : Event: ======'mode_game_will_start'====== Args={'buttons': [], 'hold_time': 0.07800000000133878}
2024-05-14 21:17:20,427 : INFO : EventManager : Event: ======'mode_game_starting'====== Args={'buttons': [], 'hold_time': 0.07800000000133878}
2024-05-14 21:17:20,427 : INFO : EventManager : Event: ======'mode_attract_will_stop'====== Args={}
2024-05-14 21:17:20,427 : INFO : EventManager : Event: ======'mode_attract_stopping'====== Args={}
2024-05-14 21:17:20,427 : INFO : Mode.game : Started. Priority: 20
2024-05-14 21:17:20,427 : INFO : EventManager : Event: ======'modes_active_modes_changed'====== Args={}
2024-05-14 21:17:20,427 : INFO : EventManager : Event: ======'mode_game_started'====== Args={'buttons': [], 'hold_time': 0.07800000000133878}
2024-05-14 21:17:20,437 : INFO : Mode.attract : Stopped.
2024-05-14 21:17:20,437 : INFO : EventManager : Event: ======'modes_active_modes_changed'====== Args={}
2024-05-14 21:17:20,437 : INFO : EventManager : Event: ======'mode_attract_stopped'====== Args={}
2024-05-14 21:17:20,437 : INFO : EventManager : Event: ======'clear'====== Args={'key': 'attract'}
2024-05-14 21:17:20,437 : INFO : EventManager : Event: ======'game_will_start'====== Args={}
2024-05-14 21:17:20,445 : INFO : EventManager : Event: ======'game_starting'====== Args={'game': <Mode.game>}
2024-05-14 21:17:20,445 : INFO : EventManager : Unordered handler for class <Auditor> on event game_ended with priority 1. Handlers: [RegisteredHandler(callback=<bound method Auditor.disable of <Auditor>>, priority=1, kwargs={}, key=UUID('63c07576-09ee-40ba-ae7c-548bc15288c7'), condition=None, blocking_facility=None), RegisteredHandler(callback=<bound method Auditor._save_audits of <Auditor>>, priority=1, kwargs={}, key=UUID('b479a5e1-fc98-45af-90fe-815c7e613ebb'), condition=None, blocking_facility=None)]. The order of those handlers is not defined and they will be executed in random order. This might lead to race conditions and potential bugs.
2024-05-14 21:17:20,445 : INFO : EventManager : Event: ======'player_add_request'====== Args={}
2024-05-14 21:17:20,445 : INFO : EventManager : Event: ======'player_will_add'====== Args={'number': 1}
2024-05-14 21:17:20,445 : INFO : EventManager : Event: ======'player_adding'====== Args={'player': <Player 1>, 'number': 1}
2024-05-14 21:17:20,445 : INFO : EventManager : Event: ======'player_added'====== Args={'player': <Player 1>, 'num': 1}
2024-05-14 21:17:20,445 : INFO : Mode.game : Player added successfully. Total players: 1
2024-05-14 21:17:20,446 : INFO : EventManager : Event: ======'player_index'====== Args={'value': 0, 'prev_value': 0, 'change': 0, 'player_num': 1}
2024-05-14 21:17:20,446 : INFO : EventManager : Event: ======'player_number'====== Args={'value': 1, 'prev_value': 1, 'change': 0, 'player_num': 1}
2024-05-14 21:17:20,446 : INFO : EventManager : Event: ======'player_score'====== Args={'value': 0, 'prev_value': 0, 'change': 0, 'player_num': 1}
2024-05-14 21:17:20,446 : INFO : EventManager : Event: ======'game_started'====== Args={}
2024-05-14 21:17:20,451 : INFO : EventManager : Event: ======'player_turn_will_start'====== Args={'player': <Player 1>, 'number': 1}
2024-05-14 21:17:20,451 : INFO : EventManager : Event: ======'player_turn_starting'====== Args={'player': <Player 1>, 'number': 1}
2024-05-14 21:17:20,452 : INFO : EventManager : Event: ======'player_ball'====== Args={'value': 1, 'prev_value': 0, 'change': 1, 'player_num': 1}
2024-05-14 21:17:20,452 : INFO : EventManager : Event: ======'player_turn_started'====== Args={'player': <Player 1>, 'number': 1}
2024-05-14 21:17:20,452 : INFO : EventManager : Event: ======'ball_will_start'====== Args={'player': 1, 'ball': 1, 'balls_remaining': 2, 'is_extra_ball': False}
2024-05-14 21:17:20,454 : INFO : EventManager : Event: ======'ball_starting'====== Args={'player': 1, 'ball': 1, 'balls_remaining': 2, 'is_extra_ball': False}
2024-05-14 21:17:20,454 : INFO : EventManager : Event: ======'balls_in_play'====== Args={'balls': 1}
2024-05-14 21:17:20,454 : INFO : EventManager : Event: ======'ball_started'====== Args={'player': 1, 'ball': 1, 'balls_remaining': 2, 'is_extra_ball': False}
2024-05-14 21:17:20,454 : INFO : EventManager : Event: ======'mode_char_select_will_start'====== Args={'player': 1, 'ball': 1, 'balls_remaining': 2, 'is_extra_ball': False}
2024-05-14 21:17:20,456 : INFO : EventManager : Event: ======'mode_char_select_starting'====== Args={'player': 1, 'ball': 1, 'balls_remaining': 2, 'is_extra_ball': False}
2024-05-14 21:17:20,456 : INFO : EventManager : Event: ======'mode_base_will_start'====== Args={'player': 1, 'ball': 1, 'balls_remaining': 2, 'is_extra_ball': False}
2024-05-14 21:17:20,456 : INFO : EventManager : Event: ======'player_shot_mead_shot_enabled'====== Args={'value': True, 'prev_value': 0, 'change': 1, 'player_num': 1}
2024-05-14 21:17:20,456 : INFO : EventManager : Event: ======'player_shot_scanlan_shot_enabled'====== Args={'value': True, 'prev_value': 0, 'change': 1, 'player_num': 1}
2024-05-14 21:17:20,456 : INFO : EventManager : Event: ======'video_shots_complete'====== Args={'state': 'unlit'}
2024-05-14 21:17:20,456 : INFO : EventManager : Event: ======'video_shots_unlit_complete'====== Args={}
2024-05-14 21:17:20,457 : INFO : EventManager : Event: ======'mode_base_starting'====== Args={'player': 1, 'ball': 1, 'balls_remaining': 2, 'is_extra_ball': False}
2024-05-14 21:17:20,457 : INFO : Mode.base : Started. Priority: 100
2024-05-14 21:17:20,457 : INFO : EventManager : Event: ======'modes_active_modes_changed'====== Args={}
2024-05-14 21:17:20,457 : INFO : EventManager : Event: ======'mode_base_started'====== Args={'player': 1, 'ball': 1, 'balls_remaining': 2, 'is_extra_ball': False}
2024-05-14 21:17:20,458 : INFO : Mode.char_select : Started. Priority: 501
2024-05-14 21:17:20,458 : INFO : EventManager : Event: ======'modes_active_modes_changed'====== Args={}
2024-05-14 21:17:20,458 : INFO : EventManager : Event: ======'mode_char_select_started'====== Args={'player': 1, 'ball': 1, 'balls_remaining': 2, 'is_extra_ball': False}
2024-05-14 21:17:20,458 : INFO : EventManager : Event: ======'item_highlighted'====== Args={'carousel': 'char_select', 'direction': None, 'item': 'percy'}
2024-05-14 21:17:20,458 : INFO : EventManager : Event: ======'single_player_ball_started'====== Args={}
2024-05-14 21:17:20,471 : INFO : EventManager : Event: ======'ball_start_target'====== Args={'target': 'playfield'}
2024-05-14 21:17:20,471 : INFO : ball_device.bd_plunger : Setting up player-controlled eject. Balls: 1, Target: <playfield.playfield>, player_controlled_eject_event: None
2024-05-14 21:17:20,472 : INFO : EventManager : Event: ======'balldevice_balls_available'====== Args={}
2024-05-14 21:17:20,472 : INFO : ball_device.bd_trough : State: waiting_for_target_ready
2024-05-14 21:17:20,472 : INFO : EventManager : Event: ======'balldevice_bd_trough_ball_eject_attempt'====== Args={'balls': 1, 'target': <ball_device.bd_plunger>, 'source': <ball_device.bd_trough>, 'mechanical_eject': True, 'num_attempts': 0}
2024-05-14 21:17:20,472 : INFO : ball_device.bd_plunger : State: waiting_for_ball
2024-05-14 21:17:20,472 : INFO : ball_device.bd_trough : State: ejecting
2024-05-14 21:17:20,472 : INFO : ball_device.bd_trough : Ejecting ball to <ball_device.bd_plunger>
2024-05-14 21:17:20,472 : INFO : EventManager : Event: ======'balldevice_bd_trough_ejecting_ball'====== Args={'balls': 1, 'target': <ball_device.bd_plunger>, 'source': <ball_device.bd_trough>, 'mechanical_eject': True, 'num_attempts': 0}
2024-05-14 21:17:20,473 : INFO : ball_device.bd_trough : Wait for ball to leave device
2024-05-14 21:17:20,473 : INFO : coil.c_trough_eject_coil : Pulsing Driver for 15ms (1.0 pulse_power)
2024-05-14 21:17:20,477 : INFO : EventManager : Event: ======'slide_base_created'====== Args={'_from_bcp': True}
2024-05-14 21:17:20,477 : INFO : EventManager : Event: ======'slide_attract_inactive'====== Args={'_from_bcp': True}
2024-05-14 21:17:20,477 : INFO : EventManager : Event: ======'slide_base_active'====== Args={'original_context': 'base', 'original_calling_context': 'mode_base_started', 'cmd': 'slides_play', '_from_bcp': True}
2024-05-14 21:17:20,477 : INFO : EventManager : Event: ======'slide_attract_removed'====== Args={'_from_bcp': True}
2024-05-14 21:17:20,620 : INFO : EventManager : Event: ======'slide_char_select_created'====== Args={'_from_bcp': True}
2024-05-14 21:17:20,621 : INFO : EventManager : Event: ======'slide_base_inactive'====== Args={'_from_bcp': True}
2024-05-14 21:17:20,621 : INFO : EventManager : Event: ======'slide_char_select_active'====== Args={'original_context': 'char_select', 'original_calling_context': 'mode_char_select_started', 'cmd': 'slides_play', '_from_bcp': True}
2024-05-14 21:17:21,691 : INFO : EventManager : Event: ======'s_ab_active'====== Args={'_from_bcp': True}
2024-05-14 21:17:21,691 : INFO : EventManager : Event: ======'char_select_percy_selected'====== Args={}
2024-05-14 21:17:21,691 : INFO : EventManager : Event: ======'char_select_item_selected'====== Args={}
2024-05-14 21:17:21,691 : INFO : EventManager : Event: ======'player_selected_champ'====== Args={'value': 'percy', 'prev_value': 0, 'change': True, 'player_num': 1, 'source': 'char_select'}
2024-05-14 21:17:21,691 : INFO : EventManager : Event: ======'mode_char_select_will_stop'====== Args={}
2024-05-14 21:17:21,691 : INFO : EventManager : Event: ======'mode_char_select_stopping'====== Args={}
2024-05-14 21:17:21,692 : INFO : EventManager : Event: ======'player_is_selected_champ'====== Args={'value': 1, 'prev_value': 0, 'change': 1, 'player_num': 1, 'source': 'char_select'}
2024-05-14 21:17:21,692 : INFO : Mode.char_select : Stopped.
2024-05-14 21:17:21,692 : INFO : EventManager : Event: ======'modes_active_modes_changed'====== Args={}
2024-05-14 21:17:21,692 : INFO : EventManager : Event: ======'start_base'====== Args={}
2024-05-14 21:17:21,692 : INFO : EventManager : Event: ======'char_select_item_selected'====== Args={}
2024-05-14 21:17:21,692 : INFO : EventManager : Event: ======'mode_char_select_stopped'====== Args={}
2024-05-14 21:17:21,692 : INFO : EventManager : Event: ======'clear'====== Args={'key': 'char_select'}
2024-05-14 21:17:21,704 : INFO : EventManager : Event: ======'slide_char_select_inactive'====== Args={'_from_bcp': True}
2024-05-14 21:17:21,705 : INFO : EventManager : Event: ======'slide_base_active'====== Args={'_from_bcp': True}
2024-05-14 21:17:21,705 : INFO : EventManager : Event: ======'slide_char_select_removed'====== Args={'_from_bcp': True}
2024-05-14 21:17:22,485 : INFO : EventManager : Event: ======'balldevice_bd_trough_ball_eject_failed'====== Args={'target': <ball_device.bd_plunger>, 'balls': 1, 'retry': True, 'num_attempts': 1}
2024-05-14 21:17:22,485 : INFO : ball_device.bd_trough : State: waiting_for_target_ready
2024-05-14 21:17:22,485 : INFO : EventManager : Event: ======'balldevice_bd_trough_ball_eject_attempt'====== Args={'balls': 1, 'target': <ball_device.bd_plunger>, 'source': <ball_device.bd_trough>, 'mechanical_eject': True, 'num_attempts': 1}
2024-05-14 21:17:22,485 : INFO : ball_device.bd_trough : State: ejecting
2024-05-14 21:17:22,485 : INFO : ball_device.bd_trough : Ejecting ball to <ball_device.bd_plunger>
2024-05-14 21:17:22,485 : INFO : EventManager : Event: ======'balldevice_bd_trough_ejecting_ball'====== Args={'balls': 1, 'target': <ball_device.bd_plunger>, 'source': <ball_device.bd_trough>, 'mechanical_eject': True, 'num_attempts': 1}
2024-05-14 21:17:22,485 : INFO : ball_device.bd_trough : Wait for ball to leave device
2024-05-14 21:17:22,486 : INFO : coil.c_trough_eject_coil : Pulsing Driver for 15ms (1.0 pulse_power)
2024-05-14 21:17:22,864 : INFO : EventManager : Event: ======'s_mead_active'====== Args={'_from_bcp': True}
2024-05-14 21:17:22,864 : INFO : EventManager : Event: ======'player_shot_mead_shot'====== Args={'value': 1, 'prev_value': 0, 'change': 1, 'player_num': 1}
2024-05-14 21:17:22,865 : INFO : EventManager : Event: ======'machine_var_audits_shots_mead_shot'====== Args={'value': 16, 'prev_value': 15, 'change': 1}
2024-05-14 21:17:22,865 : INFO : EventManager : Event: ======'mead_shot_hit'====== Args={'profile': 'default', 'state': 'unlit', 'advancing': True}
2024-05-14 21:17:22,865 : INFO : EventManager : Event: ======'mead_shot_default_hit'====== Args={'profile': 'default', 'state': 'unlit', 'advancing': True}
2024-05-14 21:17:22,865 : INFO : EventManager : Event: ======'mead_shot_default_unlit_hit'====== Args={'profile': 'default', 'state': 'unlit', 'advancing': True}
2024-05-14 21:17:22,865 : INFO : EventManager : Event: ======'mead_shot_unlit_hit'====== Args={'profile': 'default', 'state': 'unlit', 'advancing': True}
2024-05-14 21:17:22,865 : INFO : EventManager : Event: ======'player_score'====== Args={'value': 10000, 'prev_value': 0, 'change': 10000, 'player_num': 1, 'source': 'base'}
2024-05-14 21:17:22,865 : INFO : EventManager : Event: ======'video_shots_hit'====== Args={'shot': 'mead_shot'}
2024-05-14 21:17:22,865 : INFO : EventManager : Event: ======'video_shots_unlit_hit'====== Args={'shot': 'mead_shot'}
2024-05-14 21:17:22,865 : INFO : EventManager : Event: ======'score_change_2'====== Args={'value': 10000, 'prev_value': 0, 'change': 10000, 'player_num': 1, 'source': 'base'}
2024-05-14 21:17:22,865 : INFO : EventManager : Event: ======'player_last_score'====== Args={'value': 10000, 'prev_value': 0, 'change': 10000, 'player_num': 1, 'source': 'base'}
2024-05-14 21:17:23,399 : INFO : EventManager : Event: ======'s_mead_active'====== Args={'_from_bcp': True}
2024-05-14 21:17:23,399 : INFO : EventManager : Event: ======'machine_var_audits_shots_mead_shot'====== Args={'value': 17, 'prev_value': 16, 'change': 1}
2024-05-14 21:17:23,400 : INFO : EventManager : Event: ======'mead_shot_hit'====== Args={'profile': 'default', 'state': 'lit', 'advancing': False}
2024-05-14 21:17:23,400 : INFO : EventManager : Event: ======'mead_shot_default_hit'====== Args={'profile': 'default', 'state': 'lit', 'advancing': False}
2024-05-14 21:17:23,400 : INFO : EventManager : Event: ======'mead_shot_default_lit_hit'====== Args={'profile': 'default', 'state': 'lit', 'advancing': False}
2024-05-14 21:17:23,400 : INFO : EventManager : Event: ======'mead_shot_lit_hit'====== Args={'profile': 'default', 'state': 'lit', 'advancing': False}
2024-05-14 21:17:23,400 : INFO : EventManager : Event: ======'player_score'====== Args={'value': 20000, 'prev_value': 10000, 'change': 10000, 'player_num': 1, 'source': 'base'}
2024-05-14 21:17:23,400 : INFO : EventManager : Event: ======'video_shots_hit'====== Args={'shot': 'mead_shot'}
2024-05-14 21:17:23,400 : INFO : EventManager : Event: ======'video_shots_lit_hit'====== Args={'shot': 'mead_shot'}
2024-05-14 21:17:23,400 : INFO : EventManager : Event: ======'score_change_1'====== Args={'value': 20000, 'prev_value': 10000, 'change': 10000, 'player_num': 1, 'source': 'base'}
2024-05-14 21:17:24,114 : INFO : EventManager : Event: ======'s_mead_active'====== Args={'_from_bcp': True}
2024-05-14 21:17:24,114 : INFO : EventManager : Event: ======'machine_var_audits_shots_mead_shot'====== Args={'value': 18, 'prev_value': 17, 'change': 1}
2024-05-14 21:17:24,115 : INFO : EventManager : Event: ======'mead_shot_hit'====== Args={'profile': 'default', 'state': 'lit', 'advancing': False}
2024-05-14 21:17:24,115 : INFO : EventManager : Event: ======'mead_shot_default_hit'====== Args={'profile': 'default', 'state': 'lit', 'advancing': False}
2024-05-14 21:17:24,115 : INFO : EventManager : Event: ======'mead_shot_default_lit_hit'====== Args={'profile': 'default', 'state': 'lit', 'advancing': False}
2024-05-14 21:17:24,115 : INFO : EventManager : Event: ======'mead_shot_lit_hit'====== Args={'profile': 'default', 'state': 'lit', 'advancing': False}
2024-05-14 21:17:24,115 : INFO : EventManager : Event: ======'player_score'====== Args={'value': 30000, 'prev_value': 20000, 'change': 10000, 'player_num': 1, 'source': 'base'}
2024-05-14 21:17:24,115 : INFO : EventManager : Event: ======'video_shots_hit'====== Args={'shot': 'mead_shot'}
2024-05-14 21:17:24,115 : INFO : EventManager : Event: ======'video_shots_lit_hit'====== Args={'shot': 'mead_shot'}
2024-05-14 21:17:24,115 : INFO : EventManager : Event: ======'score_change'====== Args={'value': 30000, 'prev_value': 20000, 'change': 10000, 'player_num': 1, 'source': 'base'}
2024-05-14 21:17:24,480 : INFO : EventManager : Event: ======'balldevice_bd_trough_ball_eject_failed'====== Args={'target': <ball_device.bd_plunger>, 'balls': 1, 'retry': True, 'num_attempts': 2}
2024-05-14 21:17:24,480 : INFO : ball_device.bd_trough : State: waiting_for_target_ready
2024-05-14 21:17:24,480 : INFO : EventManager : Event: ======'balldevice_bd_trough_ball_eject_attempt'====== Args={'balls': 1, 'target': <ball_device.bd_plunger>, 'source': <ball_device.bd_trough>, 'mechanical_eject': True, 'num_attempts': 2}
2024-05-14 21:17:24,481 : INFO : ball_device.bd_trough : State: ejecting
2024-05-14 21:17:24,481 : INFO : ball_device.bd_trough : Ejecting ball to <ball_device.bd_plunger>
2024-05-14 21:17:24,481 : INFO : EventManager : Event: ======'balldevice_bd_trough_ejecting_ball'====== Args={'balls': 1, 'target': <ball_device.bd_plunger>, 'source': <ball_device.bd_trough>, 'mechanical_eject': True, 'num_attempts': 2}
2024-05-14 21:17:24,481 : INFO : ball_device.bd_trough : Wait for ball to leave device
2024-05-14 21:17:24,481 : INFO : coil.c_trough_eject_coil : Pulsing Driver for 15ms (1.0 pulse_power)
2024-05-14 21:17:24,934 : INFO : EventManager : Event: ======'s_mead_active'====== Args={'_from_bcp': True}
2024-05-14 21:17:24,934 : INFO : EventManager : Event: ======'machine_var_audits_shots_mead_shot'====== Args={'value': 19, 'prev_value': 18, 'change': 1}
2024-05-14 21:17:24,934 : INFO : EventManager : Event: ======'mead_shot_hit'====== Args={'profile': 'default', 'state': 'lit', 'advancing': False}
2024-05-14 21:17:24,934 : INFO : EventManager : Event: ======'mead_shot_default_hit'====== Args={'profile': 'default', 'state': 'lit', 'advancing': False}
2024-05-14 21:17:24,934 : INFO : EventManager : Event: ======'mead_shot_default_lit_hit'====== Args={'profile': 'default', 'state': 'lit', 'advancing': False}
2024-05-14 21:17:24,934 : INFO : EventManager : Event: ======'mead_shot_lit_hit'====== Args={'profile': 'default', 'state': 'lit', 'advancing': False}
2024-05-14 21:17:24,934 : INFO : EventManager : Event: ======'player_score'====== Args={'value': 40000, 'prev_value': 30000, 'change': 10000, 'player_num': 1, 'source': 'base'}
2024-05-14 21:17:24,934 : INFO : EventManager : Event: ======'video_shots_hit'====== Args={'shot': 'mead_shot'}
2024-05-14 21:17:24,934 : INFO : EventManager : Event: ======'video_shots_lit_hit'====== Args={'shot': 'mead_shot'}
2024-05-14 21:17:24,934 : INFO : EventManager : Event: ======'score_change_2'====== Args={'value': 40000, 'prev_value': 30000, 'change': 10000, 'player_num': 1, 'source': 'base'}
2024-05-14 21:17:26,003 : INFO : EventManager : Event: ======'s_mead_active'====== Args={'_from_bcp': True}
2024-05-14 21:17:26,003 : INFO : EventManager : Event: ======'machine_var_audits_shots_mead_shot'====== Args={'value': 20, 'prev_value': 19, 'change': 1}
2024-05-14 21:17:26,004 : INFO : EventManager : Event: ======'mead_shot_hit'====== Args={'profile': 'default', 'state': 'lit', 'advancing': False}
2024-05-14 21:17:26,004 : INFO : EventManager : Event: ======'mead_shot_default_hit'====== Args={'profile': 'default', 'state': 'lit', 'advancing': False}
2024-05-14 21:17:26,004 : INFO : EventManager : Event: ======'mead_shot_default_lit_hit'====== Args={'profile': 'default', 'state': 'lit', 'advancing': False}
2024-05-14 21:17:26,004 : INFO : EventManager : Event: ======'mead_shot_lit_hit'====== Args={'profile': 'default', 'state': 'lit', 'advancing': False}
2024-05-14 21:17:26,004 : INFO : EventManager : Event: ======'player_score'====== Args={'value': 50000, 'prev_value': 40000, 'change': 10000, 'player_num': 1, 'source': 'base'}
2024-05-14 21:17:26,004 : INFO : EventManager : Event: ======'video_shots_hit'====== Args={'shot': 'mead_shot'}
2024-05-14 21:17:26,004 : INFO : EventManager : Event: ======'video_shots_lit_hit'====== Args={'shot': 'mead_shot'}
2024-05-14 21:17:26,004 : INFO : EventManager : Event: ======'score_change_1'====== Args={'value': 50000, 'prev_value': 40000, 'change': 10000, 'player_num': 1, 'source': 'base'}
2024-05-14 21:17:26,483 : INFO : EventManager : Event: ======'balldevice_bd_trough_ball_eject_failed'====== Args={'target': <ball_device.bd_plunger>, 'balls': 1, 'retry': True, 'num_attempts': 3}
2024-05-14 21:17:26,483 : INFO : ball_device.bd_trough : State: waiting_for_target_ready
2024-05-14 21:17:26,483 : INFO : EventManager : Event: ======'balldevice_bd_trough_ball_eject_attempt'====== Args={'balls': 1, 'target': <ball_device.bd_plunger>, 'source': <ball_device.bd_trough>, 'mechanical_eject': True, 'num_attempts': 3}
2024-05-14 21:17:26,483 : INFO : ball_device.bd_trough : State: ejecting
2024-05-14 21:17:26,483 : INFO : ball_device.bd_trough : Ejecting ball to <ball_device.bd_plunger>
2024-05-14 21:17:26,484 : INFO : EventManager : Event: ======'balldevice_bd_trough_ejecting_ball'====== Args={'balls': 1, 'target': <ball_device.bd_plunger>, 'source': <ball_device.bd_trough>, 'mechanical_eject': True, 'num_attempts': 3}
2024-05-14 21:17:26,484 : INFO : ball_device.bd_trough : Wait for ball to leave device
2024-05-14 21:17:26,484 : INFO : coil.c_trough_eject_coil : Pulsing Driver for 15ms (1.0 pulse_power)
2024-05-14 21:17:27,114 : INFO : EventManager : Event: ======'s_mead_active'====== Args={'_from_bcp': True}
2024-05-14 21:17:27,114 : INFO : EventManager : Event: ======'machine_var_audits_shots_mead_shot'====== Args={'value': 21, 'prev_value': 20, 'change': 1}
2024-05-14 21:17:27,115 : INFO : EventManager : Event: ======'mead_shot_hit'====== Args={'profile': 'default', 'state': 'lit', 'advancing': False}
2024-05-14 21:17:27,115 : INFO : EventManager : Event: ======'mead_shot_default_hit'====== Args={'profile': 'default', 'state': 'lit', 'advancing': False}
2024-05-14 21:17:27,115 : INFO : EventManager : Event: ======'mead_shot_default_lit_hit'====== Args={'profile': 'default', 'state': 'lit', 'advancing': False}
2024-05-14 21:17:27,115 : INFO : EventManager : Event: ======'mead_shot_lit_hit'====== Args={'profile': 'default', 'state': 'lit', 'advancing': False}
2024-05-14 21:17:27,115 : INFO : EventManager : Event: ======'player_score'====== Args={'value': 60000, 'prev_value': 50000, 'change': 10000, 'player_num': 1, 'source': 'base'}
2024-05-14 21:17:27,115 : INFO : EventManager : Event: ======'video_shots_hit'====== Args={'shot': 'mead_shot'}
2024-05-14 21:17:27,115 : INFO : EventManager : Event: ======'video_shots_lit_hit'====== Args={'shot': 'mead_shot'}
2024-05-14 21:17:27,115 : INFO : EventManager : Event: ======'score_change'====== Args={'value': 60000, 'prev_value': 50000, 'change': 10000, 'player_num': 1, 'source': 'base'}
2024-05-14 21:17:28,399 : INFO : EventManager : Event: ======'s_mead_active'====== Args={'_from_bcp': True}
2024-05-14 21:17:28,399 : INFO : EventManager : Event: ======'machine_var_audits_shots_mead_shot'====== Args={'value': 22, 'prev_value': 21, 'change': 1}
2024-05-14 21:17:28,400 : INFO : EventManager : Event: ======'mead_shot_hit'====== Args={'profile': 'default', 'state': 'lit', 'advancing': False}
2024-05-14 21:17:28,400 : INFO : EventManager : Event: ======'mead_shot_default_hit'====== Args={'profile': 'default', 'state': 'lit', 'advancing': False}
2024-05-14 21:17:28,400 : INFO : EventManager : Event: ======'mead_shot_default_lit_hit'====== Args={'profile': 'default', 'state': 'lit', 'advancing': False}
2024-05-14 21:17:28,400 : INFO : EventManager : Event: ======'mead_shot_lit_hit'====== Args={'profile': 'default', 'state': 'lit', 'advancing': False}
2024-05-14 21:17:28,400 : INFO : EventManager : Event: ======'player_score'====== Args={'value': 70000, 'prev_value': 60000, 'change': 10000, 'player_num': 1, 'source': 'base'}
2024-05-14 21:17:28,400 : INFO : EventManager : Event: ======'video_shots_hit'====== Args={'shot': 'mead_shot'}
2024-05-14 21:17:28,400 : INFO : EventManager : Event: ======'video_shots_lit_hit'====== Args={'shot': 'mead_shot'}
2024-05-14 21:17:28,400 : INFO : EventManager : Event: ======'score_change_2'====== Args={'value': 70000, 'prev_value': 60000, 'change': 10000, 'player_num': 1, 'source': 'base'}
2024-05-14 21:17:28,489 : INFO : EventManager : Event: ======'balldevice_bd_trough_ball_eject_failed'====== Args={'target': <ball_device.bd_plunger>, 'balls': 1, 'retry': True, 'num_attempts': 4}
2024-05-14 21:17:28,489 : INFO : ball_device.bd_trough : State: waiting_for_target_ready
2024-05-14 21:17:28,489 : INFO : EventManager : Event: ======'balldevice_bd_trough_ball_eject_attempt'====== Args={'balls': 1, 'target': <ball_device.bd_plunger>, 'source': <ball_device.bd_trough>, 'mechanical_eject': True, 'num_attempts': 4}
2024-05-14 21:17:28,489 : INFO : ball_device.bd_trough : State: ejecting
2024-05-14 21:17:28,490 : INFO : ball_device.bd_trough : Ejecting ball to <ball_device.bd_plunger>
2024-05-14 21:17:28,490 : INFO : EventManager : Event: ======'balldevice_bd_trough_ejecting_ball'====== Args={'balls': 1, 'target': <ball_device.bd_plunger>, 'source': <ball_device.bd_trough>, 'mechanical_eject': True, 'num_attempts': 4}
2024-05-14 21:17:28,490 : INFO : ball_device.bd_trough : Wait for ball to leave device
2024-05-14 21:17:28,490 : INFO : coil.c_trough_eject_coil : Pulsing Driver for 15ms (1.0 pulse_power)
2024-05-14 21:17:29,316 : INFO : EventManager : Event: ======'s_mead_active'====== Args={'_from_bcp': True}
2024-05-14 21:17:29,316 : INFO : EventManager : Event: ======'machine_var_audits_shots_mead_shot'====== Args={'value': 23, 'prev_value': 22, 'change': 1}
2024-05-14 21:17:29,316 : INFO : EventManager : Event: ======'mead_shot_hit'====== Args={'profile': 'default', 'state': 'lit', 'advancing': False}
2024-05-14 21:17:29,316 : INFO : EventManager : Event: ======'mead_shot_default_hit'====== Args={'profile': 'default', 'state': 'lit', 'advancing': False}
2024-05-14 21:17:29,316 : INFO : EventManager : Event: ======'mead_shot_default_lit_hit'====== Args={'profile': 'default', 'state': 'lit', 'advancing': False}
2024-05-14 21:17:29,316 : INFO : EventManager : Event: ======'mead_shot_lit_hit'====== Args={'profile': 'default', 'state': 'lit', 'advancing': False}
2024-05-14 21:17:29,316 : INFO : EventManager : Event: ======'player_score'====== Args={'value': 80000, 'prev_value': 70000, 'change': 10000, 'player_num': 1, 'source': 'base'}
2024-05-14 21:17:29,317 : INFO : EventManager : Event: ======'video_shots_hit'====== Args={'shot': 'mead_shot'}
2024-05-14 21:17:29,317 : INFO : EventManager : Event: ======'video_shots_lit_hit'====== Args={'shot': 'mead_shot'}
2024-05-14 21:17:29,317 : INFO : EventManager : Event: ======'score_change'====== Args={'value': 80000, 'prev_value': 70000, 'change': 10000, 'player_num': 1, 'source': 'base'}
2024-05-14 21:17:30,177 : INFO : EventManager : Event: ======'s_mead_active'====== Args={'_from_bcp': True}
2024-05-14 21:17:30,177 : INFO : EventManager : Event: ======'machine_var_audits_shots_mead_shot'====== Args={'value': 24, 'prev_value': 23, 'change': 1}
2024-05-14 21:17:30,177 : INFO : EventManager : Event: ======'mead_shot_hit'====== Args={'profile': 'default', 'state': 'lit', 'advancing': False}
2024-05-14 21:17:30,177 : INFO : EventManager : Event: ======'mead_shot_default_hit'====== Args={'profile': 'default', 'state': 'lit', 'advancing': False}
2024-05-14 21:17:30,177 : INFO : EventManager : Event: ======'mead_shot_default_lit_hit'====== Args={'profile': 'default', 'state': 'lit', 'advancing': False}
2024-05-14 21:17:30,177 : INFO : EventManager : Event: ======'mead_shot_lit_hit'====== Args={'profile': 'default', 'state': 'lit', 'advancing': False}
2024-05-14 21:17:30,178 : INFO : EventManager : Event: ======'player_score'====== Args={'value': 90000, 'prev_value': 80000, 'change': 10000, 'player_num': 1, 'source': 'base'}
2024-05-14 21:17:30,178 : INFO : EventManager : Event: ======'video_shots_hit'====== Args={'shot': 'mead_shot'}
2024-05-14 21:17:30,178 : INFO : EventManager : Event: ======'video_shots_lit_hit'====== Args={'shot': 'mead_shot'}
2024-05-14 21:17:30,178 : INFO : EventManager : Event: ======'score_change_1'====== Args={'value': 90000, 'prev_value': 80000, 'change': 10000, 'player_num': 1, 'source': 'base'}
2024-05-14 21:17:30,487 : INFO : EventManager : Event: ======'balldevice_bd_trough_ball_eject_failed'====== Args={'target': <ball_device.bd_plunger>, 'balls': 1, 'retry': True, 'num_attempts': 5}
2024-05-14 21:17:30,487 : INFO : ball_device.bd_trough : State: waiting_for_target_ready
2024-05-14 21:17:30,487 : INFO : EventManager : Event: ======'balldevice_bd_trough_ball_eject_attempt'====== Args={'balls': 1, 'target': <ball_device.bd_plunger>, 'source': <ball_device.bd_trough>, 'mechanical_eject': True, 'num_attempts': 5}
2024-05-14 21:17:30,487 : INFO : ball_device.bd_trough : State: ejecting
2024-05-14 21:17:30,487 : INFO : ball_device.bd_trough : Ejecting ball to <ball_device.bd_plunger>
2024-05-14 21:17:30,487 : INFO : EventManager : Event: ======'balldevice_bd_trough_ejecting_ball'====== Args={'balls': 1, 'target': <ball_device.bd_plunger>, 'source': <ball_device.bd_trough>, 'mechanical_eject': True, 'num_attempts': 5}
2024-05-14 21:17:30,487 : INFO : ball_device.bd_trough : Wait for ball to leave device
2024-05-14 21:17:30,487 : INFO : coil.c_trough_eject_coil : Pulsing Driver for 15ms (1.0 pulse_power)
2024-05-14 21:17:31,898 : INFO : EventManager : Event: ======'s_mead_active'====== Args={'_from_bcp': True}
2024-05-14 21:17:31,898 : INFO : EventManager : Event: ======'machine_var_audits_shots_mead_shot'====== Args={'value': 25, 'prev_value': 24, 'change': 1}
2024-05-14 21:17:31,899 : INFO : EventManager : Event: ======'mead_shot_hit'====== Args={'profile': 'default', 'state': 'lit', 'advancing': False}
2024-05-14 21:17:31,899 : INFO : EventManager : Event: ======'mead_shot_default_hit'====== Args={'profile': 'default', 'state': 'lit', 'advancing': False}
2024-05-14 21:17:31,899 : INFO : EventManager : Event: ======'mead_shot_default_lit_hit'====== Args={'profile': 'default', 'state': 'lit', 'advancing': False}
2024-05-14 21:17:31,899 : INFO : EventManager : Event: ======'mead_shot_lit_hit'====== Args={'profile': 'default', 'state': 'lit', 'advancing': False}
2024-05-14 21:17:31,899 : INFO : EventManager : Event: ======'player_score'====== Args={'value': 100000, 'prev_value': 90000, 'change': 10000, 'player_num': 1, 'source': 'base'}
2024-05-14 21:17:31,899 : INFO : EventManager : Event: ======'video_shots_hit'====== Args={'shot': 'mead_shot'}
2024-05-14 21:17:31,899 : INFO : EventManager : Event: ======'video_shots_lit_hit'====== Args={'shot': 'mead_shot'}
2024-05-14 21:17:31,899 : INFO : EventManager : Event: ======'score_change_2'====== Args={'value': 100000, 'prev_value': 90000, 'change': 10000, 'player_num': 1, 'source': 'base'}
2024-05-14 21:17:32,496 : INFO : EventManager : Event: ======'balldevice_bd_trough_ball_eject_failed'====== Args={'target': <ball_device.bd_plunger>, 'balls': 1, 'retry': True, 'num_attempts': 6}
2024-05-14 21:17:32,496 : INFO : ball_device.bd_trough : State: waiting_for_target_ready
2024-05-14 21:17:32,496 : INFO : EventManager : Event: ======'balldevice_bd_trough_ball_eject_attempt'====== Args={'balls': 1, 'target': <ball_device.bd_plunger>, 'source': <ball_device.bd_trough>, 'mechanical_eject': True, 'num_attempts': 6}
2024-05-14 21:17:32,496 : INFO : ball_device.bd_trough : State: ejecting
2024-05-14 21:17:32,496 : INFO : ball_device.bd_trough : Ejecting ball to <ball_device.bd_plunger>
2024-05-14 21:17:32,496 : INFO : EventManager : Event: ======'balldevice_bd_trough_ejecting_ball'====== Args={'balls': 1, 'target': <ball_device.bd_plunger>, 'source': <ball_device.bd_trough>, 'mechanical_eject': True, 'num_attempts': 6}
2024-05-14 21:17:32,497 : INFO : ball_device.bd_trough : Wait for ball to leave device
2024-05-14 21:17:32,497 : INFO : coil.c_trough_eject_coil : Pulsing Driver for 15ms (1.0 pulse_power)
2024-05-14 21:17:32,794 : INFO : EventManager : Event: ======'s_mead_active'====== Args={'_from_bcp': True}
2024-05-14 21:17:32,794 : INFO : EventManager : Event: ======'machine_var_audits_shots_mead_shot'====== Args={'value': 26, 'prev_value': 25, 'change': 1}
2024-05-14 21:17:32,795 : INFO : EventManager : Event: ======'mead_shot_hit'====== Args={'profile': 'default', 'state': 'lit', 'advancing': False}
2024-05-14 21:17:32,795 : INFO : EventManager : Event: ======'mead_shot_default_hit'====== Args={'profile': 'default', 'state': 'lit', 'advancing': False}
2024-05-14 21:17:32,795 : INFO : EventManager : Event: ======'mead_shot_default_lit_hit'====== Args={'profile': 'default', 'state': 'lit', 'advancing': False}
2024-05-14 21:17:32,795 : INFO : EventManager : Event: ======'mead_shot_lit_hit'====== Args={'profile': 'default', 'state': 'lit', 'advancing': False}
2024-05-14 21:17:32,795 : INFO : EventManager : Event: ======'player_score'====== Args={'value': 110000, 'prev_value': 100000, 'change': 10000, 'player_num': 1, 'source': 'base'}
2024-05-14 21:17:32,795 : INFO : EventManager : Event: ======'video_shots_hit'====== Args={'shot': 'mead_shot'}
2024-05-14 21:17:32,795 : INFO : EventManager : Event: ======'video_shots_lit_hit'====== Args={'shot': 'mead_shot'}
2024-05-14 21:17:32,795 : INFO : EventManager : Event: ======'score_change_1'====== Args={'value': 110000, 'prev_value': 100000, 'change': 10000, 'player_num': 1, 'source': 'base'}
2024-05-14 21:17:34,509 : INFO : EventManager : Event: ======'balldevice_bd_trough_ball_eject_failed'====== Args={'target': <ball_device.bd_plunger>, 'balls': 1, 'retry': True, 'num_attempts': 7}
2024-05-14 21:17:34,509 : INFO : ball_device.bd_trough : State: waiting_for_target_ready
2024-05-14 21:17:34,509 : INFO : EventManager : Event: ======'balldevice_bd_trough_ball_eject_attempt'====== Args={'balls': 1, 'target': <ball_device.bd_plunger>, 'source': <ball_device.bd_trough>, 'mechanical_eject': True, 'num_attempts': 7}
2024-05-14 21:17:34,509 : INFO : ball_device.bd_trough : State: ejecting
2024-05-14 21:17:34,509 : INFO : ball_device.bd_trough : Ejecting ball to <ball_device.bd_plunger>
2024-05-14 21:17:34,509 : INFO : EventManager : Event: ======'balldevice_bd_trough_ejecting_ball'====== Args={'balls': 1, 'target': <ball_device.bd_plunger>, 'source': <ball_device.bd_trough>, 'mechanical_eject': True, 'num_attempts': 7}
2024-05-14 21:17:34,509 : INFO : ball_device.bd_trough : Wait for ball to leave device
2024-05-14 21:17:34,509 : INFO : coil.c_trough_eject_coil : Pulsing Driver for 15ms (1.0 pulse_power)
2024-05-14 21:17:35,760 : INFO : EventManager : Event: ======'s_scanlan_active'====== Args={'_from_bcp': True}
2024-05-14 21:17:35,760 : INFO : EventManager : Event: ======'player_shot_scanlan_shot'====== Args={'value': 1, 'prev_value': 0, 'change': 1, 'player_num': 1}
2024-05-14 21:17:35,760 : INFO : EventManager : Event: ======'machine_var_audits_shots_scanlan_shot'====== Args={'value': 15, 'prev_value': 14, 'change': 1}
2024-05-14 21:17:35,760 : INFO : EventManager : Event: ======'scanlan_shot_hit'====== Args={'profile': 'default', 'state': 'unlit', 'advancing': True}
2024-05-14 21:17:35,760 : INFO : EventManager : Event: ======'scanlan_shot_default_hit'====== Args={'profile': 'default', 'state': 'unlit', 'advancing': True}
2024-05-14 21:17:35,760 : INFO : EventManager : Event: ======'scanlan_shot_default_unlit_hit'====== Args={'profile': 'default', 'state': 'unlit', 'advancing': True}
2024-05-14 21:17:35,760 : INFO : EventManager : Event: ======'scanlan_shot_unlit_hit'====== Args={'profile': 'default', 'state': 'unlit', 'advancing': True}
2024-05-14 21:17:35,760 : INFO : EventManager : Event: ======'player_score'====== Args={'value': 125000, 'prev_value': 110000, 'change': 15000, 'player_num': 1, 'source': 'base'}
2024-05-14 21:17:35,760 : INFO : EventManager : Event: ======'video_shots_complete'====== Args={'state': 'lit'}
2024-05-14 21:17:35,760 : INFO : EventManager : Event: ======'video_shots_lit_complete'====== Args={}
2024-05-14 21:17:35,760 : INFO : EventManager : Event: ======'video_shots_hit'====== Args={'shot': 'scanlan_shot'}
2024-05-14 21:17:35,760 : INFO : EventManager : Event: ======'video_shots_unlit_hit'====== Args={'shot': 'scanlan_shot'}
2024-05-14 21:17:35,760 : INFO : EventManager : Event: ======'score_change'====== Args={'value': 125000, 'prev_value': 110000, 'change': 15000, 'player_num': 1, 'source': 'base'}
2024-05-14 21:17:35,760 : INFO : EventManager : Event: ======'player_last_score'====== Args={'value': 15000, 'prev_value': 10000, 'change': 5000, 'player_num': 1, 'source': 'base'}
2024-05-14 21:17:36,523 : INFO : EventManager : Event: ======'balldevice_bd_trough_ball_eject_failed'====== Args={'target': <ball_device.bd_plunger>, 'balls': 1, 'retry': True, 'num_attempts': 8}
2024-05-14 21:17:36,523 : INFO : ball_device.bd_trough : State: waiting_for_target_ready
2024-05-14 21:17:36,523 : INFO : EventManager : Event: ======'balldevice_bd_trough_ball_eject_attempt'====== Args={'balls': 1, 'target': <ball_device.bd_plunger>, 'source': <ball_device.bd_trough>, 'mechanical_eject': True, 'num_attempts': 8}
2024-05-14 21:17:36,523 : INFO : ball_device.bd_trough : State: ejecting
2024-05-14 21:17:36,523 : INFO : ball_device.bd_trough : Ejecting ball to <ball_device.bd_plunger>
2024-05-14 21:17:36,523 : INFO : EventManager : Event: ======'balldevice_bd_trough_ejecting_ball'====== Args={'balls': 1, 'target': <ball_device.bd_plunger>, 'source': <ball_device.bd_trough>, 'mechanical_eject': True, 'num_attempts': 8}
2024-05-14 21:17:36,523 : INFO : ball_device.bd_trough : Wait for ball to leave device
2024-05-14 21:17:36,523 : INFO : coil.c_trough_eject_coil : Pulsing Driver for 15ms (1.0 pulse_power)
2024-05-14 21:17:36,912 : INFO : EventManager : Event: ======'s_scanlan_active'====== Args={'_from_bcp': True}
2024-05-14 21:17:36,912 : INFO : EventManager : Event: ======'machine_var_audits_shots_scanlan_shot'====== Args={'value': 16, 'prev_value': 15, 'change': 1}
2024-05-14 21:17:36,913 : INFO : EventManager : Event: ======'scanlan_shot_hit'====== Args={'profile': 'default', 'state': 'lit', 'advancing': False}
2024-05-14 21:17:36,913 : INFO : EventManager : Event: ======'scanlan_shot_default_hit'====== Args={'profile': 'default', 'state': 'lit', 'advancing': False}
2024-05-14 21:17:36,913 : INFO : EventManager : Event: ======'scanlan_shot_default_lit_hit'====== Args={'profile': 'default', 'state': 'lit', 'advancing': False}
2024-05-14 21:17:36,913 : INFO : EventManager : Event: ======'scanlan_shot_lit_hit'====== Args={'profile': 'default', 'state': 'lit', 'advancing': False}
2024-05-14 21:17:36,913 : INFO : EventManager : Event: ======'player_score'====== Args={'value': 140000, 'prev_value': 125000, 'change': 15000, 'player_num': 1, 'source': 'base'}
2024-05-14 21:17:36,913 : INFO : EventManager : Event: ======'video_shots_hit'====== Args={'shot': 'scanlan_shot'}
2024-05-14 21:17:36,913 : INFO : EventManager : Event: ======'video_shots_lit_hit'====== Args={'shot': 'scanlan_shot'}
2024-05-14 21:17:36,913 : INFO : EventManager : Event: ======'score_change_2'====== Args={'value': 140000, 'prev_value': 125000, 'change': 15000, 'player_num': 1, 'source': 'base'}
2024-05-14 21:17:38,158 : INFO : EventManager : Event: ======'s_scanlan_active'====== Args={'_from_bcp': True}
2024-05-14 21:17:38,158 : INFO : EventManager : Event: ======'machine_var_audits_shots_scanlan_shot'====== Args={'value': 17, 'prev_value': 16, 'change': 1}
2024-05-14 21:17:38,158 : INFO : EventManager : Event: ======'scanlan_shot_hit'====== Args={'profile': 'default', 'state': 'lit', 'advancing': False}
2024-05-14 21:17:38,158 : INFO : EventManager : Event: ======'scanlan_shot_default_hit'====== Args={'profile': 'default', 'state': 'lit', 'advancing': False}
2024-05-14 21:17:38,158 : INFO : EventManager : Event: ======'scanlan_shot_default_lit_hit'====== Args={'profile': 'default', 'state': 'lit', 'advancing': False}
2024-05-14 21:17:38,158 : INFO : EventManager : Event: ======'scanlan_shot_lit_hit'====== Args={'profile': 'default', 'state': 'lit', 'advancing': False}
2024-05-14 21:17:38,159 : INFO : EventManager : Event: ======'player_score'====== Args={'value': 155000, 'prev_value': 140000, 'change': 15000, 'player_num': 1, 'source': 'base'}
2024-05-14 21:17:38,159 : INFO : EventManager : Event: ======'video_shots_hit'====== Args={'shot': 'scanlan_shot'}
2024-05-14 21:17:38,159 : INFO : EventManager : Event: ======'video_shots_lit_hit'====== Args={'shot': 'scanlan_shot'}
2024-05-14 21:17:38,159 : INFO : EventManager : Event: ======'score_change'====== Args={'value': 155000, 'prev_value': 140000, 'change': 15000, 'player_num': 1, 'source': 'base'}
2024-05-14 21:17:38,535 : INFO : EventManager : Event: ======'balldevice_bd_trough_ball_eject_failed'====== Args={'target': <ball_device.bd_plunger>, 'balls': 1, 'retry': True, 'num_attempts': 9}
2024-05-14 21:17:38,535 : INFO : ball_device.bd_trough : State: waiting_for_target_ready
2024-05-14 21:17:38,535 : INFO : EventManager : Event: ======'balldevice_bd_trough_ball_eject_attempt'====== Args={'balls': 1, 'target': <ball_device.bd_plunger>, 'source': <ball_device.bd_trough>, 'mechanical_eject': True, 'num_attempts': 9}
2024-05-14 21:17:38,535 : INFO : ball_device.bd_trough : State: ejecting
2024-05-14 21:17:38,535 : INFO : ball_device.bd_trough : Ejecting ball to <ball_device.bd_plunger>
2024-05-14 21:17:38,536 : INFO : EventManager : Event: ======'balldevice_bd_trough_ejecting_ball'====== Args={'balls': 1, 'target': <ball_device.bd_plunger>, 'source': <ball_device.bd_trough>, 'mechanical_eject': True, 'num_attempts': 9}
2024-05-14 21:17:38,536 : INFO : ball_device.bd_trough : Wait for ball to leave device
2024-05-14 21:17:38,536 : INFO : coil.c_trough_eject_coil : Pulsing Driver for 15ms (1.0 pulse_power)
2024-05-14 21:17:38,982 : INFO : EventManager : Event: ======'s_scanlan_active'====== Args={'_from_bcp': True}
2024-05-14 21:17:38,982 : INFO : EventManager : Event: ======'machine_var_audits_shots_scanlan_shot'====== Args={'value': 18, 'prev_value': 17, 'change': 1}
2024-05-14 21:17:38,982 : INFO : EventManager : Event: ======'scanlan_shot_hit'====== Args={'profile': 'default', 'state': 'lit', 'advancing': False}
2024-05-14 21:17:38,983 : INFO : EventManager : Event: ======'scanlan_shot_default_hit'====== Args={'profile': 'default', 'state': 'lit', 'advancing': False}
2024-05-14 21:17:38,983 : INFO : EventManager : Event: ======'scanlan_shot_default_lit_hit'====== Args={'profile': 'default', 'state': 'lit', 'advancing': False}
2024-05-14 21:17:38,983 : INFO : EventManager : Event: ======'scanlan_shot_lit_hit'====== Args={'profile': 'default', 'state': 'lit', 'advancing': False}
2024-05-14 21:17:38,983 : INFO : EventManager : Event: ======'player_score'====== Args={'value': 170000, 'prev_value': 155000, 'change': 15000, 'player_num': 1, 'source': 'base'}
2024-05-14 21:17:38,983 : INFO : EventManager : Event: ======'video_shots_hit'====== Args={'shot': 'scanlan_shot'}
2024-05-14 21:17:38,983 : INFO : EventManager : Event: ======'video_shots_lit_hit'====== Args={'shot': 'scanlan_shot'}
2024-05-14 21:17:38,983 : INFO : EventManager : Event: ======'score_change_1'====== Args={'value': 170000, 'prev_value': 155000, 'change': 15000, 'player_num': 1, 'source': 'base'}
2024-05-14 21:17:40,531 : INFO : EventManager : Event: ======'balldevice_bd_trough_ball_eject_failed'====== Args={'target': <ball_device.bd_plunger>, 'balls': 1, 'retry': True, 'num_attempts': 10}
2024-05-14 21:17:40,531 : INFO : ball_device.bd_trough : State: waiting_for_target_ready
2024-05-14 21:17:40,531 : INFO : EventManager : Event: ======'balldevice_bd_trough_ball_eject_attempt'====== Args={'balls': 1, 'target': <ball_device.bd_plunger>, 'source': <ball_device.bd_trough>, 'mechanical_eject': True, 'num_attempts': 10}
2024-05-14 21:17:40,531 : INFO : ball_device.bd_trough : State: ejecting
2024-05-14 21:17:40,532 : INFO : ball_device.bd_trough : Ejecting ball to <ball_device.bd_plunger>
2024-05-14 21:17:40,532 : INFO : EventManager : Event: ======'balldevice_bd_trough_ejecting_ball'====== Args={'balls': 1, 'target': <ball_device.bd_plunger>, 'source': <ball_device.bd_trough>, 'mechanical_eject': True, 'num_attempts': 10}
2024-05-14 21:17:40,532 : INFO : ball_device.bd_trough : Wait for ball to leave device
2024-05-14 21:17:40,532 : INFO : coil.c_trough_eject_coil : Pulsing Driver for 15ms (1.0 pulse_power)
2024-05-14 21:17:40,565 : INFO : EventManager : Event: ======'s_scanlan_active'====== Args={'_from_bcp': True}
2024-05-14 21:17:40,565 : INFO : EventManager : Event: ======'machine_var_audits_shots_scanlan_shot'====== Args={'value': 19, 'prev_value': 18, 'change': 1}
2024-05-14 21:17:40,566 : INFO : EventManager : Event: ======'scanlan_shot_hit'====== Args={'profile': 'default', 'state': 'lit', 'advancing': False}
2024-05-14 21:17:40,566 : INFO : EventManager : Event: ======'scanlan_shot_default_hit'====== Args={'profile': 'default', 'state': 'lit', 'advancing': False}
2024-05-14 21:17:40,566 : INFO : EventManager : Event: ======'scanlan_shot_default_lit_hit'====== Args={'profile': 'default', 'state': 'lit', 'advancing': False}
2024-05-14 21:17:40,566 : INFO : EventManager : Event: ======'scanlan_shot_lit_hit'====== Args={'profile': 'default', 'state': 'lit', 'advancing': False}
2024-05-14 21:17:40,566 : INFO : EventManager : Event: ======'player_score'====== Args={'value': 185000, 'prev_value': 170000, 'change': 15000, 'player_num': 1, 'source': 'base'}
2024-05-14 21:17:40,566 : INFO : EventManager : Event: ======'video_shots_hit'====== Args={'shot': 'scanlan_shot'}
2024-05-14 21:17:40,566 : INFO : EventManager : Event: ======'video_shots_lit_hit'====== Args={'shot': 'scanlan_shot'}
2024-05-14 21:17:40,566 : INFO : EventManager : Event: ======'score_change'====== Args={'value': 185000, 'prev_value': 170000, 'change': 15000, 'player_num': 1, 'source': 'base'}
2024-05-14 21:17:42,538 : INFO : EventManager : Event: ======'balldevice_bd_trough_ball_eject_failed'====== Args={'target': <ball_device.bd_plunger>, 'balls': 1, 'retry': True, 'num_attempts': 11}
2024-05-14 21:17:42,538 : INFO : ball_device.bd_trough : State: waiting_for_target_ready
2024-05-14 21:17:42,538 : INFO : EventManager : Event: ======'balldevice_bd_trough_ball_eject_attempt'====== Args={'balls': 1, 'target': <ball_device.bd_plunger>, 'source': <ball_device.bd_trough>, 'mechanical_eject': True, 'num_attempts': 11}
2024-05-14 21:17:42,538 : INFO : ball_device.bd_trough : State: ejecting
2024-05-14 21:17:42,538 : INFO : ball_device.bd_trough : Ejecting ball to <ball_device.bd_plunger>
2024-05-14 21:17:42,538 : INFO : EventManager : Event: ======'balldevice_bd_trough_ejecting_ball'====== Args={'balls': 1, 'target': <ball_device.bd_plunger>, 'source': <ball_device.bd_trough>, 'mechanical_eject': True, 'num_attempts': 11}
2024-05-14 21:17:42,538 : INFO : ball_device.bd_trough : Wait for ball to leave device
2024-05-14 21:17:42,538 : INFO : coil.c_trough_eject_coil : Pulsing Driver for 15ms (1.0 pulse_power)
2024-05-14 21:17:44,538 : INFO : EventManager : Event: ======'balldevice_bd_trough_ball_eject_failed'====== Args={'target': <ball_device.bd_plunger>, 'balls': 1, 'retry': True, 'num_attempts': 12}
2024-05-14 21:17:44,538 : INFO : ball_device.bd_trough : State: waiting_for_target_ready
2024-05-14 21:17:44,538 : INFO : EventManager : Event: ======'balldevice_bd_trough_ball_eject_attempt'====== Args={'balls': 1, 'target': <ball_device.bd_plunger>, 'source': <ball_device.bd_trough>, 'mechanical_eject': True, 'num_attempts': 12}
2024-05-14 21:17:44,538 : INFO : ball_device.bd_trough : State: ejecting
2024-05-14 21:17:44,538 : INFO : ball_device.bd_trough : Ejecting ball to <ball_device.bd_plunger>
2024-05-14 21:17:44,538 : INFO : EventManager : Event: ======'balldevice_bd_trough_ejecting_ball'====== Args={'balls': 1, 'target': <ball_device.bd_plunger>, 'source': <ball_device.bd_trough>, 'mechanical_eject': True, 'num_attempts': 12}
2024-05-14 21:17:44,538 : INFO : ball_device.bd_trough : Wait for ball to leave device
2024-05-14 21:17:44,538 : INFO : coil.c_trough_eject_coil : Pulsing Driver for 15ms (1.0 pulse_power)
2024-05-14 21:17:46,546 : INFO : EventManager : Event: ======'balldevice_bd_trough_ball_eject_failed'====== Args={'target': <ball_device.bd_plunger>, 'balls': 1, 'retry': True, 'num_attempts': 13}
2024-05-14 21:17:46,546 : INFO : ball_device.bd_trough : State: waiting_for_target_ready
2024-05-14 21:17:46,546 : INFO : EventManager : Event: ======'balldevice_bd_trough_ball_eject_attempt'====== Args={'balls': 1, 'target': <ball_device.bd_plunger>, 'source': <ball_device.bd_trough>, 'mechanical_eject': True, 'num_attempts': 13}
2024-05-14 21:17:46,546 : INFO : ball_device.bd_trough : State: ejecting
2024-05-14 21:17:46,546 : INFO : ball_device.bd_trough : Ejecting ball to <ball_device.bd_plunger>
2024-05-14 21:17:46,546 : INFO : EventManager : Event: ======'balldevice_bd_trough_ejecting_ball'====== Args={'balls': 1, 'target': <ball_device.bd_plunger>, 'source': <ball_device.bd_trough>, 'mechanical_eject': True, 'num_attempts': 13}
2024-05-14 21:17:46,546 : INFO : ball_device.bd_trough : Wait for ball to leave device
2024-05-14 21:17:46,546 : INFO : coil.c_trough_eject_coil : Pulsing Driver for 15ms (1.0 pulse_power)
2024-05-14 21:17:48,559 : INFO : EventManager : Event: ======'balldevice_bd_trough_ball_eject_failed'====== Args={'target': <ball_device.bd_plunger>, 'balls': 1, 'retry': True, 'num_attempts': 14}
2024-05-14 21:17:48,559 : INFO : ball_device.bd_trough : State: waiting_for_target_ready
2024-05-14 21:17:48,559 : INFO : EventManager : Event: ======'balldevice_bd_trough_ball_eject_attempt'====== Args={'balls': 1, 'target': <ball_device.bd_plunger>, 'source': <ball_device.bd_trough>, 'mechanical_eject': True, 'num_attempts': 14}
2024-05-14 21:17:48,559 : INFO : ball_device.bd_trough : State: ejecting
2024-05-14 21:17:48,559 : INFO : ball_device.bd_trough : Ejecting ball to <ball_device.bd_plunger>
2024-05-14 21:17:48,560 : INFO : EventManager : Event: ======'balldevice_bd_trough_ejecting_ball'====== Args={'balls': 1, 'target': <ball_device.bd_plunger>, 'source': <ball_device.bd_trough>, 'mechanical_eject': True, 'num_attempts': 14}
2024-05-14 21:17:48,560 : INFO : ball_device.bd_trough : Wait for ball to leave device
2024-05-14 21:17:48,560 : INFO : coil.c_trough_eject_coil : Pulsing Driver for 15ms (1.0 pulse_power)
2024-05-14 21:17:50,571 : INFO : EventManager : Event: ======'balldevice_bd_trough_ball_eject_failed'====== Args={'target': <ball_device.bd_plunger>, 'balls': 1, 'retry': True, 'num_attempts': 15}
2024-05-14 21:17:50,571 : INFO : ball_device.bd_trough : State: waiting_for_target_ready
2024-05-14 21:17:50,571 : INFO : EventManager : Event: ======'balldevice_bd_trough_ball_eject_attempt'====== Args={'balls': 1, 'target': <ball_device.bd_plunger>, 'source': <ball_device.bd_trough>, 'mechanical_eject': True, 'num_attempts': 15}
2024-05-14 21:17:50,571 : INFO : ball_device.bd_trough : State: ejecting
2024-05-14 21:17:50,572 : INFO : ball_device.bd_trough : Ejecting ball to <ball_device.bd_plunger>
2024-05-14 21:17:50,572 : INFO : EventManager : Event: ======'balldevice_bd_trough_ejecting_ball'====== Args={'balls': 1, 'target': <ball_device.bd_plunger>, 'source': <ball_device.bd_trough>, 'mechanical_eject': True, 'num_attempts': 15}
2024-05-14 21:17:50,572 : INFO : ball_device.bd_trough : Wait for ball to leave device
2024-05-14 21:17:50,572 : INFO : coil.c_trough_eject_coil : Pulsing Driver for 15ms (1.0 pulse_power)
2024-05-14 21:17:52,580 : INFO : EventManager : Event: ======'balldevice_bd_trough_ball_eject_failed'====== Args={'target': <ball_device.bd_plunger>, 'balls': 1, 'retry': True, 'num_attempts': 16}
2024-05-14 21:17:52,580 : INFO : ball_device.bd_trough : State: waiting_for_target_ready
2024-05-14 21:17:52,580 : INFO : EventManager : Event: ======'balldevice_bd_trough_ball_eject_attempt'====== Args={'balls': 1, 'target': <ball_device.bd_plunger>, 'source': <ball_device.bd_trough>, 'mechanical_eject': True, 'num_attempts': 16}
2024-05-14 21:17:52,580 : INFO : ball_device.bd_trough : State: ejecting
2024-05-14 21:17:52,580 : INFO : ball_device.bd_trough : Ejecting ball to <ball_device.bd_plunger>
2024-05-14 21:17:52,580 : INFO : EventManager : Event: ======'balldevice_bd_trough_ejecting_ball'====== Args={'balls': 1, 'target': <ball_device.bd_plunger>, 'source': <ball_device.bd_trough>, 'mechanical_eject': True, 'num_attempts': 16}
2024-05-14 21:17:52,580 : INFO : ball_device.bd_trough : Wait for ball to leave device
2024-05-14 21:17:52,580 : INFO : coil.c_trough_eject_coil : Pulsing Driver for 15ms (1.0 pulse_power)
2024-05-14 21:17:54,055 : INFO : EventManager : Event: ======'resume_bg'====== Args={'_from_bcp': True}
2024-05-14 21:17:54,581 : INFO : EventManager : Event: ======'balldevice_bd_trough_ball_eject_failed'====== Args={'target': <ball_device.bd_plunger>, 'balls': 1, 'retry': True, 'num_attempts': 17}
2024-05-14 21:17:54,581 : INFO : ball_device.bd_trough : State: waiting_for_target_ready
2024-05-14 21:17:54,581 : INFO : EventManager : Event: ======'balldevice_bd_trough_ball_eject_attempt'====== Args={'balls': 1, 'target': <ball_device.bd_plunger>, 'source': <ball_device.bd_trough>, 'mechanical_eject': True, 'num_attempts': 17}
2024-05-14 21:17:54,581 : INFO : ball_device.bd_trough : State: ejecting
2024-05-14 21:17:54,582 : INFO : ball_device.bd_trough : Ejecting ball to <ball_device.bd_plunger>
2024-05-14 21:17:54,582 : INFO : EventManager : Event: ======'balldevice_bd_trough_ejecting_ball'====== Args={'balls': 1, 'target': <ball_device.bd_plunger>, 'source': <ball_device.bd_trough>, 'mechanical_eject': True, 'num_attempts': 17}
2024-05-14 21:17:54,582 : INFO : ball_device.bd_trough : Wait for ball to leave device
2024-05-14 21:17:54,582 : INFO : coil.c_trough_eject_coil : Pulsing Driver for 15ms (1.0 pulse_power)
2024-05-14 21:17:55,518 : INFO : Machine : Shutting down...
2024-05-14 21:17:55,518 : INFO : EventManager : Event: ======'shutdown'====== Args={}
2024-05-14 21:17:55,522 : INFO : EventManager : Event: ======'mode_game_will_stop'====== Args={}
2024-05-14 21:17:55,522 : INFO : EventManager : Event: ======'mode_game_stopping'====== Args={}
2024-05-14 21:17:55,523 : INFO : EventManager : Event: ======'mode_base_will_stop'====== Args={}
2024-05-14 21:17:55,523 : INFO : EventManager : Event: ======'mode_base_stopping'====== Args={}
2024-05-14 21:17:55,523 : INFO : Mode.base : Stopped.
2024-05-14 21:17:55,523 : INFO : EventManager : Event: ======'modes_active_modes_changed'====== Args={}
2024-05-14 21:17:55,523 : INFO : EventManager : Event: ======'mode_base_stopped'====== Args={}
2024-05-14 21:17:55,523 : INFO : EventManager : Event: ======'clear'====== Args={'key': 'base'}
2024-05-14 21:17:55,524 : INFO : Mode.game : Stopped.
2024-05-14 21:17:55,524 : INFO : EventManager : Event: ======'modes_active_modes_changed'====== Args={}
2024-05-14 21:17:55,524 : INFO : EventManager : Event: ======'mode_game_stopped'====== Args={}
2024-05-14 21:17:55,524 : INFO : EventManager : Event: ======'clear'====== Args={'key': 'game'}
2024-05-14 21:17:55,525 : INFO : root : MPF run loop ended.
