2024-06-18 20:55:56,487 : INFO : root : Loading config.
2024-06-18 20:55:56,489 : INFO : YamlMultifileConfigLoader : Machine config file #1: config.yaml
2024-06-18 20:55:56,489 : INFO : ConfigProcessor : Loading config from cache: C:\Users\octo\AppData\Local\Temp\67114de119ffda0ef143dfc9c8b88aec.mpf_cache
2024-06-18 20:55:56,530 : DEBUG : YamlMultifileConfigLoader : Loading mode attract from c:\git\new folder (6)\mpf\mpf\modes\attract\config\attract.yaml
2024-06-18 20:55:56,531 : DEBUG : YamlMultifileConfigLoader : Loading mode attract from c:\git\new folder (6)\mpf\mpf\modes\attract\config\attract.yaml
2024-06-18 20:55:56,531 : INFO : ConfigProcessor : Loading config from cache: C:\Users\octo\AppData\Local\Temp\d4fb548c2902111733185c907c7e02f2.mpf_cache
2024-06-18 20:55:56,531 : DEBUG : YamlMultifileConfigLoader : Loading mode game from c:\git\new folder (6)\mpf\mpf\modes\game\config\game.yaml
2024-06-18 20:55:56,531 : INFO : ConfigProcessor : Loading config from cache: C:\Users\octo\AppData\Local\Temp\5cdf3f6f669e12795623fbd605d1b6a0.mpf_cache
2024-06-18 20:55:56,532 : DEBUG : YamlMultifileConfigLoader : Loading mode base from c:\git\new folder (6)\mpf\mpf\modes\base\config\base.yaml
2024-06-18 20:55:56,532 : INFO : ConfigProcessor : Loading config from cache: C:\Users\octo\AppData\Local\Temp\e87c946bbd0a2e05a931f281fca6458e.mpf_cache
2024-06-18 20:55:56,532 : DEBUG : YamlMultifileConfigLoader : Loading mode attract from c:\git\new folder (6)\mpf\mpf\modes\attract\config\attract.yaml
2024-06-18 20:55:56,532 : DEBUG : YamlMultifileConfigLoader : Loading mode attract from c:\git\new folder (6)\mpf\mpf\modes\attract\config\attract.yaml
2024-06-18 20:55:56,532 : INFO : ConfigProcessor : Loading config from cache: C:\Users\octo\AppData\Local\Temp\d4fb548c2902111733185c907c7e02f2.mpf_cache
2024-06-18 20:55:56,533 : DEBUG : YamlMultifileConfigLoader : Loading mode char_select from c:\git\new folder (6)\mpf\mpf\modes\char_select\config\char_select.yaml
2024-06-18 20:55:56,533 : INFO : ConfigProcessor : Loading config from cache: C:\Users\octo\AppData\Local\Temp\da852937ccb56145866cf54922bc01f8.mpf_cache
2024-06-18 20:55:56,533 : DEBUG : YamlMultifileConfigLoader : Loading mode high_score from c:\git\new folder (6)\mpf\mpf\modes\high_score\config\high_score.yaml
2024-06-18 20:55:56,533 : DEBUG : YamlMultifileConfigLoader : Loading mode high_score from c:\git\new folder (6)\mpf\mpf\modes\high_score\config\high_score.yaml
2024-06-18 20:55:56,534 : WARNING : ConfigProcessor : Config file in cache changed: C:\Users\octo\Downloads\homebrew\modes\high_score\config\high_score.yaml
2024-06-18 20:55:56,534 : INFO : ConfigProcessor : Loading config from file c:\git\new folder (6)\mpf\mpf\modes\high_score\config\high_score.yaml.
2024-06-18 20:55:56,534 : DEBUG : YAML File Interface : Loading file: c:\git\new folder (6)\mpf\mpf\modes\high_score\config\high_score.yaml
2024-06-18 20:55:56,536 : INFO : ConfigProcessor : Loading config: c:\git\new folder (6)\mpf\mpf\modes\high_score\config\high_score.yaml
2024-06-18 20:55:56,536 : WARNING : ConfigProcessor : Config section 'slides' is deprecated in MPF 0.80 and will be ignored.
2024-06-18 20:55:56,536 : INFO : ConfigProcessor : Loading config from file C:\Users\octo\Downloads\homebrew\modes\high_score\config\high_score.yaml.
2024-06-18 20:55:56,536 : DEBUG : YAML File Interface : Loading file: C:\Users\octo\Downloads\homebrew\modes\high_score\config\high_score.yaml
2024-06-18 20:55:56,538 : INFO : ConfigProcessor : Loading config: C:\Users\octo\Downloads\homebrew\modes\high_score\config\high_score.yaml
2024-06-18 20:55:56,538 : WARNING : ConfigProcessor : Config section 'slides' is deprecated in MPF 0.80 and will be ignored.
2024-06-18 20:55:56,538 : INFO : ConfigProcessor : Config file cache created: C:\Users\octo\AppData\Local\Temp\928df87c66e261a283a6031425712ac6.mpf_cache
2024-06-18 20:55:56,539 : INFO : Machine : Mission Pinball Framework Core Engine v0.80.0.dev1
2024-06-18 20:55:56,539 : INFO : Machine : Command line arguments: {'no_load_cache': False, 'create_config_cache': True, 'bcp': True, 'configfile': ['config.yaml'], 'force_assets_load': False, 'platform_integration_test': False, 'jsonlogging': False, 'logfile': 'logs\\2024-06-18-20-55-56-mpf-DESKTOP-BQT92E0.log', 'pause': False, 'production': False, 'text_ui': True, 'loglevel': 10, 'consoleloglevel': 10, 'force_platform': 'virtual', 'syslog_address': None, 'mc_file_name': None, 'no_sound': False}
2024-06-18 20:55:56,539 : INFO : Machine : MPF path: c:\git\new folder (6)\mpf\mpf
2024-06-18 20:55:56,539 : INFO : Machine : Machine path: C:\Users\octo\Downloads\homebrew
2024-06-18 20:55:56,539 : INFO : Machine : Platform: win32
2024-06-18 20:55:56,539 : INFO : Machine : Python executable location: C:\Users\octo\AppData\Local\Programs\Python\Python310\python.exe
2024-06-18 20:55:56,539 : INFO : Machine : Python version: 3.10.0 (64-bit)
2024-06-18 20:55:56,540 : DEBUG : asyncio : Using proactor: IocpProactor
2024-06-18 20:55:56,540 : INFO : Machine : Initializing MPF...
2024-06-18 20:55:56,543 : DEBUG : Virtual Platform : Configuring virtual hardware interface.
2024-06-18 20:55:56,570 : DEBUG : asciimatics.widgets.layout : Updating: None
2024-06-18 20:55:56,571 : DEBUG : asciimatics.widgets.layout : Updating: None
2024-06-18 20:55:56,571 : DEBUG : asciimatics.widgets.layout : Updating: None
2024-06-18 20:55:56,571 : DEBUG : asciimatics.widgets.layout : Updating: None
2024-06-18 20:55:56,571 : DEBUG : asciimatics.widgets.layout : Updating: None
2024-06-18 20:55:56,571 : DEBUG : asciimatics.widgets.layout : Updating: None
2024-06-18 20:55:56,571 : DEBUG : asciimatics.widgets.layout : Updating: None
2024-06-18 20:55:56,571 : DEBUG : asciimatics.widgets.layout : Updating: None
2024-06-18 20:55:56,571 : DEBUG : asciimatics.widgets.layout : Updating: None
2024-06-18 20:55:56,571 : DEBUG : asciimatics.widgets.layout : Updating: None
2024-06-18 20:55:56,571 : DEBUG : asciimatics.widgets.layout : Updating: None
2024-06-18 20:55:56,571 : DEBUG : asciimatics.widgets.layout : Updating: None
2024-06-18 20:55:56,571 : DEBUG : asciimatics.widgets.widget : Widget blur: <asciimatics.widgets.label.Label object at 0x0000029568C9A330>
2024-06-18 20:55:56,571 : DEBUG : asciimatics.widgets.widget : Widget blur: <asciimatics.widgets.label.Label object at 0x000002956984E260>
2024-06-18 20:55:56,571 : DEBUG : asciimatics.widgets.widget : Widget blur: <asciimatics.widgets.label.Label object at 0x000002956984E330>
2024-06-18 20:55:56,571 : DEBUG : asciimatics.widgets.layout : Blur: <asciimatics.widgets.layout.Layout object at 0x000002956991AE60>
2024-06-18 20:55:56,571 : DEBUG : asciimatics.widgets.layout : Blur: <mpf.core.text_ui.MpfLayout object at 0x0000029569944890>
2024-06-18 20:55:56,571 : DEBUG : asciimatics.widgets.layout : Updating: None
2024-06-18 20:55:56,571 : DEBUG : asciimatics.widgets.layout : Updating: None
2024-06-18 20:55:56,571 : DEBUG : asciimatics.widgets.layout : Updating: None
2024-06-18 20:55:56,571 : DEBUG : asciimatics.widgets.layout : Updating: None
2024-06-18 20:55:56,571 : DEBUG : asciimatics.widgets.layout : Updating: None
2024-06-18 20:55:56,571 : DEBUG : asciimatics.widgets.layout : Updating: None
2024-06-18 20:55:56,571 : DEBUG : asciimatics.widgets.widget : Widget blur: <asciimatics.widgets.label.Label object at 0x000002956984E740>
2024-06-18 20:55:56,572 : DEBUG : asciimatics.widgets.widget : Widget blur: <asciimatics.widgets.label.Label object at 0x000002956984E670>
2024-06-18 20:55:56,572 : DEBUG : asciimatics.widgets.widget : Widget blur: <asciimatics.widgets.label.Label object at 0x000002956984E810>
2024-06-18 20:55:56,572 : DEBUG : asciimatics.widgets.widget : Widget blur: <asciimatics.widgets.label.Label object at 0x000002956984E5A0>
2024-06-18 20:55:56,572 : DEBUG : asciimatics.widgets.widget : Widget blur: <asciimatics.widgets.label.Label object at 0x000002956984E4D0>
2024-06-18 20:55:56,572 : DEBUG : asciimatics.widgets.widget : Widget blur: <asciimatics.widgets.label.Label object at 0x000002956984E400>
2024-06-18 20:55:56,572 : DEBUG : asciimatics.widgets.layout : Blur: <asciimatics.widgets.layout.Layout object at 0x000002956991AF20>
2024-06-18 20:55:56,572 : DEBUG : asciimatics.widgets.layout : Focus: <asciimatics.widgets.layout.Layout object at 0x000002956991AE60>
2024-06-18 20:55:56,572 : DEBUG : asciimatics.widgets.layout : Focus: <mpf.core.text_ui.MpfLayout object at 0x0000029569944890>
2024-06-18 20:55:56,572 : DEBUG : asciimatics.widgets.layout : Focus: <asciimatics.widgets.layout.Layout object at 0x000002956991AF20>
2024-06-18 20:55:56,572 : DEBUG : asciimatics.widgets.frame : Cloning: Test
2024-06-18 20:55:56,572 : DEBUG : asciimatics.widgets.layout : Updating: None
2024-06-18 20:55:56,572 : DEBUG : asciimatics.widgets.layout : Updating: None
2024-06-18 20:55:56,572 : DEBUG : asciimatics.widgets.layout : Updating: None
2024-06-18 20:55:56,572 : DEBUG : asciimatics.widgets.layout : Updating: None
2024-06-18 20:55:56,572 : DEBUG : asciimatics.widgets.layout : Updating: None
2024-06-18 20:55:56,572 : DEBUG : asciimatics.widgets.layout : Updating: None
2024-06-18 20:55:56,572 : DEBUG : asciimatics.widgets.layout : Updating: None
2024-06-18 20:55:56,572 : DEBUG : asciimatics.widgets.layout : Updating: None
2024-06-18 20:55:56,572 : DEBUG : asciimatics.widgets.layout : Updating: None
2024-06-18 20:55:56,572 : DEBUG : asciimatics.widgets.layout : Updating: None
2024-06-18 20:55:56,572 : DEBUG : asciimatics.widgets.layout : Updating: None
2024-06-18 20:55:56,572 : DEBUG : asciimatics.widgets.layout : Updating: None
2024-06-18 20:55:56,572 : DEBUG : asciimatics.widgets.layout : Updating: None
2024-06-18 20:55:56,572 : DEBUG : asciimatics.widgets.layout : Updating: None
2024-06-18 20:55:56,572 : DEBUG : asciimatics.widgets.layout : Updating: None
2024-06-18 20:55:56,572 : DEBUG : asciimatics.widgets.layout : Updating: None
2024-06-18 20:55:56,572 : DEBUG : asciimatics.widgets.layout : Updating: None
2024-06-18 20:55:56,572 : DEBUG : asciimatics.widgets.layout : Updating: None
2024-06-18 20:55:56,573 : DEBUG : asciimatics.screen : Processing key: d
2024-06-18 20:55:56,682 : INFO : EventManager : Event: ======'machine_var_credits_string'====== Args={'value': 'FREE PLAY', 'prev_value': None, 'change': True}
2024-06-18 20:55:56,691 : DEBUG : YAML File Interface : Loading file: C:\Users\octo\Downloads\homebrew\data/machine_vars.yaml
2024-06-18 20:55:56,691 : INFO : EventManager : Event: ======'machine_var_master_volume'====== Args={'value': 0.5, 'prev_value': None, 'change': True}
2024-06-18 20:55:56,691 : INFO : EventManager : Event: ======'machine_var_mpf_version'====== Args={'value': 'Mission Pinball Framework v0.80.0.dev1', 'prev_value': None, 'change': True}
2024-06-18 20:55:56,691 : INFO : EventManager : Event: ======'machine_var_mpf_extended_version'====== Args={'value': 'Mission Pinball Framework v0.80.0.dev1, Config version:6, Show version: 6, BCP version:1.1', 'prev_value': None, 'change': True}
2024-06-18 20:55:56,691 : INFO : EventManager : Event: ======'machine_var_python_version'====== Args={'value': '3.10.0', 'prev_value': None, 'change': True}
2024-06-18 20:55:56,698 : INFO : EventManager : Event: ======'machine_var_platform'====== Args={'value': 'Windows-10-10.0.19045-SP0', 'prev_value': None, 'change': True}
2024-06-18 20:55:56,698 : INFO : EventManager : Event: ======'machine_var_platform_system'====== Args={'value': 'Windows', 'prev_value': None, 'change': True}
2024-06-18 20:55:56,698 : INFO : EventManager : Event: ======'machine_var_platform_release'====== Args={'value': '10', 'prev_value': None, 'change': True}
2024-06-18 20:55:56,698 : INFO : EventManager : Event: ======'machine_var_platform_version'====== Args={'value': '10.0.19045', 'prev_value': None, 'change': True}
2024-06-18 20:55:56,698 : INFO : EventManager : Event: ======'machine_var_platform_machine'====== Args={'value': 'AMD64', 'prev_value': None, 'change': True}
2024-06-18 20:55:56,698 : INFO : EventManager : Event: ======'init_phase_1'====== Args={}
2024-06-18 20:55:56,700 : DEBUG : ModeController : Loaded mode char_select
2024-06-18 20:55:56,700 : DEBUG : ModeController : Loaded mode base
2024-06-18 20:55:56,702 : DEBUG : ModeController : Loaded mode game
2024-06-18 20:55:56,703 : DEBUG : ModeController : Loaded mode high_score
2024-06-18 20:55:56,704 : DEBUG : ModeController : Loaded mode attract
2024-06-18 20:55:56,709 : INFO : EventManager : Event: ======'init_phase_2'====== Args={}
2024-06-18 20:55:56,709 : INFO : SwitchController : Found active switch: ('3208-8', <Platform.Virtual>) <switch.s_trough_ball_2>
2024-06-18 20:55:56,709 : INFO : SwitchController : Found active switch: ('3208-9', <Platform.Virtual>) <switch.s_trough_ball_3>
2024-06-18 20:55:56,709 : INFO : SwitchController : Found active switch: ('3208-13', <Platform.Virtual>) <switch.s_trough_ball_1>
2024-06-18 20:55:56,711 : DEBUG : YAML File Interface : Loading file: C:\Users\octo\Downloads\homebrew\data/high_scores.yaml
2024-06-18 20:55:56,712 : WARNING : YAML File Interface : YAML error found in file C:\Users\octo\Downloads\homebrew\data/high_scores.yaml. Line 2, Position 3: could not determine a constructor for the tag 'tag:yaml.org,2002:python/tuple'
  in "C:\Users\octo\Downloads\homebrew\data/high_scores.yaml", line 2, column 3
2024-06-18 20:55:56,712 : INFO : EventManager : Event: ======'machine_var_score1_label'====== Args={'value': 'GRAND CHAMPION', 'prev_value': None, 'change': True}
2024-06-18 20:55:56,712 : INFO : EventManager : Event: ======'machine_var_score1_name'====== Args={'value': 'MPF', 'prev_value': None, 'change': True}
2024-06-18 20:55:56,712 : INFO : EventManager : Event: ======'machine_var_score1_value'====== Args={'value': 1000000, 'prev_value': None, 'change': True}
2024-06-18 20:55:56,712 : INFO : EventManager : Event: ======'machine_var_score2_label'====== Args={'value': 'HIGH SCORE 1', 'prev_value': None, 'change': True}
2024-06-18 20:55:56,712 : INFO : EventManager : Event: ======'machine_var_score2_name'====== Args={'value': 'BRI', 'prev_value': None, 'change': True}
2024-06-18 20:55:56,712 : INFO : EventManager : Event: ======'machine_var_score2_value'====== Args={'value': 900000, 'prev_value': None, 'change': True}
2024-06-18 20:55:56,712 : INFO : EventManager : Event: ======'machine_var_score3_label'====== Args={'value': 'HIGH SCORE 2', 'prev_value': None, 'change': True}
2024-06-18 20:55:56,712 : INFO : EventManager : Event: ======'machine_var_score3_name'====== Args={'value': 'JAN', 'prev_value': None, 'change': True}
2024-06-18 20:55:56,712 : INFO : EventManager : Event: ======'machine_var_score3_value'====== Args={'value': 800000, 'prev_value': None, 'change': True}
2024-06-18 20:55:56,713 : INFO : EventManager : Event: ======'machine_var_score4_label'====== Args={'value': 'HIGH SCORE 3', 'prev_value': None, 'change': True}
2024-06-18 20:55:56,713 : INFO : EventManager : Event: ======'machine_var_score4_name'====== Args={'value': 'QUI', 'prev_value': None, 'change': True}
2024-06-18 20:55:56,713 : INFO : EventManager : Event: ======'machine_var_score4_value'====== Args={'value': 700000, 'prev_value': None, 'change': True}
2024-06-18 20:55:56,713 : INFO : EventManager : Event: ======'machine_var_score5_label'====== Args={'value': 'HIGH SCORE 4', 'prev_value': None, 'change': True}
2024-06-18 20:55:56,713 : INFO : EventManager : Event: ======'machine_var_score5_name'====== Args={'value': 'MAR', 'prev_value': None, 'change': True}
2024-06-18 20:55:56,713 : INFO : EventManager : Event: ======'machine_var_score5_value'====== Args={'value': 6000, 'prev_value': None, 'change': True}
2024-06-18 20:55:56,713 : INFO : EventManager : Event: ======'machine_var_score6_label'====== Args={'value': 'HIGH SCORE 5', 'prev_value': None, 'change': True}
2024-06-18 20:55:56,713 : INFO : EventManager : Event: ======'machine_var_score6_name'====== Args={'value': 'JOH', 'prev_value': None, 'change': True}
2024-06-18 20:55:56,713 : INFO : EventManager : Event: ======'machine_var_score6_value'====== Args={'value': 5000, 'prev_value': None, 'change': True}
2024-06-18 20:55:56,713 : INFO : EventManager : Event: ======'machine_var_score7_label'====== Args={'value': 'HIGH SCORE 6', 'prev_value': None, 'change': True}
2024-06-18 20:55:56,713 : INFO : EventManager : Event: ======'machine_var_score7_name'====== Args={'value': 'ELI', 'prev_value': None, 'change': True}
2024-06-18 20:55:56,713 : INFO : EventManager : Event: ======'machine_var_score7_value'====== Args={'value': 4000, 'prev_value': None, 'change': True}
2024-06-18 20:55:56,713 : INFO : EventManager : Event: ======'machine_var_score8_label'====== Args={'value': 'HIGH SCORE 7', 'prev_value': None, 'change': True}
2024-06-18 20:55:56,713 : INFO : EventManager : Event: ======'machine_var_score8_name'====== Args={'value': 'MIK', 'prev_value': None, 'change': True}
2024-06-18 20:55:56,713 : INFO : EventManager : Event: ======'machine_var_score8_value'====== Args={'value': 3000, 'prev_value': None, 'change': True}
2024-06-18 20:55:56,713 : INFO : EventManager : Event: ======'machine_var_score9_label'====== Args={'value': 'HIGH SCORE 8', 'prev_value': None, 'change': True}
2024-06-18 20:55:56,713 : INFO : EventManager : Event: ======'machine_var_score9_name'====== Args={'value': 'ANT', 'prev_value': None, 'change': True}
2024-06-18 20:55:56,713 : INFO : EventManager : Event: ======'machine_var_score9_value'====== Args={'value': 500, 'prev_value': None, 'change': True}
2024-06-18 20:55:56,713 : INFO : EventManager : Event: ======'machine_var_loops1_label'====== Args={'value': 'LOOP CHAMP', 'prev_value': None, 'change': True}
2024-06-18 20:55:56,713 : INFO : EventManager : Event: ======'machine_var_loops1_name'====== Args={'value': 'JAN', 'prev_value': None, 'change': True}
2024-06-18 20:55:56,713 : INFO : EventManager : Event: ======'machine_var_loops1_value'====== Args={'value': 42, 'prev_value': None, 'change': True}
2024-06-18 20:55:56,714 : INFO : EventManager : Event: ======'bcp_connection_attempt'====== Args={'name': 'local_display', 'host': 'localhost', 'port': 5050}
2024-06-18 20:55:56,715 : DEBUG : asciimatics.widgets.layout : Updating: message
2024-06-18 20:55:56,715 : DEBUG : asciimatics.widgets.layout : Updating: message
2024-06-18 20:55:56,716 : DEBUG : asciimatics.widgets.widget : Widget blur: <asciimatics.widgets.textbox.TextBox object at 0x0000029569928EE0>
2024-06-18 20:55:56,716 : DEBUG : asciimatics.widgets.layout : Blur: <asciimatics.widgets.layout.Layout object at 0x0000029569A67100>
2024-06-18 20:55:56,716 : DEBUG : asciimatics.widgets.layout : Blur: <asciimatics.widgets.layout.Layout object at 0x0000029569A67160>
2024-06-18 20:55:56,716 : DEBUG : asciimatics.widgets.layout : Focus: <asciimatics.widgets.layout.Layout object at 0x0000029569A67100>
2024-06-18 20:55:56,716 : DEBUG : asciimatics.widgets.layout : Focus: <asciimatics.widgets.layout.Layout object at 0x0000029569A67160>
2024-06-18 20:55:56,716 : INFO : BCPClientSocket : Connecting BCP to 'local_display' at localhost:5050...
2024-06-18 20:55:56,745 : INFO : BCPClientSocket : Connected BCP to 'local_display' localhost:5050
2024-06-18 20:55:56,745 : INFO : EventManager : Event: ======'bcp_clients_connected'====== Args={}
2024-06-18 20:55:56,747 : DEBUG : asciimatics.widgets.layout : Updating: None
2024-06-18 20:55:56,747 : DEBUG : asciimatics.widgets.layout : Updating: None
2024-06-18 20:55:56,747 : DEBUG : asciimatics.widgets.layout : Updating: None
2024-06-18 20:55:56,747 : DEBUG : asciimatics.widgets.layout : Updating: None
2024-06-18 20:55:56,747 : DEBUG : asciimatics.widgets.layout : Updating: None
2024-06-18 20:55:56,747 : DEBUG : asciimatics.widgets.layout : Updating: None
2024-06-18 20:55:56,747 : DEBUG : asciimatics.widgets.layout : Updating: None
2024-06-18 20:55:56,747 : DEBUG : asciimatics.widgets.layout : Updating: None
2024-06-18 20:55:56,747 : DEBUG : asciimatics.widgets.layout : Updating: None
2024-06-18 20:55:56,748 : DEBUG : asciimatics.widgets.layout : Updating: None
2024-06-18 20:55:56,748 : DEBUG : asciimatics.widgets.layout : Updating: None
2024-06-18 20:55:56,748 : DEBUG : asciimatics.widgets.layout : Updating: None
2024-06-18 20:55:56,748 : DEBUG : asciimatics.widgets.widget : Widget blur: <asciimatics.widgets.label.Label object at 0x0000029569A8B440>
2024-06-18 20:55:56,748 : DEBUG : asciimatics.widgets.widget : Widget blur: <asciimatics.widgets.label.Label object at 0x0000029569A8B850>
2024-06-18 20:55:56,748 : DEBUG : asciimatics.widgets.widget : Widget blur: <asciimatics.widgets.label.Label object at 0x0000029569A8B920>
2024-06-18 20:55:56,748 : DEBUG : asciimatics.widgets.layout : Blur: <asciimatics.widgets.layout.Layout object at 0x0000029569A65CC0>
2024-06-18 20:55:56,748 : DEBUG : asciimatics.widgets.layout : Blur: <mpf.core.text_ui.MpfLayout object at 0x0000029569A2D770>
2024-06-18 20:55:56,748 : DEBUG : asciimatics.widgets.layout : Updating: None
2024-06-18 20:55:56,748 : DEBUG : asciimatics.widgets.layout : Updating: None
2024-06-18 20:55:56,748 : DEBUG : asciimatics.widgets.layout : Updating: None
2024-06-18 20:55:56,748 : DEBUG : asciimatics.widgets.layout : Updating: None
2024-06-18 20:55:56,748 : DEBUG : asciimatics.widgets.layout : Updating: None
2024-06-18 20:55:56,748 : DEBUG : asciimatics.widgets.layout : Updating: None
2024-06-18 20:55:56,748 : DEBUG : asciimatics.widgets.widget : Widget blur: <asciimatics.widgets.label.Label object at 0x0000029569A8BD30>
2024-06-18 20:55:56,748 : DEBUG : asciimatics.widgets.widget : Widget blur: <asciimatics.widgets.label.Label object at 0x0000029569A8BC60>
2024-06-18 20:55:56,748 : DEBUG : asciimatics.widgets.widget : Widget blur: <asciimatics.widgets.label.Label object at 0x0000029569A8BE00>
2024-06-18 20:55:56,748 : DEBUG : asciimatics.widgets.widget : Widget blur: <asciimatics.widgets.label.Label object at 0x0000029569A8BB90>
2024-06-18 20:55:56,748 : DEBUG : asciimatics.widgets.widget : Widget blur: <asciimatics.widgets.label.Label object at 0x0000029569A8BAC0>
2024-06-18 20:55:56,748 : DEBUG : asciimatics.widgets.widget : Widget blur: <asciimatics.widgets.label.Label object at 0x0000029569A8B9F0>
2024-06-18 20:55:56,748 : DEBUG : asciimatics.widgets.layout : Blur: <asciimatics.widgets.layout.Layout object at 0x0000029569A65D80>
2024-06-18 20:55:56,748 : DEBUG : asciimatics.widgets.layout : Focus: <asciimatics.widgets.layout.Layout object at 0x0000029569A65CC0>
2024-06-18 20:55:56,748 : DEBUG : asciimatics.widgets.layout : Focus: <mpf.core.text_ui.MpfLayout object at 0x0000029569A2D770>
2024-06-18 20:55:56,748 : DEBUG : asciimatics.widgets.layout : Focus: <asciimatics.widgets.layout.Layout object at 0x0000029569A65D80>
2024-06-18 20:55:56,748 : DEBUG : asciimatics.widgets.frame : Cloning: Test
2024-06-18 20:55:56,748 : DEBUG : asciimatics.widgets.layout : Updating: None
2024-06-18 20:55:56,748 : DEBUG : asciimatics.widgets.layout : Updating: None
2024-06-18 20:55:56,748 : DEBUG : asciimatics.widgets.layout : Updating: None
2024-06-18 20:55:56,748 : DEBUG : asciimatics.widgets.layout : Updating: None
2024-06-18 20:55:56,748 : DEBUG : asciimatics.widgets.layout : Updating: None
2024-06-18 20:55:56,748 : DEBUG : asciimatics.widgets.layout : Updating: None
2024-06-18 20:55:56,748 : DEBUG : asciimatics.widgets.layout : Updating: None
2024-06-18 20:55:56,748 : DEBUG : asciimatics.widgets.layout : Updating: None
2024-06-18 20:55:56,748 : DEBUG : asciimatics.widgets.layout : Updating: None
2024-06-18 20:55:56,748 : DEBUG : asciimatics.widgets.layout : Updating: None
2024-06-18 20:55:56,748 : DEBUG : asciimatics.widgets.layout : Updating: None
2024-06-18 20:55:56,748 : DEBUG : asciimatics.widgets.layout : Updating: None
2024-06-18 20:55:56,748 : DEBUG : asciimatics.widgets.layout : Updating: None
2024-06-18 20:55:56,748 : DEBUG : asciimatics.widgets.layout : Updating: None
2024-06-18 20:55:56,748 : DEBUG : asciimatics.widgets.layout : Updating: None
2024-06-18 20:55:56,748 : DEBUG : asciimatics.widgets.layout : Updating: None
2024-06-18 20:55:56,748 : DEBUG : asciimatics.widgets.layout : Updating: None
2024-06-18 20:55:56,748 : DEBUG : asciimatics.widgets.layout : Updating: None
2024-06-18 20:55:56,849 : INFO : ball_device.bd_trough : BCH: Initial count: 3
2024-06-18 20:55:56,849 : INFO : ball_device.bd_trough : State: idle
2024-06-18 20:55:56,849 : INFO : ball_device.bd_plunger : BCH: Initial count: 0
2024-06-18 20:55:56,849 : INFO : ball_device.bd_plunger : State: idle
2024-06-18 20:55:56,851 : DEBUG : YAML File Interface : Loading file: C:\Users\octo\Downloads\homebrew\data/audits.yaml
2024-06-18 20:55:56,852 : DEBUG : Machine : "info_lights:" section not found in machine configuration, so the InfoLights will not be used.
2024-06-18 20:55:56,853 : DEBUG : Machine : "switch_player:" section not found in machine configuration, so the SwitchPlayer will not be used.
2024-06-18 20:55:56,854 : DEBUG : Machine : "twitch_client:" section not found in machine configuration, so the TwitchBot will not be used.
2024-06-18 20:55:56,855 : DEBUG : Machine : "virtual_segment_display_connector:" section not found in machine configuration, so the VirtualSegmentDisplayConnector will not be used.
2024-06-18 20:55:56,855 : INFO : EventManager : Event: ======'init_phase_3'====== Args={}
2024-06-18 20:55:56,855 : DEBUG : ShowController : Loading show: flash
2024-06-18 20:55:56,855 : DEBUG : ShowController : Loading show: on
2024-06-18 20:55:56,855 : DEBUG : ShowController : Loading show: off
2024-06-18 20:55:56,855 : DEBUG : ShowController : Loading show: led_color
2024-06-18 20:55:56,855 : DEBUG : ShowController : Loading show: bl_color
2024-06-18 20:55:56,855 : DEBUG : ShowController : Loading show: flash_color
2024-06-18 20:55:56,855 : INFO : EventManager : Event: ======'init_phase_4'====== Args={}
2024-06-18 20:55:56,855 : INFO : BallController : Initial balls found: 3
2024-06-18 20:55:56,856 : INFO : EventManager : Event: ======'machine_var_audits_events_game_ended'====== Args={'value': 0, 'prev_value': None, 'change': True}
2024-06-18 20:55:56,856 : INFO : EventManager : Event: ======'machine_var_audits_events_game_started'====== Args={'value': 383, 'prev_value': None, 'change': True}
2024-06-18 20:55:56,856 : INFO : EventManager : Event: ======'machine_var_audits_missing_switches_s_left_flipper'====== Args={'value': 357, 'prev_value': None, 'change': True}
2024-06-18 20:55:56,857 : INFO : EventManager : Event: ======'machine_var_audits_missing_switches_s_left_flipper_eos'====== Args={'value': 357, 'prev_value': None, 'change': True}
2024-06-18 20:55:56,857 : INFO : EventManager : Event: ======'machine_var_audits_missing_switches_s_left_inner_lane'====== Args={'value': 357, 'prev_value': None, 'change': True}
2024-06-18 20:55:56,857 : INFO : EventManager : Event: ======'machine_var_audits_missing_switches_s_left_outer_lane'====== Args={'value': 153, 'prev_value': None, 'change': True}
2024-06-18 20:55:56,857 : INFO : EventManager : Event: ======'machine_var_audits_missing_switches_s_left_sling'====== Args={'value': 357, 'prev_value': None, 'change': True}
2024-06-18 20:55:56,857 : INFO : EventManager : Event: ======'machine_var_audits_missing_switches_s_mead'====== Args={'value': 267, 'prev_value': None, 'change': True}
2024-06-18 20:55:56,857 : INFO : EventManager : Event: ======'machine_var_audits_missing_switches_s_percy'====== Args={'value': 85, 'prev_value': None, 'change': True}
2024-06-18 20:55:56,857 : INFO : EventManager : Event: ======'machine_var_audits_missing_switches_s_plunger'====== Args={'value': 357, 'prev_value': None, 'change': True}
2024-06-18 20:55:56,857 : INFO : EventManager : Event: ======'machine_var_audits_missing_switches_s_pop_bumper_1'====== Args={'value': 357, 'prev_value': None, 'change': True}
2024-06-18 20:55:56,857 : INFO : EventManager : Event: ======'machine_var_audits_missing_switches_s_pop_bumper_2'====== Args={'value': 357, 'prev_value': None, 'change': True}
2024-06-18 20:55:56,857 : INFO : EventManager : Event: ======'machine_var_audits_missing_switches_s_pop_bumper_3'====== Args={'value': 357, 'prev_value': None, 'change': True}
2024-06-18 20:55:56,857 : INFO : EventManager : Event: ======'machine_var_audits_missing_switches_s_right_flipper'====== Args={'value': 357, 'prev_value': None, 'change': True}
2024-06-18 20:55:56,857 : INFO : EventManager : Event: ======'machine_var_audits_missing_switches_s_right_flipper_eos'====== Args={'value': 357, 'prev_value': None, 'change': True}
2024-06-18 20:55:56,857 : INFO : EventManager : Event: ======'machine_var_audits_missing_switches_s_right_inner_lane'====== Args={'value': 357, 'prev_value': None, 'change': True}
2024-06-18 20:55:56,857 : INFO : EventManager : Event: ======'machine_var_audits_missing_switches_s_right_outer_lane'====== Args={'value': 357, 'prev_value': None, 'change': True}
2024-06-18 20:55:56,857 : INFO : EventManager : Event: ======'machine_var_audits_missing_switches_s_right_sling'====== Args={'value': 357, 'prev_value': None, 'change': True}
2024-06-18 20:55:56,857 : INFO : EventManager : Event: ======'machine_var_audits_missing_switches_s_scanlan'====== Args={'value': 204, 'prev_value': None, 'change': True}
2024-06-18 20:55:56,858 : INFO : EventManager : Event: ======'machine_var_audits_missing_switches_s_trough_ball_1'====== Args={'value': 357, 'prev_value': None, 'change': True}
2024-06-18 20:55:56,858 : INFO : EventManager : Event: ======'machine_var_audits_missing_switches_s_trough_ball_2'====== Args={'value': 357, 'prev_value': None, 'change': True}
2024-06-18 20:55:56,858 : INFO : EventManager : Event: ======'machine_var_audits_missing_switches_s_trough_ball_3'====== Args={'value': 357, 'prev_value': None, 'change': True}
2024-06-18 20:55:56,858 : INFO : EventManager : Event: ======'machine_var_audits_missing_switches_s_trough_ball_4'====== Args={'value': 272, 'prev_value': None, 'change': True}
2024-06-18 20:55:56,858 : INFO : EventManager : Event: ======'machine_var_audits_missing_switches_s_trough_ball_5'====== Args={'value': 357, 'prev_value': None, 'change': True}
2024-06-18 20:55:56,858 : INFO : EventManager : Event: ======'machine_var_audits_missing_switches_s_trough_ball_6'====== Args={'value': 89, 'prev_value': None, 'change': True}
2024-06-18 20:55:56,858 : INFO : EventManager : Event: ======'machine_var_audits_missing_switches_s_trough_ball_jam'====== Args={'value': 357, 'prev_value': None, 'change': True}
2024-06-18 20:55:56,858 : INFO : EventManager : Event: ======'machine_var_audits_player_score'====== Args={'value': {'average': 0, 'top': [], 'total': 0}, 'prev_value': None, 'change': True}
2024-06-18 20:55:56,858 : INFO : EventManager : Event: ======'machine_var_audits_shots_mead_shot'====== Args={'value': 223, 'prev_value': None, 'change': True}
2024-06-18 20:55:56,858 : INFO : EventManager : Event: ======'machine_var_audits_shots_percy_shot'====== Args={'value': 56, 'prev_value': None, 'change': True}
2024-06-18 20:55:56,858 : INFO : EventManager : Event: ======'machine_var_audits_shots_scanlan_shot'====== Args={'value': 121, 'prev_value': None, 'change': True}
2024-06-18 20:55:56,858 : INFO : EventManager : Event: ======'machine_var_audits_shots_video_shot_1'====== Args={'value': 24, 'prev_value': None, 'change': True}
2024-06-18 20:55:56,858 : INFO : EventManager : Event: ======'machine_var_audits_shots_video_shot_2'====== Args={'value': 20, 'prev_value': None, 'change': True}
2024-06-18 20:55:56,859 : INFO : EventManager : Event: ======'machine_var_audits_switches_s_auto_launcher'====== Args={'value': 0, 'prev_value': None, 'change': True}
2024-06-18 20:55:56,859 : INFO : EventManager : Event: ======'machine_var_audits_switches_s_ball_drain'====== Args={'value': 0, 'prev_value': None, 'change': True}
2024-06-18 20:55:56,859 : INFO : EventManager : Event: ======'machine_var_audits_switches_s_left_flipper'====== Args={'value': 36, 'prev_value': None, 'change': True}
2024-06-18 20:55:56,859 : INFO : EventManager : Event: ======'machine_var_audits_switches_s_left_flipper_eos'====== Args={'value': 0, 'prev_value': None, 'change': True}
2024-06-18 20:55:56,859 : INFO : EventManager : Event: ======'machine_var_audits_switches_s_left_inner_lane'====== Args={'value': 0, 'prev_value': None, 'change': True}
2024-06-18 20:55:56,859 : INFO : EventManager : Event: ======'machine_var_audits_switches_s_left_outer_lane'====== Args={'value': 0, 'prev_value': None, 'change': True}
2024-06-18 20:55:56,859 : INFO : EventManager : Event: ======'machine_var_audits_switches_s_left_sling'====== Args={'value': 7, 'prev_value': None, 'change': True}
2024-06-18 20:55:56,859 : INFO : EventManager : Event: ======'machine_var_audits_switches_s_mead'====== Args={'value': 0, 'prev_value': None, 'change': True}
2024-06-18 20:55:56,859 : INFO : EventManager : Event: ======'machine_var_audits_switches_s_percy'====== Args={'value': 0, 'prev_value': None, 'change': True}
2024-06-18 20:55:56,859 : INFO : EventManager : Event: ======'machine_var_audits_switches_s_plunger'====== Args={'value': 9, 'prev_value': None, 'change': True}
2024-06-18 20:55:56,859 : INFO : EventManager : Event: ======'machine_var_audits_switches_s_pop_bumper_1'====== Args={'value': 0, 'prev_value': None, 'change': True}
2024-06-18 20:55:56,859 : INFO : EventManager : Event: ======'machine_var_audits_switches_s_pop_bumper_2'====== Args={'value': 0, 'prev_value': None, 'change': True}
2024-06-18 20:55:56,860 : INFO : EventManager : Event: ======'machine_var_audits_switches_s_pop_bumper_3'====== Args={'value': 0, 'prev_value': None, 'change': True}
2024-06-18 20:55:56,860 : INFO : EventManager : Event: ======'machine_var_audits_switches_s_right_flipper'====== Args={'value': 131, 'prev_value': None, 'change': True}
2024-06-18 20:55:56,860 : INFO : EventManager : Event: ======'machine_var_audits_switches_s_right_flipper_eos'====== Args={'value': 0, 'prev_value': None, 'change': True}
2024-06-18 20:55:56,860 : INFO : EventManager : Event: ======'machine_var_audits_switches_s_right_inner_lane'====== Args={'value': 0, 'prev_value': None, 'change': True}
2024-06-18 20:55:56,860 : INFO : EventManager : Event: ======'machine_var_audits_switches_s_right_outer_lane'====== Args={'value': 0, 'prev_value': None, 'change': True}
2024-06-18 20:55:56,860 : INFO : EventManager : Event: ======'machine_var_audits_switches_s_right_sling'====== Args={'value': 3, 'prev_value': None, 'change': True}
2024-06-18 20:55:56,860 : INFO : EventManager : Event: ======'machine_var_audits_switches_s_scanlan'====== Args={'value': 0, 'prev_value': None, 'change': True}
2024-06-18 20:55:56,860 : INFO : EventManager : Event: ======'machine_var_audits_switches_s_start'====== Args={'value': 38, 'prev_value': None, 'change': True}
2024-06-18 20:55:56,860 : INFO : EventManager : Event: ======'machine_var_audits_switches_s_switch_2'====== Args={'value': 0, 'prev_value': None, 'change': True}
2024-06-18 20:55:56,860 : INFO : EventManager : Event: ======'machine_var_audits_switches_s_trough_ball_1'====== Args={'value': 4, 'prev_value': None, 'change': True}
2024-06-18 20:55:56,860 : INFO : EventManager : Event: ======'machine_var_audits_switches_s_trough_ball_2'====== Args={'value': 4, 'prev_value': None, 'change': True}
2024-06-18 20:55:56,861 : INFO : EventManager : Event: ======'machine_var_audits_switches_s_trough_ball_3'====== Args={'value': 1, 'prev_value': None, 'change': True}
2024-06-18 20:55:56,861 : INFO : EventManager : Event: ======'machine_var_audits_switches_s_trough_ball_4'====== Args={'value': 0, 'prev_value': None, 'change': True}
2024-06-18 20:55:56,861 : INFO : EventManager : Event: ======'machine_var_audits_switches_s_trough_ball_5'====== Args={'value': 0, 'prev_value': None, 'change': True}
2024-06-18 20:55:56,861 : INFO : EventManager : Event: ======'machine_var_audits_switches_s_trough_ball_6'====== Args={'value': 1, 'prev_value': None, 'change': True}
2024-06-18 20:55:56,861 : INFO : EventManager : Event: ======'machine_var_audits_switches_s_trough_ball_jam'====== Args={'value': 3, 'prev_value': None, 'change': True}
2024-06-18 20:55:56,861 : INFO : EventManager : Event: ======'machine_var_audits_switches_s_trough_eject_coil'====== Args={'value': 0, 'prev_value': None, 'change': True}
2024-06-18 20:55:56,861 : INFO : EventManager : Event: ======'init_phase_5'====== Args={}
2024-06-18 20:55:56,893 : INFO : EventManager : Event: ======'init_done'====== Args={}
2024-06-18 20:55:56,893 : INFO : EventManager : Event: ======'machine_reset_phase_1'====== Args={}
2024-06-18 20:55:56,901 : INFO : EventManager : Event: ======'machine_reset_phase_2'====== Args={}
2024-06-18 20:55:56,901 : INFO : EventManager : Event: ======'machine_reset_phase_3'====== Args={}
2024-06-18 20:55:56,901 : INFO : EventManager : Event: ======'reset_complete'====== Args={}
2024-06-18 20:55:56,901 : INFO : EventManager : Event: ======'mode_attract_will_start'====== Args={}
2024-06-18 20:55:56,902 : INFO : EventManager : Event: ======'mode_attract_starting'====== Args={}
2024-06-18 20:55:56,902 : INFO : Mode.attract : Started. Priority: 10
2024-06-18 20:55:56,902 : INFO : EventManager : Event: ======'modes_active_modes_changed'====== Args={}
2024-06-18 20:55:56,902 : INFO : EventManager : Event: ======'mode_attract_started'====== Args={}
2024-06-18 20:55:56,902 : INFO : EventManager : Event: ======'collecting_balls_complete'====== Args={}
2024-06-18 20:55:56,926 : INFO : Machine : Starting the main run loop.
2024-06-18 20:55:56,930 : INFO : EventManager : Event: ======'slide_attract_created'====== Args={'_from_bcp': True}
2024-06-18 20:55:56,942 : INFO : EventManager : Event: ======'slide_attract_mini_created'====== Args={'_from_bcp': True}
2024-06-18 20:55:56,943 : INFO : EventManager : Event: ======'slide__removed'====== Args={'_from_bcp': True}
2024-06-18 20:55:56,943 : INFO : EventManager : Event: ======'slide_attract_active'====== Args={'original_context': 'attract', 'original_calling_context': 'mode_attract_started', 'cmd': 'slides_play', '_from_bcp': True}
2024-06-18 20:55:56,943 : INFO : EventManager : Event: ======'slide__removed'====== Args={'_from_bcp': True}
2024-06-18 20:55:56,943 : INFO : EventManager : Event: ======'slide_attract_mini_active'====== Args={'original_context': 'attract', 'original_calling_context': 'mode_attract_started', 'cmd': 'slides_play', '_from_bcp': True}
2024-06-18 20:55:57,585 : DEBUG : asciimatics.screen : Processing mouse: 119, 24
2024-06-18 20:55:57,585 : DEBUG : asciimatics.widgets.frame : New event: MouseEvent (119, 24) 0
2024-06-18 20:55:59,911 : INFO : EventManager : Event: ======'high_score_start'====== Args={'priority': 0}
2024-06-18 20:55:59,932 : INFO : EventManager : Event: ======'slide_high_score_created'====== Args={'_from_bcp': True}
2024-06-18 20:55:59,932 : INFO : EventManager : Event: ======'slide_attract_inactive'====== Args={'_from_bcp': True}
2024-06-18 20:55:59,932 : INFO : EventManager : Event: ======'slide_high_score_active'====== Args={'original_context': 'attract', 'original_calling_context': 'high_score_start', 'cmd': 'slides_play', '_from_bcp': True}
2024-06-18 20:56:02,381 : INFO : Machine : Shutting down...
2024-06-18 20:56:02,381 : INFO : EventManager : Event: ======'shutdown'====== Args={}
2024-06-18 20:56:02,385 : INFO : root : MPF run loop ended.
