2024-05-12 02:06:01,511 : INFO : root : Loading config.
2024-05-12 02:06:01,513 : INFO : YamlMultifileConfigLoader : Machine config file #1: config.yaml
2024-05-12 02:06:01,513 : INFO : ConfigProcessor : Loading config from cache: C:\Users\octo\AppData\Local\Temp\1d0904511285da59b68333680e0b91d2.mpf_cache
2024-05-12 02:06:01,513 : WARNING : ConfigProcessor : Config file in cache changed: C:\Users\octo\Downloads\homebrew\config\switches.yaml
2024-05-12 02:06:01,513 : INFO : ConfigProcessor : Loading config from file c:\git\new folder (3)\mpf\mpf\mpfconfig.yaml.
2024-05-12 02:06:01,522 : INFO : ConfigProcessor : Loading config: c:\git\new folder (3)\mpf\mpf\mpfconfig.yaml
2024-05-12 02:06:01,523 : INFO : ConfigProcessor : Loading config from file C:\Users\octo\Downloads\homebrew\config\config.yaml.
2024-05-12 02:06:01,524 : INFO : ConfigProcessor : Loading config: C:\Users\octo\Downloads\homebrew\config\config.yaml
2024-05-12 02:06:01,524 : INFO : ConfigProcessor : Loading config: C:\Users\octo\Downloads\homebrew\config\lights.yaml
2024-05-12 02:06:01,525 : INFO : ConfigProcessor : Loading config: C:\Users\octo\Downloads\homebrew\config\coils.yaml
2024-05-12 02:06:01,526 : INFO : ConfigProcessor : Loading config: C:\Users\octo\Downloads\homebrew\config\switches.yaml
2024-05-12 02:06:01,526 : INFO : ConfigProcessor : Loading config: C:\Users\octo\Downloads\homebrew\config\sounds.yaml
2024-05-12 02:06:01,526 : WARNING : ConfigProcessor : Config section 'sounds' is deprecated in MPF 0.80 and will be ignored.
2024-05-12 02:06:01,527 : INFO : ConfigProcessor : Loading config: C:\Users\octo\Downloads\homebrew\config\images.yaml
2024-05-12 02:06:01,527 : INFO : ConfigProcessor : Loading config: C:\Users\octo\Downloads\homebrew\config\videos.yaml
2024-05-12 02:06:01,528 : INFO : ConfigProcessor : Config file cache created: C:\Users\octo\AppData\Local\Temp\1d0904511285da59b68333680e0b91d2.mpf_cache
2024-05-12 02:06:01,568 : INFO : ConfigProcessor : Loading config from cache: C:\Users\octo\AppData\Local\Temp\cd157f4be5c4430bfa418abc82c784ba.mpf_cache
2024-05-12 02:06:01,568 : INFO : ConfigProcessor : Loading config from cache: C:\Users\octo\AppData\Local\Temp\9a6ef7720776890324b2b6aefbdb5076.mpf_cache
2024-05-12 02:06:01,568 : WARNING : ConfigProcessor : Config file in cache changed: C:\Users\octo\Downloads\homebrew\modes\base\config\base.yaml
2024-05-12 02:06:01,568 : INFO : ConfigProcessor : Loading config from file C:\Users\octo\Downloads\homebrew\modes\base\config\base.yaml.
2024-05-12 02:06:01,571 : INFO : ConfigProcessor : Loading config: C:\Users\octo\Downloads\homebrew\modes\base\config\base.yaml
