2024-05-14 21:15:47,028 : INFO : root : Loading config.
2024-05-14 21:15:47,030 : INFO : YamlMultifileConfigLoader : Machine config file #1: config.yaml
2024-05-14 21:15:47,031 : INFO : ConfigProcessor : Loading config from cache: C:\Users\octo\AppData\Local\Temp\67114de119ffda0ef143dfc9c8b88aec.mpf_cache
2024-05-14 21:15:47,080 : INFO : ConfigProcessor : Loading config from cache: C:\Users\octo\AppData\Local\Temp\d4fb548c2902111733185c907c7e02f2.mpf_cache
2024-05-14 21:15:47,080 : INFO : ConfigProcessor : Loading config from cache: C:\Users\octo\AppData\Local\Temp\5cdf3f6f669e12795623fbd605d1b6a0.mpf_cache
2024-05-14 21:15:47,081 : WARNING : ConfigProcessor : Config file in cache changed: C:\Users\octo\Downloads\homebrew\modes\base\config\base.yaml
2024-05-14 21:15:47,081 : INFO : ConfigProcessor : Loading config from file C:\Users\octo\Downloads\homebrew\modes\base\config\base.yaml.
2024-05-14 21:15:47,083 : INFO : ConfigProcessor : Loading config: C:\Users\octo\Downloads\homebrew\modes\base\config\base.yaml
2024-05-14 21:15:47,083 : INFO : ConfigProcessor : Config file cache created: C:\Users\octo\AppData\Local\Temp\e87c946bbd0a2e05a931f281fca6458e.mpf_cache
2024-05-14 21:15:47,084 : INFO : ConfigProcessor : Loading config from cache: C:\Users\octo\AppData\Local\Temp\d4fb548c2902111733185c907c7e02f2.mpf_cache
2024-05-14 21:15:47,084 : INFO : ConfigProcessor : Loading config from cache: C:\Users\octo\AppData\Local\Temp\da852937ccb56145866cf54922bc01f8.mpf_cache
2024-05-14 21:15:47,085 : INFO : Machine : Mission Pinball Framework Core Engine v0.80.0.dev1
2024-05-14 21:15:47,085 : INFO : Machine : Command line arguments: {'no_load_cache': False, 'create_config_cache': True, 'bcp': True, 'configfile': ['config.yaml'], 'force_assets_load': False, 'platform_integration_test': False, 'jsonlogging': False, 'logfile': 'logs\\2024-05-14-21-15-47-mpf-DESKTOP-BQT92E0.log', 'pause': False, 'production': False, 'text_ui': True, 'loglevel': 15, 'consoleloglevel': 20, 'force_platform': 'virtual', 'syslog_address': None, 'mc_file_name': None, 'no_sound': False}
2024-05-14 21:15:47,085 : INFO : Machine : MPF path: c:\git\new folder (6)\mpf\mpf
2024-05-14 21:15:47,085 : INFO : Machine : Machine path: C:\Users\octo\Downloads\homebrew
2024-05-14 21:15:47,085 : INFO : Machine : Platform: win32
2024-05-14 21:15:47,085 : INFO : Machine : Python executable location: C:\Users\octo\AppData\Local\Programs\Python\Python310\python.exe
2024-05-14 21:15:47,085 : INFO : Machine : Python version: 3.10.0 (64-bit)
2024-05-14 21:15:47,086 : INFO : Machine : Initializing MPF...
2024-05-14 21:15:47,188 : INFO : EventManager : Event: ======'machine_var_credits_string'====== Args={'value': 'FREE PLAY', 'prev_value': None, 'change': True}
2024-05-14 21:15:47,196 : INFO : EventManager : Event: ======'machine_var_master_volume'====== Args={'value': 0.5, 'prev_value': None, 'change': True}
2024-05-14 21:15:47,196 : INFO : EventManager : Event: ======'machine_var_mpf_version'====== Args={'value': 'Mission Pinball Framework v0.80.0.dev1', 'prev_value': None, 'change': True}
2024-05-14 21:15:47,196 : INFO : EventManager : Event: ======'machine_var_mpf_extended_version'====== Args={'value': 'Mission Pinball Framework v0.80.0.dev1, Config version:6, Show version: 6, BCP version:1.1', 'prev_value': None, 'change': True}
2024-05-14 21:15:47,196 : INFO : EventManager : Event: ======'machine_var_python_version'====== Args={'value': '3.10.0', 'prev_value': None, 'change': True}
2024-05-14 21:15:47,201 : INFO : EventManager : Event: ======'machine_var_platform'====== Args={'value': 'Windows-10-10.0.19045-SP0', 'prev_value': None, 'change': True}
2024-05-14 21:15:47,201 : INFO : EventManager : Event: ======'machine_var_platform_system'====== Args={'value': 'Windows', 'prev_value': None, 'change': True}
2024-05-14 21:15:47,201 : INFO : EventManager : Event: ======'machine_var_platform_release'====== Args={'value': '10', 'prev_value': None, 'change': True}
2024-05-14 21:15:47,201 : INFO : EventManager : Event: ======'machine_var_platform_version'====== Args={'value': '10.0.19045', 'prev_value': None, 'change': True}
2024-05-14 21:15:47,201 : INFO : EventManager : Event: ======'machine_var_platform_machine'====== Args={'value': 'AMD64', 'prev_value': None, 'change': True}
2024-05-14 21:15:47,201 : INFO : EventManager : Event: ======'init_phase_1'====== Args={}
2024-05-14 21:15:47,210 : INFO : EventManager : Event: ======'init_phase_2'====== Args={}
2024-05-14 21:15:47,210 : INFO : SwitchController : Found active switch: ('3208-8', <Platform.Virtual>) <switch.s_trough_ball_2>
2024-05-14 21:15:47,210 : INFO : SwitchController : Found active switch: ('3208-9', <Platform.Virtual>) <switch.s_trough_ball_3>
2024-05-14 21:15:47,210 : INFO : SwitchController : Found active switch: ('3208-13', <Platform.Virtual>) <switch.s_trough_ball_1>
2024-05-14 21:15:47,212 : INFO : EventManager : Event: ======'bcp_connection_attempt'====== Args={'name': 'local_display', 'host': 'localhost', 'port': 5050}
2024-05-14 21:15:47,213 : INFO : BCPClientSocket : Connecting BCP to 'local_display' at localhost:5050...
2024-05-14 21:15:47,217 : INFO : BCPClientSocket : Connected BCP to 'local_display' localhost:5050
2024-05-14 21:15:47,217 : INFO : EventManager : Event: ======'bcp_clients_connected'====== Args={}
2024-05-14 21:15:47,289 : INFO : ball_device.bd_trough : BCH: Initial count: 3
2024-05-14 21:15:47,289 : INFO : ball_device.bd_trough : State: idle
2024-05-14 21:15:47,289 : INFO : ball_device.bd_plunger : BCH: Initial count: 0
2024-05-14 21:15:47,290 : INFO : ball_device.bd_plunger : State: idle
2024-05-14 21:15:47,298 : INFO : EventManager : Event: ======'init_phase_3'====== Args={}
2024-05-14 21:15:47,299 : INFO : EventManager : Event: ======'init_phase_4'====== Args={}
2024-05-14 21:15:47,299 : INFO : BallController : Initial balls found: 3
2024-05-14 21:15:47,299 : INFO : EventManager : Event: ======'machine_var_audits_events_game_ended'====== Args={'value': 0, 'prev_value': None, 'change': True}
2024-05-14 21:15:47,299 : INFO : EventManager : Event: ======'machine_var_audits_events_game_started'====== Args={'value': 237, 'prev_value': None, 'change': True}
2024-05-14 21:15:47,299 : INFO : EventManager : Event: ======'machine_var_audits_missing_switches_s_left_flipper'====== Args={'value': 211, 'prev_value': None, 'change': True}
2024-05-14 21:15:47,299 : INFO : EventManager : Event: ======'machine_var_audits_missing_switches_s_left_flipper_eos'====== Args={'value': 211, 'prev_value': None, 'change': True}
2024-05-14 21:15:47,299 : INFO : EventManager : Event: ======'machine_var_audits_missing_switches_s_left_inner_lane'====== Args={'value': 211, 'prev_value': None, 'change': True}
2024-05-14 21:15:47,300 : INFO : EventManager : Event: ======'machine_var_audits_missing_switches_s_left_outer_lane'====== Args={'value': 153, 'prev_value': None, 'change': True}
2024-05-14 21:15:47,300 : INFO : EventManager : Event: ======'machine_var_audits_missing_switches_s_left_sling'====== Args={'value': 211, 'prev_value': None, 'change': True}
2024-05-14 21:15:47,300 : INFO : EventManager : Event: ======'machine_var_audits_missing_switches_s_mead'====== Args={'value': 121, 'prev_value': None, 'change': True}
2024-05-14 21:15:47,300 : INFO : EventManager : Event: ======'machine_var_audits_missing_switches_s_plunger'====== Args={'value': 211, 'prev_value': None, 'change': True}
2024-05-14 21:15:47,300 : INFO : EventManager : Event: ======'machine_var_audits_missing_switches_s_pop_bumper_1'====== Args={'value': 211, 'prev_value': None, 'change': True}
2024-05-14 21:15:47,300 : INFO : EventManager : Event: ======'machine_var_audits_missing_switches_s_pop_bumper_2'====== Args={'value': 211, 'prev_value': None, 'change': True}
2024-05-14 21:15:47,300 : INFO : EventManager : Event: ======'machine_var_audits_missing_switches_s_pop_bumper_3'====== Args={'value': 211, 'prev_value': None, 'change': True}
2024-05-14 21:15:47,300 : INFO : EventManager : Event: ======'machine_var_audits_missing_switches_s_right_flipper'====== Args={'value': 211, 'prev_value': None, 'change': True}
2024-05-14 21:15:47,300 : INFO : EventManager : Event: ======'machine_var_audits_missing_switches_s_right_flipper_eos'====== Args={'value': 211, 'prev_value': None, 'change': True}
2024-05-14 21:15:47,300 : INFO : EventManager : Event: ======'machine_var_audits_missing_switches_s_right_inner_lane'====== Args={'value': 211, 'prev_value': None, 'change': True}
2024-05-14 21:15:47,300 : INFO : EventManager : Event: ======'machine_var_audits_missing_switches_s_right_outer_lane'====== Args={'value': 211, 'prev_value': None, 'change': True}
2024-05-14 21:15:47,300 : INFO : EventManager : Event: ======'machine_var_audits_missing_switches_s_right_sling'====== Args={'value': 211, 'prev_value': None, 'change': True}
2024-05-14 21:15:47,300 : INFO : EventManager : Event: ======'machine_var_audits_missing_switches_s_scanlan'====== Args={'value': 58, 'prev_value': None, 'change': True}
2024-05-14 21:15:47,300 : INFO : EventManager : Event: ======'machine_var_audits_missing_switches_s_start'====== Args={'value': 12, 'prev_value': None, 'change': True}
2024-05-14 21:15:47,300 : INFO : EventManager : Event: ======'machine_var_audits_missing_switches_s_trough_ball_1'====== Args={'value': 211, 'prev_value': None, 'change': True}
2024-05-14 21:15:47,300 : INFO : EventManager : Event: ======'machine_var_audits_missing_switches_s_trough_ball_2'====== Args={'value': 211, 'prev_value': None, 'change': True}
2024-05-14 21:15:47,300 : INFO : EventManager : Event: ======'machine_var_audits_missing_switches_s_trough_ball_3'====== Args={'value': 211, 'prev_value': None, 'change': True}
2024-05-14 21:15:47,300 : INFO : EventManager : Event: ======'machine_var_audits_missing_switches_s_trough_ball_4'====== Args={'value': 211, 'prev_value': None, 'change': True}
2024-05-14 21:15:47,300 : INFO : EventManager : Event: ======'machine_var_audits_missing_switches_s_trough_ball_5'====== Args={'value': 211, 'prev_value': None, 'change': True}
2024-05-14 21:15:47,300 : INFO : EventManager : Event: ======'machine_var_audits_missing_switches_s_trough_ball_6'====== Args={'value': 89, 'prev_value': None, 'change': True}
2024-05-14 21:15:47,300 : INFO : EventManager : Event: ======'machine_var_audits_missing_switches_s_trough_ball_jam'====== Args={'value': 211, 'prev_value': None, 'change': True}
2024-05-14 21:15:47,300 : INFO : EventManager : Event: ======'machine_var_audits_player_score'====== Args={'value': {'average': 0, 'top': [], 'total': 0}, 'prev_value': None, 'change': True}
2024-05-14 21:15:47,300 : INFO : EventManager : Event: ======'machine_var_audits_shots_mead_shot'====== Args={'value': 4, 'prev_value': None, 'change': True}
2024-05-14 21:15:47,301 : INFO : EventManager : Event: ======'machine_var_audits_shots_scanlan_shot'====== Args={'value': 1, 'prev_value': None, 'change': True}
2024-05-14 21:15:47,301 : INFO : EventManager : Event: ======'machine_var_audits_shots_video_shot_1'====== Args={'value': 24, 'prev_value': None, 'change': True}
2024-05-14 21:15:47,301 : INFO : EventManager : Event: ======'machine_var_audits_shots_video_shot_2'====== Args={'value': 20, 'prev_value': None, 'change': True}
2024-05-14 21:15:47,301 : INFO : EventManager : Event: ======'machine_var_audits_switches_s_auto_launcher'====== Args={'value': 0, 'prev_value': None, 'change': True}
2024-05-14 21:15:47,301 : INFO : EventManager : Event: ======'machine_var_audits_switches_s_ball_drain'====== Args={'value': 0, 'prev_value': None, 'change': True}
2024-05-14 21:15:47,301 : INFO : EventManager : Event: ======'machine_var_audits_switches_s_left_flipper'====== Args={'value': 36, 'prev_value': None, 'change': True}
2024-05-14 21:15:47,301 : INFO : EventManager : Event: ======'machine_var_audits_switches_s_left_flipper_eos'====== Args={'value': 0, 'prev_value': None, 'change': True}
2024-05-14 21:15:47,301 : INFO : EventManager : Event: ======'machine_var_audits_switches_s_left_inner_lane'====== Args={'value': 0, 'prev_value': None, 'change': True}
2024-05-14 21:15:47,301 : INFO : EventManager : Event: ======'machine_var_audits_switches_s_left_outer_lane'====== Args={'value': 0, 'prev_value': None, 'change': True}
2024-05-14 21:15:47,301 : INFO : EventManager : Event: ======'machine_var_audits_switches_s_left_sling'====== Args={'value': 7, 'prev_value': None, 'change': True}
2024-05-14 21:15:47,301 : INFO : EventManager : Event: ======'machine_var_audits_switches_s_mead'====== Args={'value': 0, 'prev_value': None, 'change': True}
2024-05-14 21:15:47,301 : INFO : EventManager : Event: ======'machine_var_audits_switches_s_plunger'====== Args={'value': 9, 'prev_value': None, 'change': True}
2024-05-14 21:15:47,301 : INFO : EventManager : Event: ======'machine_var_audits_switches_s_pop_bumper_1'====== Args={'value': 0, 'prev_value': None, 'change': True}
2024-05-14 21:15:47,301 : INFO : EventManager : Event: ======'machine_var_audits_switches_s_pop_bumper_2'====== Args={'value': 0, 'prev_value': None, 'change': True}
2024-05-14 21:15:47,301 : INFO : EventManager : Event: ======'machine_var_audits_switches_s_pop_bumper_3'====== Args={'value': 0, 'prev_value': None, 'change': True}
2024-05-14 21:15:47,301 : INFO : EventManager : Event: ======'machine_var_audits_switches_s_right_flipper'====== Args={'value': 131, 'prev_value': None, 'change': True}
2024-05-14 21:15:47,302 : INFO : EventManager : Event: ======'machine_var_audits_switches_s_right_flipper_eos'====== Args={'value': 0, 'prev_value': None, 'change': True}
2024-05-14 21:15:47,302 : INFO : EventManager : Event: ======'machine_var_audits_switches_s_right_inner_lane'====== Args={'value': 0, 'prev_value': None, 'change': True}
2024-05-14 21:15:47,302 : INFO : EventManager : Event: ======'machine_var_audits_switches_s_right_outer_lane'====== Args={'value': 0, 'prev_value': None, 'change': True}
2024-05-14 21:15:47,302 : INFO : EventManager : Event: ======'machine_var_audits_switches_s_right_sling'====== Args={'value': 3, 'prev_value': None, 'change': True}
2024-05-14 21:15:47,302 : INFO : EventManager : Event: ======'machine_var_audits_switches_s_scanlan'====== Args={'value': 0, 'prev_value': None, 'change': True}
2024-05-14 21:15:47,302 : INFO : EventManager : Event: ======'machine_var_audits_switches_s_start'====== Args={'value': 14, 'prev_value': None, 'change': True}
2024-05-14 21:15:47,302 : INFO : EventManager : Event: ======'machine_var_audits_switches_s_switch_2'====== Args={'value': 0, 'prev_value': None, 'change': True}
2024-05-14 21:15:47,302 : INFO : EventManager : Event: ======'machine_var_audits_switches_s_trough_ball_1'====== Args={'value': 4, 'prev_value': None, 'change': True}
2024-05-14 21:15:47,302 : INFO : EventManager : Event: ======'machine_var_audits_switches_s_trough_ball_2'====== Args={'value': 4, 'prev_value': None, 'change': True}
2024-05-14 21:15:47,302 : INFO : EventManager : Event: ======'machine_var_audits_switches_s_trough_ball_3'====== Args={'value': 1, 'prev_value': None, 'change': True}
2024-05-14 21:15:47,302 : INFO : EventManager : Event: ======'machine_var_audits_switches_s_trough_ball_4'====== Args={'value': 0, 'prev_value': None, 'change': True}
2024-05-14 21:15:47,302 : INFO : EventManager : Event: ======'machine_var_audits_switches_s_trough_ball_5'====== Args={'value': 0, 'prev_value': None, 'change': True}
2024-05-14 21:15:47,302 : INFO : EventManager : Event: ======'machine_var_audits_switches_s_trough_ball_6'====== Args={'value': 1, 'prev_value': None, 'change': True}
2024-05-14 21:15:47,303 : INFO : EventManager : Event: ======'machine_var_audits_switches_s_trough_ball_jam'====== Args={'value': 3, 'prev_value': None, 'change': True}
2024-05-14 21:15:47,303 : INFO : EventManager : Event: ======'machine_var_audits_switches_s_trough_eject_coil'====== Args={'value': 0, 'prev_value': None, 'change': True}
2024-05-14 21:15:47,303 : INFO : EventManager : Event: ======'init_phase_5'====== Args={}
2024-05-14 21:15:47,327 : INFO : EventManager : Event: ======'init_done'====== Args={}
2024-05-14 21:15:47,327 : INFO : EventManager : Event: ======'machine_reset_phase_1'====== Args={}
2024-05-14 21:15:47,338 : INFO : EventManager : Event: ======'machine_reset_phase_2'====== Args={}
2024-05-14 21:15:47,338 : INFO : EventManager : Event: ======'machine_reset_phase_3'====== Args={}
2024-05-14 21:15:47,338 : INFO : EventManager : Event: ======'reset_complete'====== Args={}
2024-05-14 21:15:47,338 : INFO : EventManager : Event: ======'mode_attract_will_start'====== Args={}
2024-05-14 21:15:47,339 : INFO : EventManager : Event: ======'mode_attract_starting'====== Args={}
2024-05-14 21:15:47,339 : INFO : Mode.attract : Started. Priority: 10
2024-05-14 21:15:47,339 : INFO : EventManager : Event: ======'modes_active_modes_changed'====== Args={}
2024-05-14 21:15:47,339 : INFO : EventManager : Event: ======'mode_attract_started'====== Args={}
2024-05-14 21:15:47,339 : INFO : EventManager : Event: ======'collecting_balls_complete'====== Args={}
2024-05-14 21:15:47,348 : INFO : Machine : Starting the main run loop.
2024-05-14 21:15:47,369 : INFO : EventManager : Event: ======'slide_attract_created'====== Args={'_from_bcp': True}
2024-05-14 21:15:47,369 : INFO : EventManager : Event: ======'slide__removed'====== Args={'_from_bcp': True}
2024-05-14 21:15:47,369 : INFO : EventManager : Event: ======'slide_attract_active'====== Args={'original_context': 'attract', 'original_calling_context': 'mode_attract_started', 'cmd': 'slides_play', '_from_bcp': True}
2024-05-14 21:15:50,114 : INFO : SwitchController : <<<<<<< 's_start' active >>>>>>>
2024-05-14 21:15:50,205 : INFO : SwitchController : <<<<<<< 's_start' inactive >>>>>>>
2024-05-14 21:15:50,205 : INFO : EventManager : Event: ======'request_to_start_game'====== Args={}
2024-05-14 21:15:50,206 : INFO : EventManager : Event: ======'game_start'====== Args={'buttons': [], 'hold_time': 0.09399999999732245}
2024-05-14 21:15:50,206 : INFO : EventManager : Event: ======'mode_game_will_start'====== Args={'buttons': [], 'hold_time': 0.09399999999732245}
2024-05-14 21:15:50,206 : INFO : EventManager : Event: ======'mode_game_starting'====== Args={'buttons': [], 'hold_time': 0.09399999999732245}
2024-05-14 21:15:50,206 : INFO : EventManager : Event: ======'mode_attract_will_stop'====== Args={}
2024-05-14 21:15:50,206 : INFO : EventManager : Event: ======'mode_attract_stopping'====== Args={}
2024-05-14 21:15:50,207 : INFO : Mode.game : Started. Priority: 20
2024-05-14 21:15:50,207 : INFO : EventManager : Event: ======'modes_active_modes_changed'====== Args={}
2024-05-14 21:15:50,207 : INFO : EventManager : Event: ======'mode_game_started'====== Args={'buttons': [], 'hold_time': 0.09399999999732245}
2024-05-14 21:15:50,217 : INFO : Mode.attract : Stopped.
2024-05-14 21:15:50,217 : INFO : EventManager : Event: ======'modes_active_modes_changed'====== Args={}
2024-05-14 21:15:50,217 : INFO : EventManager : Event: ======'mode_attract_stopped'====== Args={}
2024-05-14 21:15:50,217 : INFO : EventManager : Event: ======'clear'====== Args={'key': 'attract'}
2024-05-14 21:15:50,217 : INFO : EventManager : Event: ======'game_will_start'====== Args={}
2024-05-14 21:15:50,227 : INFO : EventManager : Event: ======'game_starting'====== Args={'game': <Mode.game>}
2024-05-14 21:15:50,227 : INFO : EventManager : Unordered handler for class <Auditor> on event game_ended with priority 1. Handlers: [RegisteredHandler(callback=<bound method Auditor.disable of <Auditor>>, priority=1, kwargs={}, key=UUID('0251ee07-c880-4a45-8659-dbd521a088cd'), condition=None, blocking_facility=None), RegisteredHandler(callback=<bound method Auditor._save_audits of <Auditor>>, priority=1, kwargs={}, key=UUID('a74e8413-c73d-42a8-aae2-81995584df46'), condition=None, blocking_facility=None)]. The order of those handlers is not defined and they will be executed in random order. This might lead to race conditions and potential bugs.
2024-05-14 21:15:50,227 : INFO : EventManager : Event: ======'player_add_request'====== Args={}
2024-05-14 21:15:50,227 : INFO : EventManager : Event: ======'player_will_add'====== Args={'number': 1}
2024-05-14 21:15:50,227 : INFO : EventManager : Event: ======'player_adding'====== Args={'player': <Player 1>, 'number': 1}
2024-05-14 21:15:50,227 : INFO : EventManager : Event: ======'player_added'====== Args={'player': <Player 1>, 'num': 1}
2024-05-14 21:15:50,227 : INFO : Mode.game : Player added successfully. Total players: 1
2024-05-14 21:15:50,227 : INFO : EventManager : Event: ======'player_index'====== Args={'value': 0, 'prev_value': 0, 'change': 0, 'player_num': 1}
2024-05-14 21:15:50,227 : INFO : EventManager : Event: ======'player_number'====== Args={'value': 1, 'prev_value': 1, 'change': 0, 'player_num': 1}
2024-05-14 21:15:50,227 : INFO : EventManager : Event: ======'player_score'====== Args={'value': 0, 'prev_value': 0, 'change': 0, 'player_num': 1}
2024-05-14 21:15:50,228 : INFO : EventManager : Event: ======'game_started'====== Args={}
2024-05-14 21:15:50,231 : INFO : EventManager : Event: ======'player_turn_will_start'====== Args={'player': <Player 1>, 'number': 1}
2024-05-14 21:15:50,231 : INFO : EventManager : Event: ======'player_turn_starting'====== Args={'player': <Player 1>, 'number': 1}
2024-05-14 21:15:50,231 : INFO : EventManager : Event: ======'player_ball'====== Args={'value': 1, 'prev_value': 0, 'change': 1, 'player_num': 1}
2024-05-14 21:15:50,231 : INFO : EventManager : Event: ======'player_turn_started'====== Args={'player': <Player 1>, 'number': 1}
2024-05-14 21:15:50,231 : INFO : EventManager : Event: ======'ball_will_start'====== Args={'player': 1, 'ball': 1, 'balls_remaining': 2, 'is_extra_ball': False}
2024-05-14 21:15:50,233 : INFO : EventManager : Event: ======'ball_starting'====== Args={'player': 1, 'ball': 1, 'balls_remaining': 2, 'is_extra_ball': False}
2024-05-14 21:15:50,233 : INFO : EventManager : Event: ======'balls_in_play'====== Args={'balls': 1}
2024-05-14 21:15:50,233 : INFO : EventManager : Event: ======'ball_started'====== Args={'player': 1, 'ball': 1, 'balls_remaining': 2, 'is_extra_ball': False}
2024-05-14 21:15:50,233 : INFO : EventManager : Event: ======'mode_char_select_will_start'====== Args={'player': 1, 'ball': 1, 'balls_remaining': 2, 'is_extra_ball': False}
2024-05-14 21:15:50,235 : INFO : EventManager : Event: ======'mode_char_select_starting'====== Args={'player': 1, 'ball': 1, 'balls_remaining': 2, 'is_extra_ball': False}
2024-05-14 21:15:50,235 : INFO : EventManager : Event: ======'mode_base_will_start'====== Args={'player': 1, 'ball': 1, 'balls_remaining': 2, 'is_extra_ball': False}
2024-05-14 21:15:50,235 : INFO : EventManager : Event: ======'player_shot_mead_shot_enabled'====== Args={'value': True, 'prev_value': 0, 'change': 1, 'player_num': 1}
2024-05-14 21:15:50,235 : INFO : EventManager : Event: ======'player_shot_scanlan_shot_enabled'====== Args={'value': True, 'prev_value': 0, 'change': 1, 'player_num': 1}
2024-05-14 21:15:50,235 : INFO : EventManager : Event: ======'video_shots_complete'====== Args={'state': 'unlit'}
2024-05-14 21:15:50,235 : INFO : EventManager : Event: ======'video_shots_unlit_complete'====== Args={}
2024-05-14 21:15:50,236 : INFO : EventManager : Event: ======'mode_base_starting'====== Args={'player': 1, 'ball': 1, 'balls_remaining': 2, 'is_extra_ball': False}
2024-05-14 21:15:50,236 : INFO : Mode.base : Started. Priority: 100
2024-05-14 21:15:50,236 : INFO : EventManager : Event: ======'modes_active_modes_changed'====== Args={}
2024-05-14 21:15:50,236 : INFO : EventManager : Event: ======'mode_base_started'====== Args={'player': 1, 'ball': 1, 'balls_remaining': 2, 'is_extra_ball': False}
2024-05-14 21:15:50,236 : INFO : Mode.char_select : Started. Priority: 501
2024-05-14 21:15:50,236 : INFO : EventManager : Event: ======'modes_active_modes_changed'====== Args={}
2024-05-14 21:15:50,236 : INFO : EventManager : Event: ======'mode_char_select_started'====== Args={'player': 1, 'ball': 1, 'balls_remaining': 2, 'is_extra_ball': False}
2024-05-14 21:15:50,237 : INFO : EventManager : Event: ======'item_highlighted'====== Args={'carousel': 'char_select', 'direction': None, 'item': 'percy'}
2024-05-14 21:15:50,237 : INFO : EventManager : Event: ======'single_player_ball_started'====== Args={}
2024-05-14 21:15:50,250 : INFO : EventManager : Event: ======'ball_start_target'====== Args={'target': 'playfield'}
2024-05-14 21:15:50,250 : INFO : ball_device.bd_plunger : Setting up player-controlled eject. Balls: 1, Target: <playfield.playfield>, player_controlled_eject_event: None
2024-05-14 21:15:50,250 : INFO : EventManager : Event: ======'balldevice_balls_available'====== Args={}
2024-05-14 21:15:50,251 : INFO : ball_device.bd_trough : State: waiting_for_target_ready
2024-05-14 21:15:50,251 : INFO : EventManager : Event: ======'balldevice_bd_trough_ball_eject_attempt'====== Args={'balls': 1, 'target': <ball_device.bd_plunger>, 'source': <ball_device.bd_trough>, 'mechanical_eject': True, 'num_attempts': 0}
2024-05-14 21:15:50,251 : INFO : ball_device.bd_plunger : State: waiting_for_ball
2024-05-14 21:15:50,251 : INFO : ball_device.bd_trough : State: ejecting
2024-05-14 21:15:50,251 : INFO : ball_device.bd_trough : Ejecting ball to <ball_device.bd_plunger>
2024-05-14 21:15:50,251 : INFO : EventManager : Event: ======'balldevice_bd_trough_ejecting_ball'====== Args={'balls': 1, 'target': <ball_device.bd_plunger>, 'source': <ball_device.bd_trough>, 'mechanical_eject': True, 'num_attempts': 0}
2024-05-14 21:15:50,251 : INFO : ball_device.bd_trough : Wait for ball to leave device
2024-05-14 21:15:50,252 : INFO : coil.c_trough_eject_coil : Pulsing Driver for 15ms (1.0 pulse_power)
2024-05-14 21:15:50,263 : INFO : EventManager : Event: ======'slide_base_created'====== Args={'_from_bcp': True}
2024-05-14 21:15:50,263 : INFO : EventManager : Event: ======'slide_attract_inactive'====== Args={'_from_bcp': True}
2024-05-14 21:15:50,263 : INFO : EventManager : Event: ======'slide_base_active'====== Args={'original_context': 'base', 'original_calling_context': 'mode_base_started', 'cmd': 'slides_play', '_from_bcp': True}
2024-05-14 21:15:50,263 : INFO : EventManager : Event: ======'slide_attract_removed'====== Args={'_from_bcp': True}
2024-05-14 21:15:50,404 : INFO : EventManager : Event: ======'slide_char_select_created'====== Args={'_from_bcp': True}
2024-05-14 21:15:50,404 : INFO : EventManager : Event: ======'slide_base_inactive'====== Args={'_from_bcp': True}
2024-05-14 21:15:50,404 : INFO : EventManager : Event: ======'slide_char_select_active'====== Args={'original_context': 'char_select', 'original_calling_context': 'mode_char_select_started', 'cmd': 'slides_play', '_from_bcp': True}
2024-05-14 21:15:50,802 : INFO : EventManager : Event: ======'s_ab_active'====== Args={'_from_bcp': True}
2024-05-14 21:15:50,802 : INFO : EventManager : Event: ======'char_select_percy_selected'====== Args={}
2024-05-14 21:15:50,802 : INFO : EventManager : Event: ======'char_select_item_selected'====== Args={}
2024-05-14 21:15:50,802 : INFO : EventManager : Event: ======'player_selected_champ'====== Args={'value': 'percy', 'prev_value': 0, 'change': True, 'player_num': 1, 'source': 'char_select'}
2024-05-14 21:15:50,803 : INFO : EventManager : Event: ======'mode_char_select_will_stop'====== Args={}
2024-05-14 21:15:50,803 : INFO : EventManager : Event: ======'mode_char_select_stopping'====== Args={}
2024-05-14 21:15:50,803 : INFO : EventManager : Event: ======'player_is_selected_champ'====== Args={'value': 1, 'prev_value': 0, 'change': 1, 'player_num': 1, 'source': 'char_select'}
2024-05-14 21:15:50,803 : INFO : Mode.char_select : Stopped.
2024-05-14 21:15:50,803 : INFO : EventManager : Event: ======'modes_active_modes_changed'====== Args={}
2024-05-14 21:15:50,803 : INFO : EventManager : Event: ======'start_base'====== Args={}
2024-05-14 21:15:50,803 : INFO : EventManager : Event: ======'char_select_item_selected'====== Args={}
2024-05-14 21:15:50,803 : INFO : EventManager : Event: ======'mode_char_select_stopped'====== Args={}
2024-05-14 21:15:50,803 : INFO : EventManager : Event: ======'clear'====== Args={'key': 'char_select'}
2024-05-14 21:15:50,816 : INFO : EventManager : Event: ======'slide_char_select_inactive'====== Args={'_from_bcp': True}
2024-05-14 21:15:50,816 : INFO : EventManager : Event: ======'slide_base_active'====== Args={'_from_bcp': True}
2024-05-14 21:15:50,817 : INFO : EventManager : Event: ======'slide_char_select_removed'====== Args={'_from_bcp': True}
2024-05-14 21:15:52,259 : INFO : EventManager : Event: ======'balldevice_bd_trough_ball_eject_failed'====== Args={'target': <ball_device.bd_plunger>, 'balls': 1, 'retry': True, 'num_attempts': 1}
2024-05-14 21:15:52,259 : INFO : ball_device.bd_trough : State: waiting_for_target_ready
2024-05-14 21:15:52,259 : INFO : EventManager : Event: ======'balldevice_bd_trough_ball_eject_attempt'====== Args={'balls': 1, 'target': <ball_device.bd_plunger>, 'source': <ball_device.bd_trough>, 'mechanical_eject': True, 'num_attempts': 1}
2024-05-14 21:15:52,259 : INFO : ball_device.bd_trough : State: ejecting
2024-05-14 21:15:52,259 : INFO : ball_device.bd_trough : Ejecting ball to <ball_device.bd_plunger>
2024-05-14 21:15:52,259 : INFO : EventManager : Event: ======'balldevice_bd_trough_ejecting_ball'====== Args={'balls': 1, 'target': <ball_device.bd_plunger>, 'source': <ball_device.bd_trough>, 'mechanical_eject': True, 'num_attempts': 1}
2024-05-14 21:15:52,259 : INFO : ball_device.bd_trough : Wait for ball to leave device
2024-05-14 21:15:52,259 : INFO : coil.c_trough_eject_coil : Pulsing Driver for 15ms (1.0 pulse_power)
2024-05-14 21:15:53,552 : INFO : EventManager : Event: ======'s_mead_active'====== Args={'_from_bcp': True}
2024-05-14 21:15:53,552 : INFO : EventManager : Event: ======'player_shot_mead_shot'====== Args={'value': 1, 'prev_value': 0, 'change': 1, 'player_num': 1}
2024-05-14 21:15:53,552 : INFO : EventManager : Event: ======'machine_var_audits_shots_mead_shot'====== Args={'value': 5, 'prev_value': 4, 'change': 1}
2024-05-14 21:15:53,552 : INFO : EventManager : Event: ======'mead_shot_hit'====== Args={'profile': 'default', 'state': 'unlit', 'advancing': True}
2024-05-14 21:15:53,553 : INFO : EventManager : Event: ======'mead_shot_default_hit'====== Args={'profile': 'default', 'state': 'unlit', 'advancing': True}
2024-05-14 21:15:53,553 : INFO : EventManager : Event: ======'mead_shot_default_unlit_hit'====== Args={'profile': 'default', 'state': 'unlit', 'advancing': True}
2024-05-14 21:15:53,553 : INFO : EventManager : Event: ======'mead_shot_unlit_hit'====== Args={'profile': 'default', 'state': 'unlit', 'advancing': True}
2024-05-14 21:15:53,553 : INFO : EventManager : Event: ======'player_score'====== Args={'value': 10000, 'prev_value': 0, 'change': 10000, 'player_num': 1, 'source': 'base'}
2024-05-14 21:15:53,553 : INFO : EventManager : Event: ======'video_shots_hit'====== Args={'shot': 'mead_shot'}
2024-05-14 21:15:53,553 : INFO : EventManager : Event: ======'video_shots_unlit_hit'====== Args={'shot': 'mead_shot'}
2024-05-14 21:15:53,553 : INFO : EventManager : Event: ======'score_change_1'====== Args={'value': 10000, 'prev_value': 0, 'change': 10000, 'player_num': 1, 'source': 'base'}
2024-05-14 21:15:53,553 : INFO : EventManager : Event: ======'player_last_score'====== Args={'value': 10000, 'prev_value': 0, 'change': 10000, 'player_num': 1, 'source': 'base'}
2024-05-14 21:15:54,274 : INFO : EventManager : Event: ======'balldevice_bd_trough_ball_eject_failed'====== Args={'target': <ball_device.bd_plunger>, 'balls': 1, 'retry': True, 'num_attempts': 2}
2024-05-14 21:15:54,274 : INFO : ball_device.bd_trough : State: waiting_for_target_ready
2024-05-14 21:15:54,274 : INFO : EventManager : Event: ======'balldevice_bd_trough_ball_eject_attempt'====== Args={'balls': 1, 'target': <ball_device.bd_plunger>, 'source': <ball_device.bd_trough>, 'mechanical_eject': True, 'num_attempts': 2}
2024-05-14 21:15:54,275 : INFO : ball_device.bd_trough : State: ejecting
2024-05-14 21:15:54,275 : INFO : ball_device.bd_trough : Ejecting ball to <ball_device.bd_plunger>
2024-05-14 21:15:54,275 : INFO : EventManager : Event: ======'balldevice_bd_trough_ejecting_ball'====== Args={'balls': 1, 'target': <ball_device.bd_plunger>, 'source': <ball_device.bd_trough>, 'mechanical_eject': True, 'num_attempts': 2}
2024-05-14 21:15:54,275 : INFO : ball_device.bd_trough : Wait for ball to leave device
2024-05-14 21:15:54,275 : INFO : coil.c_trough_eject_coil : Pulsing Driver for 15ms (1.0 pulse_power)
2024-05-14 21:15:54,503 : INFO : EventManager : Event: ======'s_scanlan_active'====== Args={'_from_bcp': True}
2024-05-14 21:15:54,503 : INFO : EventManager : Event: ======'player_shot_scanlan_shot'====== Args={'value': 1, 'prev_value': 0, 'change': 1, 'player_num': 1}
2024-05-14 21:15:54,504 : INFO : EventManager : Event: ======'machine_var_audits_shots_scanlan_shot'====== Args={'value': 2, 'prev_value': 1, 'change': 1}
2024-05-14 21:15:54,504 : INFO : EventManager : Event: ======'scanlan_shot_hit'====== Args={'profile': 'default', 'state': 'unlit', 'advancing': True}
2024-05-14 21:15:54,504 : INFO : EventManager : Event: ======'scanlan_shot_default_hit'====== Args={'profile': 'default', 'state': 'unlit', 'advancing': True}
2024-05-14 21:15:54,504 : INFO : EventManager : Event: ======'scanlan_shot_default_unlit_hit'====== Args={'profile': 'default', 'state': 'unlit', 'advancing': True}
2024-05-14 21:15:54,504 : INFO : EventManager : Event: ======'scanlan_shot_unlit_hit'====== Args={'profile': 'default', 'state': 'unlit', 'advancing': True}
2024-05-14 21:15:54,504 : INFO : EventManager : Event: ======'player_score'====== Args={'value': 25000, 'prev_value': 10000, 'change': 15000, 'player_num': 1, 'source': 'base'}
2024-05-14 21:15:54,504 : INFO : EventManager : Event: ======'video_shots_complete'====== Args={'state': 'lit'}
2024-05-14 21:15:54,505 : INFO : EventManager : Event: ======'video_shots_lit_complete'====== Args={}
2024-05-14 21:15:54,505 : INFO : EventManager : Event: ======'video_shots_hit'====== Args={'shot': 'scanlan_shot'}
2024-05-14 21:15:54,505 : INFO : EventManager : Event: ======'video_shots_unlit_hit'====== Args={'shot': 'scanlan_shot'}
2024-05-14 21:15:54,505 : INFO : EventManager : Event: ======'score_change_2'====== Args={'value': 25000, 'prev_value': 10000, 'change': 15000, 'player_num': 1, 'source': 'base'}
2024-05-14 21:15:54,505 : INFO : EventManager : Event: ======'player_last_score'====== Args={'value': 15000, 'prev_value': 10000, 'change': 5000, 'player_num': 1, 'source': 'base'}
2024-05-14 21:15:56,289 : INFO : EventManager : Event: ======'balldevice_bd_trough_ball_eject_failed'====== Args={'target': <ball_device.bd_plunger>, 'balls': 1, 'retry': True, 'num_attempts': 3}
2024-05-14 21:15:56,289 : INFO : ball_device.bd_trough : State: waiting_for_target_ready
2024-05-14 21:15:56,289 : INFO : EventManager : Event: ======'balldevice_bd_trough_ball_eject_attempt'====== Args={'balls': 1, 'target': <ball_device.bd_plunger>, 'source': <ball_device.bd_trough>, 'mechanical_eject': True, 'num_attempts': 3}
2024-05-14 21:15:56,289 : INFO : ball_device.bd_trough : State: ejecting
2024-05-14 21:15:56,289 : INFO : ball_device.bd_trough : Ejecting ball to <ball_device.bd_plunger>
2024-05-14 21:15:56,289 : INFO : EventManager : Event: ======'balldevice_bd_trough_ejecting_ball'====== Args={'balls': 1, 'target': <ball_device.bd_plunger>, 'source': <ball_device.bd_trough>, 'mechanical_eject': True, 'num_attempts': 3}
2024-05-14 21:15:56,289 : INFO : ball_device.bd_trough : Wait for ball to leave device
2024-05-14 21:15:56,289 : INFO : coil.c_trough_eject_coil : Pulsing Driver for 15ms (1.0 pulse_power)
2024-05-14 21:15:56,864 : INFO : EventManager : Event: ======'s_mead_active'====== Args={'_from_bcp': True}
2024-05-14 21:15:56,865 : INFO : EventManager : Event: ======'machine_var_audits_shots_mead_shot'====== Args={'value': 6, 'prev_value': 5, 'change': 1}
2024-05-14 21:15:56,865 : INFO : EventManager : Event: ======'mead_shot_hit'====== Args={'profile': 'default', 'state': 'lit', 'advancing': False}
2024-05-14 21:15:56,865 : INFO : EventManager : Event: ======'mead_shot_default_hit'====== Args={'profile': 'default', 'state': 'lit', 'advancing': False}
2024-05-14 21:15:56,865 : INFO : EventManager : Event: ======'mead_shot_default_lit_hit'====== Args={'profile': 'default', 'state': 'lit', 'advancing': False}
2024-05-14 21:15:56,865 : INFO : EventManager : Event: ======'mead_shot_lit_hit'====== Args={'profile': 'default', 'state': 'lit', 'advancing': False}
2024-05-14 21:15:56,865 : INFO : EventManager : Event: ======'player_score'====== Args={'value': 35000, 'prev_value': 25000, 'change': 10000, 'player_num': 1, 'source': 'base'}
2024-05-14 21:15:56,865 : INFO : EventManager : Event: ======'video_shots_hit'====== Args={'shot': 'mead_shot'}
2024-05-14 21:15:56,865 : INFO : EventManager : Event: ======'video_shots_lit_hit'====== Args={'shot': 'mead_shot'}
2024-05-14 21:15:56,865 : INFO : EventManager : Event: ======'score_change'====== Args={'value': 35000, 'prev_value': 25000, 'change': 10000, 'player_num': 1, 'source': 'base'}
2024-05-14 21:15:56,865 : INFO : EventManager : Event: ======'player_last_score'====== Args={'value': 10000, 'prev_value': 15000, 'change': -5000, 'player_num': 1, 'source': 'base'}
2024-05-14 21:15:58,292 : INFO : EventManager : Event: ======'balldevice_bd_trough_ball_eject_failed'====== Args={'target': <ball_device.bd_plunger>, 'balls': 1, 'retry': True, 'num_attempts': 4}
2024-05-14 21:15:58,292 : INFO : ball_device.bd_trough : State: waiting_for_target_ready
2024-05-14 21:15:58,292 : INFO : EventManager : Event: ======'balldevice_bd_trough_ball_eject_attempt'====== Args={'balls': 1, 'target': <ball_device.bd_plunger>, 'source': <ball_device.bd_trough>, 'mechanical_eject': True, 'num_attempts': 4}
2024-05-14 21:15:58,292 : INFO : ball_device.bd_trough : State: ejecting
2024-05-14 21:15:58,292 : INFO : ball_device.bd_trough : Ejecting ball to <ball_device.bd_plunger>
2024-05-14 21:15:58,292 : INFO : EventManager : Event: ======'balldevice_bd_trough_ejecting_ball'====== Args={'balls': 1, 'target': <ball_device.bd_plunger>, 'source': <ball_device.bd_trough>, 'mechanical_eject': True, 'num_attempts': 4}
2024-05-14 21:15:58,292 : INFO : ball_device.bd_trough : Wait for ball to leave device
2024-05-14 21:15:58,292 : INFO : coil.c_trough_eject_coil : Pulsing Driver for 15ms (1.0 pulse_power)
2024-05-14 21:15:58,531 : INFO : EventManager : Event: ======'s_scanlan_active'====== Args={'_from_bcp': True}
2024-05-14 21:15:58,531 : INFO : EventManager : Event: ======'machine_var_audits_shots_scanlan_shot'====== Args={'value': 3, 'prev_value': 2, 'change': 1}
2024-05-14 21:15:58,532 : INFO : EventManager : Event: ======'scanlan_shot_hit'====== Args={'profile': 'default', 'state': 'lit', 'advancing': False}
2024-05-14 21:15:58,532 : INFO : EventManager : Event: ======'scanlan_shot_default_hit'====== Args={'profile': 'default', 'state': 'lit', 'advancing': False}
2024-05-14 21:15:58,532 : INFO : EventManager : Event: ======'scanlan_shot_default_lit_hit'====== Args={'profile': 'default', 'state': 'lit', 'advancing': False}
2024-05-14 21:15:58,532 : INFO : EventManager : Event: ======'scanlan_shot_lit_hit'====== Args={'profile': 'default', 'state': 'lit', 'advancing': False}
2024-05-14 21:15:58,532 : INFO : EventManager : Event: ======'player_score'====== Args={'value': 50000, 'prev_value': 35000, 'change': 15000, 'player_num': 1, 'source': 'base'}
2024-05-14 21:15:58,532 : INFO : EventManager : Event: ======'video_shots_hit'====== Args={'shot': 'scanlan_shot'}
2024-05-14 21:15:58,532 : INFO : EventManager : Event: ======'video_shots_lit_hit'====== Args={'shot': 'scanlan_shot'}
2024-05-14 21:15:58,532 : INFO : EventManager : Event: ======'score_change_1'====== Args={'value': 50000, 'prev_value': 35000, 'change': 15000, 'player_num': 1, 'source': 'base'}
2024-05-14 21:15:58,532 : INFO : EventManager : Event: ======'player_last_score'====== Args={'value': 15000, 'prev_value': 10000, 'change': 5000, 'player_num': 1, 'source': 'base'}
2024-05-14 21:15:59,503 : INFO : EventManager : Event: ======'s_mead_active'====== Args={'_from_bcp': True}
2024-05-14 21:15:59,503 : INFO : EventManager : Event: ======'machine_var_audits_shots_mead_shot'====== Args={'value': 7, 'prev_value': 6, 'change': 1}
2024-05-14 21:15:59,504 : INFO : EventManager : Event: ======'mead_shot_hit'====== Args={'profile': 'default', 'state': 'lit', 'advancing': False}
2024-05-14 21:15:59,504 : INFO : EventManager : Event: ======'mead_shot_default_hit'====== Args={'profile': 'default', 'state': 'lit', 'advancing': False}
2024-05-14 21:15:59,504 : INFO : EventManager : Event: ======'mead_shot_default_lit_hit'====== Args={'profile': 'default', 'state': 'lit', 'advancing': False}
2024-05-14 21:15:59,504 : INFO : EventManager : Event: ======'mead_shot_lit_hit'====== Args={'profile': 'default', 'state': 'lit', 'advancing': False}
2024-05-14 21:15:59,504 : INFO : EventManager : Event: ======'player_score'====== Args={'value': 60000, 'prev_value': 50000, 'change': 10000, 'player_num': 1, 'source': 'base'}
2024-05-14 21:15:59,504 : INFO : EventManager : Event: ======'video_shots_hit'====== Args={'shot': 'mead_shot'}
2024-05-14 21:15:59,504 : INFO : EventManager : Event: ======'video_shots_lit_hit'====== Args={'shot': 'mead_shot'}
2024-05-14 21:15:59,504 : INFO : EventManager : Event: ======'score_change_2'====== Args={'value': 60000, 'prev_value': 50000, 'change': 10000, 'player_num': 1, 'source': 'base'}
2024-05-14 21:15:59,504 : INFO : EventManager : Event: ======'player_last_score'====== Args={'value': 10000, 'prev_value': 15000, 'change': -5000, 'player_num': 1, 'source': 'base'}
2024-05-14 21:16:00,307 : INFO : EventManager : Event: ======'balldevice_bd_trough_ball_eject_failed'====== Args={'target': <ball_device.bd_plunger>, 'balls': 1, 'retry': True, 'num_attempts': 5}
2024-05-14 21:16:00,307 : INFO : ball_device.bd_trough : State: waiting_for_target_ready
2024-05-14 21:16:00,307 : INFO : EventManager : Event: ======'balldevice_bd_trough_ball_eject_attempt'====== Args={'balls': 1, 'target': <ball_device.bd_plunger>, 'source': <ball_device.bd_trough>, 'mechanical_eject': True, 'num_attempts': 5}
2024-05-14 21:16:00,307 : INFO : ball_device.bd_trough : State: ejecting
2024-05-14 21:16:00,307 : INFO : ball_device.bd_trough : Ejecting ball to <ball_device.bd_plunger>
2024-05-14 21:16:00,307 : INFO : EventManager : Event: ======'balldevice_bd_trough_ejecting_ball'====== Args={'balls': 1, 'target': <ball_device.bd_plunger>, 'source': <ball_device.bd_trough>, 'mechanical_eject': True, 'num_attempts': 5}
2024-05-14 21:16:00,307 : INFO : ball_device.bd_trough : Wait for ball to leave device
2024-05-14 21:16:00,308 : INFO : coil.c_trough_eject_coil : Pulsing Driver for 15ms (1.0 pulse_power)
2024-05-14 21:16:01,806 : INFO : EventManager : Event: ======'resume_bg'====== Args={'_from_bcp': True}
2024-05-14 21:16:02,326 : INFO : EventManager : Event: ======'balldevice_bd_trough_ball_eject_failed'====== Args={'target': <ball_device.bd_plunger>, 'balls': 1, 'retry': True, 'num_attempts': 6}
2024-05-14 21:16:02,326 : INFO : ball_device.bd_trough : State: waiting_for_target_ready
2024-05-14 21:16:02,326 : INFO : EventManager : Event: ======'balldevice_bd_trough_ball_eject_attempt'====== Args={'balls': 1, 'target': <ball_device.bd_plunger>, 'source': <ball_device.bd_trough>, 'mechanical_eject': True, 'num_attempts': 6}
2024-05-14 21:16:02,326 : INFO : ball_device.bd_trough : State: ejecting
2024-05-14 21:16:02,326 : INFO : ball_device.bd_trough : Ejecting ball to <ball_device.bd_plunger>
2024-05-14 21:16:02,326 : INFO : EventManager : Event: ======'balldevice_bd_trough_ejecting_ball'====== Args={'balls': 1, 'target': <ball_device.bd_plunger>, 'source': <ball_device.bd_trough>, 'mechanical_eject': True, 'num_attempts': 6}
2024-05-14 21:16:02,327 : INFO : ball_device.bd_trough : Wait for ball to leave device
2024-05-14 21:16:02,327 : INFO : coil.c_trough_eject_coil : Pulsing Driver for 15ms (1.0 pulse_power)
2024-05-14 21:16:04,337 : INFO : EventManager : Event: ======'balldevice_bd_trough_ball_eject_failed'====== Args={'target': <ball_device.bd_plunger>, 'balls': 1, 'retry': True, 'num_attempts': 7}
2024-05-14 21:16:04,337 : INFO : ball_device.bd_trough : State: waiting_for_target_ready
2024-05-14 21:16:04,337 : INFO : EventManager : Event: ======'balldevice_bd_trough_ball_eject_attempt'====== Args={'balls': 1, 'target': <ball_device.bd_plunger>, 'source': <ball_device.bd_trough>, 'mechanical_eject': True, 'num_attempts': 7}
2024-05-14 21:16:04,337 : INFO : ball_device.bd_trough : State: ejecting
2024-05-14 21:16:04,337 : INFO : ball_device.bd_trough : Ejecting ball to <ball_device.bd_plunger>
2024-05-14 21:16:04,337 : INFO : EventManager : Event: ======'balldevice_bd_trough_ejecting_ball'====== Args={'balls': 1, 'target': <ball_device.bd_plunger>, 'source': <ball_device.bd_trough>, 'mechanical_eject': True, 'num_attempts': 7}
2024-05-14 21:16:04,337 : INFO : ball_device.bd_trough : Wait for ball to leave device
2024-05-14 21:16:04,338 : INFO : coil.c_trough_eject_coil : Pulsing Driver for 15ms (1.0 pulse_power)
2024-05-14 21:16:06,360 : INFO : EventManager : Event: ======'balldevice_bd_trough_ball_eject_failed'====== Args={'target': <ball_device.bd_plunger>, 'balls': 1, 'retry': True, 'num_attempts': 8}
2024-05-14 21:16:06,360 : INFO : ball_device.bd_trough : State: waiting_for_target_ready
2024-05-14 21:16:06,360 : INFO : EventManager : Event: ======'balldevice_bd_trough_ball_eject_attempt'====== Args={'balls': 1, 'target': <ball_device.bd_plunger>, 'source': <ball_device.bd_trough>, 'mechanical_eject': True, 'num_attempts': 8}
2024-05-14 21:16:06,360 : INFO : ball_device.bd_trough : State: ejecting
2024-05-14 21:16:06,360 : INFO : ball_device.bd_trough : Ejecting ball to <ball_device.bd_plunger>
2024-05-14 21:16:06,361 : INFO : EventManager : Event: ======'balldevice_bd_trough_ejecting_ball'====== Args={'balls': 1, 'target': <ball_device.bd_plunger>, 'source': <ball_device.bd_trough>, 'mechanical_eject': True, 'num_attempts': 8}
2024-05-14 21:16:06,361 : INFO : ball_device.bd_trough : Wait for ball to leave device
2024-05-14 21:16:06,361 : INFO : coil.c_trough_eject_coil : Pulsing Driver for 15ms (1.0 pulse_power)
2024-05-14 21:16:08,363 : INFO : EventManager : Event: ======'balldevice_bd_trough_ball_eject_failed'====== Args={'target': <ball_device.bd_plunger>, 'balls': 1, 'retry': True, 'num_attempts': 9}
2024-05-14 21:16:08,363 : INFO : ball_device.bd_trough : State: waiting_for_target_ready
2024-05-14 21:16:08,363 : INFO : EventManager : Event: ======'balldevice_bd_trough_ball_eject_attempt'====== Args={'balls': 1, 'target': <ball_device.bd_plunger>, 'source': <ball_device.bd_trough>, 'mechanical_eject': True, 'num_attempts': 9}
2024-05-14 21:16:08,363 : INFO : ball_device.bd_trough : State: ejecting
2024-05-14 21:16:08,363 : INFO : ball_device.bd_trough : Ejecting ball to <ball_device.bd_plunger>
2024-05-14 21:16:08,363 : INFO : EventManager : Event: ======'balldevice_bd_trough_ejecting_ball'====== Args={'balls': 1, 'target': <ball_device.bd_plunger>, 'source': <ball_device.bd_trough>, 'mechanical_eject': True, 'num_attempts': 9}
2024-05-14 21:16:08,363 : INFO : ball_device.bd_trough : Wait for ball to leave device
2024-05-14 21:16:08,363 : INFO : coil.c_trough_eject_coil : Pulsing Driver for 15ms (1.0 pulse_power)
2024-05-14 21:16:08,867 : INFO : EventManager : Event: ======'s_scanlan_active'====== Args={'_from_bcp': True}
2024-05-14 21:16:08,867 : INFO : EventManager : Event: ======'machine_var_audits_shots_scanlan_shot'====== Args={'value': 4, 'prev_value': 3, 'change': 1}
2024-05-14 21:16:08,867 : INFO : EventManager : Event: ======'scanlan_shot_hit'====== Args={'profile': 'default', 'state': 'lit', 'advancing': False}
2024-05-14 21:16:08,867 : INFO : EventManager : Event: ======'scanlan_shot_default_hit'====== Args={'profile': 'default', 'state': 'lit', 'advancing': False}
2024-05-14 21:16:08,867 : INFO : EventManager : Event: ======'scanlan_shot_default_lit_hit'====== Args={'profile': 'default', 'state': 'lit', 'advancing': False}
2024-05-14 21:16:08,867 : INFO : EventManager : Event: ======'scanlan_shot_lit_hit'====== Args={'profile': 'default', 'state': 'lit', 'advancing': False}
2024-05-14 21:16:08,867 : INFO : EventManager : Event: ======'player_score'====== Args={'value': 75000, 'prev_value': 60000, 'change': 15000, 'player_num': 1, 'source': 'base'}
2024-05-14 21:16:08,867 : INFO : EventManager : Event: ======'video_shots_hit'====== Args={'shot': 'scanlan_shot'}
2024-05-14 21:16:08,868 : INFO : EventManager : Event: ======'video_shots_lit_hit'====== Args={'shot': 'scanlan_shot'}
2024-05-14 21:16:08,868 : INFO : EventManager : Event: ======'score_change'====== Args={'value': 75000, 'prev_value': 60000, 'change': 15000, 'player_num': 1, 'source': 'base'}
2024-05-14 21:16:08,868 : INFO : EventManager : Event: ======'player_last_score'====== Args={'value': 15000, 'prev_value': 10000, 'change': 5000, 'player_num': 1, 'source': 'base'}
2024-05-14 21:16:09,434 : INFO : EventManager : Event: ======'s_scanlan_active'====== Args={'_from_bcp': True}
2024-05-14 21:16:09,434 : INFO : EventManager : Event: ======'machine_var_audits_shots_scanlan_shot'====== Args={'value': 5, 'prev_value': 4, 'change': 1}
2024-05-14 21:16:09,434 : INFO : EventManager : Event: ======'scanlan_shot_hit'====== Args={'profile': 'default', 'state': 'lit', 'advancing': False}
2024-05-14 21:16:09,434 : INFO : EventManager : Event: ======'scanlan_shot_default_hit'====== Args={'profile': 'default', 'state': 'lit', 'advancing': False}
2024-05-14 21:16:09,434 : INFO : EventManager : Event: ======'scanlan_shot_default_lit_hit'====== Args={'profile': 'default', 'state': 'lit', 'advancing': False}
2024-05-14 21:16:09,434 : INFO : EventManager : Event: ======'scanlan_shot_lit_hit'====== Args={'profile': 'default', 'state': 'lit', 'advancing': False}
2024-05-14 21:16:09,434 : INFO : EventManager : Event: ======'player_score'====== Args={'value': 90000, 'prev_value': 75000, 'change': 15000, 'player_num': 1, 'source': 'base'}
2024-05-14 21:16:09,434 : INFO : EventManager : Event: ======'video_shots_hit'====== Args={'shot': 'scanlan_shot'}
2024-05-14 21:16:09,434 : INFO : EventManager : Event: ======'video_shots_lit_hit'====== Args={'shot': 'scanlan_shot'}
2024-05-14 21:16:09,434 : INFO : EventManager : Event: ======'score_change_1'====== Args={'value': 90000, 'prev_value': 75000, 'change': 15000, 'player_num': 1, 'source': 'base'}
2024-05-14 21:16:10,073 : INFO : EventManager : Event: ======'s_scanlan_active'====== Args={'_from_bcp': True}
2024-05-14 21:16:10,073 : INFO : EventManager : Event: ======'machine_var_audits_shots_scanlan_shot'====== Args={'value': 6, 'prev_value': 5, 'change': 1}
2024-05-14 21:16:10,073 : INFO : EventManager : Event: ======'scanlan_shot_hit'====== Args={'profile': 'default', 'state': 'lit', 'advancing': False}
2024-05-14 21:16:10,073 : INFO : EventManager : Event: ======'scanlan_shot_default_hit'====== Args={'profile': 'default', 'state': 'lit', 'advancing': False}
2024-05-14 21:16:10,073 : INFO : EventManager : Event: ======'scanlan_shot_default_lit_hit'====== Args={'profile': 'default', 'state': 'lit', 'advancing': False}
2024-05-14 21:16:10,074 : INFO : EventManager : Event: ======'scanlan_shot_lit_hit'====== Args={'profile': 'default', 'state': 'lit', 'advancing': False}
2024-05-14 21:16:10,074 : INFO : EventManager : Event: ======'player_score'====== Args={'value': 105000, 'prev_value': 90000, 'change': 15000, 'player_num': 1, 'source': 'base'}
2024-05-14 21:16:10,074 : INFO : EventManager : Event: ======'video_shots_hit'====== Args={'shot': 'scanlan_shot'}
2024-05-14 21:16:10,074 : INFO : EventManager : Event: ======'video_shots_lit_hit'====== Args={'shot': 'scanlan_shot'}
2024-05-14 21:16:10,074 : INFO : EventManager : Event: ======'score_change_2'====== Args={'value': 105000, 'prev_value': 90000, 'change': 15000, 'player_num': 1, 'source': 'base'}
2024-05-14 21:16:10,363 : INFO : EventManager : Event: ======'balldevice_bd_trough_ball_eject_failed'====== Args={'target': <ball_device.bd_plunger>, 'balls': 1, 'retry': True, 'num_attempts': 10}
2024-05-14 21:16:10,363 : INFO : ball_device.bd_trough : State: waiting_for_target_ready
2024-05-14 21:16:10,363 : INFO : EventManager : Event: ======'balldevice_bd_trough_ball_eject_attempt'====== Args={'balls': 1, 'target': <ball_device.bd_plunger>, 'source': <ball_device.bd_trough>, 'mechanical_eject': True, 'num_attempts': 10}
2024-05-14 21:16:10,363 : INFO : ball_device.bd_trough : State: ejecting
2024-05-14 21:16:10,363 : INFO : ball_device.bd_trough : Ejecting ball to <ball_device.bd_plunger>
2024-05-14 21:16:10,363 : INFO : EventManager : Event: ======'balldevice_bd_trough_ejecting_ball'====== Args={'balls': 1, 'target': <ball_device.bd_plunger>, 'source': <ball_device.bd_trough>, 'mechanical_eject': True, 'num_attempts': 10}
2024-05-14 21:16:10,363 : INFO : ball_device.bd_trough : Wait for ball to leave device
2024-05-14 21:16:10,364 : INFO : coil.c_trough_eject_coil : Pulsing Driver for 15ms (1.0 pulse_power)
2024-05-14 21:16:10,843 : INFO : EventManager : Event: ======'s_scanlan_active'====== Args={'_from_bcp': True}
2024-05-14 21:16:10,844 : INFO : EventManager : Event: ======'machine_var_audits_shots_scanlan_shot'====== Args={'value': 7, 'prev_value': 6, 'change': 1}
2024-05-14 21:16:10,844 : INFO : EventManager : Event: ======'scanlan_shot_hit'====== Args={'profile': 'default', 'state': 'lit', 'advancing': False}
2024-05-14 21:16:10,844 : INFO : EventManager : Event: ======'scanlan_shot_default_hit'====== Args={'profile': 'default', 'state': 'lit', 'advancing': False}
2024-05-14 21:16:10,844 : INFO : EventManager : Event: ======'scanlan_shot_default_lit_hit'====== Args={'profile': 'default', 'state': 'lit', 'advancing': False}
2024-05-14 21:16:10,844 : INFO : EventManager : Event: ======'scanlan_shot_lit_hit'====== Args={'profile': 'default', 'state': 'lit', 'advancing': False}
2024-05-14 21:16:10,844 : INFO : EventManager : Event: ======'player_score'====== Args={'value': 120000, 'prev_value': 105000, 'change': 15000, 'player_num': 1, 'source': 'base'}
2024-05-14 21:16:10,844 : INFO : EventManager : Event: ======'video_shots_hit'====== Args={'shot': 'scanlan_shot'}
2024-05-14 21:16:10,844 : INFO : EventManager : Event: ======'video_shots_lit_hit'====== Args={'shot': 'scanlan_shot'}
2024-05-14 21:16:10,844 : INFO : EventManager : Event: ======'score_change'====== Args={'value': 120000, 'prev_value': 105000, 'change': 15000, 'player_num': 1, 'source': 'base'}
2024-05-14 21:16:11,281 : INFO : EventManager : Event: ======'s_scanlan_active'====== Args={'_from_bcp': True}
2024-05-14 21:16:11,281 : INFO : EventManager : Event: ======'machine_var_audits_shots_scanlan_shot'====== Args={'value': 8, 'prev_value': 7, 'change': 1}
2024-05-14 21:16:11,281 : INFO : EventManager : Event: ======'scanlan_shot_hit'====== Args={'profile': 'default', 'state': 'lit', 'advancing': False}
2024-05-14 21:16:11,281 : INFO : EventManager : Event: ======'scanlan_shot_default_hit'====== Args={'profile': 'default', 'state': 'lit', 'advancing': False}
2024-05-14 21:16:11,281 : INFO : EventManager : Event: ======'scanlan_shot_default_lit_hit'====== Args={'profile': 'default', 'state': 'lit', 'advancing': False}
2024-05-14 21:16:11,281 : INFO : EventManager : Event: ======'scanlan_shot_lit_hit'====== Args={'profile': 'default', 'state': 'lit', 'advancing': False}
2024-05-14 21:16:11,282 : INFO : EventManager : Event: ======'player_score'====== Args={'value': 135000, 'prev_value': 120000, 'change': 15000, 'player_num': 1, 'source': 'base'}
2024-05-14 21:16:11,282 : INFO : EventManager : Event: ======'video_shots_hit'====== Args={'shot': 'scanlan_shot'}
2024-05-14 21:16:11,282 : INFO : EventManager : Event: ======'video_shots_lit_hit'====== Args={'shot': 'scanlan_shot'}
2024-05-14 21:16:11,282 : INFO : EventManager : Event: ======'score_change_2'====== Args={'value': 135000, 'prev_value': 120000, 'change': 15000, 'player_num': 1, 'source': 'base'}
2024-05-14 21:16:11,871 : INFO : EventManager : Event: ======'s_scanlan_active'====== Args={'_from_bcp': True}
2024-05-14 21:16:11,871 : INFO : EventManager : Event: ======'machine_var_audits_shots_scanlan_shot'====== Args={'value': 9, 'prev_value': 8, 'change': 1}
2024-05-14 21:16:11,872 : INFO : EventManager : Event: ======'scanlan_shot_hit'====== Args={'profile': 'default', 'state': 'lit', 'advancing': False}
2024-05-14 21:16:11,872 : INFO : EventManager : Event: ======'scanlan_shot_default_hit'====== Args={'profile': 'default', 'state': 'lit', 'advancing': False}
2024-05-14 21:16:11,872 : INFO : EventManager : Event: ======'scanlan_shot_default_lit_hit'====== Args={'profile': 'default', 'state': 'lit', 'advancing': False}
2024-05-14 21:16:11,872 : INFO : EventManager : Event: ======'scanlan_shot_lit_hit'====== Args={'profile': 'default', 'state': 'lit', 'advancing': False}
2024-05-14 21:16:11,872 : INFO : EventManager : Event: ======'player_score'====== Args={'value': 150000, 'prev_value': 135000, 'change': 15000, 'player_num': 1, 'source': 'base'}
2024-05-14 21:16:11,872 : INFO : EventManager : Event: ======'video_shots_hit'====== Args={'shot': 'scanlan_shot'}
2024-05-14 21:16:11,872 : INFO : EventManager : Event: ======'video_shots_lit_hit'====== Args={'shot': 'scanlan_shot'}
2024-05-14 21:16:11,872 : INFO : EventManager : Event: ======'score_change_1'====== Args={'value': 150000, 'prev_value': 135000, 'change': 15000, 'player_num': 1, 'source': 'base'}
2024-05-14 21:16:12,371 : INFO : EventManager : Event: ======'balldevice_bd_trough_ball_eject_failed'====== Args={'target': <ball_device.bd_plunger>, 'balls': 1, 'retry': True, 'num_attempts': 11}
2024-05-14 21:16:12,371 : INFO : ball_device.bd_trough : State: waiting_for_target_ready
2024-05-14 21:16:12,371 : INFO : EventManager : Event: ======'balldevice_bd_trough_ball_eject_attempt'====== Args={'balls': 1, 'target': <ball_device.bd_plunger>, 'source': <ball_device.bd_trough>, 'mechanical_eject': True, 'num_attempts': 11}
2024-05-14 21:16:12,371 : INFO : ball_device.bd_trough : State: ejecting
2024-05-14 21:16:12,371 : INFO : ball_device.bd_trough : Ejecting ball to <ball_device.bd_plunger>
2024-05-14 21:16:12,371 : INFO : EventManager : Event: ======'balldevice_bd_trough_ejecting_ball'====== Args={'balls': 1, 'target': <ball_device.bd_plunger>, 'source': <ball_device.bd_trough>, 'mechanical_eject': True, 'num_attempts': 11}
2024-05-14 21:16:12,371 : INFO : ball_device.bd_trough : Wait for ball to leave device
2024-05-14 21:16:12,371 : INFO : coil.c_trough_eject_coil : Pulsing Driver for 15ms (1.0 pulse_power)
2024-05-14 21:16:12,524 : INFO : EventManager : Event: ======'s_scanlan_active'====== Args={'_from_bcp': True}
2024-05-14 21:16:12,524 : INFO : EventManager : Event: ======'machine_var_audits_shots_scanlan_shot'====== Args={'value': 10, 'prev_value': 9, 'change': 1}
2024-05-14 21:16:12,524 : INFO : EventManager : Event: ======'scanlan_shot_hit'====== Args={'profile': 'default', 'state': 'lit', 'advancing': False}
2024-05-14 21:16:12,524 : INFO : EventManager : Event: ======'scanlan_shot_default_hit'====== Args={'profile': 'default', 'state': 'lit', 'advancing': False}
2024-05-14 21:16:12,525 : INFO : EventManager : Event: ======'scanlan_shot_default_lit_hit'====== Args={'profile': 'default', 'state': 'lit', 'advancing': False}
2024-05-14 21:16:12,525 : INFO : EventManager : Event: ======'scanlan_shot_lit_hit'====== Args={'profile': 'default', 'state': 'lit', 'advancing': False}
2024-05-14 21:16:12,525 : INFO : EventManager : Event: ======'player_score'====== Args={'value': 165000, 'prev_value': 150000, 'change': 15000, 'player_num': 1, 'source': 'base'}
2024-05-14 21:16:12,525 : INFO : EventManager : Event: ======'video_shots_hit'====== Args={'shot': 'scanlan_shot'}
2024-05-14 21:16:12,525 : INFO : EventManager : Event: ======'video_shots_lit_hit'====== Args={'shot': 'scanlan_shot'}
2024-05-14 21:16:12,525 : INFO : EventManager : Event: ======'score_change'====== Args={'value': 165000, 'prev_value': 150000, 'change': 15000, 'player_num': 1, 'source': 'base'}
2024-05-14 21:16:13,087 : INFO : EventManager : Event: ======'s_scanlan_active'====== Args={'_from_bcp': True}
2024-05-14 21:16:13,087 : INFO : EventManager : Event: ======'machine_var_audits_shots_scanlan_shot'====== Args={'value': 11, 'prev_value': 10, 'change': 1}
2024-05-14 21:16:13,087 : INFO : EventManager : Event: ======'scanlan_shot_hit'====== Args={'profile': 'default', 'state': 'lit', 'advancing': False}
2024-05-14 21:16:13,087 : INFO : EventManager : Event: ======'scanlan_shot_default_hit'====== Args={'profile': 'default', 'state': 'lit', 'advancing': False}
2024-05-14 21:16:13,087 : INFO : EventManager : Event: ======'scanlan_shot_default_lit_hit'====== Args={'profile': 'default', 'state': 'lit', 'advancing': False}
2024-05-14 21:16:13,087 : INFO : EventManager : Event: ======'scanlan_shot_lit_hit'====== Args={'profile': 'default', 'state': 'lit', 'advancing': False}
2024-05-14 21:16:13,087 : INFO : EventManager : Event: ======'player_score'====== Args={'value': 180000, 'prev_value': 165000, 'change': 15000, 'player_num': 1, 'source': 'base'}
2024-05-14 21:16:13,087 : INFO : EventManager : Event: ======'video_shots_hit'====== Args={'shot': 'scanlan_shot'}
2024-05-14 21:16:13,087 : INFO : EventManager : Event: ======'video_shots_lit_hit'====== Args={'shot': 'scanlan_shot'}
2024-05-14 21:16:13,087 : INFO : EventManager : Event: ======'score_change_2'====== Args={'value': 180000, 'prev_value': 165000, 'change': 15000, 'player_num': 1, 'source': 'base'}
2024-05-14 21:16:13,760 : INFO : EventManager : Event: ======'s_scanlan_active'====== Args={'_from_bcp': True}
2024-05-14 21:16:13,760 : INFO : EventManager : Event: ======'machine_var_audits_shots_scanlan_shot'====== Args={'value': 12, 'prev_value': 11, 'change': 1}
2024-05-14 21:16:13,761 : INFO : EventManager : Event: ======'scanlan_shot_hit'====== Args={'profile': 'default', 'state': 'lit', 'advancing': False}
2024-05-14 21:16:13,761 : INFO : EventManager : Event: ======'scanlan_shot_default_hit'====== Args={'profile': 'default', 'state': 'lit', 'advancing': False}
2024-05-14 21:16:13,761 : INFO : EventManager : Event: ======'scanlan_shot_default_lit_hit'====== Args={'profile': 'default', 'state': 'lit', 'advancing': False}
2024-05-14 21:16:13,761 : INFO : EventManager : Event: ======'scanlan_shot_lit_hit'====== Args={'profile': 'default', 'state': 'lit', 'advancing': False}
2024-05-14 21:16:13,761 : INFO : EventManager : Event: ======'player_score'====== Args={'value': 195000, 'prev_value': 180000, 'change': 15000, 'player_num': 1, 'source': 'base'}
2024-05-14 21:16:13,761 : INFO : EventManager : Event: ======'video_shots_hit'====== Args={'shot': 'scanlan_shot'}
2024-05-14 21:16:13,761 : INFO : EventManager : Event: ======'video_shots_lit_hit'====== Args={'shot': 'scanlan_shot'}
2024-05-14 21:16:13,761 : INFO : EventManager : Event: ======'score_change'====== Args={'value': 195000, 'prev_value': 180000, 'change': 15000, 'player_num': 1, 'source': 'base'}
2024-05-14 21:16:14,383 : INFO : EventManager : Event: ======'balldevice_bd_trough_ball_eject_failed'====== Args={'target': <ball_device.bd_plunger>, 'balls': 1, 'retry': True, 'num_attempts': 12}
2024-05-14 21:16:14,383 : INFO : ball_device.bd_trough : State: waiting_for_target_ready
2024-05-14 21:16:14,383 : INFO : EventManager : Event: ======'balldevice_bd_trough_ball_eject_attempt'====== Args={'balls': 1, 'target': <ball_device.bd_plunger>, 'source': <ball_device.bd_trough>, 'mechanical_eject': True, 'num_attempts': 12}
2024-05-14 21:16:14,383 : INFO : ball_device.bd_trough : State: ejecting
2024-05-14 21:16:14,383 : INFO : ball_device.bd_trough : Ejecting ball to <ball_device.bd_plunger>
2024-05-14 21:16:14,384 : INFO : EventManager : Event: ======'balldevice_bd_trough_ejecting_ball'====== Args={'balls': 1, 'target': <ball_device.bd_plunger>, 'source': <ball_device.bd_trough>, 'mechanical_eject': True, 'num_attempts': 12}
2024-05-14 21:16:14,384 : INFO : ball_device.bd_trough : Wait for ball to leave device
2024-05-14 21:16:14,384 : INFO : coil.c_trough_eject_coil : Pulsing Driver for 15ms (1.0 pulse_power)
2024-05-14 21:16:16,397 : INFO : EventManager : Event: ======'balldevice_bd_trough_ball_eject_failed'====== Args={'target': <ball_device.bd_plunger>, 'balls': 1, 'retry': True, 'num_attempts': 13}
2024-05-14 21:16:16,397 : INFO : ball_device.bd_trough : State: waiting_for_target_ready
2024-05-14 21:16:16,397 : INFO : EventManager : Event: ======'balldevice_bd_trough_ball_eject_attempt'====== Args={'balls': 1, 'target': <ball_device.bd_plunger>, 'source': <ball_device.bd_trough>, 'mechanical_eject': True, 'num_attempts': 13}
2024-05-14 21:16:16,397 : INFO : ball_device.bd_trough : State: ejecting
2024-05-14 21:16:16,397 : INFO : ball_device.bd_trough : Ejecting ball to <ball_device.bd_plunger>
2024-05-14 21:16:16,397 : INFO : EventManager : Event: ======'balldevice_bd_trough_ejecting_ball'====== Args={'balls': 1, 'target': <ball_device.bd_plunger>, 'source': <ball_device.bd_trough>, 'mechanical_eject': True, 'num_attempts': 13}
2024-05-14 21:16:16,397 : INFO : ball_device.bd_trough : Wait for ball to leave device
2024-05-14 21:16:16,397 : INFO : coil.c_trough_eject_coil : Pulsing Driver for 15ms (1.0 pulse_power)
2024-05-14 21:16:18,409 : INFO : EventManager : Event: ======'balldevice_bd_trough_ball_eject_failed'====== Args={'target': <ball_device.bd_plunger>, 'balls': 1, 'retry': True, 'num_attempts': 14}
2024-05-14 21:16:18,409 : INFO : ball_device.bd_trough : State: waiting_for_target_ready
2024-05-14 21:16:18,409 : INFO : EventManager : Event: ======'balldevice_bd_trough_ball_eject_attempt'====== Args={'balls': 1, 'target': <ball_device.bd_plunger>, 'source': <ball_device.bd_trough>, 'mechanical_eject': True, 'num_attempts': 14}
2024-05-14 21:16:18,409 : INFO : ball_device.bd_trough : State: ejecting
2024-05-14 21:16:18,409 : INFO : ball_device.bd_trough : Ejecting ball to <ball_device.bd_plunger>
2024-05-14 21:16:18,409 : INFO : EventManager : Event: ======'balldevice_bd_trough_ejecting_ball'====== Args={'balls': 1, 'target': <ball_device.bd_plunger>, 'source': <ball_device.bd_trough>, 'mechanical_eject': True, 'num_attempts': 14}
2024-05-14 21:16:18,409 : INFO : ball_device.bd_trough : Wait for ball to leave device
2024-05-14 21:16:18,409 : INFO : coil.c_trough_eject_coil : Pulsing Driver for 15ms (1.0 pulse_power)
2024-05-14 21:16:18,656 : INFO : EventManager : Event: ======'s_mead_active'====== Args={'_from_bcp': True}
2024-05-14 21:16:18,656 : INFO : EventManager : Event: ======'machine_var_audits_shots_mead_shot'====== Args={'value': 8, 'prev_value': 7, 'change': 1}
2024-05-14 21:16:18,656 : INFO : EventManager : Event: ======'mead_shot_hit'====== Args={'profile': 'default', 'state': 'lit', 'advancing': False}
2024-05-14 21:16:18,656 : INFO : EventManager : Event: ======'mead_shot_default_hit'====== Args={'profile': 'default', 'state': 'lit', 'advancing': False}
2024-05-14 21:16:18,657 : INFO : EventManager : Event: ======'mead_shot_default_lit_hit'====== Args={'profile': 'default', 'state': 'lit', 'advancing': False}
2024-05-14 21:16:18,657 : INFO : EventManager : Event: ======'mead_shot_lit_hit'====== Args={'profile': 'default', 'state': 'lit', 'advancing': False}
2024-05-14 21:16:18,657 : INFO : EventManager : Event: ======'player_score'====== Args={'value': 205000, 'prev_value': 195000, 'change': 10000, 'player_num': 1, 'source': 'base'}
2024-05-14 21:16:18,657 : INFO : EventManager : Event: ======'video_shots_hit'====== Args={'shot': 'mead_shot'}
2024-05-14 21:16:18,657 : INFO : EventManager : Event: ======'video_shots_lit_hit'====== Args={'shot': 'mead_shot'}
2024-05-14 21:16:18,657 : INFO : EventManager : Event: ======'score_change_1'====== Args={'value': 205000, 'prev_value': 195000, 'change': 10000, 'player_num': 1, 'source': 'base'}
2024-05-14 21:16:18,657 : INFO : EventManager : Event: ======'player_last_score'====== Args={'value': 10000, 'prev_value': 15000, 'change': -5000, 'player_num': 1, 'source': 'base'}
2024-05-14 21:16:20,038 : INFO : EventManager : Event: ======'s_scanlan_active'====== Args={'_from_bcp': True}
2024-05-14 21:16:20,038 : INFO : EventManager : Event: ======'machine_var_audits_shots_scanlan_shot'====== Args={'value': 13, 'prev_value': 12, 'change': 1}
2024-05-14 21:16:20,038 : INFO : EventManager : Event: ======'scanlan_shot_hit'====== Args={'profile': 'default', 'state': 'lit', 'advancing': False}
2024-05-14 21:16:20,039 : INFO : EventManager : Event: ======'scanlan_shot_default_hit'====== Args={'profile': 'default', 'state': 'lit', 'advancing': False}
2024-05-14 21:16:20,039 : INFO : EventManager : Event: ======'scanlan_shot_default_lit_hit'====== Args={'profile': 'default', 'state': 'lit', 'advancing': False}
2024-05-14 21:16:20,039 : INFO : EventManager : Event: ======'scanlan_shot_lit_hit'====== Args={'profile': 'default', 'state': 'lit', 'advancing': False}
2024-05-14 21:16:20,039 : INFO : EventManager : Event: ======'player_score'====== Args={'value': 220000, 'prev_value': 205000, 'change': 15000, 'player_num': 1, 'source': 'base'}
2024-05-14 21:16:20,039 : INFO : EventManager : Event: ======'video_shots_hit'====== Args={'shot': 'scanlan_shot'}
2024-05-14 21:16:20,039 : INFO : EventManager : Event: ======'video_shots_lit_hit'====== Args={'shot': 'scanlan_shot'}
2024-05-14 21:16:20,039 : INFO : EventManager : Event: ======'score_change_2'====== Args={'value': 220000, 'prev_value': 205000, 'change': 15000, 'player_num': 1, 'source': 'base'}
2024-05-14 21:16:20,039 : INFO : EventManager : Event: ======'player_last_score'====== Args={'value': 15000, 'prev_value': 10000, 'change': 5000, 'player_num': 1, 'source': 'base'}
2024-05-14 21:16:20,419 : INFO : EventManager : Event: ======'balldevice_bd_trough_ball_eject_failed'====== Args={'target': <ball_device.bd_plunger>, 'balls': 1, 'retry': True, 'num_attempts': 15}
2024-05-14 21:16:20,419 : INFO : ball_device.bd_trough : State: waiting_for_target_ready
2024-05-14 21:16:20,419 : INFO : EventManager : Event: ======'balldevice_bd_trough_ball_eject_attempt'====== Args={'balls': 1, 'target': <ball_device.bd_plunger>, 'source': <ball_device.bd_trough>, 'mechanical_eject': True, 'num_attempts': 15}
2024-05-14 21:16:20,419 : INFO : ball_device.bd_trough : State: ejecting
2024-05-14 21:16:20,419 : INFO : ball_device.bd_trough : Ejecting ball to <ball_device.bd_plunger>
2024-05-14 21:16:20,419 : INFO : EventManager : Event: ======'balldevice_bd_trough_ejecting_ball'====== Args={'balls': 1, 'target': <ball_device.bd_plunger>, 'source': <ball_device.bd_trough>, 'mechanical_eject': True, 'num_attempts': 15}
2024-05-14 21:16:20,419 : INFO : ball_device.bd_trough : Wait for ball to leave device
2024-05-14 21:16:20,420 : INFO : coil.c_trough_eject_coil : Pulsing Driver for 15ms (1.0 pulse_power)
2024-05-14 21:16:21,614 : INFO : EventManager : Event: ======'s_scanlan_active'====== Args={'_from_bcp': True}
2024-05-14 21:16:21,614 : INFO : EventManager : Event: ======'machine_var_audits_shots_scanlan_shot'====== Args={'value': 14, 'prev_value': 13, 'change': 1}
2024-05-14 21:16:21,615 : INFO : EventManager : Event: ======'scanlan_shot_hit'====== Args={'profile': 'default', 'state': 'lit', 'advancing': False}
2024-05-14 21:16:21,615 : INFO : EventManager : Event: ======'scanlan_shot_default_hit'====== Args={'profile': 'default', 'state': 'lit', 'advancing': False}
2024-05-14 21:16:21,615 : INFO : EventManager : Event: ======'scanlan_shot_default_lit_hit'====== Args={'profile': 'default', 'state': 'lit', 'advancing': False}
2024-05-14 21:16:21,615 : INFO : EventManager : Event: ======'scanlan_shot_lit_hit'====== Args={'profile': 'default', 'state': 'lit', 'advancing': False}
2024-05-14 21:16:21,615 : INFO : EventManager : Event: ======'player_score'====== Args={'value': 235000, 'prev_value': 220000, 'change': 15000, 'player_num': 1, 'source': 'base'}
2024-05-14 21:16:21,615 : INFO : EventManager : Event: ======'video_shots_hit'====== Args={'shot': 'scanlan_shot'}
2024-05-14 21:16:21,615 : INFO : EventManager : Event: ======'video_shots_lit_hit'====== Args={'shot': 'scanlan_shot'}
2024-05-14 21:16:21,615 : INFO : EventManager : Event: ======'score_change'====== Args={'value': 235000, 'prev_value': 220000, 'change': 15000, 'player_num': 1, 'source': 'base'}
2024-05-14 21:16:22,427 : INFO : EventManager : Event: ======'balldevice_bd_trough_ball_eject_failed'====== Args={'target': <ball_device.bd_plunger>, 'balls': 1, 'retry': True, 'num_attempts': 16}
2024-05-14 21:16:22,427 : INFO : ball_device.bd_trough : State: waiting_for_target_ready
2024-05-14 21:16:22,427 : INFO : EventManager : Event: ======'balldevice_bd_trough_ball_eject_attempt'====== Args={'balls': 1, 'target': <ball_device.bd_plunger>, 'source': <ball_device.bd_trough>, 'mechanical_eject': True, 'num_attempts': 16}
2024-05-14 21:16:22,427 : INFO : ball_device.bd_trough : State: ejecting
2024-05-14 21:16:22,427 : INFO : ball_device.bd_trough : Ejecting ball to <ball_device.bd_plunger>
2024-05-14 21:16:22,427 : INFO : EventManager : Event: ======'balldevice_bd_trough_ejecting_ball'====== Args={'balls': 1, 'target': <ball_device.bd_plunger>, 'source': <ball_device.bd_trough>, 'mechanical_eject': True, 'num_attempts': 16}
2024-05-14 21:16:22,427 : INFO : ball_device.bd_trough : Wait for ball to leave device
2024-05-14 21:16:22,427 : INFO : coil.c_trough_eject_coil : Pulsing Driver for 15ms (1.0 pulse_power)
2024-05-14 21:16:23,090 : INFO : EventManager : Event: ======'s_mead_active'====== Args={'_from_bcp': True}
2024-05-14 21:16:23,092 : INFO : EventManager : Event: ======'machine_var_audits_shots_mead_shot'====== Args={'value': 9, 'prev_value': 8, 'change': 1}
2024-05-14 21:16:23,092 : INFO : EventManager : Event: ======'mead_shot_hit'====== Args={'profile': 'default', 'state': 'lit', 'advancing': False}
2024-05-14 21:16:23,092 : INFO : EventManager : Event: ======'mead_shot_default_hit'====== Args={'profile': 'default', 'state': 'lit', 'advancing': False}
2024-05-14 21:16:23,092 : INFO : EventManager : Event: ======'mead_shot_default_lit_hit'====== Args={'profile': 'default', 'state': 'lit', 'advancing': False}
2024-05-14 21:16:23,092 : INFO : EventManager : Event: ======'mead_shot_lit_hit'====== Args={'profile': 'default', 'state': 'lit', 'advancing': False}
2024-05-14 21:16:23,092 : INFO : EventManager : Event: ======'player_score'====== Args={'value': 245000, 'prev_value': 235000, 'change': 10000, 'player_num': 1, 'source': 'base'}
2024-05-14 21:16:23,092 : INFO : EventManager : Event: ======'video_shots_hit'====== Args={'shot': 'mead_shot'}
2024-05-14 21:16:23,092 : INFO : EventManager : Event: ======'video_shots_lit_hit'====== Args={'shot': 'mead_shot'}
2024-05-14 21:16:23,092 : INFO : EventManager : Event: ======'score_change_1'====== Args={'value': 245000, 'prev_value': 235000, 'change': 10000, 'player_num': 1, 'source': 'base'}
2024-05-14 21:16:23,092 : INFO : EventManager : Event: ======'player_last_score'====== Args={'value': 10000, 'prev_value': 15000, 'change': -5000, 'player_num': 1, 'source': 'base'}
2024-05-14 21:16:24,439 : INFO : EventManager : Event: ======'balldevice_bd_trough_ball_eject_failed'====== Args={'target': <ball_device.bd_plunger>, 'balls': 1, 'retry': True, 'num_attempts': 17}
2024-05-14 21:16:24,439 : INFO : ball_device.bd_trough : State: waiting_for_target_ready
2024-05-14 21:16:24,439 : INFO : EventManager : Event: ======'balldevice_bd_trough_ball_eject_attempt'====== Args={'balls': 1, 'target': <ball_device.bd_plunger>, 'source': <ball_device.bd_trough>, 'mechanical_eject': True, 'num_attempts': 17}
2024-05-14 21:16:24,439 : INFO : ball_device.bd_trough : State: ejecting
2024-05-14 21:16:24,439 : INFO : ball_device.bd_trough : Ejecting ball to <ball_device.bd_plunger>
2024-05-14 21:16:24,439 : INFO : EventManager : Event: ======'balldevice_bd_trough_ejecting_ball'====== Args={'balls': 1, 'target': <ball_device.bd_plunger>, 'source': <ball_device.bd_trough>, 'mechanical_eject': True, 'num_attempts': 17}
2024-05-14 21:16:24,439 : INFO : ball_device.bd_trough : Wait for ball to leave device
2024-05-14 21:16:24,439 : INFO : coil.c_trough_eject_coil : Pulsing Driver for 15ms (1.0 pulse_power)
2024-05-14 21:16:26,435 : INFO : EventManager : Event: ======'balldevice_bd_trough_ball_eject_failed'====== Args={'target': <ball_device.bd_plunger>, 'balls': 1, 'retry': True, 'num_attempts': 18}
2024-05-14 21:16:26,435 : INFO : ball_device.bd_trough : State: waiting_for_target_ready
2024-05-14 21:16:26,435 : INFO : EventManager : Event: ======'balldevice_bd_trough_ball_eject_attempt'====== Args={'balls': 1, 'target': <ball_device.bd_plunger>, 'source': <ball_device.bd_trough>, 'mechanical_eject': True, 'num_attempts': 18}
2024-05-14 21:16:26,435 : INFO : ball_device.bd_trough : State: ejecting
2024-05-14 21:16:26,435 : INFO : ball_device.bd_trough : Ejecting ball to <ball_device.bd_plunger>
2024-05-14 21:16:26,435 : INFO : EventManager : Event: ======'balldevice_bd_trough_ejecting_ball'====== Args={'balls': 1, 'target': <ball_device.bd_plunger>, 'source': <ball_device.bd_trough>, 'mechanical_eject': True, 'num_attempts': 18}
2024-05-14 21:16:26,435 : INFO : ball_device.bd_trough : Wait for ball to leave device
2024-05-14 21:16:26,435 : INFO : coil.c_trough_eject_coil : Pulsing Driver for 15ms (1.0 pulse_power)
2024-05-14 21:16:28,446 : INFO : EventManager : Event: ======'balldevice_bd_trough_ball_eject_failed'====== Args={'target': <ball_device.bd_plunger>, 'balls': 1, 'retry': True, 'num_attempts': 19}
2024-05-14 21:16:28,446 : INFO : ball_device.bd_trough : State: waiting_for_target_ready
2024-05-14 21:16:28,446 : INFO : EventManager : Event: ======'balldevice_bd_trough_ball_eject_attempt'====== Args={'balls': 1, 'target': <ball_device.bd_plunger>, 'source': <ball_device.bd_trough>, 'mechanical_eject': True, 'num_attempts': 19}
2024-05-14 21:16:28,446 : INFO : ball_device.bd_trough : State: ejecting
2024-05-14 21:16:28,446 : INFO : ball_device.bd_trough : Ejecting ball to <ball_device.bd_plunger>
2024-05-14 21:16:28,446 : INFO : EventManager : Event: ======'balldevice_bd_trough_ejecting_ball'====== Args={'balls': 1, 'target': <ball_device.bd_plunger>, 'source': <ball_device.bd_trough>, 'mechanical_eject': True, 'num_attempts': 19}
2024-05-14 21:16:28,446 : INFO : ball_device.bd_trough : Wait for ball to leave device
2024-05-14 21:16:28,446 : INFO : coil.c_trough_eject_coil : Pulsing Driver for 15ms (1.0 pulse_power)
2024-05-14 21:16:30,439 : INFO : EventManager : Event: ======'balldevice_bd_trough_ball_eject_failed'====== Args={'target': <ball_device.bd_plunger>, 'balls': 1, 'retry': True, 'num_attempts': 20}
2024-05-14 21:16:30,439 : INFO : ball_device.bd_trough : State: waiting_for_target_ready
2024-05-14 21:16:30,439 : INFO : EventManager : Event: ======'balldevice_bd_trough_ball_eject_attempt'====== Args={'balls': 1, 'target': <ball_device.bd_plunger>, 'source': <ball_device.bd_trough>, 'mechanical_eject': True, 'num_attempts': 20}
2024-05-14 21:16:30,439 : INFO : ball_device.bd_trough : State: ejecting
2024-05-14 21:16:30,439 : INFO : ball_device.bd_trough : Ejecting ball to <ball_device.bd_plunger>
2024-05-14 21:16:30,439 : INFO : EventManager : Event: ======'balldevice_bd_trough_ejecting_ball'====== Args={'balls': 1, 'target': <ball_device.bd_plunger>, 'source': <ball_device.bd_trough>, 'mechanical_eject': True, 'num_attempts': 20}
2024-05-14 21:16:30,439 : INFO : ball_device.bd_trough : Wait for ball to leave device
2024-05-14 21:16:30,439 : INFO : coil.c_trough_eject_coil : Pulsing Driver for 15ms (1.0 pulse_power)
2024-05-14 21:16:32,452 : INFO : EventManager : Event: ======'balldevice_bd_trough_ball_eject_failed'====== Args={'target': <ball_device.bd_plunger>, 'balls': 1, 'retry': True, 'num_attempts': 21}
2024-05-14 21:16:32,452 : INFO : ball_device.bd_trough : State: waiting_for_target_ready
2024-05-14 21:16:32,452 : INFO : EventManager : Event: ======'balldevice_bd_trough_ball_eject_attempt'====== Args={'balls': 1, 'target': <ball_device.bd_plunger>, 'source': <ball_device.bd_trough>, 'mechanical_eject': True, 'num_attempts': 21}
2024-05-14 21:16:32,452 : INFO : ball_device.bd_trough : State: ejecting
2024-05-14 21:16:32,452 : INFO : ball_device.bd_trough : Ejecting ball to <ball_device.bd_plunger>
2024-05-14 21:16:32,452 : INFO : EventManager : Event: ======'balldevice_bd_trough_ejecting_ball'====== Args={'balls': 1, 'target': <ball_device.bd_plunger>, 'source': <ball_device.bd_trough>, 'mechanical_eject': True, 'num_attempts': 21}
2024-05-14 21:16:32,452 : INFO : ball_device.bd_trough : Wait for ball to leave device
2024-05-14 21:16:32,452 : INFO : coil.c_trough_eject_coil : Pulsing Driver for 15ms (1.0 pulse_power)
2024-05-14 21:16:33,382 : INFO : EventManager : Event: ======'resume_bg'====== Args={'_from_bcp': True}
2024-05-14 21:16:34,464 : INFO : EventManager : Event: ======'balldevice_bd_trough_ball_eject_failed'====== Args={'target': <ball_device.bd_plunger>, 'balls': 1, 'retry': True, 'num_attempts': 22}
2024-05-14 21:16:34,464 : INFO : ball_device.bd_trough : State: waiting_for_target_ready
2024-05-14 21:16:34,464 : INFO : EventManager : Event: ======'balldevice_bd_trough_ball_eject_attempt'====== Args={'balls': 1, 'target': <ball_device.bd_plunger>, 'source': <ball_device.bd_trough>, 'mechanical_eject': True, 'num_attempts': 22}
2024-05-14 21:16:34,464 : INFO : ball_device.bd_trough : State: ejecting
2024-05-14 21:16:34,465 : INFO : ball_device.bd_trough : Ejecting ball to <ball_device.bd_plunger>
2024-05-14 21:16:34,465 : INFO : EventManager : Event: ======'balldevice_bd_trough_ejecting_ball'====== Args={'balls': 1, 'target': <ball_device.bd_plunger>, 'source': <ball_device.bd_trough>, 'mechanical_eject': True, 'num_attempts': 22}
2024-05-14 21:16:34,465 : INFO : ball_device.bd_trough : Wait for ball to leave device
2024-05-14 21:16:34,465 : INFO : coil.c_trough_eject_coil : Pulsing Driver for 15ms (1.0 pulse_power)
2024-05-14 21:16:36,477 : INFO : EventManager : Event: ======'balldevice_bd_trough_ball_eject_failed'====== Args={'target': <ball_device.bd_plunger>, 'balls': 1, 'retry': True, 'num_attempts': 23}
2024-05-14 21:16:36,477 : INFO : ball_device.bd_trough : State: waiting_for_target_ready
2024-05-14 21:16:36,477 : INFO : EventManager : Event: ======'balldevice_bd_trough_ball_eject_attempt'====== Args={'balls': 1, 'target': <ball_device.bd_plunger>, 'source': <ball_device.bd_trough>, 'mechanical_eject': True, 'num_attempts': 23}
2024-05-14 21:16:36,477 : INFO : ball_device.bd_trough : State: ejecting
2024-05-14 21:16:36,477 : INFO : ball_device.bd_trough : Ejecting ball to <ball_device.bd_plunger>
2024-05-14 21:16:36,477 : INFO : EventManager : Event: ======'balldevice_bd_trough_ejecting_ball'====== Args={'balls': 1, 'target': <ball_device.bd_plunger>, 'source': <ball_device.bd_trough>, 'mechanical_eject': True, 'num_attempts': 23}
2024-05-14 21:16:36,478 : INFO : ball_device.bd_trough : Wait for ball to leave device
2024-05-14 21:16:36,478 : INFO : coil.c_trough_eject_coil : Pulsing Driver for 15ms (1.0 pulse_power)
2024-05-14 21:16:36,492 : INFO : Machine : Shutting down...
2024-05-14 21:16:36,492 : INFO : EventManager : Event: ======'shutdown'====== Args={}
2024-05-14 21:16:36,497 : INFO : EventManager : Event: ======'mode_game_will_stop'====== Args={}
2024-05-14 21:16:36,497 : INFO : EventManager : Event: ======'mode_game_stopping'====== Args={}
2024-05-14 21:16:36,497 : INFO : EventManager : Event: ======'mode_base_will_stop'====== Args={}
2024-05-14 21:16:36,498 : INFO : EventManager : Event: ======'mode_base_stopping'====== Args={}
2024-05-14 21:16:36,498 : INFO : Mode.base : Stopped.
2024-05-14 21:16:36,498 : INFO : EventManager : Event: ======'modes_active_modes_changed'====== Args={}
2024-05-14 21:16:36,498 : INFO : EventManager : Event: ======'mode_base_stopped'====== Args={}
2024-05-14 21:16:36,498 : INFO : EventManager : Event: ======'clear'====== Args={'key': 'base'}
2024-05-14 21:16:36,498 : INFO : Mode.game : Stopped.
2024-05-14 21:16:36,498 : INFO : EventManager : Event: ======'modes_active_modes_changed'====== Args={}
2024-05-14 21:16:36,499 : INFO : EventManager : Event: ======'mode_game_stopped'====== Args={}
2024-05-14 21:16:36,499 : INFO : EventManager : Event: ======'clear'====== Args={'key': 'game'}
2024-05-14 21:16:36,500 : INFO : root : MPF run loop ended.
