2024-06-11 01:11:59,560 : INFO : root : Loading config.
2024-06-11 01:11:59,562 : INFO : YamlMultifileConfigLoader : Machine config file #1: config.yaml
2024-06-11 01:11:59,562 : INFO : ConfigProcessor : Loading config from cache: C:\Users\octo\AppData\Local\Temp\67114de119ffda0ef143dfc9c8b88aec.mpf_cache
2024-06-11 01:11:59,605 : INFO : ConfigProcessor : Loading config from cache: C:\Users\octo\AppData\Local\Temp\d4fb548c2902111733185c907c7e02f2.mpf_cache
2024-06-11 01:11:59,606 : INFO : ConfigProcessor : Loading config from cache: C:\Users\octo\AppData\Local\Temp\5cdf3f6f669e12795623fbd605d1b6a0.mpf_cache
2024-06-11 01:11:59,606 : INFO : ConfigProcessor : Loading config from cache: C:\Users\octo\AppData\Local\Temp\e87c946bbd0a2e05a931f281fca6458e.mpf_cache
2024-06-11 01:11:59,606 : INFO : ConfigProcessor : Loading config from cache: C:\Users\octo\AppData\Local\Temp\d4fb548c2902111733185c907c7e02f2.mpf_cache
2024-06-11 01:11:59,607 : INFO : ConfigProcessor : Loading config from cache: C:\Users\octo\AppData\Local\Temp\da852937ccb56145866cf54922bc01f8.mpf_cache
2024-06-11 01:11:59,607 : INFO : Machine : Mission Pinball Framework Core Engine v0.80.0.dev1
2024-06-11 01:11:59,607 : INFO : Machine : Command line arguments: {'no_load_cache': False, 'create_config_cache': True, 'bcp': True, 'configfile': ['config.yaml'], 'force_assets_load': False, 'platform_integration_test': False, 'jsonlogging': False, 'logfile': 'logs\\2024-06-11-01-11-59-mpf-DESKTOP-BQT92E0.log', 'pause': False, 'production': False, 'text_ui': True, 'loglevel': 15, 'consoleloglevel': 20, 'force_platform': 'virtual', 'syslog_address': None, 'mc_file_name': None, 'no_sound': False}
2024-06-11 01:11:59,607 : INFO : Machine : MPF path: c:\git\new folder (6)\mpf\mpf
2024-06-11 01:11:59,607 : INFO : Machine : Machine path: C:\Users\octo\Downloads\homebrew
2024-06-11 01:11:59,607 : INFO : Machine : Platform: win32
2024-06-11 01:11:59,607 : INFO : Machine : Python executable location: C:\Users\octo\AppData\Local\Programs\Python\Python310\python.exe
2024-06-11 01:11:59,607 : INFO : Machine : Python version: 3.10.0 (64-bit)
2024-06-11 01:11:59,608 : INFO : Machine : Initializing MPF...
2024-06-11 01:11:59,753 : INFO : EventManager : Event: ======'machine_var_credits_string'====== Args={'value': 'FREE PLAY', 'prev_value': None, 'change': True}
2024-06-11 01:11:59,763 : INFO : EventManager : Event: ======'machine_var_master_volume'====== Args={'value': 0.5, 'prev_value': None, 'change': True}
2024-06-11 01:11:59,763 : INFO : EventManager : Event: ======'machine_var_mpf_version'====== Args={'value': 'Mission Pinball Framework v0.80.0.dev1', 'prev_value': None, 'change': True}
2024-06-11 01:11:59,763 : INFO : EventManager : Event: ======'machine_var_mpf_extended_version'====== Args={'value': 'Mission Pinball Framework v0.80.0.dev1, Config version:6, Show version: 6, BCP version:1.1', 'prev_value': None, 'change': True}
2024-06-11 01:11:59,763 : INFO : EventManager : Event: ======'machine_var_python_version'====== Args={'value': '3.10.0', 'prev_value': None, 'change': True}
2024-06-11 01:11:59,768 : INFO : EventManager : Event: ======'machine_var_platform'====== Args={'value': 'Windows-10-10.0.19045-SP0', 'prev_value': None, 'change': True}
2024-06-11 01:11:59,768 : INFO : EventManager : Event: ======'machine_var_platform_system'====== Args={'value': 'Windows', 'prev_value': None, 'change': True}
2024-06-11 01:11:59,768 : INFO : EventManager : Event: ======'machine_var_platform_release'====== Args={'value': '10', 'prev_value': None, 'change': True}
2024-06-11 01:11:59,768 : INFO : EventManager : Event: ======'machine_var_platform_version'====== Args={'value': '10.0.19045', 'prev_value': None, 'change': True}
2024-06-11 01:11:59,768 : INFO : EventManager : Event: ======'machine_var_platform_machine'====== Args={'value': 'AMD64', 'prev_value': None, 'change': True}
2024-06-11 01:11:59,768 : INFO : EventManager : Event: ======'init_phase_1'====== Args={}
2024-06-11 01:11:59,778 : INFO : EventManager : Event: ======'init_phase_2'====== Args={}
2024-06-11 01:11:59,778 : INFO : SwitchController : Found active switch: ('3208-8', <Platform.Virtual>) <switch.s_trough_ball_2>
2024-06-11 01:11:59,778 : INFO : SwitchController : Found active switch: ('3208-9', <Platform.Virtual>) <switch.s_trough_ball_3>
2024-06-11 01:11:59,778 : INFO : SwitchController : Found active switch: ('3208-13', <Platform.Virtual>) <switch.s_trough_ball_1>
2024-06-11 01:11:59,780 : INFO : EventManager : Event: ======'bcp_connection_attempt'====== Args={'name': 'local_display', 'host': 'localhost', 'port': 5050}
2024-06-11 01:11:59,781 : INFO : BCPClientSocket : Connecting BCP to 'local_display' at localhost:5050...
2024-06-11 01:12:03,953 : INFO : BCPClientSocket : Connected BCP to 'local_display' localhost:5050
2024-06-11 01:12:03,954 : INFO : EventManager : Event: ======'bcp_clients_connected'====== Args={}
2024-06-11 01:12:04,035 : INFO : ball_device.bd_trough : BCH: Initial count: 3
2024-06-11 01:12:04,036 : INFO : ball_device.bd_trough : State: idle
2024-06-11 01:12:04,036 : INFO : ball_device.bd_plunger : BCH: Initial count: 0
2024-06-11 01:12:04,036 : INFO : ball_device.bd_plunger : State: idle
2024-06-11 01:12:04,046 : INFO : EventManager : Event: ======'init_phase_3'====== Args={}
2024-06-11 01:12:04,047 : INFO : EventManager : Event: ======'init_phase_4'====== Args={}
2024-06-11 01:12:04,047 : INFO : BallController : Initial balls found: 3
2024-06-11 01:12:04,047 : INFO : EventManager : Event: ======'machine_var_audits_events_game_ended'====== Args={'value': 0, 'prev_value': None, 'change': True}
2024-06-11 01:12:04,047 : INFO : EventManager : Event: ======'machine_var_audits_events_game_started'====== Args={'value': 381, 'prev_value': None, 'change': True}
2024-06-11 01:12:04,047 : INFO : EventManager : Event: ======'machine_var_audits_missing_switches_s_left_flipper'====== Args={'value': 355, 'prev_value': None, 'change': True}
2024-06-11 01:12:04,048 : INFO : EventManager : Event: ======'machine_var_audits_missing_switches_s_left_flipper_eos'====== Args={'value': 355, 'prev_value': None, 'change': True}
2024-06-11 01:12:04,048 : INFO : EventManager : Event: ======'machine_var_audits_missing_switches_s_left_inner_lane'====== Args={'value': 355, 'prev_value': None, 'change': True}
2024-06-11 01:12:04,048 : INFO : EventManager : Event: ======'machine_var_audits_missing_switches_s_left_outer_lane'====== Args={'value': 153, 'prev_value': None, 'change': True}
2024-06-11 01:12:04,048 : INFO : EventManager : Event: ======'machine_var_audits_missing_switches_s_left_sling'====== Args={'value': 355, 'prev_value': None, 'change': True}
2024-06-11 01:12:04,048 : INFO : EventManager : Event: ======'machine_var_audits_missing_switches_s_mead'====== Args={'value': 265, 'prev_value': None, 'change': True}
2024-06-11 01:12:04,048 : INFO : EventManager : Event: ======'machine_var_audits_missing_switches_s_percy'====== Args={'value': 83, 'prev_value': None, 'change': True}
2024-06-11 01:12:04,048 : INFO : EventManager : Event: ======'machine_var_audits_missing_switches_s_plunger'====== Args={'value': 355, 'prev_value': None, 'change': True}
2024-06-11 01:12:04,048 : INFO : EventManager : Event: ======'machine_var_audits_missing_switches_s_pop_bumper_1'====== Args={'value': 355, 'prev_value': None, 'change': True}
2024-06-11 01:12:04,048 : INFO : EventManager : Event: ======'machine_var_audits_missing_switches_s_pop_bumper_2'====== Args={'value': 355, 'prev_value': None, 'change': True}
2024-06-11 01:12:04,048 : INFO : EventManager : Event: ======'machine_var_audits_missing_switches_s_pop_bumper_3'====== Args={'value': 355, 'prev_value': None, 'change': True}
2024-06-11 01:12:04,048 : INFO : EventManager : Event: ======'machine_var_audits_missing_switches_s_right_flipper'====== Args={'value': 355, 'prev_value': None, 'change': True}
2024-06-11 01:12:04,048 : INFO : EventManager : Event: ======'machine_var_audits_missing_switches_s_right_flipper_eos'====== Args={'value': 355, 'prev_value': None, 'change': True}
2024-06-11 01:12:04,048 : INFO : EventManager : Event: ======'machine_var_audits_missing_switches_s_right_inner_lane'====== Args={'value': 355, 'prev_value': None, 'change': True}
2024-06-11 01:12:04,048 : INFO : EventManager : Event: ======'machine_var_audits_missing_switches_s_right_outer_lane'====== Args={'value': 355, 'prev_value': None, 'change': True}
2024-06-11 01:12:04,048 : INFO : EventManager : Event: ======'machine_var_audits_missing_switches_s_right_sling'====== Args={'value': 355, 'prev_value': None, 'change': True}
2024-06-11 01:12:04,048 : INFO : EventManager : Event: ======'machine_var_audits_missing_switches_s_scanlan'====== Args={'value': 202, 'prev_value': None, 'change': True}
2024-06-11 01:12:04,048 : INFO : EventManager : Event: ======'machine_var_audits_missing_switches_s_start'====== Args={'value': 17, 'prev_value': None, 'change': True}
2024-06-11 01:12:04,048 : INFO : EventManager : Event: ======'machine_var_audits_missing_switches_s_trough_ball_1'====== Args={'value': 355, 'prev_value': None, 'change': True}
2024-06-11 01:12:04,048 : INFO : EventManager : Event: ======'machine_var_audits_missing_switches_s_trough_ball_2'====== Args={'value': 355, 'prev_value': None, 'change': True}
2024-06-11 01:12:04,048 : INFO : EventManager : Event: ======'machine_var_audits_missing_switches_s_trough_ball_3'====== Args={'value': 355, 'prev_value': None, 'change': True}
2024-06-11 01:12:04,048 : INFO : EventManager : Event: ======'machine_var_audits_missing_switches_s_trough_ball_4'====== Args={'value': 272, 'prev_value': None, 'change': True}
2024-06-11 01:12:04,049 : INFO : EventManager : Event: ======'machine_var_audits_missing_switches_s_trough_ball_5'====== Args={'value': 355, 'prev_value': None, 'change': True}
2024-06-11 01:12:04,049 : INFO : EventManager : Event: ======'machine_var_audits_missing_switches_s_trough_ball_6'====== Args={'value': 89, 'prev_value': None, 'change': True}
2024-06-11 01:12:04,049 : INFO : EventManager : Event: ======'machine_var_audits_missing_switches_s_trough_ball_jam'====== Args={'value': 355, 'prev_value': None, 'change': True}
2024-06-11 01:12:04,049 : INFO : EventManager : Event: ======'machine_var_audits_player_score'====== Args={'value': {'average': 0, 'top': [], 'total': 0}, 'prev_value': None, 'change': True}
2024-06-11 01:12:04,049 : INFO : EventManager : Event: ======'machine_var_audits_shots_mead_shot'====== Args={'value': 223, 'prev_value': None, 'change': True}
2024-06-11 01:12:04,049 : INFO : EventManager : Event: ======'machine_var_audits_shots_percy_shot'====== Args={'value': 56, 'prev_value': None, 'change': True}
2024-06-11 01:12:04,049 : INFO : EventManager : Event: ======'machine_var_audits_shots_scanlan_shot'====== Args={'value': 121, 'prev_value': None, 'change': True}
2024-06-11 01:12:04,049 : INFO : EventManager : Event: ======'machine_var_audits_shots_video_shot_1'====== Args={'value': 24, 'prev_value': None, 'change': True}
2024-06-11 01:12:04,049 : INFO : EventManager : Event: ======'machine_var_audits_shots_video_shot_2'====== Args={'value': 20, 'prev_value': None, 'change': True}
2024-06-11 01:12:04,049 : INFO : EventManager : Event: ======'machine_var_audits_switches_s_auto_launcher'====== Args={'value': 0, 'prev_value': None, 'change': True}
2024-06-11 01:12:04,049 : INFO : EventManager : Event: ======'machine_var_audits_switches_s_ball_drain'====== Args={'value': 0, 'prev_value': None, 'change': True}
2024-06-11 01:12:04,049 : INFO : EventManager : Event: ======'machine_var_audits_switches_s_left_flipper'====== Args={'value': 36, 'prev_value': None, 'change': True}
2024-06-11 01:12:04,049 : INFO : EventManager : Event: ======'machine_var_audits_switches_s_left_flipper_eos'====== Args={'value': 0, 'prev_value': None, 'change': True}
2024-06-11 01:12:04,049 : INFO : EventManager : Event: ======'machine_var_audits_switches_s_left_inner_lane'====== Args={'value': 0, 'prev_value': None, 'change': True}
2024-06-11 01:12:04,049 : INFO : EventManager : Event: ======'machine_var_audits_switches_s_left_outer_lane'====== Args={'value': 0, 'prev_value': None, 'change': True}
2024-06-11 01:12:04,049 : INFO : EventManager : Event: ======'machine_var_audits_switches_s_left_sling'====== Args={'value': 7, 'prev_value': None, 'change': True}
2024-06-11 01:12:04,050 : INFO : EventManager : Event: ======'machine_var_audits_switches_s_mead'====== Args={'value': 0, 'prev_value': None, 'change': True}
2024-06-11 01:12:04,050 : INFO : EventManager : Event: ======'machine_var_audits_switches_s_percy'====== Args={'value': 0, 'prev_value': None, 'change': True}
2024-06-11 01:12:04,050 : INFO : EventManager : Event: ======'machine_var_audits_switches_s_plunger'====== Args={'value': 9, 'prev_value': None, 'change': True}
2024-06-11 01:12:04,050 : INFO : EventManager : Event: ======'machine_var_audits_switches_s_pop_bumper_1'====== Args={'value': 0, 'prev_value': None, 'change': True}
2024-06-11 01:12:04,050 : INFO : EventManager : Event: ======'machine_var_audits_switches_s_pop_bumper_2'====== Args={'value': 0, 'prev_value': None, 'change': True}
2024-06-11 01:12:04,050 : INFO : EventManager : Event: ======'machine_var_audits_switches_s_pop_bumper_3'====== Args={'value': 0, 'prev_value': None, 'change': True}
2024-06-11 01:12:04,050 : INFO : EventManager : Event: ======'machine_var_audits_switches_s_right_flipper'====== Args={'value': 131, 'prev_value': None, 'change': True}
2024-06-11 01:12:04,050 : INFO : EventManager : Event: ======'machine_var_audits_switches_s_right_flipper_eos'====== Args={'value': 0, 'prev_value': None, 'change': True}
2024-06-11 01:12:04,050 : INFO : EventManager : Event: ======'machine_var_audits_switches_s_right_inner_lane'====== Args={'value': 0, 'prev_value': None, 'change': True}
2024-06-11 01:12:04,050 : INFO : EventManager : Event: ======'machine_var_audits_switches_s_right_outer_lane'====== Args={'value': 0, 'prev_value': None, 'change': True}
2024-06-11 01:12:04,050 : INFO : EventManager : Event: ======'machine_var_audits_switches_s_right_sling'====== Args={'value': 3, 'prev_value': None, 'change': True}
2024-06-11 01:12:04,050 : INFO : EventManager : Event: ======'machine_var_audits_switches_s_scanlan'====== Args={'value': 0, 'prev_value': None, 'change': True}
2024-06-11 01:12:04,050 : INFO : EventManager : Event: ======'machine_var_audits_switches_s_start'====== Args={'value': 37, 'prev_value': None, 'change': True}
2024-06-11 01:12:04,050 : INFO : EventManager : Event: ======'machine_var_audits_switches_s_switch_2'====== Args={'value': 0, 'prev_value': None, 'change': True}
2024-06-11 01:12:04,050 : INFO : EventManager : Event: ======'machine_var_audits_switches_s_trough_ball_1'====== Args={'value': 4, 'prev_value': None, 'change': True}
2024-06-11 01:12:04,051 : INFO : EventManager : Event: ======'machine_var_audits_switches_s_trough_ball_2'====== Args={'value': 4, 'prev_value': None, 'change': True}
2024-06-11 01:12:04,051 : INFO : EventManager : Event: ======'machine_var_audits_switches_s_trough_ball_3'====== Args={'value': 1, 'prev_value': None, 'change': True}
2024-06-11 01:12:04,051 : INFO : EventManager : Event: ======'machine_var_audits_switches_s_trough_ball_4'====== Args={'value': 0, 'prev_value': None, 'change': True}
2024-06-11 01:12:04,051 : INFO : EventManager : Event: ======'machine_var_audits_switches_s_trough_ball_5'====== Args={'value': 0, 'prev_value': None, 'change': True}
2024-06-11 01:12:04,051 : INFO : EventManager : Event: ======'machine_var_audits_switches_s_trough_ball_6'====== Args={'value': 1, 'prev_value': None, 'change': True}
2024-06-11 01:12:04,051 : INFO : EventManager : Event: ======'machine_var_audits_switches_s_trough_ball_jam'====== Args={'value': 3, 'prev_value': None, 'change': True}
2024-06-11 01:12:04,051 : INFO : EventManager : Event: ======'machine_var_audits_switches_s_trough_eject_coil'====== Args={'value': 0, 'prev_value': None, 'change': True}
2024-06-11 01:12:04,051 : INFO : EventManager : Event: ======'init_phase_5'====== Args={}
2024-06-11 01:12:04,080 : INFO : EventManager : Event: ======'init_done'====== Args={}
2024-06-11 01:12:04,080 : INFO : EventManager : Event: ======'machine_reset_phase_1'====== Args={}
2024-06-11 01:12:04,084 : INFO : EventManager : Event: ======'machine_reset_phase_2'====== Args={}
2024-06-11 01:12:04,084 : INFO : EventManager : Event: ======'machine_reset_phase_3'====== Args={}
2024-06-11 01:12:04,084 : INFO : EventManager : Event: ======'reset_complete'====== Args={}
2024-06-11 01:12:04,084 : INFO : EventManager : Event: ======'mode_attract_will_start'====== Args={}
2024-06-11 01:12:04,084 : INFO : EventManager : Event: ======'mode_attract_starting'====== Args={}
2024-06-11 01:12:04,084 : INFO : Mode.attract : Started. Priority: 10
2024-06-11 01:12:04,084 : INFO : EventManager : Event: ======'modes_active_modes_changed'====== Args={}
2024-06-11 01:12:04,084 : INFO : EventManager : Event: ======'mode_attract_started'====== Args={}
2024-06-11 01:12:04,084 : INFO : EventManager : Event: ======'collecting_balls_complete'====== Args={}
2024-06-11 01:12:04,095 : INFO : Machine : Starting the main run loop.
2024-06-11 01:12:04,120 : INFO : EventManager : Event: ======'slide_attract_created'====== Args={'_from_bcp': True}
2024-06-11 01:12:04,135 : INFO : EventManager : Event: ======'slide_attract_mini_created'====== Args={'_from_bcp': True}
2024-06-11 01:12:04,135 : INFO : EventManager : Event: ======'slide__removed'====== Args={'_from_bcp': True}
2024-06-11 01:12:04,135 : INFO : EventManager : Event: ======'slide_attract_active'====== Args={'original_context': 'attract', 'original_calling_context': 'mode_attract_started', 'cmd': 'slides_play', '_from_bcp': True}
2024-06-11 01:12:04,135 : INFO : EventManager : Event: ======'slide__removed'====== Args={'_from_bcp': True}
2024-06-11 01:12:04,135 : INFO : EventManager : Event: ======'slide_attract_mini_active'====== Args={'original_context': 'attract', 'original_calling_context': 'mode_attract_started', 'cmd': 'slides_play', '_from_bcp': True}
2024-06-11 01:12:07,642 : INFO : SwitchController : <<<<<<< 's_start' active >>>>>>>
2024-06-11 01:12:07,689 : INFO : SwitchController : <<<<<<< 's_start' inactive >>>>>>>
2024-06-11 01:12:07,689 : INFO : EventManager : Event: ======'request_to_start_game'====== Args={}
2024-06-11 01:12:07,689 : INFO : EventManager : Event: ======'game_start'====== Args={'buttons': [], 'hold_time': 0.0470000000204891}
2024-06-11 01:12:07,689 : INFO : EventManager : Event: ======'mode_game_will_start'====== Args={'buttons': [], 'hold_time': 0.0470000000204891}
2024-06-11 01:12:07,690 : INFO : EventManager : Event: ======'mode_game_starting'====== Args={'buttons': [], 'hold_time': 0.0470000000204891}
2024-06-11 01:12:07,690 : INFO : EventManager : Event: ======'mode_attract_will_stop'====== Args={}
2024-06-11 01:12:07,690 : INFO : EventManager : Event: ======'mode_attract_stopping'====== Args={}
2024-06-11 01:12:07,690 : INFO : Mode.game : Started. Priority: 20
2024-06-11 01:12:07,690 : INFO : EventManager : Event: ======'modes_active_modes_changed'====== Args={}
2024-06-11 01:12:07,690 : INFO : EventManager : Event: ======'mode_game_started'====== Args={'buttons': [], 'hold_time': 0.0470000000204891}
2024-06-11 01:12:07,707 : INFO : Mode.attract : Stopped.
2024-06-11 01:12:07,707 : INFO : EventManager : Event: ======'modes_active_modes_changed'====== Args={}
2024-06-11 01:12:07,707 : INFO : EventManager : Event: ======'mode_attract_stopped'====== Args={}
2024-06-11 01:12:07,707 : INFO : EventManager : Event: ======'clear'====== Args={'key': 'attract'}
2024-06-11 01:12:07,708 : INFO : EventManager : Event: ======'game_will_start'====== Args={}
2024-06-11 01:12:07,717 : INFO : EventManager : Event: ======'game_starting'====== Args={'game': <Mode.game>}
2024-06-11 01:12:07,717 : INFO : EventManager : Unordered handler for class <Auditor> on event game_ended with priority 1. Handlers: [RegisteredHandler(callback=<bound method Auditor.disable of <Auditor>>, priority=1, kwargs={}, key=UUID('4dc9659e-f6f3-4042-b486-624b92a17245'), condition=None, blocking_facility=None), RegisteredHandler(callback=<bound method Auditor._save_audits of <Auditor>>, priority=1, kwargs={}, key=UUID('68f377fb-a6d4-4e14-a3d5-0883d625c60c'), condition=None, blocking_facility=None)]. The order of those handlers is not defined and they will be executed in random order. This might lead to race conditions and potential bugs.
2024-06-11 01:12:07,717 : INFO : EventManager : Event: ======'player_add_request'====== Args={}
2024-06-11 01:12:07,717 : INFO : EventManager : Event: ======'player_will_add'====== Args={'number': 1}
2024-06-11 01:12:07,717 : INFO : EventManager : Event: ======'player_adding'====== Args={'player': <Player 1>, 'number': 1}
2024-06-11 01:12:07,717 : INFO : EventManager : Event: ======'player_added'====== Args={'player': <Player 1>, 'num': 1}
2024-06-11 01:12:07,717 : INFO : Mode.game : Player added successfully. Total players: 1
2024-06-11 01:12:07,717 : INFO : EventManager : Event: ======'player_index'====== Args={'value': 0, 'prev_value': 0, 'change': 0, 'player_num': 1}
2024-06-11 01:12:07,717 : INFO : EventManager : Event: ======'player_number'====== Args={'value': 1, 'prev_value': 1, 'change': 0, 'player_num': 1}
2024-06-11 01:12:07,718 : INFO : EventManager : Event: ======'player_score'====== Args={'value': 0, 'prev_value': 0, 'change': 0, 'player_num': 1}
2024-06-11 01:12:07,718 : INFO : EventManager : Event: ======'game_started'====== Args={}
2024-06-11 01:12:07,721 : INFO : EventManager : Event: ======'player_turn_will_start'====== Args={'player': <Player 1>, 'number': 1}
2024-06-11 01:12:07,721 : INFO : EventManager : Event: ======'player_turn_starting'====== Args={'player': <Player 1>, 'number': 1}
2024-06-11 01:12:07,722 : INFO : EventManager : Event: ======'player_ball'====== Args={'value': 1, 'prev_value': 0, 'change': 1, 'player_num': 1}
2024-06-11 01:12:07,722 : INFO : EventManager : Event: ======'player_turn_started'====== Args={'player': <Player 1>, 'number': 1}
2024-06-11 01:12:07,722 : INFO : EventManager : Event: ======'ball_will_start'====== Args={'player': 1, 'ball': 1, 'balls_remaining': 2, 'is_extra_ball': False}
2024-06-11 01:12:07,724 : INFO : EventManager : Event: ======'ball_starting'====== Args={'player': 1, 'ball': 1, 'balls_remaining': 2, 'is_extra_ball': False}
2024-06-11 01:12:07,724 : INFO : EventManager : Event: ======'balls_in_play'====== Args={'balls': 1}
2024-06-11 01:12:07,724 : INFO : EventManager : Event: ======'ball_started'====== Args={'player': 1, 'ball': 1, 'balls_remaining': 2, 'is_extra_ball': False}
2024-06-11 01:12:07,724 : INFO : EventManager : Event: ======'mode_char_select_will_start'====== Args={'player': 1, 'ball': 1, 'balls_remaining': 2, 'is_extra_ball': False}
2024-06-11 01:12:07,726 : INFO : EventManager : Event: ======'mode_char_select_starting'====== Args={'player': 1, 'ball': 1, 'balls_remaining': 2, 'is_extra_ball': False}
2024-06-11 01:12:07,727 : INFO : EventManager : Event: ======'mode_base_will_start'====== Args={'player': 1, 'ball': 1, 'balls_remaining': 2, 'is_extra_ball': False}
2024-06-11 01:12:07,727 : INFO : EventManager : Event: ======'player_shot_mead_shot_enabled'====== Args={'value': True, 'prev_value': 0, 'change': 1, 'player_num': 1}
2024-06-11 01:12:07,727 : INFO : EventManager : Event: ======'player_shot_scanlan_shot_enabled'====== Args={'value': True, 'prev_value': 0, 'change': 1, 'player_num': 1}
2024-06-11 01:12:07,727 : INFO : EventManager : Event: ======'player_shot_percy_shot_enabled'====== Args={'value': True, 'prev_value': 0, 'change': 1, 'player_num': 1}
2024-06-11 01:12:07,727 : INFO : EventManager : Event: ======'video_shots_complete'====== Args={'state': 'unlit'}
2024-06-11 01:12:07,727 : INFO : EventManager : Event: ======'video_shots_unlit_complete'====== Args={}
2024-06-11 01:12:07,728 : INFO : EventManager : Event: ======'mode_base_starting'====== Args={'player': 1, 'ball': 1, 'balls_remaining': 2, 'is_extra_ball': False}
2024-06-11 01:12:07,728 : INFO : Mode.base : Started. Priority: 100
2024-06-11 01:12:07,728 : INFO : EventManager : Event: ======'modes_active_modes_changed'====== Args={}
2024-06-11 01:12:07,728 : INFO : EventManager : Event: ======'mode_base_started'====== Args={'player': 1, 'ball': 1, 'balls_remaining': 2, 'is_extra_ball': False}
2024-06-11 01:12:07,728 : INFO : Mode.char_select : Started. Priority: 501
2024-06-11 01:12:07,728 : INFO : EventManager : Event: ======'modes_active_modes_changed'====== Args={}
2024-06-11 01:12:07,728 : INFO : EventManager : Event: ======'mode_char_select_started'====== Args={'player': 1, 'ball': 1, 'balls_remaining': 2, 'is_extra_ball': False}
2024-06-11 01:12:07,728 : INFO : EventManager : Event: ======'item_highlighted'====== Args={'carousel': 'char_select', 'direction': None, 'item': 'percy'}
2024-06-11 01:12:07,729 : INFO : EventManager : Event: ======'single_player_ball_started'====== Args={}
2024-06-11 01:12:07,735 : INFO : EventManager : Event: ======'ball_start_target'====== Args={'target': 'playfield'}
2024-06-11 01:12:07,735 : INFO : ball_device.bd_plunger : Setting up player-controlled eject. Balls: 1, Target: <playfield.playfield>, player_controlled_eject_event: None
2024-06-11 01:12:07,735 : INFO : EventManager : Event: ======'balldevice_balls_available'====== Args={}
2024-06-11 01:12:07,735 : INFO : ball_device.bd_trough : State: waiting_for_target_ready
2024-06-11 01:12:07,735 : INFO : EventManager : Event: ======'balldevice_bd_trough_ball_eject_attempt'====== Args={'balls': 1, 'target': <ball_device.bd_plunger>, 'source': <ball_device.bd_trough>, 'mechanical_eject': True, 'num_attempts': 0}
2024-06-11 01:12:07,735 : INFO : ball_device.bd_plunger : State: waiting_for_ball
2024-06-11 01:12:07,735 : INFO : ball_device.bd_trough : State: ejecting
2024-06-11 01:12:07,735 : INFO : ball_device.bd_trough : Ejecting ball to <ball_device.bd_plunger>
2024-06-11 01:12:07,735 : INFO : EventManager : Event: ======'balldevice_bd_trough_ejecting_ball'====== Args={'balls': 1, 'target': <ball_device.bd_plunger>, 'source': <ball_device.bd_trough>, 'mechanical_eject': True, 'num_attempts': 0}
2024-06-11 01:12:07,735 : INFO : ball_device.bd_trough : Wait for ball to leave device
2024-06-11 01:12:07,735 : INFO : coil.c_trough_eject_coil : Pulsing Driver for 15ms (1.0 pulse_power)
2024-06-11 01:12:07,976 : INFO : EventManager : Event: ======'slide_base_created'====== Args={'_from_bcp': True}
2024-06-11 01:12:07,992 : INFO : EventManager : Event: ======'slide_base_mini_created'====== Args={'_from_bcp': True}
2024-06-11 01:12:07,992 : INFO : EventManager : Event: ======'slide_attract_inactive'====== Args={'_from_bcp': True}
2024-06-11 01:12:07,992 : INFO : EventManager : Event: ======'slide_base_active'====== Args={'original_context': 'base', 'original_calling_context': 'mode_base_started', 'cmd': 'slides_play', '_from_bcp': True}
2024-06-11 01:12:07,992 : INFO : EventManager : Event: ======'slide_attract_removed'====== Args={'_from_bcp': True}
2024-06-11 01:12:07,992 : INFO : EventManager : Event: ======'slide_attract_mini_inactive'====== Args={'_from_bcp': True}
2024-06-11 01:12:07,993 : INFO : EventManager : Event: ======'slide_base_mini_active'====== Args={'original_context': 'base', 'original_calling_context': 'mode_base_started', 'cmd': 'slides_play', '_from_bcp': True}
2024-06-11 01:12:07,993 : INFO : EventManager : Event: ======'slide_attract_mini_removed'====== Args={'_from_bcp': True}
2024-06-11 01:12:08,146 : INFO : EventManager : Event: ======'slide_char_select_created'====== Args={'_from_bcp': True}
2024-06-11 01:12:08,147 : INFO : EventManager : Event: ======'slide_base_inactive'====== Args={'_from_bcp': True}
2024-06-11 01:12:08,147 : INFO : EventManager : Event: ======'slide_char_select_active'====== Args={'original_context': 'char_select', 'original_calling_context': 'mode_char_select_started', 'cmd': 'slides_play', '_from_bcp': True}
2024-06-11 01:12:09,742 : INFO : EventManager : Event: ======'balldevice_bd_trough_ball_eject_failed'====== Args={'target': <ball_device.bd_plunger>, 'balls': 1, 'retry': True, 'num_attempts': 1}
2024-06-11 01:12:09,742 : INFO : ball_device.bd_trough : State: waiting_for_target_ready
2024-06-11 01:12:09,742 : INFO : EventManager : Event: ======'balldevice_bd_trough_ball_eject_attempt'====== Args={'balls': 1, 'target': <ball_device.bd_plunger>, 'source': <ball_device.bd_trough>, 'mechanical_eject': True, 'num_attempts': 1}
2024-06-11 01:12:09,742 : INFO : ball_device.bd_trough : State: ejecting
2024-06-11 01:12:09,742 : INFO : ball_device.bd_trough : Ejecting ball to <ball_device.bd_plunger>
2024-06-11 01:12:09,742 : INFO : EventManager : Event: ======'balldevice_bd_trough_ejecting_ball'====== Args={'balls': 1, 'target': <ball_device.bd_plunger>, 'source': <ball_device.bd_trough>, 'mechanical_eject': True, 'num_attempts': 1}
2024-06-11 01:12:09,742 : INFO : ball_device.bd_trough : Wait for ball to leave device
2024-06-11 01:12:09,742 : INFO : coil.c_trough_eject_coil : Pulsing Driver for 15ms (1.0 pulse_power)
2024-06-11 01:12:11,304 : INFO : EventManager : Event: ======'s_ab_active'====== Args={'_from_bcp': True}
2024-06-11 01:12:11,304 : INFO : EventManager : Event: ======'char_select_percy_selected'====== Args={}
2024-06-11 01:12:11,304 : INFO : EventManager : Event: ======'char_select_item_selected'====== Args={}
2024-06-11 01:12:11,304 : INFO : EventManager : Event: ======'player_selected_champ'====== Args={'value': 'percy', 'prev_value': 0, 'change': True, 'player_num': 1, 'source': 'char_select'}
2024-06-11 01:12:11,304 : INFO : EventManager : Event: ======'mode_char_select_will_stop'====== Args={}
2024-06-11 01:12:11,304 : INFO : EventManager : Event: ======'mode_char_select_stopping'====== Args={}
2024-06-11 01:12:11,304 : INFO : EventManager : Event: ======'player_is_selected_champ'====== Args={'value': 1, 'prev_value': 0, 'change': 1, 'player_num': 1, 'source': 'char_select'}
2024-06-11 01:12:11,305 : INFO : Mode.char_select : Stopped.
2024-06-11 01:12:11,305 : INFO : EventManager : Event: ======'modes_active_modes_changed'====== Args={}
2024-06-11 01:12:11,305 : INFO : EventManager : Event: ======'start_base'====== Args={}
2024-06-11 01:12:11,305 : INFO : EventManager : Event: ======'char_select_item_selected'====== Args={}
2024-06-11 01:12:11,305 : INFO : EventManager : Event: ======'mode_char_select_stopped'====== Args={}
2024-06-11 01:12:11,305 : INFO : EventManager : Event: ======'clear'====== Args={'key': 'char_select'}
2024-06-11 01:12:11,321 : INFO : EventManager : Event: ======'slide_char_select_inactive'====== Args={'_from_bcp': True}
2024-06-11 01:12:11,321 : INFO : EventManager : Event: ======'slide_base_active'====== Args={'_from_bcp': True}
2024-06-11 01:12:11,322 : INFO : EventManager : Event: ======'slide_char_select_removed'====== Args={'_from_bcp': True}
2024-06-11 01:12:11,755 : INFO : EventManager : Event: ======'balldevice_bd_trough_ball_eject_failed'====== Args={'target': <ball_device.bd_plunger>, 'balls': 1, 'retry': True, 'num_attempts': 2}
2024-06-11 01:12:11,755 : INFO : ball_device.bd_trough : State: waiting_for_target_ready
2024-06-11 01:12:11,755 : INFO : EventManager : Event: ======'balldevice_bd_trough_ball_eject_attempt'====== Args={'balls': 1, 'target': <ball_device.bd_plunger>, 'source': <ball_device.bd_trough>, 'mechanical_eject': True, 'num_attempts': 2}
2024-06-11 01:12:11,756 : INFO : ball_device.bd_trough : State: ejecting
2024-06-11 01:12:11,756 : INFO : ball_device.bd_trough : Ejecting ball to <ball_device.bd_plunger>
2024-06-11 01:12:11,756 : INFO : EventManager : Event: ======'balldevice_bd_trough_ejecting_ball'====== Args={'balls': 1, 'target': <ball_device.bd_plunger>, 'source': <ball_device.bd_trough>, 'mechanical_eject': True, 'num_attempts': 2}
2024-06-11 01:12:11,756 : INFO : ball_device.bd_trough : Wait for ball to leave device
2024-06-11 01:12:11,756 : INFO : coil.c_trough_eject_coil : Pulsing Driver for 15ms (1.0 pulse_power)
2024-06-11 01:12:13,772 : INFO : EventManager : Event: ======'balldevice_bd_trough_ball_eject_failed'====== Args={'target': <ball_device.bd_plunger>, 'balls': 1, 'retry': True, 'num_attempts': 3}
2024-06-11 01:12:13,772 : INFO : ball_device.bd_trough : State: waiting_for_target_ready
2024-06-11 01:12:13,772 : INFO : EventManager : Event: ======'balldevice_bd_trough_ball_eject_attempt'====== Args={'balls': 1, 'target': <ball_device.bd_plunger>, 'source': <ball_device.bd_trough>, 'mechanical_eject': True, 'num_attempts': 3}
2024-06-11 01:12:13,772 : INFO : ball_device.bd_trough : State: ejecting
2024-06-11 01:12:13,772 : INFO : ball_device.bd_trough : Ejecting ball to <ball_device.bd_plunger>
2024-06-11 01:12:13,772 : INFO : EventManager : Event: ======'balldevice_bd_trough_ejecting_ball'====== Args={'balls': 1, 'target': <ball_device.bd_plunger>, 'source': <ball_device.bd_trough>, 'mechanical_eject': True, 'num_attempts': 3}
2024-06-11 01:12:13,772 : INFO : ball_device.bd_trough : Wait for ball to leave device
2024-06-11 01:12:13,772 : INFO : coil.c_trough_eject_coil : Pulsing Driver for 15ms (1.0 pulse_power)
2024-06-11 01:12:15,778 : INFO : EventManager : Event: ======'balldevice_bd_trough_ball_eject_failed'====== Args={'target': <ball_device.bd_plunger>, 'balls': 1, 'retry': True, 'num_attempts': 4}
2024-06-11 01:12:15,778 : INFO : ball_device.bd_trough : State: waiting_for_target_ready
2024-06-11 01:12:15,778 : INFO : EventManager : Event: ======'balldevice_bd_trough_ball_eject_attempt'====== Args={'balls': 1, 'target': <ball_device.bd_plunger>, 'source': <ball_device.bd_trough>, 'mechanical_eject': True, 'num_attempts': 4}
2024-06-11 01:12:15,778 : INFO : ball_device.bd_trough : State: ejecting
2024-06-11 01:12:15,778 : INFO : ball_device.bd_trough : Ejecting ball to <ball_device.bd_plunger>
2024-06-11 01:12:15,778 : INFO : EventManager : Event: ======'balldevice_bd_trough_ejecting_ball'====== Args={'balls': 1, 'target': <ball_device.bd_plunger>, 'source': <ball_device.bd_trough>, 'mechanical_eject': True, 'num_attempts': 4}
2024-06-11 01:12:15,778 : INFO : ball_device.bd_trough : Wait for ball to leave device
2024-06-11 01:12:15,778 : INFO : coil.c_trough_eject_coil : Pulsing Driver for 15ms (1.0 pulse_power)
2024-06-11 01:12:17,785 : INFO : EventManager : Event: ======'balldevice_bd_trough_ball_eject_failed'====== Args={'target': <ball_device.bd_plunger>, 'balls': 1, 'retry': True, 'num_attempts': 5}
2024-06-11 01:12:17,785 : INFO : ball_device.bd_trough : State: waiting_for_target_ready
2024-06-11 01:12:17,786 : INFO : EventManager : Event: ======'balldevice_bd_trough_ball_eject_attempt'====== Args={'balls': 1, 'target': <ball_device.bd_plunger>, 'source': <ball_device.bd_trough>, 'mechanical_eject': True, 'num_attempts': 5}
2024-06-11 01:12:17,786 : INFO : ball_device.bd_trough : State: ejecting
2024-06-11 01:12:17,786 : INFO : ball_device.bd_trough : Ejecting ball to <ball_device.bd_plunger>
2024-06-11 01:12:17,786 : INFO : EventManager : Event: ======'balldevice_bd_trough_ejecting_ball'====== Args={'balls': 1, 'target': <ball_device.bd_plunger>, 'source': <ball_device.bd_trough>, 'mechanical_eject': True, 'num_attempts': 5}
2024-06-11 01:12:17,786 : INFO : ball_device.bd_trough : Wait for ball to leave device
2024-06-11 01:12:17,786 : INFO : coil.c_trough_eject_coil : Pulsing Driver for 15ms (1.0 pulse_power)
2024-06-11 01:12:19,795 : INFO : EventManager : Event: ======'balldevice_bd_trough_ball_eject_failed'====== Args={'target': <ball_device.bd_plunger>, 'balls': 1, 'retry': True, 'num_attempts': 6}
2024-06-11 01:12:19,795 : INFO : ball_device.bd_trough : State: waiting_for_target_ready
2024-06-11 01:12:19,795 : INFO : EventManager : Event: ======'balldevice_bd_trough_ball_eject_attempt'====== Args={'balls': 1, 'target': <ball_device.bd_plunger>, 'source': <ball_device.bd_trough>, 'mechanical_eject': True, 'num_attempts': 6}
2024-06-11 01:12:19,795 : INFO : ball_device.bd_trough : State: ejecting
2024-06-11 01:12:19,795 : INFO : ball_device.bd_trough : Ejecting ball to <ball_device.bd_plunger>
2024-06-11 01:12:19,795 : INFO : EventManager : Event: ======'balldevice_bd_trough_ejecting_ball'====== Args={'balls': 1, 'target': <ball_device.bd_plunger>, 'source': <ball_device.bd_trough>, 'mechanical_eject': True, 'num_attempts': 6}
2024-06-11 01:12:19,795 : INFO : ball_device.bd_trough : Wait for ball to leave device
2024-06-11 01:12:19,795 : INFO : coil.c_trough_eject_coil : Pulsing Driver for 15ms (1.0 pulse_power)
2024-06-11 01:12:21,805 : INFO : EventManager : Event: ======'balldevice_bd_trough_ball_eject_failed'====== Args={'target': <ball_device.bd_plunger>, 'balls': 1, 'retry': True, 'num_attempts': 7}
2024-06-11 01:12:21,805 : INFO : ball_device.bd_trough : State: waiting_for_target_ready
2024-06-11 01:12:21,805 : INFO : EventManager : Event: ======'balldevice_bd_trough_ball_eject_attempt'====== Args={'balls': 1, 'target': <ball_device.bd_plunger>, 'source': <ball_device.bd_trough>, 'mechanical_eject': True, 'num_attempts': 7}
2024-06-11 01:12:21,805 : INFO : ball_device.bd_trough : State: ejecting
2024-06-11 01:12:21,805 : INFO : ball_device.bd_trough : Ejecting ball to <ball_device.bd_plunger>
2024-06-11 01:12:21,805 : INFO : EventManager : Event: ======'balldevice_bd_trough_ejecting_ball'====== Args={'balls': 1, 'target': <ball_device.bd_plunger>, 'source': <ball_device.bd_trough>, 'mechanical_eject': True, 'num_attempts': 7}
2024-06-11 01:12:21,805 : INFO : ball_device.bd_trough : Wait for ball to leave device
2024-06-11 01:12:21,806 : INFO : coil.c_trough_eject_coil : Pulsing Driver for 15ms (1.0 pulse_power)
2024-06-11 01:12:23,818 : INFO : EventManager : Event: ======'balldevice_bd_trough_ball_eject_failed'====== Args={'target': <ball_device.bd_plunger>, 'balls': 1, 'retry': True, 'num_attempts': 8}
2024-06-11 01:12:23,819 : INFO : ball_device.bd_trough : State: waiting_for_target_ready
2024-06-11 01:12:23,819 : INFO : EventManager : Event: ======'balldevice_bd_trough_ball_eject_attempt'====== Args={'balls': 1, 'target': <ball_device.bd_plunger>, 'source': <ball_device.bd_trough>, 'mechanical_eject': True, 'num_attempts': 8}
2024-06-11 01:12:23,819 : INFO : ball_device.bd_trough : State: ejecting
2024-06-11 01:12:23,819 : INFO : ball_device.bd_trough : Ejecting ball to <ball_device.bd_plunger>
2024-06-11 01:12:23,819 : INFO : EventManager : Event: ======'balldevice_bd_trough_ejecting_ball'====== Args={'balls': 1, 'target': <ball_device.bd_plunger>, 'source': <ball_device.bd_trough>, 'mechanical_eject': True, 'num_attempts': 8}
2024-06-11 01:12:23,819 : INFO : ball_device.bd_trough : Wait for ball to leave device
2024-06-11 01:12:23,820 : INFO : coil.c_trough_eject_coil : Pulsing Driver for 15ms (1.0 pulse_power)
2024-06-11 01:12:25,827 : INFO : EventManager : Event: ======'balldevice_bd_trough_ball_eject_failed'====== Args={'target': <ball_device.bd_plunger>, 'balls': 1, 'retry': True, 'num_attempts': 9}
2024-06-11 01:12:25,827 : INFO : ball_device.bd_trough : State: waiting_for_target_ready
2024-06-11 01:12:25,827 : INFO : EventManager : Event: ======'balldevice_bd_trough_ball_eject_attempt'====== Args={'balls': 1, 'target': <ball_device.bd_plunger>, 'source': <ball_device.bd_trough>, 'mechanical_eject': True, 'num_attempts': 9}
2024-06-11 01:12:25,828 : INFO : ball_device.bd_trough : State: ejecting
2024-06-11 01:12:25,828 : INFO : ball_device.bd_trough : Ejecting ball to <ball_device.bd_plunger>
2024-06-11 01:12:25,828 : INFO : EventManager : Event: ======'balldevice_bd_trough_ejecting_ball'====== Args={'balls': 1, 'target': <ball_device.bd_plunger>, 'source': <ball_device.bd_trough>, 'mechanical_eject': True, 'num_attempts': 9}
2024-06-11 01:12:25,828 : INFO : ball_device.bd_trough : Wait for ball to leave device
2024-06-11 01:12:25,828 : INFO : coil.c_trough_eject_coil : Pulsing Driver for 15ms (1.0 pulse_power)
2024-06-11 01:12:27,828 : INFO : EventManager : Event: ======'balldevice_bd_trough_ball_eject_failed'====== Args={'target': <ball_device.bd_plunger>, 'balls': 1, 'retry': True, 'num_attempts': 10}
2024-06-11 01:12:27,828 : INFO : ball_device.bd_trough : State: waiting_for_target_ready
2024-06-11 01:12:27,828 : INFO : EventManager : Event: ======'balldevice_bd_trough_ball_eject_attempt'====== Args={'balls': 1, 'target': <ball_device.bd_plunger>, 'source': <ball_device.bd_trough>, 'mechanical_eject': True, 'num_attempts': 10}
2024-06-11 01:12:27,828 : INFO : ball_device.bd_trough : State: ejecting
2024-06-11 01:12:27,828 : INFO : ball_device.bd_trough : Ejecting ball to <ball_device.bd_plunger>
2024-06-11 01:12:27,828 : INFO : EventManager : Event: ======'balldevice_bd_trough_ejecting_ball'====== Args={'balls': 1, 'target': <ball_device.bd_plunger>, 'source': <ball_device.bd_trough>, 'mechanical_eject': True, 'num_attempts': 10}
2024-06-11 01:12:27,828 : INFO : ball_device.bd_trough : Wait for ball to leave device
2024-06-11 01:12:27,828 : INFO : coil.c_trough_eject_coil : Pulsing Driver for 15ms (1.0 pulse_power)
2024-06-11 01:12:29,827 : INFO : EventManager : Event: ======'balldevice_bd_trough_ball_eject_failed'====== Args={'target': <ball_device.bd_plunger>, 'balls': 1, 'retry': True, 'num_attempts': 11}
2024-06-11 01:12:29,827 : INFO : ball_device.bd_trough : State: waiting_for_target_ready
2024-06-11 01:12:29,827 : INFO : EventManager : Event: ======'balldevice_bd_trough_ball_eject_attempt'====== Args={'balls': 1, 'target': <ball_device.bd_plunger>, 'source': <ball_device.bd_trough>, 'mechanical_eject': True, 'num_attempts': 11}
2024-06-11 01:12:29,827 : INFO : ball_device.bd_trough : State: ejecting
2024-06-11 01:12:29,827 : INFO : ball_device.bd_trough : Ejecting ball to <ball_device.bd_plunger>
2024-06-11 01:12:29,827 : INFO : EventManager : Event: ======'balldevice_bd_trough_ejecting_ball'====== Args={'balls': 1, 'target': <ball_device.bd_plunger>, 'source': <ball_device.bd_trough>, 'mechanical_eject': True, 'num_attempts': 11}
2024-06-11 01:12:29,827 : INFO : ball_device.bd_trough : Wait for ball to leave device
2024-06-11 01:12:29,827 : INFO : coil.c_trough_eject_coil : Pulsing Driver for 15ms (1.0 pulse_power)
2024-06-11 01:12:31,833 : INFO : EventManager : Event: ======'balldevice_bd_trough_ball_eject_failed'====== Args={'target': <ball_device.bd_plunger>, 'balls': 1, 'retry': True, 'num_attempts': 12}
2024-06-11 01:12:31,833 : INFO : ball_device.bd_trough : State: waiting_for_target_ready
2024-06-11 01:12:31,833 : INFO : EventManager : Event: ======'balldevice_bd_trough_ball_eject_attempt'====== Args={'balls': 1, 'target': <ball_device.bd_plunger>, 'source': <ball_device.bd_trough>, 'mechanical_eject': True, 'num_attempts': 12}
2024-06-11 01:12:31,833 : INFO : ball_device.bd_trough : State: ejecting
2024-06-11 01:12:31,833 : INFO : ball_device.bd_trough : Ejecting ball to <ball_device.bd_plunger>
2024-06-11 01:12:31,833 : INFO : EventManager : Event: ======'balldevice_bd_trough_ejecting_ball'====== Args={'balls': 1, 'target': <ball_device.bd_plunger>, 'source': <ball_device.bd_trough>, 'mechanical_eject': True, 'num_attempts': 12}
2024-06-11 01:12:31,833 : INFO : ball_device.bd_trough : Wait for ball to leave device
2024-06-11 01:12:31,833 : INFO : coil.c_trough_eject_coil : Pulsing Driver for 15ms (1.0 pulse_power)
2024-06-11 01:12:33,841 : INFO : EventManager : Event: ======'balldevice_bd_trough_ball_eject_failed'====== Args={'target': <ball_device.bd_plunger>, 'balls': 1, 'retry': True, 'num_attempts': 13}
2024-06-11 01:12:33,841 : INFO : ball_device.bd_trough : State: waiting_for_target_ready
2024-06-11 01:12:33,841 : INFO : EventManager : Event: ======'balldevice_bd_trough_ball_eject_attempt'====== Args={'balls': 1, 'target': <ball_device.bd_plunger>, 'source': <ball_device.bd_trough>, 'mechanical_eject': True, 'num_attempts': 13}
2024-06-11 01:12:33,841 : INFO : ball_device.bd_trough : State: ejecting
2024-06-11 01:12:33,841 : INFO : ball_device.bd_trough : Ejecting ball to <ball_device.bd_plunger>
2024-06-11 01:12:33,841 : INFO : EventManager : Event: ======'balldevice_bd_trough_ejecting_ball'====== Args={'balls': 1, 'target': <ball_device.bd_plunger>, 'source': <ball_device.bd_trough>, 'mechanical_eject': True, 'num_attempts': 13}
2024-06-11 01:12:33,841 : INFO : ball_device.bd_trough : Wait for ball to leave device
2024-06-11 01:12:33,841 : INFO : coil.c_trough_eject_coil : Pulsing Driver for 15ms (1.0 pulse_power)
2024-06-11 01:12:35,844 : INFO : EventManager : Event: ======'balldevice_bd_trough_ball_eject_failed'====== Args={'target': <ball_device.bd_plunger>, 'balls': 1, 'retry': True, 'num_attempts': 14}
2024-06-11 01:12:35,844 : INFO : ball_device.bd_trough : State: waiting_for_target_ready
2024-06-11 01:12:35,844 : INFO : EventManager : Event: ======'balldevice_bd_trough_ball_eject_attempt'====== Args={'balls': 1, 'target': <ball_device.bd_plunger>, 'source': <ball_device.bd_trough>, 'mechanical_eject': True, 'num_attempts': 14}
2024-06-11 01:12:35,844 : INFO : ball_device.bd_trough : State: ejecting
2024-06-11 01:12:35,844 : INFO : ball_device.bd_trough : Ejecting ball to <ball_device.bd_plunger>
2024-06-11 01:12:35,845 : INFO : EventManager : Event: ======'balldevice_bd_trough_ejecting_ball'====== Args={'balls': 1, 'target': <ball_device.bd_plunger>, 'source': <ball_device.bd_trough>, 'mechanical_eject': True, 'num_attempts': 14}
2024-06-11 01:12:35,845 : INFO : ball_device.bd_trough : Wait for ball to leave device
2024-06-11 01:12:35,845 : INFO : coil.c_trough_eject_coil : Pulsing Driver for 15ms (1.0 pulse_power)
2024-06-11 01:12:37,843 : INFO : EventManager : Event: ======'balldevice_bd_trough_ball_eject_failed'====== Args={'target': <ball_device.bd_plunger>, 'balls': 1, 'retry': True, 'num_attempts': 15}
2024-06-11 01:12:37,843 : INFO : ball_device.bd_trough : State: waiting_for_target_ready
2024-06-11 01:12:37,843 : INFO : EventManager : Event: ======'balldevice_bd_trough_ball_eject_attempt'====== Args={'balls': 1, 'target': <ball_device.bd_plunger>, 'source': <ball_device.bd_trough>, 'mechanical_eject': True, 'num_attempts': 15}
2024-06-11 01:12:37,843 : INFO : ball_device.bd_trough : State: ejecting
2024-06-11 01:12:37,843 : INFO : ball_device.bd_trough : Ejecting ball to <ball_device.bd_plunger>
2024-06-11 01:12:37,843 : INFO : EventManager : Event: ======'balldevice_bd_trough_ejecting_ball'====== Args={'balls': 1, 'target': <ball_device.bd_plunger>, 'source': <ball_device.bd_trough>, 'mechanical_eject': True, 'num_attempts': 15}
2024-06-11 01:12:37,843 : INFO : ball_device.bd_trough : Wait for ball to leave device
2024-06-11 01:12:37,843 : INFO : coil.c_trough_eject_coil : Pulsing Driver for 15ms (1.0 pulse_power)
2024-06-11 01:12:39,843 : INFO : EventManager : Event: ======'balldevice_bd_trough_ball_eject_failed'====== Args={'target': <ball_device.bd_plunger>, 'balls': 1, 'retry': True, 'num_attempts': 16}
2024-06-11 01:12:39,843 : INFO : ball_device.bd_trough : State: waiting_for_target_ready
2024-06-11 01:12:39,843 : INFO : EventManager : Event: ======'balldevice_bd_trough_ball_eject_attempt'====== Args={'balls': 1, 'target': <ball_device.bd_plunger>, 'source': <ball_device.bd_trough>, 'mechanical_eject': True, 'num_attempts': 16}
2024-06-11 01:12:39,843 : INFO : ball_device.bd_trough : State: ejecting
2024-06-11 01:12:39,843 : INFO : ball_device.bd_trough : Ejecting ball to <ball_device.bd_plunger>
2024-06-11 01:12:39,843 : INFO : EventManager : Event: ======'balldevice_bd_trough_ejecting_ball'====== Args={'balls': 1, 'target': <ball_device.bd_plunger>, 'source': <ball_device.bd_trough>, 'mechanical_eject': True, 'num_attempts': 16}
2024-06-11 01:12:39,843 : INFO : ball_device.bd_trough : Wait for ball to leave device
2024-06-11 01:12:39,843 : INFO : coil.c_trough_eject_coil : Pulsing Driver for 15ms (1.0 pulse_power)
2024-06-11 01:12:41,842 : INFO : EventManager : Event: ======'balldevice_bd_trough_ball_eject_failed'====== Args={'target': <ball_device.bd_plunger>, 'balls': 1, 'retry': True, 'num_attempts': 17}
2024-06-11 01:12:41,842 : INFO : ball_device.bd_trough : State: waiting_for_target_ready
2024-06-11 01:12:41,842 : INFO : EventManager : Event: ======'balldevice_bd_trough_ball_eject_attempt'====== Args={'balls': 1, 'target': <ball_device.bd_plunger>, 'source': <ball_device.bd_trough>, 'mechanical_eject': True, 'num_attempts': 17}
2024-06-11 01:12:41,842 : INFO : ball_device.bd_trough : State: ejecting
2024-06-11 01:12:41,842 : INFO : ball_device.bd_trough : Ejecting ball to <ball_device.bd_plunger>
2024-06-11 01:12:41,842 : INFO : EventManager : Event: ======'balldevice_bd_trough_ejecting_ball'====== Args={'balls': 1, 'target': <ball_device.bd_plunger>, 'source': <ball_device.bd_trough>, 'mechanical_eject': True, 'num_attempts': 17}
2024-06-11 01:12:41,842 : INFO : ball_device.bd_trough : Wait for ball to leave device
2024-06-11 01:12:41,843 : INFO : coil.c_trough_eject_coil : Pulsing Driver for 15ms (1.0 pulse_power)
2024-06-11 01:12:43,852 : INFO : EventManager : Event: ======'balldevice_bd_trough_ball_eject_failed'====== Args={'target': <ball_device.bd_plunger>, 'balls': 1, 'retry': True, 'num_attempts': 18}
2024-06-11 01:12:43,852 : INFO : ball_device.bd_trough : State: waiting_for_target_ready
2024-06-11 01:12:43,853 : INFO : EventManager : Event: ======'balldevice_bd_trough_ball_eject_attempt'====== Args={'balls': 1, 'target': <ball_device.bd_plunger>, 'source': <ball_device.bd_trough>, 'mechanical_eject': True, 'num_attempts': 18}
2024-06-11 01:12:43,853 : INFO : ball_device.bd_trough : State: ejecting
2024-06-11 01:12:43,853 : INFO : ball_device.bd_trough : Ejecting ball to <ball_device.bd_plunger>
2024-06-11 01:12:43,853 : INFO : EventManager : Event: ======'balldevice_bd_trough_ejecting_ball'====== Args={'balls': 1, 'target': <ball_device.bd_plunger>, 'source': <ball_device.bd_trough>, 'mechanical_eject': True, 'num_attempts': 18}
2024-06-11 01:12:43,853 : INFO : ball_device.bd_trough : Wait for ball to leave device
2024-06-11 01:12:43,853 : INFO : coil.c_trough_eject_coil : Pulsing Driver for 15ms (1.0 pulse_power)
2024-06-11 01:12:45,874 : INFO : EventManager : Event: ======'balldevice_bd_trough_ball_eject_failed'====== Args={'target': <ball_device.bd_plunger>, 'balls': 1, 'retry': True, 'num_attempts': 19}
2024-06-11 01:12:45,874 : INFO : ball_device.bd_trough : State: waiting_for_target_ready
2024-06-11 01:12:45,874 : INFO : EventManager : Event: ======'balldevice_bd_trough_ball_eject_attempt'====== Args={'balls': 1, 'target': <ball_device.bd_plunger>, 'source': <ball_device.bd_trough>, 'mechanical_eject': True, 'num_attempts': 19}
2024-06-11 01:12:45,874 : INFO : ball_device.bd_trough : State: ejecting
2024-06-11 01:12:45,874 : INFO : ball_device.bd_trough : Ejecting ball to <ball_device.bd_plunger>
2024-06-11 01:12:45,874 : INFO : EventManager : Event: ======'balldevice_bd_trough_ejecting_ball'====== Args={'balls': 1, 'target': <ball_device.bd_plunger>, 'source': <ball_device.bd_trough>, 'mechanical_eject': True, 'num_attempts': 19}
2024-06-11 01:12:45,874 : INFO : ball_device.bd_trough : Wait for ball to leave device
2024-06-11 01:12:45,875 : INFO : coil.c_trough_eject_coil : Pulsing Driver for 15ms (1.0 pulse_power)
2024-06-11 01:12:47,875 : INFO : EventManager : Event: ======'balldevice_bd_trough_ball_eject_failed'====== Args={'target': <ball_device.bd_plunger>, 'balls': 1, 'retry': True, 'num_attempts': 20}
2024-06-11 01:12:47,875 : INFO : ball_device.bd_trough : State: waiting_for_target_ready
2024-06-11 01:12:47,875 : INFO : EventManager : Event: ======'balldevice_bd_trough_ball_eject_attempt'====== Args={'balls': 1, 'target': <ball_device.bd_plunger>, 'source': <ball_device.bd_trough>, 'mechanical_eject': True, 'num_attempts': 20}
2024-06-11 01:12:47,875 : INFO : ball_device.bd_trough : State: ejecting
2024-06-11 01:12:47,875 : INFO : ball_device.bd_trough : Ejecting ball to <ball_device.bd_plunger>
2024-06-11 01:12:47,875 : INFO : EventManager : Event: ======'balldevice_bd_trough_ejecting_ball'====== Args={'balls': 1, 'target': <ball_device.bd_plunger>, 'source': <ball_device.bd_trough>, 'mechanical_eject': True, 'num_attempts': 20}
2024-06-11 01:12:47,875 : INFO : ball_device.bd_trough : Wait for ball to leave device
2024-06-11 01:12:47,876 : INFO : coil.c_trough_eject_coil : Pulsing Driver for 15ms (1.0 pulse_power)
2024-06-11 01:12:49,883 : INFO : EventManager : Event: ======'balldevice_bd_trough_ball_eject_failed'====== Args={'target': <ball_device.bd_plunger>, 'balls': 1, 'retry': True, 'num_attempts': 21}
2024-06-11 01:12:49,883 : INFO : ball_device.bd_trough : State: waiting_for_target_ready
2024-06-11 01:12:49,883 : INFO : EventManager : Event: ======'balldevice_bd_trough_ball_eject_attempt'====== Args={'balls': 1, 'target': <ball_device.bd_plunger>, 'source': <ball_device.bd_trough>, 'mechanical_eject': True, 'num_attempts': 21}
2024-06-11 01:12:49,883 : INFO : ball_device.bd_trough : State: ejecting
2024-06-11 01:12:49,883 : INFO : ball_device.bd_trough : Ejecting ball to <ball_device.bd_plunger>
2024-06-11 01:12:49,883 : INFO : EventManager : Event: ======'balldevice_bd_trough_ejecting_ball'====== Args={'balls': 1, 'target': <ball_device.bd_plunger>, 'source': <ball_device.bd_trough>, 'mechanical_eject': True, 'num_attempts': 21}
2024-06-11 01:12:49,884 : INFO : ball_device.bd_trough : Wait for ball to leave device
2024-06-11 01:12:49,884 : INFO : coil.c_trough_eject_coil : Pulsing Driver for 15ms (1.0 pulse_power)
2024-06-11 01:12:51,888 : INFO : EventManager : Event: ======'balldevice_bd_trough_ball_eject_failed'====== Args={'target': <ball_device.bd_plunger>, 'balls': 1, 'retry': True, 'num_attempts': 22}
2024-06-11 01:12:51,888 : INFO : ball_device.bd_trough : State: waiting_for_target_ready
2024-06-11 01:12:51,888 : INFO : EventManager : Event: ======'balldevice_bd_trough_ball_eject_attempt'====== Args={'balls': 1, 'target': <ball_device.bd_plunger>, 'source': <ball_device.bd_trough>, 'mechanical_eject': True, 'num_attempts': 22}
2024-06-11 01:12:51,888 : INFO : ball_device.bd_trough : State: ejecting
2024-06-11 01:12:51,889 : INFO : ball_device.bd_trough : Ejecting ball to <ball_device.bd_plunger>
2024-06-11 01:12:51,889 : INFO : EventManager : Event: ======'balldevice_bd_trough_ejecting_ball'====== Args={'balls': 1, 'target': <ball_device.bd_plunger>, 'source': <ball_device.bd_trough>, 'mechanical_eject': True, 'num_attempts': 22}
2024-06-11 01:12:51,889 : INFO : ball_device.bd_trough : Wait for ball to leave device
2024-06-11 01:12:51,889 : INFO : coil.c_trough_eject_coil : Pulsing Driver for 15ms (1.0 pulse_power)
2024-06-11 01:12:53,902 : INFO : EventManager : Event: ======'balldevice_bd_trough_ball_eject_failed'====== Args={'target': <ball_device.bd_plunger>, 'balls': 1, 'retry': True, 'num_attempts': 23}
2024-06-11 01:12:53,902 : INFO : ball_device.bd_trough : State: waiting_for_target_ready
2024-06-11 01:12:53,902 : INFO : EventManager : Event: ======'balldevice_bd_trough_ball_eject_attempt'====== Args={'balls': 1, 'target': <ball_device.bd_plunger>, 'source': <ball_device.bd_trough>, 'mechanical_eject': True, 'num_attempts': 23}
2024-06-11 01:12:53,902 : INFO : ball_device.bd_trough : State: ejecting
2024-06-11 01:12:53,902 : INFO : ball_device.bd_trough : Ejecting ball to <ball_device.bd_plunger>
2024-06-11 01:12:53,902 : INFO : EventManager : Event: ======'balldevice_bd_trough_ejecting_ball'====== Args={'balls': 1, 'target': <ball_device.bd_plunger>, 'source': <ball_device.bd_trough>, 'mechanical_eject': True, 'num_attempts': 23}
2024-06-11 01:12:53,903 : INFO : ball_device.bd_trough : Wait for ball to leave device
2024-06-11 01:12:53,903 : INFO : coil.c_trough_eject_coil : Pulsing Driver for 15ms (1.0 pulse_power)
2024-06-11 01:12:55,901 : INFO : EventManager : Event: ======'balldevice_bd_trough_ball_eject_failed'====== Args={'target': <ball_device.bd_plunger>, 'balls': 1, 'retry': True, 'num_attempts': 24}
2024-06-11 01:12:55,901 : INFO : ball_device.bd_trough : State: waiting_for_target_ready
2024-06-11 01:12:55,901 : INFO : EventManager : Event: ======'balldevice_bd_trough_ball_eject_attempt'====== Args={'balls': 1, 'target': <ball_device.bd_plunger>, 'source': <ball_device.bd_trough>, 'mechanical_eject': True, 'num_attempts': 24}
2024-06-11 01:12:55,901 : INFO : ball_device.bd_trough : State: ejecting
2024-06-11 01:12:55,901 : INFO : ball_device.bd_trough : Ejecting ball to <ball_device.bd_plunger>
2024-06-11 01:12:55,901 : INFO : EventManager : Event: ======'balldevice_bd_trough_ejecting_ball'====== Args={'balls': 1, 'target': <ball_device.bd_plunger>, 'source': <ball_device.bd_trough>, 'mechanical_eject': True, 'num_attempts': 24}
2024-06-11 01:12:55,901 : INFO : ball_device.bd_trough : Wait for ball to leave device
2024-06-11 01:12:55,901 : INFO : coil.c_trough_eject_coil : Pulsing Driver for 15ms (1.0 pulse_power)
2024-06-11 01:12:57,901 : INFO : EventManager : Event: ======'balldevice_bd_trough_ball_eject_failed'====== Args={'target': <ball_device.bd_plunger>, 'balls': 1, 'retry': True, 'num_attempts': 25}
2024-06-11 01:12:57,901 : INFO : ball_device.bd_trough : State: waiting_for_target_ready
2024-06-11 01:12:57,901 : INFO : EventManager : Event: ======'balldevice_bd_trough_ball_eject_attempt'====== Args={'balls': 1, 'target': <ball_device.bd_plunger>, 'source': <ball_device.bd_trough>, 'mechanical_eject': True, 'num_attempts': 25}
2024-06-11 01:12:57,901 : INFO : ball_device.bd_trough : State: ejecting
2024-06-11 01:12:57,901 : INFO : ball_device.bd_trough : Ejecting ball to <ball_device.bd_plunger>
2024-06-11 01:12:57,901 : INFO : EventManager : Event: ======'balldevice_bd_trough_ejecting_ball'====== Args={'balls': 1, 'target': <ball_device.bd_plunger>, 'source': <ball_device.bd_trough>, 'mechanical_eject': True, 'num_attempts': 25}
2024-06-11 01:12:57,901 : INFO : ball_device.bd_trough : Wait for ball to leave device
2024-06-11 01:12:57,901 : INFO : coil.c_trough_eject_coil : Pulsing Driver for 15ms (1.0 pulse_power)
2024-06-11 01:12:59,907 : INFO : EventManager : Event: ======'balldevice_bd_trough_ball_eject_failed'====== Args={'target': <ball_device.bd_plunger>, 'balls': 1, 'retry': True, 'num_attempts': 26}
2024-06-11 01:12:59,907 : INFO : ball_device.bd_trough : State: waiting_for_target_ready
2024-06-11 01:12:59,907 : INFO : EventManager : Event: ======'balldevice_bd_trough_ball_eject_attempt'====== Args={'balls': 1, 'target': <ball_device.bd_plunger>, 'source': <ball_device.bd_trough>, 'mechanical_eject': True, 'num_attempts': 26}
2024-06-11 01:12:59,908 : INFO : ball_device.bd_trough : State: ejecting
2024-06-11 01:12:59,908 : INFO : ball_device.bd_trough : Ejecting ball to <ball_device.bd_plunger>
2024-06-11 01:12:59,908 : INFO : EventManager : Event: ======'balldevice_bd_trough_ejecting_ball'====== Args={'balls': 1, 'target': <ball_device.bd_plunger>, 'source': <ball_device.bd_trough>, 'mechanical_eject': True, 'num_attempts': 26}
2024-06-11 01:12:59,908 : INFO : ball_device.bd_trough : Wait for ball to leave device
2024-06-11 01:12:59,908 : INFO : coil.c_trough_eject_coil : Pulsing Driver for 15ms (1.0 pulse_power)
2024-06-11 01:12:59,988 : INFO : Machine : Shutting down...
2024-06-11 01:12:59,988 : INFO : EventManager : Event: ======'shutdown'====== Args={}
2024-06-11 01:12:59,992 : INFO : EventManager : Event: ======'mode_game_will_stop'====== Args={}
2024-06-11 01:12:59,992 : INFO : EventManager : Event: ======'mode_game_stopping'====== Args={}
2024-06-11 01:12:59,992 : INFO : EventManager : Event: ======'mode_base_will_stop'====== Args={}
2024-06-11 01:12:59,992 : INFO : EventManager : Event: ======'mode_base_stopping'====== Args={}
2024-06-11 01:12:59,992 : INFO : Mode.base : Stopped.
2024-06-11 01:12:59,992 : INFO : EventManager : Event: ======'modes_active_modes_changed'====== Args={}
2024-06-11 01:12:59,993 : INFO : EventManager : Event: ======'mode_base_stopped'====== Args={}
2024-06-11 01:12:59,993 : INFO : EventManager : Event: ======'clear'====== Args={'key': 'base'}
2024-06-11 01:12:59,993 : INFO : Mode.game : Stopped.
2024-06-11 01:12:59,993 : INFO : EventManager : Event: ======'modes_active_modes_changed'====== Args={}
2024-06-11 01:12:59,993 : INFO : EventManager : Event: ======'mode_game_stopped'====== Args={}
2024-06-11 01:12:59,993 : INFO : EventManager : Event: ======'clear'====== Args={'key': 'game'}
2024-06-11 01:12:59,994 : INFO : root : MPF run loop ended.
