2024-10-13 18:53:29,781 : INFO : root : Loading config.
2024-10-13 18:53:29,844 : INFO : ConfigProcessor : Config spec file cache created: C:\Users\homebrew\AppData\Local\Temp\config_spec.mpf_cache
2024-10-13 18:53:29,844 : INFO : YamlMultifileConfigLoader : Machine config file #1: config.yaml
2024-10-13 18:53:29,844 : INFO : ConfigProcessor : Loading config from file C:\Users\homebrew\AppData\Local\Programs\Python\Python312\Lib\site-packages\mpf\mpfconfig.yaml.
2024-10-13 18:53:29,861 : INFO : ConfigProcessor : Loading config: C:\Users\homebrew\AppData\Local\Programs\Python\Python312\Lib\site-packages\mpf\mpfconfig.yaml
2024-10-13 18:53:29,861 : INFO : ConfigProcessor : Loading config from file C:\Users\homebrew\Desktop\fast_homebrew_godot\config\config.yaml.
2024-10-13 18:53:29,861 : INFO : ConfigProcessor : Loading config: C:\Users\homebrew\Desktop\fast_homebrew_godot\config\config.yaml
2024-10-13 18:53:29,861 : INFO : ConfigProcessor : Loading config: C:\Users\homebrew\Desktop\fast_homebrew_godot\config\lights.yaml
2024-10-13 18:53:29,861 : INFO : ConfigProcessor : Loading config: C:\Users\homebrew\Desktop\fast_homebrew_godot\config\coils.yaml
2024-10-13 18:53:29,861 : INFO : ConfigProcessor : Loading config: C:\Users\homebrew\Desktop\fast_homebrew_godot\config\switches.yaml
2024-10-13 18:53:29,861 : INFO : ConfigProcessor : Loading config: C:\Users\homebrew\Desktop\fast_homebrew_godot\config\images.yaml
2024-10-13 18:53:29,861 : INFO : ConfigProcessor : Loading config: C:\Users\homebrew\Desktop\fast_homebrew_godot\config\videos.yaml
2024-10-13 18:53:29,861 : INFO : ConfigProcessor : Config file cache created: C:\Users\homebrew\AppData\Local\Temp\9c4fd671eedf0616c9c143d4588b87a8.mpf_cache
2024-10-13 18:53:30,113 : INFO : ConfigProcessor : Loading config from file C:\Users\homebrew\AppData\Local\Programs\Python\Python312\Lib\site-packages\mpf\modes\attract\config\attract.yaml.
2024-10-13 18:53:30,113 : INFO : ConfigProcessor : Loading config: C:\Users\homebrew\AppData\Local\Programs\Python\Python312\Lib\site-packages\mpf\modes\attract\config\attract.yaml
2024-10-13 18:53:30,113 : INFO : ConfigProcessor : Loading config from file C:\Users\homebrew\Desktop\fast_homebrew_godot\modes\attract\config\attract.yaml.
2024-10-13 18:53:30,113 : INFO : ConfigProcessor : Loading config: C:\Users\homebrew\Desktop\fast_homebrew_godot\modes\attract\config\attract.yaml
2024-10-13 18:53:30,113 : INFO : ConfigProcessor : Config file cache created: C:\Users\homebrew\AppData\Local\Temp\b9f79c86485697d9eb62ba3cdcc388bf.mpf_cache
2024-10-13 18:53:30,113 : INFO : ConfigProcessor : Loading config from file C:\Users\homebrew\AppData\Local\Programs\Python\Python312\Lib\site-packages\mpf\modes\game\config\game.yaml.
2024-10-13 18:53:30,128 : INFO : ConfigProcessor : Loading config: C:\Users\homebrew\AppData\Local\Programs\Python\Python312\Lib\site-packages\mpf\modes\game\config\game.yaml
2024-10-13 18:53:30,128 : INFO : ConfigProcessor : Config file cache created: C:\Users\homebrew\AppData\Local\Temp\3a13d33aed1669bafe3e56d7baff78a0.mpf_cache
2024-10-13 18:53:30,128 : INFO : ConfigProcessor : Loading config from file C:\Users\homebrew\Desktop\fast_homebrew_godot\modes\base\config\base.yaml.
2024-10-13 18:53:30,134 : INFO : ConfigProcessor : Loading config: C:\Users\homebrew\Desktop\fast_homebrew_godot\modes\base\config\base.yaml
2024-10-13 18:53:30,134 : INFO : ConfigProcessor : Config file cache created: C:\Users\homebrew\AppData\Local\Temp\194daf2908cf002f5d26e5b3c0eabc95.mpf_cache
2024-10-13 18:53:30,134 : INFO : ConfigProcessor : Loading config from cache: C:\Users\homebrew\AppData\Local\Temp\b9f79c86485697d9eb62ba3cdcc388bf.mpf_cache
2024-10-13 18:53:30,136 : INFO : Machine : Mission Pinball Framework Core Engine v0.80.0.dev4
2024-10-13 18:53:30,136 : INFO : Machine : Command line arguments: {'no_load_cache': False, 'create_config_cache': True, 'bcp': True, 'configfile': ['config.yaml'], 'force_assets_load': False, 'platform_integration_test': False, 'jsonlogging': False, 'logfile': 'logs\\2024-10-13-18-53-29-mpf-mpf.log', 'pause': False, 'production': False, 'text_ui': True, 'loglevel': 15, 'consoleloglevel': 20, 'force_platform': 'virtual', 'syslog_address': None, 'mc_file_name': None, 'no_sound': False, 'full_logfile_path': 'C:\\Users\\homebrew\\Desktop\\fast_homebrew_godot\\logs\\2024-10-13-18-53-29-mpf-mpf.log'}
2024-10-13 18:53:30,136 : INFO : Machine : MPF path: C:\Users\homebrew\AppData\Local\Programs\Python\Python312\Lib\site-packages\mpf
2024-10-13 18:53:30,136 : INFO : Machine : Machine path: C:\Users\homebrew\Desktop\fast_homebrew_godot
2024-10-13 18:53:30,136 : INFO : Machine : Platform: win32
2024-10-13 18:53:30,136 : INFO : Machine : Python executable location: C:\Users\homebrew\AppData\Local\Programs\Python\Python312\python.exe
2024-10-13 18:53:30,136 : INFO : Machine : Python version: 3.12.3 (64-bit)
2024-10-13 18:53:30,136 : INFO : Machine : Initializing MPF...
2024-10-13 18:53:30,708 : INFO : EventManager : Event: ======'machine_var_credits_string'====== Args={'value': 'FREE PLAY', 'prev_value': None, 'change': True}
2024-10-13 18:53:30,739 : INFO : EventManager : Event: ======'machine_var_master_volume'====== Args={'value': 0.5, 'prev_value': None, 'change': True}
2024-10-13 18:53:30,739 : INFO : EventManager : Event: ======'machine_var_mpf_version'====== Args={'value': 'Mission Pinball Framework v0.80.0.dev4', 'prev_value': None, 'change': True}
2024-10-13 18:53:30,739 : INFO : EventManager : Event: ======'machine_var_mpf_extended_version'====== Args={'value': 'Mission Pinball Framework v0.80.0.dev4, Config version:6, Show version: 6, BCP version:1.1', 'prev_value': None, 'change': True}
2024-10-13 18:53:30,755 : INFO : EventManager : Event: ======'machine_var_python_version'====== Args={'value': '3.12.3', 'prev_value': None, 'change': True}
2024-10-13 18:53:30,834 : INFO : EventManager : Event: ======'machine_var_platform'====== Args={'value': 'Windows-11-10.0.22631-SP0', 'prev_value': None, 'change': True}
2024-10-13 18:53:30,834 : INFO : EventManager : Event: ======'machine_var_platform_system'====== Args={'value': 'Windows', 'prev_value': None, 'change': True}
2024-10-13 18:53:30,834 : INFO : EventManager : Event: ======'machine_var_platform_release'====== Args={'value': '11', 'prev_value': None, 'change': True}
2024-10-13 18:53:30,834 : INFO : EventManager : Event: ======'machine_var_platform_version'====== Args={'value': '10.0.22631', 'prev_value': None, 'change': True}
2024-10-13 18:53:30,834 : INFO : EventManager : Event: ======'machine_var_platform_machine'====== Args={'value': 'AMD64', 'prev_value': None, 'change': True}
2024-10-13 18:53:30,834 : INFO : EventManager : Event: ======'machine_var_log_file_path'====== Args={'value': 'C:\\Users\\homebrew\\Desktop\\fast_homebrew_godot\\logs\\2024-10-13-18-53-29-mpf-mpf.log', 'prev_value': None, 'change': True}
2024-10-13 18:53:30,834 : INFO : EventManager : Event: ======'init_phase_1'====== Args={}
2024-10-13 18:53:30,834 : INFO : EventManager : Event: ======'init_phase_2'====== Args={}
2024-10-13 18:53:30,850 : INFO : EventManager : Event: ======'bcp_connection_attempt'====== Args={'name': 'local_display', 'host': 'localhost', 'port': 5050}
2024-10-13 18:53:30,850 : INFO : BCPClientSocket : Connecting BCP to 'local_display' at localhost:5050...
