2024-05-31 00:34:16,462 : INFO : root : Loading config.
2024-05-31 00:34:16,464 : INFO : YamlMultifileConfigLoader : Machine config file #1: config.yaml
2024-05-31 00:34:16,465 : INFO : ConfigProcessor : Loading config from cache: C:\Users\octo\AppData\Local\Temp\67114de119ffda0ef143dfc9c8b88aec.mpf_cache
2024-05-31 00:34:16,508 : INFO : ConfigProcessor : Loading config from cache: C:\Users\octo\AppData\Local\Temp\d4fb548c2902111733185c907c7e02f2.mpf_cache
2024-05-31 00:34:16,508 : INFO : ConfigProcessor : Loading config from cache: C:\Users\octo\AppData\Local\Temp\5cdf3f6f669e12795623fbd605d1b6a0.mpf_cache
2024-05-31 00:34:16,509 : INFO : ConfigProcessor : Loading config from cache: C:\Users\octo\AppData\Local\Temp\e87c946bbd0a2e05a931f281fca6458e.mpf_cache
2024-05-31 00:34:16,509 : INFO : ConfigProcessor : Loading config from cache: C:\Users\octo\AppData\Local\Temp\d4fb548c2902111733185c907c7e02f2.mpf_cache
2024-05-31 00:34:16,509 : INFO : ConfigProcessor : Loading config from cache: C:\Users\octo\AppData\Local\Temp\da852937ccb56145866cf54922bc01f8.mpf_cache
2024-05-31 00:34:16,510 : INFO : Machine : Mission Pinball Framework Core Engine v0.80.0.dev1
2024-05-31 00:34:16,510 : INFO : Machine : Command line arguments: {'no_load_cache': False, 'create_config_cache': True, 'bcp': True, 'configfile': ['config.yaml'], 'force_assets_load': False, 'platform_integration_test': False, 'jsonlogging': False, 'logfile': 'logs\\2024-05-31-00-34-16-mpf-DESKTOP-BQT92E0.log', 'pause': False, 'production': False, 'text_ui': True, 'loglevel': 15, 'consoleloglevel': 20, 'force_platform': 'virtual', 'syslog_address': None, 'mc_file_name': None, 'no_sound': False}
2024-05-31 00:34:16,510 : INFO : Machine : MPF path: c:\git\new folder (6)\mpf\mpf
2024-05-31 00:34:16,510 : INFO : Machine : Machine path: C:\Users\octo\Downloads\homebrew
2024-05-31 00:34:16,510 : INFO : Machine : Platform: win32
2024-05-31 00:34:16,510 : INFO : Machine : Python executable location: C:\Users\octo\AppData\Local\Programs\Python\Python310\python.exe
2024-05-31 00:34:16,510 : INFO : Machine : Python version: 3.10.0 (64-bit)
2024-05-31 00:34:16,511 : INFO : Machine : Initializing MPF...
2024-05-31 00:34:16,611 : INFO : EventManager : Event: ======'machine_var_credits_string'====== Args={'value': 'FREE PLAY', 'prev_value': None, 'change': True}
2024-05-31 00:34:16,620 : INFO : EventManager : Event: ======'machine_var_master_volume'====== Args={'value': 0.5, 'prev_value': None, 'change': True}
2024-05-31 00:34:16,620 : INFO : EventManager : Event: ======'machine_var_mpf_version'====== Args={'value': 'Mission Pinball Framework v0.80.0.dev1', 'prev_value': None, 'change': True}
2024-05-31 00:34:16,620 : INFO : EventManager : Event: ======'machine_var_mpf_extended_version'====== Args={'value': 'Mission Pinball Framework v0.80.0.dev1, Config version:6, Show version: 6, BCP version:1.1', 'prev_value': None, 'change': True}
2024-05-31 00:34:16,620 : INFO : EventManager : Event: ======'machine_var_python_version'====== Args={'value': '3.10.0', 'prev_value': None, 'change': True}
2024-05-31 00:34:16,625 : INFO : EventManager : Event: ======'machine_var_platform'====== Args={'value': 'Windows-10-10.0.19045-SP0', 'prev_value': None, 'change': True}
2024-05-31 00:34:16,625 : INFO : EventManager : Event: ======'machine_var_platform_system'====== Args={'value': 'Windows', 'prev_value': None, 'change': True}
2024-05-31 00:34:16,625 : INFO : EventManager : Event: ======'machine_var_platform_release'====== Args={'value': '10', 'prev_value': None, 'change': True}
2024-05-31 00:34:16,625 : INFO : EventManager : Event: ======'machine_var_platform_version'====== Args={'value': '10.0.19045', 'prev_value': None, 'change': True}
2024-05-31 00:34:16,625 : INFO : EventManager : Event: ======'machine_var_platform_machine'====== Args={'value': 'AMD64', 'prev_value': None, 'change': True}
2024-05-31 00:34:16,625 : INFO : EventManager : Event: ======'init_phase_1'====== Args={}
2024-05-31 00:34:16,634 : INFO : EventManager : Event: ======'init_phase_2'====== Args={}
2024-05-31 00:34:16,634 : INFO : SwitchController : Found active switch: ('3208-8', <Platform.Virtual>) <switch.s_trough_ball_2>
2024-05-31 00:34:16,634 : INFO : SwitchController : Found active switch: ('3208-9', <Platform.Virtual>) <switch.s_trough_ball_3>
2024-05-31 00:34:16,634 : INFO : SwitchController : Found active switch: ('3208-13', <Platform.Virtual>) <switch.s_trough_ball_1>
2024-05-31 00:34:16,636 : INFO : EventManager : Event: ======'bcp_connection_attempt'====== Args={'name': 'local_display', 'host': 'localhost', 'port': 5050}
2024-05-31 00:34:16,637 : INFO : BCPClientSocket : Connecting BCP to 'local_display' at localhost:5050...
2024-05-31 00:34:16,641 : INFO : BCPClientSocket : Connected BCP to 'local_display' localhost:5050
2024-05-31 00:34:16,641 : INFO : EventManager : Event: ======'bcp_clients_connected'====== Args={}
2024-05-31 00:34:16,710 : INFO : ball_device.bd_trough : BCH: Initial count: 3
2024-05-31 00:34:16,710 : INFO : ball_device.bd_trough : State: idle
2024-05-31 00:34:16,710 : INFO : ball_device.bd_plunger : BCH: Initial count: 0
2024-05-31 00:34:16,710 : INFO : ball_device.bd_plunger : State: idle
2024-05-31 00:34:16,716 : INFO : EventManager : Event: ======'init_phase_3'====== Args={}
2024-05-31 00:34:16,717 : INFO : EventManager : Event: ======'init_phase_4'====== Args={}
2024-05-31 00:34:16,717 : INFO : BallController : Initial balls found: 3
2024-05-31 00:34:16,718 : INFO : EventManager : Event: ======'machine_var_audits_events_game_ended'====== Args={'value': 0, 'prev_value': None, 'change': True}
2024-05-31 00:34:16,718 : INFO : EventManager : Event: ======'machine_var_audits_events_game_started'====== Args={'value': 348, 'prev_value': None, 'change': True}
2024-05-31 00:34:16,718 : INFO : EventManager : Event: ======'machine_var_audits_missing_switches_s_left_flipper'====== Args={'value': 322, 'prev_value': None, 'change': True}
2024-05-31 00:34:16,718 : INFO : EventManager : Event: ======'machine_var_audits_missing_switches_s_left_flipper_eos'====== Args={'value': 322, 'prev_value': None, 'change': True}
2024-05-31 00:34:16,718 : INFO : EventManager : Event: ======'machine_var_audits_missing_switches_s_left_inner_lane'====== Args={'value': 322, 'prev_value': None, 'change': True}
2024-05-31 00:34:16,718 : INFO : EventManager : Event: ======'machine_var_audits_missing_switches_s_left_outer_lane'====== Args={'value': 153, 'prev_value': None, 'change': True}
2024-05-31 00:34:16,718 : INFO : EventManager : Event: ======'machine_var_audits_missing_switches_s_left_sling'====== Args={'value': 322, 'prev_value': None, 'change': True}
2024-05-31 00:34:16,718 : INFO : EventManager : Event: ======'machine_var_audits_missing_switches_s_mead'====== Args={'value': 232, 'prev_value': None, 'change': True}
2024-05-31 00:34:16,718 : INFO : EventManager : Event: ======'machine_var_audits_missing_switches_s_percy'====== Args={'value': 50, 'prev_value': None, 'change': True}
2024-05-31 00:34:16,718 : INFO : EventManager : Event: ======'machine_var_audits_missing_switches_s_plunger'====== Args={'value': 322, 'prev_value': None, 'change': True}
2024-05-31 00:34:16,718 : INFO : EventManager : Event: ======'machine_var_audits_missing_switches_s_pop_bumper_1'====== Args={'value': 322, 'prev_value': None, 'change': True}
2024-05-31 00:34:16,718 : INFO : EventManager : Event: ======'machine_var_audits_missing_switches_s_pop_bumper_2'====== Args={'value': 322, 'prev_value': None, 'change': True}
2024-05-31 00:34:16,718 : INFO : EventManager : Event: ======'machine_var_audits_missing_switches_s_pop_bumper_3'====== Args={'value': 322, 'prev_value': None, 'change': True}
2024-05-31 00:34:16,718 : INFO : EventManager : Event: ======'machine_var_audits_missing_switches_s_right_flipper'====== Args={'value': 322, 'prev_value': None, 'change': True}
2024-05-31 00:34:16,718 : INFO : EventManager : Event: ======'machine_var_audits_missing_switches_s_right_flipper_eos'====== Args={'value': 322, 'prev_value': None, 'change': True}
2024-05-31 00:34:16,718 : INFO : EventManager : Event: ======'machine_var_audits_missing_switches_s_right_inner_lane'====== Args={'value': 322, 'prev_value': None, 'change': True}
2024-05-31 00:34:16,718 : INFO : EventManager : Event: ======'machine_var_audits_missing_switches_s_right_outer_lane'====== Args={'value': 322, 'prev_value': None, 'change': True}
2024-05-31 00:34:16,718 : INFO : EventManager : Event: ======'machine_var_audits_missing_switches_s_right_sling'====== Args={'value': 322, 'prev_value': None, 'change': True}
2024-05-31 00:34:16,718 : INFO : EventManager : Event: ======'machine_var_audits_missing_switches_s_scanlan'====== Args={'value': 169, 'prev_value': None, 'change': True}
2024-05-31 00:34:16,718 : INFO : EventManager : Event: ======'machine_var_audits_missing_switches_s_start'====== Args={'value': 10, 'prev_value': None, 'change': True}
2024-05-31 00:34:16,718 : INFO : EventManager : Event: ======'machine_var_audits_missing_switches_s_trough_ball_1'====== Args={'value': 322, 'prev_value': None, 'change': True}
2024-05-31 00:34:16,719 : INFO : EventManager : Event: ======'machine_var_audits_missing_switches_s_trough_ball_2'====== Args={'value': 322, 'prev_value': None, 'change': True}
2024-05-31 00:34:16,719 : INFO : EventManager : Event: ======'machine_var_audits_missing_switches_s_trough_ball_3'====== Args={'value': 322, 'prev_value': None, 'change': True}
2024-05-31 00:34:16,719 : INFO : EventManager : Event: ======'machine_var_audits_missing_switches_s_trough_ball_4'====== Args={'value': 272, 'prev_value': None, 'change': True}
2024-05-31 00:34:16,719 : INFO : EventManager : Event: ======'machine_var_audits_missing_switches_s_trough_ball_5'====== Args={'value': 322, 'prev_value': None, 'change': True}
2024-05-31 00:34:16,719 : INFO : EventManager : Event: ======'machine_var_audits_missing_switches_s_trough_ball_6'====== Args={'value': 89, 'prev_value': None, 'change': True}
2024-05-31 00:34:16,719 : INFO : EventManager : Event: ======'machine_var_audits_missing_switches_s_trough_ball_jam'====== Args={'value': 322, 'prev_value': None, 'change': True}
2024-05-31 00:34:16,719 : INFO : EventManager : Event: ======'machine_var_audits_player_score'====== Args={'value': {'average': 0, 'top': [], 'total': 0}, 'prev_value': None, 'change': True}
2024-05-31 00:34:16,719 : INFO : EventManager : Event: ======'machine_var_audits_shots_mead_shot'====== Args={'value': 209, 'prev_value': None, 'change': True}
2024-05-31 00:34:16,719 : INFO : EventManager : Event: ======'machine_var_audits_shots_percy_shot'====== Args={'value': 39, 'prev_value': None, 'change': True}
2024-05-31 00:34:16,719 : INFO : EventManager : Event: ======'machine_var_audits_shots_scanlan_shot'====== Args={'value': 111, 'prev_value': None, 'change': True}
2024-05-31 00:34:16,719 : INFO : EventManager : Event: ======'machine_var_audits_shots_video_shot_1'====== Args={'value': 24, 'prev_value': None, 'change': True}
2024-05-31 00:34:16,719 : INFO : EventManager : Event: ======'machine_var_audits_shots_video_shot_2'====== Args={'value': 20, 'prev_value': None, 'change': True}
2024-05-31 00:34:16,719 : INFO : EventManager : Event: ======'machine_var_audits_switches_s_auto_launcher'====== Args={'value': 0, 'prev_value': None, 'change': True}
2024-05-31 00:34:16,719 : INFO : EventManager : Event: ======'machine_var_audits_switches_s_ball_drain'====== Args={'value': 0, 'prev_value': None, 'change': True}
2024-05-31 00:34:16,719 : INFO : EventManager : Event: ======'machine_var_audits_switches_s_left_flipper'====== Args={'value': 36, 'prev_value': None, 'change': True}
2024-05-31 00:34:16,719 : INFO : EventManager : Event: ======'machine_var_audits_switches_s_left_flipper_eos'====== Args={'value': 0, 'prev_value': None, 'change': True}
2024-05-31 00:34:16,719 : INFO : EventManager : Event: ======'machine_var_audits_switches_s_left_inner_lane'====== Args={'value': 0, 'prev_value': None, 'change': True}
2024-05-31 00:34:16,720 : INFO : EventManager : Event: ======'machine_var_audits_switches_s_left_outer_lane'====== Args={'value': 0, 'prev_value': None, 'change': True}
2024-05-31 00:34:16,720 : INFO : EventManager : Event: ======'machine_var_audits_switches_s_left_sling'====== Args={'value': 7, 'prev_value': None, 'change': True}
2024-05-31 00:34:16,720 : INFO : EventManager : Event: ======'machine_var_audits_switches_s_mead'====== Args={'value': 0, 'prev_value': None, 'change': True}
2024-05-31 00:34:16,720 : INFO : EventManager : Event: ======'machine_var_audits_switches_s_percy'====== Args={'value': 0, 'prev_value': None, 'change': True}
2024-05-31 00:34:16,720 : INFO : EventManager : Event: ======'machine_var_audits_switches_s_plunger'====== Args={'value': 9, 'prev_value': None, 'change': True}
2024-05-31 00:34:16,720 : INFO : EventManager : Event: ======'machine_var_audits_switches_s_pop_bumper_1'====== Args={'value': 0, 'prev_value': None, 'change': True}
2024-05-31 00:34:16,720 : INFO : EventManager : Event: ======'machine_var_audits_switches_s_pop_bumper_2'====== Args={'value': 0, 'prev_value': None, 'change': True}
2024-05-31 00:34:16,720 : INFO : EventManager : Event: ======'machine_var_audits_switches_s_pop_bumper_3'====== Args={'value': 0, 'prev_value': None, 'change': True}
2024-05-31 00:34:16,720 : INFO : EventManager : Event: ======'machine_var_audits_switches_s_right_flipper'====== Args={'value': 131, 'prev_value': None, 'change': True}
2024-05-31 00:34:16,720 : INFO : EventManager : Event: ======'machine_var_audits_switches_s_right_flipper_eos'====== Args={'value': 0, 'prev_value': None, 'change': True}
2024-05-31 00:34:16,720 : INFO : EventManager : Event: ======'machine_var_audits_switches_s_right_inner_lane'====== Args={'value': 0, 'prev_value': None, 'change': True}
2024-05-31 00:34:16,720 : INFO : EventManager : Event: ======'machine_var_audits_switches_s_right_outer_lane'====== Args={'value': 0, 'prev_value': None, 'change': True}
2024-05-31 00:34:16,720 : INFO : EventManager : Event: ======'machine_var_audits_switches_s_right_sling'====== Args={'value': 3, 'prev_value': None, 'change': True}
2024-05-31 00:34:16,720 : INFO : EventManager : Event: ======'machine_var_audits_switches_s_scanlan'====== Args={'value': 0, 'prev_value': None, 'change': True}
2024-05-31 00:34:16,720 : INFO : EventManager : Event: ======'machine_var_audits_switches_s_start'====== Args={'value': 30, 'prev_value': None, 'change': True}
2024-05-31 00:34:16,720 : INFO : EventManager : Event: ======'machine_var_audits_switches_s_switch_2'====== Args={'value': 0, 'prev_value': None, 'change': True}
2024-05-31 00:34:16,721 : INFO : EventManager : Event: ======'machine_var_audits_switches_s_trough_ball_1'====== Args={'value': 4, 'prev_value': None, 'change': True}
2024-05-31 00:34:16,721 : INFO : EventManager : Event: ======'machine_var_audits_switches_s_trough_ball_2'====== Args={'value': 4, 'prev_value': None, 'change': True}
2024-05-31 00:34:16,721 : INFO : EventManager : Event: ======'machine_var_audits_switches_s_trough_ball_3'====== Args={'value': 1, 'prev_value': None, 'change': True}
2024-05-31 00:34:16,721 : INFO : EventManager : Event: ======'machine_var_audits_switches_s_trough_ball_4'====== Args={'value': 0, 'prev_value': None, 'change': True}
2024-05-31 00:34:16,721 : INFO : EventManager : Event: ======'machine_var_audits_switches_s_trough_ball_5'====== Args={'value': 0, 'prev_value': None, 'change': True}
2024-05-31 00:34:16,721 : INFO : EventManager : Event: ======'machine_var_audits_switches_s_trough_ball_6'====== Args={'value': 1, 'prev_value': None, 'change': True}
2024-05-31 00:34:16,721 : INFO : EventManager : Event: ======'machine_var_audits_switches_s_trough_ball_jam'====== Args={'value': 3, 'prev_value': None, 'change': True}
2024-05-31 00:34:16,721 : INFO : EventManager : Event: ======'machine_var_audits_switches_s_trough_eject_coil'====== Args={'value': 0, 'prev_value': None, 'change': True}
2024-05-31 00:34:16,721 : INFO : EventManager : Event: ======'init_phase_5'====== Args={}
2024-05-31 00:34:16,744 : INFO : EventManager : Event: ======'init_done'====== Args={}
2024-05-31 00:34:16,744 : INFO : EventManager : Event: ======'machine_reset_phase_1'====== Args={}
2024-05-31 00:34:16,747 : INFO : EventManager : Event: ======'machine_reset_phase_2'====== Args={}
2024-05-31 00:34:16,747 : INFO : EventManager : Event: ======'machine_reset_phase_3'====== Args={}
2024-05-31 00:34:16,747 : INFO : EventManager : Event: ======'reset_complete'====== Args={}
2024-05-31 00:34:16,747 : INFO : EventManager : Event: ======'mode_attract_will_start'====== Args={}
2024-05-31 00:34:16,748 : INFO : EventManager : Event: ======'mode_attract_starting'====== Args={}
2024-05-31 00:34:16,748 : INFO : Mode.attract : Started. Priority: 10
2024-05-31 00:34:16,748 : INFO : EventManager : Event: ======'modes_active_modes_changed'====== Args={}
2024-05-31 00:34:16,748 : INFO : EventManager : Event: ======'mode_attract_started'====== Args={}
2024-05-31 00:34:16,748 : INFO : EventManager : Event: ======'collecting_balls_complete'====== Args={}
2024-05-31 00:34:16,757 : INFO : Machine : Starting the main run loop.
2024-05-31 00:34:16,783 : INFO : EventManager : Event: ======'slide_attract_created'====== Args={'_from_bcp': True}
2024-05-31 00:34:16,795 : INFO : EventManager : Event: ======'slide_attract_mini_created'====== Args={'_from_bcp': True}
2024-05-31 00:34:16,795 : INFO : EventManager : Event: ======'slide__removed'====== Args={'_from_bcp': True}
2024-05-31 00:34:16,795 : INFO : EventManager : Event: ======'slide_attract_active'====== Args={'original_context': 'attract', 'original_calling_context': 'mode_attract_started', 'cmd': 'slides_play', '_from_bcp': True}
2024-05-31 00:34:16,795 : INFO : EventManager : Event: ======'slide__removed'====== Args={'_from_bcp': True}
2024-05-31 00:34:16,795 : INFO : EventManager : Event: ======'slide_attract_mini_active'====== Args={'original_context': 'attract', 'original_calling_context': 'mode_attract_started', 'cmd': 'slides_play', '_from_bcp': True}
2024-05-31 00:34:21,657 : INFO : Machine : Shutting down...
2024-05-31 00:34:21,657 : INFO : EventManager : Event: ======'shutdown'====== Args={}
2024-05-31 00:34:21,664 : INFO : root : MPF run loop ended.
