2024-09-08 22:50:15,260 : INFO : root : Loading config.
2024-09-08 22:50:15,323 : INFO : YamlMultifileConfigLoader : Machine config file #1: config.yaml
2024-09-08 22:50:15,325 : WARNING : ConfigProcessor : Config file in cache changed: C:\Users\Administrator\Documents\fast_homebrew_godot\config\config.yaml
2024-09-08 22:50:15,326 : INFO : ConfigProcessor : Loading config from file C:\Users\Administrator\AppData\Local\Programs\Python\Python310\lib\site-packages\mpf\mpfconfig.yaml.
2024-09-08 22:50:15,327 : DEBUG : YAML File Interface : Loading file: C:\Users\Administrator\AppData\Local\Programs\Python\Python310\lib\site-packages\mpf\mpfconfig.yaml
2024-09-08 22:50:15,722 : INFO : ConfigProcessor : Loading config: C:\Users\Administrator\AppData\Local\Programs\Python\Python310\lib\site-packages\mpf\mpfconfig.yaml
2024-09-08 22:50:15,724 : INFO : ConfigProcessor : Loading config from file C:\Users\Administrator\Documents\fast_homebrew_godot\config\config.yaml.
2024-09-08 22:50:15,725 : DEBUG : YAML File Interface : Loading file: C:\Users\Administrator\Documents\fast_homebrew_godot\config\config.yaml
2024-09-08 22:50:15,772 : INFO : ConfigProcessor : Loading config: C:\Users\Administrator\Documents\fast_homebrew_godot\config\config.yaml
2024-09-08 22:50:15,774 : DEBUG : YAML File Interface : Loading file: C:\Users\Administrator\Documents\fast_homebrew_godot\config\lights.yaml
2024-09-08 22:50:15,776 : INFO : ConfigProcessor : Loading config: C:\Users\Administrator\Documents\fast_homebrew_godot\config\lights.yaml
2024-09-08 22:50:15,810 : DEBUG : YAML File Interface : Loading file: C:\Users\Administrator\Documents\fast_homebrew_godot\config\coils.yaml
2024-09-08 22:50:15,812 : INFO : ConfigProcessor : Loading config: C:\Users\Administrator\Documents\fast_homebrew_godot\config\coils.yaml
2024-09-08 22:50:15,823 : DEBUG : YAML File Interface : Loading file: C:\Users\Administrator\Documents\fast_homebrew_godot\config\switches.yaml
2024-09-08 22:50:15,827 : INFO : ConfigProcessor : Loading config: C:\Users\Administrator\Documents\fast_homebrew_godot\config\switches.yaml
2024-09-08 22:50:15,829 : DEBUG : YAML File Interface : Loading file: C:\Users\Administrator\Documents\fast_homebrew_godot\config\sounds.yaml
2024-09-08 22:50:15,858 : DEBUG : YAML File Interface : Loading file: C:\Users\Administrator\Documents\fast_homebrew_godot\config\images.yaml
2024-09-08 22:50:15,873 : INFO : ConfigProcessor : Loading config: C:\Users\Administrator\Documents\fast_homebrew_godot\config\images.yaml
2024-09-08 22:50:15,875 : DEBUG : YAML File Interface : Loading file: C:\Users\Administrator\Documents\fast_homebrew_godot\config\videos.yaml
2024-09-08 22:50:15,879 : INFO : ConfigProcessor : Loading config: C:\Users\Administrator\Documents\fast_homebrew_godot\config\videos.yaml
2024-09-08 22:50:15,962 : INFO : ConfigProcessor : Config file cache created: C:\Users\ADMINI~1\AppData\Local\Temp\d1d13b71f03ff6cb7b42d9c6bb8e160f.mpf_cache
2024-09-08 22:50:18,413 : DEBUG : YamlMultifileConfigLoader : Loading mode attract from C:\Users\Administrator\AppData\Local\Programs\Python\Python310\lib\site-packages\mpf\modes\attract\config\attract.yaml
2024-09-08 22:50:18,413 : DEBUG : YamlMultifileConfigLoader : Loading mode attract from C:\Users\Administrator\AppData\Local\Programs\Python\Python310\lib\site-packages\mpf\modes\attract\config\attract.yaml
2024-09-08 22:50:18,414 : INFO : ConfigProcessor : Loading config from cache: C:\Users\ADMINI~1\AppData\Local\Temp\baa68abd602a2a90f66edd8e37c874c7.mpf_cache
2024-09-08 22:50:18,414 : DEBUG : YamlMultifileConfigLoader : Loading mode game from C:\Users\Administrator\AppData\Local\Programs\Python\Python310\lib\site-packages\mpf\modes\game\config\game.yaml
2024-09-08 22:50:18,415 : INFO : ConfigProcessor : Loading config from cache: C:\Users\ADMINI~1\AppData\Local\Temp\f48eab4eba32ca9097b4976f8036bfbf.mpf_cache
2024-09-08 22:50:18,415 : DEBUG : YamlMultifileConfigLoader : Loading mode base from C:\Users\Administrator\AppData\Local\Programs\Python\Python310\lib\site-packages\mpf\modes\base\config\base.yaml
2024-09-08 22:50:18,416 : INFO : ConfigProcessor : Loading config from cache: C:\Users\ADMINI~1\AppData\Local\Temp\20d8a08f313923c863e280a74de3cd75.mpf_cache
2024-09-08 22:50:18,416 : DEBUG : YamlMultifileConfigLoader : Loading mode attract from C:\Users\Administrator\AppData\Local\Programs\Python\Python310\lib\site-packages\mpf\modes\attract\config\attract.yaml
2024-09-08 22:50:18,416 : DEBUG : YamlMultifileConfigLoader : Loading mode attract from C:\Users\Administrator\AppData\Local\Programs\Python\Python310\lib\site-packages\mpf\modes\attract\config\attract.yaml
2024-09-08 22:50:18,417 : INFO : ConfigProcessor : Loading config from cache: C:\Users\ADMINI~1\AppData\Local\Temp\baa68abd602a2a90f66edd8e37c874c7.mpf_cache
2024-09-08 22:50:18,418 : INFO : Machine : Mission Pinball Framework Core Engine v0.80.0.dev4
2024-09-08 22:50:18,418 : INFO : Machine : Command line arguments: {'no_load_cache': False, 'create_config_cache': True, 'bcp': True, 'configfile': ['config.yaml'], 'force_assets_load': False, 'platform_integration_test': False, 'jsonlogging': False, 'logfile': 'logs\\2024-09-08-22-50-15-mpf-WIN-0MLVBKI9D6P.log', 'pause': False, 'production': False, 'text_ui': True, 'loglevel': 10, 'consoleloglevel': 10, 'force_platform': None, 'syslog_address': None, 'mc_file_name': None, 'no_sound': False, 'full_logfile_path': 'C:\\Users\\Administrator\\Documents\\fast_homebrew_godot\\logs\\2024-09-08-22-50-15-mpf-WIN-0MLVBKI9D6P.log'}
2024-09-08 22:50:18,418 : INFO : Machine : MPF path: C:\Users\Administrator\AppData\Local\Programs\Python\Python310\lib\site-packages\mpf
2024-09-08 22:50:18,418 : INFO : Machine : Machine path: C:\Users\Administrator\Documents\fast_homebrew_godot
2024-09-08 22:50:18,418 : INFO : Machine : Platform: win32
2024-09-08 22:50:18,418 : INFO : Machine : Python executable location: C:\Users\Administrator\AppData\Local\Programs\Python\Python310\python.exe
2024-09-08 22:50:18,418 : INFO : Machine : Python version: 3.10.11 (64-bit)
2024-09-08 22:50:18,420 : DEBUG : asyncio : Using proactor: IocpProactor
2024-09-08 22:50:18,421 : INFO : Machine : Initializing MPF...
2024-09-08 22:50:20,914 : DEBUG : asciimatics.widgets.layout : Updating: None
2024-09-08 22:50:20,915 : DEBUG : asciimatics.widgets.layout : Updating: None
2024-09-08 22:50:20,915 : DEBUG : asciimatics.widgets.layout : Updating: None
2024-09-08 22:50:20,915 : DEBUG : asciimatics.widgets.layout : Updating: None
2024-09-08 22:50:20,915 : DEBUG : asciimatics.widgets.layout : Updating: None
2024-09-08 22:50:20,916 : DEBUG : asciimatics.widgets.layout : Updating: None
2024-09-08 22:50:20,916 : DEBUG : asciimatics.widgets.layout : Updating: None
2024-09-08 22:50:20,916 : DEBUG : asciimatics.widgets.layout : Updating: None
2024-09-08 22:50:20,916 : DEBUG : asciimatics.widgets.layout : Updating: None
2024-09-08 22:50:20,916 : DEBUG : asciimatics.widgets.layout : Updating: None
2024-09-08 22:50:20,916 : DEBUG : asciimatics.widgets.layout : Updating: None
2024-09-08 22:50:20,917 : DEBUG : asciimatics.widgets.layout : Updating: None
2024-09-08 22:50:20,917 : DEBUG : asciimatics.widgets.widget : Widget blur: <asciimatics.widgets.label.Label object at 0x00000196FE8BD490>
2024-09-08 22:50:20,917 : DEBUG : asciimatics.widgets.widget : Widget blur: <asciimatics.widgets.label.Label object at 0x00000196FE42B6B0>
2024-09-08 22:50:20,917 : DEBUG : asciimatics.widgets.widget : Widget blur: <asciimatics.widgets.label.Label object at 0x00000196FE42B5E0>
2024-09-08 22:50:20,917 : DEBUG : asciimatics.widgets.layout : Blur: <asciimatics.widgets.layout.Layout object at 0x00000196FEBC2B00>
2024-09-08 22:50:20,917 : DEBUG : asciimatics.widgets.layout : Blur: <mpf.core.text_ui.MpfLayout object at 0x00000196FEBCCF20>
2024-09-08 22:50:20,921 : DEBUG : asciimatics.widgets.layout : Updating: None
2024-09-08 22:50:20,922 : DEBUG : asciimatics.widgets.layout : Updating: None
2024-09-08 22:50:20,922 : DEBUG : asciimatics.widgets.layout : Updating: None
2024-09-08 22:50:20,922 : DEBUG : asciimatics.widgets.layout : Updating: None
2024-09-08 22:50:20,922 : DEBUG : asciimatics.widgets.layout : Updating: None
2024-09-08 22:50:20,922 : DEBUG : asciimatics.widgets.layout : Updating: None
2024-09-08 22:50:20,922 : DEBUG : asciimatics.widgets.widget : Widget blur: <asciimatics.widgets.label.Label object at 0x00000196FEB09A40>
2024-09-08 22:50:20,922 : DEBUG : asciimatics.widgets.widget : Widget blur: <asciimatics.widgets.label.Label object at 0x00000196FEB09970>
2024-09-08 22:50:20,922 : DEBUG : asciimatics.widgets.widget : Widget blur: <asciimatics.widgets.label.Label object at 0x00000196FEB09B10>
2024-09-08 22:50:20,922 : DEBUG : asciimatics.widgets.widget : Widget blur: <asciimatics.widgets.label.Label object at 0x00000196FEB098A0>
2024-09-08 22:50:20,923 : DEBUG : asciimatics.widgets.widget : Widget blur: <asciimatics.widgets.label.Label object at 0x00000196FEB09630>
2024-09-08 22:50:20,923 : DEBUG : asciimatics.widgets.widget : Widget blur: <asciimatics.widgets.label.Label object at 0x00000196FEB097D0>
2024-09-08 22:50:20,923 : DEBUG : asciimatics.widgets.layout : Blur: <asciimatics.widgets.layout.Layout object at 0x00000196FEBC2BC0>
2024-09-08 22:50:20,923 : DEBUG : asciimatics.widgets.layout : Focus: <asciimatics.widgets.layout.Layout object at 0x00000196FEBC2B00>
2024-09-08 22:50:20,923 : DEBUG : asciimatics.widgets.layout : Focus: <mpf.core.text_ui.MpfLayout object at 0x00000196FEBCCF20>
2024-09-08 22:50:20,923 : DEBUG : asciimatics.widgets.layout : Focus: <asciimatics.widgets.layout.Layout object at 0x00000196FEBC2BC0>
2024-09-08 22:50:20,923 : DEBUG : asciimatics.widgets.frame : Cloning: Test
2024-09-08 22:50:20,923 : DEBUG : asciimatics.widgets.layout : Updating: None
2024-09-08 22:50:20,923 : DEBUG : asciimatics.widgets.layout : Updating: None
2024-09-08 22:50:20,923 : DEBUG : asciimatics.widgets.layout : Updating: None
2024-09-08 22:50:20,923 : DEBUG : asciimatics.widgets.layout : Updating: None
2024-09-08 22:50:20,924 : DEBUG : asciimatics.widgets.layout : Updating: None
2024-09-08 22:50:20,924 : DEBUG : asciimatics.widgets.layout : Updating: None
2024-09-08 22:50:20,924 : DEBUG : asciimatics.widgets.layout : Updating: None
2024-09-08 22:50:20,924 : DEBUG : asciimatics.widgets.layout : Updating: None
2024-09-08 22:50:20,924 : DEBUG : asciimatics.widgets.layout : Updating: None
2024-09-08 22:50:20,924 : DEBUG : asciimatics.widgets.layout : Updating: None
2024-09-08 22:50:20,924 : DEBUG : asciimatics.widgets.layout : Updating: None
2024-09-08 22:50:20,924 : DEBUG : asciimatics.widgets.layout : Updating: None
2024-09-08 22:50:20,924 : DEBUG : asciimatics.widgets.layout : Updating: None
2024-09-08 22:50:20,924 : DEBUG : asciimatics.widgets.layout : Updating: None
2024-09-08 22:50:20,924 : DEBUG : asciimatics.widgets.layout : Updating: None
2024-09-08 22:50:20,924 : DEBUG : asciimatics.widgets.layout : Updating: None
2024-09-08 22:50:20,925 : DEBUG : asciimatics.widgets.layout : Updating: None
2024-09-08 22:50:20,925 : DEBUG : asciimatics.widgets.layout : Updating: None
2024-09-08 22:50:20,926 : DEBUG : asciimatics.screen : Processing key: d
2024-09-08 22:50:23,079 : INFO : FAST : Auto-detecting ports for the following connections: ['net']
2024-09-08 22:50:23,245 : DEBUG : FAST : Port COM3 is connected to a FAST Neuron Controller.
2024-09-08 22:50:23,277 : DEBUG : FAST : Port COM4 is connected to a FAST Neuron Controller.
2024-09-08 22:50:23,289 : DEBUG : FAST : Port COM5 is connected to a FAST Neuron Controller.
2024-09-08 22:50:23,644 : INFO : FAST : Detected NET on port COM5
2024-09-08 22:50:23,751 : INFO : FAST [NET] : Trying to connect to COM5 at 921600bps
2024-09-08 22:50:23,956 : INFO : FAST [NET] : Connected to COM5 at 921600bps
2024-09-08 22:50:24,199 : INFO : FAST [NET] : Connected to FP-CPU-2000 with firmware v02.13
2024-09-08 22:50:24,235 : INFO : FAST [NET] : Registered I/O Board 0: Model: FP-I/O-0804, Firmware: 01.10, Switches: 8, Drivers: 4
2024-09-08 22:50:24,284 : INFO : FAST [NET] : Registered I/O Board 1: Model: FP-I/O-3208, Firmware: 01.10, Switches: 32, Drivers: 8
2024-09-08 22:50:24,298 : INFO : FAST [NET] : Registered I/O Board 2: Model: FP-I/O-1616, Firmware: 01.10, Switches: 16, Drivers: 16
2024-09-08 22:50:24,300 : INFO : EventManager : Event: ======'machine_var_credits_string'====== Args={'value': 'FREE PLAY', 'prev_value': None, 'change': True}
2024-09-08 22:50:24,822 : DEBUG : YAML File Interface : Loading file: C:\Users\Administrator\Documents\fast_homebrew_godot\data/machine_vars.yaml
2024-09-08 22:50:24,823 : INFO : EventManager : Event: ======'machine_var_master_volume'====== Args={'value': 0.5, 'prev_value': None, 'change': True}
2024-09-08 22:50:24,823 : INFO : EventManager : Event: ======'machine_var_mpf_version'====== Args={'value': 'Mission Pinball Framework v0.80.0.dev4', 'prev_value': None, 'change': True}
2024-09-08 22:50:24,823 : INFO : EventManager : Event: ======'machine_var_mpf_extended_version'====== Args={'value': 'Mission Pinball Framework v0.80.0.dev4, Config version:6, Show version: 6, BCP version:1.1', 'prev_value': None, 'change': True}
2024-09-08 22:50:24,824 : INFO : EventManager : Event: ======'machine_var_python_version'====== Args={'value': '3.10.11', 'prev_value': None, 'change': True}
2024-09-08 22:50:25,495 : INFO : EventManager : Event: ======'machine_var_platform'====== Args={'value': 'Windows-10-10.0.22631-SP0', 'prev_value': None, 'change': True}
2024-09-08 22:50:25,496 : INFO : EventManager : Event: ======'machine_var_platform_system'====== Args={'value': 'Windows', 'prev_value': None, 'change': True}
2024-09-08 22:50:25,496 : INFO : EventManager : Event: ======'machine_var_platform_release'====== Args={'value': '10', 'prev_value': None, 'change': True}
2024-09-08 22:50:25,496 : INFO : EventManager : Event: ======'machine_var_platform_version'====== Args={'value': '10.0.22631', 'prev_value': None, 'change': True}
2024-09-08 22:50:25,496 : INFO : EventManager : Event: ======'machine_var_platform_machine'====== Args={'value': 'AMD64', 'prev_value': None, 'change': True}
2024-09-08 22:50:25,496 : INFO : EventManager : Event: ======'machine_var_log_file_path'====== Args={'value': 'C:\\Users\\Administrator\\Documents\\fast_homebrew_godot\\logs\\2024-09-08-22-50-15-mpf-WIN-0MLVBKI9D6P.log', 'prev_value': None, 'change': True}
2024-09-08 22:50:25,497 : INFO : EventManager : Event: ======'init_phase_1'====== Args={}
2024-09-08 22:50:25,554 : DEBUG : ModeController : Loaded mode game
2024-09-08 22:50:25,557 : DEBUG : ModeController : Loaded mode attract
2024-09-08 22:50:25,557 : DEBUG : ModeController : Loaded mode base
2024-09-08 22:50:25,563 : DEBUG : stepper.right_flipper_stepper : Configuring device with settings: '{'number': '00414729', 'homing_mode': 'switch', 'homing_switch': <switch.s_right_home>, 'homing_direction': 'counterclockwise', 'reset_position': -10, 'reset_events': {'ball_starting': 0, 'ball_will_end': 0, 'mode_attrct_started': 0}, 'debug': True, 'pos_min': -15, 'pos_max': 100, 'named_positions': {50.0: 'right_full', -11.0: 'right_rest', -10.0: 'right_home'}, 'platform_settings': {'step_mode': 1, 'current_limit': 2500}, 'label': '%', 'tags': [], 'console_log': 'full', 'file_log': 'full', 'home_events': {}, 'ball_search_min': 0, 'ball_search_max': 1, 'ball_search_wait': 5000, 'include_in_ball_search': True, 'relative_positions': {}, 'platform': None}'
2024-09-08 22:50:25,563 : DEBUG : stepper.right_flipper_stepper : Configuring device with settings: '{'number': '00414729', 'homing_mode': 'switch', 'homing_switch': <switch.s_right_home>, 'homing_direction': 'counterclockwise', 'reset_position': -10, 'reset_events': {'ball_starting': 0, 'ball_will_end': 0, 'mode_attrct_started': 0}, 'debug': True, 'pos_min': -15, 'pos_max': 100, 'named_positions': {50.0: 'right_full', -11.0: 'right_rest', -10.0: 'right_home'}, 'platform_settings': {'step_mode': 1, 'current_limit': 2500, 'max_speed': 2000000, 'starting_speed': 0, 'max_acceleration': 40000, 'max_deceleration': 40000, 'poll_ms': 100}, 'label': '%', 'tags': [], 'console_log': 'full', 'file_log': 'full', 'home_events': {}, 'ball_search_min': 0, 'ball_search_max': 1, 'ball_search_wait': 5000, 'include_in_ball_search': True, 'relative_positions': {}, 'platform': None}'
2024-09-08 22:50:25,567 : DEBUG : TIC Stepper : Configuring Stepper Parameters.
2024-09-08 22:50:25,567 : DEBUG : asyncio : Using proactor: IocpProactor
2024-09-08 22:50:25,676 : DEBUG : TIC Stepper : Looking for TIC Device with serial number 00414729.
2024-09-08 22:50:26,534 : DEBUG : TIC Stepper : get_status() received cmd_return: b'Name:                         Tic 36v4 High-Power Stepper Motor Controller\r\nSerial number:                00414729\r\nFirmware version:             1.08\r\nLast reset:                   Power-on reset\r\nUp time:                      9:50:02\r\n\r\nEncoder position:             0\r\nRC pulse width:               N/A\r\nInput state:                  Halt\r\nInput after averaging:        N/A\r\nInput after hysteresis:       N/A\r\nInput before scaling:         N/A\r\nInput after scaling:          0\r\nForward limit active:         No\r\nReverse limit active:         No\r\n\r\nVIN voltage:                  47.250 V\r\nOperation state:              De-energized\r\nEnergized:                    No\r\nHoming active:                No\r\n\r\nTarget:                       No target\r\nCurrent position:             -10\r\nPosition uncertain:           Yes\r\nCurrent velocity:             0\r\nMax speed:                    2000000\r\nStarting speed:               0\r\nMax acceleration:             40000\r\nMax deceleration:             40000\r\nActing target position:       0\r\nTime since last step:         60000\r\nStep mode:                    Full step\r\nCurrent limit:                2435 mA\r\n\r\nErrors currently stopping the motor:\r\n  - Intentionally de-energized\r\n  - Command timeout\r\n  - Safe start violation\r\nErrors that occurred since last check:\r\n  - Intentionally de-energized\r\n  - Command timeout\r\n  - Safe start violation\r\nLast motor driver errors: None\r\n\r\nSCL pin:\r\n  State:                      Output low\r\n  Analog reading:             N/A\r\n  Digital reading:            1\r\nSDA pin:\r\n  State:                      Output low\r\n  Analog reading:             N/A\r\n  Digital reading:            1\r\nTX pin:\r\n  State:                      Output high\r\n  Analog reading:             N/A\r\n  Digital reading:            1\r\nRX pin:\r\n  State:                      Pulled up\r\n  Analog reading:             N/A\r\n  Digital reading:            1\r\nRC pin:\r\n  Digital reading:            0\r\n\r\n'
2024-09-08 22:50:26,542 : DEBUG : TIC Stepper : TIC Status: 
2024-09-08 22:50:26,542 : DEBUG : TIC Stepper : {'Name': 'Tic 36v4 High-Power Stepper Motor Controller', 'Serial number': 414729, 'Firmware version': 1.08, 'Last reset': 'Power-on reset', 'Up time': '9:50:02', 'Encoder position': 0, 'RC pulse width': 'N/A', 'Input state': 'Halt', 'Input after averaging': 'N/A', 'Input after hysteresis': 'N/A', 'Input before scaling': 'N/A', 'Input after scaling': 0, 'Forward limit active': 'No', 'Reverse limit active': 'No', 'VIN voltage': '47.250 V', 'Operation state': 'De-energized', 'Energized': 'No', 'Homing active': 'No', 'Target': 'No target', 'Current position': -10, 'Position uncertain': 'Yes', 'Current velocity': 0, 'Max speed': 2000000, 'Starting speed': 0, 'Max acceleration': 40000, 'Max deceleration': 40000, 'Acting target position': 0, 'Time since last step': 60000, 'Step mode': 'Full step', 'Current limit': '2435 mA', 'Errors currently stopping the motor': ['Intentionally de-energized', 'Command timeout', 'Safe start violation'], 'Errors that occurred since last check': ['Intentionally de-energized', 'Command timeout', 'Safe start violation'], 'Last motor driver errors': 'None', 'SCL pin': {'State': 'Output low', 'Analog reading': 'N/A', 'Digital reading': 1}, 'SDA pin': {'State': 'Output low', 'Analog reading': 'N/A', 'Digital reading': 1}, 'TX pin': {'State': 'Output high', 'Analog reading': 'N/A', 'Digital reading': 1}, 'RX pin': {'State': 'Pulled up', 'Analog reading': 'N/A', 'Digital reading': 1}, 'RC pin': {'Digital reading': 0}}
2024-09-08 22:50:32,205 : WARNING : Machine : Iterating device collections directly is deprecated and will be removed. Access by value(): device_collections[switches] -> device_collections['switches'].values()
2024-09-08 22:50:32,207 : INFO : EventManager : Event: ======'init_phase_2'====== Args={}
2024-09-08 22:50:32,209 : INFO : EventManager : Event: ======'bcp_connection_attempt'====== Args={'name': 'local_display', 'host': 'localhost', 'port': 5050}
2024-09-08 22:50:32,210 : DEBUG : asciimatics.widgets.layout : Updating: message
2024-09-08 22:50:32,211 : DEBUG : asciimatics.widgets.layout : Updating: message
2024-09-08 22:50:32,211 : DEBUG : asciimatics.widgets.widget : Widget blur: <asciimatics.widgets.textbox.TextBox object at 0x00000196FE693400>
2024-09-08 22:50:32,211 : DEBUG : asciimatics.widgets.layout : Blur: <asciimatics.widgets.layout.Layout object at 0x00000196FF547B80>
2024-09-08 22:50:32,211 : DEBUG : asciimatics.widgets.layout : Blur: <asciimatics.widgets.layout.Layout object at 0x00000196FF547CA0>
2024-09-08 22:50:32,211 : DEBUG : asciimatics.widgets.layout : Focus: <asciimatics.widgets.layout.Layout object at 0x00000196FF547B80>
2024-09-08 22:50:32,211 : DEBUG : asciimatics.widgets.layout : Focus: <asciimatics.widgets.layout.Layout object at 0x00000196FF547CA0>
2024-09-08 22:50:32,211 : INFO : BCPClientSocket : Connecting BCP to 'local_display' at localhost:5050...
2024-09-08 22:50:32,536 : INFO : BCPClientSocket : Connected BCP to 'local_display' localhost:5050
2024-09-08 22:50:32,537 : INFO : EventManager : Event: ======'bcp_clients_connected'====== Args={}
2024-09-08 22:50:32,737 : DEBUG : asciimatics.widgets.layout : Updating: None
2024-09-08 22:50:32,738 : DEBUG : asciimatics.widgets.layout : Updating: None
2024-09-08 22:50:32,738 : DEBUG : asciimatics.widgets.layout : Updating: None
2024-09-08 22:50:32,769 : DEBUG : asciimatics.widgets.layout : Updating: None
2024-09-08 22:50:32,770 : DEBUG : asciimatics.widgets.layout : Updating: None
2024-09-08 22:50:32,770 : DEBUG : asciimatics.widgets.layout : Updating: None
2024-09-08 22:50:32,770 : DEBUG : asciimatics.widgets.layout : Updating: None
2024-09-08 22:50:32,770 : DEBUG : asciimatics.widgets.layout : Updating: None
2024-09-08 22:50:32,771 : DEBUG : asciimatics.widgets.layout : Updating: None
2024-09-08 22:50:32,817 : DEBUG : asciimatics.widgets.layout : Updating: None
2024-09-08 22:50:32,817 : DEBUG : asciimatics.widgets.layout : Updating: None
2024-09-08 22:50:32,817 : DEBUG : asciimatics.widgets.layout : Updating: None
2024-09-08 22:50:32,817 : DEBUG : asciimatics.widgets.widget : Widget blur: <asciimatics.widgets.label.Label object at 0x00000196FEB0B510>
2024-09-08 22:50:32,817 : DEBUG : asciimatics.widgets.widget : Widget blur: <asciimatics.widgets.label.Label object at 0x00000196FEB0ACF0>
2024-09-08 22:50:32,817 : DEBUG : asciimatics.widgets.widget : Widget blur: <asciimatics.widgets.label.Label object at 0x00000196FEB0A8E0>
2024-09-08 22:50:32,818 : DEBUG : asciimatics.widgets.layout : Blur: <asciimatics.widgets.layout.Layout object at 0x00000196FF585F00>
2024-09-08 22:50:32,818 : DEBUG : asciimatics.widgets.layout : Blur: <mpf.core.text_ui.MpfLayout object at 0x00000196FF4FD770>
2024-09-08 22:50:32,818 : DEBUG : asciimatics.widgets.layout : Updating: None
2024-09-08 22:50:32,818 : DEBUG : asciimatics.widgets.layout : Updating: None
2024-09-08 22:50:32,818 : DEBUG : asciimatics.widgets.layout : Updating: None
2024-09-08 22:50:32,818 : DEBUG : asciimatics.widgets.layout : Updating: None
2024-09-08 22:50:32,819 : DEBUG : asciimatics.widgets.layout : Updating: None
2024-09-08 22:50:32,819 : DEBUG : asciimatics.widgets.layout : Updating: None
2024-09-08 22:50:32,830 : DEBUG : asciimatics.widgets.widget : Widget blur: <asciimatics.widgets.label.Label object at 0x00000196FF53C6C0>
2024-09-08 22:50:32,831 : DEBUG : asciimatics.widgets.widget : Widget blur: <asciimatics.widgets.label.Label object at 0x00000196FF53C380>
2024-09-08 22:50:32,831 : DEBUG : asciimatics.widgets.widget : Widget blur: <asciimatics.widgets.label.Label object at 0x00000196FF53C450>
2024-09-08 22:50:32,831 : DEBUG : asciimatics.widgets.widget : Widget blur: <asciimatics.widgets.label.Label object at 0x00000196FF53C790>
2024-09-08 22:50:32,831 : DEBUG : asciimatics.widgets.widget : Widget blur: <asciimatics.widgets.label.Label object at 0x00000196FF53D150>
2024-09-08 22:50:32,832 : DEBUG : asciimatics.widgets.widget : Widget blur: <asciimatics.widgets.label.Label object at 0x00000196FF53D220>
2024-09-08 22:50:32,832 : DEBUG : asciimatics.widgets.layout : Blur: <asciimatics.widgets.layout.Layout object at 0x00000196FF5860E0>
2024-09-08 22:50:32,832 : DEBUG : asciimatics.widgets.layout : Focus: <asciimatics.widgets.layout.Layout object at 0x00000196FF585F00>
2024-09-08 22:50:32,832 : DEBUG : asciimatics.widgets.layout : Focus: <mpf.core.text_ui.MpfLayout object at 0x00000196FF4FD770>
2024-09-08 22:50:32,832 : DEBUG : asciimatics.widgets.layout : Focus: <asciimatics.widgets.layout.Layout object at 0x00000196FF5860E0>
2024-09-08 22:50:32,832 : DEBUG : asciimatics.widgets.frame : Cloning: Test
2024-09-08 22:50:32,833 : DEBUG : asciimatics.widgets.layout : Updating: None
2024-09-08 22:50:32,833 : DEBUG : asciimatics.widgets.layout : Updating: None
2024-09-08 22:50:32,833 : DEBUG : asciimatics.widgets.layout : Updating: None
2024-09-08 22:50:32,833 : DEBUG : asciimatics.widgets.layout : Updating: None
2024-09-08 22:50:32,833 : DEBUG : asciimatics.widgets.layout : Updating: None
2024-09-08 22:50:32,833 : DEBUG : asciimatics.widgets.layout : Updating: None
2024-09-08 22:50:32,833 : DEBUG : asciimatics.widgets.layout : Updating: None
2024-09-08 22:50:32,834 : DEBUG : asciimatics.widgets.layout : Updating: None
2024-09-08 22:50:32,834 : DEBUG : asciimatics.widgets.layout : Updating: None
2024-09-08 22:50:32,834 : DEBUG : asciimatics.widgets.layout : Updating: None
2024-09-08 22:50:32,834 : DEBUG : asciimatics.widgets.layout : Updating: None
2024-09-08 22:50:32,834 : DEBUG : asciimatics.widgets.layout : Updating: None
2024-09-08 22:50:32,834 : DEBUG : asciimatics.widgets.layout : Updating: None
2024-09-08 22:50:32,834 : DEBUG : asciimatics.widgets.layout : Updating: None
2024-09-08 22:50:32,835 : DEBUG : asciimatics.widgets.layout : Updating: None
2024-09-08 22:50:32,835 : DEBUG : asciimatics.widgets.layout : Updating: None
2024-09-08 22:50:32,835 : DEBUG : asciimatics.widgets.layout : Updating: None
2024-09-08 22:50:32,835 : DEBUG : asciimatics.widgets.layout : Updating: None
2024-09-08 22:50:38,206 : INFO : ball_device.bd_plunger : BCH: Initial count: 0
2024-09-08 22:50:38,206 : DEBUG : TIC Stepper : get_status() received cmd_return: b'Name:                         Tic 36v4 High-Power Stepper Motor Controller\r\nSerial number:                00414729\r\nFirmware version:             1.08\r\nLast reset:                   Power-on reset\r\nUp time:                      9:50:11\r\n\r\nEncoder position:             0\r\nRC pulse width:               N/A\r\nInput state:                  Halt\r\nInput after averaging:        N/A\r\nInput after hysteresis:       N/A\r\nInput before scaling:         N/A\r\nInput after scaling:          0\r\nForward limit active:         No\r\nReverse limit active:         No\r\n\r\nVIN voltage:                  46.593 V\r\nOperation state:              Soft error\r\nEnergized:                    No\r\nHoming active:                No\r\n\r\nTarget:                       No target\r\nCurrent position:             -10\r\nPosition uncertain:           Yes\r\nCurrent velocity:             0\r\nMax speed:                    2000000\r\nStarting speed:               0\r\nMax acceleration:             40000\r\nMax deceleration:             40000\r\nActing target position:       0\r\nTime since last step:         13680000\r\nStep mode:                    Full step\r\nCurrent limit:                2435 mA\r\n\r\nErrors currently stopping the motor:\r\n  - Safe start violation\r\nErrors that occurred since last check:\r\n  - Command timeout\r\n  - Safe start violation\r\nLast motor driver errors: None\r\n\r\nSCL pin:\r\n  State:                      Output low\r\n  Analog reading:             N/A\r\n  Digital reading:            1\r\nSDA pin:\r\n  State:                      Output low\r\n  Analog reading:             N/A\r\n  Digital reading:            1\r\nTX pin:\r\n  State:                      Output high\r\n  Analog reading:             N/A\r\n  Digital reading:            1\r\nRX pin:\r\n  State:                      Pulled up\r\n  Analog reading:             N/A\r\n  Digital reading:            1\r\nRC pin:\r\n  Digital reading:            0\r\n\r\n'
2024-09-08 22:50:38,268 : INFO : ball_device.bd_plunger : State: idle
2024-09-08 22:50:38,357 : DEBUG : YAML File Interface : Loading file: C:\Users\Administrator\Documents\fast_homebrew_godot\data/audits.yaml
2024-09-08 22:50:38,572 : DEBUG : Machine : "info_lights:" section not found in machine configuration, so the InfoLights will not be used.
2024-09-08 22:50:38,576 : DEBUG : Machine : "switch_player:" section not found in machine configuration, so the SwitchPlayer will not be used.
2024-09-08 22:50:38,584 : DEBUG : Machine : "twitch_client:" section not found in machine configuration, so the TwitchBot will not be used.
2024-09-08 22:50:38,585 : DEBUG : Machine : "virtual_segment_display_connector:" section not found in machine configuration, so the VirtualSegmentDisplayConnector will not be used.
2024-09-08 22:50:38,585 : INFO : EventManager : Event: ======'init_phase_3'====== Args={}
2024-09-08 22:50:38,623 : DEBUG : ShowController : Loading show: flash
2024-09-08 22:50:38,626 : DEBUG : ShowController : Loading show: on
2024-09-08 22:50:38,627 : DEBUG : ShowController : Loading show: off
2024-09-08 22:50:38,628 : DEBUG : ShowController : Loading show: led_color
2024-09-08 22:50:38,629 : DEBUG : ShowController : Loading show: bl_color
2024-09-08 22:50:38,630 : DEBUG : ShowController : Loading show: flash_color
2024-09-08 22:50:38,631 : INFO : stepper.right_flipper_stepper : Initializing stepper and homing.
2024-09-08 22:50:38,632 : INFO : stepper.right_flipper_stepper : Homing stepper using switch homing with switch <switch.s_right_home>.
2024-09-08 22:50:38,636 : DEBUG : TIC Stepper : Rotating By Velocity (velocity * max_speed): -2000000
2024-09-08 22:50:38,636 : INFO : EventManager : Event: ======'init_phase_4'====== Args={}
2024-09-08 22:50:38,638 : INFO : BallController : Initial balls found: 0
2024-09-08 22:50:38,711 : INFO : EventManager : Event: ======'machine_var_audits_events_game_ended'====== Args={'value': 0, 'prev_value': None, 'change': True}
2024-09-08 22:50:38,711 : INFO : EventManager : Event: ======'machine_var_audits_events_game_started'====== Args={'value': 389, 'prev_value': None, 'change': True}
2024-09-08 22:50:38,711 : INFO : EventManager : Event: ======'machine_var_audits_missing_switches_s_launch'====== Args={'value': 6, 'prev_value': None, 'change': True}
2024-09-08 22:50:38,711 : INFO : EventManager : Event: ======'machine_var_audits_missing_switches_s_left_flipper'====== Args={'value': 363, 'prev_value': None, 'change': True}
2024-09-08 22:50:38,712 : INFO : EventManager : Event: ======'machine_var_audits_missing_switches_s_left_flipper_eos'====== Args={'value': 363, 'prev_value': None, 'change': True}
2024-09-08 22:50:38,712 : INFO : EventManager : Event: ======'machine_var_audits_missing_switches_s_left_inlane'====== Args={'value': 6, 'prev_value': None, 'change': True}
2024-09-08 22:50:38,712 : INFO : EventManager : Event: ======'machine_var_audits_missing_switches_s_left_inner_lane'====== Args={'value': 357, 'prev_value': None, 'change': True}
2024-09-08 22:50:38,713 : INFO : EventManager : Event: ======'machine_var_audits_missing_switches_s_left_outer_lane'====== Args={'value': 153, 'prev_value': None, 'change': True}
2024-09-08 22:50:38,713 : INFO : EventManager : Event: ======'machine_var_audits_missing_switches_s_left_outlane'====== Args={'value': 6, 'prev_value': None, 'change': True}
2024-09-08 22:50:38,725 : INFO : EventManager : Event: ======'machine_var_audits_missing_switches_s_left_sling'====== Args={'value': 363, 'prev_value': None, 'change': True}
2024-09-08 22:50:38,726 : INFO : EventManager : Event: ======'machine_var_audits_missing_switches_s_mead'====== Args={'value': 267, 'prev_value': None, 'change': True}
2024-09-08 22:50:38,729 : INFO : EventManager : Event: ======'machine_var_audits_missing_switches_s_percy'====== Args={'value': 85, 'prev_value': None, 'change': True}
2024-09-08 22:50:38,731 : INFO : EventManager : Event: ======'machine_var_audits_missing_switches_s_plunger'====== Args={'value': 363, 'prev_value': None, 'change': True}
2024-09-08 22:50:38,732 : INFO : EventManager : Event: ======'machine_var_audits_missing_switches_s_pop_bumper_1'====== Args={'value': 357, 'prev_value': None, 'change': True}
2024-09-08 22:50:38,762 : INFO : EventManager : Event: ======'machine_var_audits_missing_switches_s_pop_bumper_2'====== Args={'value': 357, 'prev_value': None, 'change': True}
2024-09-08 22:50:38,762 : INFO : EventManager : Event: ======'machine_var_audits_missing_switches_s_pop_bumper_3'====== Args={'value': 357, 'prev_value': None, 'change': True}
2024-09-08 22:50:38,764 : INFO : EventManager : Event: ======'machine_var_audits_missing_switches_s_right_flipper'====== Args={'value': 363, 'prev_value': None, 'change': True}
2024-09-08 22:50:38,777 : INFO : EventManager : Event: ======'machine_var_audits_missing_switches_s_right_flipper_eos'====== Args={'value': 363, 'prev_value': None, 'change': True}
2024-09-08 22:50:38,778 : INFO : EventManager : Event: ======'machine_var_audits_missing_switches_s_right_inlane'====== Args={'value': 6, 'prev_value': None, 'change': True}
2024-09-08 22:50:38,780 : INFO : EventManager : Event: ======'machine_var_audits_missing_switches_s_right_inner_lane'====== Args={'value': 357, 'prev_value': None, 'change': True}
2024-09-08 22:50:38,781 : INFO : EventManager : Event: ======'machine_var_audits_missing_switches_s_right_outer_lane'====== Args={'value': 357, 'prev_value': None, 'change': True}
2024-09-08 22:50:38,812 : INFO : EventManager : Event: ======'machine_var_audits_missing_switches_s_right_outlane'====== Args={'value': 6, 'prev_value': None, 'change': True}
2024-09-08 22:50:38,812 : INFO : EventManager : Event: ======'machine_var_audits_missing_switches_s_right_sling'====== Args={'value': 363, 'prev_value': None, 'change': True}
2024-09-08 22:50:38,813 : INFO : EventManager : Event: ======'machine_var_audits_missing_switches_s_scanlan'====== Args={'value': 204, 'prev_value': None, 'change': True}
2024-09-08 22:50:38,825 : INFO : EventManager : Event: ======'machine_var_audits_missing_switches_s_start'====== Args={'value': 6, 'prev_value': None, 'change': True}
2024-09-08 22:50:38,827 : INFO : EventManager : Event: ======'machine_var_audits_missing_switches_s_trough_ball_1'====== Args={'value': 363, 'prev_value': None, 'change': True}
2024-09-08 22:50:38,827 : INFO : EventManager : Event: ======'machine_var_audits_missing_switches_s_trough_ball_2'====== Args={'value': 363, 'prev_value': None, 'change': True}
2024-09-08 22:50:38,828 : INFO : EventManager : Event: ======'machine_var_audits_missing_switches_s_trough_ball_3'====== Args={'value': 363, 'prev_value': None, 'change': True}
2024-09-08 22:50:38,829 : INFO : EventManager : Event: ======'machine_var_audits_missing_switches_s_trough_ball_4'====== Args={'value': 278, 'prev_value': None, 'change': True}
2024-09-08 22:50:38,829 : INFO : EventManager : Event: ======'machine_var_audits_missing_switches_s_trough_ball_5'====== Args={'value': 363, 'prev_value': None, 'change': True}
2024-09-08 22:50:38,830 : INFO : EventManager : Event: ======'machine_var_audits_missing_switches_s_trough_ball_6'====== Args={'value': 95, 'prev_value': None, 'change': True}
2024-09-08 22:50:38,830 : INFO : EventManager : Event: ======'machine_var_audits_missing_switches_s_trough_ball_jam'====== Args={'value': 363, 'prev_value': None, 'change': True}
2024-09-08 22:50:38,831 : INFO : EventManager : Event: ======'machine_var_audits_player_score'====== Args={'value': {'average': 0, 'top': [], 'total': 0}, 'prev_value': None, 'change': True}
2024-09-08 22:50:38,832 : INFO : EventManager : Event: ======'machine_var_audits_shots_mead_shot'====== Args={'value': 223, 'prev_value': None, 'change': True}
2024-09-08 22:50:38,861 : INFO : EventManager : Event: ======'machine_var_audits_shots_percy_shot'====== Args={'value': 56, 'prev_value': None, 'change': True}
2024-09-08 22:50:38,862 : INFO : EventManager : Event: ======'machine_var_audits_shots_scanlan_shot'====== Args={'value': 121, 'prev_value': None, 'change': True}
2024-09-08 22:50:38,862 : INFO : EventManager : Event: ======'machine_var_audits_shots_video_shot_1'====== Args={'value': 24, 'prev_value': None, 'change': True}
2024-09-08 22:50:38,862 : INFO : EventManager : Event: ======'machine_var_audits_shots_video_shot_2'====== Args={'value': 20, 'prev_value': None, 'change': True}
2024-09-08 22:50:38,888 : INFO : EventManager : Event: ======'machine_var_audits_switches_s_auto_launcher'====== Args={'value': 0, 'prev_value': None, 'change': True}
2024-09-08 22:50:38,890 : INFO : EventManager : Event: ======'machine_var_audits_switches_s_ball_drain'====== Args={'value': 0, 'prev_value': None, 'change': True}
2024-09-08 22:50:38,924 : INFO : EventManager : Event: ======'machine_var_audits_switches_s_launch'====== Args={'value': 0, 'prev_value': None, 'change': True}
2024-09-08 22:50:38,949 : INFO : EventManager : Event: ======'machine_var_audits_switches_s_left_flipper'====== Args={'value': 36, 'prev_value': None, 'change': True}
2024-09-08 22:50:38,950 : INFO : EventManager : Event: ======'machine_var_audits_switches_s_left_flipper_eos'====== Args={'value': 0, 'prev_value': None, 'change': True}
2024-09-08 22:50:38,951 : INFO : EventManager : Event: ======'machine_var_audits_switches_s_left_inlane'====== Args={'value': 0, 'prev_value': None, 'change': True}
2024-09-08 22:50:38,952 : INFO : EventManager : Event: ======'machine_var_audits_switches_s_left_inner_lane'====== Args={'value': 0, 'prev_value': None, 'change': True}
2024-09-08 22:50:38,952 : INFO : EventManager : Event: ======'machine_var_audits_switches_s_left_outer_lane'====== Args={'value': 0, 'prev_value': None, 'change': True}
2024-09-08 22:50:38,953 : INFO : EventManager : Event: ======'machine_var_audits_switches_s_left_outlane'====== Args={'value': 0, 'prev_value': None, 'change': True}
2024-09-08 22:50:38,954 : INFO : EventManager : Event: ======'machine_var_audits_switches_s_left_sling'====== Args={'value': 7, 'prev_value': None, 'change': True}
2024-09-08 22:50:38,955 : INFO : EventManager : Event: ======'machine_var_audits_switches_s_mead'====== Args={'value': 0, 'prev_value': None, 'change': True}
2024-09-08 22:50:38,985 : INFO : EventManager : Event: ======'machine_var_audits_switches_s_percy'====== Args={'value': 0, 'prev_value': None, 'change': True}
2024-09-08 22:50:38,998 : INFO : EventManager : Event: ======'machine_var_audits_switches_s_plunger'====== Args={'value': 9, 'prev_value': None, 'change': True}
2024-09-08 22:50:38,999 : INFO : EventManager : Event: ======'machine_var_audits_switches_s_pop_bumper_1'====== Args={'value': 0, 'prev_value': None, 'change': True}
2024-09-08 22:50:39,000 : INFO : EventManager : Event: ======'machine_var_audits_switches_s_pop_bumper_2'====== Args={'value': 0, 'prev_value': None, 'change': True}
2024-09-08 22:50:39,001 : INFO : EventManager : Event: ======'machine_var_audits_switches_s_pop_bumper_3'====== Args={'value': 0, 'prev_value': None, 'change': True}
2024-09-08 22:50:39,002 : INFO : EventManager : Event: ======'machine_var_audits_switches_s_right_flipper'====== Args={'value': 131, 'prev_value': None, 'change': True}
2024-09-08 22:50:39,003 : INFO : EventManager : Event: ======'machine_var_audits_switches_s_right_flipper_eos'====== Args={'value': 0, 'prev_value': None, 'change': True}
2024-09-08 22:50:39,033 : INFO : EventManager : Event: ======'machine_var_audits_switches_s_right_inlane'====== Args={'value': 0, 'prev_value': None, 'change': True}
2024-09-08 22:50:39,033 : INFO : EventManager : Event: ======'machine_var_audits_switches_s_right_inner_lane'====== Args={'value': 0, 'prev_value': None, 'change': True}
2024-09-08 22:50:39,034 : INFO : EventManager : Event: ======'machine_var_audits_switches_s_right_outer_lane'====== Args={'value': 0, 'prev_value': None, 'change': True}
2024-09-08 22:50:39,048 : INFO : EventManager : Event: ======'machine_var_audits_switches_s_right_outlane'====== Args={'value': 0, 'prev_value': None, 'change': True}
2024-09-08 22:50:39,049 : INFO : EventManager : Event: ======'machine_var_audits_switches_s_right_sling'====== Args={'value': 3, 'prev_value': None, 'change': True}
2024-09-08 22:50:39,050 : INFO : EventManager : Event: ======'machine_var_audits_switches_s_scanlan'====== Args={'value': 0, 'prev_value': None, 'change': True}
2024-09-08 22:50:39,050 : INFO : EventManager : Event: ======'machine_var_audits_switches_s_start'====== Args={'value': 38, 'prev_value': None, 'change': True}
2024-09-08 22:50:39,051 : INFO : EventManager : Event: ======'machine_var_audits_switches_s_switch_2'====== Args={'value': 0, 'prev_value': None, 'change': True}
2024-09-08 22:50:39,080 : INFO : EventManager : Event: ======'machine_var_audits_switches_s_trough_ball_1'====== Args={'value': 4, 'prev_value': None, 'change': True}
2024-09-08 22:50:39,081 : INFO : EventManager : Event: ======'machine_var_audits_switches_s_trough_ball_2'====== Args={'value': 4, 'prev_value': None, 'change': True}
2024-09-08 22:50:39,095 : INFO : EventManager : Event: ======'machine_var_audits_switches_s_trough_ball_3'====== Args={'value': 1, 'prev_value': None, 'change': True}
2024-09-08 22:50:39,097 : INFO : EventManager : Event: ======'machine_var_audits_switches_s_trough_ball_4'====== Args={'value': 0, 'prev_value': None, 'change': True}
2024-09-08 22:50:39,098 : INFO : EventManager : Event: ======'machine_var_audits_switches_s_trough_ball_5'====== Args={'value': 0, 'prev_value': None, 'change': True}
2024-09-08 22:50:39,099 : INFO : EventManager : Event: ======'machine_var_audits_switches_s_trough_ball_6'====== Args={'value': 1, 'prev_value': None, 'change': True}
2024-09-08 22:50:39,149 : INFO : EventManager : Event: ======'machine_var_audits_switches_s_trough_ball_jam'====== Args={'value': 3, 'prev_value': None, 'change': True}
2024-09-08 22:50:39,150 : INFO : EventManager : Event: ======'machine_var_audits_switches_s_trough_eject_coil'====== Args={'value': 0, 'prev_value': None, 'change': True}
2024-09-08 22:50:39,152 : INFO : EventManager : Event: ======'machine_var_audits_switches_s_plunger_lane'====== Args={'value': 0, 'prev_value': None, 'change': True}
2024-09-08 22:50:39,153 : INFO : EventManager : Event: ======'machine_var_audits_switches_s_right_home'====== Args={'value': 0, 'prev_value': None, 'change': True}
2024-09-08 22:50:39,184 : INFO : EventManager : Event: ======'init_phase_5'====== Args={}
2024-09-08 22:50:40,227 : INFO : EventManager : Event: ======'init_done'====== Args={}
2024-09-08 22:50:40,591 : INFO : EventManager : Event: ======'machine_reset_phase_1'====== Args={}
2024-09-08 22:50:40,737 : INFO : EventManager : Event: ======'machine_reset_phase_2'====== Args={}
2024-09-08 22:50:40,740 : INFO : EventManager : Event: ======'machine_reset_phase_3'====== Args={}
2024-09-08 22:50:40,742 : INFO : EventManager : Event: ======'reset_complete'====== Args={}
2024-09-08 22:50:40,772 : INFO : EventManager : Event: ======'mode_attract_will_start'====== Args={}
2024-09-08 22:50:40,774 : INFO : EventManager : Event: ======'mode_attract_starting'====== Args={}
2024-09-08 22:50:40,774 : INFO : Mode.attract : Started. Priority: 10
2024-09-08 22:50:40,775 : INFO : EventManager : Event: ======'modes_active_modes_changed'====== Args={}
2024-09-08 22:50:40,775 : INFO : EventManager : Event: ======'mode_attract_started'====== Args={}
2024-09-08 22:50:40,788 : INFO : EventManager : Event: ======'collecting_balls_complete'====== Args={}
2024-09-08 22:50:41,016 : INFO : EventManager : Event: ======'slide_attract_created'====== Args={'_from_bcp': True}
2024-09-08 22:50:41,016 : INFO : EventManager : Event: ======'slide__removed'====== Args={'_from_bcp': True}
2024-09-08 22:50:41,016 : INFO : EventManager : Event: ======'slide_attract_active'====== Args={'original_context': 'attract', 'original_calling_context': 'mode_attract_started', 'priority': 10.0, 'cmd': 'slides_play', '_from_bcp': True}
2024-09-08 22:50:41,138 : INFO : Machine : Starting the main run loop.
2024-09-08 22:50:42,902 : DEBUG : asciimatics.screen : Processing key: 0
2024-09-08 22:50:45,892 : DEBUG : asciimatics.screen : Processing mouse: 74, 33
2024-09-08 22:50:45,892 : DEBUG : asciimatics.widgets.frame : New event: MouseEvent (74, 33) 0
2024-09-08 22:50:48,705 : INFO : SwitchController : <<<<<<< 's_right_flipper' active >>>>>>>
2024-09-08 22:50:50,109 : INFO : SwitchController : <<<<<<< 's_right_flipper' inactive >>>>>>>
2024-09-08 22:50:50,109 : INFO : EventManager : Event: ======'s_right_flipper_inactive'====== Args={}
2024-09-08 22:50:50,109 : INFO : EventManager : Event: ======'right_rest'====== Args={'priority': 0}
2024-09-08 22:50:50,110 : INFO : EventManager : Event: ======'right_rest'====== Args={'priority': 0}
2024-09-08 22:50:50,110 : INFO : stepper.right_flipper_stepper : Stepper at 0 moving to absolute position -11.0
2024-09-08 22:50:50,293 : INFO : stepper.right_flipper_stepper : Stepper at 0 moving to absolute position -11.0
2024-09-08 22:50:52,291 : INFO : SwitchController : <<<<<<< 's_right_flipper' active >>>>>>>
2024-09-08 22:50:54,699 : DEBUG : TIC Stepper : get_status() received cmd_return: b'Name:                         Tic 36v4 High-Power Stepper Motor Controller\r\nSerial number:                00414729\r\nFirmware version:             1.08\r\nLast reset:                   Power-on reset\r\nUp time:                      9:50:23\r\n\r\nEncoder position:             0\r\nRC pulse width:               N/A\r\nInput state:                  Velocity\r\nInput after averaging:        N/A\r\nInput after hysteresis:       N/A\r\nInput before scaling:         N/A\r\nInput after scaling:          -2000000\r\nForward limit active:         No\r\nReverse limit active:         No\r\n\r\nVIN voltage:                  47.053 V\r\nOperation state:              Soft error\r\nEnergized:                    No\r\nHoming active:                No\r\n\r\nTarget:                       No target\r\nCurrent position:             -10\r\nPosition uncertain:           Yes\r\nCurrent velocity:             0\r\nMax speed:                    2000000\r\nStarting speed:               0\r\nMax acceleration:             40000\r\nMax deceleration:             40000\r\nActing target position:       0\r\nTime since last step:         49230000\r\nStep mode:                    Full step\r\nCurrent limit:                2435 mA\r\n\r\nErrors currently stopping the motor:\r\n  - Safe start violation\r\nErrors that occurred since last check:\r\n  - Command timeout\r\n  - Safe start violation\r\nLast motor driver errors: None\r\n\r\nSCL pin:\r\n  State:                      Output low\r\n  Analog reading:             N/A\r\n  Digital reading:            1\r\nSDA pin:\r\n  State:                      Output low\r\n  Analog reading:             N/A\r\n  Digital reading:            1\r\nTX pin:\r\n  State:                      Output high\r\n  Analog reading:             N/A\r\n  Digital reading:            1\r\nRX pin:\r\n  State:                      Pulled up\r\n  Analog reading:             N/A\r\n  Digital reading:            1\r\nRC pin:\r\n  Digital reading:            0\r\n\r\n'
2024-09-08 22:50:57,658 : INFO : SwitchController : <<<<<<< 's_right_flipper' inactive >>>>>>>
2024-09-08 22:50:57,670 : INFO : EventManager : Event: ======'s_right_flipper_inactive'====== Args={}
2024-09-08 22:50:57,671 : INFO : EventManager : Event: ======'right_rest'====== Args={'priority': 0}
2024-09-08 22:50:57,671 : INFO : EventManager : Event: ======'right_rest'====== Args={'priority': 0}
2024-09-08 22:50:57,671 : INFO : stepper.right_flipper_stepper : Stepper at 0 moving to absolute position -11.0
2024-09-08 22:50:58,544 : INFO : stepper.right_flipper_stepper : Stepper at 0 moving to absolute position -11.0
2024-09-08 22:51:00,816 : INFO : SwitchController : <<<<<<< 's_right_flipper' active >>>>>>>
2024-09-08 22:51:04,121 : INFO : SwitchController : <<<<<<< 's_right_flipper' inactive >>>>>>>
2024-09-08 22:51:04,122 : INFO : EventManager : Event: ======'s_right_flipper_inactive'====== Args={}
2024-09-08 22:51:04,124 : INFO : EventManager : Event: ======'right_rest'====== Args={'priority': 0}
2024-09-08 22:51:04,157 : INFO : EventManager : Event: ======'right_rest'====== Args={'priority': 0}
2024-09-08 22:51:04,157 : INFO : stepper.right_flipper_stepper : Stepper at 0 moving to absolute position -11.0
2024-09-08 22:51:04,341 : INFO : stepper.right_flipper_stepper : Stepper at 0 moving to absolute position -11.0
2024-09-08 22:51:05,670 : INFO : SwitchController : <<<<<<< 's_right_flipper' active >>>>>>>
2024-09-08 22:51:07,067 : INFO : SwitchController : <<<<<<< 's_right_flipper' inactive >>>>>>>
2024-09-08 22:51:07,067 : INFO : EventManager : Event: ======'s_right_flipper_inactive'====== Args={}
2024-09-08 22:51:07,068 : INFO : EventManager : Event: ======'right_rest'====== Args={'priority': 0}
2024-09-08 22:51:07,068 : INFO : EventManager : Event: ======'right_rest'====== Args={'priority': 0}
2024-09-08 22:51:07,068 : INFO : stepper.right_flipper_stepper : Stepper at 0 moving to absolute position -11.0
2024-09-08 22:51:07,114 : INFO : stepper.right_flipper_stepper : Stepper at 0 moving to absolute position -11.0
2024-09-08 22:51:08,992 : INFO : SwitchController : <<<<<<< 's_right_home' active >>>>>>>
2024-09-08 22:51:09,014 : DEBUG : TIC Stepper : Commanded To Stop
2024-09-08 22:51:09,014 : DEBUG : TIC Stepper : Setting Position To 0
2024-09-08 22:51:09,015 : INFO : stepper.right_flipper_stepper : Stepper reached home.
2024-09-08 22:51:09,015 : INFO : stepper.right_flipper_stepper : Resting position is now 0. Stepper is ready to move.
2024-09-08 22:51:09,015 : DEBUG : stepper.right_flipper_stepper : Moving the stepper to target position -11.0, current position 0
2024-09-08 22:51:09,015 : INFO : stepper.right_flipper_stepper : Stepper moving relative -11.0 to hit target -11.0 from 0
2024-09-08 22:51:09,015 : DEBUG : TIC Stepper : Moving To Relative Position: -11.0 (Absolute: -11.0)
2024-09-08 22:51:11,059 : INFO : SwitchController : <<<<<<< 's_right_flipper' active >>>>>>>
2024-09-08 22:51:12,609 : INFO : SwitchController : <<<<<<< 's_right_flipper' inactive >>>>>>>
2024-09-08 22:51:12,610 : INFO : EventManager : Event: ======'s_right_flipper_inactive'====== Args={}
2024-09-08 22:51:12,610 : INFO : EventManager : Event: ======'right_rest'====== Args={'priority': 0}
2024-09-08 22:51:12,610 : INFO : EventManager : Event: ======'right_rest'====== Args={'priority': 0}
2024-09-08 22:51:12,610 : INFO : stepper.right_flipper_stepper : Stepper at 0 moving to absolute position -11.0
2024-09-08 22:51:12,787 : INFO : stepper.right_flipper_stepper : Stepper at 0 moving to absolute position -11.0
2024-09-08 22:51:13,573 : INFO : SwitchController : <<<<<<< 's_right_flipper' active >>>>>>>
2024-09-08 22:51:14,176 : INFO : SwitchController : <<<<<<< 's_right_flipper' inactive >>>>>>>
2024-09-08 22:51:14,176 : INFO : EventManager : Event: ======'s_right_flipper_inactive'====== Args={}
2024-09-08 22:51:14,177 : INFO : EventManager : Event: ======'right_rest'====== Args={'priority': 0}
2024-09-08 22:51:14,177 : INFO : EventManager : Event: ======'right_rest'====== Args={'priority': 0}
2024-09-08 22:51:14,177 : INFO : stepper.right_flipper_stepper : Stepper at 0 moving to absolute position -11.0
2024-09-08 22:51:14,186 : INFO : stepper.right_flipper_stepper : Stepper at 0 moving to absolute position -11.0
2024-09-08 22:51:15,163 : INFO : SwitchController : <<<<<<< 's_right_flipper' active >>>>>>>
2024-09-08 22:51:15,880 : INFO : SwitchController : <<<<<<< 's_right_flipper' inactive >>>>>>>
2024-09-08 22:51:15,880 : INFO : EventManager : Event: ======'s_right_flipper_inactive'====== Args={}
2024-09-08 22:51:15,881 : INFO : EventManager : Event: ======'right_rest'====== Args={'priority': 0}
2024-09-08 22:51:15,881 : INFO : EventManager : Event: ======'right_rest'====== Args={'priority': 0}
2024-09-08 22:51:15,881 : INFO : stepper.right_flipper_stepper : Stepper at 0 moving to absolute position -11.0
2024-09-08 22:51:16,314 : INFO : stepper.right_flipper_stepper : Stepper at 0 moving to absolute position -11.0
2024-09-08 22:51:16,856 : INFO : SwitchController : <<<<<<< 's_right_flipper' active >>>>>>>
2024-09-08 22:51:17,148 : INFO : SwitchController : <<<<<<< 's_right_flipper' inactive >>>>>>>
2024-09-08 22:51:17,180 : INFO : EventManager : Event: ======'s_right_flipper_inactive'====== Args={}
2024-09-08 22:51:17,561 : INFO : EventManager : Event: ======'right_rest'====== Args={'priority': 0}
2024-09-08 22:51:17,561 : INFO : EventManager : Event: ======'right_rest'====== Args={'priority': 0}
2024-09-08 22:51:17,562 : INFO : stepper.right_flipper_stepper : Stepper at 0 moving to absolute position -11.0
2024-09-08 22:51:17,568 : INFO : stepper.right_flipper_stepper : Stepper at 0 moving to absolute position -11.0
2024-09-08 22:51:17,575 : INFO : SwitchController : <<<<<<< 's_right_flipper' active >>>>>>>
2024-09-08 22:51:17,575 : INFO : SwitchController : <<<<<<< 's_right_flipper' inactive >>>>>>>
2024-09-08 22:51:17,575 : INFO : EventManager : Event: ======'s_right_flipper_inactive'====== Args={}
2024-09-08 22:51:17,575 : INFO : EventManager : Event: ======'right_rest'====== Args={'priority': 0}
2024-09-08 22:51:17,575 : INFO : EventManager : Event: ======'right_rest'====== Args={'priority': 0}
2024-09-08 22:51:17,575 : INFO : stepper.right_flipper_stepper : Stepper at 0 moving to absolute position -11.0
2024-09-08 22:51:17,582 : INFO : stepper.right_flipper_stepper : Stepper at 0 moving to absolute position -11.0
2024-09-08 22:51:17,835 : INFO : SwitchController : <<<<<<< 's_right_flipper' active >>>>>>>
2024-09-08 22:51:17,835 : INFO : SwitchController : <<<<<<< 's_right_flipper' inactive >>>>>>>
2024-09-08 22:51:17,835 : INFO : EventManager : Event: ======'s_right_flipper_inactive'====== Args={}
2024-09-08 22:51:17,836 : INFO : SwitchController : <<<<<<< 's_right_flipper' active >>>>>>>
2024-09-08 22:51:17,836 : INFO : SwitchController : <<<<<<< 's_right_flipper' inactive >>>>>>>
2024-09-08 22:51:17,836 : INFO : EventManager : Event: ======'s_right_flipper_inactive'====== Args={}
2024-09-08 22:51:17,836 : INFO : SwitchController : <<<<<<< 's_right_flipper' active >>>>>>>
2024-09-08 22:51:17,836 : INFO : SwitchController : <<<<<<< 's_right_flipper' inactive >>>>>>>
2024-09-08 22:51:17,836 : INFO : EventManager : Event: ======'s_right_flipper_inactive'====== Args={}
2024-09-08 22:51:17,836 : INFO : SwitchController : <<<<<<< 's_right_flipper' active >>>>>>>
2024-09-08 22:51:17,842 : INFO : EventManager : Event: ======'right_rest'====== Args={'priority': 0}
2024-09-08 22:51:17,842 : INFO : EventManager : Event: ======'right_rest'====== Args={'priority': 0}
2024-09-08 22:51:17,842 : INFO : stepper.right_flipper_stepper : Stepper at 0 moving to absolute position -11.0
2024-09-08 22:51:17,859 : INFO : stepper.right_flipper_stepper : Stepper at 0 moving to absolute position -11.0
2024-09-08 22:51:17,870 : INFO : EventManager : Event: ======'right_rest'====== Args={'priority': 0}
2024-09-08 22:51:17,870 : INFO : EventManager : Event: ======'right_rest'====== Args={'priority': 0}
2024-09-08 22:51:17,870 : INFO : stepper.right_flipper_stepper : Stepper at 0 moving to absolute position -11.0
2024-09-08 22:51:17,876 : INFO : stepper.right_flipper_stepper : Stepper at 0 moving to absolute position -11.0
2024-09-08 22:51:18,210 : INFO : EventManager : Event: ======'right_rest'====== Args={'priority': 0}
2024-09-08 22:51:18,211 : INFO : EventManager : Event: ======'right_rest'====== Args={'priority': 0}
2024-09-08 22:51:18,227 : INFO : stepper.right_flipper_stepper : Stepper at 0 moving to absolute position -11.0
2024-09-08 22:51:18,495 : INFO : stepper.right_flipper_stepper : Stepper at 0 moving to absolute position -11.0
2024-09-08 22:51:18,506 : INFO : SwitchController : <<<<<<< 's_right_flipper' inactive >>>>>>>
2024-09-08 22:51:18,506 : INFO : EventManager : Event: ======'s_right_flipper_inactive'====== Args={}
2024-09-08 22:51:18,506 : INFO : SwitchController : <<<<<<< 's_right_flipper' active >>>>>>>
2024-09-08 22:51:18,506 : INFO : SwitchController : <<<<<<< 's_right_flipper' inactive >>>>>>>
2024-09-08 22:51:18,506 : INFO : EventManager : Event: ======'s_right_flipper_inactive'====== Args={}
2024-09-08 22:51:18,510 : INFO : SwitchController : <<<<<<< 's_right_flipper' active >>>>>>>
2024-09-08 22:51:18,511 : INFO : SwitchController : <<<<<<< 's_right_flipper' inactive >>>>>>>
2024-09-08 22:51:18,511 : INFO : EventManager : Event: ======'s_right_flipper_inactive'====== Args={}
2024-09-08 22:51:18,511 : INFO : SwitchController : <<<<<<< 's_right_flipper' active >>>>>>>
2024-09-08 22:51:18,511 : INFO : SwitchController : <<<<<<< 's_right_flipper' inactive >>>>>>>
2024-09-08 22:51:18,511 : INFO : EventManager : Event: ======'s_right_flipper_inactive'====== Args={}
2024-09-08 22:51:18,514 : INFO : EventManager : Event: ======'right_rest'====== Args={'priority': 0}
2024-09-08 22:51:18,514 : INFO : EventManager : Event: ======'right_rest'====== Args={'priority': 0}
2024-09-08 22:51:18,514 : INFO : stepper.right_flipper_stepper : Stepper at 0 moving to absolute position -11.0
2024-09-08 22:51:18,540 : INFO : stepper.right_flipper_stepper : Stepper at 0 moving to absolute position -11.0
2024-09-08 22:51:18,722 : INFO : EventManager : Event: ======'right_rest'====== Args={'priority': 0}
2024-09-08 22:51:18,722 : INFO : EventManager : Event: ======'right_rest'====== Args={'priority': 0}
2024-09-08 22:51:18,723 : INFO : stepper.right_flipper_stepper : Stepper at 0 moving to absolute position -11.0
2024-09-08 22:51:18,942 : INFO : stepper.right_flipper_stepper : Stepper at 0 moving to absolute position -11.0
2024-09-08 22:51:18,998 : INFO : EventManager : Event: ======'right_rest'====== Args={'priority': 0}
2024-09-08 22:51:18,998 : INFO : EventManager : Event: ======'right_rest'====== Args={'priority': 0}
2024-09-08 22:51:18,998 : INFO : stepper.right_flipper_stepper : Stepper at 0 moving to absolute position -11.0
2024-09-08 22:51:19,048 : INFO : stepper.right_flipper_stepper : Stepper at 0 moving to absolute position -11.0
2024-09-08 22:51:19,102 : INFO : EventManager : Event: ======'right_rest'====== Args={'priority': 0}
2024-09-08 22:51:19,103 : INFO : EventManager : Event: ======'right_rest'====== Args={'priority': 0}
2024-09-08 22:51:19,103 : INFO : stepper.right_flipper_stepper : Stepper at 0 moving to absolute position -11.0
2024-09-08 22:51:20,478 : INFO : stepper.right_flipper_stepper : Stepper at 0 moving to absolute position -11.0
2024-09-08 22:51:21,122 : INFO : SwitchController : <<<<<<< 's_right_flipper' active >>>>>>>
2024-09-08 22:51:21,122 : INFO : SwitchController : <<<<<<< 's_right_flipper' inactive >>>>>>>
2024-09-08 22:51:21,122 : INFO : EventManager : Event: ======'s_right_flipper_inactive'====== Args={}
2024-09-08 22:51:21,122 : INFO : SwitchController : <<<<<<< 's_right_flipper' active >>>>>>>
2024-09-08 22:51:21,123 : INFO : SwitchController : <<<<<<< 's_right_flipper' inactive >>>>>>>
2024-09-08 22:51:21,123 : INFO : EventManager : Event: ======'s_right_flipper_inactive'====== Args={}
2024-09-08 22:51:21,123 : INFO : SwitchController : <<<<<<< 's_right_flipper' active >>>>>>>
2024-09-08 22:51:21,123 : INFO : SwitchController : <<<<<<< 's_right_flipper' inactive >>>>>>>
2024-09-08 22:51:21,123 : INFO : EventManager : Event: ======'s_right_flipper_inactive'====== Args={}
2024-09-08 22:51:21,123 : INFO : SwitchController : <<<<<<< 's_right_flipper' active >>>>>>>
2024-09-08 22:51:21,123 : INFO : SwitchController : <<<<<<< 's_right_flipper' inactive >>>>>>>
2024-09-08 22:51:21,123 : INFO : EventManager : Event: ======'s_right_flipper_inactive'====== Args={}
2024-09-08 22:51:21,124 : INFO : SwitchController : <<<<<<< 's_right_flipper' active >>>>>>>
2024-09-08 22:51:21,124 : INFO : SwitchController : <<<<<<< 's_right_flipper' inactive >>>>>>>
2024-09-08 22:51:21,124 : INFO : EventManager : Event: ======'s_right_flipper_inactive'====== Args={}
2024-09-08 22:51:21,124 : INFO : SwitchController : <<<<<<< 's_right_flipper' active >>>>>>>
2024-09-08 22:51:21,124 : INFO : SwitchController : <<<<<<< 's_right_flipper' inactive >>>>>>>
2024-09-08 22:51:21,124 : INFO : EventManager : Event: ======'s_right_flipper_inactive'====== Args={}
2024-09-08 22:51:21,124 : INFO : SwitchController : <<<<<<< 's_right_flipper' active >>>>>>>
2024-09-08 22:51:21,124 : INFO : SwitchController : <<<<<<< 's_right_flipper' inactive >>>>>>>
2024-09-08 22:51:21,124 : INFO : EventManager : Event: ======'s_right_flipper_inactive'====== Args={}
2024-09-08 22:51:21,129 : DEBUG : TIC Stepper : get_status() received cmd_return: b'Name:                         Tic 36v4 High-Power Stepper Motor Controller\r\nSerial number:                00414729\r\nFirmware version:             1.08\r\nLast reset:                   Power-on reset\r\nUp time:                      9:50:46\r\n\r\nEncoder position:             0\r\nRC pulse width:               N/A\r\nInput state:                  Velocity\r\nInput after averaging:        N/A\r\nInput after hysteresis:       N/A\r\nInput before scaling:         N/A\r\nInput after scaling:          -2000000\r\nForward limit active:         No\r\nReverse limit active:         No\r\n\r\nVIN voltage:                  47.053 V\r\nOperation state:              Soft error\r\nEnergized:                    No\r\nHoming active:                No\r\n\r\nTarget:                       No target\r\nCurrent position:             -10\r\nPosition uncertain:           Yes\r\nCurrent velocity:             0\r\nMax speed:                    2000000\r\nStarting speed:               0\r\nMax acceleration:             40000\r\nMax deceleration:             40000\r\nActing target position:       0\r\nTime since last step:         118440000\r\nStep mode:                    Full step\r\nCurrent limit:                2435 mA\r\n\r\nErrors currently stopping the motor:\r\n  - Safe start violation\r\nErrors that occurred since last check:\r\n  - Command timeout\r\n  - Safe start violation\r\nLast motor driver errors: None\r\n\r\nSCL pin:\r\n  State:                      Output low\r\n  Analog reading:             N/A\r\n  Digital reading:            1\r\nSDA pin:\r\n  State:                      Output low\r\n  Analog reading:             N/A\r\n  Digital reading:            1\r\nTX pin:\r\n  State:                      Output high\r\n  Analog reading:             N/A\r\n  Digital reading:            1\r\nRX pin:\r\n  State:                      Pulled up\r\n  Analog reading:             N/A\r\n  Digital reading:            1\r\nRC pin:\r\n  Digital reading:            0\r\n\r\n'
2024-09-08 22:51:21,134 : DEBUG : TIC Stepper : Target Position: -11.0 Current Position: -10
2024-09-08 22:51:21,134 : INFO : EventManager : Event: ======'right_rest'====== Args={'priority': 0}
2024-09-08 22:51:21,134 : INFO : EventManager : Event: ======'right_rest'====== Args={'priority': 0}
2024-09-08 22:51:21,135 : INFO : stepper.right_flipper_stepper : Stepper at 0 moving to absolute position -11.0
2024-09-08 22:51:22,164 : INFO : stepper.right_flipper_stepper : Stepper at 0 moving to absolute position -11.0
2024-09-08 22:51:22,218 : INFO : EventManager : Event: ======'right_rest'====== Args={'priority': 0}
2024-09-08 22:51:22,219 : INFO : EventManager : Event: ======'right_rest'====== Args={'priority': 0}
2024-09-08 22:51:22,220 : INFO : stepper.right_flipper_stepper : Stepper at 0 moving to absolute position -11.0
2024-09-08 22:51:22,258 : INFO : stepper.right_flipper_stepper : Stepper at 0 moving to absolute position -11.0
2024-09-08 22:51:22,440 : INFO : EventManager : Event: ======'right_rest'====== Args={'priority': 0}
2024-09-08 22:51:22,441 : INFO : EventManager : Event: ======'right_rest'====== Args={'priority': 0}
2024-09-08 22:51:22,441 : INFO : stepper.right_flipper_stepper : Stepper at 0 moving to absolute position -11.0
2024-09-08 22:51:22,496 : INFO : stepper.right_flipper_stepper : Stepper at 0 moving to absolute position -11.0
2024-09-08 22:51:22,540 : INFO : EventManager : Event: ======'right_rest'====== Args={'priority': 0}
2024-09-08 22:51:22,541 : INFO : EventManager : Event: ======'right_rest'====== Args={'priority': 0}
2024-09-08 22:51:22,541 : INFO : stepper.right_flipper_stepper : Stepper at 0 moving to absolute position -11.0
2024-09-08 22:51:22,594 : INFO : stepper.right_flipper_stepper : Stepper at 0 moving to absolute position -11.0
2024-09-08 22:51:22,755 : INFO : EventManager : Event: ======'right_rest'====== Args={'priority': 0}
2024-09-08 22:51:22,755 : INFO : EventManager : Event: ======'right_rest'====== Args={'priority': 0}
2024-09-08 22:51:22,755 : INFO : stepper.right_flipper_stepper : Stepper at 0 moving to absolute position -11.0
2024-09-08 22:51:22,788 : INFO : stepper.right_flipper_stepper : Stepper at 0 moving to absolute position -11.0
2024-09-08 22:51:22,810 : INFO : EventManager : Event: ======'right_rest'====== Args={'priority': 0}
2024-09-08 22:51:22,811 : INFO : EventManager : Event: ======'right_rest'====== Args={'priority': 0}
2024-09-08 22:51:22,811 : INFO : stepper.right_flipper_stepper : Stepper at 0 moving to absolute position -11.0
2024-09-08 22:51:22,848 : INFO : stepper.right_flipper_stepper : Stepper at 0 moving to absolute position -11.0
2024-09-08 22:51:22,854 : INFO : EventManager : Event: ======'right_rest'====== Args={'priority': 0}
2024-09-08 22:51:22,854 : INFO : EventManager : Event: ======'right_rest'====== Args={'priority': 0}
2024-09-08 22:51:22,854 : INFO : stepper.right_flipper_stepper : Stepper at 0 moving to absolute position -11.0
2024-09-08 22:51:22,873 : INFO : stepper.right_flipper_stepper : Stepper at 0 moving to absolute position -11.0
2024-09-08 22:51:23,398 : INFO : SwitchController : <<<<<<< 's_right_flipper' active >>>>>>>
2024-09-08 22:51:23,400 : INFO : SwitchController : <<<<<<< 's_right_flipper' inactive >>>>>>>
2024-09-08 22:51:23,400 : INFO : EventManager : Event: ======'s_right_flipper_inactive'====== Args={}
2024-09-08 22:51:23,401 : INFO : EventManager : Event: ======'right_rest'====== Args={'priority': 0}
2024-09-08 22:51:23,401 : INFO : EventManager : Event: ======'right_rest'====== Args={'priority': 0}
2024-09-08 22:51:23,402 : INFO : stepper.right_flipper_stepper : Stepper at 0 moving to absolute position -11.0
2024-09-08 22:51:23,443 : INFO : stepper.right_flipper_stepper : Stepper at 0 moving to absolute position -11.0
2024-09-08 22:51:24,717 : INFO : SwitchController : <<<<<<< 's_right_flipper' active >>>>>>>
2024-09-08 22:51:25,341 : INFO : SwitchController : <<<<<<< 's_right_flipper' inactive >>>>>>>
2024-09-08 22:51:25,342 : INFO : EventManager : Event: ======'s_right_flipper_inactive'====== Args={}
2024-09-08 22:51:25,380 : INFO : EventManager : Event: ======'right_rest'====== Args={'priority': 0}
2024-09-08 22:51:25,380 : INFO : EventManager : Event: ======'right_rest'====== Args={'priority': 0}
2024-09-08 22:51:25,380 : INFO : stepper.right_flipper_stepper : Stepper at 0 moving to absolute position -11.0
2024-09-08 22:51:25,942 : INFO : stepper.right_flipper_stepper : Stepper at 0 moving to absolute position -11.0
2024-09-08 22:51:26,389 : INFO : SwitchController : <<<<<<< 's_right_flipper' active >>>>>>>
2024-09-08 22:51:26,390 : INFO : SwitchController : <<<<<<< 's_right_flipper' inactive >>>>>>>
2024-09-08 22:51:26,391 : INFO : EventManager : Event: ======'s_right_flipper_inactive'====== Args={}
2024-09-08 22:51:26,392 : INFO : SwitchController : <<<<<<< 's_right_flipper' active >>>>>>>
2024-09-08 22:51:26,392 : INFO : SwitchController : <<<<<<< 's_right_flipper' inactive >>>>>>>
2024-09-08 22:51:26,392 : INFO : EventManager : Event: ======'s_right_flipper_inactive'====== Args={}
2024-09-08 22:51:26,392 : INFO : SwitchController : <<<<<<< 's_right_flipper' active >>>>>>>
2024-09-08 22:51:26,392 : INFO : SwitchController : <<<<<<< 's_right_flipper' inactive >>>>>>>
2024-09-08 22:51:26,393 : INFO : EventManager : Event: ======'s_right_flipper_inactive'====== Args={}
2024-09-08 22:51:26,393 : INFO : SwitchController : <<<<<<< 's_right_flipper' active >>>>>>>
2024-09-08 22:51:26,404 : INFO : EventManager : Event: ======'right_rest'====== Args={'priority': 0}
2024-09-08 22:51:26,404 : INFO : EventManager : Event: ======'right_rest'====== Args={'priority': 0}
2024-09-08 22:51:26,404 : INFO : stepper.right_flipper_stepper : Stepper at 0 moving to absolute position -11.0
2024-09-08 22:51:27,384 : INFO : stepper.right_flipper_stepper : Stepper at 0 moving to absolute position -11.0
2024-09-08 22:51:27,390 : INFO : EventManager : Event: ======'right_rest'====== Args={'priority': 0}
2024-09-08 22:51:27,390 : INFO : EventManager : Event: ======'right_rest'====== Args={'priority': 0}
2024-09-08 22:51:27,390 : INFO : stepper.right_flipper_stepper : Stepper at 0 moving to absolute position -11.0
2024-09-08 22:51:27,396 : INFO : stepper.right_flipper_stepper : Stepper at 0 moving to absolute position -11.0
2024-09-08 22:51:27,410 : INFO : EventManager : Event: ======'right_rest'====== Args={'priority': 0}
2024-09-08 22:51:27,410 : INFO : EventManager : Event: ======'right_rest'====== Args={'priority': 0}
2024-09-08 22:51:27,410 : INFO : stepper.right_flipper_stepper : Stepper at 0 moving to absolute position -11.0
2024-09-08 22:51:27,417 : INFO : stepper.right_flipper_stepper : Stepper at 0 moving to absolute position -11.0
2024-09-08 22:51:27,899 : INFO : SwitchController : <<<<<<< 's_right_flipper' inactive >>>>>>>
2024-09-08 22:51:27,900 : INFO : EventManager : Event: ======'s_right_flipper_inactive'====== Args={}
2024-09-08 22:51:27,901 : INFO : SwitchController : <<<<<<< 's_right_flipper' active >>>>>>>
2024-09-08 22:51:27,902 : INFO : SwitchController : <<<<<<< 's_right_flipper' inactive >>>>>>>
2024-09-08 22:51:27,903 : INFO : EventManager : Event: ======'s_right_flipper_inactive'====== Args={}
2024-09-08 22:51:27,903 : INFO : SwitchController : <<<<<<< 's_right_flipper' active >>>>>>>
2024-09-08 22:51:27,904 : INFO : SwitchController : <<<<<<< 's_right_flipper' inactive >>>>>>>
2024-09-08 22:51:27,904 : INFO : EventManager : Event: ======'s_right_flipper_inactive'====== Args={}
2024-09-08 22:51:27,904 : INFO : SwitchController : <<<<<<< 's_right_flipper' active >>>>>>>
2024-09-08 22:51:27,905 : INFO : SwitchController : <<<<<<< 's_right_flipper' inactive >>>>>>>
2024-09-08 22:51:27,905 : INFO : EventManager : Event: ======'s_right_flipper_inactive'====== Args={}
2024-09-08 22:51:27,905 : INFO : SwitchController : <<<<<<< 's_right_flipper' active >>>>>>>
2024-09-08 22:51:27,906 : INFO : SwitchController : <<<<<<< 's_right_flipper' inactive >>>>>>>
2024-09-08 22:51:27,906 : INFO : EventManager : Event: ======'s_right_flipper_inactive'====== Args={}
2024-09-08 22:51:27,911 : INFO : EventManager : Event: ======'right_rest'====== Args={'priority': 0}
2024-09-08 22:51:27,911 : INFO : EventManager : Event: ======'right_rest'====== Args={'priority': 0}
2024-09-08 22:51:27,912 : INFO : stepper.right_flipper_stepper : Stepper at 0 moving to absolute position -11.0
2024-09-08 22:51:27,925 : INFO : stepper.right_flipper_stepper : Stepper at 0 moving to absolute position -11.0
2024-09-08 22:51:28,090 : INFO : EventManager : Event: ======'right_rest'====== Args={'priority': 0}
2024-09-08 22:51:28,091 : INFO : EventManager : Event: ======'right_rest'====== Args={'priority': 0}
2024-09-08 22:51:28,091 : INFO : stepper.right_flipper_stepper : Stepper at 0 moving to absolute position -11.0
2024-09-08 22:51:28,134 : INFO : stepper.right_flipper_stepper : Stepper at 0 moving to absolute position -11.0
2024-09-08 22:51:28,140 : INFO : EventManager : Event: ======'right_rest'====== Args={'priority': 0}
2024-09-08 22:51:28,140 : INFO : EventManager : Event: ======'right_rest'====== Args={'priority': 0}
2024-09-08 22:51:28,140 : INFO : stepper.right_flipper_stepper : Stepper at 0 moving to absolute position -11.0
2024-09-08 22:51:28,148 : INFO : stepper.right_flipper_stepper : Stepper at 0 moving to absolute position -11.0
2024-09-08 22:51:28,161 : INFO : EventManager : Event: ======'right_rest'====== Args={'priority': 0}
2024-09-08 22:51:28,161 : INFO : EventManager : Event: ======'right_rest'====== Args={'priority': 0}
2024-09-08 22:51:28,161 : INFO : stepper.right_flipper_stepper : Stepper at 0 moving to absolute position -11.0
2024-09-08 22:51:28,167 : INFO : stepper.right_flipper_stepper : Stepper at 0 moving to absolute position -11.0
2024-09-08 22:51:28,453 : INFO : EventManager : Event: ======'right_rest'====== Args={'priority': 0}
2024-09-08 22:51:28,453 : INFO : EventManager : Event: ======'right_rest'====== Args={'priority': 0}
2024-09-08 22:51:28,453 : INFO : stepper.right_flipper_stepper : Stepper at 0 moving to absolute position -11.0
2024-09-08 22:51:28,459 : INFO : stepper.right_flipper_stepper : Stepper at 0 moving to absolute position -11.0
2024-09-08 22:51:29,867 : INFO : SwitchController : <<<<<<< 's_right_flipper' active >>>>>>>
2024-09-08 22:51:30,566 : INFO : SwitchController : <<<<<<< 's_right_flipper' inactive >>>>>>>
2024-09-08 22:51:30,566 : INFO : EventManager : Event: ======'s_right_flipper_inactive'====== Args={}
2024-09-08 22:51:30,567 : INFO : SwitchController : <<<<<<< 's_right_flipper' active >>>>>>>
2024-09-08 22:51:30,622 : INFO : EventManager : Event: ======'right_rest'====== Args={'priority': 0}
2024-09-08 22:51:30,623 : INFO : EventManager : Event: ======'right_rest'====== Args={'priority': 0}
2024-09-08 22:51:30,623 : INFO : stepper.right_flipper_stepper : Stepper at 0 moving to absolute position -11.0
2024-09-08 22:51:31,095 : INFO : stepper.right_flipper_stepper : Stepper at 0 moving to absolute position -11.0
2024-09-08 22:51:31,103 : INFO : SwitchController : <<<<<<< 's_right_flipper' inactive >>>>>>>
2024-09-08 22:51:31,104 : INFO : EventManager : Event: ======'s_right_flipper_inactive'====== Args={}
2024-09-08 22:51:31,104 : INFO : SwitchController : <<<<<<< 's_right_flipper' active >>>>>>>
2024-09-08 22:51:31,104 : INFO : SwitchController : <<<<<<< 's_right_flipper' inactive >>>>>>>
2024-09-08 22:51:31,104 : INFO : EventManager : Event: ======'s_right_flipper_inactive'====== Args={}
2024-09-08 22:51:31,104 : INFO : SwitchController : <<<<<<< 's_right_flipper' active >>>>>>>
2024-09-08 22:51:31,104 : INFO : EventManager : Event: ======'right_rest'====== Args={'priority': 0}
2024-09-08 22:51:31,104 : INFO : EventManager : Event: ======'right_rest'====== Args={'priority': 0}
2024-09-08 22:51:31,105 : INFO : stepper.right_flipper_stepper : Stepper at 0 moving to absolute position -11.0
2024-09-08 22:51:31,110 : INFO : stepper.right_flipper_stepper : Stepper at 0 moving to absolute position -11.0
2024-09-08 22:51:31,572 : INFO : EventManager : Event: ======'right_rest'====== Args={'priority': 0}
2024-09-08 22:51:31,572 : INFO : EventManager : Event: ======'right_rest'====== Args={'priority': 0}
2024-09-08 22:51:31,572 : INFO : stepper.right_flipper_stepper : Stepper at 0 moving to absolute position -11.0
2024-09-08 22:51:31,937 : INFO : stepper.right_flipper_stepper : Stepper at 0 moving to absolute position -11.0
2024-09-08 22:51:31,945 : INFO : SwitchController : <<<<<<< 's_right_flipper' inactive >>>>>>>
2024-09-08 22:51:31,946 : INFO : EventManager : Event: ======'s_right_flipper_inactive'====== Args={}
2024-09-08 22:51:31,946 : INFO : SwitchController : <<<<<<< 's_right_flipper' active >>>>>>>
2024-09-08 22:51:31,946 : INFO : SwitchController : <<<<<<< 's_right_flipper' inactive >>>>>>>
2024-09-08 22:51:31,946 : INFO : EventManager : Event: ======'s_right_flipper_inactive'====== Args={}
2024-09-08 22:51:31,946 : INFO : SwitchController : <<<<<<< 's_right_flipper' active >>>>>>>
2024-09-08 22:51:31,946 : INFO : SwitchController : <<<<<<< 's_right_flipper' inactive >>>>>>>
2024-09-08 22:51:31,946 : INFO : EventManager : Event: ======'s_right_flipper_inactive'====== Args={}
2024-09-08 22:51:31,947 : INFO : SwitchController : <<<<<<< 's_right_flipper' active >>>>>>>
2024-09-08 22:51:31,947 : INFO : SwitchController : <<<<<<< 's_right_flipper' inactive >>>>>>>
2024-09-08 22:51:31,947 : INFO : EventManager : Event: ======'s_right_flipper_inactive'====== Args={}
2024-09-08 22:51:31,947 : INFO : SwitchController : <<<<<<< 's_right_flipper' active >>>>>>>
2024-09-08 22:51:31,947 : INFO : SwitchController : <<<<<<< 's_right_flipper' inactive >>>>>>>
2024-09-08 22:51:31,947 : INFO : EventManager : Event: ======'s_right_flipper_inactive'====== Args={}
2024-09-08 22:51:31,947 : INFO : SwitchController : <<<<<<< 's_right_flipper' active >>>>>>>
2024-09-08 22:51:31,947 : INFO : SwitchController : <<<<<<< 's_right_flipper' inactive >>>>>>>
2024-09-08 22:51:31,947 : INFO : EventManager : Event: ======'s_right_flipper_inactive'====== Args={}
2024-09-08 22:51:31,948 : INFO : SwitchController : <<<<<<< 's_right_flipper' active >>>>>>>
2024-09-08 22:51:31,953 : INFO : EventManager : Event: ======'right_rest'====== Args={'priority': 0}
2024-09-08 22:51:31,953 : INFO : EventManager : Event: ======'right_rest'====== Args={'priority': 0}
2024-09-08 22:51:31,953 : INFO : stepper.right_flipper_stepper : Stepper at 0 moving to absolute position -11.0
2024-09-08 22:51:31,959 : INFO : stepper.right_flipper_stepper : Stepper at 0 moving to absolute position -11.0
2024-09-08 22:51:31,966 : INFO : EventManager : Event: ======'right_rest'====== Args={'priority': 0}
2024-09-08 22:51:31,967 : INFO : EventManager : Event: ======'right_rest'====== Args={'priority': 0}
2024-09-08 22:51:31,967 : INFO : stepper.right_flipper_stepper : Stepper at 0 moving to absolute position -11.0
2024-09-08 22:51:32,389 : INFO : stepper.right_flipper_stepper : Stepper at 0 moving to absolute position -11.0
2024-09-08 22:51:32,923 : INFO : EventManager : Event: ======'right_rest'====== Args={'priority': 0}
2024-09-08 22:51:32,923 : INFO : EventManager : Event: ======'right_rest'====== Args={'priority': 0}
2024-09-08 22:51:32,924 : INFO : stepper.right_flipper_stepper : Stepper at 0 moving to absolute position -11.0
2024-09-08 22:51:32,930 : INFO : stepper.right_flipper_stepper : Stepper at 0 moving to absolute position -11.0
2024-09-08 22:51:32,938 : INFO : EventManager : Event: ======'right_rest'====== Args={'priority': 0}
2024-09-08 22:51:32,939 : INFO : EventManager : Event: ======'right_rest'====== Args={'priority': 0}
2024-09-08 22:51:32,939 : INFO : stepper.right_flipper_stepper : Stepper at 0 moving to absolute position -11.0
2024-09-08 22:51:32,951 : INFO : stepper.right_flipper_stepper : Stepper at 0 moving to absolute position -11.0
2024-09-08 22:51:32,957 : INFO : EventManager : Event: ======'right_rest'====== Args={'priority': 0}
2024-09-08 22:51:32,958 : INFO : EventManager : Event: ======'right_rest'====== Args={'priority': 0}
2024-09-08 22:51:32,959 : INFO : stepper.right_flipper_stepper : Stepper at 0 moving to absolute position -11.0
2024-09-08 22:51:33,519 : INFO : stepper.right_flipper_stepper : Stepper at 0 moving to absolute position -11.0
2024-09-08 22:51:33,525 : INFO : EventManager : Event: ======'right_rest'====== Args={'priority': 0}
2024-09-08 22:51:33,525 : INFO : EventManager : Event: ======'right_rest'====== Args={'priority': 0}
2024-09-08 22:51:33,525 : INFO : stepper.right_flipper_stepper : Stepper at 0 moving to absolute position -11.0
2024-09-08 22:51:33,531 : INFO : stepper.right_flipper_stepper : Stepper at 0 moving to absolute position -11.0
2024-09-08 22:51:33,574 : INFO : SwitchController : <<<<<<< 's_right_flipper' inactive >>>>>>>
2024-09-08 22:51:33,576 : INFO : EventManager : Event: ======'s_right_flipper_inactive'====== Args={}
2024-09-08 22:51:33,576 : INFO : SwitchController : <<<<<<< 's_right_flipper' active >>>>>>>
2024-09-08 22:51:33,576 : INFO : SwitchController : <<<<<<< 's_right_flipper' inactive >>>>>>>
2024-09-08 22:51:33,576 : INFO : EventManager : Event: ======'s_right_flipper_inactive'====== Args={}
2024-09-08 22:51:33,576 : INFO : SwitchController : <<<<<<< 's_right_flipper' active >>>>>>>
2024-09-08 22:51:33,576 : INFO : SwitchController : <<<<<<< 's_right_flipper' inactive >>>>>>>
2024-09-08 22:51:33,576 : INFO : EventManager : Event: ======'s_right_flipper_inactive'====== Args={}
2024-09-08 22:51:33,577 : INFO : SwitchController : <<<<<<< 's_right_flipper' active >>>>>>>
2024-09-08 22:51:33,577 : INFO : SwitchController : <<<<<<< 's_right_flipper' inactive >>>>>>>
2024-09-08 22:51:33,577 : INFO : EventManager : Event: ======'s_right_flipper_inactive'====== Args={}
2024-09-08 22:51:33,577 : INFO : SwitchController : <<<<<<< 's_right_flipper' active >>>>>>>
2024-09-08 22:51:33,577 : INFO : SwitchController : <<<<<<< 's_right_flipper' inactive >>>>>>>
2024-09-08 22:51:33,577 : INFO : EventManager : Event: ======'s_right_flipper_inactive'====== Args={}
2024-09-08 22:51:33,577 : INFO : SwitchController : <<<<<<< 's_right_flipper' active >>>>>>>
2024-09-08 22:51:33,577 : INFO : SwitchController : <<<<<<< 's_right_flipper' inactive >>>>>>>
2024-09-08 22:51:33,577 : INFO : EventManager : Event: ======'s_right_flipper_inactive'====== Args={}
2024-09-08 22:51:33,578 : INFO : SwitchController : <<<<<<< 's_right_flipper' active >>>>>>>
2024-09-08 22:51:33,578 : INFO : SwitchController : <<<<<<< 's_right_flipper' inactive >>>>>>>
2024-09-08 22:51:33,578 : INFO : EventManager : Event: ======'s_right_flipper_inactive'====== Args={}
2024-09-08 22:51:33,578 : INFO : SwitchController : <<<<<<< 's_right_flipper' active >>>>>>>
2024-09-08 22:51:33,578 : INFO : SwitchController : <<<<<<< 's_right_flipper' inactive >>>>>>>
2024-09-08 22:51:33,578 : INFO : EventManager : Event: ======'s_right_flipper_inactive'====== Args={}
2024-09-08 22:51:33,578 : INFO : SwitchController : <<<<<<< 's_right_flipper' active >>>>>>>
2024-09-08 22:51:33,686 : INFO : EventManager : Event: ======'right_rest'====== Args={'priority': 0}
2024-09-08 22:51:33,687 : INFO : EventManager : Event: ======'right_rest'====== Args={'priority': 0}
2024-09-08 22:51:33,688 : INFO : stepper.right_flipper_stepper : Stepper at 0 moving to absolute position -11.0
2024-09-08 22:51:34,089 : INFO : stepper.right_flipper_stepper : Stepper at 0 moving to absolute position -11.0
2024-09-08 22:51:34,132 : INFO : EventManager : Event: ======'right_rest'====== Args={'priority': 0}
2024-09-08 22:51:34,132 : INFO : EventManager : Event: ======'right_rest'====== Args={'priority': 0}
2024-09-08 22:51:34,132 : INFO : stepper.right_flipper_stepper : Stepper at 0 moving to absolute position -11.0
2024-09-08 22:51:34,142 : INFO : stepper.right_flipper_stepper : Stepper at 0 moving to absolute position -11.0
2024-09-08 22:51:34,155 : INFO : EventManager : Event: ======'right_rest'====== Args={'priority': 0}
2024-09-08 22:51:34,155 : INFO : EventManager : Event: ======'right_rest'====== Args={'priority': 0}
2024-09-08 22:51:34,155 : INFO : stepper.right_flipper_stepper : Stepper at 0 moving to absolute position -11.0
2024-09-08 22:51:34,773 : INFO : stepper.right_flipper_stepper : Stepper at 0 moving to absolute position -11.0
2024-09-08 22:51:34,801 : INFO : EventManager : Event: ======'right_rest'====== Args={'priority': 0}
2024-09-08 22:51:34,801 : INFO : EventManager : Event: ======'right_rest'====== Args={'priority': 0}
2024-09-08 22:51:34,801 : INFO : stepper.right_flipper_stepper : Stepper at 0 moving to absolute position -11.0
2024-09-08 22:51:34,807 : INFO : stepper.right_flipper_stepper : Stepper at 0 moving to absolute position -11.0
2024-09-08 22:51:34,822 : INFO : EventManager : Event: ======'right_rest'====== Args={'priority': 0}
2024-09-08 22:51:34,822 : INFO : EventManager : Event: ======'right_rest'====== Args={'priority': 0}
2024-09-08 22:51:34,823 : INFO : stepper.right_flipper_stepper : Stepper at 0 moving to absolute position -11.0
2024-09-08 22:51:34,832 : INFO : stepper.right_flipper_stepper : Stepper at 0 moving to absolute position -11.0
2024-09-08 22:51:35,486 : INFO : EventManager : Event: ======'right_rest'====== Args={'priority': 0}
2024-09-08 22:51:35,487 : INFO : EventManager : Event: ======'right_rest'====== Args={'priority': 0}
2024-09-08 22:51:35,487 : INFO : stepper.right_flipper_stepper : Stepper at 0 moving to absolute position -11.0
2024-09-08 22:51:35,739 : INFO : stepper.right_flipper_stepper : Stepper at 0 moving to absolute position -11.0
2024-09-08 22:51:35,761 : INFO : EventManager : Event: ======'right_rest'====== Args={'priority': 0}
2024-09-08 22:51:35,762 : INFO : EventManager : Event: ======'right_rest'====== Args={'priority': 0}
2024-09-08 22:51:35,762 : INFO : stepper.right_flipper_stepper : Stepper at 0 moving to absolute position -11.0
2024-09-08 22:51:35,774 : INFO : stepper.right_flipper_stepper : Stepper at 0 moving to absolute position -11.0
2024-09-08 22:51:36,268 : INFO : EventManager : Event: ======'right_rest'====== Args={'priority': 0}
2024-09-08 22:51:36,268 : INFO : EventManager : Event: ======'right_rest'====== Args={'priority': 0}
2024-09-08 22:51:36,269 : INFO : stepper.right_flipper_stepper : Stepper at 0 moving to absolute position -11.0
2024-09-08 22:51:36,321 : INFO : stepper.right_flipper_stepper : Stepper at 0 moving to absolute position -11.0
2024-09-08 22:51:36,352 : INFO : SwitchController : <<<<<<< 's_right_flipper' inactive >>>>>>>
2024-09-08 22:51:36,352 : INFO : EventManager : Event: ======'s_right_flipper_inactive'====== Args={}
2024-09-08 22:51:36,443 : INFO : EventManager : Event: ======'right_rest'====== Args={'priority': 0}
2024-09-08 22:51:36,443 : INFO : EventManager : Event: ======'right_rest'====== Args={'priority': 0}
2024-09-08 22:51:36,443 : INFO : stepper.right_flipper_stepper : Stepper at 0 moving to absolute position -11.0
2024-09-08 22:51:36,649 : INFO : stepper.right_flipper_stepper : Stepper at 0 moving to absolute position -11.0
2024-09-08 22:51:45,586 : INFO : SwitchController : <<<<<<< 's_right_flipper' active >>>>>>>
2024-09-08 22:51:45,604 : INFO : SwitchController : <<<<<<< 's_right_flipper' inactive >>>>>>>
2024-09-08 22:51:45,641 : INFO : EventManager : Event: ======'s_right_flipper_inactive'====== Args={}
2024-09-08 22:51:45,660 : INFO : EventManager : Event: ======'right_rest'====== Args={'priority': 0}
2024-09-08 22:51:45,696 : INFO : EventManager : Event: ======'right_rest'====== Args={'priority': 0}
2024-09-08 22:51:45,696 : INFO : stepper.right_flipper_stepper : Stepper at 0 moving to absolute position -11.0
2024-09-08 22:51:45,859 : INFO : stepper.right_flipper_stepper : Stepper at 0 moving to absolute position -11.0
2024-09-08 22:51:46,372 : INFO : SwitchController : <<<<<<< 's_right_flipper' active >>>>>>>
2024-09-08 22:51:46,602 : INFO : SwitchController : <<<<<<< 's_right_flipper' inactive >>>>>>>
2024-09-08 22:51:46,636 : INFO : EventManager : Event: ======'s_right_flipper_inactive'====== Args={}
2024-09-08 22:51:46,637 : INFO : EventManager : Event: ======'right_rest'====== Args={'priority': 0}
2024-09-08 22:51:46,637 : INFO : EventManager : Event: ======'right_rest'====== Args={'priority': 0}
2024-09-08 22:51:46,637 : INFO : stepper.right_flipper_stepper : Stepper at 0 moving to absolute position -11.0
2024-09-08 22:51:46,758 : INFO : stepper.right_flipper_stepper : Stepper at 0 moving to absolute position -11.0
2024-09-08 22:51:47,306 : INFO : SwitchController : <<<<<<< 's_right_flipper' active >>>>>>>
2024-09-08 22:51:47,311 : INFO : SwitchController : <<<<<<< 's_right_flipper' inactive >>>>>>>
2024-09-08 22:51:47,312 : INFO : EventManager : Event: ======'s_right_flipper_inactive'====== Args={}
2024-09-08 22:51:47,312 : INFO : SwitchController : <<<<<<< 's_right_flipper' active >>>>>>>
2024-09-08 22:51:47,312 : INFO : EventManager : Event: ======'right_rest'====== Args={'priority': 0}
2024-09-08 22:51:47,313 : INFO : EventManager : Event: ======'right_rest'====== Args={'priority': 0}
2024-09-08 22:51:47,313 : INFO : stepper.right_flipper_stepper : Stepper at 0 moving to absolute position -11.0
2024-09-08 22:51:47,336 : INFO : stepper.right_flipper_stepper : Stepper at 0 moving to absolute position -11.0
2024-09-08 22:51:47,462 : INFO : SwitchController : <<<<<<< 's_right_flipper' inactive >>>>>>>
2024-09-08 22:51:47,462 : INFO : EventManager : Event: ======'s_right_flipper_inactive'====== Args={}
2024-09-08 22:51:47,463 : INFO : EventManager : Event: ======'right_rest'====== Args={'priority': 0}
2024-09-08 22:51:47,463 : INFO : EventManager : Event: ======'right_rest'====== Args={'priority': 0}
2024-09-08 22:51:47,463 : INFO : stepper.right_flipper_stepper : Stepper at 0 moving to absolute position -11.0
2024-09-08 22:51:47,869 : INFO : stepper.right_flipper_stepper : Stepper at 0 moving to absolute position -11.0
2024-09-08 22:51:47,879 : INFO : SwitchController : <<<<<<< 's_right_flipper' active >>>>>>>
2024-09-08 22:51:47,879 : INFO : SwitchController : <<<<<<< 's_right_flipper' inactive >>>>>>>
2024-09-08 22:51:47,879 : INFO : EventManager : Event: ======'s_right_flipper_inactive'====== Args={}
2024-09-08 22:51:47,880 : INFO : EventManager : Event: ======'right_rest'====== Args={'priority': 0}
2024-09-08 22:51:47,880 : INFO : EventManager : Event: ======'right_rest'====== Args={'priority': 0}
2024-09-08 22:51:47,880 : INFO : stepper.right_flipper_stepper : Stepper at 0 moving to absolute position -11.0
2024-09-08 22:51:47,890 : INFO : stepper.right_flipper_stepper : Stepper at 0 moving to absolute position -11.0
2024-09-08 22:51:48,065 : INFO : SwitchController : <<<<<<< 's_right_flipper' active >>>>>>>
2024-09-08 22:51:48,336 : INFO : SwitchController : <<<<<<< 's_right_flipper' inactive >>>>>>>
2024-09-08 22:51:48,336 : INFO : EventManager : Event: ======'s_right_flipper_inactive'====== Args={}
2024-09-08 22:51:48,337 : INFO : EventManager : Event: ======'right_rest'====== Args={'priority': 0}
2024-09-08 22:51:48,337 : INFO : EventManager : Event: ======'right_rest'====== Args={'priority': 0}
2024-09-08 22:51:48,338 : INFO : stepper.right_flipper_stepper : Stepper at 0 moving to absolute position -11.0
2024-09-08 22:51:48,811 : INFO : stepper.right_flipper_stepper : Stepper at 0 moving to absolute position -11.0
2024-09-08 22:51:48,822 : DEBUG : TIC Stepper : get_status() received cmd_return: b'Name:                         Tic 36v4 High-Power Stepper Motor Controller\r\nSerial number:                00414729\r\nFirmware version:             1.08\r\nLast reset:                   Power-on reset\r\nUp time:                      9:51:15\r\n\r\nEncoder position:             0\r\nRC pulse width:               N/A\r\nInput state:                  Position\r\nInput after averaging:        N/A\r\nInput after hysteresis:       N/A\r\nInput before scaling:         N/A\r\nInput after scaling:          -11\r\nForward limit active:         No\r\nReverse limit active:         No\r\n\r\nVIN voltage:                  46.856 V\r\nOperation state:              Soft error\r\nEnergized:                    No\r\nHoming active:                No\r\n\r\nTarget:                       No target\r\nCurrent position:             0\r\nPosition uncertain:           No\r\nCurrent velocity:             0\r\nMax speed:                    2000000\r\nStarting speed:               0\r\nMax acceleration:             40000\r\nMax deceleration:             40000\r\nActing target position:       0\r\nTime since last step:         61170000\r\nStep mode:                    Full step\r\nCurrent limit:                2435 mA\r\n\r\nErrors currently stopping the motor:\r\n  - Safe start violation\r\nErrors that occurred since last check:\r\n  - Safe start violation\r\nLast motor driver errors: None\r\n\r\nSCL pin:\r\n  State:                      Output low\r\n  Analog reading:             N/A\r\n  Digital reading:            1\r\nSDA pin:\r\n  State:                      Output low\r\n  Analog reading:             N/A\r\n  Digital reading:            1\r\nTX pin:\r\n  State:                      Output high\r\n  Analog reading:             N/A\r\n  Digital reading:            1\r\nRX pin:\r\n  State:                      Pulled up\r\n  Analog reading:             N/A\r\n  Digital reading:            1\r\nRC pin:\r\n  Digital reading:            0\r\n\r\n'
2024-09-08 22:51:48,881 : DEBUG : TIC Stepper : Target Position: -11.0 Current Position: 0
2024-09-08 22:51:50,342 : INFO : SwitchController : <<<<<<< 's_right_flipper' active >>>>>>>
2024-09-08 22:51:50,721 : INFO : SwitchController : <<<<<<< 's_right_flipper' inactive >>>>>>>
2024-09-08 22:51:50,721 : INFO : EventManager : Event: ======'s_right_flipper_inactive'====== Args={}
2024-09-08 22:51:50,862 : INFO : EventManager : Event: ======'right_rest'====== Args={'priority': 0}
2024-09-08 22:51:50,897 : INFO : EventManager : Event: ======'right_rest'====== Args={'priority': 0}
2024-09-08 22:51:50,897 : INFO : stepper.right_flipper_stepper : Stepper at 0 moving to absolute position -11.0
2024-09-08 22:51:52,067 : INFO : stepper.right_flipper_stepper : Stepper at 0 moving to absolute position -11.0
2024-09-08 22:51:52,373 : INFO : SwitchController : <<<<<<< 's_right_flipper' active >>>>>>>
2024-09-08 22:51:52,373 : INFO : SwitchController : <<<<<<< 's_right_flipper' inactive >>>>>>>
2024-09-08 22:51:52,373 : INFO : EventManager : Event: ======'s_right_flipper_inactive'====== Args={}
2024-09-08 22:51:52,376 : INFO : EventManager : Event: ======'right_rest'====== Args={'priority': 0}
2024-09-08 22:51:52,376 : INFO : EventManager : Event: ======'right_rest'====== Args={'priority': 0}
2024-09-08 22:51:52,376 : INFO : stepper.right_flipper_stepper : Stepper at 0 moving to absolute position -11.0
2024-09-08 22:51:52,382 : INFO : stepper.right_flipper_stepper : Stepper at 0 moving to absolute position -11.0
2024-09-08 22:51:53,182 : INFO : SwitchController : <<<<<<< 's_right_flipper' active >>>>>>>
2024-09-08 22:51:53,270 : INFO : SwitchController : <<<<<<< 's_right_flipper' inactive >>>>>>>
2024-09-08 22:51:53,271 : INFO : EventManager : Event: ======'s_right_flipper_inactive'====== Args={}
2024-09-08 22:51:53,271 : INFO : EventManager : Event: ======'right_rest'====== Args={'priority': 0}
2024-09-08 22:51:53,271 : INFO : EventManager : Event: ======'right_rest'====== Args={'priority': 0}
2024-09-08 22:51:53,271 : INFO : stepper.right_flipper_stepper : Stepper at 0 moving to absolute position -11.0
2024-09-08 22:51:53,277 : INFO : stepper.right_flipper_stepper : Stepper at 0 moving to absolute position -11.0
2024-09-08 22:52:02,956 : DEBUG : asciimatics.screen : Processing mouse: 55, 26
2024-09-08 22:52:02,957 : DEBUG : asciimatics.widgets.frame : New event: MouseEvent (55, 26) 0
2024-09-08 22:52:02,957 : DEBUG : asciimatics.screen : Processing key: 0
2024-09-08 22:52:02,957 : DEBUG : asciimatics.screen : Processing mouse: 53, 25
2024-09-08 22:52:02,957 : DEBUG : asciimatics.widgets.frame : New event: MouseEvent (53, 25) 0
2024-09-08 22:52:03,033 : INFO : Machine : Shutting down...
2024-09-08 22:52:03,033 : INFO : EventManager : Event: ======'shutdown'====== Args={}
2024-09-08 22:52:03,082 : DEBUG : TIC Stepper : Commanded To Stop
2024-09-08 22:52:03,201 : DEBUG : FAST [NET] : Stop called on serial connection NET
2024-09-08 22:52:03,897 : INFO : root : MPF run loop ended.
