2025-04-06 13:11:20,358 : INFO : root : Loading config.
2025-04-06 13:11:20,378 : INFO : YamlMultifileConfigLoader : Machine config file #1: config.yaml
2025-04-06 13:11:20,378 : INFO : ConfigProcessor : Loading config from cache: C:\Users\homebrew\AppData\Local\Temp\1ab83842b7c8ed7e1902272067ddcd2b.mpf_cache
2025-04-06 13:11:20,485 : INFO : ConfigProcessor : Loading config from cache: C:\Users\homebrew\AppData\Local\Temp\163fd46608d3c9469758c6512b5a030d.mpf_cache
2025-04-06 13:11:20,485 : INFO : ConfigProcessor : Loading config from cache: C:\Users\homebrew\AppData\Local\Temp\93e42568b1004e720dbdafbb285adaaa.mpf_cache
2025-04-06 13:11:20,485 : INFO : ConfigProcessor : Loading config from cache: C:\Users\homebrew\AppData\Local\Temp\5ffb3999d6de3e1d452090655c82bf2a.mpf_cache
2025-04-06 13:11:20,485 : INFO : ConfigProcessor : Loading config from cache: C:\Users\homebrew\AppData\Local\Temp\163fd46608d3c9469758c6512b5a030d.mpf_cache
2025-04-06 13:11:20,485 : INFO : ConfigProcessor : Loading config from cache: C:\Users\homebrew\AppData\Local\Temp\93e42568b1004e720dbdafbb285adaaa.mpf_cache
2025-04-06 13:11:20,485 : INFO : ConfigProcessor : Loading config from cache: C:\Users\homebrew\AppData\Local\Temp\8c668df6a84f4edcfda2189b877084c6.mpf_cache
2025-04-06 13:11:20,485 : INFO : ConfigProcessor : Loading config from cache: C:\Users\homebrew\AppData\Local\Temp\81d0f34cbd4c6d61cd4dad95e5100b6a.mpf_cache
2025-04-06 13:11:20,485 : INFO : ConfigProcessor : Loading config from cache: C:\Users\homebrew\AppData\Local\Temp\a714899e94406dd1f47e6e9bddbe0fef.mpf_cache
2025-04-06 13:11:20,485 : INFO : ConfigProcessor : Loading config from cache: C:\Users\homebrew\AppData\Local\Temp\fda2b21e4ff4c8a0b48d4f712bf7675f.mpf_cache
2025-04-06 13:11:20,501 : INFO : ConfigProcessor : Loading config from cache: C:\Users\homebrew\AppData\Local\Temp\49c1bb27bb76c6488cf72d0e1887aaaa.mpf_cache
2025-04-06 13:11:20,501 : INFO : ConfigProcessor : Loading config from cache: C:\Users\homebrew\AppData\Local\Temp\eb740da6f3772dcfe6d89e142f4972f9.mpf_cache
2025-04-06 13:11:20,501 : INFO : ConfigProcessor : Loading config from cache: C:\Users\homebrew\AppData\Local\Temp\8e53cff45209557b74353625b1fb9c7d.mpf_cache
2025-04-06 13:11:20,501 : INFO : ConfigProcessor : Loading config from cache: C:\Users\homebrew\AppData\Local\Temp\75ead186cfb0eee4579e59d5d273b950.mpf_cache
2025-04-06 13:11:20,501 : INFO : ConfigProcessor : Loading config from cache: C:\Users\homebrew\AppData\Local\Temp\46ee3106793b7c66df6b24732de735de.mpf_cache
2025-04-06 13:11:20,501 : INFO : ConfigProcessor : Loading config from cache: C:\Users\homebrew\AppData\Local\Temp\a6f0737b5bca2a955dd9d538ee17b581.mpf_cache
2025-04-06 13:11:20,501 : INFO : ConfigProcessor : Loading config from cache: C:\Users\homebrew\AppData\Local\Temp\72ccc58689b118af298151666e9c5198.mpf_cache
2025-04-06 13:11:20,501 : INFO : ConfigProcessor : Loading config from cache: C:\Users\homebrew\AppData\Local\Temp\082c9c49689a7facf0c58e67d77b7f58.mpf_cache
2025-04-06 13:11:20,501 : INFO : Machine : Mission Pinball Framework Core Engine v0.80.0.dev4
2025-04-06 13:11:20,501 : INFO : Machine : Command line arguments: {'no_load_cache': False, 'create_config_cache': True, 'bcp': True, 'configfile': ['config.yaml'], 'force_assets_load': False, 'platform_integration_test': False, 'jsonlogging': False, 'logfile': 'logs\\2025-04-06-13-11-20-mpf-mpf.log', 'pause': False, 'production': False, 'text_ui': True, 'loglevel': 15, 'consoleloglevel': 20, 'force_platform': None, 'syslog_address': None, 'mc_file_name': None, 'no_sound': False, 'full_logfile_path': 'C:\\Users\\homebrew\\Documents\\GitHub\\Thing_Pinball\\logs\\2025-04-06-13-11-20-mpf-mpf.log'}
2025-04-06 13:11:20,501 : INFO : Machine : MPF path: C:\Users\homebrew\AppData\Local\Programs\Python\Python312\Lib\site-packages\mpf
2025-04-06 13:11:20,501 : INFO : Machine : Machine path: C:\Users\homebrew\Documents\GitHub\Thing_Pinball
2025-04-06 13:11:20,501 : INFO : Machine : Platform: win32
2025-04-06 13:11:20,501 : INFO : Machine : Python executable location: C:\Users\homebrew\AppData\Local\Programs\Python\Python312\python.exe
2025-04-06 13:11:20,501 : INFO : Machine : Python version: 3.12.3 (64-bit)
2025-04-06 13:11:20,517 : INFO : Machine : Initializing MPF...
2025-04-06 13:11:20,910 : INFO : FAST [NET] : Trying to connect to com4 at 921600bps
2025-04-06 13:11:20,926 : INFO : FAST [NET] : Connected to com4 at 921600bps
2025-04-06 13:11:20,942 : INFO : FAST [NET] : Connected to FP-CPU-2000 with firmware v02.21
2025-04-06 13:11:20,974 : INFO : FAST [NET] : Registered I/O Board 0: Model: FP-I/O-0024, Firmware: 01.10, Switches: 24, Drivers: 8
2025-04-06 13:11:20,990 : INFO : FAST [NET] : Registered I/O Board 1: Model: FP-I/O-3208, Firmware: 01.10, Switches: 32, Drivers: 8
2025-04-06 13:11:20,990 : INFO : FAST [NET] : Registered I/O Board 2: Model: FP-I/O-0804, Firmware: 01.10, Switches: 8, Drivers: 4
2025-04-06 13:11:21,006 : INFO : FAST [NET] : Registered I/O Board 3: Model: FP-I/O-0804, Firmware: 01.10, Switches: 8, Drivers: 4
2025-04-06 13:11:21,007 : INFO : EventManager : Event: ======'machine_var_credits_string'====== Args={'value': 'FREE PLAY', 'prev_value': None, 'change': True}
2025-04-06 13:11:21,038 : INFO : EventManager : Event: ======'machine_var_master_volume'====== Args={'value': 0.5, 'prev_value': None, 'change': True}
2025-04-06 13:11:21,038 : INFO : EventManager : Event: ======'machine_var_game_mode_dog_hunt_complete'====== Args={'value': 0, 'prev_value': None, 'change': True}
2025-04-06 13:11:21,038 : INFO : EventManager : Event: ======'machine_var_game_mode_discovery_complete'====== Args={'value': 0, 'prev_value': None, 'change': True}
2025-04-06 13:11:21,038 : INFO : EventManager : Event: ======'machine_var_game_mode_infected_complete'====== Args={'value': 0, 'prev_value': None, 'change': True}
2025-04-06 13:11:21,043 : INFO : EventManager : Event: ======'machine_var_game_mode_blood_test_complete'====== Args={'value': 0, 'prev_value': None, 'change': True}
2025-04-06 13:11:21,043 : INFO : EventManager : Event: ======'machine_var_game_mode_spider_head_complete'====== Args={'value': 0, 'prev_value': None, 'change': True}
2025-04-06 13:11:21,043 : INFO : EventManager : Event: ======'machine_var_game_mode_wizard_complete'====== Args={'value': 0, 'prev_value': None, 'change': True}
2025-04-06 13:11:21,043 : INFO : EventManager : Event: ======'machine_var_game_mode_ball_lock_complete'====== Args={'value': 0, 'prev_value': None, 'change': True}
2025-04-06 13:11:21,043 : INFO : EventManager : Event: ======'machine_var_game_mode_multiball_complete'====== Args={'value': 0, 'prev_value': None, 'change': True}
2025-04-06 13:11:21,043 : INFO : EventManager : Event: ======'machine_var_mpf_version'====== Args={'value': 'Mission Pinball Framework v0.80.0.dev4', 'prev_value': None, 'change': True}
2025-04-06 13:11:21,043 : INFO : EventManager : Event: ======'machine_var_mpf_extended_version'====== Args={'value': 'Mission Pinball Framework v0.80.0.dev4, Config version:6, Show version: 6, BCP version:1.1', 'prev_value': None, 'change': True}
2025-04-06 13:11:21,043 : INFO : EventManager : Event: ======'machine_var_python_version'====== Args={'value': '3.12.3', 'prev_value': None, 'change': True}
2025-04-06 13:11:21,211 : INFO : EventManager : Event: ======'machine_var_platform'====== Args={'value': 'Windows-11-10.0.26100-SP0', 'prev_value': None, 'change': True}
2025-04-06 13:11:21,211 : INFO : EventManager : Event: ======'machine_var_platform_system'====== Args={'value': 'Windows', 'prev_value': None, 'change': True}
2025-04-06 13:11:21,211 : INFO : EventManager : Event: ======'machine_var_platform_release'====== Args={'value': '11', 'prev_value': None, 'change': True}
2025-04-06 13:11:21,211 : INFO : EventManager : Event: ======'machine_var_platform_version'====== Args={'value': '10.0.26100', 'prev_value': None, 'change': True}
2025-04-06 13:11:21,211 : INFO : EventManager : Event: ======'machine_var_platform_machine'====== Args={'value': 'AMD64', 'prev_value': None, 'change': True}
2025-04-06 13:11:21,211 : INFO : EventManager : Event: ======'machine_var_log_file_path'====== Args={'value': 'C:\\Users\\homebrew\\Documents\\GitHub\\Thing_Pinball\\logs\\2025-04-06-13-11-20-mpf-mpf.log', 'prev_value': None, 'change': True}
2025-04-06 13:11:21,211 : INFO : EventManager : Event: ======'init_phase_1'====== Args={}
2025-04-06 13:11:21,267 : WARNING : ConfigValidator : Unrecognized config setting. "fast_coils:c_diverter:pwm_on_ms" is not a valid setting name.
2025-04-06 13:11:21,267 : WARNING : ConfigValidator : Unrecognized config setting. "fast_coils:c_diverter:pwm_off_ms" is not a valid setting name.
2025-04-06 13:11:21,269 : WARNING : ConfigValidator : Unrecognized config setting. "fast_coils:c_up_post:pwm_on_ms" is not a valid setting name.
2025-04-06 13:11:21,269 : WARNING : ConfigValidator : Unrecognized config setting. "fast_coils:c_up_post:pwm_off_ms" is not a valid setting name.
2025-04-06 13:11:21,274 : WARNING : ConfigValidator : Unrecognized config setting. "timed_switches:mode_vuk_delayed_eject:state_when_released" is not a valid setting name.
2025-04-06 13:11:21,274 : WARNING : ConfigValidator : Unrecognized config setting. "mode:base:timers:mode_timer:events_when_complete" is not a valid setting name.
2025-04-06 13:11:21,274 : WARNING : ConfigValidator : Unrecognized config setting. "mode:spider_head:timers:spider_head_timer:events_when_complete" is not a valid setting name.
2025-04-06 13:11:21,274 : WARNING : ConfigValidator : Unrecognized config setting. "mode:wizard:timers:wizard_timer:events_when_complete" is not a valid setting name.
2025-04-06 13:11:21,274 : WARNING : ConfigValidator : Unrecognized config setting. "mode:infected:timers:infected_timer:events_when_complete" is not a valid setting name.
2025-04-06 13:11:21,276 : WARNING : ConfigValidator : Unrecognized config setting. "mode:dog_hunt:timers:dog_hunt_timer:events_when_complete" is not a valid setting name.
2025-04-06 13:11:21,276 : WARNING : ConfigValidator : Unrecognized config setting. "mode:discovery:timers:discovery_timer:events_when_complete" is not a valid setting name.
2025-04-06 13:11:21,276 : WARNING : ConfigValidator : Unrecognized config setting. "mode:ball_lock:timers:ball_lock_timer:events_when_complete" is not a valid setting name.
2025-04-06 13:11:21,276 : WARNING : ConfigValidator : Unrecognized config setting. "mode:blood_test:timers:blood_test_timer:events_when_complete" is not a valid setting name.
2025-04-06 13:11:21,276 : WARNING : ConfigValidator : Unrecognized config setting. "mode:multiball:timers:multiball_jackpot_timer:events_when_complete" is not a valid setting name.
2025-04-06 13:11:21,276 : WARNING : ConfigValidator : Unrecognized config setting. "mode:multiball:timers:right_ramp_validity_timer:events_when_complete" is not a valid setting name.
2025-04-06 13:11:21,282 : INFO : EventManager : Event: ======'drop_target_bank_vuk_bank_up'====== Args={}
2025-04-06 13:11:21,282 : INFO : EventManager : Event: ======'logicblock_spinner_value_updated'====== Args={'value': 0, 'enabled': False}
2025-04-06 13:11:21,282 : INFO : EventManager : Event: ======'logicblock_newton_hit_counter_updated'====== Args={'value': 0, 'enabled': False}
2025-04-06 13:11:21,282 : INFO : EventManager : Event: ======'logicblock_diverter_pattern_updated'====== Args={'value': 0, 'enabled': False}
2025-04-06 13:11:21,282 : INFO : EventManager : Event: ======'logicblock_left_ramp_to_start_lock_updated'====== Args={'value': 0, 'enabled': False}
2025-04-06 13:11:23,706 : WARNING : Machine : Iterating device collections directly is deprecated and will be removed. Access by value(): device_collections[switches] -> device_collections['switches'].values()
2025-04-06 13:11:23,706 : INFO : SwitchController : <<<<<<< 's_trough_ball' active >>>>>>>
2025-04-06 13:11:23,706 : INFO : SwitchController : <<<<<<< 's_newton_opto_made' active >>>>>>>
2025-04-06 13:11:23,706 : INFO : SwitchController : <<<<<<< 's_start_button' active >>>>>>>
2025-04-06 13:11:23,706 : WARNING : ConfigValidator : Unrecognized config setting. "coil_player:enable_ms" is not a valid setting name.
2025-04-06 13:11:23,706 : WARNING : ConfigValidator : Unrecognized config setting. "coil_player:enable_ms" is not a valid setting name.
2025-04-06 13:11:23,716 : INFO : EventManager : Event: ======'init_phase_2'====== Args={}
2025-04-06 13:11:23,716 : INFO : SwitchController : Found active switch: (52, [FAST Platform Interface]) <switch.s_trough_ball>
2025-04-06 13:11:23,716 : INFO : SwitchController : Found active switch: (45, [FAST Platform Interface]) <switch.s_newton_opto_made>
2025-04-06 13:11:23,716 : INFO : SwitchController : Found active switch: (10, [FAST Platform Interface]) <switch.s_start_button>
2025-04-06 13:11:23,721 : WARNING : ConfigValidator : Unrecognized config setting. "coil_player:enable_ms" is not a valid setting name.
2025-04-06 13:11:23,721 : WARNING : ConfigValidator : Unrecognized config setting. "slide_player:widgets" is not a valid setting name.
2025-04-06 13:11:23,721 : WARNING : ConfigValidator : Unrecognized config setting. "slide_player:widgets" is not a valid setting name.
2025-04-06 13:11:23,721 : WARNING : ConfigValidator : Unrecognized config setting. "slide_player:widgets" is not a valid setting name.
2025-04-06 13:11:23,721 : WARNING : ConfigValidator : Unrecognized config setting. "slide_player:widgets" is not a valid setting name.
2025-04-06 13:11:23,721 : WARNING : ConfigValidator : Unrecognized config setting. "slide_player:widgets" is not a valid setting name.
2025-04-06 13:11:23,721 : WARNING : ConfigValidator : Unrecognized config setting. "slide_player:widgets" is not a valid setting name.
2025-04-06 13:11:23,721 : WARNING : ConfigValidator : Unrecognized config setting. "slide_player:widgets" is not a valid setting name.
2025-04-06 13:11:23,721 : WARNING : ConfigValidator : Unrecognized config setting. "slide_player:widgets" is not a valid setting name.
2025-04-06 13:11:23,721 : WARNING : ConfigValidator : Unrecognized config setting. "slide_player:widgets" is not a valid setting name.
2025-04-06 13:11:23,721 : WARNING : ConfigValidator : Unrecognized config setting. "slide_player:widgets" is not a valid setting name.
2025-04-06 13:11:23,721 : WARNING : ConfigValidator : Unrecognized config setting. "slide_player:widgets" is not a valid setting name.
2025-04-06 13:11:23,721 : WARNING : ConfigValidator : Unrecognized config setting. "slide_player:widgets" is not a valid setting name.
2025-04-06 13:11:23,721 : WARNING : ConfigValidator : Unrecognized config setting. "slide_player:widgets" is not a valid setting name.
2025-04-06 13:11:23,721 : WARNING : ConfigValidator : Unrecognized config setting. "slide_player:widgets" is not a valid setting name.
2025-04-06 13:11:23,721 : WARNING : ConfigValidator : Unrecognized config setting. "slide_player:widgets" is not a valid setting name.
2025-04-06 13:11:23,721 : WARNING : ConfigValidator : Unrecognized config setting. "slide_player:widgets" is not a valid setting name.
2025-04-06 13:11:23,721 : WARNING : ConfigValidator : Unrecognized config setting. "slide_player:widgets" is not a valid setting name.
2025-04-06 13:11:23,721 : WARNING : ConfigValidator : Unrecognized config setting. "slide_player:widgets" is not a valid setting name.
2025-04-06 13:11:23,721 : WARNING : ConfigValidator : Unrecognized config setting. "slide_player:widgets" is not a valid setting name.
2025-04-06 13:11:23,721 : WARNING : ConfigValidator : Unrecognized config setting. "slide_player:widgets" is not a valid setting name.
2025-04-06 13:11:23,721 : WARNING : ConfigValidator : Unrecognized config setting. "slide_player:widgets" is not a valid setting name.
2025-04-06 13:11:23,721 : WARNING : ConfigValidator : Unrecognized config setting. "slide_player:widgets" is not a valid setting name.
2025-04-06 13:11:23,721 : WARNING : ConfigValidator : Unrecognized config setting. "slide_player:widgets" is not a valid setting name.
2025-04-06 13:11:23,721 : WARNING : ConfigValidator : Unrecognized config setting. "slide_player:widgets" is not a valid setting name.
2025-04-06 13:11:23,721 : WARNING : ConfigValidator : Unrecognized config setting. "slide_player:widgets" is not a valid setting name.
2025-04-06 13:11:23,721 : WARNING : ConfigValidator : Unrecognized config setting. "slide_player:widgets" is not a valid setting name.
2025-04-06 13:11:23,721 : WARNING : ConfigValidator : Unrecognized config setting. "slide_player:widgets" is not a valid setting name.
2025-04-06 13:11:23,721 : WARNING : ConfigValidator : Unrecognized config setting. "slide_player:widgets" is not a valid setting name.
2025-04-06 13:11:23,721 : WARNING : ConfigValidator : Unrecognized config setting. "slide_player:widgets" is not a valid setting name.
2025-04-06 13:11:23,721 : WARNING : ConfigValidator : Unrecognized config setting. "slide_player:widgets" is not a valid setting name.
2025-04-06 13:11:23,737 : WARNING : ConfigValidator : Unrecognized config setting. "high_score:events_when_complete" is not a valid setting name.
2025-04-06 13:11:23,737 : INFO : EventManager : Event: ======'machine_var_score1_label'====== Args={'value': 'GRAND CHAMPION', 'prev_value': None, 'change': True}
2025-04-06 13:11:23,737 : INFO : EventManager : Event: ======'machine_var_score1_name'====== Args={'value': 'THING', 'prev_value': None, 'change': True}
2025-04-06 13:11:23,737 : INFO : EventManager : Event: ======'machine_var_score1_value'====== Args={'value': 5000000, 'prev_value': None, 'change': True}
2025-04-06 13:11:23,739 : INFO : EventManager : Event: ======'machine_var_score2_label'====== Args={'value': 'HIGH SCORE 1', 'prev_value': None, 'change': True}
2025-04-06 13:11:23,739 : INFO : EventManager : Event: ======'machine_var_score2_name'====== Args={'value': 'MPF', 'prev_value': None, 'change': True}
2025-04-06 13:11:23,739 : INFO : EventManager : Event: ======'machine_var_score2_value'====== Args={'value': 4000000, 'prev_value': None, 'change': True}
2025-04-06 13:11:23,739 : INFO : EventManager : Event: ======'machine_var_score3_label'====== Args={'value': 'HIGH SCORE 2', 'prev_value': None, 'change': True}
2025-04-06 13:11:23,739 : INFO : EventManager : Event: ======'machine_var_score3_name'====== Args={'value': 'PINBALL', 'prev_value': None, 'change': True}
2025-04-06 13:11:23,739 : INFO : EventManager : Event: ======'machine_var_score3_value'====== Args={'value': 3000000, 'prev_value': None, 'change': True}
2025-04-06 13:11:23,739 : INFO : EventManager : Event: ======'machine_var_score4_label'====== Args={'value': 'HIGH SCORE 3', 'prev_value': None, 'change': True}
2025-04-06 13:11:23,739 : INFO : EventManager : Event: ======'machine_var_score4_name'====== Args={'value': 'WIZARD', 'prev_value': None, 'change': True}
2025-04-06 13:11:23,739 : INFO : EventManager : Event: ======'machine_var_score4_value'====== Args={'value': 2000000, 'prev_value': None, 'change': True}
2025-04-06 13:11:23,739 : INFO : EventManager : Event: ======'machine_var_score5_label'====== Args={'value': 'HIGH SCORE 4', 'prev_value': None, 'change': True}
2025-04-06 13:11:23,739 : INFO : EventManager : Event: ======'machine_var_score5_name'====== Args={'value': 'PLAYER', 'prev_value': None, 'change': True}
2025-04-06 13:11:23,739 : INFO : EventManager : Event: ======'machine_var_score5_value'====== Args={'value': 1000000, 'prev_value': None, 'change': True}
2025-04-06 13:11:23,741 : INFO : EventManager : Event: ======'bcp_connection_attempt'====== Args={'name': 'local_display', 'host': 'localhost', 'port': 5050}
2025-04-06 13:11:23,741 : INFO : BCPClientSocket : Connecting BCP to 'local_display' at localhost:5050...
2025-04-06 13:11:39,902 : INFO : SwitchController : <<<<<<< 's_trough_ball' inactive >>>>>>>
2025-04-06 13:11:40,111 : INFO : SwitchController : <<<<<<< 's_trough_ball' active >>>>>>>
2025-04-06 13:11:40,527 : INFO : SwitchController : <<<<<<< 's_trough_ball' inactive >>>>>>>
2025-04-06 13:11:40,559 : INFO : SwitchController : <<<<<<< 's_trough_ball' active >>>>>>>
2025-04-06 13:11:40,688 : INFO : SwitchController : <<<<<<< 's_trough_ball_jam' active >>>>>>>
2025-04-06 13:11:43,184 : INFO : SwitchController : <<<<<<< 's_trough_2' active >>>>>>>
2025-04-06 13:11:43,265 : INFO : SwitchController : <<<<<<< 's_trough_2' inactive >>>>>>>
2025-04-06 13:11:43,345 : INFO : SwitchController : <<<<<<< 's_trough_3' active >>>>>>>
2025-04-06 13:11:43,393 : INFO : SwitchController : <<<<<<< 's_trough_3' inactive >>>>>>>
2025-04-06 13:11:43,457 : INFO : SwitchController : <<<<<<< 's_trough_4' active >>>>>>>
2025-04-06 13:11:43,489 : INFO : SwitchController : <<<<<<< 's_trough_4' inactive >>>>>>>
2025-04-06 13:11:43,536 : INFO : SwitchController : <<<<<<< 's_trough_5' active >>>>>>>
2025-04-06 13:11:43,569 : INFO : SwitchController : <<<<<<< 's_trough_5' inactive >>>>>>>
2025-04-06 13:11:43,601 : INFO : SwitchController : <<<<<<< 's_trough_6' active >>>>>>>
2025-04-06 13:11:43,633 : INFO : SwitchController : <<<<<<< 's_trough_6' inactive >>>>>>>
2025-04-06 13:11:43,664 : INFO : SwitchController : <<<<<<< 's_trough_7' active >>>>>>>
2025-04-06 13:11:43,697 : INFO : SwitchController : <<<<<<< 's_trough_7' inactive >>>>>>>
2025-04-06 13:11:43,720 : INFO : SwitchController : <<<<<<< 's_trough_ball_jam' inactive >>>>>>>
2025-04-06 13:11:43,809 : INFO : SwitchController : <<<<<<< 's_trough_ball_jam' active >>>>>>>
2025-04-06 13:11:43,857 : INFO : SwitchController : <<<<<<< 's_trough_ball_jam' inactive >>>>>>>
2025-04-06 13:11:45,285 : INFO : SwitchController : <<<<<<< 's_trough_2' active >>>>>>>
2025-04-06 13:11:45,317 : INFO : SwitchController : <<<<<<< 's_trough_2' inactive >>>>>>>
2025-04-06 13:11:45,396 : INFO : SwitchController : <<<<<<< 's_trough_3' active >>>>>>>
2025-04-06 13:11:45,460 : INFO : SwitchController : <<<<<<< 's_trough_3' inactive >>>>>>>
2025-04-06 13:11:45,524 : INFO : SwitchController : <<<<<<< 's_trough_4' active >>>>>>>
2025-04-06 13:11:45,556 : INFO : SwitchController : <<<<<<< 's_trough_4' inactive >>>>>>>
2025-04-06 13:11:45,620 : INFO : SwitchController : <<<<<<< 's_trough_5' active >>>>>>>
2025-04-06 13:11:45,653 : INFO : SwitchController : <<<<<<< 's_trough_5' inactive >>>>>>>
2025-04-06 13:11:45,685 : INFO : SwitchController : <<<<<<< 's_trough_6' active >>>>>>>
2025-04-06 13:11:45,717 : INFO : SwitchController : <<<<<<< 's_trough_6' inactive >>>>>>>
2025-04-06 13:11:45,769 : INFO : SwitchController : <<<<<<< 's_trough_7' active >>>>>>>
2025-04-06 13:11:45,797 : INFO : SwitchController : <<<<<<< 's_trough_7' inactive >>>>>>>
2025-04-06 13:11:45,876 : INFO : SwitchController : <<<<<<< 's_trough_7' active >>>>>>>
2025-04-06 13:11:48,481 : INFO : SwitchController : <<<<<<< 's_ball_lock_1' active >>>>>>>
2025-04-06 13:11:55,651 : INFO : SwitchController : <<<<<<< 's_ball_lock_1' inactive >>>>>>>
2025-04-06 13:11:56,766 : INFO : SwitchController : <<<<<<< 's_ball_lock_2' active >>>>>>>
2025-04-06 13:11:56,841 : INFO : SwitchController : <<<<<<< 's_ball_lock_2' inactive >>>>>>>
2025-04-06 13:11:56,889 : INFO : SwitchController : <<<<<<< 's_ball_lock_2' active >>>>>>>
2025-04-06 13:11:56,921 : INFO : SwitchController : <<<<<<< 's_ball_lock_2' inactive >>>>>>>
2025-04-06 13:11:56,940 : INFO : SwitchController : <<<<<<< 's_ball_lock_3' active >>>>>>>
2025-04-06 13:11:56,985 : INFO : SwitchController : <<<<<<< 's_ball_lock_3' inactive >>>>>>>
2025-04-06 13:12:01,316 : INFO : SwitchController : <<<<<<< 's_trough_2' active >>>>>>>
2025-04-06 13:12:01,365 : INFO : SwitchController : <<<<<<< 's_trough_2' inactive >>>>>>>
2025-04-06 13:12:01,412 : INFO : SwitchController : <<<<<<< 's_trough_3' active >>>>>>>
2025-04-06 13:12:01,460 : INFO : SwitchController : <<<<<<< 's_trough_3' inactive >>>>>>>
2025-04-06 13:12:01,508 : INFO : SwitchController : <<<<<<< 's_trough_4' active >>>>>>>
2025-04-06 13:12:01,532 : INFO : SwitchController : <<<<<<< 's_trough_4' inactive >>>>>>>
2025-04-06 13:12:01,588 : INFO : SwitchController : <<<<<<< 's_trough_5' active >>>>>>>
2025-04-06 13:12:01,606 : INFO : SwitchController : <<<<<<< 's_trough_5' inactive >>>>>>>
2025-04-06 13:12:01,652 : INFO : SwitchController : <<<<<<< 's_trough_6' active >>>>>>>
2025-04-06 13:12:01,684 : INFO : SwitchController : <<<<<<< 's_trough_6' inactive >>>>>>>
2025-04-06 13:12:01,765 : INFO : SwitchController : <<<<<<< 's_trough_6' active >>>>>>>
2025-04-06 13:19:18,414 : INFO : Machine : Starting the main run loop.
2025-04-06 13:19:18,414 : INFO : Machine : Shutting down...
2025-04-06 13:19:18,414 : INFO : EventManager : Event: ======'shutdown'====== Args={}
2025-04-06 13:19:19,548 : INFO : root : MPF run loop ended.
