2025-04-17 21:23:10,616 : INFO : root : Loading config.
2025-04-17 21:23:10,621 : INFO : YamlMultifileConfigLoader : Machine config file #1: config.yaml
2025-04-17 21:23:10,621 : INFO : ConfigProcessor : Loading config from cache: C:\Users\homebrew\AppData\Local\Temp\1ab83842b7c8ed7e1902272067ddcd2b.mpf_cache
2025-04-17 21:23:10,717 : INFO : ConfigProcessor : Loading config from cache: C:\Users\homebrew\AppData\Local\Temp\163fd46608d3c9469758c6512b5a030d.mpf_cache
2025-04-17 21:23:10,717 : INFO : ConfigProcessor : Loading config from cache: C:\Users\homebrew\AppData\Local\Temp\93e42568b1004e720dbdafbb285adaaa.mpf_cache
2025-04-17 21:23:10,717 : INFO : ConfigProcessor : Loading config from cache: C:\Users\homebrew\AppData\Local\Temp\5ffb3999d6de3e1d452090655c82bf2a.mpf_cache
2025-04-17 21:23:10,728 : INFO : ConfigProcessor : Loading config from cache: C:\Users\homebrew\AppData\Local\Temp\163fd46608d3c9469758c6512b5a030d.mpf_cache
2025-04-17 21:23:10,728 : INFO : ConfigProcessor : Loading config from cache: C:\Users\homebrew\AppData\Local\Temp\93e42568b1004e720dbdafbb285adaaa.mpf_cache
2025-04-17 21:23:10,728 : INFO : ConfigProcessor : Loading config from cache: C:\Users\homebrew\AppData\Local\Temp\8c668df6a84f4edcfda2189b877084c6.mpf_cache
2025-04-17 21:23:10,728 : INFO : ConfigProcessor : Loading config from cache: C:\Users\homebrew\AppData\Local\Temp\81d0f34cbd4c6d61cd4dad95e5100b6a.mpf_cache
2025-04-17 21:23:10,728 : INFO : ConfigProcessor : Loading config from cache: C:\Users\homebrew\AppData\Local\Temp\a714899e94406dd1f47e6e9bddbe0fef.mpf_cache
2025-04-17 21:23:10,728 : INFO : ConfigProcessor : Loading config from cache: C:\Users\homebrew\AppData\Local\Temp\fda2b21e4ff4c8a0b48d4f712bf7675f.mpf_cache
2025-04-17 21:23:10,728 : INFO : ConfigProcessor : Loading config from cache: C:\Users\homebrew\AppData\Local\Temp\49c1bb27bb76c6488cf72d0e1887aaaa.mpf_cache
2025-04-17 21:23:10,728 : INFO : ConfigProcessor : Loading config from cache: C:\Users\homebrew\AppData\Local\Temp\eb740da6f3772dcfe6d89e142f4972f9.mpf_cache
2025-04-17 21:23:10,728 : INFO : ConfigProcessor : Loading config from cache: C:\Users\homebrew\AppData\Local\Temp\8e53cff45209557b74353625b1fb9c7d.mpf_cache
2025-04-17 21:23:10,728 : INFO : ConfigProcessor : Loading config from cache: C:\Users\homebrew\AppData\Local\Temp\75ead186cfb0eee4579e59d5d273b950.mpf_cache
2025-04-17 21:23:10,728 : INFO : ConfigProcessor : Loading config from cache: C:\Users\homebrew\AppData\Local\Temp\46ee3106793b7c66df6b24732de735de.mpf_cache
2025-04-17 21:23:10,728 : INFO : ConfigProcessor : Loading config from cache: C:\Users\homebrew\AppData\Local\Temp\a6f0737b5bca2a955dd9d538ee17b581.mpf_cache
2025-04-17 21:23:10,728 : INFO : ConfigProcessor : Loading config from cache: C:\Users\homebrew\AppData\Local\Temp\72ccc58689b118af298151666e9c5198.mpf_cache
2025-04-17 21:23:10,728 : INFO : ConfigProcessor : Loading config from cache: C:\Users\homebrew\AppData\Local\Temp\082c9c49689a7facf0c58e67d77b7f58.mpf_cache
2025-04-17 21:23:10,728 : WARNING : ConfigProcessor : Config file in cache changed: C:\Users\homebrew\Documents\GitHub\Thing_Pinball\modes\main_gameplay\config\main_gameplay.yaml
2025-04-17 21:23:10,728 : INFO : ConfigProcessor : Loading config from file C:\Users\homebrew\Documents\GitHub\Thing_Pinball\modes\main_gameplay\config\main_gameplay.yaml.
2025-04-17 21:23:10,760 : INFO : ConfigProcessor : Loading config: C:\Users\homebrew\Documents\GitHub\Thing_Pinball\modes\main_gameplay\config\main_gameplay.yaml
2025-04-17 21:23:10,760 : INFO : ConfigProcessor : Config file cache created: C:\Users\homebrew\AppData\Local\Temp\2434cc9ce8e8591814d01ea8cfde3595.mpf_cache
2025-04-17 21:23:10,760 : INFO : Machine : Mission Pinball Framework Core Engine v0.80.0.dev7
2025-04-17 21:23:10,760 : INFO : Machine : Command line arguments: {'no_load_cache': False, 'create_config_cache': True, 'bcp': False, 'configfile': ['config.yaml'], 'force_assets_load': False, 'platform_integration_test': False, 'jsonlogging': False, 'logfile': 'logs\\2025-04-17-21-23-10-mpf-mpf.log', 'pause': False, 'production': False, 'text_ui': False, 'loglevel': 15, 'consoleloglevel': 20, 'force_platform': None, 'syslog_address': None, 'full_logfile_path': 'C:\\Users\\homebrew\\Documents\\GitHub\\Thing_Pinball\\logs\\2025-04-17-21-23-10-mpf-mpf.log'}
2025-04-17 21:23:10,760 : INFO : Machine : MPF path: C:\Users\homebrew\AppData\Local\Programs\Python\Python312\Lib\site-packages\mpf
2025-04-17 21:23:10,760 : INFO : Machine : Machine path: C:\Users\homebrew\Documents\GitHub\Thing_Pinball
2025-04-17 21:23:10,760 : INFO : Machine : Platform: win32
2025-04-17 21:23:10,760 : INFO : Machine : Python executable location: C:\Users\homebrew\AppData\Local\Programs\Python\Python312\python.exe
2025-04-17 21:23:10,760 : INFO : Machine : Python version: 3.12.3 (64-bit)
2025-04-17 21:23:10,760 : INFO : Machine : Initializing MPF...
2025-04-17 21:23:10,885 : INFO : FAST [NET] : Trying to connect to com4 at 921600bps
2025-04-17 21:23:10,885 : INFO : FAST [NET] : Connected to com4 at 921600bps
2025-04-17 21:23:10,900 : INFO : FAST [NET] : Connected to FP-CPU-2000 with firmware v02.21
2025-04-17 21:23:10,932 : INFO : FAST [NET] : Registered I/O Board 0: Model: FP-I/O-0024, Firmware: 01.10, Switches: 24, Drivers: 8
2025-04-17 21:23:10,948 : INFO : FAST [NET] : Registered I/O Board 1: Model: FP-I/O-3208, Firmware: 01.10, Switches: 32, Drivers: 8
2025-04-17 21:23:10,964 : INFO : FAST [NET] : Registered I/O Board 2: Model: FP-I/O-0804, Firmware: 01.10, Switches: 8, Drivers: 4
2025-04-17 21:23:10,979 : INFO : FAST [NET] : Registered I/O Board 3: Model: FP-I/O-0804, Firmware: 01.10, Switches: 8, Drivers: 4
2025-04-17 21:23:10,981 : INFO : EventManager : Event: ======'machine_var_credits_string'====== Args={'value': 'FREE PLAY', 'prev_value': None, 'change': True}
2025-04-17 21:23:11,011 : INFO : EventManager : Event: ======'machine_var_game_mode_ball_lock_complete'====== Args={'value': 0, 'prev_value': None, 'change': True}
2025-04-17 21:23:11,017 : INFO : EventManager : Event: ======'machine_var_game_mode_blood_test_complete'====== Args={'value': 0, 'prev_value': None, 'change': True}
2025-04-17 21:23:11,017 : INFO : EventManager : Event: ======'machine_var_game_mode_discovery_complete'====== Args={'value': 0, 'prev_value': None, 'change': True}
2025-04-17 21:23:11,017 : INFO : EventManager : Event: ======'machine_var_game_mode_dog_hunt_complete'====== Args={'value': 1, 'prev_value': None, 'change': True}
2025-04-17 21:23:11,017 : INFO : EventManager : Event: ======'machine_var_game_mode_infected_complete'====== Args={'value': 0, 'prev_value': None, 'change': True}
2025-04-17 21:23:11,017 : INFO : EventManager : Event: ======'machine_var_game_mode_multiball_complete'====== Args={'value': 0, 'prev_value': None, 'change': True}
2025-04-17 21:23:11,017 : INFO : EventManager : Event: ======'machine_var_game_mode_spider_head_complete'====== Args={'value': 0, 'prev_value': None, 'change': True}
2025-04-17 21:23:11,017 : INFO : EventManager : Event: ======'machine_var_game_mode_wizard_complete'====== Args={'value': 0, 'prev_value': None, 'change': True}
2025-04-17 21:23:11,017 : INFO : EventManager : Event: ======'machine_var_master_volume'====== Args={'value': 0.5, 'prev_value': None, 'change': True}
2025-04-17 21:23:11,017 : INFO : EventManager : Event: ======'machine_var_mpf_version'====== Args={'value': 'Mission Pinball Framework v0.80.0.dev7', 'prev_value': None, 'change': True}
2025-04-17 21:23:11,017 : INFO : EventManager : Event: ======'machine_var_mpf_extended_version'====== Args={'value': 'Mission Pinball Framework v0.80.0.dev7, Config version:6, Show version: 6, BCP version:1.1', 'prev_value': None, 'change': True}
2025-04-17 21:23:11,017 : INFO : EventManager : Event: ======'machine_var_python_version'====== Args={'value': '3.12.3', 'prev_value': None, 'change': True}
2025-04-17 21:23:11,233 : INFO : EventManager : Event: ======'machine_var_platform'====== Args={'value': 'Windows-11-10.0.26100-SP0', 'prev_value': None, 'change': True}
2025-04-17 21:23:11,233 : INFO : EventManager : Event: ======'machine_var_platform_system'====== Args={'value': 'Windows', 'prev_value': None, 'change': True}
2025-04-17 21:23:11,233 : INFO : EventManager : Event: ======'machine_var_platform_release'====== Args={'value': '11', 'prev_value': None, 'change': True}
2025-04-17 21:23:11,233 : INFO : EventManager : Event: ======'machine_var_platform_version'====== Args={'value': '10.0.26100', 'prev_value': None, 'change': True}
2025-04-17 21:23:11,233 : INFO : EventManager : Event: ======'machine_var_platform_machine'====== Args={'value': 'AMD64', 'prev_value': None, 'change': True}
2025-04-17 21:23:11,233 : INFO : EventManager : Event: ======'machine_var_log_file_path'====== Args={'value': 'C:\\Users\\homebrew\\Documents\\GitHub\\Thing_Pinball\\logs\\2025-04-17-21-23-10-mpf-mpf.log', 'prev_value': None, 'change': True}
2025-04-17 21:23:11,233 : INFO : EventManager : Event: ======'init_phase_1'====== Args={}
2025-04-17 21:23:11,295 : WARNING : ConfigValidator : Unrecognized config setting. "fast_coils:c_diverter:pwm_on_ms" is not a valid setting name.
2025-04-17 21:23:11,295 : WARNING : ConfigValidator : Unrecognized config setting. "fast_coils:c_diverter:pwm_off_ms" is not a valid setting name.
2025-04-17 21:23:11,295 : WARNING : ConfigValidator : Unrecognized config setting. "fast_coils:c_up_post:pwm_on_ms" is not a valid setting name.
2025-04-17 21:23:11,295 : WARNING : ConfigValidator : Unrecognized config setting. "fast_coils:c_up_post:pwm_off_ms" is not a valid setting name.
2025-04-17 21:23:11,295 : WARNING : ConfigValidator : Unrecognized config setting. "ball_holds:mode_vuk_hold:release_all_on_stop" is not a valid setting name.
2025-04-17 21:23:11,295 : WARNING : ConfigValidator : Unrecognized config setting. "timed_switches:mode_vuk_delayed_eject:state_when_released" is not a valid setting name.
2025-04-17 21:23:11,295 : WARNING : ConfigValidator : Unrecognized config setting. "mode:wizard:timers:wizard_timer:events_when_complete" is not a valid setting name.
2025-04-17 21:23:11,295 : WARNING : ConfigValidator : Unrecognized config setting. "mode:dog_hunt:timers:dog_hunt_timer:events_when_complete" is not a valid setting name.
2025-04-17 21:23:11,295 : WARNING : ConfigValidator : Unrecognized config setting. "mode:blood_test:timers:blood_test_timer:events_when_complete" is not a valid setting name.
2025-04-17 21:23:11,295 : WARNING : ConfigValidator : Unrecognized config setting. "mode:spider_head:timers:spider_head_timer:events_when_complete" is not a valid setting name.
2025-04-17 21:23:11,295 : WARNING : ConfigValidator : Unrecognized config setting. "mode:ball_lock:multiball_locks:ball_lock:full_event" is not a valid setting name.
2025-04-17 21:23:11,295 : WARNING : ConfigValidator : Unrecognized config setting. "mode:ball_lock:multiball_locks:ball_lock:replace_balls_in_play" is not a valid setting name.
2025-04-17 21:23:11,295 : WARNING : ConfigValidator : Unrecognized config setting. "mode:discovery:timers:discovery_timer:events_when_complete" is not a valid setting name.
2025-04-17 21:23:11,295 : WARNING : ConfigValidator : Unrecognized config setting. "mode:multiball:timers:multiball_jackpot_timer:events_when_complete" is not a valid setting name.
2025-04-17 21:23:11,295 : WARNING : ConfigValidator : Unrecognized config setting. "mode:multiball:timers:right_ramp_validity_timer:events_when_complete" is not a valid setting name.
2025-04-17 21:23:11,295 : WARNING : ConfigValidator : Unrecognized config setting. "mode:main_gameplay:shots:dog_hunt_qualify:sequence" is not a valid setting name.
2025-04-17 21:23:11,295 : WARNING : ConfigValidator : Unrecognized config setting. "mode:main_gameplay:shots:dog_hunt_qualify:events_when_hit" is not a valid setting name.
2025-04-17 21:23:11,295 : WARNING : ConfigValidator : Unrecognized config setting. "mode:main_gameplay:shots:spider_head_qualify:sequence" is not a valid setting name.
2025-04-17 21:23:11,295 : WARNING : ConfigValidator : Unrecognized config setting. "mode:main_gameplay:shots:spider_head_qualify:events_when_hit" is not a valid setting name.
2025-04-17 21:23:11,295 : WARNING : ConfigValidator : Unrecognized config setting. "mode:main_gameplay:shots:infected_qualify:sequence" is not a valid setting name.
2025-04-17 21:23:11,295 : WARNING : ConfigValidator : Unrecognized config setting. "mode:main_gameplay:shots:infected_qualify:events_when_hit" is not a valid setting name.
2025-04-17 21:23:11,295 : WARNING : ConfigValidator : Unrecognized config setting. "mode:main_gameplay:shots:blood_test_qualify:sequence" is not a valid setting name.
2025-04-17 21:23:11,295 : WARNING : ConfigValidator : Unrecognized config setting. "mode:main_gameplay:shots:blood_test_qualify:events_when_hit" is not a valid setting name.
2025-04-17 21:23:11,295 : WARNING : ConfigValidator : Unrecognized config setting. "mode:main_gameplay:shots:discovery_qualify:sequence" is not a valid setting name.
2025-04-17 21:23:11,295 : WARNING : ConfigValidator : Unrecognized config setting. "mode:main_gameplay:shots:discovery_qualify:events_when_hit" is not a valid setting name.
2025-04-17 21:23:11,295 : WARNING : ConfigValidator : Unrecognized config setting. "mode:main_gameplay:shots:wizard_qualify:sequence" is not a valid setting name.
2025-04-17 21:23:11,295 : WARNING : ConfigValidator : Unrecognized config setting. "mode:main_gameplay:shots:wizard_qualify:events_when_hit" is not a valid setting name.
2025-04-17 21:23:11,311 : WARNING : ConfigValidator : Unrecognized config setting. "mode:infected:timers:infected_timer:events_when_complete" is not a valid setting name.
2025-04-17 21:23:11,312 : INFO : EventManager : Event: ======'drop_target_bank_vuk_bank_up'====== Args={}
2025-04-17 21:23:11,312 : INFO : EventManager : Event: ======'logicblock_spinner_value_updated'====== Args={'value': 0, 'enabled': False}
2025-04-17 21:23:11,312 : INFO : EventManager : Event: ======'logicblock_newton_hit_counter_updated'====== Args={'value': 0, 'enabled': False}
2025-04-17 21:23:11,312 : INFO : EventManager : Event: ======'logicblock_diverter_pattern_updated'====== Args={'value': 0, 'enabled': False}
2025-04-17 21:23:11,312 : INFO : EventManager : Event: ======'logicblock_blood_target_counter_updated'====== Args={'value': 0, 'enabled': False}
2025-04-17 21:23:13,905 : INFO : SwitchController : <<<<<<< 's_trough_ball' active >>>>>>>
2025-04-17 21:23:13,905 : INFO : SwitchController : <<<<<<< 's_ramp_up_1' active >>>>>>>
2025-04-17 21:23:13,905 : INFO : SwitchController : <<<<<<< 's_start_button' active >>>>>>>
2025-04-17 21:23:13,905 : WARNING : ConfigValidator : Unrecognized config setting. "coil_player:enable_ms" is not a valid setting name.
2025-04-17 21:23:13,905 : WARNING : ConfigValidator : Unrecognized config setting. "coil_player:enable_ms" is not a valid setting name.
2025-04-17 21:23:13,912 : INFO : EventManager : Event: ======'init_phase_2'====== Args={}
2025-04-17 21:23:13,914 : INFO : SwitchController : Found active switch: (51, [FAST Platform Interface]) <switch.s_trough_ball>
2025-04-17 21:23:13,914 : INFO : SwitchController : Found active switch: (40, [FAST Platform Interface]) <switch.s_ramp_up_1>
2025-04-17 21:23:13,914 : INFO : SwitchController : Found active switch: (10, [FAST Platform Interface]) <switch.s_start_button>
2025-04-17 21:23:13,918 : WARNING : ConfigValidator : Unrecognized config setting. "slide_player:widgets" is not a valid setting name.
2025-04-17 21:23:13,918 : WARNING : ConfigValidator : Unrecognized config setting. "slide_player:widgets" is not a valid setting name.
2025-04-17 21:23:13,920 : WARNING : ConfigValidator : Unrecognized config setting. "slide_player:widgets" is not a valid setting name.
2025-04-17 21:23:13,920 : WARNING : ConfigValidator : Unrecognized config setting. "slide_player:widgets" is not a valid setting name.
2025-04-17 21:23:13,920 : WARNING : ConfigValidator : Unrecognized config setting. "slide_player:widgets" is not a valid setting name.
2025-04-17 21:23:13,920 : WARNING : ConfigValidator : Unrecognized config setting. "slide_player:widgets" is not a valid setting name.
2025-04-17 21:23:13,920 : WARNING : ConfigValidator : Unrecognized config setting. "slide_player:widgets" is not a valid setting name.
2025-04-17 21:23:13,920 : WARNING : ConfigValidator : Unrecognized config setting. "slide_player:widgets" is not a valid setting name.
2025-04-17 21:23:13,920 : WARNING : ConfigValidator : Unrecognized config setting. "slide_player:widgets" is not a valid setting name.
2025-04-17 21:23:13,920 : WARNING : ConfigValidator : Unrecognized config setting. "slide_player:widgets" is not a valid setting name.
2025-04-17 21:23:13,920 : WARNING : ConfigValidator : Unrecognized config setting. "slide_player:widgets" is not a valid setting name.
2025-04-17 21:23:13,920 : WARNING : ConfigValidator : Unrecognized config setting. "slide_player:widgets" is not a valid setting name.
2025-04-17 21:23:13,920 : WARNING : ConfigValidator : Unrecognized config setting. "slide_player:widgets" is not a valid setting name.
2025-04-17 21:23:13,920 : WARNING : ConfigValidator : Unrecognized config setting. "slide_player:widgets" is not a valid setting name.
2025-04-17 21:23:13,920 : WARNING : ConfigValidator : Unrecognized config setting. "slide_player:widgets" is not a valid setting name.
2025-04-17 21:23:13,920 : WARNING : ConfigValidator : Unrecognized config setting. "slide_player:widgets" is not a valid setting name.
2025-04-17 21:23:13,920 : WARNING : ConfigValidator : Unrecognized config setting. "slide_player:widgets" is not a valid setting name.
2025-04-17 21:23:13,920 : WARNING : ConfigValidator : Unrecognized config setting. "slide_player:widgets" is not a valid setting name.
2025-04-17 21:23:13,920 : WARNING : ConfigValidator : Unrecognized config setting. "slide_player:widgets" is not a valid setting name.
2025-04-17 21:23:13,922 : WARNING : ConfigValidator : Unrecognized config setting. "high_score:events_when_complete" is not a valid setting name.
2025-04-17 21:23:13,922 : INFO : EventManager : Event: ======'machine_var_score1_label'====== Args={'value': 'GRAND CHAMPION', 'prev_value': None, 'change': True}
2025-04-17 21:23:13,922 : INFO : EventManager : Event: ======'machine_var_score1_name'====== Args={'value': 'THING', 'prev_value': None, 'change': True}
2025-04-17 21:23:13,922 : INFO : EventManager : Event: ======'machine_var_score1_value'====== Args={'value': 5000000, 'prev_value': None, 'change': True}
2025-04-17 21:23:13,922 : INFO : EventManager : Event: ======'machine_var_score2_label'====== Args={'value': 'HIGH SCORE 1', 'prev_value': None, 'change': True}
2025-04-17 21:23:13,922 : INFO : EventManager : Event: ======'machine_var_score2_name'====== Args={'value': 'MPF', 'prev_value': None, 'change': True}
2025-04-17 21:23:13,922 : INFO : EventManager : Event: ======'machine_var_score2_value'====== Args={'value': 4000000, 'prev_value': None, 'change': True}
2025-04-17 21:23:13,922 : INFO : EventManager : Event: ======'machine_var_score3_label'====== Args={'value': 'HIGH SCORE 2', 'prev_value': None, 'change': True}
2025-04-17 21:23:13,922 : INFO : EventManager : Event: ======'machine_var_score3_name'====== Args={'value': 'PINBALL', 'prev_value': None, 'change': True}
2025-04-17 21:23:13,922 : INFO : EventManager : Event: ======'machine_var_score3_value'====== Args={'value': 3000000, 'prev_value': None, 'change': True}
2025-04-17 21:23:13,922 : INFO : EventManager : Event: ======'machine_var_score4_label'====== Args={'value': 'HIGH SCORE 3', 'prev_value': None, 'change': True}
2025-04-17 21:23:13,922 : INFO : EventManager : Event: ======'machine_var_score4_name'====== Args={'value': 'WIZARD', 'prev_value': None, 'change': True}
2025-04-17 21:23:13,922 : INFO : EventManager : Event: ======'machine_var_score4_value'====== Args={'value': 2000000, 'prev_value': None, 'change': True}
2025-04-17 21:23:13,922 : INFO : EventManager : Event: ======'machine_var_score5_label'====== Args={'value': 'HIGH SCORE 4', 'prev_value': None, 'change': True}
2025-04-17 21:23:13,922 : INFO : EventManager : Event: ======'machine_var_score5_name'====== Args={'value': 'PLAYER', 'prev_value': None, 'change': True}
2025-04-17 21:23:13,922 : INFO : EventManager : Event: ======'machine_var_score5_value'====== Args={'value': 1000000, 'prev_value': None, 'change': True}
2025-04-17 21:23:14,416 : INFO : ball_device.bd_trough : BCH: Initial count: 1
2025-04-17 21:23:14,416 : INFO : ball_device.bd_trough : State: idle
2025-04-17 21:23:14,418 : INFO : ball_device.bd_shooter_lane : BCH: Initial count: 0
2025-04-17 21:23:14,418 : INFO : ball_device.bd_shooter_lane : State: idle
2025-04-17 21:23:14,418 : INFO : ball_device.bd_ball_lock : BCH: Initial count: 0
2025-04-17 21:23:14,418 : INFO : ball_device.bd_ball_lock : State: idle
2025-04-17 21:23:14,420 : INFO : ball_device.bd_mode : BCH: Initial count: 0
2025-04-17 21:23:14,420 : INFO : ball_device.bd_mode : State: idle
2025-04-17 21:23:14,446 : INFO : EventManager : Event: ======'init_phase_3'====== Args={}
2025-04-17 21:23:14,448 : INFO : EventManager : Event: ======'init_phase_4'====== Args={}
2025-04-17 21:23:14,448 : INFO : BallController : Initial balls found: 1
2025-04-17 21:23:14,448 : INFO : EventManager : Event: ======'machine_var_audits_events_game_ended'====== Args={'value': 0, 'prev_value': None, 'change': True}
2025-04-17 21:23:14,448 : INFO : EventManager : Event: ======'machine_var_audits_events_game_started'====== Args={'value': 583, 'prev_value': None, 'change': True}
2025-04-17 21:23:14,448 : INFO : EventManager : Event: ======'machine_var_audits_missing_switches_s_back_button'====== Args={'value': 147, 'prev_value': None, 'change': True}
2025-04-17 21:23:14,448 : INFO : EventManager : Event: ======'machine_var_audits_missing_switches_s_ball_lock_1'====== Args={'value': 22, 'prev_value': None, 'change': True}
2025-04-17 21:23:14,448 : INFO : EventManager : Event: ======'machine_var_audits_missing_switches_s_ball_lock_2'====== Args={'value': 22, 'prev_value': None, 'change': True}
2025-04-17 21:23:14,448 : INFO : EventManager : Event: ======'machine_var_audits_missing_switches_s_ball_lock_3'====== Args={'value': 22, 'prev_value': None, 'change': True}
2025-04-17 21:23:14,448 : INFO : EventManager : Event: ======'machine_var_audits_missing_switches_s_blood_target'====== Args={'value': 22, 'prev_value': None, 'change': True}
2025-04-17 21:23:14,448 : INFO : EventManager : Event: ======'machine_var_audits_missing_switches_s_down_button'====== Args={'value': 147, 'prev_value': None, 'change': True}
2025-04-17 21:23:14,448 : INFO : EventManager : Event: ======'machine_var_audits_missing_switches_s_enter_button'====== Args={'value': 147, 'prev_value': None, 'change': True}
2025-04-17 21:23:14,448 : INFO : EventManager : Event: ======'machine_var_audits_missing_switches_s_inlane_left'====== Args={'value': 148, 'prev_value': None, 'change': True}
2025-04-17 21:23:14,448 : INFO : EventManager : Event: ======'machine_var_audits_missing_switches_s_inlane_right'====== Args={'value': 63, 'prev_value': None, 'change': True}
2025-04-17 21:23:14,448 : INFO : EventManager : Event: ======'machine_var_audits_missing_switches_s_launch'====== Args={'value': 6, 'prev_value': None, 'change': True}
2025-04-17 21:23:14,450 : INFO : EventManager : Event: ======'machine_var_audits_missing_switches_s_left_button_2'====== Args={'value': 22, 'prev_value': None, 'change': True}
2025-04-17 21:23:14,450 : INFO : EventManager : Event: ======'machine_var_audits_missing_switches_s_left_flipper'====== Args={'value': 363, 'prev_value': None, 'change': True}
2025-04-17 21:23:14,450 : INFO : EventManager : Event: ======'machine_var_audits_missing_switches_s_left_flipper_button'====== Args={'value': 22, 'prev_value': None, 'change': True}
2025-04-17 21:23:14,450 : INFO : EventManager : Event: ======'machine_var_audits_missing_switches_s_left_flipper_eos'====== Args={'value': 22, 'prev_value': None, 'change': True}
2025-04-17 21:23:14,450 : INFO : EventManager : Event: ======'machine_var_audits_missing_switches_s_left_inlane'====== Args={'value': 6, 'prev_value': None, 'change': True}
2025-04-17 21:23:14,450 : INFO : EventManager : Event: ======'machine_var_audits_missing_switches_s_left_inner_lane'====== Args={'value': 357, 'prev_value': None, 'change': True}
2025-04-17 21:23:14,450 : INFO : EventManager : Event: ======'machine_var_audits_missing_switches_s_left_outer_lane'====== Args={'value': 153, 'prev_value': None, 'change': True}
2025-04-17 21:23:14,450 : INFO : EventManager : Event: ======'machine_var_audits_missing_switches_s_left_outlane'====== Args={'value': 6, 'prev_value': None, 'change': True}
2025-04-17 21:23:14,450 : INFO : EventManager : Event: ======'machine_var_audits_missing_switches_s_left_ramp_entry_1'====== Args={'value': 37, 'prev_value': None, 'change': True}
2025-04-17 21:23:14,450 : INFO : EventManager : Event: ======'machine_var_audits_missing_switches_s_left_sling'====== Args={'value': 363, 'prev_value': None, 'change': True}
2025-04-17 21:23:14,450 : INFO : EventManager : Event: ======'machine_var_audits_missing_switches_s_left_slingshot'====== Args={'value': 54, 'prev_value': None, 'change': True}
2025-04-17 21:23:14,450 : INFO : EventManager : Event: ======'machine_var_audits_missing_switches_s_mead'====== Args={'value': 267, 'prev_value': None, 'change': True}
2025-04-17 21:23:14,450 : INFO : EventManager : Event: ======'machine_var_audits_missing_switches_s_newton_opto_made'====== Args={'value': 191, 'prev_value': None, 'change': True}
2025-04-17 21:23:14,450 : INFO : EventManager : Event: ======'machine_var_audits_missing_switches_s_outlane_left'====== Args={'value': 179, 'prev_value': None, 'change': True}
2025-04-17 21:23:14,450 : INFO : EventManager : Event: ======'machine_var_audits_missing_switches_s_outlane_right'====== Args={'value': 148, 'prev_value': None, 'change': True}
2025-04-17 21:23:14,450 : INFO : EventManager : Event: ======'machine_var_audits_missing_switches_s_percy'====== Args={'value': 85, 'prev_value': None, 'change': True}
2025-04-17 21:23:14,450 : INFO : EventManager : Event: ======'machine_var_audits_missing_switches_s_plunger'====== Args={'value': 363, 'prev_value': None, 'change': True}
2025-04-17 21:23:14,450 : INFO : EventManager : Event: ======'machine_var_audits_missing_switches_s_pop_bumper_1'====== Args={'value': 24, 'prev_value': None, 'change': True}
2025-04-17 21:23:14,450 : INFO : EventManager : Event: ======'machine_var_audits_missing_switches_s_pop_bumper_2'====== Args={'value': 24, 'prev_value': None, 'change': True}
2025-04-17 21:23:14,450 : INFO : EventManager : Event: ======'machine_var_audits_missing_switches_s_pop_bumper_3'====== Args={'value': 24, 'prev_value': None, 'change': True}
2025-04-17 21:23:14,450 : INFO : EventManager : Event: ======'machine_var_audits_missing_switches_s_right_button_2'====== Args={'value': 22, 'prev_value': None, 'change': True}
2025-04-17 21:23:14,450 : INFO : EventManager : Event: ======'machine_var_audits_missing_switches_s_right_flipper'====== Args={'value': 363, 'prev_value': None, 'change': True}
2025-04-17 21:23:14,450 : INFO : EventManager : Event: ======'machine_var_audits_missing_switches_s_right_flipper_button'====== Args={'value': 22, 'prev_value': None, 'change': True}
2025-04-17 21:23:14,450 : INFO : EventManager : Event: ======'machine_var_audits_missing_switches_s_right_flipper_eos'====== Args={'value': 22, 'prev_value': None, 'change': True}
2025-04-17 21:23:14,450 : INFO : EventManager : Event: ======'machine_var_audits_missing_switches_s_right_inlane'====== Args={'value': 6, 'prev_value': None, 'change': True}
2025-04-17 21:23:14,450 : INFO : EventManager : Event: ======'machine_var_audits_missing_switches_s_right_inner_lane'====== Args={'value': 357, 'prev_value': None, 'change': True}
2025-04-17 21:23:14,450 : INFO : EventManager : Event: ======'machine_var_audits_missing_switches_s_right_orbit_1'====== Args={'value': 22, 'prev_value': None, 'change': True}
2025-04-17 21:23:14,450 : INFO : EventManager : Event: ======'machine_var_audits_missing_switches_s_right_outer_lane'====== Args={'value': 357, 'prev_value': None, 'change': True}
2025-04-17 21:23:14,450 : INFO : EventManager : Event: ======'machine_var_audits_missing_switches_s_right_outlane'====== Args={'value': 6, 'prev_value': None, 'change': True}
2025-04-17 21:23:14,450 : INFO : EventManager : Event: ======'machine_var_audits_missing_switches_s_right_ramp_entry_1'====== Args={'value': 22, 'prev_value': None, 'change': True}
2025-04-17 21:23:14,450 : INFO : EventManager : Event: ======'machine_var_audits_missing_switches_s_right_sling'====== Args={'value': 363, 'prev_value': None, 'change': True}
2025-04-17 21:23:14,450 : INFO : EventManager : Event: ======'machine_var_audits_missing_switches_s_right_slingshot'====== Args={'value': 27, 'prev_value': None, 'change': True}
2025-04-17 21:23:14,450 : INFO : EventManager : Event: ======'machine_var_audits_missing_switches_s_scanlan'====== Args={'value': 204, 'prev_value': None, 'change': True}
2025-04-17 21:23:14,450 : INFO : EventManager : Event: ======'machine_var_audits_missing_switches_s_spinner'====== Args={'value': 23, 'prev_value': None, 'change': True}
2025-04-17 21:23:14,450 : INFO : EventManager : Event: ======'machine_var_audits_missing_switches_s_start'====== Args={'value': 6, 'prev_value': None, 'change': True}
2025-04-17 21:23:14,450 : INFO : EventManager : Event: ======'machine_var_audits_missing_switches_s_start_button'====== Args={'value': 148, 'prev_value': None, 'change': True}
2025-04-17 21:23:14,450 : INFO : EventManager : Event: ======'machine_var_audits_missing_switches_s_trough_1'====== Args={'value': 55, 'prev_value': None, 'change': True}
2025-04-17 21:23:14,450 : INFO : EventManager : Event: ======'machine_var_audits_missing_switches_s_trough_2'====== Args={'value': 11, 'prev_value': None, 'change': True}
2025-04-17 21:23:14,450 : INFO : EventManager : Event: ======'machine_var_audits_missing_switches_s_trough_3'====== Args={'value': 11, 'prev_value': None, 'change': True}
2025-04-17 21:23:14,450 : INFO : EventManager : Event: ======'machine_var_audits_missing_switches_s_trough_4'====== Args={'value': 11, 'prev_value': None, 'change': True}
2025-04-17 21:23:14,450 : INFO : EventManager : Event: ======'machine_var_audits_missing_switches_s_trough_5'====== Args={'value': 11, 'prev_value': None, 'change': True}
2025-04-17 21:23:14,450 : INFO : EventManager : Event: ======'machine_var_audits_missing_switches_s_trough_6'====== Args={'value': 11, 'prev_value': None, 'change': True}
2025-04-17 21:23:14,450 : INFO : EventManager : Event: ======'machine_var_audits_missing_switches_s_trough_7'====== Args={'value': 1, 'prev_value': None, 'change': True}
2025-04-17 21:23:14,450 : INFO : EventManager : Event: ======'machine_var_audits_missing_switches_s_trough_ball_1'====== Args={'value': 363, 'prev_value': None, 'change': True}
2025-04-17 21:23:14,450 : INFO : EventManager : Event: ======'machine_var_audits_missing_switches_s_trough_ball_2'====== Args={'value': 363, 'prev_value': None, 'change': True}
2025-04-17 21:23:14,450 : INFO : EventManager : Event: ======'machine_var_audits_missing_switches_s_trough_ball_3'====== Args={'value': 363, 'prev_value': None, 'change': True}
2025-04-17 21:23:14,450 : INFO : EventManager : Event: ======'machine_var_audits_missing_switches_s_trough_ball_4'====== Args={'value': 278, 'prev_value': None, 'change': True}
2025-04-17 21:23:14,450 : INFO : EventManager : Event: ======'machine_var_audits_missing_switches_s_trough_ball_5'====== Args={'value': 363, 'prev_value': None, 'change': True}
2025-04-17 21:23:14,450 : INFO : EventManager : Event: ======'machine_var_audits_missing_switches_s_trough_ball_6'====== Args={'value': 95, 'prev_value': None, 'change': True}
2025-04-17 21:23:14,452 : INFO : EventManager : Event: ======'machine_var_audits_missing_switches_s_up_button'====== Args={'value': 147, 'prev_value': None, 'change': True}
2025-04-17 21:23:14,452 : INFO : EventManager : Event: ======'machine_var_audits_player_score'====== Args={'value': {'average': 0, 'top': [], 'total': 0}, 'prev_value': None, 'change': True}
2025-04-17 21:23:14,452 : INFO : EventManager : Event: ======'machine_var_audits_shots_dog_hunt_qualify'====== Args={'value': 57, 'prev_value': None, 'change': True}
2025-04-17 21:23:14,452 : INFO : EventManager : Event: ======'machine_var_audits_shots_mead_shot'====== Args={'value': 223, 'prev_value': None, 'change': True}
2025-04-17 21:23:14,452 : INFO : EventManager : Event: ======'machine_var_audits_shots_percy_shot'====== Args={'value': 56, 'prev_value': None, 'change': True}
2025-04-17 21:23:14,452 : INFO : EventManager : Event: ======'machine_var_audits_shots_scanlan_shot'====== Args={'value': 121, 'prev_value': None, 'change': True}
2025-04-17 21:23:14,452 : INFO : EventManager : Event: ======'machine_var_audits_shots_video_shot_1'====== Args={'value': 24, 'prev_value': None, 'change': True}
2025-04-17 21:23:14,452 : INFO : EventManager : Event: ======'machine_var_audits_shots_video_shot_2'====== Args={'value': 20, 'prev_value': None, 'change': True}
2025-04-17 21:23:14,452 : INFO : EventManager : Event: ======'machine_var_audits_switches_s_3bank_tgt_d'====== Args={'value': 84, 'prev_value': None, 'change': True}
2025-04-17 21:23:14,452 : INFO : EventManager : Event: ======'machine_var_audits_switches_s_3bank_tgt_g'====== Args={'value': 100, 'prev_value': None, 'change': True}
2025-04-17 21:23:14,452 : INFO : EventManager : Event: ======'machine_var_audits_switches_s_3bank_tgt_o'====== Args={'value': 89, 'prev_value': None, 'change': True}
2025-04-17 21:23:14,452 : INFO : EventManager : Event: ======'machine_var_audits_switches_s_auto_launcher'====== Args={'value': 0, 'prev_value': None, 'change': True}
2025-04-17 21:23:14,452 : INFO : EventManager : Event: ======'machine_var_audits_switches_s_back_button'====== Args={'value': 0, 'prev_value': None, 'change': True}
2025-04-17 21:23:14,452 : INFO : EventManager : Event: ======'machine_var_audits_switches_s_ball_drain'====== Args={'value': 0, 'prev_value': None, 'change': True}
2025-04-17 21:23:14,452 : INFO : EventManager : Event: ======'machine_var_audits_switches_s_ball_lock_1'====== Args={'value': 150, 'prev_value': None, 'change': True}
2025-04-17 21:23:14,452 : INFO : EventManager : Event: ======'machine_var_audits_switches_s_ball_lock_2'====== Args={'value': 132, 'prev_value': None, 'change': True}
2025-04-17 21:23:14,452 : INFO : EventManager : Event: ======'machine_var_audits_switches_s_ball_lock_3'====== Args={'value': 132, 'prev_value': None, 'change': True}
2025-04-17 21:23:14,452 : INFO : EventManager : Event: ======'machine_var_audits_switches_s_blood_target'====== Args={'value': 377, 'prev_value': None, 'change': True}
2025-04-17 21:23:14,452 : INFO : EventManager : Event: ======'machine_var_audits_switches_s_down_button'====== Args={'value': 0, 'prev_value': None, 'change': True}
2025-04-17 21:23:14,452 : INFO : EventManager : Event: ======'machine_var_audits_switches_s_enter_button'====== Args={'value': 0, 'prev_value': None, 'change': True}
2025-04-17 21:23:14,452 : INFO : EventManager : Event: ======'machine_var_audits_switches_s_inlane_left'====== Args={'value': 9, 'prev_value': None, 'change': True}
2025-04-17 21:23:14,452 : INFO : EventManager : Event: ======'machine_var_audits_switches_s_inlane_right'====== Args={'value': 22, 'prev_value': None, 'change': True}
2025-04-17 21:23:14,452 : INFO : EventManager : Event: ======'machine_var_audits_switches_s_launch'====== Args={'value': 0, 'prev_value': None, 'change': True}
2025-04-17 21:23:14,452 : INFO : EventManager : Event: ======'machine_var_audits_switches_s_left_button_2'====== Args={'value': 243, 'prev_value': None, 'change': True}
2025-04-17 21:23:14,452 : INFO : EventManager : Event: ======'machine_var_audits_switches_s_left_flipper'====== Args={'value': 36, 'prev_value': None, 'change': True}
2025-04-17 21:23:14,452 : INFO : EventManager : Event: ======'machine_var_audits_switches_s_left_flipper_button'====== Args={'value': 233, 'prev_value': None, 'change': True}
2025-04-17 21:23:14,452 : INFO : EventManager : Event: ======'machine_var_audits_switches_s_left_flipper_eos'====== Args={'value': 212, 'prev_value': None, 'change': True}
2025-04-17 21:23:14,452 : INFO : EventManager : Event: ======'machine_var_audits_switches_s_left_inlane'====== Args={'value': 0, 'prev_value': None, 'change': True}
2025-04-17 21:23:14,452 : INFO : EventManager : Event: ======'machine_var_audits_switches_s_left_inner_lane'====== Args={'value': 0, 'prev_value': None, 'change': True}
2025-04-17 21:23:14,452 : INFO : EventManager : Event: ======'machine_var_audits_switches_s_left_outer_lane'====== Args={'value': 0, 'prev_value': None, 'change': True}
2025-04-17 21:23:14,452 : INFO : EventManager : Event: ======'machine_var_audits_switches_s_left_outlane'====== Args={'value': 0, 'prev_value': None, 'change': True}
2025-04-17 21:23:14,452 : INFO : EventManager : Event: ======'machine_var_audits_switches_s_left_ramp_entry_1'====== Args={'value': 1064, 'prev_value': None, 'change': True}
2025-04-17 21:23:14,452 : INFO : EventManager : Event: ======'machine_var_audits_switches_s_left_sling'====== Args={'value': 7, 'prev_value': None, 'change': True}
2025-04-17 21:23:14,452 : INFO : EventManager : Event: ======'machine_var_audits_switches_s_left_slingshot'====== Args={'value': 13, 'prev_value': None, 'change': True}
2025-04-17 21:23:14,452 : INFO : EventManager : Event: ======'machine_var_audits_switches_s_mead'====== Args={'value': 0, 'prev_value': None, 'change': True}
2025-04-17 21:23:14,452 : INFO : EventManager : Event: ======'machine_var_audits_switches_s_mode_opto'====== Args={'value': 213, 'prev_value': None, 'change': True}
2025-04-17 21:23:14,452 : INFO : EventManager : Event: ======'machine_var_audits_switches_s_newton_opto_made'====== Args={'value': 2, 'prev_value': None, 'change': True}
2025-04-17 21:23:14,452 : INFO : EventManager : Event: ======'machine_var_audits_switches_s_outlane_left'====== Args={'value': 3, 'prev_value': None, 'change': True}
2025-04-17 21:23:14,452 : INFO : EventManager : Event: ======'machine_var_audits_switches_s_outlane_right'====== Args={'value': 6, 'prev_value': None, 'change': True}
2025-04-17 21:23:14,452 : INFO : EventManager : Event: ======'machine_var_audits_switches_s_percy'====== Args={'value': 0, 'prev_value': None, 'change': True}
2025-04-17 21:23:14,452 : INFO : EventManager : Event: ======'machine_var_audits_switches_s_plunger'====== Args={'value': 9, 'prev_value': None, 'change': True}
2025-04-17 21:23:14,452 : INFO : EventManager : Event: ======'machine_var_audits_switches_s_pop_bumper_1'====== Args={'value': 63, 'prev_value': None, 'change': True}
2025-04-17 21:23:14,452 : INFO : EventManager : Event: ======'machine_var_audits_switches_s_pop_bumper_2'====== Args={'value': 40, 'prev_value': None, 'change': True}
2025-04-17 21:23:14,452 : INFO : EventManager : Event: ======'machine_var_audits_switches_s_pop_bumper_3'====== Args={'value': 47, 'prev_value': None, 'change': True}
2025-04-17 21:23:14,452 : INFO : EventManager : Event: ======'machine_var_audits_switches_s_ramp_up_1'====== Args={'value': 219, 'prev_value': None, 'change': True}
2025-04-17 21:23:14,452 : INFO : EventManager : Event: ======'machine_var_audits_switches_s_right_button_2'====== Args={'value': 66, 'prev_value': None, 'change': True}
2025-04-17 21:23:14,452 : INFO : EventManager : Event: ======'machine_var_audits_switches_s_right_flipper'====== Args={'value': 131, 'prev_value': None, 'change': True}
2025-04-17 21:23:14,452 : INFO : EventManager : Event: ======'machine_var_audits_switches_s_right_flipper_button'====== Args={'value': 64, 'prev_value': None, 'change': True}
2025-04-17 21:23:14,452 : INFO : EventManager : Event: ======'machine_var_audits_switches_s_right_flipper_eos'====== Args={'value': 60, 'prev_value': None, 'change': True}
2025-04-17 21:23:14,452 : INFO : EventManager : Event: ======'machine_var_audits_switches_s_right_inlane'====== Args={'value': 0, 'prev_value': None, 'change': True}
2025-04-17 21:23:14,452 : INFO : EventManager : Event: ======'machine_var_audits_switches_s_right_inner_lane'====== Args={'value': 0, 'prev_value': None, 'change': True}
2025-04-17 21:23:14,452 : INFO : EventManager : Event: ======'machine_var_audits_switches_s_right_orbit_1'====== Args={'value': 100, 'prev_value': None, 'change': True}
2025-04-17 21:23:14,454 : INFO : EventManager : Event: ======'machine_var_audits_switches_s_right_outer_lane'====== Args={'value': 0, 'prev_value': None, 'change': True}
2025-04-17 21:23:14,454 : INFO : EventManager : Event: ======'machine_var_audits_switches_s_right_outlane'====== Args={'value': 0, 'prev_value': None, 'change': True}
2025-04-17 21:23:14,454 : INFO : EventManager : Event: ======'machine_var_audits_switches_s_right_ramp_entry_1'====== Args={'value': 107, 'prev_value': None, 'change': True}
2025-04-17 21:23:14,454 : INFO : EventManager : Event: ======'machine_var_audits_switches_s_right_sling'====== Args={'value': 3, 'prev_value': None, 'change': True}
2025-04-17 21:23:14,454 : INFO : EventManager : Event: ======'machine_var_audits_switches_s_right_slingshot'====== Args={'value': 25, 'prev_value': None, 'change': True}
2025-04-17 21:23:14,454 : INFO : EventManager : Event: ======'machine_var_audits_switches_s_scanlan'====== Args={'value': 0, 'prev_value': None, 'change': True}
2025-04-17 21:23:14,454 : INFO : EventManager : Event: ======'machine_var_audits_switches_s_shooter_lane'====== Args={'value': 283, 'prev_value': None, 'change': True}
2025-04-17 21:23:14,454 : INFO : EventManager : Event: ======'machine_var_audits_switches_s_spinner'====== Args={'value': 1458, 'prev_value': None, 'change': True}
2025-04-17 21:23:14,454 : INFO : EventManager : Event: ======'machine_var_audits_switches_s_start'====== Args={'value': 38, 'prev_value': None, 'change': True}
2025-04-17 21:23:14,454 : INFO : EventManager : Event: ======'machine_var_audits_switches_s_start_button'====== Args={'value': 4, 'prev_value': None, 'change': True}
2025-04-17 21:23:14,454 : INFO : EventManager : Event: ======'machine_var_audits_switches_s_switch_2'====== Args={'value': 0, 'prev_value': None, 'change': True}
2025-04-17 21:23:14,454 : INFO : EventManager : Event: ======'machine_var_audits_switches_s_trough_1'====== Args={'value': 4, 'prev_value': None, 'change': True}
2025-04-17 21:23:14,454 : INFO : EventManager : Event: ======'machine_var_audits_switches_s_trough_2'====== Args={'value': 108, 'prev_value': None, 'change': True}
2025-04-17 21:23:14,454 : INFO : EventManager : Event: ======'machine_var_audits_switches_s_trough_3'====== Args={'value': 114, 'prev_value': None, 'change': True}
2025-04-17 21:23:14,454 : INFO : EventManager : Event: ======'machine_var_audits_switches_s_trough_4'====== Args={'value': 102, 'prev_value': None, 'change': True}
2025-04-17 21:23:14,454 : INFO : EventManager : Event: ======'machine_var_audits_switches_s_trough_5'====== Args={'value': 99, 'prev_value': None, 'change': True}
2025-04-17 21:23:14,454 : INFO : EventManager : Event: ======'machine_var_audits_switches_s_trough_6'====== Args={'value': 137, 'prev_value': None, 'change': True}
2025-04-17 21:23:14,454 : INFO : EventManager : Event: ======'machine_var_audits_switches_s_trough_7'====== Args={'value': 267, 'prev_value': None, 'change': True}
2025-04-17 21:23:14,454 : INFO : EventManager : Event: ======'machine_var_audits_switches_s_trough_ball'====== Args={'value': 306, 'prev_value': None, 'change': True}
2025-04-17 21:23:14,454 : INFO : EventManager : Event: ======'machine_var_audits_switches_s_trough_ball_1'====== Args={'value': 4, 'prev_value': None, 'change': True}
2025-04-17 21:23:14,454 : INFO : EventManager : Event: ======'machine_var_audits_switches_s_trough_ball_2'====== Args={'value': 4, 'prev_value': None, 'change': True}
2025-04-17 21:23:14,454 : INFO : EventManager : Event: ======'machine_var_audits_switches_s_trough_ball_3'====== Args={'value': 1, 'prev_value': None, 'change': True}
2025-04-17 21:23:14,454 : INFO : EventManager : Event: ======'machine_var_audits_switches_s_trough_ball_4'====== Args={'value': 0, 'prev_value': None, 'change': True}
2025-04-17 21:23:14,454 : INFO : EventManager : Event: ======'machine_var_audits_switches_s_trough_ball_5'====== Args={'value': 0, 'prev_value': None, 'change': True}
2025-04-17 21:23:14,454 : INFO : EventManager : Event: ======'machine_var_audits_switches_s_trough_ball_6'====== Args={'value': 1, 'prev_value': None, 'change': True}
2025-04-17 21:23:14,454 : INFO : EventManager : Event: ======'machine_var_audits_switches_s_trough_ball_jam'====== Args={'value': 337, 'prev_value': None, 'change': True}
2025-04-17 21:23:14,454 : INFO : EventManager : Event: ======'machine_var_audits_switches_s_trough_eject_coil'====== Args={'value': 0, 'prev_value': None, 'change': True}
2025-04-17 21:23:14,454 : INFO : EventManager : Event: ======'machine_var_audits_switches_s_up_button'====== Args={'value': 0, 'prev_value': None, 'change': True}
2025-04-17 21:23:14,454 : INFO : EventManager : Event: ======'init_phase_5'====== Args={}
2025-04-17 21:23:14,454 : INFO : EventManager : Event: ======'init_done'====== Args={}
2025-04-17 21:23:14,454 : INFO : EventManager : Event: ======'machine_reset_phase_1'====== Args={}
2025-04-17 21:23:14,454 : INFO : EventManager : Event: ======'machine_reset_phase_2'====== Args={}
2025-04-17 21:23:14,454 : INFO : EventManager : Event: ======'machine_reset_phase_3'====== Args={}
2025-04-17 21:23:14,454 : INFO : EventManager : Event: ======'mode_tilt_will_start'====== Args={'queue': <QueuedEvent>}
2025-04-17 21:23:14,454 : INFO : EventManager : Event: ======'mode_tilt_starting'====== Args={'queue': <QueuedEvent>}
2025-04-17 21:23:14,454 : INFO : EventManager : Event: ======'mode_attract_will_start'====== Args={'queue': <QueuedEvent>}
2025-04-17 21:23:14,454 : INFO : EventManager : Event: ======'mode_attract_starting'====== Args={'queue': <QueuedEvent>}
2025-04-17 21:23:14,454 : INFO : EventManager : Event: ======'diverter_diverter_deactivating'====== Args={}
2025-04-17 21:23:14,454 : INFO : coil.c_diverter : Disabling Driver
2025-04-17 21:23:14,454 : INFO : Mode.attract : Started. Priority: 10
2025-04-17 21:23:14,454 : INFO : EventManager : Event: ======'modes_active_modes_changed'====== Args={}
2025-04-17 21:23:14,454 : INFO : EventManager : Event: ======'mode_attract_started'====== Args={'queue': <QueuedEvent>}
2025-04-17 21:23:14,454 : INFO : Mode.tilt : Started. Priority: 1000000
2025-04-17 21:23:14,454 : INFO : EventManager : Event: ======'modes_active_modes_changed'====== Args={}
2025-04-17 21:23:14,454 : INFO : EventManager : Event: ======'mode_tilt_started'====== Args={'queue': <QueuedEvent>}
2025-04-17 21:23:14,454 : INFO : EventManager : Event: ======'reset_complete'====== Args={}
2025-04-17 21:23:14,458 : INFO : Machine : Starting the main run loop with active modes: [<Mode.tilt>, <Mode.attract>]
2025-04-17 21:23:18,024 : INFO : SwitchController : <<<<<<< 's_trough_2' active >>>>>>>
2025-04-17 21:23:18,058 : INFO : SwitchController : <<<<<<< 's_trough_2' inactive >>>>>>>
2025-04-17 21:23:18,105 : INFO : SwitchController : <<<<<<< 's_trough_3' active >>>>>>>
2025-04-17 21:23:18,138 : INFO : SwitchController : <<<<<<< 's_trough_3' inactive >>>>>>>
2025-04-17 21:23:18,184 : INFO : SwitchController : <<<<<<< 's_trough_4' active >>>>>>>
2025-04-17 21:23:18,217 : INFO : SwitchController : <<<<<<< 's_trough_4' inactive >>>>>>>
2025-04-17 21:23:18,248 : INFO : SwitchController : <<<<<<< 's_trough_5' active >>>>>>>
2025-04-17 21:23:18,279 : INFO : SwitchController : <<<<<<< 's_trough_5' inactive >>>>>>>
2025-04-17 21:23:18,327 : INFO : SwitchController : <<<<<<< 's_trough_6' active >>>>>>>
2025-04-17 21:23:18,343 : INFO : SwitchController : <<<<<<< 's_trough_6' inactive >>>>>>>
2025-04-17 21:23:18,375 : INFO : SwitchController : <<<<<<< 's_trough_7' active >>>>>>>
2025-04-17 21:23:18,407 : INFO : SwitchController : <<<<<<< 's_trough_7' inactive >>>>>>>
2025-04-17 21:23:18,471 : INFO : SwitchController : <<<<<<< 's_trough_2' active >>>>>>>
2025-04-17 21:23:18,503 : INFO : SwitchController : <<<<<<< 's_trough_2' inactive >>>>>>>
2025-04-17 21:23:18,519 : INFO : SwitchController : <<<<<<< 's_trough_7' active >>>>>>>
2025-04-17 21:23:18,551 : INFO : SwitchController : <<<<<<< 's_trough_3' active >>>>>>>
2025-04-17 21:23:18,599 : INFO : SwitchController : <<<<<<< 's_trough_3' inactive >>>>>>>
2025-04-17 21:23:18,631 : INFO : SwitchController : <<<<<<< 's_trough_4' active >>>>>>>
2025-04-17 21:23:18,663 : INFO : SwitchController : <<<<<<< 's_trough_4' inactive >>>>>>>
2025-04-17 21:23:18,711 : INFO : SwitchController : <<<<<<< 's_trough_5' active >>>>>>>
2025-04-17 21:23:18,743 : INFO : SwitchController : <<<<<<< 's_trough_5' inactive >>>>>>>
2025-04-17 21:23:18,775 : INFO : SwitchController : <<<<<<< 's_trough_6' active >>>>>>>
2025-04-17 21:23:18,823 : INFO : SwitchController : <<<<<<< 's_trough_6' inactive >>>>>>>
2025-04-17 21:23:18,903 : INFO : SwitchController : <<<<<<< 's_trough_6' active >>>>>>>
2025-04-17 21:23:19,418 : INFO : EventManager : Event: ======'balldevice_bd_trough_ball_count_changed'====== Args={'balls': 3}
2025-04-17 21:23:19,418 : INFO : ball_device.bd_trough : Received unexpected ball
2025-04-17 21:23:19,418 : INFO : EventManager : Event: ======'balldevice_captured_from_playfield'====== Args={'balls': 1}
2025-04-17 21:23:19,420 : INFO : EventManager : Event: ======'sw_playfield_active'====== Args={'balls': 1}
2025-04-17 21:23:19,420 : INFO : EventManager : Event: ======'playfield_active'====== Args={'source': None}
2025-04-17 21:23:19,420 : INFO : EventManager : Event: ======'unexpected_ball_on_playfield'====== Args={}
2025-04-17 21:23:19,420 : INFO : EventManager : Event: ======'playfield_ball_count_change'====== Args={'balls': -1, 'change': -1}
2025-04-17 21:23:19,420 : INFO : EventManager : Event: ======'balldevice_playfield_ball_enter'====== Args={'new_balls': 1, 'unclaimed_balls': 1, 'device': <playfield.playfield>}
2025-04-17 21:23:19,420 : INFO : EventManager : Event: ======'playfield_ball_count_change'====== Args={'balls': 0, 'change': 1}
2025-04-17 21:23:19,420 : INFO : BallController : Found a new ball which was captured from playfield. Known balls: 2
2025-04-17 21:23:19,420 : INFO : EventManager : Event: ======'found_new_ball'====== Args={}
2025-04-17 21:23:19,420 : INFO : EventManager : Event: ======'balldevice_bd_trough_ball_enter'====== Args={'new_balls': 1, 'unclaimed_balls': 1, 'new_available_balls': 1, 'device': <ball_device.bd_trough>}
2025-04-17 21:23:19,422 : INFO : EventManager : Event: ======'ball_drain'====== Args={'device': <ball_device.bd_trough>, 'balls': 1}
2025-04-17 21:23:19,422 : INFO : EventManager : Event: ======'balldevice_balls_available'====== Args={}
2025-04-17 21:23:19,422 : INFO : EventManager : Event: ======'balldevice_bd_trough_ball_entered'====== Args={'new_balls': 1, 'device': <ball_device.bd_trough>}
2025-04-17 21:23:19,422 : INFO : ball_device.bd_trough : Received unexpected ball
2025-04-17 21:23:19,422 : INFO : EventManager : Event: ======'balldevice_captured_from_playfield'====== Args={'balls': 1}
2025-04-17 21:23:19,422 : INFO : EventManager : Event: ======'sw_playfield_active'====== Args={'balls': 1}
2025-04-17 21:23:19,422 : INFO : EventManager : Event: ======'playfield_active'====== Args={'source': None}
2025-04-17 21:23:19,422 : INFO : EventManager : Event: ======'unexpected_ball_on_playfield'====== Args={}
2025-04-17 21:23:19,422 : INFO : EventManager : Event: ======'playfield_ball_count_change'====== Args={'balls': -1, 'change': -1}
2025-04-17 21:23:19,422 : INFO : EventManager : Event: ======'balldevice_playfield_ball_enter'====== Args={'new_balls': 1, 'unclaimed_balls': 1, 'device': <playfield.playfield>}
2025-04-17 21:23:19,422 : INFO : EventManager : Event: ======'playfield_ball_count_change'====== Args={'balls': 0, 'change': 1}
2025-04-17 21:23:19,422 : INFO : BallController : Found a new ball which was captured from playfield. Known balls: 3
2025-04-17 21:23:19,422 : INFO : EventManager : Event: ======'found_new_ball'====== Args={}
2025-04-17 21:23:19,422 : INFO : EventManager : Event: ======'balldevice_bd_trough_ball_enter'====== Args={'new_balls': 1, 'unclaimed_balls': 1, 'new_available_balls': 1, 'device': <ball_device.bd_trough>}
2025-04-17 21:23:19,422 : INFO : EventManager : Event: ======'ball_drain'====== Args={'device': <ball_device.bd_trough>, 'balls': 1}
2025-04-17 21:23:19,422 : INFO : EventManager : Event: ======'balldevice_balls_available'====== Args={}
2025-04-17 21:23:19,422 : INFO : EventManager : Event: ======'balldevice_bd_trough_ball_entered'====== Args={'new_balls': 1, 'device': <ball_device.bd_trough>}
2025-04-17 21:23:21,660 : INFO : Machine : Shutting down...
2025-04-17 21:23:21,660 : INFO : EventManager : Event: ======'shutdown'====== Args={}
2025-04-17 21:23:21,748 : INFO : root : MPF run loop ended.
