2025-03-28 20:34:33,065 : INFO : root : Loading config.
2025-03-28 20:34:33,069 : INFO : YamlMultifileConfigLoader : Machine config file #1: config.yaml
2025-03-28 20:34:33,069 : INFO : ConfigProcessor : Loading config from cache: C:\Users\homebrew\AppData\Local\Temp\775282453bb9ae39cad69c39ab867a35.mpf_cache
2025-03-28 20:34:33,204 : INFO : ConfigProcessor : Loading config from cache: C:\Users\homebrew\AppData\Local\Temp\14eb6f99ffd433bf1b6bfef7e8b96202.mpf_cache
2025-03-28 20:34:33,204 : INFO : ConfigProcessor : Loading config from cache: C:\Users\homebrew\AppData\Local\Temp\8864efb2a88f9c685592172f4fd0a6a3.mpf_cache
2025-03-28 20:34:33,205 : INFO : ConfigProcessor : Loading config from cache: C:\Users\homebrew\AppData\Local\Temp\1352604168843921958881d1d8dd3c1b.mpf_cache
2025-03-28 20:34:33,206 : INFO : ConfigProcessor : Loading config from cache: C:\Users\homebrew\AppData\Local\Temp\14eb6f99ffd433bf1b6bfef7e8b96202.mpf_cache
2025-03-28 20:34:33,207 : INFO : ConfigProcessor : Loading config from cache: C:\Users\homebrew\AppData\Local\Temp\8864efb2a88f9c685592172f4fd0a6a3.mpf_cache
2025-03-28 20:34:33,207 : INFO : ConfigProcessor : Loading config from cache: C:\Users\homebrew\AppData\Local\Temp\82108c9d10735fbef5e8cced18b7d831.mpf_cache
2025-03-28 20:34:33,208 : INFO : ConfigProcessor : Loading config from cache: C:\Users\homebrew\AppData\Local\Temp\81d0f34cbd4c6d61cd4dad95e5100b6a.mpf_cache
2025-03-28 20:34:33,208 : INFO : ConfigProcessor : Loading config from cache: C:\Users\homebrew\AppData\Local\Temp\85b30d06c34a199299d858e267dca599.mpf_cache
2025-03-28 20:34:33,210 : INFO : ConfigProcessor : Loading config from cache: C:\Users\homebrew\AppData\Local\Temp\b6a0c3fa509e03dd7943cf1395b72ece.mpf_cache
2025-03-28 20:34:33,210 : INFO : ConfigProcessor : Loading config from cache: C:\Users\homebrew\AppData\Local\Temp\d18a920afddb781d4f34b36ac5cb2e09.mpf_cache
2025-03-28 20:34:33,211 : INFO : ConfigProcessor : Loading config from cache: C:\Users\homebrew\AppData\Local\Temp\50de7258194ae9293cbe8c4fce9577e7.mpf_cache
2025-03-28 20:34:33,212 : INFO : ConfigProcessor : Loading config from cache: C:\Users\homebrew\AppData\Local\Temp\2a76f107a833b8953199c5c910a26856.mpf_cache
2025-03-28 20:34:33,212 : INFO : ConfigProcessor : Loading config from cache: C:\Users\homebrew\AppData\Local\Temp\529fba7289b2d9f945cd5a4488c8b5fa.mpf_cache
2025-03-28 20:34:33,213 : INFO : ConfigProcessor : Loading config from cache: C:\Users\homebrew\AppData\Local\Temp\8c97cf9697840e2ca000923ba54f1b48.mpf_cache
2025-03-28 20:34:33,213 : INFO : ConfigProcessor : Loading config from cache: C:\Users\homebrew\AppData\Local\Temp\e8cb3f2c2e9a26851ec893c5156e3f7c.mpf_cache
2025-03-28 20:34:33,214 : INFO : ConfigProcessor : Loading config from cache: C:\Users\homebrew\AppData\Local\Temp\67cfb29d96313268f86362bebab46239.mpf_cache
2025-03-28 20:34:33,216 : INFO : Machine : Mission Pinball Framework Core Engine v0.80.0.dev4
2025-03-28 20:34:33,216 : INFO : Machine : Command line arguments: {'no_load_cache': False, 'create_config_cache': True, 'bcp': False, 'configfile': ['config.yaml'], 'force_assets_load': False, 'platform_integration_test': False, 'jsonlogging': False, 'logfile': 'logs\\2025-03-28-20-34-33-mpf-mpf.log', 'pause': False, 'production': False, 'text_ui': False, 'loglevel': 15, 'consoleloglevel': 20, 'force_platform': None, 'syslog_address': None, 'mc_file_name': None, 'no_sound': False, 'full_logfile_path': 'C:\\Users\\homebrew\\Desktop\\thing_pinball\\logs\\2025-03-28-20-34-33-mpf-mpf.log'}
2025-03-28 20:34:33,216 : INFO : Machine : MPF path: C:\Users\homebrew\AppData\Local\Programs\Python\Python312\Lib\site-packages\mpf
2025-03-28 20:34:33,216 : INFO : Machine : Machine path: C:\Users\homebrew\Desktop\thing_pinball
2025-03-28 20:34:33,216 : INFO : Machine : Platform: win32
2025-03-28 20:34:33,216 : INFO : Machine : Python executable location: C:\Users\homebrew\AppData\Local\Programs\Python\Python312\python.exe
2025-03-28 20:34:33,216 : INFO : Machine : Python version: 3.12.3 (64-bit)
2025-03-28 20:34:33,220 : INFO : Machine : Initializing MPF...
2025-03-28 20:34:33,350 : INFO : FAST [NET] : Trying to connect to com4 at 921600bps
2025-03-28 20:34:33,356 : INFO : FAST [NET] : Connected to com4 at 921600bps
2025-03-28 20:34:33,370 : INFO : FAST [NET] : Connected to FP-CPU-2000 with firmware v02.21
2025-03-28 20:34:33,401 : INFO : FAST [NET] : Registered I/O Board 0: Model: FP-I/O-0024, Firmware: 01.10, Switches: 24, Drivers: 8
2025-03-28 20:34:33,416 : INFO : FAST [NET] : Registered I/O Board 1: Model: FP-I/O-3208, Firmware: 01.10, Switches: 32, Drivers: 8
2025-03-28 20:34:33,432 : INFO : FAST [NET] : Registered I/O Board 2: Model: FP-I/O-0804, Firmware: 01.10, Switches: 8, Drivers: 4
2025-03-28 20:34:33,447 : INFO : FAST [NET] : Registered I/O Board 3: Model: FP-I/O-0804, Firmware: 01.10, Switches: 8, Drivers: 4
2025-03-28 20:34:33,448 : INFO : EventManager : Event: ======'machine_var_credits_string'====== Args={'value': 'FREE PLAY', 'prev_value': None, 'change': True}
2025-03-28 20:34:33,486 : INFO : EventManager : Event: ======'machine_var_master_volume'====== Args={'value': 0.5, 'prev_value': None, 'change': True}
2025-03-28 20:34:33,487 : INFO : EventManager : Event: ======'machine_var_game_mode_dog_hunt_complete'====== Args={'value': 0, 'prev_value': None, 'change': True}
2025-03-28 20:34:33,487 : INFO : EventManager : Event: ======'machine_var_game_mode_discovery_complete'====== Args={'value': 0, 'prev_value': None, 'change': True}
2025-03-28 20:34:33,487 : INFO : EventManager : Event: ======'machine_var_game_mode_infected_complete'====== Args={'value': 0, 'prev_value': None, 'change': True}
2025-03-28 20:34:33,487 : INFO : EventManager : Event: ======'machine_var_game_mode_blood_test_complete'====== Args={'value': 0, 'prev_value': None, 'change': True}
2025-03-28 20:34:33,488 : INFO : EventManager : Event: ======'machine_var_game_mode_spider_head_complete'====== Args={'value': 0, 'prev_value': None, 'change': True}
2025-03-28 20:34:33,488 : INFO : EventManager : Event: ======'machine_var_game_mode_wizard_complete'====== Args={'value': 0, 'prev_value': None, 'change': True}
2025-03-28 20:34:33,488 : INFO : EventManager : Event: ======'machine_var_game_mode_ball_lock_complete'====== Args={'value': 0, 'prev_value': None, 'change': True}
2025-03-28 20:34:33,488 : INFO : EventManager : Event: ======'machine_var_game_mode_multiball_complete'====== Args={'value': 0, 'prev_value': None, 'change': True}
2025-03-28 20:34:33,488 : INFO : EventManager : Event: ======'machine_var_mpf_version'====== Args={'value': 'Mission Pinball Framework v0.80.0.dev4', 'prev_value': None, 'change': True}
2025-03-28 20:34:33,488 : INFO : EventManager : Event: ======'machine_var_mpf_extended_version'====== Args={'value': 'Mission Pinball Framework v0.80.0.dev4, Config version:6, Show version: 6, BCP version:1.1', 'prev_value': None, 'change': True}
2025-03-28 20:34:33,489 : INFO : EventManager : Event: ======'machine_var_python_version'====== Args={'value': '3.12.3', 'prev_value': None, 'change': True}
2025-03-28 20:34:33,719 : INFO : EventManager : Event: ======'machine_var_platform'====== Args={'value': 'Windows-11-10.0.26100-SP0', 'prev_value': None, 'change': True}
2025-03-28 20:34:33,720 : INFO : EventManager : Event: ======'machine_var_platform_system'====== Args={'value': 'Windows', 'prev_value': None, 'change': True}
2025-03-28 20:34:33,720 : INFO : EventManager : Event: ======'machine_var_platform_release'====== Args={'value': '11', 'prev_value': None, 'change': True}
2025-03-28 20:34:33,720 : INFO : EventManager : Event: ======'machine_var_platform_version'====== Args={'value': '10.0.26100', 'prev_value': None, 'change': True}
2025-03-28 20:34:33,720 : INFO : EventManager : Event: ======'machine_var_platform_machine'====== Args={'value': 'AMD64', 'prev_value': None, 'change': True}
2025-03-28 20:34:33,720 : INFO : EventManager : Event: ======'machine_var_log_file_path'====== Args={'value': 'C:\\Users\\homebrew\\Desktop\\thing_pinball\\logs\\2025-03-28-20-34-33-mpf-mpf.log', 'prev_value': None, 'change': True}
2025-03-28 20:34:33,720 : INFO : EventManager : Event: ======'init_phase_1'====== Args={}
2025-03-28 20:34:33,766 : WARNING : ConfigValidator : Unrecognized config setting. "mode:discovery:timers:discovery_timer:events_when_complete" is not a valid setting name.
2025-03-28 20:34:33,767 : WARNING : ConfigValidator : Unrecognized config setting. "mode:dog_hunt:timers:dog_hunt_timer:events_when_complete" is not a valid setting name.
2025-03-28 20:34:33,767 : WARNING : ConfigValidator : Unrecognized config setting. "mode:infected:timers:infected_timer:events_when_complete" is not a valid setting name.
2025-03-28 20:34:33,767 : WARNING : ConfigValidator : Unrecognized config setting. "mode:multiball:timers:multiball_jackpot_timer:events_when_complete" is not a valid setting name.
2025-03-28 20:34:33,768 : WARNING : ConfigValidator : Unrecognized config setting. "mode:multiball:timers:right_ramp_validity_timer:events_when_complete" is not a valid setting name.
2025-03-28 20:34:33,768 : WARNING : ConfigValidator : Unrecognized config setting. "mode:blood_test:timers:blood_test_timer:events_when_complete" is not a valid setting name.
2025-03-28 20:34:33,768 : WARNING : ConfigValidator : Unrecognized config setting. "mode:spider_head:timers:spider_head_timer:events_when_complete" is not a valid setting name.
2025-03-28 20:34:33,768 : WARNING : ConfigValidator : Unrecognized config setting. "mode:base:timers:mode_timer:events_when_complete" is not a valid setting name.
2025-03-28 20:34:33,768 : WARNING : ConfigValidator : Unrecognized config setting. "mode:wizard:timers:wizard_timer:events_when_complete" is not a valid setting name.
2025-03-28 20:34:33,776 : INFO : EventManager : Event: ======'drop_target_bank_vuk_bank_up'====== Args={}
2025-03-28 20:34:33,776 : INFO : EventManager : Event: ======'logicblock_spinner_value_updated'====== Args={'value': 0, 'enabled': False}
2025-03-28 20:34:33,776 : INFO : EventManager : Event: ======'logicblock_newton_hit_counter_updated'====== Args={'value': 0, 'enabled': False}
2025-03-28 20:34:36,213 : WARNING : Machine : Iterating device collections directly is deprecated and will be removed. Access by value(): device_collections[switches] -> device_collections['switches'].values()
2025-03-28 20:34:36,213 : INFO : SwitchController : <<<<<<< 's_trough_6' active >>>>>>>
2025-03-28 20:34:36,213 : INFO : SwitchController : <<<<<<< 's_trough_7' active >>>>>>>
2025-03-28 20:34:36,214 : INFO : SwitchController : <<<<<<< 's_trough_ball' active >>>>>>>
2025-03-28 20:34:36,214 : INFO : SwitchController : <<<<<<< 's_mode_opto' active >>>>>>>
2025-03-28 20:34:36,214 : INFO : SwitchController : <<<<<<< 's_3bank_tgt_d' active >>>>>>>
2025-03-28 20:34:36,214 : INFO : SwitchController : <<<<<<< 's_3bank_tgt_o' active >>>>>>>
2025-03-28 20:34:36,214 : INFO : SwitchController : <<<<<<< 's_3bank_tgt_g' active >>>>>>>
2025-03-28 20:34:36,214 : INFO : SwitchController : <<<<<<< 's_spinner' active >>>>>>>
2025-03-28 20:34:36,215 : INFO : SwitchController : <<<<<<< 's_newton_opto_made' active >>>>>>>
2025-03-28 20:34:36,215 : INFO : SwitchController : <<<<<<< 's_start_button' active >>>>>>>
2025-03-28 20:34:36,221 : INFO : EventManager : Event: ======'init_phase_2'====== Args={}
2025-03-28 20:34:36,221 : INFO : SwitchController : Found active switch: (37, [FAST Platform Interface]) <switch.s_trough_6>
2025-03-28 20:34:36,222 : INFO : SwitchController : Found active switch: (38, [FAST Platform Interface]) <switch.s_trough_7>
2025-03-28 20:34:36,222 : INFO : SwitchController : Found active switch: (52, [FAST Platform Interface]) <switch.s_trough_ball>
2025-03-28 20:34:36,222 : INFO : SwitchController : Found active switch: (64, [FAST Platform Interface]) <switch.s_mode_opto>
2025-03-28 20:34:36,222 : INFO : SwitchController : Found active switch: (50, [FAST Platform Interface]) <switch.s_3bank_tgt_d>
2025-03-28 20:34:36,222 : INFO : SwitchController : Found active switch: (49, [FAST Platform Interface]) <switch.s_3bank_tgt_o>
2025-03-28 20:34:36,222 : INFO : SwitchController : Found active switch: (53, [FAST Platform Interface]) <switch.s_3bank_tgt_g>
2025-03-28 20:34:36,222 : INFO : SwitchController : Found active switch: (65, [FAST Platform Interface]) <switch.s_spinner>
2025-03-28 20:34:36,222 : INFO : SwitchController : Found active switch: (45, [FAST Platform Interface]) <switch.s_newton_opto_made>
2025-03-28 20:34:36,222 : INFO : SwitchController : Found active switch: (10, [FAST Platform Interface]) <switch.s_start_button>
2025-03-28 20:34:36,230 : WARNING : ConfigValidator : Unrecognized config setting. "slide_player:widgets" is not a valid setting name.
2025-03-28 20:34:36,230 : WARNING : ConfigValidator : Unrecognized config setting. "slide_player:widgets" is not a valid setting name.
2025-03-28 20:34:36,230 : WARNING : ConfigValidator : Unrecognized config setting. "slide_player:widgets" is not a valid setting name.
2025-03-28 20:34:36,230 : WARNING : ConfigValidator : Unrecognized config setting. "slide_player:widgets" is not a valid setting name.
2025-03-28 20:34:36,230 : WARNING : ConfigValidator : Unrecognized config setting. "slide_player:widgets" is not a valid setting name.
2025-03-28 20:34:36,230 : WARNING : ConfigValidator : Unrecognized config setting. "slide_player:widgets" is not a valid setting name.
2025-03-28 20:34:36,230 : WARNING : ConfigValidator : Unrecognized config setting. "slide_player:widgets" is not a valid setting name.
2025-03-28 20:34:36,230 : WARNING : ConfigValidator : Unrecognized config setting. "slide_player:widgets" is not a valid setting name.
2025-03-28 20:34:36,230 : WARNING : ConfigValidator : Unrecognized config setting. "slide_player:widgets" is not a valid setting name.
2025-03-28 20:34:36,230 : WARNING : ConfigValidator : Unrecognized config setting. "slide_player:widgets" is not a valid setting name.
2025-03-28 20:34:36,230 : WARNING : ConfigValidator : Unrecognized config setting. "slide_player:widgets" is not a valid setting name.
2025-03-28 20:34:36,230 : WARNING : ConfigValidator : Unrecognized config setting. "slide_player:widgets" is not a valid setting name.
2025-03-28 20:34:36,230 : WARNING : ConfigValidator : Unrecognized config setting. "slide_player:widgets" is not a valid setting name.
2025-03-28 20:34:36,230 : WARNING : ConfigValidator : Unrecognized config setting. "slide_player:widgets" is not a valid setting name.
2025-03-28 20:34:36,230 : WARNING : ConfigValidator : Unrecognized config setting. "slide_player:widgets" is not a valid setting name.
2025-03-28 20:34:36,230 : WARNING : ConfigValidator : Unrecognized config setting. "slide_player:widgets" is not a valid setting name.
2025-03-28 20:34:36,230 : WARNING : ConfigValidator : Unrecognized config setting. "slide_player:widgets" is not a valid setting name.
2025-03-28 20:34:36,230 : WARNING : ConfigValidator : Unrecognized config setting. "slide_player:widgets" is not a valid setting name.
2025-03-28 20:34:36,230 : WARNING : ConfigValidator : Unrecognized config setting. "slide_player:widgets" is not a valid setting name.
2025-03-28 20:34:36,231 : WARNING : ConfigValidator : Unrecognized config setting. "slide_player:widgets" is not a valid setting name.
2025-03-28 20:34:36,231 : WARNING : ConfigValidator : Unrecognized config setting. "slide_player:widgets" is not a valid setting name.
2025-03-28 20:34:36,231 : WARNING : ConfigValidator : Unrecognized config setting. "slide_player:widgets" is not a valid setting name.
2025-03-28 20:34:36,231 : WARNING : ConfigValidator : Unrecognized config setting. "slide_player:widgets" is not a valid setting name.
2025-03-28 20:34:36,231 : WARNING : ConfigValidator : Unrecognized config setting. "slide_player:widgets" is not a valid setting name.
2025-03-28 20:34:36,231 : WARNING : ConfigValidator : Unrecognized config setting. "slide_player:widgets" is not a valid setting name.
2025-03-28 20:34:36,231 : WARNING : ConfigValidator : Unrecognized config setting. "slide_player:widgets" is not a valid setting name.
2025-03-28 20:34:36,231 : WARNING : ConfigValidator : Unrecognized config setting. "slide_player:widgets" is not a valid setting name.
2025-03-28 20:34:36,236 : WARNING : YAML File Interface : YAML error found in file C:\Users\homebrew\Desktop\thing_pinball\data/high_scores.yaml. Line 2, Position 3: could not determine a constructor for the tag 'tag:yaml.org,2002:python/tuple'
  in "C:\Users\homebrew\Desktop\thing_pinball\data/high_scores.yaml", line 2, column 3
2025-03-28 20:34:36,236 : WARNING : ConfigValidator : Unrecognized config setting. "high_score:events_when_complete" is not a valid setting name.
2025-03-28 20:34:36,236 : INFO : EventManager : Event: ======'machine_var_score1_label'====== Args={'value': 'GRAND CHAMPION', 'prev_value': None, 'change': True}
2025-03-28 20:34:36,236 : INFO : EventManager : Event: ======'machine_var_score1_name'====== Args={'value': 'THING', 'prev_value': None, 'change': True}
2025-03-28 20:34:36,236 : INFO : EventManager : Event: ======'machine_var_score1_value'====== Args={'value': 5000000, 'prev_value': None, 'change': True}
2025-03-28 20:34:36,236 : INFO : EventManager : Event: ======'machine_var_score2_label'====== Args={'value': 'HIGH SCORE 1', 'prev_value': None, 'change': True}
2025-03-28 20:34:36,237 : INFO : EventManager : Event: ======'machine_var_score2_name'====== Args={'value': 'MPF', 'prev_value': None, 'change': True}
2025-03-28 20:34:36,237 : INFO : EventManager : Event: ======'machine_var_score2_value'====== Args={'value': 4000000, 'prev_value': None, 'change': True}
2025-03-28 20:34:36,237 : INFO : EventManager : Event: ======'machine_var_score3_label'====== Args={'value': 'HIGH SCORE 2', 'prev_value': None, 'change': True}
2025-03-28 20:34:36,237 : INFO : EventManager : Event: ======'machine_var_score3_name'====== Args={'value': 'PINBALL', 'prev_value': None, 'change': True}
2025-03-28 20:34:36,237 : INFO : EventManager : Event: ======'machine_var_score3_value'====== Args={'value': 3000000, 'prev_value': None, 'change': True}
2025-03-28 20:34:36,237 : INFO : EventManager : Event: ======'machine_var_score4_label'====== Args={'value': 'HIGH SCORE 3', 'prev_value': None, 'change': True}
2025-03-28 20:34:36,237 : INFO : EventManager : Event: ======'machine_var_score4_name'====== Args={'value': 'WIZARD', 'prev_value': None, 'change': True}
2025-03-28 20:34:36,237 : INFO : EventManager : Event: ======'machine_var_score4_value'====== Args={'value': 2000000, 'prev_value': None, 'change': True}
2025-03-28 20:34:36,237 : INFO : EventManager : Event: ======'machine_var_score5_label'====== Args={'value': 'HIGH SCORE 4', 'prev_value': None, 'change': True}
2025-03-28 20:34:36,237 : INFO : EventManager : Event: ======'machine_var_score5_name'====== Args={'value': 'PLAYER', 'prev_value': None, 'change': True}
2025-03-28 20:34:36,237 : INFO : EventManager : Event: ======'machine_var_score5_value'====== Args={'value': 1000000, 'prev_value': None, 'change': True}
2025-03-28 20:34:36,711 : INFO : ball_device.bd_trough : BCH: Initial count: 2
2025-03-28 20:34:36,712 : INFO : ball_device.bd_trough : State: idle
2025-03-28 20:34:36,714 : INFO : ball_device.bd_shooter_lane : BCH: Initial count: 0
2025-03-28 20:34:36,714 : INFO : ball_device.bd_shooter_lane : State: idle
2025-03-28 20:34:36,716 : INFO : ball_device.bd_ball_lock : BCH: Initial count: 0
2025-03-28 20:34:36,717 : INFO : ball_device.bd_ball_lock : State: idle
2025-03-28 20:34:36,754 : INFO : EventManager : Event: ======'init_phase_3'====== Args={}
2025-03-28 20:34:36,757 : INFO : EventManager : Event: ======'init_phase_4'====== Args={}
2025-03-28 20:34:36,758 : INFO : EventManager : Event: ======'drop_target_front_down'====== Args={'device': <drop_target.front>}
2025-03-28 20:34:36,758 : INFO : EventManager : Event: ======'drop_target_middle_down'====== Args={'device': <drop_target.middle>}
2025-03-28 20:34:36,758 : INFO : EventManager : Event: ======'drop_target_back_down'====== Args={'device': <drop_target.back>}
2025-03-28 20:34:36,759 : INFO : BallController : Initial balls found: 2
2025-03-28 20:34:36,761 : INFO : EventManager : Event: ======'machine_var_audits_events_game_ended'====== Args={'value': 0, 'prev_value': None, 'change': True}
2025-03-28 20:34:36,761 : INFO : EventManager : Event: ======'machine_var_audits_events_game_started'====== Args={'value': 396, 'prev_value': None, 'change': True}
2025-03-28 20:34:36,761 : INFO : EventManager : Event: ======'machine_var_audits_missing_switches_s_ball_lock_1'====== Args={'value': 4, 'prev_value': None, 'change': True}
2025-03-28 20:34:36,761 : INFO : EventManager : Event: ======'machine_var_audits_missing_switches_s_ball_lock_2'====== Args={'value': 7, 'prev_value': None, 'change': True}
2025-03-28 20:34:36,761 : INFO : EventManager : Event: ======'machine_var_audits_missing_switches_s_ball_lock_3'====== Args={'value': 7, 'prev_value': None, 'change': True}
2025-03-28 20:34:36,761 : INFO : EventManager : Event: ======'machine_var_audits_missing_switches_s_inlane_left'====== Args={'value': 7, 'prev_value': None, 'change': True}
2025-03-28 20:34:36,761 : INFO : EventManager : Event: ======'machine_var_audits_missing_switches_s_inlane_right'====== Args={'value': 7, 'prev_value': None, 'change': True}
2025-03-28 20:34:36,761 : INFO : EventManager : Event: ======'machine_var_audits_missing_switches_s_launch'====== Args={'value': 6, 'prev_value': None, 'change': True}
2025-03-28 20:34:36,761 : INFO : EventManager : Event: ======'machine_var_audits_missing_switches_s_left_flipper'====== Args={'value': 363, 'prev_value': None, 'change': True}
2025-03-28 20:34:36,761 : INFO : EventManager : Event: ======'machine_var_audits_missing_switches_s_left_flipper_eos'====== Args={'value': 370, 'prev_value': None, 'change': True}
2025-03-28 20:34:36,761 : INFO : EventManager : Event: ======'machine_var_audits_missing_switches_s_left_inlane'====== Args={'value': 6, 'prev_value': None, 'change': True}
2025-03-28 20:34:36,762 : INFO : EventManager : Event: ======'machine_var_audits_missing_switches_s_left_inner_lane'====== Args={'value': 357, 'prev_value': None, 'change': True}
2025-03-28 20:34:36,762 : INFO : EventManager : Event: ======'machine_var_audits_missing_switches_s_left_outer_lane'====== Args={'value': 153, 'prev_value': None, 'change': True}
2025-03-28 20:34:36,762 : INFO : EventManager : Event: ======'machine_var_audits_missing_switches_s_left_outlane'====== Args={'value': 6, 'prev_value': None, 'change': True}
2025-03-28 20:34:36,762 : INFO : EventManager : Event: ======'machine_var_audits_missing_switches_s_left_ramp_entry_1'====== Args={'value': 4, 'prev_value': None, 'change': True}
2025-03-28 20:34:36,762 : INFO : EventManager : Event: ======'machine_var_audits_missing_switches_s_left_sling'====== Args={'value': 363, 'prev_value': None, 'change': True}
2025-03-28 20:34:36,762 : INFO : EventManager : Event: ======'machine_var_audits_missing_switches_s_left_slingshot'====== Args={'value': 4, 'prev_value': None, 'change': True}
2025-03-28 20:34:36,762 : INFO : EventManager : Event: ======'machine_var_audits_missing_switches_s_mead'====== Args={'value': 267, 'prev_value': None, 'change': True}
2025-03-28 20:34:36,762 : INFO : EventManager : Event: ======'machine_var_audits_missing_switches_s_mode_opto'====== Args={'value': 7, 'prev_value': None, 'change': True}
2025-03-28 20:34:36,762 : INFO : EventManager : Event: ======'machine_var_audits_missing_switches_s_newton_opto_made'====== Args={'value': 4, 'prev_value': None, 'change': True}
2025-03-28 20:34:36,762 : INFO : EventManager : Event: ======'machine_var_audits_missing_switches_s_outlane_left'====== Args={'value': 7, 'prev_value': None, 'change': True}
2025-03-28 20:34:36,762 : INFO : EventManager : Event: ======'machine_var_audits_missing_switches_s_outlane_right'====== Args={'value': 7, 'prev_value': None, 'change': True}
2025-03-28 20:34:36,762 : INFO : EventManager : Event: ======'machine_var_audits_missing_switches_s_percy'====== Args={'value': 85, 'prev_value': None, 'change': True}
2025-03-28 20:34:36,762 : INFO : EventManager : Event: ======'machine_var_audits_missing_switches_s_plunger'====== Args={'value': 363, 'prev_value': None, 'change': True}
2025-03-28 20:34:36,762 : INFO : EventManager : Event: ======'machine_var_audits_missing_switches_s_pop_bumper_1'====== Args={'value': 364, 'prev_value': None, 'change': True}
2025-03-28 20:34:36,762 : INFO : EventManager : Event: ======'machine_var_audits_missing_switches_s_pop_bumper_2'====== Args={'value': 364, 'prev_value': None, 'change': True}
2025-03-28 20:34:36,762 : INFO : EventManager : Event: ======'machine_var_audits_missing_switches_s_pop_bumper_3'====== Args={'value': 4, 'prev_value': None, 'change': True}
2025-03-28 20:34:36,762 : INFO : EventManager : Event: ======'machine_var_audits_missing_switches_s_ramp_up_1'====== Args={'value': 7, 'prev_value': None, 'change': True}
2025-03-28 20:34:36,762 : INFO : EventManager : Event: ======'machine_var_audits_missing_switches_s_right_button_2'====== Args={'value': 4, 'prev_value': None, 'change': True}
2025-03-28 20:34:36,762 : INFO : EventManager : Event: ======'machine_var_audits_missing_switches_s_right_flipper'====== Args={'value': 363, 'prev_value': None, 'change': True}
2025-03-28 20:34:36,762 : INFO : EventManager : Event: ======'machine_var_audits_missing_switches_s_right_flipper_button'====== Args={'value': 4, 'prev_value': None, 'change': True}
2025-03-28 20:34:36,762 : INFO : EventManager : Event: ======'machine_var_audits_missing_switches_s_right_flipper_eos'====== Args={'value': 370, 'prev_value': None, 'change': True}
2025-03-28 20:34:36,763 : INFO : EventManager : Event: ======'machine_var_audits_missing_switches_s_right_inlane'====== Args={'value': 6, 'prev_value': None, 'change': True}
2025-03-28 20:34:36,763 : INFO : EventManager : Event: ======'machine_var_audits_missing_switches_s_right_inner_lane'====== Args={'value': 357, 'prev_value': None, 'change': True}
2025-03-28 20:34:36,763 : INFO : EventManager : Event: ======'machine_var_audits_missing_switches_s_right_orbit_1'====== Args={'value': 7, 'prev_value': None, 'change': True}
2025-03-28 20:34:36,763 : INFO : EventManager : Event: ======'machine_var_audits_missing_switches_s_right_outer_lane'====== Args={'value': 357, 'prev_value': None, 'change': True}
2025-03-28 20:34:36,763 : INFO : EventManager : Event: ======'machine_var_audits_missing_switches_s_right_outlane'====== Args={'value': 6, 'prev_value': None, 'change': True}
2025-03-28 20:34:36,763 : INFO : EventManager : Event: ======'machine_var_audits_missing_switches_s_right_ramp_entry_1'====== Args={'value': 4, 'prev_value': None, 'change': True}
2025-03-28 20:34:36,763 : INFO : EventManager : Event: ======'machine_var_audits_missing_switches_s_right_sling'====== Args={'value': 363, 'prev_value': None, 'change': True}
2025-03-28 20:34:36,763 : INFO : EventManager : Event: ======'machine_var_audits_missing_switches_s_right_slingshot'====== Args={'value': 4, 'prev_value': None, 'change': True}
2025-03-28 20:34:36,763 : INFO : EventManager : Event: ======'machine_var_audits_missing_switches_s_scanlan'====== Args={'value': 204, 'prev_value': None, 'change': True}
2025-03-28 20:34:36,763 : INFO : EventManager : Event: ======'machine_var_audits_missing_switches_s_shooter_lane'====== Args={'value': 7, 'prev_value': None, 'change': True}
2025-03-28 20:34:36,763 : INFO : EventManager : Event: ======'machine_var_audits_missing_switches_s_spinner'====== Args={'value': 4, 'prev_value': None, 'change': True}
2025-03-28 20:34:36,763 : INFO : EventManager : Event: ======'machine_var_audits_missing_switches_s_start'====== Args={'value': 6, 'prev_value': None, 'change': True}
2025-03-28 20:34:36,763 : INFO : EventManager : Event: ======'machine_var_audits_missing_switches_s_start_button'====== Args={'value': 7, 'prev_value': None, 'change': True}
2025-03-28 20:34:36,763 : INFO : EventManager : Event: ======'machine_var_audits_missing_switches_s_trough_1'====== Args={'value': 7, 'prev_value': None, 'change': True}
2025-03-28 20:34:36,763 : INFO : EventManager : Event: ======'machine_var_audits_missing_switches_s_trough_2'====== Args={'value': 7, 'prev_value': None, 'change': True}
2025-03-28 20:34:36,763 : INFO : EventManager : Event: ======'machine_var_audits_missing_switches_s_trough_3'====== Args={'value': 7, 'prev_value': None, 'change': True}
2025-03-28 20:34:36,763 : INFO : EventManager : Event: ======'machine_var_audits_missing_switches_s_trough_4'====== Args={'value': 7, 'prev_value': None, 'change': True}
2025-03-28 20:34:36,763 : INFO : EventManager : Event: ======'machine_var_audits_missing_switches_s_trough_5'====== Args={'value': 7, 'prev_value': None, 'change': True}
2025-03-28 20:34:36,764 : INFO : EventManager : Event: ======'machine_var_audits_missing_switches_s_trough_6'====== Args={'value': 7, 'prev_value': None, 'change': True}
2025-03-28 20:34:36,764 : INFO : EventManager : Event: ======'machine_var_audits_missing_switches_s_trough_7'====== Args={'value': 7, 'prev_value': None, 'change': True}
2025-03-28 20:34:36,764 : INFO : EventManager : Event: ======'machine_var_audits_missing_switches_s_trough_ball'====== Args={'value': 7, 'prev_value': None, 'change': True}
2025-03-28 20:34:36,764 : INFO : EventManager : Event: ======'machine_var_audits_missing_switches_s_trough_ball_1'====== Args={'value': 363, 'prev_value': None, 'change': True}
2025-03-28 20:34:36,764 : INFO : EventManager : Event: ======'machine_var_audits_missing_switches_s_trough_ball_2'====== Args={'value': 363, 'prev_value': None, 'change': True}
2025-03-28 20:34:36,764 : INFO : EventManager : Event: ======'machine_var_audits_missing_switches_s_trough_ball_3'====== Args={'value': 363, 'prev_value': None, 'change': True}
2025-03-28 20:34:36,764 : INFO : EventManager : Event: ======'machine_var_audits_missing_switches_s_trough_ball_4'====== Args={'value': 278, 'prev_value': None, 'change': True}
2025-03-28 20:34:36,764 : INFO : EventManager : Event: ======'machine_var_audits_missing_switches_s_trough_ball_5'====== Args={'value': 363, 'prev_value': None, 'change': True}
2025-03-28 20:34:36,764 : INFO : EventManager : Event: ======'machine_var_audits_missing_switches_s_trough_ball_6'====== Args={'value': 95, 'prev_value': None, 'change': True}
2025-03-28 20:34:36,764 : INFO : EventManager : Event: ======'machine_var_audits_missing_switches_s_trough_ball_jam'====== Args={'value': 370, 'prev_value': None, 'change': True}
2025-03-28 20:34:36,764 : INFO : EventManager : Event: ======'machine_var_audits_player_score'====== Args={'value': {'average': 0, 'top': [], 'total': 0}, 'prev_value': None, 'change': True}
2025-03-28 20:34:36,764 : INFO : EventManager : Event: ======'machine_var_audits_shots_mead_shot'====== Args={'value': 223, 'prev_value': None, 'change': True}
2025-03-28 20:34:36,764 : INFO : EventManager : Event: ======'machine_var_audits_shots_percy_shot'====== Args={'value': 56, 'prev_value': None, 'change': True}
2025-03-28 20:34:36,764 : INFO : EventManager : Event: ======'machine_var_audits_shots_scanlan_shot'====== Args={'value': 121, 'prev_value': None, 'change': True}
2025-03-28 20:34:36,764 : INFO : EventManager : Event: ======'machine_var_audits_shots_video_shot_1'====== Args={'value': 24, 'prev_value': None, 'change': True}
2025-03-28 20:34:36,764 : INFO : EventManager : Event: ======'machine_var_audits_shots_video_shot_2'====== Args={'value': 20, 'prev_value': None, 'change': True}
2025-03-28 20:34:36,764 : INFO : EventManager : Event: ======'machine_var_audits_switches_s_3bank_tgt_d'====== Args={'value': 2, 'prev_value': None, 'change': True}
2025-03-28 20:34:36,764 : INFO : EventManager : Event: ======'machine_var_audits_switches_s_3bank_tgt_g'====== Args={'value': 5, 'prev_value': None, 'change': True}
2025-03-28 20:34:36,764 : INFO : EventManager : Event: ======'machine_var_audits_switches_s_3bank_tgt_o'====== Args={'value': 2, 'prev_value': None, 'change': True}
2025-03-28 20:34:36,764 : INFO : EventManager : Event: ======'machine_var_audits_switches_s_auto_launcher'====== Args={'value': 0, 'prev_value': None, 'change': True}
2025-03-28 20:34:36,764 : INFO : EventManager : Event: ======'machine_var_audits_switches_s_ball_drain'====== Args={'value': 0, 'prev_value': None, 'change': True}
2025-03-28 20:34:36,765 : INFO : EventManager : Event: ======'machine_var_audits_switches_s_ball_lock_1'====== Args={'value': 1, 'prev_value': None, 'change': True}
2025-03-28 20:34:36,765 : INFO : EventManager : Event: ======'machine_var_audits_switches_s_ball_lock_2'====== Args={'value': 0, 'prev_value': None, 'change': True}
2025-03-28 20:34:36,765 : INFO : EventManager : Event: ======'machine_var_audits_switches_s_ball_lock_3'====== Args={'value': 0, 'prev_value': None, 'change': True}
2025-03-28 20:34:36,765 : INFO : EventManager : Event: ======'machine_var_audits_switches_s_inlane_left'====== Args={'value': 0, 'prev_value': None, 'change': True}
2025-03-28 20:34:36,765 : INFO : EventManager : Event: ======'machine_var_audits_switches_s_inlane_right'====== Args={'value': 0, 'prev_value': None, 'change': True}
2025-03-28 20:34:36,765 : INFO : EventManager : Event: ======'machine_var_audits_switches_s_launch'====== Args={'value': 0, 'prev_value': None, 'change': True}
2025-03-28 20:34:36,765 : INFO : EventManager : Event: ======'machine_var_audits_switches_s_left_button_2'====== Args={'value': 10, 'prev_value': None, 'change': True}
2025-03-28 20:34:36,765 : INFO : EventManager : Event: ======'machine_var_audits_switches_s_left_flipper'====== Args={'value': 36, 'prev_value': None, 'change': True}
2025-03-28 20:34:36,765 : INFO : EventManager : Event: ======'machine_var_audits_switches_s_left_flipper_button'====== Args={'value': 10, 'prev_value': None, 'change': True}
2025-03-28 20:34:36,765 : INFO : EventManager : Event: ======'machine_var_audits_switches_s_left_flipper_eos'====== Args={'value': 0, 'prev_value': None, 'change': True}
2025-03-28 20:34:36,765 : INFO : EventManager : Event: ======'machine_var_audits_switches_s_left_inlane'====== Args={'value': 0, 'prev_value': None, 'change': True}
2025-03-28 20:34:36,765 : INFO : EventManager : Event: ======'machine_var_audits_switches_s_left_inner_lane'====== Args={'value': 0, 'prev_value': None, 'change': True}
2025-03-28 20:34:36,765 : INFO : EventManager : Event: ======'machine_var_audits_switches_s_left_outer_lane'====== Args={'value': 0, 'prev_value': None, 'change': True}
2025-03-28 20:34:36,765 : INFO : EventManager : Event: ======'machine_var_audits_switches_s_left_outlane'====== Args={'value': 0, 'prev_value': None, 'change': True}
2025-03-28 20:34:36,765 : INFO : EventManager : Event: ======'machine_var_audits_switches_s_left_ramp_entry_1'====== Args={'value': 2, 'prev_value': None, 'change': True}
2025-03-28 20:34:36,765 : INFO : EventManager : Event: ======'machine_var_audits_switches_s_left_sling'====== Args={'value': 7, 'prev_value': None, 'change': True}
2025-03-28 20:34:36,765 : INFO : EventManager : Event: ======'machine_var_audits_switches_s_left_slingshot'====== Args={'value': 2, 'prev_value': None, 'change': True}
2025-03-28 20:34:36,765 : INFO : EventManager : Event: ======'machine_var_audits_switches_s_mead'====== Args={'value': 0, 'prev_value': None, 'change': True}
2025-03-28 20:34:36,765 : INFO : EventManager : Event: ======'machine_var_audits_switches_s_mode_opto'====== Args={'value': 0, 'prev_value': None, 'change': True}
2025-03-28 20:34:36,765 : INFO : EventManager : Event: ======'machine_var_audits_switches_s_newton_opto_made'====== Args={'value': 2, 'prev_value': None, 'change': True}
2025-03-28 20:34:36,765 : INFO : EventManager : Event: ======'machine_var_audits_switches_s_outlane_left'====== Args={'value': 0, 'prev_value': None, 'change': True}
2025-03-28 20:34:36,766 : INFO : EventManager : Event: ======'machine_var_audits_switches_s_outlane_right'====== Args={'value': 0, 'prev_value': None, 'change': True}
2025-03-28 20:34:36,766 : INFO : EventManager : Event: ======'machine_var_audits_switches_s_percy'====== Args={'value': 0, 'prev_value': None, 'change': True}
2025-03-28 20:34:36,766 : INFO : EventManager : Event: ======'machine_var_audits_switches_s_plunger'====== Args={'value': 9, 'prev_value': None, 'change': True}
2025-03-28 20:34:36,766 : INFO : EventManager : Event: ======'machine_var_audits_switches_s_pop_bumper_1'====== Args={'value': 0, 'prev_value': None, 'change': True}
2025-03-28 20:34:36,766 : INFO : EventManager : Event: ======'machine_var_audits_switches_s_pop_bumper_2'====== Args={'value': 0, 'prev_value': None, 'change': True}
2025-03-28 20:34:36,766 : INFO : EventManager : Event: ======'machine_var_audits_switches_s_pop_bumper_3'====== Args={'value': 2, 'prev_value': None, 'change': True}
2025-03-28 20:34:36,766 : INFO : EventManager : Event: ======'machine_var_audits_switches_s_ramp_up_1'====== Args={'value': 0, 'prev_value': None, 'change': True}
2025-03-28 20:34:36,766 : INFO : EventManager : Event: ======'machine_var_audits_switches_s_right_button_2'====== Args={'value': 2, 'prev_value': None, 'change': True}
2025-03-28 20:34:36,766 : INFO : EventManager : Event: ======'machine_var_audits_switches_s_right_flipper'====== Args={'value': 131, 'prev_value': None, 'change': True}
2025-03-28 20:34:36,766 : INFO : EventManager : Event: ======'machine_var_audits_switches_s_right_flipper_button'====== Args={'value': 2, 'prev_value': None, 'change': True}
2025-03-28 20:34:36,766 : INFO : EventManager : Event: ======'machine_var_audits_switches_s_right_flipper_eos'====== Args={'value': 0, 'prev_value': None, 'change': True}
2025-03-28 20:34:36,766 : INFO : EventManager : Event: ======'machine_var_audits_switches_s_right_inlane'====== Args={'value': 0, 'prev_value': None, 'change': True}
2025-03-28 20:34:36,766 : INFO : EventManager : Event: ======'machine_var_audits_switches_s_right_inner_lane'====== Args={'value': 0, 'prev_value': None, 'change': True}
2025-03-28 20:34:36,766 : INFO : EventManager : Event: ======'machine_var_audits_switches_s_right_orbit_1'====== Args={'value': 0, 'prev_value': None, 'change': True}
2025-03-28 20:34:36,766 : INFO : EventManager : Event: ======'machine_var_audits_switches_s_right_outer_lane'====== Args={'value': 0, 'prev_value': None, 'change': True}
2025-03-28 20:34:36,766 : INFO : EventManager : Event: ======'machine_var_audits_switches_s_right_outlane'====== Args={'value': 0, 'prev_value': None, 'change': True}
2025-03-28 20:34:36,766 : INFO : EventManager : Event: ======'machine_var_audits_switches_s_right_ramp_entry_1'====== Args={'value': 2, 'prev_value': None, 'change': True}
2025-03-28 20:34:36,766 : INFO : EventManager : Event: ======'machine_var_audits_switches_s_right_sling'====== Args={'value': 3, 'prev_value': None, 'change': True}
2025-03-28 20:34:36,766 : INFO : EventManager : Event: ======'machine_var_audits_switches_s_right_slingshot'====== Args={'value': 3, 'prev_value': None, 'change': True}
2025-03-28 20:34:36,766 : INFO : EventManager : Event: ======'machine_var_audits_switches_s_scanlan'====== Args={'value': 0, 'prev_value': None, 'change': True}
2025-03-28 20:34:36,766 : INFO : EventManager : Event: ======'machine_var_audits_switches_s_shooter_lane'====== Args={'value': 0, 'prev_value': None, 'change': True}
2025-03-28 20:34:36,767 : INFO : EventManager : Event: ======'machine_var_audits_switches_s_spinner'====== Args={'value': 8, 'prev_value': None, 'change': True}
2025-03-28 20:34:36,767 : INFO : EventManager : Event: ======'machine_var_audits_switches_s_start'====== Args={'value': 38, 'prev_value': None, 'change': True}
2025-03-28 20:34:36,767 : INFO : EventManager : Event: ======'machine_var_audits_switches_s_start_button'====== Args={'value': 0, 'prev_value': None, 'change': True}
2025-03-28 20:34:36,767 : INFO : EventManager : Event: ======'machine_var_audits_switches_s_switch_2'====== Args={'value': 0, 'prev_value': None, 'change': True}
2025-03-28 20:34:36,767 : INFO : EventManager : Event: ======'machine_var_audits_switches_s_trough_1'====== Args={'value': 0, 'prev_value': None, 'change': True}
2025-03-28 20:34:36,767 : INFO : EventManager : Event: ======'machine_var_audits_switches_s_trough_2'====== Args={'value': 0, 'prev_value': None, 'change': True}
2025-03-28 20:34:36,767 : INFO : EventManager : Event: ======'machine_var_audits_switches_s_trough_3'====== Args={'value': 0, 'prev_value': None, 'change': True}
2025-03-28 20:34:36,767 : INFO : EventManager : Event: ======'machine_var_audits_switches_s_trough_4'====== Args={'value': 0, 'prev_value': None, 'change': True}
2025-03-28 20:34:36,767 : INFO : EventManager : Event: ======'machine_var_audits_switches_s_trough_5'====== Args={'value': 0, 'prev_value': None, 'change': True}
2025-03-28 20:34:36,767 : INFO : EventManager : Event: ======'machine_var_audits_switches_s_trough_6'====== Args={'value': 0, 'prev_value': None, 'change': True}
2025-03-28 20:34:36,767 : INFO : EventManager : Event: ======'machine_var_audits_switches_s_trough_7'====== Args={'value': 0, 'prev_value': None, 'change': True}
2025-03-28 20:34:36,767 : INFO : EventManager : Event: ======'machine_var_audits_switches_s_trough_ball'====== Args={'value': 0, 'prev_value': None, 'change': True}
2025-03-28 20:34:36,767 : INFO : EventManager : Event: ======'machine_var_audits_switches_s_trough_ball_1'====== Args={'value': 4, 'prev_value': None, 'change': True}
2025-03-28 20:34:36,767 : INFO : EventManager : Event: ======'machine_var_audits_switches_s_trough_ball_2'====== Args={'value': 4, 'prev_value': None, 'change': True}
2025-03-28 20:34:36,767 : INFO : EventManager : Event: ======'machine_var_audits_switches_s_trough_ball_3'====== Args={'value': 1, 'prev_value': None, 'change': True}
2025-03-28 20:34:36,767 : INFO : EventManager : Event: ======'machine_var_audits_switches_s_trough_ball_4'====== Args={'value': 0, 'prev_value': None, 'change': True}
2025-03-28 20:34:36,767 : INFO : EventManager : Event: ======'machine_var_audits_switches_s_trough_ball_5'====== Args={'value': 0, 'prev_value': None, 'change': True}
2025-03-28 20:34:36,767 : INFO : EventManager : Event: ======'machine_var_audits_switches_s_trough_ball_6'====== Args={'value': 1, 'prev_value': None, 'change': True}
2025-03-28 20:34:36,767 : INFO : EventManager : Event: ======'machine_var_audits_switches_s_trough_ball_jam'====== Args={'value': 3, 'prev_value': None, 'change': True}
2025-03-28 20:34:36,767 : INFO : EventManager : Event: ======'machine_var_audits_switches_s_trough_eject_coil'====== Args={'value': 0, 'prev_value': None, 'change': True}
2025-03-28 20:34:36,768 : INFO : EventManager : Event: ======'init_phase_5'====== Args={}
2025-03-28 20:34:36,768 : INFO : EventManager : Event: ======'init_done'====== Args={}
2025-03-28 20:34:36,769 : INFO : EventManager : Event: ======'machine_reset_phase_1'====== Args={}
2025-03-28 20:34:36,770 : INFO : EventManager : Event: ======'machine_reset_phase_2'====== Args={}
2025-03-28 20:34:36,771 : INFO : EventManager : Event: ======'machine_reset_phase_3'====== Args={}
2025-03-28 20:34:36,771 : INFO : EventManager : Event: ======'mode_tilt_will_start'====== Args={'queue': <QueuedEvent>}
2025-03-28 20:34:36,771 : INFO : EventManager : Event: ======'mode_tilt_starting'====== Args={'queue': <QueuedEvent>}
2025-03-28 20:34:36,771 : INFO : drop_target_bank.vuk_bank : 3 targets are down. Will reset those.
2025-03-28 20:34:36,772 : INFO : coil.c_drop_target : Pulsing Driver for 30ms (1.0 pulse_power)
2025-03-28 20:34:36,772 : INFO : EventManager : Event: ======'diverter_diverter_deactivating'====== Args={}
2025-03-28 20:34:36,772 : INFO : coil.c_diverter : Disabling Driver
2025-03-28 20:34:36,772 : INFO : Mode.tilt : Started. Priority: 1000000
2025-03-28 20:34:36,772 : INFO : EventManager : Event: ======'modes_active_modes_changed'====== Args={}
2025-03-28 20:34:36,772 : INFO : EventManager : Event: ======'mode_tilt_started'====== Args={'queue': <QueuedEvent>}
2025-03-28 20:34:36,772 : INFO : EventManager : Event: ======'reset_complete'====== Args={}
2025-03-28 20:34:36,774 : INFO : Machine : Starting the main run loop.
2025-03-28 20:34:37,258 : INFO : EventManager : Event: ======'drop_target_bank_vuk_bank_down'====== Args={}
2025-03-28 20:34:38,267 : INFO : drop_target_bank.vuk_bank : 3 targets are down. Will reset those.
2025-03-28 20:34:38,267 : INFO : coil.c_drop_target : Pulsing Driver for 30ms (1.0 pulse_power)
2025-03-28 20:34:47,312 : INFO : SwitchController : <<<<<<< 's_start_button' inactive >>>>>>>
2025-03-28 20:34:47,516 : INFO : SwitchController : <<<<<<< 's_start_button' active >>>>>>>
2025-03-28 20:34:47,516 : INFO : EventManager : Event: ======'s_start_button_active'====== Args={}
2025-03-28 20:34:47,517 : INFO : EventManager : Event: ======'game_start'====== Args={'priority': 0}
2025-03-28 20:34:47,517 : INFO : EventManager : Event: ======'mode_game_will_start'====== Args={'priority': 0}
2025-03-28 20:34:47,519 : INFO : EventManager : Event: ======'mode_game_starting'====== Args={'priority': 0}
2025-03-28 20:34:47,519 : INFO : Mode.game : Started. Priority: 20
2025-03-28 20:34:47,519 : INFO : EventManager : Event: ======'modes_active_modes_changed'====== Args={}
2025-03-28 20:34:47,519 : INFO : EventManager : Event: ======'mode_game_started'====== Args={'priority': 0}
2025-03-28 20:34:47,520 : INFO : EventManager : Event: ======'game_will_start'====== Args={}
2025-03-28 20:34:47,520 : INFO : EventManager : Event: ======'game_starting'====== Args={'game': <Mode.game>}
2025-03-28 20:34:47,521 : INFO : EventManager : Unordered handler for class <Auditor> on event game_ended with priority 1. Handlers: [RegisteredHandler(callback=<bound method Auditor.disable of <Auditor>>, priority=1, kwargs={}, key=UUID('cd43dd6d-a34c-460f-839e-1bbbae4fffb4'), condition=None, blocking_facility=None), RegisteredHandler(callback=<bound method Auditor._save_audits of <Auditor>>, priority=1, kwargs={}, key=UUID('2fedc08a-5669-4766-83cf-b3eeacb9f7b0'), condition=None, blocking_facility=None)]. The order of those handlers is not defined and they will be executed in random order. This might lead to race conditions and potential bugs.
2025-03-28 20:34:47,522 : INFO : EventManager : Event: ======'player_add_request'====== Args={}
2025-03-28 20:34:47,523 : INFO : EventManager : Event: ======'player_will_add'====== Args={'number': 1}
2025-03-28 20:34:47,524 : INFO : EventManager : Event: ======'player_adding'====== Args={'player': <Player 1>, 'number': 1}
2025-03-28 20:34:47,524 : INFO : EventManager : Event: ======'player_added'====== Args={'player': <Player 1>, 'num': 1}
2025-03-28 20:34:47,525 : INFO : Mode.game : Player added successfully. Total players: 1
2025-03-28 20:34:47,525 : INFO : EventManager : Event: ======'player_index'====== Args={'value': 0, 'prev_value': 0, 'change': 0, 'player_num': 1}
2025-03-28 20:34:47,525 : INFO : EventManager : Event: ======'player_number'====== Args={'value': 1, 'prev_value': 1, 'change': 0, 'player_num': 1}
2025-03-28 20:34:47,525 : INFO : EventManager : Event: ======'player_game_mode_active'====== Args={'value': 0, 'prev_value': 0, 'change': 0, 'player_num': 1}
2025-03-28 20:34:47,525 : INFO : EventManager : Event: ======'player_current_game_mode'====== Args={'value': 'None', 'prev_value': 'None', 'change': False, 'player_num': 1}
2025-03-28 20:34:47,525 : INFO : EventManager : Event: ======'player_phase1_complete'====== Args={'value': 0, 'prev_value': 0, 'change': 0, 'player_num': 1}
2025-03-28 20:34:47,525 : INFO : EventManager : Event: ======'player_dog_hunt_complete'====== Args={'value': 0, 'prev_value': 0, 'change': 0, 'player_num': 1}
2025-03-28 20:34:47,525 : INFO : EventManager : Event: ======'player_discovery_complete'====== Args={'value': 0, 'prev_value': 0, 'change': 0, 'player_num': 1}
2025-03-28 20:34:47,526 : INFO : EventManager : Event: ======'player_infected_complete'====== Args={'value': 0, 'prev_value': 0, 'change': 0, 'player_num': 1}
2025-03-28 20:34:47,526 : INFO : EventManager : Event: ======'player_blood_test_complete'====== Args={'value': 0, 'prev_value': 0, 'change': 0, 'player_num': 1}
2025-03-28 20:34:47,526 : INFO : EventManager : Event: ======'player_spider_head_complete'====== Args={'value': 0, 'prev_value': 0, 'change': 0, 'player_num': 1}
2025-03-28 20:34:47,526 : INFO : EventManager : Event: ======'player_wizard_complete'====== Args={'value': 0, 'prev_value': 0, 'change': 0, 'player_num': 1}
2025-03-28 20:34:47,526 : INFO : EventManager : Event: ======'player_ball_lock_complete'====== Args={'value': 0, 'prev_value': 0, 'change': 0, 'player_num': 1}
2025-03-28 20:34:47,526 : INFO : EventManager : Event: ======'player_multiball_complete'====== Args={'value': 0, 'prev_value': 0, 'change': 0, 'player_num': 1}
2025-03-28 20:34:47,526 : INFO : EventManager : Event: ======'player_spinner_value'====== Args={'value': 0, 'prev_value': 0, 'change': 0, 'player_num': 1}
2025-03-28 20:34:47,526 : INFO : EventManager : Event: ======'player_pop_bumper_value'====== Args={'value': 0, 'prev_value': 0, 'change': 0, 'player_num': 1}
2025-03-28 20:34:47,526 : INFO : EventManager : Event: ======'player_newton_shots'====== Args={'value': 0, 'prev_value': 0, 'change': 0, 'player_num': 1}
2025-03-28 20:34:47,526 : INFO : EventManager : Event: ======'player_locked_balls'====== Args={'value': 0, 'prev_value': 0, 'change': 0, 'player_num': 1}
2025-03-28 20:34:47,526 : INFO : EventManager : Event: ======'player_balls_in_play'====== Args={'value': 1, 'prev_value': 1, 'change': 0, 'player_num': 1}
2025-03-28 20:34:47,527 : INFO : EventManager : Event: ======'player_jackpot_value'====== Args={'value': 10000, 'prev_value': 10000, 'change': 0, 'player_num': 1}
2025-03-28 20:34:47,527 : INFO : EventManager : Event: ======'player_left_ramp_hits'====== Args={'value': 0, 'prev_value': 0, 'change': 0, 'player_num': 1}
2025-03-28 20:34:47,527 : INFO : EventManager : Event: ======'player_left_ramp_lock_hits'====== Args={'value': 0, 'prev_value': 0, 'change': 0, 'player_num': 1}
2025-03-28 20:34:47,527 : INFO : EventManager : Event: ======'player_spinner_hits'====== Args={'value': 0, 'prev_value': 0, 'change': 0, 'player_num': 1}
2025-03-28 20:34:47,527 : INFO : EventManager : Event: ======'player_pop_bumper_wizard'====== Args={'value': 0, 'prev_value': 0, 'change': 0, 'player_num': 1}
2025-03-28 20:34:47,527 : INFO : EventManager : Event: ======'player_ball_lock_active'====== Args={'value': 0, 'prev_value': 0, 'change': 0, 'player_num': 1}
2025-03-28 20:34:47,527 : INFO : EventManager : Event: ======'player_super_jackpot_value'====== Args={'value': 100000, 'prev_value': 100000, 'change': 0, 'player_num': 1}
2025-03-28 20:34:47,527 : INFO : EventManager : Event: ======'player_jackpot_state'====== Args={'value': 0, 'prev_value': 0, 'change': 0, 'player_num': 1}
2025-03-28 20:34:47,527 : INFO : EventManager : Event: ======'player_right_ramp_valid'====== Args={'value': 0, 'prev_value': 0, 'change': 0, 'player_num': 1}
2025-03-28 20:34:47,527 : INFO : EventManager : Event: ======'player_score'====== Args={'value': 0, 'prev_value': 0, 'change': 0, 'player_num': 1}
2025-03-28 20:34:47,527 : INFO : EventManager : Event: ======'game_started'====== Args={}
2025-03-28 20:34:47,528 : INFO : EventManager : Event: ======'setup_game_variables'====== Args={'priority': 0}
2025-03-28 20:34:47,529 : INFO : EventManager : Event: ======'player_turn_will_start'====== Args={'player': <Player 1>, 'number': 1}
2025-03-28 20:34:47,529 : INFO : EventManager : Event: ======'player_turn_starting'====== Args={'player': <Player 1>, 'number': 1}
2025-03-28 20:34:47,531 : INFO : EventManager : Event: ======'player_ball'====== Args={'value': 1, 'prev_value': 0, 'change': 1, 'player_num': 1}
2025-03-28 20:34:47,532 : INFO : EventManager : Event: ======'player_turn_started'====== Args={'player': <Player 1>, 'number': 1}
2025-03-28 20:34:47,533 : INFO : EventManager : Event: ======'ball_will_start'====== Args={'player': 1, 'ball': 1, 'balls_remaining': 2, 'is_extra_ball': False}
2025-03-28 20:34:47,534 : INFO : EventManager : Event: ======'ball_starting'====== Args={'player': 1, 'ball': 1, 'balls_remaining': 2, 'is_extra_ball': False}
2025-03-28 20:34:47,541 : INFO : EventManager : Event: ======'mode_base_will_start'====== Args={'queue': <QueuedEvent>, 'player': 1, 'ball': 1, 'balls_remaining': 2, 'is_extra_ball': False}
2025-03-28 20:34:47,542 : INFO : EventManager : Event: ======'player_base_mode_timer_tick'====== Args={'value': 60, 'prev_value': 0, 'change': 60, 'player_num': 1}
2025-03-28 20:34:47,544 : INFO : EventManager : Event: ======'mode_base_starting'====== Args={'queue': <QueuedEvent>, 'player': 1, 'ball': 1, 'balls_remaining': 2, 'is_extra_ball': False}
2025-03-28 20:34:47,544 : INFO : drop_target_bank.vuk_bank : 3 targets are down. Will reset those.
2025-03-28 20:34:47,544 : INFO : coil.c_drop_target : Pulsing Driver for 30ms (1.0 pulse_power)
2025-03-28 20:34:47,545 : INFO : Mode.base : Started. Priority: 100
2025-03-28 20:34:47,545 : INFO : EventManager : Event: ======'modes_active_modes_changed'====== Args={}
2025-03-28 20:34:47,545 : INFO : EventManager : Event: ======'mode_base_started'====== Args={'queue': <QueuedEvent>, 'player': 1, 'ball': 1, 'balls_remaining': 2, 'is_extra_ball': False}
2025-03-28 20:34:47,545 : INFO : EventManager : Event: ======'balls_in_play'====== Args={'balls': 1}
2025-03-28 20:34:47,545 : INFO : EventManager : Event: ======'ball_started'====== Args={'player': 1, 'ball': 1, 'balls_remaining': 2, 'is_extra_ball': False}
2025-03-28 20:34:47,545 : INFO : EventManager : Event: ======'ball_save_ball_save_enabled'====== Args={}
2025-03-28 20:34:47,545 : INFO : EventManager : Event: ======'logicblock_spinner_value_updated'====== Args={'value': 0, 'enabled': True}
2025-03-28 20:34:47,546 : INFO : EventManager : Event: ======'logicblock_newton_hit_counter_updated'====== Args={'value': 0, 'enabled': True}
2025-03-28 20:34:47,547 : INFO : EventManager : Event: ======'reset_player_shot_counters'====== Args={'priority': 0}
2025-03-28 20:34:47,549 : INFO : EventManager : Event: ======'single_player_ball_started'====== Args={}
2025-03-28 20:34:47,550 : INFO : EventManager : Event: ======'ball_start_target'====== Args={'target': 'playfield'}
2025-03-28 20:34:47,551 : INFO : ball_device.bd_shooter_lane : Setting up player-controlled eject. Balls: 1, Target: <playfield.playfield>, player_controlled_eject_event: None
2025-03-28 20:34:50,784 : INFO : SwitchController : <<<<<<< 's_pop_bumper_1' active >>>>>>>
2025-03-28 20:34:50,785 : INFO : EventManager : Event: ======'playfield_active'====== Args={'source': 'pop_bumper_1'}
2025-03-28 20:34:50,785 : INFO : EventManager : Event: ======'unexpected_ball_on_playfield'====== Args={}
2025-03-28 20:34:50,785 : INFO : EventManager : Event: ======'machine_var_audits_switches_s_pop_bumper_1'====== Args={'value': 1, 'prev_value': 0, 'change': 1}
2025-03-28 20:34:50,909 : INFO : SwitchController : <<<<<<< 's_pop_bumper_1' inactive >>>>>>>
2025-03-28 20:34:51,050 : INFO : SwitchController : <<<<<<< 's_spinner' inactive >>>>>>>
2025-03-28 20:34:53,789 : INFO : SwitchController : <<<<<<< 's_pop_bumper_3' active >>>>>>>
2025-03-28 20:34:53,789 : INFO : EventManager : Event: ======'playfield_active'====== Args={'source': 'pop_bumper_3'}
2025-03-28 20:34:53,789 : INFO : EventManager : Event: ======'unexpected_ball_on_playfield'====== Args={}
2025-03-28 20:34:53,790 : INFO : EventManager : Event: ======'machine_var_audits_switches_s_pop_bumper_3'====== Args={'value': 3, 'prev_value': 2, 'change': 1}
2025-03-28 20:34:53,899 : INFO : SwitchController : <<<<<<< 's_pop_bumper_3' inactive >>>>>>>
2025-03-28 20:34:54,193 : INFO : SwitchController : <<<<<<< 's_pop_bumper_3' active >>>>>>>
2025-03-28 20:34:54,194 : INFO : EventManager : Event: ======'playfield_active'====== Args={'source': 'pop_bumper_3'}
2025-03-28 20:34:54,194 : INFO : EventManager : Event: ======'unexpected_ball_on_playfield'====== Args={}
2025-03-28 20:34:54,194 : INFO : EventManager : Event: ======'machine_var_audits_switches_s_pop_bumper_3'====== Args={'value': 4, 'prev_value': 3, 'change': 1}
2025-03-28 20:34:54,270 : INFO : SwitchController : <<<<<<< 's_pop_bumper_3' inactive >>>>>>>
2025-03-28 20:34:54,593 : INFO : SwitchController : <<<<<<< 's_pop_bumper_3' active >>>>>>>
2025-03-28 20:34:54,594 : INFO : EventManager : Event: ======'playfield_active'====== Args={'source': 'pop_bumper_3'}
2025-03-28 20:34:54,594 : INFO : EventManager : Event: ======'unexpected_ball_on_playfield'====== Args={}
2025-03-28 20:34:54,594 : INFO : EventManager : Event: ======'machine_var_audits_switches_s_pop_bumper_3'====== Args={'value': 5, 'prev_value': 4, 'change': 1}
2025-03-28 20:34:54,733 : INFO : SwitchController : <<<<<<< 's_pop_bumper_3' inactive >>>>>>>
2025-03-28 20:34:54,733 : INFO : SwitchController : <<<<<<< 's_pop_bumper_3' active >>>>>>>
2025-03-28 20:34:54,733 : INFO : EventManager : Event: ======'playfield_active'====== Args={'source': 'pop_bumper_3'}
2025-03-28 20:34:54,733 : INFO : EventManager : Event: ======'unexpected_ball_on_playfield'====== Args={}
2025-03-28 20:34:54,733 : INFO : EventManager : Event: ======'machine_var_audits_switches_s_pop_bumper_3'====== Args={'value': 6, 'prev_value': 5, 'change': 1}
2025-03-28 20:34:54,733 : INFO : SwitchController : <<<<<<< 's_pop_bumper_3' inactive >>>>>>>
2025-03-28 20:34:56,420 : INFO : SwitchController : <<<<<<< 's_pop_bumper_3' active >>>>>>>
2025-03-28 20:34:56,420 : INFO : EventManager : Event: ======'playfield_active'====== Args={'source': 'pop_bumper_3'}
2025-03-28 20:34:56,420 : INFO : EventManager : Event: ======'unexpected_ball_on_playfield'====== Args={}
2025-03-28 20:34:56,420 : INFO : EventManager : Event: ======'machine_var_audits_switches_s_pop_bumper_3'====== Args={'value': 7, 'prev_value': 6, 'change': 1}
2025-03-28 20:34:56,698 : INFO : SwitchController : <<<<<<< 's_pop_bumper_3' inactive >>>>>>>
2025-03-28 20:34:58,493 : INFO : SwitchController : <<<<<<< 's_pop_bumper_1' active >>>>>>>
2025-03-28 20:34:58,494 : INFO : EventManager : Event: ======'playfield_active'====== Args={'source': 'pop_bumper_1'}
2025-03-28 20:34:58,494 : INFO : EventManager : Event: ======'unexpected_ball_on_playfield'====== Args={}
2025-03-28 20:34:58,494 : INFO : EventManager : Event: ======'machine_var_audits_switches_s_pop_bumper_1'====== Args={'value': 2, 'prev_value': 1, 'change': 1}
2025-03-28 20:34:58,617 : INFO : SwitchController : <<<<<<< 's_pop_bumper_1' inactive >>>>>>>
2025-03-28 20:35:02,616 : INFO : SwitchController : <<<<<<< 's_pop_bumper_2' active >>>>>>>
2025-03-28 20:35:02,617 : INFO : EventManager : Event: ======'playfield_active'====== Args={'source': 'pop_bumper_2'}
2025-03-28 20:35:02,617 : INFO : EventManager : Event: ======'unexpected_ball_on_playfield'====== Args={}
2025-03-28 20:35:02,617 : INFO : EventManager : Event: ======'machine_var_audits_switches_s_pop_bumper_2'====== Args={'value': 1, 'prev_value': 0, 'change': 1}
2025-03-28 20:35:02,725 : INFO : SwitchController : <<<<<<< 's_pop_bumper_2' inactive >>>>>>>
2025-03-28 20:36:17,344 : INFO : SwitchController : <<<<<<< 's_pop_bumper_1' active >>>>>>>
2025-03-28 20:36:17,344 : INFO : EventManager : Event: ======'playfield_active'====== Args={'source': 'pop_bumper_1'}
2025-03-28 20:36:17,344 : INFO : EventManager : Event: ======'unexpected_ball_on_playfield'====== Args={}
2025-03-28 20:36:17,344 : INFO : EventManager : Event: ======'machine_var_audits_switches_s_pop_bumper_1'====== Args={'value': 3, 'prev_value': 2, 'change': 1}
2025-03-28 20:36:17,437 : INFO : SwitchController : <<<<<<< 's_pop_bumper_1' inactive >>>>>>>
2025-03-28 20:36:19,994 : INFO : SwitchController : <<<<<<< 's_pop_bumper_1' active >>>>>>>
2025-03-28 20:36:19,994 : INFO : EventManager : Event: ======'playfield_active'====== Args={'source': 'pop_bumper_1'}
2025-03-28 20:36:19,994 : INFO : EventManager : Event: ======'unexpected_ball_on_playfield'====== Args={}
2025-03-28 20:36:19,994 : INFO : EventManager : Event: ======'machine_var_audits_switches_s_pop_bumper_1'====== Args={'value': 4, 'prev_value': 3, 'change': 1}
2025-03-28 20:36:20,136 : INFO : SwitchController : <<<<<<< 's_pop_bumper_1' inactive >>>>>>>
2025-03-28 20:36:22,345 : INFO : SwitchController : <<<<<<< 's_pop_bumper_2' active >>>>>>>
2025-03-28 20:36:22,345 : INFO : EventManager : Event: ======'playfield_active'====== Args={'source': 'pop_bumper_2'}
2025-03-28 20:36:22,346 : INFO : EventManager : Event: ======'unexpected_ball_on_playfield'====== Args={}
2025-03-28 20:36:22,346 : INFO : EventManager : Event: ======'machine_var_audits_switches_s_pop_bumper_2'====== Args={'value': 2, 'prev_value': 1, 'change': 1}
2025-03-28 20:36:22,469 : INFO : SwitchController : <<<<<<< 's_pop_bumper_2' inactive >>>>>>>
2025-03-28 20:36:26,662 : INFO : SwitchController : <<<<<<< 's_pop_bumper_3' active >>>>>>>
2025-03-28 20:36:26,663 : INFO : EventManager : Event: ======'playfield_active'====== Args={'source': 'pop_bumper_3'}
2025-03-28 20:36:26,663 : INFO : EventManager : Event: ======'unexpected_ball_on_playfield'====== Args={}
2025-03-28 20:36:26,663 : INFO : EventManager : Event: ======'machine_var_audits_switches_s_pop_bumper_3'====== Args={'value': 8, 'prev_value': 7, 'change': 1}
2025-03-28 20:36:26,941 : INFO : SwitchController : <<<<<<< 's_pop_bumper_3' inactive >>>>>>>
2025-03-28 20:36:27,081 : INFO : SwitchController : <<<<<<< 's_pop_bumper_3' active >>>>>>>
2025-03-28 20:36:27,081 : INFO : EventManager : Event: ======'playfield_active'====== Args={'source': 'pop_bumper_3'}
2025-03-28 20:36:27,082 : INFO : EventManager : Event: ======'unexpected_ball_on_playfield'====== Args={}
2025-03-28 20:36:27,082 : INFO : EventManager : Event: ======'machine_var_audits_switches_s_pop_bumper_3'====== Args={'value': 9, 'prev_value': 8, 'change': 1}
2025-03-28 20:36:27,172 : INFO : SwitchController : <<<<<<< 's_pop_bumper_3' inactive >>>>>>>
2025-03-28 20:36:27,267 : INFO : SwitchController : <<<<<<< 's_pop_bumper_3' active >>>>>>>
2025-03-28 20:36:27,267 : INFO : EventManager : Event: ======'playfield_active'====== Args={'source': 'pop_bumper_3'}
2025-03-28 20:36:27,267 : INFO : EventManager : Event: ======'unexpected_ball_on_playfield'====== Args={}
2025-03-28 20:36:27,267 : INFO : EventManager : Event: ======'machine_var_audits_switches_s_pop_bumper_3'====== Args={'value': 10, 'prev_value': 9, 'change': 1}
2025-03-28 20:36:27,358 : INFO : SwitchController : <<<<<<< 's_pop_bumper_3' inactive >>>>>>>
2025-03-28 20:36:44,780 : INFO : SwitchController : <<<<<<< 's_mode_opto' inactive >>>>>>>
2025-03-28 20:36:45,593 : INFO : SwitchController : <<<<<<< 's_mode_opto' active >>>>>>>
2025-03-28 20:36:45,593 : INFO : EventManager : Event: ======'s_mode_opto_active'====== Args={}
2025-03-28 20:36:45,594 : INFO : EventManager : Event: ======'sw_playfield_active'====== Args={}
2025-03-28 20:36:45,594 : INFO : EventManager : Event: ======'machine_var_audits_switches_s_mode_opto'====== Args={'value': 1, 'prev_value': 0, 'change': 1}
2025-03-28 20:36:45,594 : INFO : EventManager : Event: ======'check_mode_opto'====== Args={'priority': 0}
2025-03-28 20:36:45,595 : INFO : EventManager : Event: ======'check_available_modes'====== Args={'priority': 0}
2025-03-28 20:36:45,595 : INFO : EventManager : Event: ======'check_dog_hunt_mode'====== Args={'priority': 0}
2025-03-28 20:36:45,595 : INFO : EventManager : Event: ======'start_mode_dog_hunt'====== Args={'priority': 0}
2025-03-28 20:36:45,595 : INFO : EventManager : Event: ======'mode_dog_hunt_start'====== Args={'priority': 0}
2025-03-28 20:36:45,595 : INFO : EventManager : Event: ======'mode_dog_hunt_will_start'====== Args={'priority': 0}
2025-03-28 20:36:45,596 : INFO : EventManager : Event: ======'player_dog_hunt_dog_hunt_timer_tick'====== Args={'value': 60, 'prev_value': 0, 'change': 60, 'player_num': 1}
2025-03-28 20:36:45,597 : INFO : EventManager : Event: ======'mode_dog_hunt_starting'====== Args={'priority': 0}
2025-03-28 20:36:45,598 : INFO : EventManager : Event: ======'playfield_active'====== Args={'source': None}
2025-03-28 20:36:45,598 : INFO : EventManager : Event: ======'unexpected_ball_on_playfield'====== Args={}
2025-03-28 20:36:45,599 : INFO : EventManager : Event: ======'logicblock_spinner_counter_updated'====== Args={'value': 0, 'enabled': True}
2025-03-28 20:36:45,599 : INFO : EventManager : Event: ======'logicblock_spinner_counter_updated'====== Args={'value': 0, 'enabled': True}
2025-03-28 20:36:45,599 : INFO : Mode.dog_hunt : Started. Priority: 300
2025-03-28 20:36:45,599 : INFO : EventManager : Event: ======'modes_active_modes_changed'====== Args={}
2025-03-28 20:36:45,599 : INFO : EventManager : Event: ======'mode_dog_hunt_started'====== Args={'priority': 0}
2025-03-28 20:36:45,600 : INFO : Timer.dog_hunt_timer : Starting Timer.
2025-03-28 20:36:45,600 : INFO : EventManager : Event: ======'timer_dog_hunt_timer_started'====== Args={'ticks': 60, 'ticks_remaining': 60}
2025-03-28 20:36:45,600 : INFO : EventManager : Event: ======'timer_dog_hunt_timer_tick'====== Args={'ticks': 60, 'ticks_remaining': 60}
2025-03-28 20:36:45,600 : INFO : Mode.dog_hunt : Dog Hunt mode started
2025-03-28 20:36:45,600 : INFO : EventManager : Event: ======'player_game_mode_active'====== Args={'value': True, 'prev_value': 0, 'change': 1, 'player_num': 1}
2025-03-28 20:36:45,600 : INFO : EventManager : Event: ======'player_current_game_mode'====== Args={'value': 'dog_hunt', 'prev_value': 'None', 'change': True, 'player_num': 1}
2025-03-28 20:36:45,600 : WARNING : Machine : Accessing devices by attribute is deprecated and will be removed. Access by value instead: coils.c_mode_vuk -> coils['c_mode_vuk']
2025-03-28 20:36:45,600 : ERROR : asyncio : Exception in callback EventManager.process_event_queue()
handle: <Handle EventManager.process_event_queue()>
Traceback (most recent call last):
  File "C:\Users\homebrew\AppData\Local\Programs\Python\Python312\Lib\asyncio\events.py", line 88, in _run
    self._context.run(self._callback, *self._args)
  File "C:\Users\homebrew\AppData\Local\Programs\Python\Python312\Lib\site-packages\mpf\core\events.py", line 862, in process_event_queue
    callback(**kwargs)
  File "C:\Users\homebrew\AppData\Local\Programs\Python\Python312\Lib\site-packages\mpf\core\mode.py", line 266, in _mode_started_callback
    self.mode_start(**self.start_event_kwargs)
  File "C:\Users\homebrew\Desktop\thing_pinball\modes\dog_hunt\code\dog_hunt.py", line 14, in mode_start
    self.machine.coils.c_mode_vuk.enable()
  File "C:\Users\homebrew\AppData\Local\Programs\Python\Python312\Lib\site-packages\mpf\devices\driver.py", line 253, in enable
    raise DriverLimitsError("Cannot enable driver with hold_power 0.0")
mpf.exceptions.driver_limits_error.DriverLimitsError: Cannot enable driver with hold_power 0.0
2025-03-28 20:36:45,618 : INFO : Machine : Shutting down...
2025-03-28 20:36:45,618 : INFO : EventManager : Event: ======'shutdown'====== Args={}
2025-03-28 20:36:45,619 : INFO : EventManager : Event: ======'mode_game_will_stop'====== Args={}
2025-03-28 20:36:45,619 : INFO : EventManager : Event: ======'mode_game_stopping'====== Args={}
2025-03-28 20:36:45,619 : INFO : EventManager : Event: ======'mode_dog_hunt_will_stop'====== Args={}
2025-03-28 20:36:45,619 : INFO : EventManager : Event: ======'mode_dog_hunt_stopping'====== Args={}
2025-03-28 20:36:45,619 : INFO : EventManager : Event: ======'mode_base_will_stop'====== Args={}
2025-03-28 20:36:45,619 : INFO : EventManager : Event: ======'mode_base_stopping'====== Args={}
2025-03-28 20:36:45,620 : INFO : Mode.base : Stopped.
2025-03-28 20:36:45,620 : INFO : EventManager : Event: ======'modes_active_modes_changed'====== Args={}
2025-03-28 20:36:45,620 : INFO : EventManager : Event: ======'mode_base_stopped'====== Args={}
2025-03-28 20:36:45,620 : INFO : EventManager : Event: ======'clear'====== Args={'key': 'base'}
2025-03-28 20:36:45,620 : INFO : Timer.mode_timer : Stopping Timer
2025-03-28 20:36:45,620 : INFO : EventManager : Event: ======'timer_mode_timer_stopped'====== Args={'ticks': 60, 'ticks_remaining': 0}
2025-03-28 20:36:45,620 : INFO : Mode.dog_hunt : Stopped.
2025-03-28 20:36:45,620 : INFO : EventManager : Event: ======'modes_active_modes_changed'====== Args={}
2025-03-28 20:36:45,620 : INFO : EventManager : Event: ======'mode_dog_hunt_stopped'====== Args={}
2025-03-28 20:36:45,620 : INFO : EventManager : Event: ======'clear'====== Args={'key': 'dog_hunt'}
2025-03-28 20:36:45,620 : INFO : Mode.dog_hunt : Dog Hunt mode stopped
2025-03-28 20:36:45,620 : WARNING : Machine : Accessing devices by attribute is deprecated and will be removed. Access by value instead: coils.c_mode_vuk -> coils['c_mode_vuk']
2025-03-28 20:36:45,620 : INFO : coil.c_mode_vuk : Disabling Driver
2025-03-28 20:36:45,621 : INFO : Timer.dog_hunt_timer : Stopping Timer
2025-03-28 20:36:45,621 : INFO : EventManager : Event: ======'timer_dog_hunt_timer_stopped'====== Args={'ticks': 60, 'ticks_remaining': 60}
2025-03-28 20:36:45,621 : INFO : Mode.game : Stopped.
2025-03-28 20:36:45,621 : INFO : EventManager : Event: ======'modes_active_modes_changed'====== Args={}
2025-03-28 20:36:45,621 : INFO : EventManager : Event: ======'mode_game_stopped'====== Args={}
2025-03-28 20:36:45,621 : INFO : EventManager : Event: ======'clear'====== Args={'key': 'game'}
2025-03-28 20:36:45,720 : ERROR : Machine : Runtime Exception
Traceback (most recent call last):
  File "C:\Users\homebrew\AppData\Local\Programs\Python\Python312\Lib\site-packages\mpf\core\machine.py", line 793, in _run_loop
    raise self._exception['exception']
  File "C:\Users\homebrew\AppData\Local\Programs\Python\Python312\Lib\asyncio\events.py", line 88, in _run
    self._context.run(self._callback, *self._args)
  File "C:\Users\homebrew\AppData\Local\Programs\Python\Python312\Lib\site-packages\mpf\core\events.py", line 862, in process_event_queue
    callback(**kwargs)
  File "C:\Users\homebrew\AppData\Local\Programs\Python\Python312\Lib\site-packages\mpf\core\mode.py", line 266, in _mode_started_callback
    self.mode_start(**self.start_event_kwargs)
  File "C:\Users\homebrew\Desktop\thing_pinball\modes\dog_hunt\code\dog_hunt.py", line 14, in mode_start
    self.machine.coils.c_mode_vuk.enable()
  File "C:\Users\homebrew\AppData\Local\Programs\Python\Python312\Lib\site-packages\mpf\devices\driver.py", line 253, in enable
    raise DriverLimitsError("Cannot enable driver with hold_power 0.0")
mpf.exceptions.driver_limits_error.DriverLimitsError: Cannot enable driver with hold_power 0.0
2025-03-28 20:36:45,725 : INFO : root : MPF run loop ended.
