2025-03-28 20:41:33,797 : INFO : root : Loading config.
2025-03-28 20:41:33,800 : INFO : YamlMultifileConfigLoader : Machine config file #1: config.yaml
2025-03-28 20:41:33,802 : INFO : ConfigProcessor : Loading config from cache: C:\Users\homebrew\AppData\Local\Temp\775282453bb9ae39cad69c39ab867a35.mpf_cache
2025-03-28 20:41:33,916 : INFO : ConfigProcessor : Loading config from cache: C:\Users\homebrew\AppData\Local\Temp\14eb6f99ffd433bf1b6bfef7e8b96202.mpf_cache
2025-03-28 20:41:33,916 : INFO : ConfigProcessor : Loading config from cache: C:\Users\homebrew\AppData\Local\Temp\8864efb2a88f9c685592172f4fd0a6a3.mpf_cache
2025-03-28 20:41:33,917 : INFO : ConfigProcessor : Loading config from cache: C:\Users\homebrew\AppData\Local\Temp\1352604168843921958881d1d8dd3c1b.mpf_cache
2025-03-28 20:41:33,917 : INFO : ConfigProcessor : Loading config from cache: C:\Users\homebrew\AppData\Local\Temp\14eb6f99ffd433bf1b6bfef7e8b96202.mpf_cache
2025-03-28 20:41:33,918 : INFO : ConfigProcessor : Loading config from cache: C:\Users\homebrew\AppData\Local\Temp\8864efb2a88f9c685592172f4fd0a6a3.mpf_cache
2025-03-28 20:41:33,918 : INFO : ConfigProcessor : Loading config from cache: C:\Users\homebrew\AppData\Local\Temp\82108c9d10735fbef5e8cced18b7d831.mpf_cache
2025-03-28 20:41:33,920 : INFO : ConfigProcessor : Loading config from cache: C:\Users\homebrew\AppData\Local\Temp\81d0f34cbd4c6d61cd4dad95e5100b6a.mpf_cache
2025-03-28 20:41:33,920 : INFO : ConfigProcessor : Loading config from cache: C:\Users\homebrew\AppData\Local\Temp\85b30d06c34a199299d858e267dca599.mpf_cache
2025-03-28 20:41:33,921 : INFO : ConfigProcessor : Loading config from cache: C:\Users\homebrew\AppData\Local\Temp\b6a0c3fa509e03dd7943cf1395b72ece.mpf_cache
2025-03-28 20:41:33,922 : INFO : ConfigProcessor : Loading config from cache: C:\Users\homebrew\AppData\Local\Temp\d18a920afddb781d4f34b36ac5cb2e09.mpf_cache
2025-03-28 20:41:33,922 : INFO : ConfigProcessor : Loading config from cache: C:\Users\homebrew\AppData\Local\Temp\50de7258194ae9293cbe8c4fce9577e7.mpf_cache
2025-03-28 20:41:33,923 : INFO : ConfigProcessor : Loading config from cache: C:\Users\homebrew\AppData\Local\Temp\2a76f107a833b8953199c5c910a26856.mpf_cache
2025-03-28 20:41:33,924 : INFO : ConfigProcessor : Loading config from cache: C:\Users\homebrew\AppData\Local\Temp\529fba7289b2d9f945cd5a4488c8b5fa.mpf_cache
2025-03-28 20:41:33,924 : INFO : ConfigProcessor : Loading config from cache: C:\Users\homebrew\AppData\Local\Temp\8c97cf9697840e2ca000923ba54f1b48.mpf_cache
2025-03-28 20:41:33,925 : INFO : ConfigProcessor : Loading config from cache: C:\Users\homebrew\AppData\Local\Temp\e8cb3f2c2e9a26851ec893c5156e3f7c.mpf_cache
2025-03-28 20:41:33,925 : INFO : ConfigProcessor : Loading config from cache: C:\Users\homebrew\AppData\Local\Temp\67cfb29d96313268f86362bebab46239.mpf_cache
2025-03-28 20:41:33,926 : INFO : Machine : Mission Pinball Framework Core Engine v0.80.0.dev4
2025-03-28 20:41:33,926 : INFO : Machine : Command line arguments: {'no_load_cache': False, 'create_config_cache': True, 'bcp': False, 'configfile': ['config.yaml'], 'force_assets_load': False, 'platform_integration_test': False, 'jsonlogging': False, 'logfile': 'logs\\2025-03-28-20-41-33-mpf-mpf.log', 'pause': False, 'production': False, 'text_ui': False, 'loglevel': 15, 'consoleloglevel': 20, 'force_platform': None, 'syslog_address': None, 'mc_file_name': None, 'no_sound': False, 'full_logfile_path': 'C:\\Users\\homebrew\\Desktop\\thing_pinball\\logs\\2025-03-28-20-41-33-mpf-mpf.log'}
2025-03-28 20:41:33,926 : INFO : Machine : MPF path: C:\Users\homebrew\AppData\Local\Programs\Python\Python312\Lib\site-packages\mpf
2025-03-28 20:41:33,926 : INFO : Machine : Machine path: C:\Users\homebrew\Desktop\thing_pinball
2025-03-28 20:41:33,926 : INFO : Machine : Platform: win32
2025-03-28 20:41:33,928 : INFO : Machine : Python executable location: C:\Users\homebrew\AppData\Local\Programs\Python\Python312\python.exe
2025-03-28 20:41:33,928 : INFO : Machine : Python version: 3.12.3 (64-bit)
2025-03-28 20:41:33,929 : INFO : Machine : Initializing MPF...
2025-03-28 20:41:34,048 : INFO : FAST [NET] : Trying to connect to com4 at 921600bps
2025-03-28 20:41:34,053 : INFO : FAST [NET] : Connected to com4 at 921600bps
2025-03-28 20:41:34,060 : INFO : FAST [NET] : Connected to FP-CPU-2000 with firmware v02.21
2025-03-28 20:41:34,090 : INFO : FAST [NET] : Registered I/O Board 0: Model: FP-I/O-0024, Firmware: 01.10, Switches: 24, Drivers: 8
2025-03-28 20:41:34,105 : INFO : FAST [NET] : Registered I/O Board 1: Model: FP-I/O-3208, Firmware: 01.10, Switches: 32, Drivers: 8
2025-03-28 20:41:34,121 : INFO : FAST [NET] : Registered I/O Board 2: Model: FP-I/O-0804, Firmware: 01.10, Switches: 8, Drivers: 4
2025-03-28 20:41:34,137 : INFO : FAST [NET] : Registered I/O Board 3: Model: FP-I/O-0804, Firmware: 01.10, Switches: 8, Drivers: 4
2025-03-28 20:41:34,139 : INFO : EventManager : Event: ======'machine_var_credits_string'====== Args={'value': 'FREE PLAY', 'prev_value': None, 'change': True}
2025-03-28 20:41:34,178 : INFO : EventManager : Event: ======'machine_var_master_volume'====== Args={'value': 0.5, 'prev_value': None, 'change': True}
2025-03-28 20:41:34,178 : INFO : EventManager : Event: ======'machine_var_game_mode_dog_hunt_complete'====== Args={'value': 0, 'prev_value': None, 'change': True}
2025-03-28 20:41:34,178 : INFO : EventManager : Event: ======'machine_var_game_mode_discovery_complete'====== Args={'value': 0, 'prev_value': None, 'change': True}
2025-03-28 20:41:34,178 : INFO : EventManager : Event: ======'machine_var_game_mode_infected_complete'====== Args={'value': 0, 'prev_value': None, 'change': True}
2025-03-28 20:41:34,178 : INFO : EventManager : Event: ======'machine_var_game_mode_blood_test_complete'====== Args={'value': 0, 'prev_value': None, 'change': True}
2025-03-28 20:41:34,179 : INFO : EventManager : Event: ======'machine_var_game_mode_spider_head_complete'====== Args={'value': 0, 'prev_value': None, 'change': True}
2025-03-28 20:41:34,179 : INFO : EventManager : Event: ======'machine_var_game_mode_wizard_complete'====== Args={'value': 0, 'prev_value': None, 'change': True}
2025-03-28 20:41:34,180 : INFO : EventManager : Event: ======'machine_var_game_mode_ball_lock_complete'====== Args={'value': 0, 'prev_value': None, 'change': True}
2025-03-28 20:41:34,180 : INFO : EventManager : Event: ======'machine_var_game_mode_multiball_complete'====== Args={'value': 0, 'prev_value': None, 'change': True}
2025-03-28 20:41:34,180 : INFO : EventManager : Event: ======'machine_var_mpf_version'====== Args={'value': 'Mission Pinball Framework v0.80.0.dev4', 'prev_value': None, 'change': True}
2025-03-28 20:41:34,180 : INFO : EventManager : Event: ======'machine_var_mpf_extended_version'====== Args={'value': 'Mission Pinball Framework v0.80.0.dev4, Config version:6, Show version: 6, BCP version:1.1', 'prev_value': None, 'change': True}
2025-03-28 20:41:34,181 : INFO : EventManager : Event: ======'machine_var_python_version'====== Args={'value': '3.12.3', 'prev_value': None, 'change': True}
2025-03-28 20:41:34,401 : INFO : EventManager : Event: ======'machine_var_platform'====== Args={'value': 'Windows-11-10.0.26100-SP0', 'prev_value': None, 'change': True}
2025-03-28 20:41:34,402 : INFO : EventManager : Event: ======'machine_var_platform_system'====== Args={'value': 'Windows', 'prev_value': None, 'change': True}
2025-03-28 20:41:34,402 : INFO : EventManager : Event: ======'machine_var_platform_release'====== Args={'value': '11', 'prev_value': None, 'change': True}
2025-03-28 20:41:34,402 : INFO : EventManager : Event: ======'machine_var_platform_version'====== Args={'value': '10.0.26100', 'prev_value': None, 'change': True}
2025-03-28 20:41:34,402 : INFO : EventManager : Event: ======'machine_var_platform_machine'====== Args={'value': 'AMD64', 'prev_value': None, 'change': True}
2025-03-28 20:41:34,402 : INFO : EventManager : Event: ======'machine_var_log_file_path'====== Args={'value': 'C:\\Users\\homebrew\\Desktop\\thing_pinball\\logs\\2025-03-28-20-41-33-mpf-mpf.log', 'prev_value': None, 'change': True}
2025-03-28 20:41:34,402 : INFO : EventManager : Event: ======'init_phase_1'====== Args={}
2025-03-28 20:41:34,468 : WARNING : ConfigValidator : Unrecognized config setting. "mode:wizard:timers:wizard_timer:events_when_complete" is not a valid setting name.
2025-03-28 20:41:34,468 : WARNING : ConfigValidator : Unrecognized config setting. "mode:dog_hunt:timers:dog_hunt_timer:events_when_complete" is not a valid setting name.
2025-03-28 20:41:34,468 : WARNING : ConfigValidator : Unrecognized config setting. "mode:blood_test:timers:blood_test_timer:events_when_complete" is not a valid setting name.
2025-03-28 20:41:34,469 : WARNING : ConfigValidator : Unrecognized config setting. "mode:base:timers:mode_timer:events_when_complete" is not a valid setting name.
2025-03-28 20:41:34,469 : WARNING : ConfigValidator : Unrecognized config setting. "mode:multiball:timers:multiball_jackpot_timer:events_when_complete" is not a valid setting name.
2025-03-28 20:41:34,469 : WARNING : ConfigValidator : Unrecognized config setting. "mode:multiball:timers:right_ramp_validity_timer:events_when_complete" is not a valid setting name.
2025-03-28 20:41:34,469 : WARNING : ConfigValidator : Unrecognized config setting. "mode:spider_head:timers:spider_head_timer:events_when_complete" is not a valid setting name.
2025-03-28 20:41:34,469 : WARNING : ConfigValidator : Unrecognized config setting. "mode:discovery:timers:discovery_timer:events_when_complete" is not a valid setting name.
2025-03-28 20:41:34,469 : WARNING : ConfigValidator : Unrecognized config setting. "mode:infected:timers:infected_timer:events_when_complete" is not a valid setting name.
2025-03-28 20:41:34,477 : INFO : EventManager : Event: ======'drop_target_bank_vuk_bank_up'====== Args={}
2025-03-28 20:41:34,478 : INFO : EventManager : Event: ======'logicblock_spinner_value_updated'====== Args={'value': 0, 'enabled': False}
2025-03-28 20:41:34,478 : INFO : EventManager : Event: ======'logicblock_newton_hit_counter_updated'====== Args={'value': 0, 'enabled': False}
2025-03-28 20:41:36,842 : WARNING : Machine : Iterating device collections directly is deprecated and will be removed. Access by value(): device_collections[switches] -> device_collections['switches'].values()
2025-03-28 20:41:36,843 : INFO : SwitchController : <<<<<<< 's_trough_6' active >>>>>>>
2025-03-28 20:41:36,843 : INFO : SwitchController : <<<<<<< 's_trough_7' active >>>>>>>
2025-03-28 20:41:36,843 : INFO : SwitchController : <<<<<<< 's_trough_ball' active >>>>>>>
2025-03-28 20:41:36,845 : INFO : SwitchController : <<<<<<< 's_mode_opto' active >>>>>>>
2025-03-28 20:41:36,845 : INFO : SwitchController : <<<<<<< 's_3bank_tgt_d' active >>>>>>>
2025-03-28 20:41:36,845 : INFO : SwitchController : <<<<<<< 's_3bank_tgt_o' active >>>>>>>
2025-03-28 20:41:36,845 : INFO : SwitchController : <<<<<<< 's_3bank_tgt_g' active >>>>>>>
2025-03-28 20:41:36,845 : INFO : SwitchController : <<<<<<< 's_newton_opto_made' active >>>>>>>
2025-03-28 20:41:36,845 : INFO : SwitchController : <<<<<<< 's_start_button' active >>>>>>>
2025-03-28 20:41:36,853 : INFO : EventManager : Event: ======'init_phase_2'====== Args={}
2025-03-28 20:41:36,853 : INFO : SwitchController : Found active switch: (37, [FAST Platform Interface]) <switch.s_trough_6>
2025-03-28 20:41:36,854 : INFO : SwitchController : Found active switch: (38, [FAST Platform Interface]) <switch.s_trough_7>
2025-03-28 20:41:36,854 : INFO : SwitchController : Found active switch: (52, [FAST Platform Interface]) <switch.s_trough_ball>
2025-03-28 20:41:36,854 : INFO : SwitchController : Found active switch: (64, [FAST Platform Interface]) <switch.s_mode_opto>
2025-03-28 20:41:36,854 : INFO : SwitchController : Found active switch: (50, [FAST Platform Interface]) <switch.s_3bank_tgt_d>
2025-03-28 20:41:36,854 : INFO : SwitchController : Found active switch: (49, [FAST Platform Interface]) <switch.s_3bank_tgt_o>
2025-03-28 20:41:36,854 : INFO : SwitchController : Found active switch: (53, [FAST Platform Interface]) <switch.s_3bank_tgt_g>
2025-03-28 20:41:36,854 : INFO : SwitchController : Found active switch: (45, [FAST Platform Interface]) <switch.s_newton_opto_made>
2025-03-28 20:41:36,854 : INFO : SwitchController : Found active switch: (10, [FAST Platform Interface]) <switch.s_start_button>
2025-03-28 20:41:36,864 : WARNING : ConfigValidator : Unrecognized config setting. "slide_player:widgets" is not a valid setting name.
2025-03-28 20:41:36,864 : WARNING : ConfigValidator : Unrecognized config setting. "slide_player:widgets" is not a valid setting name.
2025-03-28 20:41:36,864 : WARNING : ConfigValidator : Unrecognized config setting. "slide_player:widgets" is not a valid setting name.
2025-03-28 20:41:36,864 : WARNING : ConfigValidator : Unrecognized config setting. "slide_player:widgets" is not a valid setting name.
2025-03-28 20:41:36,864 : WARNING : ConfigValidator : Unrecognized config setting. "slide_player:widgets" is not a valid setting name.
2025-03-28 20:41:36,864 : WARNING : ConfigValidator : Unrecognized config setting. "slide_player:widgets" is not a valid setting name.
2025-03-28 20:41:36,864 : WARNING : ConfigValidator : Unrecognized config setting. "slide_player:widgets" is not a valid setting name.
2025-03-28 20:41:36,864 : WARNING : ConfigValidator : Unrecognized config setting. "slide_player:widgets" is not a valid setting name.
2025-03-28 20:41:36,865 : WARNING : ConfigValidator : Unrecognized config setting. "slide_player:widgets" is not a valid setting name.
2025-03-28 20:41:36,865 : WARNING : ConfigValidator : Unrecognized config setting. "slide_player:widgets" is not a valid setting name.
2025-03-28 20:41:36,865 : WARNING : ConfigValidator : Unrecognized config setting. "slide_player:widgets" is not a valid setting name.
2025-03-28 20:41:36,865 : WARNING : ConfigValidator : Unrecognized config setting. "slide_player:widgets" is not a valid setting name.
2025-03-28 20:41:36,865 : WARNING : ConfigValidator : Unrecognized config setting. "slide_player:widgets" is not a valid setting name.
2025-03-28 20:41:36,865 : WARNING : ConfigValidator : Unrecognized config setting. "slide_player:widgets" is not a valid setting name.
2025-03-28 20:41:36,865 : WARNING : ConfigValidator : Unrecognized config setting. "slide_player:widgets" is not a valid setting name.
2025-03-28 20:41:36,865 : WARNING : ConfigValidator : Unrecognized config setting. "slide_player:widgets" is not a valid setting name.
2025-03-28 20:41:36,865 : WARNING : ConfigValidator : Unrecognized config setting. "slide_player:widgets" is not a valid setting name.
2025-03-28 20:41:36,865 : WARNING : ConfigValidator : Unrecognized config setting. "slide_player:widgets" is not a valid setting name.
2025-03-28 20:41:36,865 : WARNING : ConfigValidator : Unrecognized config setting. "slide_player:widgets" is not a valid setting name.
2025-03-28 20:41:36,866 : WARNING : ConfigValidator : Unrecognized config setting. "slide_player:widgets" is not a valid setting name.
2025-03-28 20:41:36,866 : WARNING : ConfigValidator : Unrecognized config setting. "slide_player:widgets" is not a valid setting name.
2025-03-28 20:41:36,866 : WARNING : ConfigValidator : Unrecognized config setting. "slide_player:widgets" is not a valid setting name.
2025-03-28 20:41:36,866 : WARNING : ConfigValidator : Unrecognized config setting. "slide_player:widgets" is not a valid setting name.
2025-03-28 20:41:36,866 : WARNING : ConfigValidator : Unrecognized config setting. "slide_player:widgets" is not a valid setting name.
2025-03-28 20:41:36,866 : WARNING : ConfigValidator : Unrecognized config setting. "slide_player:widgets" is not a valid setting name.
2025-03-28 20:41:36,866 : WARNING : ConfigValidator : Unrecognized config setting. "slide_player:widgets" is not a valid setting name.
2025-03-28 20:41:36,866 : WARNING : ConfigValidator : Unrecognized config setting. "slide_player:widgets" is not a valid setting name.
2025-03-28 20:41:36,870 : WARNING : YAML File Interface : YAML error found in file C:\Users\homebrew\Desktop\thing_pinball\data/high_scores.yaml. Line 2, Position 3: could not determine a constructor for the tag 'tag:yaml.org,2002:python/tuple'
  in "C:\Users\homebrew\Desktop\thing_pinball\data/high_scores.yaml", line 2, column 3
2025-03-28 20:41:36,871 : WARNING : ConfigValidator : Unrecognized config setting. "high_score:events_when_complete" is not a valid setting name.
2025-03-28 20:41:36,871 : INFO : EventManager : Event: ======'machine_var_score1_label'====== Args={'value': 'GRAND CHAMPION', 'prev_value': None, 'change': True}
2025-03-28 20:41:36,871 : INFO : EventManager : Event: ======'machine_var_score1_name'====== Args={'value': 'THING', 'prev_value': None, 'change': True}
2025-03-28 20:41:36,871 : INFO : EventManager : Event: ======'machine_var_score1_value'====== Args={'value': 5000000, 'prev_value': None, 'change': True}
2025-03-28 20:41:36,871 : INFO : EventManager : Event: ======'machine_var_score2_label'====== Args={'value': 'HIGH SCORE 1', 'prev_value': None, 'change': True}
2025-03-28 20:41:36,871 : INFO : EventManager : Event: ======'machine_var_score2_name'====== Args={'value': 'MPF', 'prev_value': None, 'change': True}
2025-03-28 20:41:36,871 : INFO : EventManager : Event: ======'machine_var_score2_value'====== Args={'value': 4000000, 'prev_value': None, 'change': True}
2025-03-28 20:41:36,871 : INFO : EventManager : Event: ======'machine_var_score3_label'====== Args={'value': 'HIGH SCORE 2', 'prev_value': None, 'change': True}
2025-03-28 20:41:36,871 : INFO : EventManager : Event: ======'machine_var_score3_name'====== Args={'value': 'PINBALL', 'prev_value': None, 'change': True}
2025-03-28 20:41:36,871 : INFO : EventManager : Event: ======'machine_var_score3_value'====== Args={'value': 3000000, 'prev_value': None, 'change': True}
2025-03-28 20:41:36,871 : INFO : EventManager : Event: ======'machine_var_score4_label'====== Args={'value': 'HIGH SCORE 3', 'prev_value': None, 'change': True}
2025-03-28 20:41:36,871 : INFO : EventManager : Event: ======'machine_var_score4_name'====== Args={'value': 'WIZARD', 'prev_value': None, 'change': True}
2025-03-28 20:41:36,871 : INFO : EventManager : Event: ======'machine_var_score4_value'====== Args={'value': 2000000, 'prev_value': None, 'change': True}
2025-03-28 20:41:36,871 : INFO : EventManager : Event: ======'machine_var_score5_label'====== Args={'value': 'HIGH SCORE 4', 'prev_value': None, 'change': True}
2025-03-28 20:41:36,871 : INFO : EventManager : Event: ======'machine_var_score5_name'====== Args={'value': 'PLAYER', 'prev_value': None, 'change': True}
2025-03-28 20:41:36,871 : INFO : EventManager : Event: ======'machine_var_score5_value'====== Args={'value': 1000000, 'prev_value': None, 'change': True}
2025-03-28 20:41:37,341 : INFO : ball_device.bd_trough : BCH: Initial count: 2
2025-03-28 20:41:37,342 : INFO : ball_device.bd_trough : State: idle
2025-03-28 20:41:37,343 : INFO : ball_device.bd_shooter_lane : BCH: Initial count: 0
2025-03-28 20:41:37,344 : INFO : ball_device.bd_shooter_lane : State: idle
2025-03-28 20:41:37,344 : INFO : ball_device.bd_ball_lock : BCH: Initial count: 0
2025-03-28 20:41:37,345 : INFO : ball_device.bd_ball_lock : State: idle
2025-03-28 20:41:37,382 : INFO : EventManager : Event: ======'init_phase_3'====== Args={}
2025-03-28 20:41:37,384 : INFO : EventManager : Event: ======'init_phase_4'====== Args={}
2025-03-28 20:41:37,385 : INFO : EventManager : Event: ======'drop_target_front_down'====== Args={'device': <drop_target.front>}
2025-03-28 20:41:37,385 : INFO : EventManager : Event: ======'drop_target_middle_down'====== Args={'device': <drop_target.middle>}
2025-03-28 20:41:37,386 : INFO : EventManager : Event: ======'drop_target_back_down'====== Args={'device': <drop_target.back>}
2025-03-28 20:41:37,386 : INFO : BallController : Initial balls found: 2
2025-03-28 20:41:37,388 : INFO : EventManager : Event: ======'machine_var_audits_events_game_ended'====== Args={'value': 0, 'prev_value': None, 'change': True}
2025-03-28 20:41:37,388 : INFO : EventManager : Event: ======'machine_var_audits_events_game_started'====== Args={'value': 397, 'prev_value': None, 'change': True}
2025-03-28 20:41:37,388 : INFO : EventManager : Event: ======'machine_var_audits_missing_switches_s_3bank_tgt_d'====== Args={'value': 1, 'prev_value': None, 'change': True}
2025-03-28 20:41:37,388 : INFO : EventManager : Event: ======'machine_var_audits_missing_switches_s_3bank_tgt_g'====== Args={'value': 1, 'prev_value': None, 'change': True}
2025-03-28 20:41:37,388 : INFO : EventManager : Event: ======'machine_var_audits_missing_switches_s_3bank_tgt_o'====== Args={'value': 1, 'prev_value': None, 'change': True}
2025-03-28 20:41:37,388 : INFO : EventManager : Event: ======'machine_var_audits_missing_switches_s_ball_lock_1'====== Args={'value': 5, 'prev_value': None, 'change': True}
2025-03-28 20:41:37,388 : INFO : EventManager : Event: ======'machine_var_audits_missing_switches_s_ball_lock_2'====== Args={'value': 8, 'prev_value': None, 'change': True}
2025-03-28 20:41:37,388 : INFO : EventManager : Event: ======'machine_var_audits_missing_switches_s_ball_lock_3'====== Args={'value': 8, 'prev_value': None, 'change': True}
2025-03-28 20:41:37,388 : INFO : EventManager : Event: ======'machine_var_audits_missing_switches_s_inlane_left'====== Args={'value': 8, 'prev_value': None, 'change': True}
2025-03-28 20:41:37,388 : INFO : EventManager : Event: ======'machine_var_audits_missing_switches_s_inlane_right'====== Args={'value': 8, 'prev_value': None, 'change': True}
2025-03-28 20:41:37,388 : INFO : EventManager : Event: ======'machine_var_audits_missing_switches_s_launch'====== Args={'value': 6, 'prev_value': None, 'change': True}
2025-03-28 20:41:37,388 : INFO : EventManager : Event: ======'machine_var_audits_missing_switches_s_left_button_2'====== Args={'value': 1, 'prev_value': None, 'change': True}
2025-03-28 20:41:37,389 : INFO : EventManager : Event: ======'machine_var_audits_missing_switches_s_left_flipper'====== Args={'value': 363, 'prev_value': None, 'change': True}
2025-03-28 20:41:37,389 : INFO : EventManager : Event: ======'machine_var_audits_missing_switches_s_left_flipper_button'====== Args={'value': 1, 'prev_value': None, 'change': True}
2025-03-28 20:41:37,389 : INFO : EventManager : Event: ======'machine_var_audits_missing_switches_s_left_flipper_eos'====== Args={'value': 371, 'prev_value': None, 'change': True}
2025-03-28 20:41:37,389 : INFO : EventManager : Event: ======'machine_var_audits_missing_switches_s_left_inlane'====== Args={'value': 6, 'prev_value': None, 'change': True}
2025-03-28 20:41:37,389 : INFO : EventManager : Event: ======'machine_var_audits_missing_switches_s_left_inner_lane'====== Args={'value': 357, 'prev_value': None, 'change': True}
2025-03-28 20:41:37,389 : INFO : EventManager : Event: ======'machine_var_audits_missing_switches_s_left_outer_lane'====== Args={'value': 153, 'prev_value': None, 'change': True}
2025-03-28 20:41:37,389 : INFO : EventManager : Event: ======'machine_var_audits_missing_switches_s_left_outlane'====== Args={'value': 6, 'prev_value': None, 'change': True}
2025-03-28 20:41:37,389 : INFO : EventManager : Event: ======'machine_var_audits_missing_switches_s_left_ramp_entry_1'====== Args={'value': 5, 'prev_value': None, 'change': True}
2025-03-28 20:41:37,389 : INFO : EventManager : Event: ======'machine_var_audits_missing_switches_s_left_sling'====== Args={'value': 363, 'prev_value': None, 'change': True}
2025-03-28 20:41:37,389 : INFO : EventManager : Event: ======'machine_var_audits_missing_switches_s_left_slingshot'====== Args={'value': 5, 'prev_value': None, 'change': True}
2025-03-28 20:41:37,389 : INFO : EventManager : Event: ======'machine_var_audits_missing_switches_s_mead'====== Args={'value': 267, 'prev_value': None, 'change': True}
2025-03-28 20:41:37,389 : INFO : EventManager : Event: ======'machine_var_audits_missing_switches_s_newton_opto_made'====== Args={'value': 5, 'prev_value': None, 'change': True}
2025-03-28 20:41:37,389 : INFO : EventManager : Event: ======'machine_var_audits_missing_switches_s_outlane_left'====== Args={'value': 8, 'prev_value': None, 'change': True}
2025-03-28 20:41:37,389 : INFO : EventManager : Event: ======'machine_var_audits_missing_switches_s_outlane_right'====== Args={'value': 8, 'prev_value': None, 'change': True}
2025-03-28 20:41:37,389 : INFO : EventManager : Event: ======'machine_var_audits_missing_switches_s_percy'====== Args={'value': 85, 'prev_value': None, 'change': True}
2025-03-28 20:41:37,389 : INFO : EventManager : Event: ======'machine_var_audits_missing_switches_s_plunger'====== Args={'value': 363, 'prev_value': None, 'change': True}
2025-03-28 20:41:37,389 : INFO : EventManager : Event: ======'machine_var_audits_missing_switches_s_ramp_up_1'====== Args={'value': 8, 'prev_value': None, 'change': True}
2025-03-28 20:41:37,389 : INFO : EventManager : Event: ======'machine_var_audits_missing_switches_s_right_button_2'====== Args={'value': 5, 'prev_value': None, 'change': True}
2025-03-28 20:41:37,389 : INFO : EventManager : Event: ======'machine_var_audits_missing_switches_s_right_flipper'====== Args={'value': 363, 'prev_value': None, 'change': True}
2025-03-28 20:41:37,389 : INFO : EventManager : Event: ======'machine_var_audits_missing_switches_s_right_flipper_button'====== Args={'value': 5, 'prev_value': None, 'change': True}
2025-03-28 20:41:37,389 : INFO : EventManager : Event: ======'machine_var_audits_missing_switches_s_right_flipper_eos'====== Args={'value': 371, 'prev_value': None, 'change': True}
2025-03-28 20:41:37,389 : INFO : EventManager : Event: ======'machine_var_audits_missing_switches_s_right_inlane'====== Args={'value': 6, 'prev_value': None, 'change': True}
2025-03-28 20:41:37,389 : INFO : EventManager : Event: ======'machine_var_audits_missing_switches_s_right_inner_lane'====== Args={'value': 357, 'prev_value': None, 'change': True}
2025-03-28 20:41:37,389 : INFO : EventManager : Event: ======'machine_var_audits_missing_switches_s_right_orbit_1'====== Args={'value': 8, 'prev_value': None, 'change': True}
2025-03-28 20:41:37,389 : INFO : EventManager : Event: ======'machine_var_audits_missing_switches_s_right_outer_lane'====== Args={'value': 357, 'prev_value': None, 'change': True}
2025-03-28 20:41:37,389 : INFO : EventManager : Event: ======'machine_var_audits_missing_switches_s_right_outlane'====== Args={'value': 6, 'prev_value': None, 'change': True}
2025-03-28 20:41:37,389 : INFO : EventManager : Event: ======'machine_var_audits_missing_switches_s_right_ramp_entry_1'====== Args={'value': 5, 'prev_value': None, 'change': True}
2025-03-28 20:41:37,389 : INFO : EventManager : Event: ======'machine_var_audits_missing_switches_s_right_sling'====== Args={'value': 363, 'prev_value': None, 'change': True}
2025-03-28 20:41:37,389 : INFO : EventManager : Event: ======'machine_var_audits_missing_switches_s_right_slingshot'====== Args={'value': 5, 'prev_value': None, 'change': True}
2025-03-28 20:41:37,389 : INFO : EventManager : Event: ======'machine_var_audits_missing_switches_s_scanlan'====== Args={'value': 204, 'prev_value': None, 'change': True}
2025-03-28 20:41:37,389 : INFO : EventManager : Event: ======'machine_var_audits_missing_switches_s_shooter_lane'====== Args={'value': 8, 'prev_value': None, 'change': True}
2025-03-28 20:41:37,390 : INFO : EventManager : Event: ======'machine_var_audits_missing_switches_s_spinner'====== Args={'value': 5, 'prev_value': None, 'change': True}
2025-03-28 20:41:37,390 : INFO : EventManager : Event: ======'machine_var_audits_missing_switches_s_start'====== Args={'value': 6, 'prev_value': None, 'change': True}
2025-03-28 20:41:37,390 : INFO : EventManager : Event: ======'machine_var_audits_missing_switches_s_start_button'====== Args={'value': 8, 'prev_value': None, 'change': True}
2025-03-28 20:41:37,390 : INFO : EventManager : Event: ======'machine_var_audits_missing_switches_s_trough_1'====== Args={'value': 8, 'prev_value': None, 'change': True}
2025-03-28 20:41:37,390 : INFO : EventManager : Event: ======'machine_var_audits_missing_switches_s_trough_2'====== Args={'value': 8, 'prev_value': None, 'change': True}
2025-03-28 20:41:37,390 : INFO : EventManager : Event: ======'machine_var_audits_missing_switches_s_trough_3'====== Args={'value': 8, 'prev_value': None, 'change': True}
2025-03-28 20:41:37,390 : INFO : EventManager : Event: ======'machine_var_audits_missing_switches_s_trough_4'====== Args={'value': 8, 'prev_value': None, 'change': True}
2025-03-28 20:41:37,390 : INFO : EventManager : Event: ======'machine_var_audits_missing_switches_s_trough_5'====== Args={'value': 8, 'prev_value': None, 'change': True}
2025-03-28 20:41:37,390 : INFO : EventManager : Event: ======'machine_var_audits_missing_switches_s_trough_6'====== Args={'value': 8, 'prev_value': None, 'change': True}
2025-03-28 20:41:37,390 : INFO : EventManager : Event: ======'machine_var_audits_missing_switches_s_trough_7'====== Args={'value': 8, 'prev_value': None, 'change': True}
2025-03-28 20:41:37,390 : INFO : EventManager : Event: ======'machine_var_audits_missing_switches_s_trough_ball'====== Args={'value': 8, 'prev_value': None, 'change': True}
2025-03-28 20:41:37,390 : INFO : EventManager : Event: ======'machine_var_audits_missing_switches_s_trough_ball_1'====== Args={'value': 363, 'prev_value': None, 'change': True}
2025-03-28 20:41:37,390 : INFO : EventManager : Event: ======'machine_var_audits_missing_switches_s_trough_ball_2'====== Args={'value': 363, 'prev_value': None, 'change': True}
2025-03-28 20:41:37,390 : INFO : EventManager : Event: ======'machine_var_audits_missing_switches_s_trough_ball_3'====== Args={'value': 363, 'prev_value': None, 'change': True}
2025-03-28 20:41:37,390 : INFO : EventManager : Event: ======'machine_var_audits_missing_switches_s_trough_ball_4'====== Args={'value': 278, 'prev_value': None, 'change': True}
2025-03-28 20:41:37,390 : INFO : EventManager : Event: ======'machine_var_audits_missing_switches_s_trough_ball_5'====== Args={'value': 363, 'prev_value': None, 'change': True}
2025-03-28 20:41:37,390 : INFO : EventManager : Event: ======'machine_var_audits_missing_switches_s_trough_ball_6'====== Args={'value': 95, 'prev_value': None, 'change': True}
2025-03-28 20:41:37,390 : INFO : EventManager : Event: ======'machine_var_audits_missing_switches_s_trough_ball_jam'====== Args={'value': 371, 'prev_value': None, 'change': True}
2025-03-28 20:41:37,391 : INFO : EventManager : Event: ======'machine_var_audits_player_score'====== Args={'value': {'average': 0, 'top': [], 'total': 0}, 'prev_value': None, 'change': True}
2025-03-28 20:41:37,391 : INFO : EventManager : Event: ======'machine_var_audits_shots_mead_shot'====== Args={'value': 223, 'prev_value': None, 'change': True}
2025-03-28 20:41:37,391 : INFO : EventManager : Event: ======'machine_var_audits_shots_percy_shot'====== Args={'value': 56, 'prev_value': None, 'change': True}
2025-03-28 20:41:37,391 : INFO : EventManager : Event: ======'machine_var_audits_shots_scanlan_shot'====== Args={'value': 121, 'prev_value': None, 'change': True}
2025-03-28 20:41:37,391 : INFO : EventManager : Event: ======'machine_var_audits_shots_video_shot_1'====== Args={'value': 24, 'prev_value': None, 'change': True}
2025-03-28 20:41:37,391 : INFO : EventManager : Event: ======'machine_var_audits_shots_video_shot_2'====== Args={'value': 20, 'prev_value': None, 'change': True}
2025-03-28 20:41:37,391 : INFO : EventManager : Event: ======'machine_var_audits_switches_s_3bank_tgt_d'====== Args={'value': 2, 'prev_value': None, 'change': True}
2025-03-28 20:41:37,391 : INFO : EventManager : Event: ======'machine_var_audits_switches_s_3bank_tgt_g'====== Args={'value': 5, 'prev_value': None, 'change': True}
2025-03-28 20:41:37,391 : INFO : EventManager : Event: ======'machine_var_audits_switches_s_3bank_tgt_o'====== Args={'value': 2, 'prev_value': None, 'change': True}
2025-03-28 20:41:37,391 : INFO : EventManager : Event: ======'machine_var_audits_switches_s_auto_launcher'====== Args={'value': 0, 'prev_value': None, 'change': True}
2025-03-28 20:41:37,391 : INFO : EventManager : Event: ======'machine_var_audits_switches_s_ball_drain'====== Args={'value': 0, 'prev_value': None, 'change': True}
2025-03-28 20:41:37,391 : INFO : EventManager : Event: ======'machine_var_audits_switches_s_ball_lock_1'====== Args={'value': 1, 'prev_value': None, 'change': True}
2025-03-28 20:41:37,391 : INFO : EventManager : Event: ======'machine_var_audits_switches_s_ball_lock_2'====== Args={'value': 0, 'prev_value': None, 'change': True}
2025-03-28 20:41:37,391 : INFO : EventManager : Event: ======'machine_var_audits_switches_s_ball_lock_3'====== Args={'value': 0, 'prev_value': None, 'change': True}
2025-03-28 20:41:37,391 : INFO : EventManager : Event: ======'machine_var_audits_switches_s_inlane_left'====== Args={'value': 0, 'prev_value': None, 'change': True}
2025-03-28 20:41:37,391 : INFO : EventManager : Event: ======'machine_var_audits_switches_s_inlane_right'====== Args={'value': 0, 'prev_value': None, 'change': True}
2025-03-28 20:41:37,391 : INFO : EventManager : Event: ======'machine_var_audits_switches_s_launch'====== Args={'value': 0, 'prev_value': None, 'change': True}
2025-03-28 20:41:37,391 : INFO : EventManager : Event: ======'machine_var_audits_switches_s_left_button_2'====== Args={'value': 10, 'prev_value': None, 'change': True}
2025-03-28 20:41:37,391 : INFO : EventManager : Event: ======'machine_var_audits_switches_s_left_flipper'====== Args={'value': 36, 'prev_value': None, 'change': True}
2025-03-28 20:41:37,391 : INFO : EventManager : Event: ======'machine_var_audits_switches_s_left_flipper_button'====== Args={'value': 10, 'prev_value': None, 'change': True}
2025-03-28 20:41:37,391 : INFO : EventManager : Event: ======'machine_var_audits_switches_s_left_flipper_eos'====== Args={'value': 0, 'prev_value': None, 'change': True}
2025-03-28 20:41:37,392 : INFO : EventManager : Event: ======'machine_var_audits_switches_s_left_inlane'====== Args={'value': 0, 'prev_value': None, 'change': True}
2025-03-28 20:41:37,392 : INFO : EventManager : Event: ======'machine_var_audits_switches_s_left_inner_lane'====== Args={'value': 0, 'prev_value': None, 'change': True}
2025-03-28 20:41:37,392 : INFO : EventManager : Event: ======'machine_var_audits_switches_s_left_outer_lane'====== Args={'value': 0, 'prev_value': None, 'change': True}
2025-03-28 20:41:37,392 : INFO : EventManager : Event: ======'machine_var_audits_switches_s_left_outlane'====== Args={'value': 0, 'prev_value': None, 'change': True}
2025-03-28 20:41:37,392 : INFO : EventManager : Event: ======'machine_var_audits_switches_s_left_ramp_entry_1'====== Args={'value': 2, 'prev_value': None, 'change': True}
2025-03-28 20:41:37,392 : INFO : EventManager : Event: ======'machine_var_audits_switches_s_left_sling'====== Args={'value': 7, 'prev_value': None, 'change': True}
2025-03-28 20:41:37,392 : INFO : EventManager : Event: ======'machine_var_audits_switches_s_left_slingshot'====== Args={'value': 2, 'prev_value': None, 'change': True}
2025-03-28 20:41:37,392 : INFO : EventManager : Event: ======'machine_var_audits_switches_s_mead'====== Args={'value': 0, 'prev_value': None, 'change': True}
2025-03-28 20:41:37,392 : INFO : EventManager : Event: ======'machine_var_audits_switches_s_mode_opto'====== Args={'value': 1, 'prev_value': None, 'change': True}
2025-03-28 20:41:37,392 : INFO : EventManager : Event: ======'machine_var_audits_switches_s_newton_opto_made'====== Args={'value': 2, 'prev_value': None, 'change': True}
2025-03-28 20:41:37,392 : INFO : EventManager : Event: ======'machine_var_audits_switches_s_outlane_left'====== Args={'value': 0, 'prev_value': None, 'change': True}
2025-03-28 20:41:37,392 : INFO : EventManager : Event: ======'machine_var_audits_switches_s_outlane_right'====== Args={'value': 0, 'prev_value': None, 'change': True}
2025-03-28 20:41:37,392 : INFO : EventManager : Event: ======'machine_var_audits_switches_s_percy'====== Args={'value': 0, 'prev_value': None, 'change': True}
2025-03-28 20:41:37,392 : INFO : EventManager : Event: ======'machine_var_audits_switches_s_plunger'====== Args={'value': 9, 'prev_value': None, 'change': True}
2025-03-28 20:41:37,392 : INFO : EventManager : Event: ======'machine_var_audits_switches_s_pop_bumper_1'====== Args={'value': 4, 'prev_value': None, 'change': True}
2025-03-28 20:41:37,392 : INFO : EventManager : Event: ======'machine_var_audits_switches_s_pop_bumper_2'====== Args={'value': 2, 'prev_value': None, 'change': True}
2025-03-28 20:41:37,392 : INFO : EventManager : Event: ======'machine_var_audits_switches_s_pop_bumper_3'====== Args={'value': 10, 'prev_value': None, 'change': True}
2025-03-28 20:41:37,392 : INFO : EventManager : Event: ======'machine_var_audits_switches_s_ramp_up_1'====== Args={'value': 0, 'prev_value': None, 'change': True}
2025-03-28 20:41:37,392 : INFO : EventManager : Event: ======'machine_var_audits_switches_s_right_button_2'====== Args={'value': 2, 'prev_value': None, 'change': True}
2025-03-28 20:41:37,392 : INFO : EventManager : Event: ======'machine_var_audits_switches_s_right_flipper'====== Args={'value': 131, 'prev_value': None, 'change': True}
2025-03-28 20:41:37,392 : INFO : EventManager : Event: ======'machine_var_audits_switches_s_right_flipper_button'====== Args={'value': 2, 'prev_value': None, 'change': True}
2025-03-28 20:41:37,393 : INFO : EventManager : Event: ======'machine_var_audits_switches_s_right_flipper_eos'====== Args={'value': 0, 'prev_value': None, 'change': True}
2025-03-28 20:41:37,393 : INFO : EventManager : Event: ======'machine_var_audits_switches_s_right_inlane'====== Args={'value': 0, 'prev_value': None, 'change': True}
2025-03-28 20:41:37,393 : INFO : EventManager : Event: ======'machine_var_audits_switches_s_right_inner_lane'====== Args={'value': 0, 'prev_value': None, 'change': True}
2025-03-28 20:41:37,393 : INFO : EventManager : Event: ======'machine_var_audits_switches_s_right_orbit_1'====== Args={'value': 0, 'prev_value': None, 'change': True}
2025-03-28 20:41:37,393 : INFO : EventManager : Event: ======'machine_var_audits_switches_s_right_outer_lane'====== Args={'value': 0, 'prev_value': None, 'change': True}
2025-03-28 20:41:37,393 : INFO : EventManager : Event: ======'machine_var_audits_switches_s_right_outlane'====== Args={'value': 0, 'prev_value': None, 'change': True}
2025-03-28 20:41:37,393 : INFO : EventManager : Event: ======'machine_var_audits_switches_s_right_ramp_entry_1'====== Args={'value': 2, 'prev_value': None, 'change': True}
2025-03-28 20:41:37,393 : INFO : EventManager : Event: ======'machine_var_audits_switches_s_right_sling'====== Args={'value': 3, 'prev_value': None, 'change': True}
2025-03-28 20:41:37,393 : INFO : EventManager : Event: ======'machine_var_audits_switches_s_right_slingshot'====== Args={'value': 3, 'prev_value': None, 'change': True}
2025-03-28 20:41:37,393 : INFO : EventManager : Event: ======'machine_var_audits_switches_s_scanlan'====== Args={'value': 0, 'prev_value': None, 'change': True}
2025-03-28 20:41:37,393 : INFO : EventManager : Event: ======'machine_var_audits_switches_s_shooter_lane'====== Args={'value': 0, 'prev_value': None, 'change': True}
2025-03-28 20:41:37,393 : INFO : EventManager : Event: ======'machine_var_audits_switches_s_spinner'====== Args={'value': 8, 'prev_value': None, 'change': True}
2025-03-28 20:41:37,393 : INFO : EventManager : Event: ======'machine_var_audits_switches_s_start'====== Args={'value': 38, 'prev_value': None, 'change': True}
2025-03-28 20:41:37,393 : INFO : EventManager : Event: ======'machine_var_audits_switches_s_start_button'====== Args={'value': 0, 'prev_value': None, 'change': True}
2025-03-28 20:41:37,393 : INFO : EventManager : Event: ======'machine_var_audits_switches_s_switch_2'====== Args={'value': 0, 'prev_value': None, 'change': True}
2025-03-28 20:41:37,393 : INFO : EventManager : Event: ======'machine_var_audits_switches_s_trough_1'====== Args={'value': 0, 'prev_value': None, 'change': True}
2025-03-28 20:41:37,393 : INFO : EventManager : Event: ======'machine_var_audits_switches_s_trough_2'====== Args={'value': 0, 'prev_value': None, 'change': True}
2025-03-28 20:41:37,393 : INFO : EventManager : Event: ======'machine_var_audits_switches_s_trough_3'====== Args={'value': 0, 'prev_value': None, 'change': True}
2025-03-28 20:41:37,393 : INFO : EventManager : Event: ======'machine_var_audits_switches_s_trough_4'====== Args={'value': 0, 'prev_value': None, 'change': True}
2025-03-28 20:41:37,393 : INFO : EventManager : Event: ======'machine_var_audits_switches_s_trough_5'====== Args={'value': 0, 'prev_value': None, 'change': True}
2025-03-28 20:41:37,393 : INFO : EventManager : Event: ======'machine_var_audits_switches_s_trough_6'====== Args={'value': 0, 'prev_value': None, 'change': True}
2025-03-28 20:41:37,394 : INFO : EventManager : Event: ======'machine_var_audits_switches_s_trough_7'====== Args={'value': 0, 'prev_value': None, 'change': True}
2025-03-28 20:41:37,394 : INFO : EventManager : Event: ======'machine_var_audits_switches_s_trough_ball'====== Args={'value': 0, 'prev_value': None, 'change': True}
2025-03-28 20:41:37,394 : INFO : EventManager : Event: ======'machine_var_audits_switches_s_trough_ball_1'====== Args={'value': 4, 'prev_value': None, 'change': True}
2025-03-28 20:41:37,394 : INFO : EventManager : Event: ======'machine_var_audits_switches_s_trough_ball_2'====== Args={'value': 4, 'prev_value': None, 'change': True}
2025-03-28 20:41:37,394 : INFO : EventManager : Event: ======'machine_var_audits_switches_s_trough_ball_3'====== Args={'value': 1, 'prev_value': None, 'change': True}
2025-03-28 20:41:37,394 : INFO : EventManager : Event: ======'machine_var_audits_switches_s_trough_ball_4'====== Args={'value': 0, 'prev_value': None, 'change': True}
2025-03-28 20:41:37,394 : INFO : EventManager : Event: ======'machine_var_audits_switches_s_trough_ball_5'====== Args={'value': 0, 'prev_value': None, 'change': True}
2025-03-28 20:41:37,394 : INFO : EventManager : Event: ======'machine_var_audits_switches_s_trough_ball_6'====== Args={'value': 1, 'prev_value': None, 'change': True}
2025-03-28 20:41:37,394 : INFO : EventManager : Event: ======'machine_var_audits_switches_s_trough_ball_jam'====== Args={'value': 3, 'prev_value': None, 'change': True}
2025-03-28 20:41:37,394 : INFO : EventManager : Event: ======'machine_var_audits_switches_s_trough_eject_coil'====== Args={'value': 0, 'prev_value': None, 'change': True}
2025-03-28 20:41:37,394 : INFO : EventManager : Event: ======'init_phase_5'====== Args={}
2025-03-28 20:41:37,395 : INFO : EventManager : Event: ======'init_done'====== Args={}
2025-03-28 20:41:37,395 : INFO : EventManager : Event: ======'machine_reset_phase_1'====== Args={}
2025-03-28 20:41:37,395 : INFO : EventManager : Event: ======'machine_reset_phase_2'====== Args={}
2025-03-28 20:41:37,396 : INFO : EventManager : Event: ======'machine_reset_phase_3'====== Args={}
2025-03-28 20:41:37,396 : INFO : EventManager : Event: ======'mode_tilt_will_start'====== Args={'queue': <QueuedEvent>}
2025-03-28 20:41:37,397 : INFO : EventManager : Event: ======'mode_tilt_starting'====== Args={'queue': <QueuedEvent>}
2025-03-28 20:41:37,397 : INFO : drop_target_bank.vuk_bank : 3 targets are down. Will reset those.
2025-03-28 20:41:37,397 : INFO : coil.c_drop_target : Pulsing Driver for 30ms (1.0 pulse_power)
2025-03-28 20:41:37,397 : INFO : EventManager : Event: ======'diverter_diverter_deactivating'====== Args={}
2025-03-28 20:41:37,397 : INFO : coil.c_diverter : Disabling Driver
2025-03-28 20:41:37,397 : INFO : Mode.tilt : Started. Priority: 1000000
2025-03-28 20:41:37,397 : INFO : EventManager : Event: ======'modes_active_modes_changed'====== Args={}
2025-03-28 20:41:37,397 : INFO : EventManager : Event: ======'mode_tilt_started'====== Args={'queue': <QueuedEvent>}
2025-03-28 20:41:37,398 : INFO : EventManager : Event: ======'reset_complete'====== Args={}
2025-03-28 20:41:37,400 : INFO : Machine : Starting the main run loop.
2025-03-28 20:41:37,884 : INFO : EventManager : Event: ======'drop_target_bank_vuk_bank_down'====== Args={}
2025-03-28 20:41:38,897 : INFO : drop_target_bank.vuk_bank : 3 targets are down. Will reset those.
2025-03-28 20:41:38,898 : INFO : coil.c_drop_target : Pulsing Driver for 30ms (1.0 pulse_power)
2025-03-28 20:41:56,221 : INFO : SwitchController : <<<<<<< 's_start_button' inactive >>>>>>>
2025-03-28 20:41:56,358 : INFO : SwitchController : <<<<<<< 's_start_button' active >>>>>>>
2025-03-28 20:41:56,358 : INFO : EventManager : Event: ======'s_start_button_active'====== Args={}
2025-03-28 20:41:56,360 : INFO : EventManager : Event: ======'game_start'====== Args={'priority': 0}
2025-03-28 20:41:56,360 : INFO : EventManager : Event: ======'mode_game_will_start'====== Args={'priority': 0}
2025-03-28 20:41:56,362 : INFO : EventManager : Event: ======'mode_game_starting'====== Args={'priority': 0}
2025-03-28 20:41:56,362 : INFO : Mode.game : Started. Priority: 20
2025-03-28 20:41:56,362 : INFO : EventManager : Event: ======'modes_active_modes_changed'====== Args={}
2025-03-28 20:41:56,362 : INFO : EventManager : Event: ======'mode_game_started'====== Args={'priority': 0}
2025-03-28 20:41:56,363 : INFO : EventManager : Event: ======'game_will_start'====== Args={}
2025-03-28 20:41:56,365 : INFO : EventManager : Event: ======'game_starting'====== Args={'game': <Mode.game>}
2025-03-28 20:41:56,367 : INFO : EventManager : Unordered handler for class <Auditor> on event game_ended with priority 1. Handlers: [RegisteredHandler(callback=<bound method Auditor.disable of <Auditor>>, priority=1, kwargs={}, key=UUID('b6dd6a1a-1710-4819-81dc-cdd29dfdc578'), condition=None, blocking_facility=None), RegisteredHandler(callback=<bound method Auditor._save_audits of <Auditor>>, priority=1, kwargs={}, key=UUID('9404c79d-173d-43db-9a1b-bda709204e0a'), condition=None, blocking_facility=None)]. The order of those handlers is not defined and they will be executed in random order. This might lead to race conditions and potential bugs.
2025-03-28 20:41:56,367 : INFO : EventManager : Event: ======'player_add_request'====== Args={}
2025-03-28 20:41:56,368 : INFO : EventManager : Event: ======'player_will_add'====== Args={'number': 1}
2025-03-28 20:41:56,368 : INFO : EventManager : Event: ======'player_adding'====== Args={'player': <Player 1>, 'number': 1}
2025-03-28 20:41:56,368 : INFO : EventManager : Event: ======'player_added'====== Args={'player': <Player 1>, 'num': 1}
2025-03-28 20:41:56,368 : INFO : Mode.game : Player added successfully. Total players: 1
2025-03-28 20:41:56,368 : INFO : EventManager : Event: ======'player_index'====== Args={'value': 0, 'prev_value': 0, 'change': 0, 'player_num': 1}
2025-03-28 20:41:56,370 : INFO : EventManager : Event: ======'player_number'====== Args={'value': 1, 'prev_value': 1, 'change': 0, 'player_num': 1}
2025-03-28 20:41:56,370 : INFO : EventManager : Event: ======'player_game_mode_active'====== Args={'value': 0, 'prev_value': 0, 'change': 0, 'player_num': 1}
2025-03-28 20:41:56,370 : INFO : EventManager : Event: ======'player_current_game_mode'====== Args={'value': 'None', 'prev_value': 'None', 'change': False, 'player_num': 1}
2025-03-28 20:41:56,370 : INFO : EventManager : Event: ======'player_phase1_complete'====== Args={'value': 0, 'prev_value': 0, 'change': 0, 'player_num': 1}
2025-03-28 20:41:56,370 : INFO : EventManager : Event: ======'player_dog_hunt_complete'====== Args={'value': 0, 'prev_value': 0, 'change': 0, 'player_num': 1}
2025-03-28 20:41:56,370 : INFO : EventManager : Event: ======'player_discovery_complete'====== Args={'value': 0, 'prev_value': 0, 'change': 0, 'player_num': 1}
2025-03-28 20:41:56,370 : INFO : EventManager : Event: ======'player_infected_complete'====== Args={'value': 0, 'prev_value': 0, 'change': 0, 'player_num': 1}
2025-03-28 20:41:56,370 : INFO : EventManager : Event: ======'player_blood_test_complete'====== Args={'value': 0, 'prev_value': 0, 'change': 0, 'player_num': 1}
2025-03-28 20:41:56,370 : INFO : EventManager : Event: ======'player_spider_head_complete'====== Args={'value': 0, 'prev_value': 0, 'change': 0, 'player_num': 1}
2025-03-28 20:41:56,370 : INFO : EventManager : Event: ======'player_wizard_complete'====== Args={'value': 0, 'prev_value': 0, 'change': 0, 'player_num': 1}
2025-03-28 20:41:56,371 : INFO : EventManager : Event: ======'player_ball_lock_complete'====== Args={'value': 0, 'prev_value': 0, 'change': 0, 'player_num': 1}
2025-03-28 20:41:56,371 : INFO : EventManager : Event: ======'player_multiball_complete'====== Args={'value': 0, 'prev_value': 0, 'change': 0, 'player_num': 1}
2025-03-28 20:41:56,371 : INFO : EventManager : Event: ======'player_spinner_value'====== Args={'value': 0, 'prev_value': 0, 'change': 0, 'player_num': 1}
2025-03-28 20:41:56,371 : INFO : EventManager : Event: ======'player_pop_bumper_value'====== Args={'value': 0, 'prev_value': 0, 'change': 0, 'player_num': 1}
2025-03-28 20:41:56,371 : INFO : EventManager : Event: ======'player_newton_shots'====== Args={'value': 0, 'prev_value': 0, 'change': 0, 'player_num': 1}
2025-03-28 20:41:56,371 : INFO : EventManager : Event: ======'player_locked_balls'====== Args={'value': 0, 'prev_value': 0, 'change': 0, 'player_num': 1}
2025-03-28 20:41:56,371 : INFO : EventManager : Event: ======'player_balls_in_play'====== Args={'value': 1, 'prev_value': 1, 'change': 0, 'player_num': 1}
2025-03-28 20:41:56,371 : INFO : EventManager : Event: ======'player_jackpot_value'====== Args={'value': 10000, 'prev_value': 10000, 'change': 0, 'player_num': 1}
2025-03-28 20:41:56,371 : INFO : EventManager : Event: ======'player_left_ramp_hits'====== Args={'value': 0, 'prev_value': 0, 'change': 0, 'player_num': 1}
2025-03-28 20:41:56,371 : INFO : EventManager : Event: ======'player_left_ramp_lock_hits'====== Args={'value': 0, 'prev_value': 0, 'change': 0, 'player_num': 1}
2025-03-28 20:41:56,372 : INFO : EventManager : Event: ======'player_spinner_hits'====== Args={'value': 0, 'prev_value': 0, 'change': 0, 'player_num': 1}
2025-03-28 20:41:56,373 : INFO : EventManager : Event: ======'player_pop_bumper_wizard'====== Args={'value': 0, 'prev_value': 0, 'change': 0, 'player_num': 1}
2025-03-28 20:41:56,373 : INFO : EventManager : Event: ======'player_ball_lock_active'====== Args={'value': 0, 'prev_value': 0, 'change': 0, 'player_num': 1}
2025-03-28 20:41:56,373 : INFO : EventManager : Event: ======'player_super_jackpot_value'====== Args={'value': 100000, 'prev_value': 100000, 'change': 0, 'player_num': 1}
2025-03-28 20:41:56,373 : INFO : EventManager : Event: ======'player_jackpot_state'====== Args={'value': 0, 'prev_value': 0, 'change': 0, 'player_num': 1}
2025-03-28 20:41:56,373 : INFO : EventManager : Event: ======'player_right_ramp_valid'====== Args={'value': 0, 'prev_value': 0, 'change': 0, 'player_num': 1}
2025-03-28 20:41:56,373 : INFO : EventManager : Event: ======'player_score'====== Args={'value': 0, 'prev_value': 0, 'change': 0, 'player_num': 1}
2025-03-28 20:41:56,374 : INFO : EventManager : Event: ======'game_started'====== Args={}
2025-03-28 20:41:56,375 : INFO : EventManager : Event: ======'setup_game_variables'====== Args={'priority': 0}
2025-03-28 20:41:56,376 : INFO : EventManager : Event: ======'player_turn_will_start'====== Args={'player': <Player 1>, 'number': 1}
2025-03-28 20:41:56,376 : INFO : EventManager : Event: ======'player_turn_starting'====== Args={'player': <Player 1>, 'number': 1}
2025-03-28 20:41:56,377 : INFO : EventManager : Event: ======'player_ball'====== Args={'value': 1, 'prev_value': 0, 'change': 1, 'player_num': 1}
2025-03-28 20:41:56,377 : INFO : EventManager : Event: ======'player_turn_started'====== Args={'player': <Player 1>, 'number': 1}
2025-03-28 20:41:56,378 : INFO : EventManager : Event: ======'ball_will_start'====== Args={'player': 1, 'ball': 1, 'balls_remaining': 2, 'is_extra_ball': False}
2025-03-28 20:41:56,379 : INFO : EventManager : Event: ======'ball_starting'====== Args={'player': 1, 'ball': 1, 'balls_remaining': 2, 'is_extra_ball': False}
2025-03-28 20:41:56,379 : INFO : EventManager : Event: ======'mode_base_will_start'====== Args={'queue': <QueuedEvent>, 'player': 1, 'ball': 1, 'balls_remaining': 2, 'is_extra_ball': False}
2025-03-28 20:41:56,379 : INFO : EventManager : Event: ======'player_base_mode_timer_tick'====== Args={'value': 60, 'prev_value': 0, 'change': 60, 'player_num': 1}
2025-03-28 20:41:56,382 : INFO : EventManager : Event: ======'mode_base_starting'====== Args={'queue': <QueuedEvent>, 'player': 1, 'ball': 1, 'balls_remaining': 2, 'is_extra_ball': False}
2025-03-28 20:41:56,383 : INFO : drop_target_bank.vuk_bank : 3 targets are down. Will reset those.
2025-03-28 20:41:56,383 : INFO : coil.c_drop_target : Pulsing Driver for 30ms (1.0 pulse_power)
2025-03-28 20:41:56,383 : INFO : Mode.base : Started. Priority: 100
2025-03-28 20:41:56,384 : INFO : EventManager : Event: ======'modes_active_modes_changed'====== Args={}
2025-03-28 20:41:56,384 : INFO : EventManager : Event: ======'mode_base_started'====== Args={'queue': <QueuedEvent>, 'player': 1, 'ball': 1, 'balls_remaining': 2, 'is_extra_ball': False}
2025-03-28 20:41:56,384 : INFO : EventManager : Event: ======'balls_in_play'====== Args={'balls': 1}
2025-03-28 20:41:56,384 : INFO : EventManager : Event: ======'ball_started'====== Args={'player': 1, 'ball': 1, 'balls_remaining': 2, 'is_extra_ball': False}
2025-03-28 20:41:56,385 : INFO : EventManager : Event: ======'ball_save_ball_save_enabled'====== Args={}
2025-03-28 20:41:56,385 : INFO : EventManager : Event: ======'logicblock_spinner_value_updated'====== Args={'value': 0, 'enabled': True}
2025-03-28 20:41:56,385 : INFO : EventManager : Event: ======'logicblock_newton_hit_counter_updated'====== Args={'value': 0, 'enabled': True}
2025-03-28 20:41:56,387 : INFO : EventManager : Event: ======'reset_player_shot_counters'====== Args={'priority': 0}
2025-03-28 20:41:56,397 : INFO : EventManager : Event: ======'single_player_ball_started'====== Args={}
2025-03-28 20:41:56,400 : INFO : EventManager : Event: ======'ball_start_target'====== Args={'target': 'playfield'}
2025-03-28 20:41:56,401 : INFO : ball_device.bd_shooter_lane : Setting up player-controlled eject. Balls: 1, Target: <playfield.playfield>, player_controlled_eject_event: None
2025-03-28 20:42:02,360 : INFO : SwitchController : <<<<<<< 's_pop_bumper_1' active >>>>>>>
2025-03-28 20:42:02,360 : INFO : EventManager : Event: ======'playfield_active'====== Args={'source': 'pop_bumper_1'}
2025-03-28 20:42:02,360 : INFO : EventManager : Event: ======'unexpected_ball_on_playfield'====== Args={}
2025-03-28 20:42:02,360 : INFO : EventManager : Event: ======'machine_var_audits_switches_s_pop_bumper_1'====== Args={'value': 5, 'prev_value': 4, 'change': 1}
2025-03-28 20:42:02,483 : INFO : SwitchController : <<<<<<< 's_pop_bumper_1' inactive >>>>>>>
2025-03-28 20:42:06,195 : INFO : SwitchController : <<<<<<< 's_3bank_tgt_d' inactive >>>>>>>
2025-03-28 20:42:06,196 : INFO : EventManager : Event: ======'playfield_active'====== Args={'source': 'front'}
2025-03-28 20:42:06,196 : INFO : EventManager : Event: ======'unexpected_ball_on_playfield'====== Args={}
2025-03-28 20:42:06,196 : INFO : EventManager : Event: ======'drop_target_front_up'====== Args={'device': <drop_target.front>}
2025-03-28 20:42:06,196 : INFO : EventManager : Event: ======'drop_target_bank_vuk_bank_mixed'====== Args={'prev_value': <DropTargetBankState.DOWN: 'down'>, 'down': 2}
2025-03-28 20:42:06,196 : INFO : EventManager : Event: ======'playfield_active'====== Args={'source': 'back'}
2025-03-28 20:42:06,197 : INFO : EventManager : Event: ======'unexpected_ball_on_playfield'====== Args={}
2025-03-28 20:42:06,197 : INFO : EventManager : Event: ======'drop_target_back_up'====== Args={'device': <drop_target.back>}
2025-03-28 20:42:06,197 : INFO : EventManager : Event: ======'drop_target_bank_vuk_bank_mixed'====== Args={'prev_value': <DropTargetBankState.MIXED: 'mixed'>, 'down': 1}
2025-03-28 20:42:06,631 : INFO : SwitchController : <<<<<<< 's_3bank_tgt_o' inactive >>>>>>>
2025-03-28 20:42:06,633 : INFO : EventManager : Event: ======'playfield_active'====== Args={'source': 'middle'}
2025-03-28 20:42:06,633 : INFO : EventManager : Event: ======'unexpected_ball_on_playfield'====== Args={}
2025-03-28 20:42:06,633 : INFO : EventManager : Event: ======'drop_target_middle_up'====== Args={'device': <drop_target.middle>}
2025-03-28 20:42:06,633 : INFO : EventManager : Event: ======'drop_target_bank_vuk_bank_up'====== Args={}
2025-03-28 20:42:07,813 : INFO : SwitchController : <<<<<<< 's_3bank_tgt_g' inactive >>>>>>>
2025-03-28 20:42:12,945 : INFO : SwitchController : <<<<<<< 's_3bank_tgt_g' active >>>>>>>
2025-03-28 20:42:12,946 : INFO : EventManager : Event: ======'s_3bank_tgt_g_active'====== Args={}
2025-03-28 20:42:12,946 : INFO : EventManager : Event: ======'machine_var_audits_switches_s_3bank_tgt_g'====== Args={'value': 6, 'prev_value': 5, 'change': 1}
2025-03-28 20:42:12,946 : INFO : EventManager : Event: ======'check_dog_bank_complete'====== Args={'priority': 0}
2025-03-28 20:42:12,960 : INFO : SwitchController : <<<<<<< 's_3bank_tgt_o' active >>>>>>>
2025-03-28 20:42:12,960 : INFO : EventManager : Event: ======'s_3bank_tgt_o_active'====== Args={}
2025-03-28 20:42:12,960 : INFO : EventManager : Event: ======'playfield_active'====== Args={'source': 'middle'}
2025-03-28 20:42:12,960 : INFO : EventManager : Event: ======'unexpected_ball_on_playfield'====== Args={}
2025-03-28 20:42:12,960 : INFO : EventManager : Event: ======'drop_target_middle_down'====== Args={'device': <drop_target.middle>}
2025-03-28 20:42:12,960 : INFO : EventManager : Event: ======'drop_target_bank_vuk_bank_mixed'====== Args={'prev_value': <DropTargetBankState.UP: 'up'>, 'down': 1}
2025-03-28 20:42:12,960 : INFO : EventManager : Event: ======'machine_var_audits_switches_s_3bank_tgt_o'====== Args={'value': 3, 'prev_value': 2, 'change': 1}
2025-03-28 20:42:12,960 : INFO : SwitchController : <<<<<<< 's_3bank_tgt_d' active >>>>>>>
2025-03-28 20:42:12,960 : INFO : EventManager : Event: ======'s_3bank_tgt_d_active'====== Args={}
2025-03-28 20:42:12,960 : INFO : EventManager : Event: ======'playfield_active'====== Args={'source': 'front'}
2025-03-28 20:42:12,960 : INFO : EventManager : Event: ======'unexpected_ball_on_playfield'====== Args={}
2025-03-28 20:42:12,960 : INFO : EventManager : Event: ======'drop_target_front_down'====== Args={'device': <drop_target.front>}
2025-03-28 20:42:12,961 : INFO : EventManager : Event: ======'drop_target_bank_vuk_bank_mixed'====== Args={'prev_value': <DropTargetBankState.MIXED: 'mixed'>, 'down': 2}
2025-03-28 20:42:12,961 : INFO : EventManager : Event: ======'playfield_active'====== Args={'source': 'back'}
2025-03-28 20:42:12,961 : INFO : EventManager : Event: ======'unexpected_ball_on_playfield'====== Args={}
2025-03-28 20:42:12,961 : INFO : EventManager : Event: ======'drop_target_back_down'====== Args={'device': <drop_target.back>}
2025-03-28 20:42:12,961 : INFO : EventManager : Event: ======'drop_target_bank_vuk_bank_down'====== Args={}
2025-03-28 20:42:12,961 : INFO : EventManager : Event: ======'machine_var_audits_switches_s_3bank_tgt_d'====== Args={'value': 3, 'prev_value': 2, 'change': 1}
2025-03-28 20:42:12,961 : INFO : EventManager : Event: ======'check_dog_bank_complete'====== Args={'priority': 0}
2025-03-28 20:42:12,961 : INFO : EventManager : Event: ======'dog_bank_targets_complete'====== Args={'priority': 0}
2025-03-28 20:42:12,962 : INFO : coil.c_drop_target : Pulsing Driver for 30ms (1.0 pulse_power)
2025-03-28 20:42:12,962 : INFO : EventManager : Event: ======'enable_dog_hunt_mode'====== Args={'priority': 0}
2025-03-28 20:42:12,962 : INFO : EventManager : Event: ======'check_dog_bank_complete'====== Args={'priority': 0}
2025-03-28 20:42:12,962 : INFO : EventManager : Event: ======'dog_bank_targets_complete'====== Args={'priority': 0}
2025-03-28 20:42:12,962 : INFO : coil.c_drop_target : Pulsing Driver for 30ms (1.0 pulse_power)
2025-03-28 20:42:12,962 : INFO : EventManager : Event: ======'enable_dog_hunt_mode'====== Args={'priority': 0}
2025-03-28 20:42:13,956 : INFO : drop_target_bank.vuk_bank : 3 targets are down. Will reset those.
2025-03-28 20:42:13,956 : INFO : coil.c_drop_target : Pulsing Driver for 30ms (1.0 pulse_power)
2025-03-28 20:42:26,081 : INFO : SwitchController : <<<<<<< 's_mode_opto' inactive >>>>>>>
2025-03-28 20:42:27,422 : INFO : SwitchController : <<<<<<< 's_mode_opto' active >>>>>>>
2025-03-28 20:42:27,423 : INFO : EventManager : Event: ======'s_mode_opto_active'====== Args={}
2025-03-28 20:42:27,423 : INFO : EventManager : Event: ======'sw_playfield_active'====== Args={}
2025-03-28 20:42:27,423 : INFO : EventManager : Event: ======'machine_var_audits_switches_s_mode_opto'====== Args={'value': 2, 'prev_value': 1, 'change': 1}
2025-03-28 20:42:27,424 : INFO : EventManager : Event: ======'check_mode_opto'====== Args={'priority': 0}
2025-03-28 20:42:27,425 : INFO : EventManager : Event: ======'check_available_modes'====== Args={'priority': 0}
2025-03-28 20:42:27,425 : INFO : EventManager : Event: ======'check_dog_hunt_mode'====== Args={'priority': 0}
2025-03-28 20:42:27,425 : INFO : EventManager : Event: ======'start_mode_dog_hunt'====== Args={'priority': 0}
2025-03-28 20:42:27,425 : INFO : EventManager : Event: ======'mode_dog_hunt_start'====== Args={'priority': 0}
2025-03-28 20:42:27,425 : INFO : EventManager : Event: ======'mode_dog_hunt_will_start'====== Args={'priority': 0}
2025-03-28 20:42:27,427 : INFO : EventManager : Event: ======'player_dog_hunt_dog_hunt_timer_tick'====== Args={'value': 60, 'prev_value': 0, 'change': 60, 'player_num': 1}
2025-03-28 20:42:27,428 : INFO : EventManager : Event: ======'mode_dog_hunt_starting'====== Args={'priority': 0}
2025-03-28 20:42:27,428 : INFO : EventManager : Event: ======'playfield_active'====== Args={'source': None}
2025-03-28 20:42:27,428 : INFO : EventManager : Event: ======'unexpected_ball_on_playfield'====== Args={}
2025-03-28 20:42:27,428 : INFO : EventManager : Event: ======'logicblock_spinner_counter_updated'====== Args={'value': 0, 'enabled': True}
2025-03-28 20:42:27,428 : INFO : EventManager : Event: ======'logicblock_spinner_counter_updated'====== Args={'value': 0, 'enabled': True}
2025-03-28 20:42:27,428 : INFO : Mode.dog_hunt : Started. Priority: 300
2025-03-28 20:42:27,428 : INFO : EventManager : Event: ======'modes_active_modes_changed'====== Args={}
2025-03-28 20:42:27,428 : INFO : EventManager : Event: ======'mode_dog_hunt_started'====== Args={'priority': 0}
2025-03-28 20:42:27,429 : INFO : Timer.dog_hunt_timer : Starting Timer.
2025-03-28 20:42:27,429 : INFO : EventManager : Event: ======'timer_dog_hunt_timer_started'====== Args={'ticks': 60, 'ticks_remaining': 60}
2025-03-28 20:42:27,429 : INFO : EventManager : Event: ======'timer_dog_hunt_timer_tick'====== Args={'ticks': 60, 'ticks_remaining': 60}
2025-03-28 20:42:27,429 : INFO : Mode.dog_hunt : Dog Hunt mode started
2025-03-28 20:42:27,429 : INFO : EventManager : Event: ======'player_game_mode_active'====== Args={'value': True, 'prev_value': 0, 'change': 1, 'player_num': 1}
2025-03-28 20:42:27,429 : INFO : EventManager : Event: ======'player_current_game_mode'====== Args={'value': 'dog_hunt', 'prev_value': 'None', 'change': True, 'player_num': 1}
2025-03-28 20:42:27,429 : WARNING : Machine : Accessing devices by attribute is deprecated and will be removed. Access by value instead: coils.c_mode_vuk -> coils['c_mode_vuk']
2025-03-28 20:42:27,429 : INFO : coil.c_mode_vuk : Pulsing Driver for 30ms (1.0 pulse_power)
2025-03-28 20:42:27,453 : INFO : SwitchController : <<<<<<< 's_mode_opto' inactive >>>>>>>
2025-03-28 20:42:27,531 : INFO : SwitchController : <<<<<<< 's_mode_opto' active >>>>>>>
2025-03-28 20:42:27,531 : INFO : EventManager : Event: ======'s_mode_opto_active'====== Args={}
2025-03-28 20:42:27,531 : INFO : EventManager : Event: ======'sw_playfield_active'====== Args={}
2025-03-28 20:42:27,531 : INFO : EventManager : Event: ======'machine_var_audits_switches_s_mode_opto'====== Args={'value': 3, 'prev_value': 2, 'change': 1}
2025-03-28 20:42:27,533 : INFO : EventManager : Event: ======'check_mode_opto'====== Args={'priority': 0}
2025-03-28 20:42:27,534 : INFO : EventManager : Event: ======'playfield_active'====== Args={'source': None}
2025-03-28 20:42:27,534 : INFO : EventManager : Event: ======'unexpected_ball_on_playfield'====== Args={}
2025-03-28 20:42:28,403 : INFO : EventManager : Event: ======'player_dog_hunt_dog_hunt_timer_tick'====== Args={'value': 59, 'prev_value': 60, 'change': -1, 'player_num': 1}
2025-03-28 20:42:28,404 : INFO : EventManager : Event: ======'timer_dog_hunt_timer_tick'====== Args={'ticks': 59, 'ticks_remaining': 59}
2025-03-28 20:42:29,402 : INFO : EventManager : Event: ======'player_dog_hunt_dog_hunt_timer_tick'====== Args={'value': 58, 'prev_value': 59, 'change': -1, 'player_num': 1}
2025-03-28 20:42:29,402 : INFO : EventManager : Event: ======'timer_dog_hunt_timer_tick'====== Args={'ticks': 58, 'ticks_remaining': 58}
2025-03-28 20:42:30,404 : INFO : EventManager : Event: ======'player_dog_hunt_dog_hunt_timer_tick'====== Args={'value': 57, 'prev_value': 58, 'change': -1, 'player_num': 1}
2025-03-28 20:42:30,405 : INFO : EventManager : Event: ======'timer_dog_hunt_timer_tick'====== Args={'ticks': 57, 'ticks_remaining': 57}
2025-03-28 20:42:31,412 : INFO : EventManager : Event: ======'player_dog_hunt_dog_hunt_timer_tick'====== Args={'value': 56, 'prev_value': 57, 'change': -1, 'player_num': 1}
2025-03-28 20:42:31,413 : INFO : EventManager : Event: ======'timer_dog_hunt_timer_tick'====== Args={'ticks': 56, 'ticks_remaining': 56}
2025-03-28 20:42:32,411 : INFO : EventManager : Event: ======'player_dog_hunt_dog_hunt_timer_tick'====== Args={'value': 55, 'prev_value': 56, 'change': -1, 'player_num': 1}
2025-03-28 20:42:32,411 : INFO : EventManager : Event: ======'timer_dog_hunt_timer_tick'====== Args={'ticks': 55, 'ticks_remaining': 55}
2025-03-28 20:42:33,404 : INFO : EventManager : Event: ======'player_dog_hunt_dog_hunt_timer_tick'====== Args={'value': 54, 'prev_value': 55, 'change': -1, 'player_num': 1}
2025-03-28 20:42:33,405 : INFO : EventManager : Event: ======'timer_dog_hunt_timer_tick'====== Args={'ticks': 54, 'ticks_remaining': 54}
2025-03-28 20:42:34,402 : INFO : EventManager : Event: ======'player_dog_hunt_dog_hunt_timer_tick'====== Args={'value': 53, 'prev_value': 54, 'change': -1, 'player_num': 1}
2025-03-28 20:42:34,402 : INFO : EventManager : Event: ======'timer_dog_hunt_timer_tick'====== Args={'ticks': 53, 'ticks_remaining': 53}
2025-03-28 20:42:35,401 : INFO : EventManager : Event: ======'player_dog_hunt_dog_hunt_timer_tick'====== Args={'value': 52, 'prev_value': 53, 'change': -1, 'player_num': 1}
2025-03-28 20:42:35,402 : INFO : EventManager : Event: ======'timer_dog_hunt_timer_tick'====== Args={'ticks': 52, 'ticks_remaining': 52}
2025-03-28 20:42:36,401 : INFO : EventManager : Event: ======'player_dog_hunt_dog_hunt_timer_tick'====== Args={'value': 51, 'prev_value': 52, 'change': -1, 'player_num': 1}
2025-03-28 20:42:36,402 : INFO : EventManager : Event: ======'timer_dog_hunt_timer_tick'====== Args={'ticks': 51, 'ticks_remaining': 51}
2025-03-28 20:42:37,398 : INFO : EventManager : Event: ======'player_dog_hunt_dog_hunt_timer_tick'====== Args={'value': 50, 'prev_value': 51, 'change': -1, 'player_num': 1}
2025-03-28 20:42:37,399 : INFO : EventManager : Event: ======'timer_dog_hunt_timer_tick'====== Args={'ticks': 50, 'ticks_remaining': 50}
2025-03-28 20:42:38,399 : INFO : EventManager : Event: ======'player_dog_hunt_dog_hunt_timer_tick'====== Args={'value': 49, 'prev_value': 50, 'change': -1, 'player_num': 1}
2025-03-28 20:42:38,399 : INFO : EventManager : Event: ======'timer_dog_hunt_timer_tick'====== Args={'ticks': 49, 'ticks_remaining': 49}
2025-03-28 20:42:39,407 : INFO : EventManager : Event: ======'player_dog_hunt_dog_hunt_timer_tick'====== Args={'value': 48, 'prev_value': 49, 'change': -1, 'player_num': 1}
2025-03-28 20:42:39,408 : INFO : EventManager : Event: ======'timer_dog_hunt_timer_tick'====== Args={'ticks': 48, 'ticks_remaining': 48}
2025-03-28 20:42:40,400 : INFO : EventManager : Event: ======'player_dog_hunt_dog_hunt_timer_tick'====== Args={'value': 47, 'prev_value': 48, 'change': -1, 'player_num': 1}
2025-03-28 20:42:40,401 : INFO : EventManager : Event: ======'timer_dog_hunt_timer_tick'====== Args={'ticks': 47, 'ticks_remaining': 47}
2025-03-28 20:42:41,413 : INFO : EventManager : Event: ======'player_dog_hunt_dog_hunt_timer_tick'====== Args={'value': 46, 'prev_value': 47, 'change': -1, 'player_num': 1}
2025-03-28 20:42:41,413 : INFO : EventManager : Event: ======'timer_dog_hunt_timer_tick'====== Args={'ticks': 46, 'ticks_remaining': 46}
2025-03-28 20:42:42,408 : INFO : EventManager : Event: ======'player_dog_hunt_dog_hunt_timer_tick'====== Args={'value': 45, 'prev_value': 46, 'change': -1, 'player_num': 1}
2025-03-28 20:42:42,408 : INFO : EventManager : Event: ======'timer_dog_hunt_timer_tick'====== Args={'ticks': 45, 'ticks_remaining': 45}
2025-03-28 20:42:43,409 : INFO : EventManager : Event: ======'player_dog_hunt_dog_hunt_timer_tick'====== Args={'value': 44, 'prev_value': 45, 'change': -1, 'player_num': 1}
2025-03-28 20:42:43,409 : INFO : EventManager : Event: ======'timer_dog_hunt_timer_tick'====== Args={'ticks': 44, 'ticks_remaining': 44}
2025-03-28 20:42:44,408 : INFO : EventManager : Event: ======'player_dog_hunt_dog_hunt_timer_tick'====== Args={'value': 43, 'prev_value': 44, 'change': -1, 'player_num': 1}
2025-03-28 20:42:44,409 : INFO : EventManager : Event: ======'timer_dog_hunt_timer_tick'====== Args={'ticks': 43, 'ticks_remaining': 43}
2025-03-28 20:42:45,406 : INFO : EventManager : Event: ======'player_dog_hunt_dog_hunt_timer_tick'====== Args={'value': 42, 'prev_value': 43, 'change': -1, 'player_num': 1}
2025-03-28 20:42:45,407 : INFO : EventManager : Event: ======'timer_dog_hunt_timer_tick'====== Args={'ticks': 42, 'ticks_remaining': 42}
2025-03-28 20:42:46,406 : INFO : EventManager : Event: ======'player_dog_hunt_dog_hunt_timer_tick'====== Args={'value': 41, 'prev_value': 42, 'change': -1, 'player_num': 1}
2025-03-28 20:42:46,407 : INFO : EventManager : Event: ======'timer_dog_hunt_timer_tick'====== Args={'ticks': 41, 'ticks_remaining': 41}
2025-03-28 20:42:47,408 : INFO : EventManager : Event: ======'player_dog_hunt_dog_hunt_timer_tick'====== Args={'value': 40, 'prev_value': 41, 'change': -1, 'player_num': 1}
2025-03-28 20:42:47,409 : INFO : EventManager : Event: ======'timer_dog_hunt_timer_tick'====== Args={'ticks': 40, 'ticks_remaining': 40}
2025-03-28 20:42:48,405 : INFO : EventManager : Event: ======'player_dog_hunt_dog_hunt_timer_tick'====== Args={'value': 39, 'prev_value': 40, 'change': -1, 'player_num': 1}
2025-03-28 20:42:48,406 : INFO : EventManager : Event: ======'timer_dog_hunt_timer_tick'====== Args={'ticks': 39, 'ticks_remaining': 39}
2025-03-28 20:42:49,402 : INFO : EventManager : Event: ======'player_dog_hunt_dog_hunt_timer_tick'====== Args={'value': 38, 'prev_value': 39, 'change': -1, 'player_num': 1}
2025-03-28 20:42:49,403 : INFO : EventManager : Event: ======'timer_dog_hunt_timer_tick'====== Args={'ticks': 38, 'ticks_remaining': 38}
2025-03-28 20:42:50,400 : INFO : EventManager : Event: ======'player_dog_hunt_dog_hunt_timer_tick'====== Args={'value': 37, 'prev_value': 38, 'change': -1, 'player_num': 1}
2025-03-28 20:42:50,400 : INFO : EventManager : Event: ======'timer_dog_hunt_timer_tick'====== Args={'ticks': 37, 'ticks_remaining': 37}
2025-03-28 20:42:51,399 : INFO : EventManager : Event: ======'player_dog_hunt_dog_hunt_timer_tick'====== Args={'value': 36, 'prev_value': 37, 'change': -1, 'player_num': 1}
2025-03-28 20:42:51,399 : INFO : EventManager : Event: ======'timer_dog_hunt_timer_tick'====== Args={'ticks': 36, 'ticks_remaining': 36}
2025-03-28 20:42:52,410 : INFO : EventManager : Event: ======'player_dog_hunt_dog_hunt_timer_tick'====== Args={'value': 35, 'prev_value': 36, 'change': -1, 'player_num': 1}
2025-03-28 20:42:52,410 : INFO : EventManager : Event: ======'timer_dog_hunt_timer_tick'====== Args={'ticks': 35, 'ticks_remaining': 35}
2025-03-28 20:42:53,410 : INFO : EventManager : Event: ======'player_dog_hunt_dog_hunt_timer_tick'====== Args={'value': 34, 'prev_value': 35, 'change': -1, 'player_num': 1}
2025-03-28 20:42:53,410 : INFO : EventManager : Event: ======'timer_dog_hunt_timer_tick'====== Args={'ticks': 34, 'ticks_remaining': 34}
2025-03-28 20:42:54,412 : INFO : EventManager : Event: ======'player_dog_hunt_dog_hunt_timer_tick'====== Args={'value': 33, 'prev_value': 34, 'change': -1, 'player_num': 1}
2025-03-28 20:42:54,413 : INFO : EventManager : Event: ======'timer_dog_hunt_timer_tick'====== Args={'ticks': 33, 'ticks_remaining': 33}
2025-03-28 20:42:55,398 : INFO : EventManager : Event: ======'player_dog_hunt_dog_hunt_timer_tick'====== Args={'value': 32, 'prev_value': 33, 'change': -1, 'player_num': 1}
2025-03-28 20:42:55,398 : INFO : EventManager : Event: ======'timer_dog_hunt_timer_tick'====== Args={'ticks': 32, 'ticks_remaining': 32}
2025-03-28 20:42:56,399 : INFO : EventManager : Event: ======'player_dog_hunt_dog_hunt_timer_tick'====== Args={'value': 31, 'prev_value': 32, 'change': -1, 'player_num': 1}
2025-03-28 20:42:56,399 : INFO : EventManager : Event: ======'timer_dog_hunt_timer_tick'====== Args={'ticks': 31, 'ticks_remaining': 31}
2025-03-28 20:42:57,408 : INFO : EventManager : Event: ======'player_dog_hunt_dog_hunt_timer_tick'====== Args={'value': 30, 'prev_value': 31, 'change': -1, 'player_num': 1}
2025-03-28 20:42:57,408 : INFO : EventManager : Event: ======'timer_dog_hunt_timer_tick'====== Args={'ticks': 30, 'ticks_remaining': 30}
2025-03-28 20:42:58,402 : INFO : EventManager : Event: ======'player_dog_hunt_dog_hunt_timer_tick'====== Args={'value': 29, 'prev_value': 30, 'change': -1, 'player_num': 1}
2025-03-28 20:42:58,403 : INFO : EventManager : Event: ======'timer_dog_hunt_timer_tick'====== Args={'ticks': 29, 'ticks_remaining': 29}
2025-03-28 20:42:59,401 : INFO : EventManager : Event: ======'player_dog_hunt_dog_hunt_timer_tick'====== Args={'value': 28, 'prev_value': 29, 'change': -1, 'player_num': 1}
2025-03-28 20:42:59,402 : INFO : EventManager : Event: ======'timer_dog_hunt_timer_tick'====== Args={'ticks': 28, 'ticks_remaining': 28}
2025-03-28 20:43:00,411 : INFO : EventManager : Event: ======'player_dog_hunt_dog_hunt_timer_tick'====== Args={'value': 27, 'prev_value': 28, 'change': -1, 'player_num': 1}
2025-03-28 20:43:00,412 : INFO : EventManager : Event: ======'timer_dog_hunt_timer_tick'====== Args={'ticks': 27, 'ticks_remaining': 27}
2025-03-28 20:43:01,409 : INFO : EventManager : Event: ======'player_dog_hunt_dog_hunt_timer_tick'====== Args={'value': 26, 'prev_value': 27, 'change': -1, 'player_num': 1}
2025-03-28 20:43:01,411 : INFO : EventManager : Event: ======'timer_dog_hunt_timer_tick'====== Args={'ticks': 26, 'ticks_remaining': 26}
2025-03-28 20:43:02,409 : INFO : EventManager : Event: ======'player_dog_hunt_dog_hunt_timer_tick'====== Args={'value': 25, 'prev_value': 26, 'change': -1, 'player_num': 1}
2025-03-28 20:43:02,410 : INFO : EventManager : Event: ======'timer_dog_hunt_timer_tick'====== Args={'ticks': 25, 'ticks_remaining': 25}
2025-03-28 20:43:03,412 : INFO : EventManager : Event: ======'player_dog_hunt_dog_hunt_timer_tick'====== Args={'value': 24, 'prev_value': 25, 'change': -1, 'player_num': 1}
2025-03-28 20:43:03,412 : INFO : EventManager : Event: ======'timer_dog_hunt_timer_tick'====== Args={'ticks': 24, 'ticks_remaining': 24}
2025-03-28 20:43:04,398 : INFO : EventManager : Event: ======'player_dog_hunt_dog_hunt_timer_tick'====== Args={'value': 23, 'prev_value': 24, 'change': -1, 'player_num': 1}
2025-03-28 20:43:04,399 : INFO : EventManager : Event: ======'timer_dog_hunt_timer_tick'====== Args={'ticks': 23, 'ticks_remaining': 23}
2025-03-28 20:43:05,410 : INFO : EventManager : Event: ======'player_dog_hunt_dog_hunt_timer_tick'====== Args={'value': 22, 'prev_value': 23, 'change': -1, 'player_num': 1}
2025-03-28 20:43:05,410 : INFO : EventManager : Event: ======'timer_dog_hunt_timer_tick'====== Args={'ticks': 22, 'ticks_remaining': 22}
2025-03-28 20:43:06,402 : INFO : EventManager : Event: ======'player_dog_hunt_dog_hunt_timer_tick'====== Args={'value': 21, 'prev_value': 22, 'change': -1, 'player_num': 1}
2025-03-28 20:43:06,402 : INFO : EventManager : Event: ======'timer_dog_hunt_timer_tick'====== Args={'ticks': 21, 'ticks_remaining': 21}
2025-03-28 20:43:07,408 : INFO : EventManager : Event: ======'player_dog_hunt_dog_hunt_timer_tick'====== Args={'value': 20, 'prev_value': 21, 'change': -1, 'player_num': 1}
2025-03-28 20:43:07,409 : INFO : EventManager : Event: ======'timer_dog_hunt_timer_tick'====== Args={'ticks': 20, 'ticks_remaining': 20}
2025-03-28 20:43:08,409 : INFO : EventManager : Event: ======'player_dog_hunt_dog_hunt_timer_tick'====== Args={'value': 19, 'prev_value': 20, 'change': -1, 'player_num': 1}
2025-03-28 20:43:08,409 : INFO : EventManager : Event: ======'timer_dog_hunt_timer_tick'====== Args={'ticks': 19, 'ticks_remaining': 19}
2025-03-28 20:43:09,407 : INFO : EventManager : Event: ======'player_dog_hunt_dog_hunt_timer_tick'====== Args={'value': 18, 'prev_value': 19, 'change': -1, 'player_num': 1}
2025-03-28 20:43:09,408 : INFO : EventManager : Event: ======'timer_dog_hunt_timer_tick'====== Args={'ticks': 18, 'ticks_remaining': 18}
2025-03-28 20:43:10,404 : INFO : EventManager : Event: ======'player_dog_hunt_dog_hunt_timer_tick'====== Args={'value': 17, 'prev_value': 18, 'change': -1, 'player_num': 1}
2025-03-28 20:43:10,405 : INFO : EventManager : Event: ======'timer_dog_hunt_timer_tick'====== Args={'ticks': 17, 'ticks_remaining': 17}
2025-03-28 20:43:11,398 : INFO : EventManager : Event: ======'player_dog_hunt_dog_hunt_timer_tick'====== Args={'value': 16, 'prev_value': 17, 'change': -1, 'player_num': 1}
2025-03-28 20:43:11,399 : INFO : EventManager : Event: ======'timer_dog_hunt_timer_tick'====== Args={'ticks': 16, 'ticks_remaining': 16}
2025-03-28 20:43:12,399 : INFO : EventManager : Event: ======'player_dog_hunt_dog_hunt_timer_tick'====== Args={'value': 15, 'prev_value': 16, 'change': -1, 'player_num': 1}
2025-03-28 20:43:12,399 : INFO : EventManager : Event: ======'timer_dog_hunt_timer_tick'====== Args={'ticks': 15, 'ticks_remaining': 15}
2025-03-28 20:43:13,401 : INFO : EventManager : Event: ======'player_dog_hunt_dog_hunt_timer_tick'====== Args={'value': 14, 'prev_value': 15, 'change': -1, 'player_num': 1}
2025-03-28 20:43:13,402 : INFO : EventManager : Event: ======'timer_dog_hunt_timer_tick'====== Args={'ticks': 14, 'ticks_remaining': 14}
2025-03-28 20:43:14,407 : INFO : EventManager : Event: ======'player_dog_hunt_dog_hunt_timer_tick'====== Args={'value': 13, 'prev_value': 14, 'change': -1, 'player_num': 1}
2025-03-28 20:43:14,407 : INFO : EventManager : Event: ======'timer_dog_hunt_timer_tick'====== Args={'ticks': 13, 'ticks_remaining': 13}
2025-03-28 20:43:15,402 : INFO : EventManager : Event: ======'player_dog_hunt_dog_hunt_timer_tick'====== Args={'value': 12, 'prev_value': 13, 'change': -1, 'player_num': 1}
2025-03-28 20:43:15,402 : INFO : EventManager : Event: ======'timer_dog_hunt_timer_tick'====== Args={'ticks': 12, 'ticks_remaining': 12}
2025-03-28 20:43:16,400 : INFO : EventManager : Event: ======'player_dog_hunt_dog_hunt_timer_tick'====== Args={'value': 11, 'prev_value': 12, 'change': -1, 'player_num': 1}
2025-03-28 20:43:16,401 : INFO : EventManager : Event: ======'timer_dog_hunt_timer_tick'====== Args={'ticks': 11, 'ticks_remaining': 11}
2025-03-28 20:43:17,400 : INFO : EventManager : Event: ======'player_dog_hunt_dog_hunt_timer_tick'====== Args={'value': 10, 'prev_value': 11, 'change': -1, 'player_num': 1}
2025-03-28 20:43:17,401 : INFO : EventManager : Event: ======'timer_dog_hunt_timer_tick'====== Args={'ticks': 10, 'ticks_remaining': 10}
2025-03-28 20:43:18,408 : INFO : EventManager : Event: ======'player_dog_hunt_dog_hunt_timer_tick'====== Args={'value': 9, 'prev_value': 10, 'change': -1, 'player_num': 1}
2025-03-28 20:43:18,409 : INFO : EventManager : Event: ======'timer_dog_hunt_timer_tick'====== Args={'ticks': 9, 'ticks_remaining': 9}
2025-03-28 20:43:19,405 : INFO : EventManager : Event: ======'player_dog_hunt_dog_hunt_timer_tick'====== Args={'value': 8, 'prev_value': 9, 'change': -1, 'player_num': 1}
2025-03-28 20:43:19,406 : INFO : EventManager : Event: ======'timer_dog_hunt_timer_tick'====== Args={'ticks': 8, 'ticks_remaining': 8}
2025-03-28 20:43:20,403 : INFO : EventManager : Event: ======'player_dog_hunt_dog_hunt_timer_tick'====== Args={'value': 7, 'prev_value': 8, 'change': -1, 'player_num': 1}
2025-03-28 20:43:20,404 : INFO : EventManager : Event: ======'timer_dog_hunt_timer_tick'====== Args={'ticks': 7, 'ticks_remaining': 7}
2025-03-28 20:43:21,398 : INFO : EventManager : Event: ======'player_dog_hunt_dog_hunt_timer_tick'====== Args={'value': 6, 'prev_value': 7, 'change': -1, 'player_num': 1}
2025-03-28 20:43:21,398 : INFO : EventManager : Event: ======'timer_dog_hunt_timer_tick'====== Args={'ticks': 6, 'ticks_remaining': 6}
2025-03-28 20:43:22,405 : INFO : EventManager : Event: ======'player_dog_hunt_dog_hunt_timer_tick'====== Args={'value': 5, 'prev_value': 6, 'change': -1, 'player_num': 1}
2025-03-28 20:43:22,406 : INFO : EventManager : Event: ======'timer_dog_hunt_timer_tick'====== Args={'ticks': 5, 'ticks_remaining': 5}
2025-03-28 20:43:23,407 : INFO : EventManager : Event: ======'player_dog_hunt_dog_hunt_timer_tick'====== Args={'value': 4, 'prev_value': 5, 'change': -1, 'player_num': 1}
2025-03-28 20:43:23,408 : INFO : EventManager : Event: ======'timer_dog_hunt_timer_tick'====== Args={'ticks': 4, 'ticks_remaining': 4}
2025-03-28 20:43:24,403 : INFO : EventManager : Event: ======'player_dog_hunt_dog_hunt_timer_tick'====== Args={'value': 3, 'prev_value': 4, 'change': -1, 'player_num': 1}
2025-03-28 20:43:24,405 : INFO : EventManager : Event: ======'timer_dog_hunt_timer_tick'====== Args={'ticks': 3, 'ticks_remaining': 3}
2025-03-28 20:43:25,400 : INFO : EventManager : Event: ======'player_dog_hunt_dog_hunt_timer_tick'====== Args={'value': 2, 'prev_value': 3, 'change': -1, 'player_num': 1}
2025-03-28 20:43:25,401 : INFO : EventManager : Event: ======'timer_dog_hunt_timer_tick'====== Args={'ticks': 2, 'ticks_remaining': 2}
2025-03-28 20:43:26,402 : INFO : EventManager : Event: ======'player_dog_hunt_dog_hunt_timer_tick'====== Args={'value': 1, 'prev_value': 2, 'change': -1, 'player_num': 1}
2025-03-28 20:43:26,402 : INFO : EventManager : Event: ======'timer_dog_hunt_timer_tick'====== Args={'ticks': 1, 'ticks_remaining': 1}
2025-03-28 20:43:27,408 : INFO : EventManager : Event: ======'player_dog_hunt_dog_hunt_timer_tick'====== Args={'value': 0, 'prev_value': 1, 'change': -1, 'player_num': 1}
2025-03-28 20:43:27,409 : INFO : Timer.dog_hunt_timer : Timer Complete
2025-03-28 20:43:27,409 : INFO : Timer.dog_hunt_timer : Stopping Timer
2025-03-28 20:43:27,409 : INFO : EventManager : Event: ======'timer_dog_hunt_timer_stopped'====== Args={'ticks': 0, 'ticks_remaining': 1}
2025-03-28 20:43:27,409 : INFO : EventManager : Event: ======'timer_dog_hunt_timer_complete'====== Args={'ticks': 0, 'ticks_remaining': 1}
2025-03-28 20:43:41,120 : INFO : SwitchController : <<<<<<< 's_left_button_2' active >>>>>>>
2025-03-28 20:43:41,121 : INFO : EventManager : Event: ======'machine_var_audits_switches_s_left_button_2'====== Args={'value': 11, 'prev_value': 10, 'change': 1}
2025-03-28 20:43:41,121 : INFO : SwitchController : <<<<<<< 's_left_flipper_button' active >>>>>>>
2025-03-28 20:43:41,122 : INFO : EventManager : Event: ======'machine_var_audits_switches_s_left_flipper_button'====== Args={'value': 11, 'prev_value': 10, 'change': 1}
2025-03-28 20:43:41,258 : INFO : SwitchController : <<<<<<< 's_left_flipper_button' inactive >>>>>>>
2025-03-28 20:43:41,259 : INFO : SwitchController : <<<<<<< 's_left_button_2' inactive >>>>>>>
2025-03-28 20:43:43,455 : INFO : SwitchController : <<<<<<< 's_left_button_2' active >>>>>>>
2025-03-28 20:43:43,455 : INFO : EventManager : Event: ======'machine_var_audits_switches_s_left_button_2'====== Args={'value': 12, 'prev_value': 11, 'change': 1}
2025-03-28 20:43:43,455 : INFO : SwitchController : <<<<<<< 's_left_flipper_button' active >>>>>>>
2025-03-28 20:43:43,456 : INFO : EventManager : Event: ======'machine_var_audits_switches_s_left_flipper_button'====== Args={'value': 12, 'prev_value': 11, 'change': 1}
2025-03-28 20:43:43,595 : INFO : SwitchController : <<<<<<< 's_left_flipper_button' inactive >>>>>>>
2025-03-28 20:43:43,610 : INFO : SwitchController : <<<<<<< 's_left_button_2' inactive >>>>>>>
2025-03-28 20:43:44,251 : INFO : SwitchController : <<<<<<< 's_left_button_2' active >>>>>>>
2025-03-28 20:43:44,251 : INFO : EventManager : Event: ======'machine_var_audits_switches_s_left_button_2'====== Args={'value': 13, 'prev_value': 12, 'change': 1}
2025-03-28 20:43:44,265 : INFO : SwitchController : <<<<<<< 's_left_flipper_button' active >>>>>>>
2025-03-28 20:43:44,266 : INFO : EventManager : Event: ======'machine_var_audits_switches_s_left_flipper_button'====== Args={'value': 13, 'prev_value': 12, 'change': 1}
2025-03-28 20:43:44,389 : INFO : SwitchController : <<<<<<< 's_left_flipper_button' inactive >>>>>>>
2025-03-28 20:43:44,390 : INFO : SwitchController : <<<<<<< 's_left_button_2' inactive >>>>>>>
2025-03-28 20:43:48,858 : INFO : SwitchController : <<<<<<< 's_pop_bumper_1' active >>>>>>>
2025-03-28 20:43:48,859 : INFO : EventManager : Event: ======'playfield_active'====== Args={'source': 'pop_bumper_1'}
2025-03-28 20:43:48,859 : INFO : EventManager : Event: ======'unexpected_ball_on_playfield'====== Args={}
2025-03-28 20:43:48,859 : INFO : EventManager : Event: ======'machine_var_audits_switches_s_pop_bumper_1'====== Args={'value': 6, 'prev_value': 5, 'change': 1}
2025-03-28 20:43:48,874 : INFO : SwitchController : <<<<<<< 's_pop_bumper_1' inactive >>>>>>>
2025-03-28 20:43:48,890 : INFO : SwitchController : <<<<<<< 's_pop_bumper_1' active >>>>>>>
2025-03-28 20:43:48,890 : INFO : EventManager : Event: ======'playfield_active'====== Args={'source': 'pop_bumper_1'}
2025-03-28 20:43:48,891 : INFO : EventManager : Event: ======'unexpected_ball_on_playfield'====== Args={}
2025-03-28 20:43:48,891 : INFO : EventManager : Event: ======'machine_var_audits_switches_s_pop_bumper_1'====== Args={'value': 7, 'prev_value': 6, 'change': 1}
2025-03-28 20:43:48,891 : INFO : SwitchController : <<<<<<< 's_pop_bumper_1' inactive >>>>>>>
2025-03-28 20:43:48,893 : INFO : SwitchController : <<<<<<< 's_pop_bumper_1' active >>>>>>>
2025-03-28 20:43:48,893 : INFO : EventManager : Event: ======'playfield_active'====== Args={'source': 'pop_bumper_1'}
2025-03-28 20:43:48,893 : INFO : EventManager : Event: ======'unexpected_ball_on_playfield'====== Args={}
2025-03-28 20:43:48,893 : INFO : EventManager : Event: ======'machine_var_audits_switches_s_pop_bumper_1'====== Args={'value': 8, 'prev_value': 7, 'change': 1}
2025-03-28 20:43:48,968 : INFO : SwitchController : <<<<<<< 's_pop_bumper_1' inactive >>>>>>>
2025-03-28 20:43:48,984 : INFO : SwitchController : <<<<<<< 's_pop_bumper_1' active >>>>>>>
2025-03-28 20:43:48,984 : INFO : EventManager : Event: ======'playfield_active'====== Args={'source': 'pop_bumper_1'}
2025-03-28 20:43:48,985 : INFO : EventManager : Event: ======'unexpected_ball_on_playfield'====== Args={}
2025-03-28 20:43:48,985 : INFO : EventManager : Event: ======'machine_var_audits_switches_s_pop_bumper_1'====== Args={'value': 9, 'prev_value': 8, 'change': 1}
2025-03-28 20:43:48,985 : INFO : SwitchController : <<<<<<< 's_pop_bumper_1' inactive >>>>>>>
2025-03-28 20:44:05,058 : INFO : Machine : Shutting down...
2025-03-28 20:44:05,058 : INFO : EventManager : Event: ======'shutdown'====== Args={}
2025-03-28 20:44:05,062 : INFO : EventManager : Event: ======'mode_game_will_stop'====== Args={}
2025-03-28 20:44:05,062 : INFO : EventManager : Event: ======'mode_game_stopping'====== Args={}
2025-03-28 20:44:05,062 : INFO : EventManager : Event: ======'mode_dog_hunt_will_stop'====== Args={}
2025-03-28 20:44:05,062 : INFO : EventManager : Event: ======'mode_dog_hunt_stopping'====== Args={}
2025-03-28 20:44:05,062 : INFO : EventManager : Event: ======'mode_base_will_stop'====== Args={}
2025-03-28 20:44:05,062 : INFO : EventManager : Event: ======'mode_base_stopping'====== Args={}
2025-03-28 20:44:05,064 : INFO : Mode.base : Stopped.
2025-03-28 20:44:05,064 : INFO : EventManager : Event: ======'modes_active_modes_changed'====== Args={}
2025-03-28 20:44:05,065 : INFO : EventManager : Event: ======'mode_base_stopped'====== Args={}
2025-03-28 20:44:05,065 : INFO : EventManager : Event: ======'clear'====== Args={'key': 'base'}
2025-03-28 20:44:05,065 : INFO : Timer.mode_timer : Stopping Timer
2025-03-28 20:44:05,065 : INFO : EventManager : Event: ======'timer_mode_timer_stopped'====== Args={'ticks': 60, 'ticks_remaining': 0}
2025-03-28 20:44:05,065 : INFO : Mode.dog_hunt : Stopped.
2025-03-28 20:44:05,065 : INFO : EventManager : Event: ======'modes_active_modes_changed'====== Args={}
2025-03-28 20:44:05,065 : INFO : EventManager : Event: ======'mode_dog_hunt_stopped'====== Args={}
2025-03-28 20:44:05,065 : INFO : EventManager : Event: ======'clear'====== Args={'key': 'dog_hunt'}
2025-03-28 20:44:05,066 : INFO : Mode.dog_hunt : Dog Hunt mode stopped
2025-03-28 20:44:05,066 : WARNING : Machine : Accessing devices by attribute is deprecated and will be removed. Access by value instead: coils.c_mode_vuk -> coils['c_mode_vuk']
2025-03-28 20:44:05,066 : INFO : coil.c_mode_vuk : Disabling Driver
2025-03-28 20:44:05,066 : INFO : Timer.dog_hunt_timer : Stopping Timer
2025-03-28 20:44:05,066 : INFO : EventManager : Event: ======'timer_dog_hunt_timer_stopped'====== Args={'ticks': 0, 'ticks_remaining': 1}
2025-03-28 20:44:05,067 : INFO : Mode.game : Stopped.
2025-03-28 20:44:05,067 : INFO : EventManager : Event: ======'modes_active_modes_changed'====== Args={}
2025-03-28 20:44:05,067 : INFO : EventManager : Event: ======'mode_game_stopped'====== Args={}
2025-03-28 20:44:05,068 : INFO : EventManager : Event: ======'clear'====== Args={'key': 'game'}
2025-03-28 20:44:05,175 : INFO : root : MPF run loop ended.
