2025-04-13 15:19:58,481 : INFO : root : Loading config.
2025-04-13 15:19:58,485 : INFO : YamlMultifileConfigLoader : Machine config file #1: config.yaml
2025-04-13 15:19:58,486 : INFO : ConfigProcessor : Loading config from cache: C:\Users\homebrew\AppData\Local\Temp\1ab83842b7c8ed7e1902272067ddcd2b.mpf_cache
2025-04-13 15:19:58,633 : INFO : ConfigProcessor : Loading config from cache: C:\Users\homebrew\AppData\Local\Temp\163fd46608d3c9469758c6512b5a030d.mpf_cache
2025-04-13 15:19:58,635 : INFO : ConfigProcessor : Loading config from cache: C:\Users\homebrew\AppData\Local\Temp\93e42568b1004e720dbdafbb285adaaa.mpf_cache
2025-04-13 15:19:58,636 : INFO : ConfigProcessor : Loading config from cache: C:\Users\homebrew\AppData\Local\Temp\5ffb3999d6de3e1d452090655c82bf2a.mpf_cache
2025-04-13 15:19:58,655 : INFO : ConfigProcessor : Loading config from cache: C:\Users\homebrew\AppData\Local\Temp\163fd46608d3c9469758c6512b5a030d.mpf_cache
2025-04-13 15:19:58,655 : INFO : ConfigProcessor : Loading config from cache: C:\Users\homebrew\AppData\Local\Temp\93e42568b1004e720dbdafbb285adaaa.mpf_cache
2025-04-13 15:19:58,656 : INFO : ConfigProcessor : Loading config from cache: C:\Users\homebrew\AppData\Local\Temp\8c668df6a84f4edcfda2189b877084c6.mpf_cache
2025-04-13 15:19:58,657 : INFO : ConfigProcessor : Loading config from cache: C:\Users\homebrew\AppData\Local\Temp\81d0f34cbd4c6d61cd4dad95e5100b6a.mpf_cache
2025-04-13 15:19:58,658 : INFO : ConfigProcessor : Loading config from cache: C:\Users\homebrew\AppData\Local\Temp\a714899e94406dd1f47e6e9bddbe0fef.mpf_cache
2025-04-13 15:19:58,658 : INFO : ConfigProcessor : Loading config from cache: C:\Users\homebrew\AppData\Local\Temp\fda2b21e4ff4c8a0b48d4f712bf7675f.mpf_cache
2025-04-13 15:19:58,661 : INFO : ConfigProcessor : Loading config from cache: C:\Users\homebrew\AppData\Local\Temp\9cbbeec60769b6bc8d00b63a89255fac.mpf_cache
2025-04-13 15:19:58,663 : INFO : ConfigProcessor : Loading config from cache: C:\Users\homebrew\AppData\Local\Temp\49c1bb27bb76c6488cf72d0e1887aaaa.mpf_cache
2025-04-13 15:19:58,664 : INFO : ConfigProcessor : Loading config from cache: C:\Users\homebrew\AppData\Local\Temp\eb740da6f3772dcfe6d89e142f4972f9.mpf_cache
2025-04-13 15:19:58,667 : INFO : ConfigProcessor : Loading config from cache: C:\Users\homebrew\AppData\Local\Temp\8e53cff45209557b74353625b1fb9c7d.mpf_cache
2025-04-13 15:19:58,669 : INFO : ConfigProcessor : Loading config from cache: C:\Users\homebrew\AppData\Local\Temp\75ead186cfb0eee4579e59d5d273b950.mpf_cache
2025-04-13 15:19:58,670 : INFO : ConfigProcessor : Loading config from cache: C:\Users\homebrew\AppData\Local\Temp\46ee3106793b7c66df6b24732de735de.mpf_cache
2025-04-13 15:19:58,670 : INFO : ConfigProcessor : Loading config from cache: C:\Users\homebrew\AppData\Local\Temp\a6f0737b5bca2a955dd9d538ee17b581.mpf_cache
2025-04-13 15:19:58,672 : INFO : ConfigProcessor : Loading config from cache: C:\Users\homebrew\AppData\Local\Temp\72ccc58689b118af298151666e9c5198.mpf_cache
2025-04-13 15:19:58,673 : INFO : ConfigProcessor : Loading config from cache: C:\Users\homebrew\AppData\Local\Temp\082c9c49689a7facf0c58e67d77b7f58.mpf_cache
2025-04-13 15:19:58,674 : INFO : Machine : Mission Pinball Framework Core Engine v0.80.0.dev4
2025-04-13 15:19:58,674 : INFO : Machine : Command line arguments: {'no_load_cache': False, 'create_config_cache': True, 'bcp': True, 'configfile': ['config.yaml'], 'force_assets_load': False, 'platform_integration_test': False, 'jsonlogging': False, 'logfile': 'logs\\2025-04-13-15-19-58-mpf-mpf.log', 'pause': False, 'production': False, 'text_ui': False, 'loglevel': 15, 'consoleloglevel': 20, 'force_platform': None, 'syslog_address': None, 'mc_file_name': None, 'no_sound': False, 'full_logfile_path': 'C:\\Users\\homebrew\\Documents\\GitHub\\Thing_Pinball\\logs\\2025-04-13-15-19-58-mpf-mpf.log'}
2025-04-13 15:19:58,674 : INFO : Machine : MPF path: C:\Users\homebrew\AppData\Local\Programs\Python\Python312\Lib\site-packages\mpf
2025-04-13 15:19:58,674 : INFO : Machine : Machine path: C:\Users\homebrew\Documents\GitHub\Thing_Pinball
2025-04-13 15:19:58,674 : INFO : Machine : Platform: win32
2025-04-13 15:19:58,674 : INFO : Machine : Python executable location: C:\Users\homebrew\AppData\Local\Programs\Python\Python312\python.exe
2025-04-13 15:19:58,674 : INFO : Machine : Python version: 3.12.3 (64-bit)
2025-04-13 15:19:58,678 : INFO : Machine : Initializing MPF...
2025-04-13 15:19:58,841 : INFO : FAST [NET] : Trying to connect to com4 at 921600bps
2025-04-13 15:19:58,846 : INFO : FAST [NET] : Connected to com4 at 921600bps
2025-04-13 15:19:58,851 : INFO : FAST [NET] : Connected to FP-CPU-2000 with firmware v02.21
2025-04-13 15:19:58,882 : INFO : FAST [NET] : Registered I/O Board 0: Model: FP-I/O-0024, Firmware: 01.10, Switches: 24, Drivers: 8
2025-04-13 15:19:58,898 : INFO : FAST [NET] : Registered I/O Board 1: Model: FP-I/O-3208, Firmware: 01.10, Switches: 32, Drivers: 8
2025-04-13 15:19:58,912 : INFO : FAST [NET] : Registered I/O Board 2: Model: FP-I/O-0804, Firmware: 01.10, Switches: 8, Drivers: 4
2025-04-13 15:19:58,927 : INFO : FAST [NET] : Registered I/O Board 3: Model: FP-I/O-0804, Firmware: 01.10, Switches: 8, Drivers: 4
2025-04-13 15:19:58,929 : INFO : EventManager : Event: ======'machine_var_credits_string'====== Args={'value': 'FREE PLAY', 'prev_value': None, 'change': True}
2025-04-13 15:19:58,983 : INFO : EventManager : Event: ======'machine_var_game_mode_ball_lock_complete'====== Args={'value': 0, 'prev_value': None, 'change': True}
2025-04-13 15:19:58,984 : INFO : EventManager : Event: ======'machine_var_game_mode_blood_test_complete'====== Args={'value': 0, 'prev_value': None, 'change': True}
2025-04-13 15:19:58,984 : INFO : EventManager : Event: ======'machine_var_game_mode_discovery_complete'====== Args={'value': 0, 'prev_value': None, 'change': True}
2025-04-13 15:19:58,984 : INFO : EventManager : Event: ======'machine_var_game_mode_dog_hunt_complete'====== Args={'value': 1, 'prev_value': None, 'change': True}
2025-04-13 15:19:58,984 : INFO : EventManager : Event: ======'machine_var_game_mode_infected_complete'====== Args={'value': 0, 'prev_value': None, 'change': True}
2025-04-13 15:19:58,984 : INFO : EventManager : Event: ======'machine_var_game_mode_multiball_complete'====== Args={'value': 0, 'prev_value': None, 'change': True}
2025-04-13 15:19:58,984 : INFO : EventManager : Event: ======'machine_var_game_mode_spider_head_complete'====== Args={'value': 0, 'prev_value': None, 'change': True}
2025-04-13 15:19:58,985 : INFO : EventManager : Event: ======'machine_var_game_mode_wizard_complete'====== Args={'value': 0, 'prev_value': None, 'change': True}
2025-04-13 15:19:58,985 : INFO : EventManager : Event: ======'machine_var_master_volume'====== Args={'value': 0.5, 'prev_value': None, 'change': True}
2025-04-13 15:19:58,985 : INFO : EventManager : Event: ======'machine_var_qualified_mode'====== Args={'value': 'None', 'prev_value': None, 'change': True}
2025-04-13 15:19:58,985 : INFO : EventManager : Event: ======'machine_var_mpf_version'====== Args={'value': 'Mission Pinball Framework v0.80.0.dev4', 'prev_value': None, 'change': True}
2025-04-13 15:19:58,985 : INFO : EventManager : Event: ======'machine_var_mpf_extended_version'====== Args={'value': 'Mission Pinball Framework v0.80.0.dev4, Config version:6, Show version: 6, BCP version:1.1', 'prev_value': None, 'change': True}
2025-04-13 15:19:58,985 : INFO : EventManager : Event: ======'machine_var_python_version'====== Args={'value': '3.12.3', 'prev_value': None, 'change': True}
2025-04-13 15:19:59,244 : INFO : EventManager : Event: ======'machine_var_platform'====== Args={'value': 'Windows-11-10.0.26100-SP0', 'prev_value': None, 'change': True}
2025-04-13 15:19:59,244 : INFO : EventManager : Event: ======'machine_var_platform_system'====== Args={'value': 'Windows', 'prev_value': None, 'change': True}
2025-04-13 15:19:59,244 : INFO : EventManager : Event: ======'machine_var_platform_release'====== Args={'value': '11', 'prev_value': None, 'change': True}
2025-04-13 15:19:59,244 : INFO : EventManager : Event: ======'machine_var_platform_version'====== Args={'value': '10.0.26100', 'prev_value': None, 'change': True}
2025-04-13 15:19:59,244 : INFO : EventManager : Event: ======'machine_var_platform_machine'====== Args={'value': 'AMD64', 'prev_value': None, 'change': True}
2025-04-13 15:19:59,244 : INFO : EventManager : Event: ======'machine_var_log_file_path'====== Args={'value': 'C:\\Users\\homebrew\\Documents\\GitHub\\Thing_Pinball\\logs\\2025-04-13-15-19-58-mpf-mpf.log', 'prev_value': None, 'change': True}
2025-04-13 15:19:59,244 : INFO : EventManager : Event: ======'init_phase_1'====== Args={}
2025-04-13 15:19:59,321 : WARNING : ConfigValidator : Unrecognized config setting. "fast_coils:c_diverter:pwm_on_ms" is not a valid setting name.
2025-04-13 15:19:59,321 : WARNING : ConfigValidator : Unrecognized config setting. "fast_coils:c_diverter:pwm_off_ms" is not a valid setting name.
2025-04-13 15:19:59,322 : WARNING : ConfigValidator : Unrecognized config setting. "fast_coils:c_up_post:pwm_on_ms" is not a valid setting name.
2025-04-13 15:19:59,322 : WARNING : ConfigValidator : Unrecognized config setting. "fast_coils:c_up_post:pwm_off_ms" is not a valid setting name.
2025-04-13 15:19:59,328 : WARNING : ConfigValidator : Unrecognized config setting. "ball_holds:mode_vuk_hold:auto_release_after" is not a valid setting name.
2025-04-13 15:19:59,328 : WARNING : ConfigValidator : Unrecognized config setting. "timed_switches:mode_vuk_delayed_eject:state_when_released" is not a valid setting name.
2025-04-13 15:19:59,329 : WARNING : ConfigValidator : Unrecognized config setting. "mode:infected:timers:infected_timer:events_when_complete" is not a valid setting name.
2025-04-13 15:19:59,329 : WARNING : ConfigValidator : Unrecognized config setting. "mode:wizard:timers:wizard_timer:events_when_complete" is not a valid setting name.
2025-04-13 15:19:59,330 : WARNING : ConfigValidator : Unrecognized config setting. "mode:multiball:timers:multiball_jackpot_timer:events_when_complete" is not a valid setting name.
2025-04-13 15:19:59,332 : WARNING : ConfigValidator : Unrecognized config setting. "mode:multiball:timers:right_ramp_validity_timer:events_when_complete" is not a valid setting name.
2025-04-13 15:19:59,333 : WARNING : ConfigValidator : Unrecognized config setting. "mode:base:timers:mode_timer:events_when_complete" is not a valid setting name.
2025-04-13 15:19:59,333 : WARNING : ConfigValidator : Unrecognized config setting. "mode:discovery:timers:discovery_timer:events_when_complete" is not a valid setting name.
2025-04-13 15:19:59,334 : WARNING : ConfigValidator : Unrecognized config setting. "mode:spider_head:timers:spider_head_timer:events_when_complete" is not a valid setting name.
2025-04-13 15:19:59,334 : WARNING : ConfigValidator : Unrecognized config setting. "mode:blood_test:timers:blood_test_timer:events_when_complete" is not a valid setting name.
2025-04-13 15:19:59,334 : WARNING : ConfigValidator : Unrecognized config setting. "mode:ball_lock:multiball_locks:ball_lock:full_event" is not a valid setting name.
2025-04-13 15:19:59,334 : WARNING : ConfigValidator : Unrecognized config setting. "mode:ball_lock:multiball_locks:ball_lock:replace_balls_in_play" is not a valid setting name.
2025-04-13 15:19:59,335 : WARNING : ConfigValidator : Unrecognized config setting. "mode:dog_hunt:timers:dog_hunt_timer:events_when_complete" is not a valid setting name.
2025-04-13 15:19:59,345 : INFO : EventManager : Event: ======'drop_target_bank_vuk_bank_up'====== Args={}
2025-04-13 15:19:59,345 : INFO : EventManager : Event: ======'logicblock_spinner_value_updated'====== Args={'value': 0, 'enabled': False}
2025-04-13 15:19:59,345 : INFO : EventManager : Event: ======'logicblock_newton_hit_counter_updated'====== Args={'value': 0, 'enabled': False}
2025-04-13 15:19:59,346 : INFO : EventManager : Event: ======'logicblock_diverter_pattern_updated'====== Args={'value': 0, 'enabled': False}
2025-04-13 15:19:59,346 : INFO : EventManager : Event: ======'logicblock_blood_target_counter_updated'====== Args={'value': 0, 'enabled': False}
2025-04-13 15:20:01,767 : WARNING : Machine : Iterating device collections directly is deprecated and will be removed. Access by value(): device_collections[switches] -> device_collections['switches'].values()
2025-04-13 15:20:01,768 : INFO : SwitchController : <<<<<<< 's_trough_6' active >>>>>>>
2025-04-13 15:20:01,768 : INFO : SwitchController : <<<<<<< 's_trough_7' active >>>>>>>
2025-04-13 15:20:01,768 : INFO : SwitchController : <<<<<<< 's_trough_ball' active >>>>>>>
2025-04-13 15:20:01,768 : INFO : SwitchController : <<<<<<< 's_ramp_up_1' active >>>>>>>
2025-04-13 15:20:01,768 : INFO : SwitchController : <<<<<<< 's_newton_opto_made' active >>>>>>>
2025-04-13 15:20:01,768 : INFO : SwitchController : <<<<<<< 's_start_button' active >>>>>>>
2025-04-13 15:20:01,769 : WARNING : ConfigValidator : Unrecognized config setting. "coil_player:enable_ms" is not a valid setting name.
2025-04-13 15:20:01,771 : WARNING : ConfigValidator : Unrecognized config setting. "coil_player:enable_ms" is not a valid setting name.
2025-04-13 15:20:01,779 : INFO : EventManager : Event: ======'init_phase_2'====== Args={}
2025-04-13 15:20:01,779 : INFO : SwitchController : Found active switch: (37, [FAST Platform Interface]) <switch.s_trough_6>
2025-04-13 15:20:01,781 : INFO : SwitchController : Found active switch: (38, [FAST Platform Interface]) <switch.s_trough_7>
2025-04-13 15:20:01,781 : INFO : SwitchController : Found active switch: (51, [FAST Platform Interface]) <switch.s_trough_ball>
2025-04-13 15:20:01,781 : INFO : SwitchController : Found active switch: (40, [FAST Platform Interface]) <switch.s_ramp_up_1>
2025-04-13 15:20:01,781 : INFO : SwitchController : Found active switch: (45, [FAST Platform Interface]) <switch.s_newton_opto_made>
2025-04-13 15:20:01,781 : INFO : SwitchController : Found active switch: (10, [FAST Platform Interface]) <switch.s_start_button>
2025-04-13 15:20:01,788 : WARNING : ConfigValidator : Unrecognized config setting. "slide_player:widgets" is not a valid setting name.
2025-04-13 15:20:01,788 : WARNING : ConfigValidator : Unrecognized config setting. "slide_player:widgets" is not a valid setting name.
2025-04-13 15:20:01,788 : WARNING : ConfigValidator : Unrecognized config setting. "slide_player:widgets" is not a valid setting name.
2025-04-13 15:20:01,788 : WARNING : ConfigValidator : Unrecognized config setting. "slide_player:widgets" is not a valid setting name.
2025-04-13 15:20:01,788 : WARNING : ConfigValidator : Unrecognized config setting. "slide_player:widgets" is not a valid setting name.
2025-04-13 15:20:01,789 : WARNING : ConfigValidator : Unrecognized config setting. "slide_player:widgets" is not a valid setting name.
2025-04-13 15:20:01,789 : WARNING : ConfigValidator : Unrecognized config setting. "slide_player:widgets" is not a valid setting name.
2025-04-13 15:20:01,789 : WARNING : ConfigValidator : Unrecognized config setting. "slide_player:widgets" is not a valid setting name.
2025-04-13 15:20:01,789 : WARNING : ConfigValidator : Unrecognized config setting. "slide_player:widgets" is not a valid setting name.
2025-04-13 15:20:01,789 : WARNING : ConfigValidator : Unrecognized config setting. "slide_player:widgets" is not a valid setting name.
2025-04-13 15:20:01,789 : WARNING : ConfigValidator : Unrecognized config setting. "slide_player:widgets" is not a valid setting name.
2025-04-13 15:20:01,789 : WARNING : ConfigValidator : Unrecognized config setting. "slide_player:widgets" is not a valid setting name.
2025-04-13 15:20:01,790 : WARNING : ConfigValidator : Unrecognized config setting. "slide_player:widgets" is not a valid setting name.
2025-04-13 15:20:01,790 : WARNING : ConfigValidator : Unrecognized config setting. "slide_player:widgets" is not a valid setting name.
2025-04-13 15:20:01,790 : WARNING : ConfigValidator : Unrecognized config setting. "slide_player:widgets" is not a valid setting name.
2025-04-13 15:20:01,790 : WARNING : ConfigValidator : Unrecognized config setting. "slide_player:widgets" is not a valid setting name.
2025-04-13 15:20:01,790 : WARNING : ConfigValidator : Unrecognized config setting. "slide_player:widgets" is not a valid setting name.
2025-04-13 15:20:01,790 : WARNING : ConfigValidator : Unrecognized config setting. "slide_player:widgets" is not a valid setting name.
2025-04-13 15:20:01,790 : WARNING : ConfigValidator : Unrecognized config setting. "slide_player:widgets" is not a valid setting name.
2025-04-13 15:20:01,790 : WARNING : ConfigValidator : Unrecognized config setting. "slide_player:widgets" is not a valid setting name.
2025-04-13 15:20:01,790 : WARNING : ConfigValidator : Unrecognized config setting. "slide_player:widgets" is not a valid setting name.
2025-04-13 15:20:01,792 : WARNING : ConfigValidator : Unrecognized config setting. "slide_player:widgets" is not a valid setting name.
2025-04-13 15:20:01,792 : WARNING : ConfigValidator : Unrecognized config setting. "slide_player:widgets" is not a valid setting name.
2025-04-13 15:20:01,792 : WARNING : ConfigValidator : Unrecognized config setting. "slide_player:widgets" is not a valid setting name.
2025-04-13 15:20:01,792 : WARNING : ConfigValidator : Unrecognized config setting. "slide_player:widgets" is not a valid setting name.
2025-04-13 15:20:01,792 : WARNING : ConfigValidator : Unrecognized config setting. "slide_player:widgets" is not a valid setting name.
2025-04-13 15:20:01,792 : WARNING : ConfigValidator : Unrecognized config setting. "slide_player:widgets" is not a valid setting name.
2025-04-13 15:20:01,792 : WARNING : ConfigValidator : Unrecognized config setting. "slide_player:widgets" is not a valid setting name.
2025-04-13 15:20:01,792 : WARNING : ConfigValidator : Unrecognized config setting. "slide_player:widgets" is not a valid setting name.
2025-04-13 15:20:01,792 : WARNING : ConfigValidator : Unrecognized config setting. "slide_player:widgets" is not a valid setting name.
2025-04-13 15:20:01,793 : WARNING : ConfigValidator : Unrecognized config setting. "slide_player:widgets" is not a valid setting name.
2025-04-13 15:20:01,795 : WARNING : ConfigValidator : Unrecognized config setting. "high_score:events_when_complete" is not a valid setting name.
2025-04-13 15:20:01,796 : INFO : EventManager : Event: ======'machine_var_score1_label'====== Args={'value': 'GRAND CHAMPION', 'prev_value': None, 'change': True}
2025-04-13 15:20:01,796 : INFO : EventManager : Event: ======'machine_var_score1_name'====== Args={'value': 'THING', 'prev_value': None, 'change': True}
2025-04-13 15:20:01,796 : INFO : EventManager : Event: ======'machine_var_score1_value'====== Args={'value': 5000000, 'prev_value': None, 'change': True}
2025-04-13 15:20:01,796 : INFO : EventManager : Event: ======'machine_var_score2_label'====== Args={'value': 'HIGH SCORE 1', 'prev_value': None, 'change': True}
2025-04-13 15:20:01,796 : INFO : EventManager : Event: ======'machine_var_score2_name'====== Args={'value': 'MPF', 'prev_value': None, 'change': True}
2025-04-13 15:20:01,796 : INFO : EventManager : Event: ======'machine_var_score2_value'====== Args={'value': 4000000, 'prev_value': None, 'change': True}
2025-04-13 15:20:01,796 : INFO : EventManager : Event: ======'machine_var_score3_label'====== Args={'value': 'HIGH SCORE 2', 'prev_value': None, 'change': True}
2025-04-13 15:20:01,796 : INFO : EventManager : Event: ======'machine_var_score3_name'====== Args={'value': 'PINBALL', 'prev_value': None, 'change': True}
2025-04-13 15:20:01,796 : INFO : EventManager : Event: ======'machine_var_score3_value'====== Args={'value': 3000000, 'prev_value': None, 'change': True}
2025-04-13 15:20:01,796 : INFO : EventManager : Event: ======'machine_var_score4_label'====== Args={'value': 'HIGH SCORE 3', 'prev_value': None, 'change': True}
2025-04-13 15:20:01,796 : INFO : EventManager : Event: ======'machine_var_score4_name'====== Args={'value': 'WIZARD', 'prev_value': None, 'change': True}
2025-04-13 15:20:01,796 : INFO : EventManager : Event: ======'machine_var_score4_value'====== Args={'value': 2000000, 'prev_value': None, 'change': True}
2025-04-13 15:20:01,796 : INFO : EventManager : Event: ======'machine_var_score5_label'====== Args={'value': 'HIGH SCORE 4', 'prev_value': None, 'change': True}
2025-04-13 15:20:01,796 : INFO : EventManager : Event: ======'machine_var_score5_name'====== Args={'value': 'PLAYER', 'prev_value': None, 'change': True}
2025-04-13 15:20:01,796 : INFO : EventManager : Event: ======'machine_var_score5_value'====== Args={'value': 1000000, 'prev_value': None, 'change': True}
2025-04-13 15:20:01,797 : INFO : EventManager : Event: ======'bcp_connection_attempt'====== Args={'name': 'local_display', 'host': 'localhost', 'port': 5050}
2025-04-13 15:20:01,801 : INFO : BCPClientSocket : Connecting BCP to 'local_display' at localhost:5050...
2025-04-13 15:20:01,816 : INFO : BCPClientSocket : Connected BCP to 'local_display' localhost:5050
2025-04-13 15:20:01,818 : INFO : EventManager : Event: ======'bcp_clients_connected'====== Args={}
2025-04-13 15:20:02,266 : INFO : ball_device.bd_trough : BCH: Initial count: 3
2025-04-13 15:20:02,266 : INFO : ball_device.bd_trough : State: idle
2025-04-13 15:20:02,267 : INFO : ball_device.bd_shooter_lane : BCH: Initial count: 0
2025-04-13 15:20:02,268 : INFO : ball_device.bd_shooter_lane : State: idle
2025-04-13 15:20:02,271 : INFO : ball_device.bd_ball_lock : BCH: Initial count: 0
2025-04-13 15:20:02,272 : INFO : ball_device.bd_ball_lock : State: idle
2025-04-13 15:20:02,273 : INFO : ball_device.bd_mode : BCH: Initial count: 0
2025-04-13 15:20:02,273 : INFO : ball_device.bd_mode : State: idle
2025-04-13 15:20:02,305 : INFO : EventManager : Event: ======'init_phase_3'====== Args={}
2025-04-13 15:20:02,307 : WARNING : ConfigValidator : Unrecognized config setting. "slide_player:widgets" is not a valid setting name.
2025-04-13 15:20:02,307 : WARNING : ConfigValidator : Unrecognized config setting. "slide_player:widgets" is not a valid setting name.
2025-04-13 15:20:02,307 : WARNING : ConfigValidator : Unrecognized config setting. "slide_player:widgets" is not a valid setting name.
2025-04-13 15:20:02,307 : WARNING : ConfigValidator : Unrecognized config setting. "slide_player:widgets" is not a valid setting name.
2025-04-13 15:20:02,308 : WARNING : ConfigValidator : Unrecognized config setting. "slide_player:widgets" is not a valid setting name.
2025-04-13 15:20:02,308 : WARNING : ConfigValidator : Unrecognized config setting. "slide_player:widgets" is not a valid setting name.
2025-04-13 15:20:02,309 : INFO : EventManager : Event: ======'init_phase_4'====== Args={}
2025-04-13 15:20:02,310 : INFO : BallController : Initial balls found: 3
2025-04-13 15:20:02,313 : INFO : EventManager : Event: ======'machine_var_audits_events_game_ended'====== Args={'value': 0, 'prev_value': None, 'change': True}
2025-04-13 15:20:02,313 : INFO : EventManager : Event: ======'machine_var_audits_events_game_started'====== Args={'value': 533, 'prev_value': None, 'change': True}
2025-04-13 15:20:02,313 : INFO : EventManager : Event: ======'machine_var_audits_missing_switches_s_3bank_tgt_d'====== Args={'value': 5, 'prev_value': None, 'change': True}
2025-04-13 15:20:02,313 : INFO : EventManager : Event: ======'machine_var_audits_missing_switches_s_3bank_tgt_g'====== Args={'value': 5, 'prev_value': None, 'change': True}
2025-04-13 15:20:02,313 : INFO : EventManager : Event: ======'machine_var_audits_missing_switches_s_3bank_tgt_o'====== Args={'value': 5, 'prev_value': None, 'change': True}
2025-04-13 15:20:02,314 : INFO : EventManager : Event: ======'machine_var_audits_missing_switches_s_back_button'====== Args={'value': 97, 'prev_value': None, 'change': True}
2025-04-13 15:20:02,314 : INFO : EventManager : Event: ======'machine_var_audits_missing_switches_s_ball_lock_1'====== Args={'value': 5, 'prev_value': None, 'change': True}
2025-04-13 15:20:02,314 : INFO : EventManager : Event: ======'machine_var_audits_missing_switches_s_ball_lock_2'====== Args={'value': 5, 'prev_value': None, 'change': True}
2025-04-13 15:20:02,314 : INFO : EventManager : Event: ======'machine_var_audits_missing_switches_s_ball_lock_3'====== Args={'value': 5, 'prev_value': None, 'change': True}
2025-04-13 15:20:02,314 : INFO : EventManager : Event: ======'machine_var_audits_missing_switches_s_blood_target'====== Args={'value': 5, 'prev_value': None, 'change': True}
2025-04-13 15:20:02,314 : INFO : EventManager : Event: ======'machine_var_audits_missing_switches_s_down_button'====== Args={'value': 97, 'prev_value': None, 'change': True}
2025-04-13 15:20:02,314 : INFO : EventManager : Event: ======'machine_var_audits_missing_switches_s_enter_button'====== Args={'value': 97, 'prev_value': None, 'change': True}
2025-04-13 15:20:02,314 : INFO : EventManager : Event: ======'machine_var_audits_missing_switches_s_inlane_left'====== Args={'value': 98, 'prev_value': None, 'change': True}
2025-04-13 15:20:02,314 : INFO : EventManager : Event: ======'machine_var_audits_missing_switches_s_inlane_right'====== Args={'value': 13, 'prev_value': None, 'change': True}
2025-04-13 15:20:02,314 : INFO : EventManager : Event: ======'machine_var_audits_missing_switches_s_launch'====== Args={'value': 6, 'prev_value': None, 'change': True}
2025-04-13 15:20:02,314 : INFO : EventManager : Event: ======'machine_var_audits_missing_switches_s_left_button_2'====== Args={'value': 2, 'prev_value': None, 'change': True}
2025-04-13 15:20:02,314 : INFO : EventManager : Event: ======'machine_var_audits_missing_switches_s_left_flipper'====== Args={'value': 363, 'prev_value': None, 'change': True}
2025-04-13 15:20:02,314 : INFO : EventManager : Event: ======'machine_var_audits_missing_switches_s_left_flipper_button'====== Args={'value': 2, 'prev_value': None, 'change': True}
2025-04-13 15:20:02,314 : INFO : EventManager : Event: ======'machine_var_audits_missing_switches_s_left_flipper_eos'====== Args={'value': 2, 'prev_value': None, 'change': True}
2025-04-13 15:20:02,314 : INFO : EventManager : Event: ======'machine_var_audits_missing_switches_s_left_inlane'====== Args={'value': 6, 'prev_value': None, 'change': True}
2025-04-13 15:20:02,314 : INFO : EventManager : Event: ======'machine_var_audits_missing_switches_s_left_inner_lane'====== Args={'value': 357, 'prev_value': None, 'change': True}
2025-04-13 15:20:02,314 : INFO : EventManager : Event: ======'machine_var_audits_missing_switches_s_left_outer_lane'====== Args={'value': 153, 'prev_value': None, 'change': True}
2025-04-13 15:20:02,314 : INFO : EventManager : Event: ======'machine_var_audits_missing_switches_s_left_outlane'====== Args={'value': 6, 'prev_value': None, 'change': True}
2025-04-13 15:20:02,314 : INFO : EventManager : Event: ======'machine_var_audits_missing_switches_s_left_ramp_entry_1'====== Args={'value': 5, 'prev_value': None, 'change': True}
2025-04-13 15:20:02,314 : INFO : EventManager : Event: ======'machine_var_audits_missing_switches_s_left_sling'====== Args={'value': 363, 'prev_value': None, 'change': True}
2025-04-13 15:20:02,314 : INFO : EventManager : Event: ======'machine_var_audits_missing_switches_s_left_slingshot'====== Args={'value': 4, 'prev_value': None, 'change': True}
2025-04-13 15:20:02,314 : INFO : EventManager : Event: ======'machine_var_audits_missing_switches_s_mead'====== Args={'value': 267, 'prev_value': None, 'change': True}
2025-04-13 15:20:02,315 : INFO : EventManager : Event: ======'machine_var_audits_missing_switches_s_mode_opto'====== Args={'value': 5, 'prev_value': None, 'change': True}
2025-04-13 15:20:02,315 : INFO : EventManager : Event: ======'machine_var_audits_missing_switches_s_newton_opto_made'====== Args={'value': 141, 'prev_value': None, 'change': True}
2025-04-13 15:20:02,315 : INFO : EventManager : Event: ======'machine_var_audits_missing_switches_s_outlane_left'====== Args={'value': 129, 'prev_value': None, 'change': True}
2025-04-13 15:20:02,315 : INFO : EventManager : Event: ======'machine_var_audits_missing_switches_s_outlane_right'====== Args={'value': 98, 'prev_value': None, 'change': True}
2025-04-13 15:20:02,315 : INFO : EventManager : Event: ======'machine_var_audits_missing_switches_s_percy'====== Args={'value': 85, 'prev_value': None, 'change': True}
2025-04-13 15:20:02,315 : INFO : EventManager : Event: ======'machine_var_audits_missing_switches_s_plunger'====== Args={'value': 363, 'prev_value': None, 'change': True}
2025-04-13 15:20:02,315 : INFO : EventManager : Event: ======'machine_var_audits_missing_switches_s_pop_bumper_1'====== Args={'value': 14, 'prev_value': None, 'change': True}
2025-04-13 15:20:02,315 : INFO : EventManager : Event: ======'machine_var_audits_missing_switches_s_pop_bumper_2'====== Args={'value': 14, 'prev_value': None, 'change': True}
2025-04-13 15:20:02,315 : INFO : EventManager : Event: ======'machine_var_audits_missing_switches_s_pop_bumper_3'====== Args={'value': 14, 'prev_value': None, 'change': True}
2025-04-13 15:20:02,315 : INFO : EventManager : Event: ======'machine_var_audits_missing_switches_s_ramp_up_1'====== Args={'value': 2, 'prev_value': None, 'change': True}
2025-04-13 15:20:02,315 : INFO : EventManager : Event: ======'machine_var_audits_missing_switches_s_right_button_2'====== Args={'value': 5, 'prev_value': None, 'change': True}
2025-04-13 15:20:02,315 : INFO : EventManager : Event: ======'machine_var_audits_missing_switches_s_right_flipper'====== Args={'value': 363, 'prev_value': None, 'change': True}
2025-04-13 15:20:02,315 : INFO : EventManager : Event: ======'machine_var_audits_missing_switches_s_right_flipper_button'====== Args={'value': 5, 'prev_value': None, 'change': True}
2025-04-13 15:20:02,315 : INFO : EventManager : Event: ======'machine_var_audits_missing_switches_s_right_flipper_eos'====== Args={'value': 5, 'prev_value': None, 'change': True}
2025-04-13 15:20:02,315 : INFO : EventManager : Event: ======'machine_var_audits_missing_switches_s_right_inlane'====== Args={'value': 6, 'prev_value': None, 'change': True}
2025-04-13 15:20:02,315 : INFO : EventManager : Event: ======'machine_var_audits_missing_switches_s_right_inner_lane'====== Args={'value': 357, 'prev_value': None, 'change': True}
2025-04-13 15:20:02,315 : INFO : EventManager : Event: ======'machine_var_audits_missing_switches_s_right_orbit_1'====== Args={'value': 5, 'prev_value': None, 'change': True}
2025-04-13 15:20:02,315 : INFO : EventManager : Event: ======'machine_var_audits_missing_switches_s_right_outer_lane'====== Args={'value': 357, 'prev_value': None, 'change': True}
2025-04-13 15:20:02,315 : INFO : EventManager : Event: ======'machine_var_audits_missing_switches_s_right_outlane'====== Args={'value': 6, 'prev_value': None, 'change': True}
2025-04-13 15:20:02,315 : INFO : EventManager : Event: ======'machine_var_audits_missing_switches_s_right_ramp_entry_1'====== Args={'value': 5, 'prev_value': None, 'change': True}
2025-04-13 15:20:02,315 : INFO : EventManager : Event: ======'machine_var_audits_missing_switches_s_right_sling'====== Args={'value': 363, 'prev_value': None, 'change': True}
2025-04-13 15:20:02,315 : INFO : EventManager : Event: ======'machine_var_audits_missing_switches_s_right_slingshot'====== Args={'value': 4, 'prev_value': None, 'change': True}
2025-04-13 15:20:02,315 : INFO : EventManager : Event: ======'machine_var_audits_missing_switches_s_scanlan'====== Args={'value': 204, 'prev_value': None, 'change': True}
2025-04-13 15:20:02,315 : INFO : EventManager : Event: ======'machine_var_audits_missing_switches_s_spinner'====== Args={'value': 5, 'prev_value': None, 'change': True}
2025-04-13 15:20:02,316 : INFO : EventManager : Event: ======'machine_var_audits_missing_switches_s_start'====== Args={'value': 6, 'prev_value': None, 'change': True}
2025-04-13 15:20:02,316 : INFO : EventManager : Event: ======'machine_var_audits_missing_switches_s_start_button'====== Args={'value': 98, 'prev_value': None, 'change': True}
2025-04-13 15:20:02,316 : INFO : EventManager : Event: ======'machine_var_audits_missing_switches_s_trough_1'====== Args={'value': 5, 'prev_value': None, 'change': True}
2025-04-13 15:20:02,316 : INFO : EventManager : Event: ======'machine_var_audits_missing_switches_s_trough_2'====== Args={'value': 5, 'prev_value': None, 'change': True}
2025-04-13 15:20:02,316 : INFO : EventManager : Event: ======'machine_var_audits_missing_switches_s_trough_3'====== Args={'value': 5, 'prev_value': None, 'change': True}
2025-04-13 15:20:02,316 : INFO : EventManager : Event: ======'machine_var_audits_missing_switches_s_trough_4'====== Args={'value': 5, 'prev_value': None, 'change': True}
2025-04-13 15:20:02,316 : INFO : EventManager : Event: ======'machine_var_audits_missing_switches_s_trough_5'====== Args={'value': 5, 'prev_value': None, 'change': True}
2025-04-13 15:20:02,316 : INFO : EventManager : Event: ======'machine_var_audits_missing_switches_s_trough_6'====== Args={'value': 5, 'prev_value': None, 'change': True}
2025-04-13 15:20:02,316 : INFO : EventManager : Event: ======'machine_var_audits_missing_switches_s_trough_ball_1'====== Args={'value': 363, 'prev_value': None, 'change': True}
2025-04-13 15:20:02,316 : INFO : EventManager : Event: ======'machine_var_audits_missing_switches_s_trough_ball_2'====== Args={'value': 363, 'prev_value': None, 'change': True}
2025-04-13 15:20:02,316 : INFO : EventManager : Event: ======'machine_var_audits_missing_switches_s_trough_ball_3'====== Args={'value': 363, 'prev_value': None, 'change': True}
2025-04-13 15:20:02,317 : INFO : EventManager : Event: ======'machine_var_audits_missing_switches_s_trough_ball_4'====== Args={'value': 278, 'prev_value': None, 'change': True}
2025-04-13 15:20:02,317 : INFO : EventManager : Event: ======'machine_var_audits_missing_switches_s_trough_ball_5'====== Args={'value': 363, 'prev_value': None, 'change': True}
2025-04-13 15:20:02,317 : INFO : EventManager : Event: ======'machine_var_audits_missing_switches_s_trough_ball_6'====== Args={'value': 95, 'prev_value': None, 'change': True}
2025-04-13 15:20:02,317 : INFO : EventManager : Event: ======'machine_var_audits_missing_switches_s_up_button'====== Args={'value': 97, 'prev_value': None, 'change': True}
2025-04-13 15:20:02,317 : INFO : EventManager : Event: ======'machine_var_audits_player_score'====== Args={'value': {'average': 0, 'top': [], 'total': 0}, 'prev_value': None, 'change': True}
2025-04-13 15:20:02,317 : INFO : EventManager : Event: ======'machine_var_audits_shots_mead_shot'====== Args={'value': 223, 'prev_value': None, 'change': True}
2025-04-13 15:20:02,317 : INFO : EventManager : Event: ======'machine_var_audits_shots_percy_shot'====== Args={'value': 56, 'prev_value': None, 'change': True}
2025-04-13 15:20:02,317 : INFO : EventManager : Event: ======'machine_var_audits_shots_scanlan_shot'====== Args={'value': 121, 'prev_value': None, 'change': True}
2025-04-13 15:20:02,317 : INFO : EventManager : Event: ======'machine_var_audits_shots_video_shot_1'====== Args={'value': 24, 'prev_value': None, 'change': True}
2025-04-13 15:20:02,317 : INFO : EventManager : Event: ======'machine_var_audits_shots_video_shot_2'====== Args={'value': 20, 'prev_value': None, 'change': True}
2025-04-13 15:20:02,317 : INFO : EventManager : Event: ======'machine_var_audits_switches_s_3bank_tgt_d'====== Args={'value': 29, 'prev_value': None, 'change': True}
2025-04-13 15:20:02,317 : INFO : EventManager : Event: ======'machine_var_audits_switches_s_3bank_tgt_g'====== Args={'value': 40, 'prev_value': None, 'change': True}
2025-04-13 15:20:02,317 : INFO : EventManager : Event: ======'machine_var_audits_switches_s_3bank_tgt_o'====== Args={'value': 34, 'prev_value': None, 'change': True}
2025-04-13 15:20:02,317 : INFO : EventManager : Event: ======'machine_var_audits_switches_s_auto_launcher'====== Args={'value': 0, 'prev_value': None, 'change': True}
2025-04-13 15:20:02,317 : INFO : EventManager : Event: ======'machine_var_audits_switches_s_back_button'====== Args={'value': 0, 'prev_value': None, 'change': True}
2025-04-13 15:20:02,317 : INFO : EventManager : Event: ======'machine_var_audits_switches_s_ball_drain'====== Args={'value': 0, 'prev_value': None, 'change': True}
2025-04-13 15:20:02,317 : INFO : EventManager : Event: ======'machine_var_audits_switches_s_ball_lock_1'====== Args={'value': 147, 'prev_value': None, 'change': True}
2025-04-13 15:20:02,317 : INFO : EventManager : Event: ======'machine_var_audits_switches_s_ball_lock_2'====== Args={'value': 127, 'prev_value': None, 'change': True}
2025-04-13 15:20:02,317 : INFO : EventManager : Event: ======'machine_var_audits_switches_s_ball_lock_3'====== Args={'value': 128, 'prev_value': None, 'change': True}
2025-04-13 15:20:02,317 : INFO : EventManager : Event: ======'machine_var_audits_switches_s_blood_target'====== Args={'value': 368, 'prev_value': None, 'change': True}
2025-04-13 15:20:02,317 : INFO : EventManager : Event: ======'machine_var_audits_switches_s_down_button'====== Args={'value': 0, 'prev_value': None, 'change': True}
2025-04-13 15:20:02,317 : INFO : EventManager : Event: ======'machine_var_audits_switches_s_enter_button'====== Args={'value': 0, 'prev_value': None, 'change': True}
2025-04-13 15:20:02,317 : INFO : EventManager : Event: ======'machine_var_audits_switches_s_inlane_left'====== Args={'value': 9, 'prev_value': None, 'change': True}
2025-04-13 15:20:02,319 : INFO : EventManager : Event: ======'machine_var_audits_switches_s_inlane_right'====== Args={'value': 22, 'prev_value': None, 'change': True}
2025-04-13 15:20:02,319 : INFO : EventManager : Event: ======'machine_var_audits_switches_s_launch'====== Args={'value': 0, 'prev_value': None, 'change': True}
2025-04-13 15:20:02,319 : INFO : EventManager : Event: ======'machine_var_audits_switches_s_left_button_2'====== Args={'value': 235, 'prev_value': None, 'change': True}
2025-04-13 15:20:02,319 : INFO : EventManager : Event: ======'machine_var_audits_switches_s_left_flipper'====== Args={'value': 36, 'prev_value': None, 'change': True}
2025-04-13 15:20:02,319 : INFO : EventManager : Event: ======'machine_var_audits_switches_s_left_flipper_button'====== Args={'value': 226, 'prev_value': None, 'change': True}
2025-04-13 15:20:02,319 : INFO : EventManager : Event: ======'machine_var_audits_switches_s_left_flipper_eos'====== Args={'value': 205, 'prev_value': None, 'change': True}
2025-04-13 15:20:02,319 : INFO : EventManager : Event: ======'machine_var_audits_switches_s_left_inlane'====== Args={'value': 0, 'prev_value': None, 'change': True}
2025-04-13 15:20:02,319 : INFO : EventManager : Event: ======'machine_var_audits_switches_s_left_inner_lane'====== Args={'value': 0, 'prev_value': None, 'change': True}
2025-04-13 15:20:02,319 : INFO : EventManager : Event: ======'machine_var_audits_switches_s_left_outer_lane'====== Args={'value': 0, 'prev_value': None, 'change': True}
2025-04-13 15:20:02,319 : INFO : EventManager : Event: ======'machine_var_audits_switches_s_left_outlane'====== Args={'value': 0, 'prev_value': None, 'change': True}
2025-04-13 15:20:02,319 : INFO : EventManager : Event: ======'machine_var_audits_switches_s_left_ramp_entry_1'====== Args={'value': 1043, 'prev_value': None, 'change': True}
2025-04-13 15:20:02,319 : INFO : EventManager : Event: ======'machine_var_audits_switches_s_left_sling'====== Args={'value': 7, 'prev_value': None, 'change': True}
2025-04-13 15:20:02,319 : INFO : EventManager : Event: ======'machine_var_audits_switches_s_left_slingshot'====== Args={'value': 13, 'prev_value': None, 'change': True}
2025-04-13 15:20:02,319 : INFO : EventManager : Event: ======'machine_var_audits_switches_s_mead'====== Args={'value': 0, 'prev_value': None, 'change': True}
2025-04-13 15:20:02,319 : INFO : EventManager : Event: ======'machine_var_audits_switches_s_mode_opto'====== Args={'value': 111, 'prev_value': None, 'change': True}
2025-04-13 15:20:02,319 : INFO : EventManager : Event: ======'machine_var_audits_switches_s_newton_opto_made'====== Args={'value': 2, 'prev_value': None, 'change': True}
2025-04-13 15:20:02,319 : INFO : EventManager : Event: ======'machine_var_audits_switches_s_outlane_left'====== Args={'value': 3, 'prev_value': None, 'change': True}
2025-04-13 15:20:02,320 : INFO : EventManager : Event: ======'machine_var_audits_switches_s_outlane_right'====== Args={'value': 6, 'prev_value': None, 'change': True}
2025-04-13 15:20:02,320 : INFO : EventManager : Event: ======'machine_var_audits_switches_s_percy'====== Args={'value': 0, 'prev_value': None, 'change': True}
2025-04-13 15:20:02,320 : INFO : EventManager : Event: ======'machine_var_audits_switches_s_plunger'====== Args={'value': 9, 'prev_value': None, 'change': True}
2025-04-13 15:20:02,320 : INFO : EventManager : Event: ======'machine_var_audits_switches_s_pop_bumper_1'====== Args={'value': 58, 'prev_value': None, 'change': True}
2025-04-13 15:20:02,320 : INFO : EventManager : Event: ======'machine_var_audits_switches_s_pop_bumper_2'====== Args={'value': 29, 'prev_value': None, 'change': True}
2025-04-13 15:20:02,320 : INFO : EventManager : Event: ======'machine_var_audits_switches_s_pop_bumper_3'====== Args={'value': 44, 'prev_value': None, 'change': True}
2025-04-13 15:20:02,320 : INFO : EventManager : Event: ======'machine_var_audits_switches_s_ramp_up_1'====== Args={'value': 175, 'prev_value': None, 'change': True}
2025-04-13 15:20:02,320 : INFO : EventManager : Event: ======'machine_var_audits_switches_s_right_button_2'====== Args={'value': 60, 'prev_value': None, 'change': True}
2025-04-13 15:20:02,320 : INFO : EventManager : Event: ======'machine_var_audits_switches_s_right_flipper'====== Args={'value': 131, 'prev_value': None, 'change': True}
2025-04-13 15:20:02,321 : INFO : EventManager : Event: ======'machine_var_audits_switches_s_right_flipper_button'====== Args={'value': 59, 'prev_value': None, 'change': True}
2025-04-13 15:20:02,321 : INFO : EventManager : Event: ======'machine_var_audits_switches_s_right_flipper_eos'====== Args={'value': 56, 'prev_value': None, 'change': True}
2025-04-13 15:20:02,321 : INFO : EventManager : Event: ======'machine_var_audits_switches_s_right_inlane'====== Args={'value': 0, 'prev_value': None, 'change': True}
2025-04-13 15:20:02,321 : INFO : EventManager : Event: ======'machine_var_audits_switches_s_right_inner_lane'====== Args={'value': 0, 'prev_value': None, 'change': True}
2025-04-13 15:20:02,321 : INFO : EventManager : Event: ======'machine_var_audits_switches_s_right_orbit_1'====== Args={'value': 73, 'prev_value': None, 'change': True}
2025-04-13 15:20:02,321 : INFO : EventManager : Event: ======'machine_var_audits_switches_s_right_outer_lane'====== Args={'value': 0, 'prev_value': None, 'change': True}
2025-04-13 15:20:02,321 : INFO : EventManager : Event: ======'machine_var_audits_switches_s_right_outlane'====== Args={'value': 0, 'prev_value': None, 'change': True}
2025-04-13 15:20:02,321 : INFO : EventManager : Event: ======'machine_var_audits_switches_s_right_ramp_entry_1'====== Args={'value': 105, 'prev_value': None, 'change': True}
2025-04-13 15:20:02,321 : INFO : EventManager : Event: ======'machine_var_audits_switches_s_right_sling'====== Args={'value': 3, 'prev_value': None, 'change': True}
2025-04-13 15:20:02,321 : INFO : EventManager : Event: ======'machine_var_audits_switches_s_right_slingshot'====== Args={'value': 22, 'prev_value': None, 'change': True}
2025-04-13 15:20:02,321 : INFO : EventManager : Event: ======'machine_var_audits_switches_s_scanlan'====== Args={'value': 0, 'prev_value': None, 'change': True}
2025-04-13 15:20:02,321 : INFO : EventManager : Event: ======'machine_var_audits_switches_s_shooter_lane'====== Args={'value': 227, 'prev_value': None, 'change': True}
2025-04-13 15:20:02,321 : INFO : EventManager : Event: ======'machine_var_audits_switches_s_spinner'====== Args={'value': 486, 'prev_value': None, 'change': True}
2025-04-13 15:20:02,321 : INFO : EventManager : Event: ======'machine_var_audits_switches_s_start'====== Args={'value': 38, 'prev_value': None, 'change': True}
2025-04-13 15:20:02,321 : INFO : EventManager : Event: ======'machine_var_audits_switches_s_start_button'====== Args={'value': 4, 'prev_value': None, 'change': True}
2025-04-13 15:20:02,321 : INFO : EventManager : Event: ======'machine_var_audits_switches_s_switch_2'====== Args={'value': 0, 'prev_value': None, 'change': True}
2025-04-13 15:20:02,321 : INFO : EventManager : Event: ======'machine_var_audits_switches_s_trough_1'====== Args={'value': 4, 'prev_value': None, 'change': True}
2025-04-13 15:20:02,321 : INFO : EventManager : Event: ======'machine_var_audits_switches_s_trough_2'====== Args={'value': 102, 'prev_value': None, 'change': True}
2025-04-13 15:20:02,321 : INFO : EventManager : Event: ======'machine_var_audits_switches_s_trough_3'====== Args={'value': 108, 'prev_value': None, 'change': True}
2025-04-13 15:20:02,321 : INFO : EventManager : Event: ======'machine_var_audits_switches_s_trough_4'====== Args={'value': 96, 'prev_value': None, 'change': True}
2025-04-13 15:20:02,321 : INFO : EventManager : Event: ======'machine_var_audits_switches_s_trough_5'====== Args={'value': 93, 'prev_value': None, 'change': True}
2025-04-13 15:20:02,322 : INFO : EventManager : Event: ======'machine_var_audits_switches_s_trough_6'====== Args={'value': 128, 'prev_value': None, 'change': True}
2025-04-13 15:20:02,322 : INFO : EventManager : Event: ======'machine_var_audits_switches_s_trough_7'====== Args={'value': 216, 'prev_value': None, 'change': True}
2025-04-13 15:20:02,322 : INFO : EventManager : Event: ======'machine_var_audits_switches_s_trough_ball'====== Args={'value': 253, 'prev_value': None, 'change': True}
2025-04-13 15:20:02,322 : INFO : EventManager : Event: ======'machine_var_audits_switches_s_trough_ball_1'====== Args={'value': 4, 'prev_value': None, 'change': True}
2025-04-13 15:20:02,322 : INFO : EventManager : Event: ======'machine_var_audits_switches_s_trough_ball_2'====== Args={'value': 4, 'prev_value': None, 'change': True}
2025-04-13 15:20:02,322 : INFO : EventManager : Event: ======'machine_var_audits_switches_s_trough_ball_3'====== Args={'value': 1, 'prev_value': None, 'change': True}
2025-04-13 15:20:02,322 : INFO : EventManager : Event: ======'machine_var_audits_switches_s_trough_ball_4'====== Args={'value': 0, 'prev_value': None, 'change': True}
2025-04-13 15:20:02,322 : INFO : EventManager : Event: ======'machine_var_audits_switches_s_trough_ball_5'====== Args={'value': 0, 'prev_value': None, 'change': True}
2025-04-13 15:20:02,322 : INFO : EventManager : Event: ======'machine_var_audits_switches_s_trough_ball_6'====== Args={'value': 1, 'prev_value': None, 'change': True}
2025-04-13 15:20:02,322 : INFO : EventManager : Event: ======'machine_var_audits_switches_s_trough_ball_jam'====== Args={'value': 282, 'prev_value': None, 'change': True}
2025-04-13 15:20:02,322 : INFO : EventManager : Event: ======'machine_var_audits_switches_s_trough_eject_coil'====== Args={'value': 0, 'prev_value': None, 'change': True}
2025-04-13 15:20:02,322 : INFO : EventManager : Event: ======'machine_var_audits_switches_s_up_button'====== Args={'value': 0, 'prev_value': None, 'change': True}
2025-04-13 15:20:02,324 : INFO : EventManager : Event: ======'init_phase_5'====== Args={}
2025-04-13 15:20:02,324 : INFO : EventManager : Event: ======'init_done'====== Args={}
2025-04-13 15:20:02,325 : INFO : EventManager : Event: ======'machine_reset_phase_1'====== Args={}
2025-04-13 15:20:02,340 : INFO : EventManager : Event: ======'machine_reset_phase_2'====== Args={}
2025-04-13 15:20:02,341 : INFO : EventManager : Event: ======'machine_reset_phase_3'====== Args={}
2025-04-13 15:20:02,342 : INFO : EventManager : Event: ======'mode_tilt_will_start'====== Args={'queue': <QueuedEvent>}
2025-04-13 15:20:02,342 : INFO : EventManager : Event: ======'mode_tilt_starting'====== Args={'queue': <QueuedEvent>}
2025-04-13 15:20:02,342 : INFO : EventManager : Event: ======'mode_attract_will_start'====== Args={'queue': <QueuedEvent>}
2025-04-13 15:20:02,343 : INFO : EventManager : Event: ======'mode_attract_starting'====== Args={'queue': <QueuedEvent>}
2025-04-13 15:20:02,343 : INFO : EventManager : Event: ======'diverter_diverter_deactivating'====== Args={}
2025-04-13 15:20:02,343 : INFO : coil.c_diverter : Disabling Driver
2025-04-13 15:20:02,344 : INFO : Mode.attract : Started. Priority: 10
2025-04-13 15:20:02,344 : INFO : EventManager : Event: ======'modes_active_modes_changed'====== Args={}
2025-04-13 15:20:02,344 : INFO : EventManager : Event: ======'mode_attract_started'====== Args={'queue': <QueuedEvent>}
2025-04-13 15:20:02,344 : INFO : Mode.tilt : Started. Priority: 1000000
2025-04-13 15:20:02,344 : INFO : EventManager : Event: ======'modes_active_modes_changed'====== Args={}
2025-04-13 15:20:02,344 : INFO : EventManager : Event: ======'mode_tilt_started'====== Args={'queue': <QueuedEvent>}
2025-04-13 15:20:02,345 : INFO : EventManager : Event: ======'reset_complete'====== Args={}
2025-04-13 15:20:02,347 : INFO : Machine : Starting the main run loop.
2025-04-13 15:20:02,437 : INFO : EventManager : Event: ======'slide_attract_created'====== Args={'_from_bcp': True}
2025-04-13 15:20:02,437 : INFO : EventManager : Event: ======'slide__removed'====== Args={'_from_bcp': True}
2025-04-13 15:20:02,437 : INFO : EventManager : Event: ======'slide_attract_active'====== Args={'original_context': 'attract', 'original_calling_context': 'mode_attract_started', 'priority': 10.0, 'queue': '<QueuedEvent>', 'cmd': 'slides_play', '_from_bcp': True}
2025-04-13 15:20:06,437 : INFO : SwitchController : <<<<<<< 's_start_button' inactive >>>>>>>
2025-04-13 15:20:06,559 : INFO : SwitchController : <<<<<<< 's_start_button' active >>>>>>>
2025-04-13 15:20:06,559 : INFO : EventManager : Event: ======'s_start_button_active'====== Args={}
2025-04-13 15:20:06,559 : INFO : Mode.attract : Start button pressed. Starting game...
2025-04-13 15:20:06,560 : INFO : EventManager : Event: ======'request_to_start_game'====== Args={}
2025-04-13 15:20:06,560 : INFO : EventManager : Event: ======'game_start'====== Args={'priority': 0}
2025-04-13 15:20:06,560 : INFO : EventManager : Event: ======'mode_game_will_start'====== Args={'priority': 0}
2025-04-13 15:20:06,561 : INFO : EventManager : Event: ======'mode_game_starting'====== Args={'priority': 0}
2025-04-13 15:20:06,561 : INFO : EventManager : Event: ======'mode_attract_will_stop'====== Args={}
2025-04-13 15:20:06,561 : INFO : EventManager : Event: ======'mode_attract_stopping'====== Args={}
2025-04-13 15:20:06,561 : INFO : Mode.attract : Stopped.
2025-04-13 15:20:06,561 : INFO : EventManager : Event: ======'modes_active_modes_changed'====== Args={}
2025-04-13 15:20:06,561 : INFO : EventManager : Event: ======'mode_attract_stopped'====== Args={}
2025-04-13 15:20:06,561 : INFO : EventManager : Event: ======'clear'====== Args={'key': 'attract'}
2025-04-13 15:20:06,561 : INFO : Mode.game : Started. Priority: 20
2025-04-13 15:20:06,561 : INFO : EventManager : Event: ======'modes_active_modes_changed'====== Args={}
2025-04-13 15:20:06,561 : INFO : EventManager : Event: ======'mode_game_started'====== Args={'priority': 0}
2025-04-13 15:20:06,562 : INFO : EventManager : Event: ======'game_will_start'====== Args={}
2025-04-13 15:20:06,562 : INFO : EventManager : Event: ======'game_starting'====== Args={'game': <Mode.game>}
2025-04-13 15:20:06,563 : INFO : EventManager : Unordered handler for class <Auditor> on event game_ended with priority 1. Handlers: [RegisteredHandler(callback=<bound method Auditor.disable of <Auditor>>, priority=1, kwargs={}, key=UUID('3311720b-e55c-4640-81f6-2eecf72fce90'), condition=None, blocking_facility=None), RegisteredHandler(callback=<bound method Auditor._save_audits of <Auditor>>, priority=1, kwargs={}, key=UUID('f4c9827a-c266-4a0a-9f9a-a784ce95a9de'), condition=None, blocking_facility=None)]. The order of those handlers is not defined and they will be executed in random order. This might lead to race conditions and potential bugs.
2025-04-13 15:20:06,564 : INFO : EventManager : Event: ======'player_add_request'====== Args={}
2025-04-13 15:20:06,564 : INFO : EventManager : Event: ======'player_will_add'====== Args={'number': 1}
2025-04-13 15:20:06,564 : INFO : EventManager : Event: ======'player_adding'====== Args={'player': <Player 1>, 'number': 1}
2025-04-13 15:20:06,564 : INFO : EventManager : Event: ======'player_added'====== Args={'player': <Player 1>, 'num': 1}
2025-04-13 15:20:06,564 : INFO : Mode.game : Player added successfully. Total players: 1
2025-04-13 15:20:06,565 : INFO : EventManager : Event: ======'player_index'====== Args={'value': 0, 'prev_value': 0, 'change': 0, 'player_num': 1}
2025-04-13 15:20:06,565 : INFO : EventManager : Event: ======'player_number'====== Args={'value': 1, 'prev_value': 1, 'change': 0, 'player_num': 1}
2025-04-13 15:20:06,565 : INFO : EventManager : Event: ======'player_game_mode_active'====== Args={'value': 0, 'prev_value': 0, 'change': 0, 'player_num': 1}
2025-04-13 15:20:06,565 : INFO : EventManager : Event: ======'player_current_game_mode'====== Args={'value': 'None', 'prev_value': 'None', 'change': False, 'player_num': 1}
2025-04-13 15:20:06,565 : INFO : EventManager : Event: ======'player_phase1_complete'====== Args={'value': 0, 'prev_value': 0, 'change': 0, 'player_num': 1}
2025-04-13 15:20:06,565 : INFO : EventManager : Event: ======'player_dog_hunt_complete'====== Args={'value': 0, 'prev_value': 0, 'change': 0, 'player_num': 1}
2025-04-13 15:20:06,565 : INFO : EventManager : Event: ======'player_discovery_complete'====== Args={'value': 0, 'prev_value': 0, 'change': 0, 'player_num': 1}
2025-04-13 15:20:06,565 : INFO : EventManager : Event: ======'player_infected_complete'====== Args={'value': 0, 'prev_value': 0, 'change': 0, 'player_num': 1}
2025-04-13 15:20:06,566 : INFO : EventManager : Event: ======'player_blood_test_complete'====== Args={'value': 0, 'prev_value': 0, 'change': 0, 'player_num': 1}
2025-04-13 15:20:06,566 : INFO : EventManager : Event: ======'player_spider_head_complete'====== Args={'value': 0, 'prev_value': 0, 'change': 0, 'player_num': 1}
2025-04-13 15:20:06,566 : INFO : EventManager : Event: ======'player_wizard_complete'====== Args={'value': 0, 'prev_value': 0, 'change': 0, 'player_num': 1}
2025-04-13 15:20:06,566 : INFO : EventManager : Event: ======'player_ball_lock_complete'====== Args={'value': 0, 'prev_value': 0, 'change': 0, 'player_num': 1}
2025-04-13 15:20:06,566 : INFO : EventManager : Event: ======'player_multiball_complete'====== Args={'value': 0, 'prev_value': 0, 'change': 0, 'player_num': 1}
2025-04-13 15:20:06,567 : INFO : EventManager : Event: ======'player_spinner_value'====== Args={'value': 0, 'prev_value': 0, 'change': 0, 'player_num': 1}
2025-04-13 15:20:06,567 : INFO : EventManager : Event: ======'player_pop_bumper_value'====== Args={'value': 0, 'prev_value': 0, 'change': 0, 'player_num': 1}
2025-04-13 15:20:06,567 : INFO : EventManager : Event: ======'player_newton_shots'====== Args={'value': 0, 'prev_value': 0, 'change': 0, 'player_num': 1}
2025-04-13 15:20:06,567 : INFO : EventManager : Event: ======'player_locked_balls'====== Args={'value': 0, 'prev_value': 0, 'change': 0, 'player_num': 1}
2025-04-13 15:20:06,567 : INFO : EventManager : Event: ======'player_balls_in_play'====== Args={'value': 1, 'prev_value': 1, 'change': 0, 'player_num': 1}
2025-04-13 15:20:06,567 : INFO : EventManager : Event: ======'player_jackpot_value'====== Args={'value': 10000, 'prev_value': 10000, 'change': 0, 'player_num': 1}
2025-04-13 15:20:06,567 : INFO : EventManager : Event: ======'player_left_ramp_hits'====== Args={'value': 0, 'prev_value': 0, 'change': 0, 'player_num': 1}
2025-04-13 15:20:06,567 : INFO : EventManager : Event: ======'player_left_ramp_lock_hits'====== Args={'value': 0, 'prev_value': 0, 'change': 0, 'player_num': 1}
2025-04-13 15:20:06,567 : INFO : EventManager : Event: ======'player_spinner_hits'====== Args={'value': 0, 'prev_value': 0, 'change': 0, 'player_num': 1}
2025-04-13 15:20:06,567 : INFO : EventManager : Event: ======'player_pop_bumper_wizard'====== Args={'value': 0, 'prev_value': 0, 'change': 0, 'player_num': 1}
2025-04-13 15:20:06,567 : INFO : EventManager : Event: ======'player_ball_lock_active'====== Args={'value': 0, 'prev_value': 0, 'change': 0, 'player_num': 1}
2025-04-13 15:20:06,567 : INFO : EventManager : Event: ======'player_super_jackpot_value'====== Args={'value': 100000, 'prev_value': 100000, 'change': 0, 'player_num': 1}
2025-04-13 15:20:06,567 : INFO : EventManager : Event: ======'player_jackpot_state'====== Args={'value': 0, 'prev_value': 0, 'change': 0, 'player_num': 1}
2025-04-13 15:20:06,567 : INFO : EventManager : Event: ======'player_right_ramp_valid'====== Args={'value': 0, 'prev_value': 0, 'change': 0, 'player_num': 1}
2025-04-13 15:20:06,567 : INFO : EventManager : Event: ======'player_score'====== Args={'value': 0, 'prev_value': 0, 'change': 0, 'player_num': 1}
2025-04-13 15:20:06,568 : INFO : EventManager : Event: ======'game_started'====== Args={}
2025-04-13 15:20:06,569 : INFO : drop_target_bank.vuk_bank : All targets are already up. Will not reset bank.
2025-04-13 15:20:06,569 : INFO : EventManager : Event: ======'setup_game_variables'====== Args={'priority': 0}
2025-04-13 15:20:06,570 : INFO : EventManager : Event: ======'player_turn_will_start'====== Args={'player': <Player 1>, 'number': 1}
2025-04-13 15:20:06,570 : INFO : EventManager : Event: ======'player_turn_starting'====== Args={'player': <Player 1>, 'number': 1}
2025-04-13 15:20:06,571 : INFO : EventManager : Event: ======'player_ball'====== Args={'value': 1, 'prev_value': 0, 'change': 1, 'player_num': 1}
2025-04-13 15:20:06,571 : INFO : EventManager : Event: ======'player_turn_started'====== Args={'player': <Player 1>, 'number': 1}
2025-04-13 15:20:06,572 : INFO : EventManager : Event: ======'ball_will_start'====== Args={'player': 1, 'ball': 1, 'balls_remaining': 2, 'is_extra_ball': False}
2025-04-13 15:20:06,572 : INFO : EventManager : Event: ======'ball_starting'====== Args={'player': 1, 'ball': 1, 'balls_remaining': 2, 'is_extra_ball': False}
2025-04-13 15:20:06,572 : INFO : EventManager : Event: ======'mode_base_will_start'====== Args={'queue': <QueuedEvent>, 'player': 1, 'ball': 1, 'balls_remaining': 2, 'is_extra_ball': False}
2025-04-13 15:20:06,573 : INFO : EventManager : Event: ======'player_base_mode_timer_tick'====== Args={'value': 60, 'prev_value': 0, 'change': 60, 'player_num': 1}
2025-04-13 15:20:06,576 : INFO : EventManager : Event: ======'mode_base_starting'====== Args={'queue': <QueuedEvent>, 'player': 1, 'ball': 1, 'balls_remaining': 2, 'is_extra_ball': False}
2025-04-13 15:20:06,577 : INFO : EventManager : Event: ======'bd_trough_eject'====== Args={'priority': 0}
2025-04-13 15:20:06,577 : INFO : Mode.base : Started. Priority: 100
2025-04-13 15:20:06,578 : INFO : EventManager : Event: ======'modes_active_modes_changed'====== Args={}
2025-04-13 15:20:06,578 : INFO : EventManager : Event: ======'mode_base_started'====== Args={'queue': <QueuedEvent>, 'player': 1, 'ball': 1, 'balls_remaining': 2, 'is_extra_ball': False}
2025-04-13 15:20:06,578 : INFO : EventManager : Event: ======'balls_in_play'====== Args={'balls': 1}
2025-04-13 15:20:06,578 : INFO : EventManager : Event: ======'ball_started'====== Args={'player': 1, 'ball': 1, 'balls_remaining': 2, 'is_extra_ball': False}
2025-04-13 15:20:06,579 : INFO : EventManager : Event: ======'mode_mode_switcher_will_start'====== Args={'player': 1, 'ball': 1, 'balls_remaining': 2, 'is_extra_ball': False}
2025-04-13 15:20:06,579 : INFO : EventManager : Event: ======'mode_mode_switcher_starting'====== Args={'player': 1, 'ball': 1, 'balls_remaining': 2, 'is_extra_ball': False}
2025-04-13 15:20:06,580 : INFO : EventManager : Event: ======'ball_save_ball_save_enabled'====== Args={}
2025-04-13 15:20:06,580 : INFO : EventManager : Event: ======'logicblock_spinner_value_updated'====== Args={'value': 0, 'enabled': True}
2025-04-13 15:20:06,580 : INFO : EventManager : Event: ======'logicblock_newton_hit_counter_updated'====== Args={'value': 0, 'enabled': True}
2025-04-13 15:20:06,580 : INFO : EventManager : Event: ======'logicblock_diverter_pattern_updated'====== Args={'value': 0, 'enabled': True}
2025-04-13 15:20:06,580 : INFO : EventManager : Event: ======'logicblock_blood_target_counter_updated'====== Args={'value': 0, 'enabled': True}
2025-04-13 15:20:06,580 : INFO : drop_target_bank.vuk_bank : All targets are already up. Will not reset bank.
2025-04-13 15:20:06,580 : INFO : EventManager : Event: ======'logicblock_blood_target_counter_updated'====== Args={'value': 0, 'enabled': True}
2025-04-13 15:20:06,580 : INFO : EventManager : Event: ======'logicblock_blood_target_counter_updated'====== Args={'value': 0, 'enabled': True}
2025-04-13 15:20:06,582 : INFO : EventManager : Event: ======'reset_player_shot_counters'====== Args={'priority': 0}
2025-04-13 15:20:06,582 : INFO : EventManager : Event: ======'pulse_upramp_on_start'====== Args={'priority': 0}
2025-04-13 15:20:06,582 : INFO : coil.c_upramp : Pulsing Driver for 30ms (1.0 pulse_power)
2025-04-13 15:20:06,582 : INFO : Mode.mode_switcher : Started. Priority: 500
2025-04-13 15:20:06,582 : INFO : EventManager : Event: ======'modes_active_modes_changed'====== Args={}
2025-04-13 15:20:06,582 : INFO : EventManager : Event: ======'mode_mode_switcher_started'====== Args={'player': 1, 'ball': 1, 'balls_remaining': 2, 'is_extra_ball': False}
2025-04-13 15:20:06,582 : INFO : Mode.mode_switcher : Mode Switcher started
2025-04-13 15:20:06,583 : INFO : EventManager : Event: ======'machine_var_qualified_mode'====== Args={'value': 'none', 'prev_value': 'None', 'change': True}
2025-04-13 15:20:06,583 : INFO : EventManager : Event: ======'single_player_ball_started'====== Args={}
2025-04-13 15:20:06,590 : INFO : EventManager : Event: ======'ball_start_target'====== Args={'target': 'playfield'}
2025-04-13 15:20:06,590 : INFO : ball_device.bd_shooter_lane : Setting up player-controlled eject. Balls: 1, Target: <playfield.playfield>, player_controlled_eject_event: None
2025-04-13 15:20:06,590 : INFO : EventManager : Event: ======'balldevice_balls_available'====== Args={}
2025-04-13 15:20:06,591 : INFO : ball_device.bd_trough : State: waiting_for_target_ready
2025-04-13 15:20:06,591 : INFO : EventManager : Event: ======'balldevice_bd_trough_ball_eject_attempt'====== Args={'balls': 1, 'target': <ball_device.bd_shooter_lane>, 'source': <ball_device.bd_trough>, 'mechanical_eject': True, 'num_attempts': 0}
2025-04-13 15:20:06,592 : INFO : ball_device.bd_shooter_lane : State: waiting_for_ball
2025-04-13 15:20:06,592 : INFO : ball_device.bd_trough : State: ejecting
2025-04-13 15:20:06,592 : INFO : ball_device.bd_trough : Ejecting ball to <ball_device.bd_shooter_lane>
2025-04-13 15:20:06,592 : INFO : EventManager : Event: ======'balldevice_bd_trough_ejecting_ball'====== Args={'balls': 1, 'target': <ball_device.bd_shooter_lane>, 'source': <ball_device.bd_trough>, 'mechanical_eject': True, 'num_attempts': 0}
2025-04-13 15:20:06,593 : INFO : ball_device.bd_trough : Wait for ball to leave device
2025-04-13 15:20:06,605 : INFO : coil.c_trough : Pulsing Driver for 25ms (1.0 pulse_power)
2025-04-13 15:20:06,638 : INFO : SwitchController : <<<<<<< 's_trough_ball_jam' active >>>>>>>
2025-04-13 15:20:06,638 : INFO : EventManager : Event: ======'machine_var_audits_switches_s_trough_ball_jam'====== Args={'value': 283, 'prev_value': 282, 'change': 1}
2025-04-13 15:20:06,640 : INFO : EventManager : Event: ======'slide_game_started_created'====== Args={'_from_bcp': True}
2025-04-13 15:20:06,641 : INFO : EventManager : Event: ======'slide_attract_inactive'====== Args={'is_removing': True, '_from_bcp': True}
2025-04-13 15:20:06,641 : INFO : EventManager : Event: ======'slide_game_started_active'====== Args={'original_context': 'game', 'original_calling_context': 'mode_game_started', 'priority': 20.0, 'cmd': 'slides_play', '_from_bcp': True}
2025-04-13 15:20:06,642 : INFO : EventManager : Event: ======'slide_attract_removed'====== Args={'_from_bcp': True}
2025-04-13 15:20:06,652 : INFO : SwitchController : <<<<<<< 's_trough_ball_jam' inactive >>>>>>>
2025-04-13 15:20:06,714 : INFO : SwitchController : <<<<<<< 's_trough_ball' inactive >>>>>>>
2025-04-13 15:20:06,714 : INFO : ball_device.bd_trough : State: ball_left
2025-04-13 15:20:06,715 : INFO : ball_device.bd_trough : Ball left
2025-04-13 15:20:06,715 : INFO : ball_device.bd_trough : Wait for confirm with timeout 3.0
2025-04-13 15:20:06,745 : INFO : SwitchController : <<<<<<< 's_trough_7' inactive >>>>>>>
2025-04-13 15:20:06,762 : INFO : SwitchController : <<<<<<< 's_trough_6' inactive >>>>>>>
2025-04-13 15:20:06,806 : INFO : SwitchController : <<<<<<< 's_trough_ball' active >>>>>>>
2025-04-13 15:20:06,806 : INFO : EventManager : Event: ======'machine_var_audits_switches_s_trough_ball'====== Args={'value': 254, 'prev_value': 253, 'change': 1}
2025-04-13 15:20:06,853 : INFO : SwitchController : <<<<<<< 's_trough_7' active >>>>>>>
2025-04-13 15:20:06,854 : INFO : EventManager : Event: ======'machine_var_audits_switches_s_trough_7'====== Args={'value': 217, 'prev_value': 216, 'change': 1}
2025-04-13 15:20:09,717 : INFO : ball_device.bd_trough : State: failed_confirm
2025-04-13 15:20:09,717 : INFO : ball_device.bd_trough : Got timeout (3.0s) before confirm from <ball_device.bd_shooter_lane>
2025-04-13 15:20:09,719 : INFO : ball_device.bd_shooter_lane : Expecting incoming ball which may skip the device.
2025-04-13 15:20:09,720 : INFO : EventManager : Event: ======'balldevice_bd_shooter_lane_ejecting_ball'====== Args={'balls': 1, 'target': <playfield.playfield>, 'source': <ball_device.bd_shooter_lane>, 'mechanical_eject': False, 'num_attempts': 1}
2025-04-13 15:20:14,726 : INFO : ball_device.bd_shooter_lane : Got confirm for skipping ball.
2025-04-13 15:20:14,726 : INFO : ball_device.bd_shooter_lane : Eject successful
2025-04-13 15:20:14,726 : INFO : EventManager : Event: ======'balldevice_bd_shooter_lane_ball_eject_success'====== Args={'balls': 1, 'target': <playfield.playfield>}
2025-04-13 15:20:14,727 : INFO : EventManager : Event: ======'ball_save_ball_save_timer_start'====== Args={}
2025-04-13 15:20:14,727 : INFO : EventManager : Event: ======'balldevice_playfield_ball_enter'====== Args={'new_balls': 1, 'unclaimed_balls': 1, 'device': <playfield.playfield>}
2025-04-13 15:20:14,727 : INFO : EventManager : Event: ======'playfield_ball_count_change'====== Args={'balls': 1, 'change': 1}
2025-04-13 15:20:14,727 : INFO : ball_device.bd_shooter_lane : State: idle
2025-04-13 15:20:14,727 : INFO : ball_device.bd_trough : Eject successful
2025-04-13 15:20:14,727 : INFO : EventManager : Event: ======'balldevice_bd_trough_ball_eject_success'====== Args={'balls': 1, 'target': <ball_device.bd_shooter_lane>}
2025-04-13 15:20:14,728 : INFO : EventManager : Event: ======'balldevice_bd_trough_ball_count_changed'====== Args={'balls': 2}
2025-04-13 15:20:14,728 : INFO : ball_device.bd_trough : State: idle
2025-04-13 15:20:14,758 : INFO : SwitchController : <<<<<<< 's_shooter_lane' active >>>>>>>
2025-04-13 15:20:14,758 : INFO : EventManager : Event: ======'machine_var_audits_switches_s_shooter_lane'====== Args={'value': 228, 'prev_value': 227, 'change': 1}
2025-04-13 15:20:14,804 : INFO : SwitchController : <<<<<<< 's_shooter_lane' inactive >>>>>>>
2025-04-13 15:20:14,835 : INFO : SwitchController : <<<<<<< 's_shooter_lane' active >>>>>>>
2025-04-13 15:20:14,835 : INFO : EventManager : Event: ======'machine_var_audits_switches_s_shooter_lane'====== Args={'value': 229, 'prev_value': 228, 'change': 1}
2025-04-13 15:20:15,135 : INFO : EventManager : Event: ======'balldevice_bd_shooter_lane_ball_count_changed'====== Args={'balls': 1}
2025-04-13 15:20:15,136 : INFO : ball_device.bd_shooter_lane : Received unexpected ball
2025-04-13 15:20:15,136 : INFO : EventManager : Event: ======'balldevice_captured_from_playfield'====== Args={'balls': 1}
2025-04-13 15:20:15,136 : INFO : EventManager : Event: ======'sw_playfield_active'====== Args={'balls': 1}
2025-04-13 15:20:15,136 : INFO : EventManager : Event: ======'playfield_ball_count_change'====== Args={'balls': 0, 'change': -1}
2025-04-13 15:20:15,138 : INFO : EventManager : Event: ======'balldevice_bd_shooter_lane_ball_enter'====== Args={'new_balls': 1, 'unclaimed_balls': 1, 'new_available_balls': 1, 'device': <ball_device.bd_shooter_lane>}
2025-04-13 15:20:15,139 : INFO : ball_device.bd_shooter_lane : Ejecting 1 unexpected balls using path deque([<ball_device.bd_shooter_lane>, <playfield.playfield>])
2025-04-13 15:20:15,139 : INFO : EventManager : Event: ======'balldevice_balls_available'====== Args={}
2025-04-13 15:20:15,139 : INFO : EventManager : Event: ======'balldevice_balls_available'====== Args={}
2025-04-13 15:20:15,139 : INFO : EventManager : Event: ======'balldevice_bd_shooter_lane_ball_entered'====== Args={'new_balls': 1, 'device': <ball_device.bd_shooter_lane>}
2025-04-13 15:20:15,140 : INFO : ball_device.bd_shooter_lane : State: waiting_for_target_ready
2025-04-13 15:20:15,140 : INFO : EventManager : Event: ======'balldevice_bd_shooter_lane_ball_eject_attempt'====== Args={'balls': 1, 'target': <playfield.playfield>, 'source': <ball_device.bd_shooter_lane>, 'mechanical_eject': False, 'num_attempts': 0}
2025-04-13 15:20:15,141 : INFO : ball_device.bd_shooter_lane : State: ejecting
2025-04-13 15:20:15,141 : INFO : ball_device.bd_shooter_lane : Ejecting ball to <playfield.playfield>
2025-04-13 15:20:15,141 : INFO : EventManager : Event: ======'balldevice_bd_shooter_lane_ejecting_ball'====== Args={'balls': 1, 'target': <playfield.playfield>, 'source': <ball_device.bd_shooter_lane>, 'mechanical_eject': False, 'num_attempts': 0}
2025-04-13 15:20:15,142 : INFO : ball_device.bd_shooter_lane : Wait for ball to leave device
2025-04-13 15:20:20,122 : INFO : EventManager : Event: ======'balldevice_bd_shooter_lane_ball_eject_failed'====== Args={'target': <playfield.playfield>, 'balls': 1, 'retry': True, 'num_attempts': 1}
2025-04-13 15:20:20,123 : INFO : ball_device.bd_shooter_lane : State: waiting_for_target_ready
2025-04-13 15:20:20,124 : INFO : EventManager : Event: ======'balldevice_bd_shooter_lane_ball_eject_attempt'====== Args={'balls': 1, 'target': <playfield.playfield>, 'source': <ball_device.bd_shooter_lane>, 'mechanical_eject': False, 'num_attempts': 1}
2025-04-13 15:20:20,125 : INFO : ball_device.bd_shooter_lane : State: ejecting
2025-04-13 15:20:20,125 : INFO : ball_device.bd_shooter_lane : Ejecting ball to <playfield.playfield>
2025-04-13 15:20:20,125 : INFO : EventManager : Event: ======'balldevice_bd_shooter_lane_ejecting_ball'====== Args={'balls': 1, 'target': <playfield.playfield>, 'source': <ball_device.bd_shooter_lane>, 'mechanical_eject': False, 'num_attempts': 1}
2025-04-13 15:20:20,127 : INFO : ball_device.bd_shooter_lane : Wait for ball to leave device
2025-04-13 15:20:21,723 : INFO : EventManager : Event: ======'ball_save_ball_save_hurry_up'====== Args={}
2025-04-13 15:20:24,719 : INFO : EventManager : Event: ======'ball_save_ball_save_grace_period'====== Args={}
2025-04-13 15:20:25,122 : INFO : EventManager : Event: ======'balldevice_bd_shooter_lane_ball_eject_failed'====== Args={'target': <playfield.playfield>, 'balls': 1, 'retry': True, 'num_attempts': 2}
2025-04-13 15:20:25,125 : INFO : ball_device.bd_shooter_lane : State: waiting_for_target_ready
2025-04-13 15:20:25,126 : INFO : EventManager : Event: ======'balldevice_bd_shooter_lane_ball_eject_attempt'====== Args={'balls': 1, 'target': <playfield.playfield>, 'source': <ball_device.bd_shooter_lane>, 'mechanical_eject': False, 'num_attempts': 2}
2025-04-13 15:20:25,126 : INFO : ball_device.bd_shooter_lane : State: ejecting
2025-04-13 15:20:25,127 : INFO : ball_device.bd_shooter_lane : Ejecting ball to <playfield.playfield>
2025-04-13 15:20:25,127 : INFO : EventManager : Event: ======'balldevice_bd_shooter_lane_ejecting_ball'====== Args={'balls': 1, 'target': <playfield.playfield>, 'source': <ball_device.bd_shooter_lane>, 'mechanical_eject': False, 'num_attempts': 2}
2025-04-13 15:20:25,129 : INFO : ball_device.bd_shooter_lane : Wait for ball to leave device
2025-04-13 15:20:26,726 : INFO : EventManager : Event: ======'ball_save_ball_save_disabled'====== Args={}
2025-04-13 15:20:30,124 : INFO : EventManager : Event: ======'balldevice_bd_shooter_lane_ball_eject_failed'====== Args={'target': <playfield.playfield>, 'balls': 1, 'retry': True, 'num_attempts': 3}
2025-04-13 15:20:30,126 : INFO : ball_device.bd_shooter_lane : State: waiting_for_target_ready
2025-04-13 15:20:30,126 : INFO : EventManager : Event: ======'balldevice_bd_shooter_lane_ball_eject_attempt'====== Args={'balls': 1, 'target': <playfield.playfield>, 'source': <ball_device.bd_shooter_lane>, 'mechanical_eject': False, 'num_attempts': 3}
2025-04-13 15:20:30,126 : INFO : ball_device.bd_shooter_lane : State: ejecting
2025-04-13 15:20:30,127 : INFO : ball_device.bd_shooter_lane : Ejecting ball to <playfield.playfield>
2025-04-13 15:20:30,127 : INFO : EventManager : Event: ======'balldevice_bd_shooter_lane_ejecting_ball'====== Args={'balls': 1, 'target': <playfield.playfield>, 'source': <ball_device.bd_shooter_lane>, 'mechanical_eject': False, 'num_attempts': 3}
2025-04-13 15:20:30,127 : INFO : ball_device.bd_shooter_lane : Wait for ball to leave device
2025-04-13 15:20:35,131 : INFO : EventManager : Event: ======'balldevice_bd_shooter_lane_ball_eject_failed'====== Args={'target': <playfield.playfield>, 'balls': 1, 'retry': True, 'num_attempts': 4}
2025-04-13 15:20:35,134 : INFO : ball_device.bd_shooter_lane : State: waiting_for_target_ready
2025-04-13 15:20:35,134 : INFO : EventManager : Event: ======'balldevice_bd_shooter_lane_ball_eject_attempt'====== Args={'balls': 1, 'target': <playfield.playfield>, 'source': <ball_device.bd_shooter_lane>, 'mechanical_eject': False, 'num_attempts': 4}
2025-04-13 15:20:35,134 : INFO : ball_device.bd_shooter_lane : State: ejecting
2025-04-13 15:20:35,135 : INFO : ball_device.bd_shooter_lane : Ejecting ball to <playfield.playfield>
2025-04-13 15:20:35,135 : INFO : EventManager : Event: ======'balldevice_bd_shooter_lane_ejecting_ball'====== Args={'balls': 1, 'target': <playfield.playfield>, 'source': <ball_device.bd_shooter_lane>, 'mechanical_eject': False, 'num_attempts': 4}
2025-04-13 15:20:35,137 : INFO : ball_device.bd_shooter_lane : Wait for ball to leave device
2025-04-13 15:20:40,128 : INFO : EventManager : Event: ======'balldevice_bd_shooter_lane_ball_eject_failed'====== Args={'target': <playfield.playfield>, 'balls': 1, 'retry': True, 'num_attempts': 5}
2025-04-13 15:20:40,133 : INFO : ball_device.bd_shooter_lane : State: waiting_for_target_ready
2025-04-13 15:20:40,134 : INFO : EventManager : Event: ======'balldevice_bd_shooter_lane_ball_eject_attempt'====== Args={'balls': 1, 'target': <playfield.playfield>, 'source': <ball_device.bd_shooter_lane>, 'mechanical_eject': False, 'num_attempts': 5}
2025-04-13 15:20:40,135 : INFO : ball_device.bd_shooter_lane : State: ejecting
2025-04-13 15:20:40,135 : INFO : ball_device.bd_shooter_lane : Ejecting ball to <playfield.playfield>
2025-04-13 15:20:40,135 : INFO : EventManager : Event: ======'balldevice_bd_shooter_lane_ejecting_ball'====== Args={'balls': 1, 'target': <playfield.playfield>, 'source': <ball_device.bd_shooter_lane>, 'mechanical_eject': False, 'num_attempts': 5}
2025-04-13 15:20:40,136 : INFO : ball_device.bd_shooter_lane : Wait for ball to leave device
2025-04-13 15:20:42,343 : INFO : Machine : Shutting down...
2025-04-13 15:20:42,343 : INFO : EventManager : Event: ======'shutdown'====== Args={}
2025-04-13 15:20:42,344 : INFO : EventManager : Event: ======'mode_game_will_stop'====== Args={}
2025-04-13 15:20:42,344 : INFO : EventManager : Event: ======'mode_game_stopping'====== Args={}
2025-04-13 15:20:42,345 : INFO : EventManager : Event: ======'mode_mode_switcher_will_stop'====== Args={}
2025-04-13 15:20:42,345 : INFO : EventManager : Event: ======'mode_mode_switcher_stopping'====== Args={}
2025-04-13 15:20:42,345 : INFO : EventManager : Event: ======'mode_base_will_stop'====== Args={}
2025-04-13 15:20:42,345 : INFO : EventManager : Event: ======'mode_base_stopping'====== Args={}
2025-04-13 15:20:42,345 : INFO : Mode.base : Stopped.
2025-04-13 15:20:42,345 : INFO : EventManager : Event: ======'modes_active_modes_changed'====== Args={}
2025-04-13 15:20:42,346 : INFO : EventManager : Event: ======'mode_base_stopped'====== Args={}
2025-04-13 15:20:42,346 : INFO : EventManager : Event: ======'clear'====== Args={'key': 'base'}
2025-04-13 15:20:42,346 : INFO : Timer.mode_timer : Stopping Timer
2025-04-13 15:20:42,346 : INFO : EventManager : Event: ======'timer_mode_timer_stopped'====== Args={'ticks': 60, 'ticks_remaining': 0}
2025-04-13 15:20:42,346 : INFO : Mode.mode_switcher : Stopped.
2025-04-13 15:20:42,346 : INFO : EventManager : Event: ======'modes_active_modes_changed'====== Args={}
2025-04-13 15:20:42,346 : INFO : EventManager : Event: ======'mode_mode_switcher_stopped'====== Args={}
2025-04-13 15:20:42,346 : INFO : EventManager : Event: ======'clear'====== Args={'key': 'mode_switcher'}
2025-04-13 15:20:42,346 : INFO : Mode.game : Stopped.
2025-04-13 15:20:42,346 : INFO : EventManager : Event: ======'modes_active_modes_changed'====== Args={}
2025-04-13 15:20:42,346 : INFO : EventManager : Event: ======'mode_game_stopped'====== Args={}
2025-04-13 15:20:42,346 : INFO : EventManager : Event: ======'clear'====== Args={'key': 'game'}
2025-04-13 15:20:42,449 : INFO : root : MPF run loop ended.
