2025-04-12 15:34:10,724 : INFO : root : Loading config.
2025-04-12 15:34:10,731 : INFO : YamlMultifileConfigLoader : Machine config file #1: config.yaml
2025-04-12 15:34:10,731 : INFO : ConfigProcessor : Loading config from cache: C:\Users\homebrew\AppData\Local\Temp\1ab83842b7c8ed7e1902272067ddcd2b.mpf_cache
2025-04-12 15:34:10,879 : DEBUG : YamlMultifileConfigLoader : Loading mode attract from C:\Users\homebrew\AppData\Local\Programs\Python\Python312\Lib\site-packages\mpf\modes\attract\config\attract.yaml
2025-04-12 15:34:10,879 : DEBUG : YamlMultifileConfigLoader : Loading mode attract from C:\Users\homebrew\AppData\Local\Programs\Python\Python312\Lib\site-packages\mpf\modes\attract\config\attract.yaml
2025-04-12 15:34:10,879 : INFO : ConfigProcessor : Loading config from cache: C:\Users\homebrew\AppData\Local\Temp\163fd46608d3c9469758c6512b5a030d.mpf_cache
2025-04-12 15:34:10,880 : DEBUG : YamlMultifileConfigLoader : Loading mode game from C:\Users\homebrew\AppData\Local\Programs\Python\Python312\Lib\site-packages\mpf\modes\game\config\game.yaml
2025-04-12 15:34:10,880 : DEBUG : YamlMultifileConfigLoader : Loading mode game from C:\Users\homebrew\AppData\Local\Programs\Python\Python312\Lib\site-packages\mpf\modes\game\config\game.yaml
2025-04-12 15:34:10,880 : INFO : ConfigProcessor : Loading config from cache: C:\Users\homebrew\AppData\Local\Temp\93e42568b1004e720dbdafbb285adaaa.mpf_cache
2025-04-12 15:34:10,882 : DEBUG : YamlMultifileConfigLoader : Loading mode base from C:\Users\homebrew\AppData\Local\Programs\Python\Python312\Lib\site-packages\mpf\modes\base\config\base.yaml
2025-04-12 15:34:10,883 : INFO : ConfigProcessor : Loading config from cache: C:\Users\homebrew\AppData\Local\Temp\5ffb3999d6de3e1d452090655c82bf2a.mpf_cache
2025-04-12 15:34:10,883 : DEBUG : YamlMultifileConfigLoader : Loading mode attract from C:\Users\homebrew\AppData\Local\Programs\Python\Python312\Lib\site-packages\mpf\modes\attract\config\attract.yaml
2025-04-12 15:34:10,884 : DEBUG : YamlMultifileConfigLoader : Loading mode attract from C:\Users\homebrew\AppData\Local\Programs\Python\Python312\Lib\site-packages\mpf\modes\attract\config\attract.yaml
2025-04-12 15:34:10,884 : INFO : ConfigProcessor : Loading config from cache: C:\Users\homebrew\AppData\Local\Temp\163fd46608d3c9469758c6512b5a030d.mpf_cache
2025-04-12 15:34:10,885 : DEBUG : YamlMultifileConfigLoader : Loading mode game from C:\Users\homebrew\AppData\Local\Programs\Python\Python312\Lib\site-packages\mpf\modes\game\config\game.yaml
2025-04-12 15:34:10,885 : DEBUG : YamlMultifileConfigLoader : Loading mode game from C:\Users\homebrew\AppData\Local\Programs\Python\Python312\Lib\site-packages\mpf\modes\game\config\game.yaml
2025-04-12 15:34:10,885 : INFO : ConfigProcessor : Loading config from cache: C:\Users\homebrew\AppData\Local\Temp\93e42568b1004e720dbdafbb285adaaa.mpf_cache
2025-04-12 15:34:10,886 : DEBUG : YamlMultifileConfigLoader : Loading mode service from C:\Users\homebrew\AppData\Local\Programs\Python\Python312\Lib\site-packages\mpf\modes\service\config\service.yaml
2025-04-12 15:34:10,886 : DEBUG : YamlMultifileConfigLoader : Loading mode service from C:\Users\homebrew\AppData\Local\Programs\Python\Python312\Lib\site-packages\mpf\modes\service\config\service.yaml
2025-04-12 15:34:10,887 : INFO : ConfigProcessor : Loading config from cache: C:\Users\homebrew\AppData\Local\Temp\8c668df6a84f4edcfda2189b877084c6.mpf_cache
2025-04-12 15:34:10,888 : DEBUG : YamlMultifileConfigLoader : Loading mode tilt from C:\Users\homebrew\AppData\Local\Programs\Python\Python312\Lib\site-packages\mpf\modes\tilt\config\tilt.yaml
2025-04-12 15:34:10,888 : INFO : ConfigProcessor : Loading config from cache: C:\Users\homebrew\AppData\Local\Temp\81d0f34cbd4c6d61cd4dad95e5100b6a.mpf_cache
2025-04-12 15:34:10,888 : DEBUG : YamlMultifileConfigLoader : Loading mode high_score from C:\Users\homebrew\AppData\Local\Programs\Python\Python312\Lib\site-packages\mpf\modes\high_score\config\high_score.yaml
2025-04-12 15:34:10,888 : DEBUG : YamlMultifileConfigLoader : Loading mode high_score from C:\Users\homebrew\AppData\Local\Programs\Python\Python312\Lib\site-packages\mpf\modes\high_score\config\high_score.yaml
2025-04-12 15:34:10,888 : INFO : ConfigProcessor : Loading config from cache: C:\Users\homebrew\AppData\Local\Temp\a714899e94406dd1f47e6e9bddbe0fef.mpf_cache
2025-04-12 15:34:10,890 : DEBUG : YamlMultifileConfigLoader : Loading mode match from C:\Users\homebrew\AppData\Local\Programs\Python\Python312\Lib\site-packages\mpf\modes\match\config\match.yaml
2025-04-12 15:34:10,890 : DEBUG : YamlMultifileConfigLoader : Loading mode match from C:\Users\homebrew\AppData\Local\Programs\Python\Python312\Lib\site-packages\mpf\modes\match\config\match.yaml
2025-04-12 15:34:10,891 : INFO : ConfigProcessor : Loading config from cache: C:\Users\homebrew\AppData\Local\Temp\fda2b21e4ff4c8a0b48d4f712bf7675f.mpf_cache
2025-04-12 15:34:10,891 : DEBUG : YamlMultifileConfigLoader : Loading mode mode_switcher from C:\Users\homebrew\AppData\Local\Programs\Python\Python312\Lib\site-packages\mpf\modes\mode_switcher\config\mode_switcher.yaml
2025-04-12 15:34:10,892 : INFO : ConfigProcessor : Loading config from cache: C:\Users\homebrew\AppData\Local\Temp\9cbbeec60769b6bc8d00b63a89255fac.mpf_cache
2025-04-12 15:34:10,892 : DEBUG : YamlMultifileConfigLoader : Loading mode dog_hunt from C:\Users\homebrew\AppData\Local\Programs\Python\Python312\Lib\site-packages\mpf\modes\dog_hunt\config\dog_hunt.yaml
2025-04-12 15:34:10,893 : INFO : ConfigProcessor : Loading config from cache: C:\Users\homebrew\AppData\Local\Temp\49c1bb27bb76c6488cf72d0e1887aaaa.mpf_cache
2025-04-12 15:34:10,894 : DEBUG : YamlMultifileConfigLoader : Loading mode discovery from C:\Users\homebrew\AppData\Local\Programs\Python\Python312\Lib\site-packages\mpf\modes\discovery\config\discovery.yaml
2025-04-12 15:34:10,894 : INFO : ConfigProcessor : Loading config from cache: C:\Users\homebrew\AppData\Local\Temp\eb740da6f3772dcfe6d89e142f4972f9.mpf_cache
2025-04-12 15:34:10,895 : DEBUG : YamlMultifileConfigLoader : Loading mode infected from C:\Users\homebrew\AppData\Local\Programs\Python\Python312\Lib\site-packages\mpf\modes\infected\config\infected.yaml
2025-04-12 15:34:10,895 : INFO : ConfigProcessor : Loading config from cache: C:\Users\homebrew\AppData\Local\Temp\8e53cff45209557b74353625b1fb9c7d.mpf_cache
2025-04-12 15:34:10,896 : DEBUG : YamlMultifileConfigLoader : Loading mode blood_test from C:\Users\homebrew\AppData\Local\Programs\Python\Python312\Lib\site-packages\mpf\modes\blood_test\config\blood_test.yaml
2025-04-12 15:34:10,896 : INFO : ConfigProcessor : Loading config from cache: C:\Users\homebrew\AppData\Local\Temp\75ead186cfb0eee4579e59d5d273b950.mpf_cache
2025-04-12 15:34:10,897 : DEBUG : YamlMultifileConfigLoader : Loading mode spider_head from C:\Users\homebrew\AppData\Local\Programs\Python\Python312\Lib\site-packages\mpf\modes\spider_head\config\spider_head.yaml
2025-04-12 15:34:10,897 : INFO : ConfigProcessor : Loading config from cache: C:\Users\homebrew\AppData\Local\Temp\46ee3106793b7c66df6b24732de735de.mpf_cache
2025-04-12 15:34:10,898 : DEBUG : YamlMultifileConfigLoader : Loading mode wizard from C:\Users\homebrew\AppData\Local\Programs\Python\Python312\Lib\site-packages\mpf\modes\wizard\config\wizard.yaml
2025-04-12 15:34:10,898 : INFO : ConfigProcessor : Loading config from cache: C:\Users\homebrew\AppData\Local\Temp\a6f0737b5bca2a955dd9d538ee17b581.mpf_cache
2025-04-12 15:34:10,899 : DEBUG : YamlMultifileConfigLoader : Loading mode multiball from C:\Users\homebrew\AppData\Local\Programs\Python\Python312\Lib\site-packages\mpf\modes\multiball\config\multiball.yaml
2025-04-12 15:34:10,899 : INFO : ConfigProcessor : Loading config from cache: C:\Users\homebrew\AppData\Local\Temp\72ccc58689b118af298151666e9c5198.mpf_cache
2025-04-12 15:34:10,900 : DEBUG : YamlMultifileConfigLoader : Loading mode ball_lock from C:\Users\homebrew\AppData\Local\Programs\Python\Python312\Lib\site-packages\mpf\modes\ball_lock\config\ball_lock.yaml
2025-04-12 15:34:10,900 : INFO : ConfigProcessor : Loading config from cache: C:\Users\homebrew\AppData\Local\Temp\082c9c49689a7facf0c58e67d77b7f58.mpf_cache
2025-04-12 15:34:10,901 : INFO : Machine : Mission Pinball Framework Core Engine v0.80.0.dev4
2025-04-12 15:34:10,902 : INFO : Machine : Command line arguments: {'no_load_cache': False, 'create_config_cache': True, 'bcp': True, 'configfile': ['config.yaml'], 'force_assets_load': False, 'platform_integration_test': False, 'jsonlogging': False, 'logfile': 'logs\\2025-04-12-15-34-10-mpf-mpf.log', 'pause': False, 'production': False, 'text_ui': False, 'loglevel': 10, 'consoleloglevel': 20, 'force_platform': None, 'syslog_address': None, 'mc_file_name': None, 'no_sound': False, 'full_logfile_path': 'C:\\Users\\homebrew\\Documents\\GitHub\\Thing_Pinball\\logs\\2025-04-12-15-34-10-mpf-mpf.log'}
2025-04-12 15:34:10,902 : INFO : Machine : MPF path: C:\Users\homebrew\AppData\Local\Programs\Python\Python312\Lib\site-packages\mpf
2025-04-12 15:34:10,902 : INFO : Machine : Machine path: C:\Users\homebrew\Documents\GitHub\Thing_Pinball
2025-04-12 15:34:10,902 : INFO : Machine : Platform: win32
2025-04-12 15:34:10,902 : INFO : Machine : Python executable location: C:\Users\homebrew\AppData\Local\Programs\Python\Python312\python.exe
2025-04-12 15:34:10,902 : INFO : Machine : Python version: 3.12.3 (64-bit)
2025-04-12 15:34:10,903 : DEBUG : asyncio : Using proactor: IocpProactor
2025-04-12 15:34:10,904 : INFO : Machine : Initializing MPF...
2025-04-12 15:34:11,033 : DEBUG : TextUi : Text UI is disabled. TUI option setting: False, Asciimatics loaded: <class 'asciimatics.scene.Scene'>
2025-04-12 15:34:11,054 : INFO : FAST [NET] : Trying to connect to com4 at 921600bps
2025-04-12 15:34:11,060 : INFO : FAST [NET] : Connected to com4 at 921600bps
2025-04-12 15:34:11,077 : INFO : FAST [NET] : Connected to FP-CPU-2000 with firmware v02.21
2025-04-12 15:34:11,109 : INFO : FAST [NET] : Registered I/O Board 0: Model: FP-I/O-0024, Firmware: 01.10, Switches: 24, Drivers: 8
2025-04-12 15:34:11,125 : INFO : FAST [NET] : Registered I/O Board 1: Model: FP-I/O-3208, Firmware: 01.10, Switches: 32, Drivers: 8
2025-04-12 15:34:11,140 : INFO : FAST [NET] : Registered I/O Board 2: Model: FP-I/O-0804, Firmware: 01.10, Switches: 8, Drivers: 4
2025-04-12 15:34:11,156 : INFO : FAST [NET] : Registered I/O Board 3: Model: FP-I/O-0804, Firmware: 01.10, Switches: 8, Drivers: 4
2025-04-12 15:34:11,156 : INFO : EventManager : Event: ======'machine_var_credits_string'====== Args={'value': 'FREE PLAY', 'prev_value': None, 'change': True}
2025-04-12 15:34:11,208 : DEBUG : YAML File Interface : Loading file: C:\Users\homebrew\Documents\GitHub\Thing_Pinball\data/machine_vars.yaml
2025-04-12 15:34:11,214 : INFO : EventManager : Event: ======'machine_var_game_mode_ball_lock_complete'====== Args={'value': 0, 'prev_value': None, 'change': True}
2025-04-12 15:34:11,214 : INFO : EventManager : Event: ======'machine_var_game_mode_blood_test_complete'====== Args={'value': 0, 'prev_value': None, 'change': True}
2025-04-12 15:34:11,214 : INFO : EventManager : Event: ======'machine_var_game_mode_discovery_complete'====== Args={'value': 0, 'prev_value': None, 'change': True}
2025-04-12 15:34:11,214 : INFO : EventManager : Event: ======'machine_var_game_mode_dog_hunt_complete'====== Args={'value': 1, 'prev_value': None, 'change': True}
2025-04-12 15:34:11,214 : INFO : EventManager : Event: ======'machine_var_game_mode_infected_complete'====== Args={'value': 0, 'prev_value': None, 'change': True}
2025-04-12 15:34:11,214 : INFO : EventManager : Event: ======'machine_var_game_mode_multiball_complete'====== Args={'value': 0, 'prev_value': None, 'change': True}
2025-04-12 15:34:11,215 : INFO : EventManager : Event: ======'machine_var_game_mode_spider_head_complete'====== Args={'value': 0, 'prev_value': None, 'change': True}
2025-04-12 15:34:11,215 : INFO : EventManager : Event: ======'machine_var_game_mode_wizard_complete'====== Args={'value': 0, 'prev_value': None, 'change': True}
2025-04-12 15:34:11,215 : INFO : EventManager : Event: ======'machine_var_master_volume'====== Args={'value': 0.5, 'prev_value': None, 'change': True}
2025-04-12 15:34:11,215 : INFO : EventManager : Event: ======'machine_var_qualified_mode'====== Args={'value': 'None', 'prev_value': None, 'change': True}
2025-04-12 15:34:11,215 : INFO : EventManager : Event: ======'machine_var_mpf_version'====== Args={'value': 'Mission Pinball Framework v0.80.0.dev4', 'prev_value': None, 'change': True}
2025-04-12 15:34:11,215 : INFO : EventManager : Event: ======'machine_var_mpf_extended_version'====== Args={'value': 'Mission Pinball Framework v0.80.0.dev4, Config version:6, Show version: 6, BCP version:1.1', 'prev_value': None, 'change': True}
2025-04-12 15:34:11,215 : INFO : EventManager : Event: ======'machine_var_python_version'====== Args={'value': '3.12.3', 'prev_value': None, 'change': True}
2025-04-12 15:34:11,453 : INFO : EventManager : Event: ======'machine_var_platform'====== Args={'value': 'Windows-11-10.0.26100-SP0', 'prev_value': None, 'change': True}
2025-04-12 15:34:11,453 : INFO : EventManager : Event: ======'machine_var_platform_system'====== Args={'value': 'Windows', 'prev_value': None, 'change': True}
2025-04-12 15:34:11,453 : INFO : EventManager : Event: ======'machine_var_platform_release'====== Args={'value': '11', 'prev_value': None, 'change': True}
2025-04-12 15:34:11,453 : INFO : EventManager : Event: ======'machine_var_platform_version'====== Args={'value': '10.0.26100', 'prev_value': None, 'change': True}
2025-04-12 15:34:11,453 : INFO : EventManager : Event: ======'machine_var_platform_machine'====== Args={'value': 'AMD64', 'prev_value': None, 'change': True}
2025-04-12 15:34:11,453 : INFO : EventManager : Event: ======'machine_var_log_file_path'====== Args={'value': 'C:\\Users\\homebrew\\Documents\\GitHub\\Thing_Pinball\\logs\\2025-04-12-15-34-10-mpf-mpf.log', 'prev_value': None, 'change': True}
2025-04-12 15:34:11,454 : INFO : EventManager : Event: ======'init_phase_1'====== Args={}
2025-04-12 15:34:11,456 : DEBUG : ModeController : Loaded mode base
2025-04-12 15:34:11,464 : DEBUG : ModeController : Loaded mode attract
2025-04-12 15:34:11,468 : DEBUG : ModeController : Loaded mode discovery
2025-04-12 15:34:11,471 : DEBUG : ModeController : Loaded mode blood_test
2025-04-12 15:34:11,480 : DEBUG : ModeController : Loaded mode game
2025-04-12 15:34:11,485 : DEBUG : ModeController : Loaded mode service
2025-04-12 15:34:11,488 : DEBUG : ModeController : Loaded mode mode_switcher
2025-04-12 15:34:11,493 : DEBUG : ModeController : Loaded mode dog_hunt
2025-04-12 15:34:11,498 : DEBUG : ModeController : Loaded mode infected
2025-04-12 15:34:11,501 : DEBUG : ModeController : Loaded mode multiball
2025-04-12 15:34:11,504 : DEBUG : ModeController : Loaded mode high_score
2025-04-12 15:34:11,511 : DEBUG : ModeController : Loaded mode match
2025-04-12 15:34:11,515 : DEBUG : ModeController : Loaded mode ball_lock
2025-04-12 15:34:11,519 : DEBUG : ModeController : Loaded mode tilt
2025-04-12 15:34:11,525 : DEBUG : ModeController : Loaded mode spider_head
2025-04-12 15:34:11,529 : DEBUG : ModeController : Loaded mode wizard
2025-04-12 15:34:11,533 : WARNING : ConfigValidator : Unrecognized config setting. "fast_coils:c_diverter:pwm_on_ms" is not a valid setting name.
2025-04-12 15:34:11,533 : WARNING : ConfigValidator : Unrecognized config setting. "fast_coils:c_diverter:pwm_off_ms" is not a valid setting name.
2025-04-12 15:34:11,533 : WARNING : ConfigValidator : Unrecognized config setting. "fast_coils:c_up_post:pwm_on_ms" is not a valid setting name.
2025-04-12 15:34:11,533 : WARNING : ConfigValidator : Unrecognized config setting. "fast_coils:c_up_post:pwm_off_ms" is not a valid setting name.
2025-04-12 15:34:11,538 : DEBUG : ball_device.bd_trough : Configuring device with settings: '{'ball_switches': 's_trough_ball, s_trough_7, s_trough_6', 'eject_coil': 'c_trough', 'tags': ['trough', 'home', 'drain'], 'jam_switch': 's_trough_ball_jam', 'eject_timeouts': [3000], 'debug': True, 'eject_targets': [<ball_device.bd_shooter_lane>], 'confirm_eject_type': 'target', 'label': '%', 'console_log': 'full', 'file_log': 'full', 'entrance_events': {}, 'idle_missing_ball_timeout': 5.0, 'captures_from': <playfield.playfield>, 'ball_missing_timeouts': [], 'ball_missing_target': <playfield.playfield>, 'confirm_eject_switch': None, 'confirm_eject_event': None, 'max_eject_attempts': 0, 'request_ball_events': {}, 'eject_events': {}, 'eject_all_events': {}, 'mechanical_eject': False, 'player_controlled_eject_event': None, 'ball_search_order': 200, 'auto_fire_on_unexpected_ball': True, 'target_on_unexpected_ball': None}'
2025-04-12 15:34:11,539 : DEBUG : ball_device.bd_ball_lock : Configuring device with settings: '{'ball_switches': 's_ball_lock_1, s_ball_lock_2, s_ball_lock_3', 'eject_coil': 'c_up_post', 'tags': ['ball_lock'], 'eject_timeouts': [3000], 'confirm_eject_type': 'target', 'debug': True, 'auto_fire_on_unexpected_ball': False, 'eject_targets': [<playfield.playfield>], 'entrance_switch': 's_right_ramp_entry_1', 'entrance_switch_full_timeout': '3s', 'label': '%', 'console_log': 'full', 'file_log': 'full', 'entrance_events': {}, 'idle_missing_ball_timeout': 5.0, 'captures_from': <playfield.playfield>, 'ball_missing_timeouts': [], 'ball_missing_target': <playfield.playfield>, 'confirm_eject_switch': None, 'confirm_eject_event': None, 'max_eject_attempts': 0, 'request_ball_events': {}, 'eject_events': {}, 'eject_all_events': {}, 'mechanical_eject': False, 'player_controlled_eject_event': None, 'ball_search_order': 200, 'target_on_unexpected_ball': None}'
2025-04-12 15:34:11,539 : DEBUG : ball_device.bd_mode : Configuring device with settings: '{'ball_switches': 's_mode_opto', 'eject_coil': 'c_mode_vuk', 'eject_timeouts': [3000], 'confirm_eject_type': 'target', 'tags': ['captures_from_playfield'], 'debug': True, 'eject_targets': [<playfield.playfield>], 'entrance_events': {'mode_vuk_entrance': 0}, 'entrance_count_delay': '100ms', 'label': '%', 'console_log': 'full', 'file_log': 'full', 'idle_missing_ball_timeout': 5.0, 'captures_from': <playfield.playfield>, 'ball_missing_timeouts': [], 'ball_missing_target': <playfield.playfield>, 'confirm_eject_switch': None, 'confirm_eject_event': None, 'max_eject_attempts': 0, 'request_ball_events': {}, 'eject_events': {}, 'eject_all_events': {}, 'mechanical_eject': False, 'player_controlled_eject_event': None, 'ball_search_order': 200, 'auto_fire_on_unexpected_ball': True, 'target_on_unexpected_ball': None}'
2025-04-12 15:34:11,541 : DEBUG : diverter.diverter : Configuring device with settings: '{'activation_coil': <coil.c_diverter>, 'type': 'hold', 'activation_time': 3000, 'debug': True, 'activate_events': {'activate_diverter': 0, 'mode_ball_lock_started': 0}, 'label': '%', 'tags': [], 'console_log': 'full', 'file_log': 'full', 'activation_switches': [], 'allow_multiple_concurrent_ejects_to_same_side': True, 'cool_down_time': 0, 'deactivate_events': {}, 'deactivation_switches': [], 'deactivation_coil': None, 'disable_events': {}, 'disable_switches': [], 'enable_events': {}, 'feeder_devices': [<playfield.playfield>], 'reset_events': {'machine_reset_phase_3': 0}, 'targets_when_active': [<playfield.playfield>], 'targets_when_inactive': [<playfield.playfield>], 'ball_search_order': 100, 'ball_search_hold_time': 1000, 'playfield': <playfield.playfield>}'
2025-04-12 15:34:11,541 : WARNING : ConfigValidator : Unrecognized config setting. "ball_holds:mode_vuk_hold:auto_release_after" is not a valid setting name.
2025-04-12 15:34:11,541 : WARNING : ConfigValidator : Unrecognized config setting. "timed_switches:mode_vuk_delayed_eject:state_when_released" is not a valid setting name.
2025-04-12 15:34:11,542 : WARNING : ConfigValidator : Unrecognized config setting. "mode:base:timers:mode_timer:events_when_complete" is not a valid setting name.
2025-04-12 15:34:11,543 : WARNING : ConfigValidator : Unrecognized config setting. "mode:discovery:timers:discovery_timer:events_when_complete" is not a valid setting name.
2025-04-12 15:34:11,543 : WARNING : ConfigValidator : Unrecognized config setting. "mode:blood_test:timers:blood_test_timer:events_when_complete" is not a valid setting name.
2025-04-12 15:34:11,543 : WARNING : ConfigValidator : Unrecognized config setting. "mode:dog_hunt:timers:dog_hunt_timer:events_when_complete" is not a valid setting name.
2025-04-12 15:34:11,544 : WARNING : ConfigValidator : Unrecognized config setting. "mode:infected:timers:infected_timer:events_when_complete" is not a valid setting name.
2025-04-12 15:34:11,544 : WARNING : ConfigValidator : Unrecognized config setting. "mode:multiball:timers:multiball_jackpot_timer:events_when_complete" is not a valid setting name.
2025-04-12 15:34:11,544 : WARNING : ConfigValidator : Unrecognized config setting. "mode:multiball:timers:right_ramp_validity_timer:events_when_complete" is not a valid setting name.
2025-04-12 15:34:11,544 : WARNING : ConfigValidator : Unrecognized config setting. "mode:ball_lock:multiball_locks:ball_lock:full_event" is not a valid setting name.
2025-04-12 15:34:11,545 : WARNING : ConfigValidator : Unrecognized config setting. "mode:ball_lock:multiball_locks:ball_lock:replace_balls_in_play" is not a valid setting name.
2025-04-12 15:34:11,545 : WARNING : ConfigValidator : Unrecognized config setting. "mode:spider_head:timers:spider_head_timer:events_when_complete" is not a valid setting name.
2025-04-12 15:34:11,545 : WARNING : ConfigValidator : Unrecognized config setting. "mode:wizard:timers:wizard_timer:events_when_complete" is not a valid setting name.
2025-04-12 15:34:11,555 : INFO : EventManager : Event: ======'drop_target_bank_vuk_bank_up'====== Args={}
2025-04-12 15:34:11,556 : INFO : EventManager : Event: ======'logicblock_spinner_value_updated'====== Args={'value': 0, 'enabled': False}
2025-04-12 15:34:11,556 : INFO : EventManager : Event: ======'logicblock_newton_hit_counter_updated'====== Args={'value': 0, 'enabled': False}
2025-04-12 15:34:11,556 : INFO : EventManager : Event: ======'logicblock_diverter_pattern_updated'====== Args={'value': 0, 'enabled': False}
2025-04-12 15:34:11,556 : INFO : EventManager : Event: ======'logicblock_blood_target_counter_updated'====== Args={'value': 0, 'enabled': False}
2025-04-12 15:34:13,870 : WARNING : Machine : Iterating device collections directly is deprecated and will be removed. Access by value(): device_collections[switches] -> device_collections['switches'].values()
2025-04-12 15:34:13,870 : INFO : SwitchController : <<<<<<< 's_trough_6' active >>>>>>>
2025-04-12 15:34:13,870 : INFO : SwitchController : <<<<<<< 's_trough_7' active >>>>>>>
2025-04-12 15:34:13,871 : INFO : SwitchController : <<<<<<< 's_trough_ball' active >>>>>>>
2025-04-12 15:34:13,871 : INFO : SwitchController : <<<<<<< 's_ramp_up_1' active >>>>>>>
2025-04-12 15:34:13,871 : INFO : SwitchController : <<<<<<< 's_newton_opto_made' active >>>>>>>
2025-04-12 15:34:13,871 : INFO : SwitchController : <<<<<<< 's_start_button' active >>>>>>>
2025-04-12 15:34:13,872 : WARNING : ConfigValidator : Unrecognized config setting. "coil_player:enable_ms" is not a valid setting name.
2025-04-12 15:34:13,872 : WARNING : ConfigValidator : Unrecognized config setting. "coil_player:enable_ms" is not a valid setting name.
2025-04-12 15:34:13,876 : INFO : EventManager : Event: ======'init_phase_2'====== Args={}
2025-04-12 15:34:13,876 : INFO : SwitchController : Found active switch: (37, [FAST Platform Interface]) <switch.s_trough_6>
2025-04-12 15:34:13,876 : INFO : SwitchController : Found active switch: (38, [FAST Platform Interface]) <switch.s_trough_7>
2025-04-12 15:34:13,877 : INFO : SwitchController : Found active switch: (51, [FAST Platform Interface]) <switch.s_trough_ball>
2025-04-12 15:34:13,877 : INFO : SwitchController : Found active switch: (40, [FAST Platform Interface]) <switch.s_ramp_up_1>
2025-04-12 15:34:13,877 : INFO : SwitchController : Found active switch: (45, [FAST Platform Interface]) <switch.s_newton_opto_made>
2025-04-12 15:34:13,877 : INFO : SwitchController : Found active switch: (10, [FAST Platform Interface]) <switch.s_start_button>
2025-04-12 15:34:13,887 : WARNING : ConfigValidator : Unrecognized config setting. "slide_player:widgets" is not a valid setting name.
2025-04-12 15:34:13,887 : WARNING : ConfigValidator : Unrecognized config setting. "slide_player:widgets" is not a valid setting name.
2025-04-12 15:34:13,887 : WARNING : ConfigValidator : Unrecognized config setting. "slide_player:widgets" is not a valid setting name.
2025-04-12 15:34:13,887 : WARNING : ConfigValidator : Unrecognized config setting. "slide_player:widgets" is not a valid setting name.
2025-04-12 15:34:13,887 : WARNING : ConfigValidator : Unrecognized config setting. "slide_player:widgets" is not a valid setting name.
2025-04-12 15:34:13,887 : WARNING : ConfigValidator : Unrecognized config setting. "slide_player:widgets" is not a valid setting name.
2025-04-12 15:34:13,887 : WARNING : ConfigValidator : Unrecognized config setting. "slide_player:widgets" is not a valid setting name.
2025-04-12 15:34:13,887 : WARNING : ConfigValidator : Unrecognized config setting. "slide_player:widgets" is not a valid setting name.
2025-04-12 15:34:13,887 : WARNING : ConfigValidator : Unrecognized config setting. "slide_player:widgets" is not a valid setting name.
2025-04-12 15:34:13,887 : WARNING : ConfigValidator : Unrecognized config setting. "slide_player:widgets" is not a valid setting name.
2025-04-12 15:34:13,888 : WARNING : ConfigValidator : Unrecognized config setting. "slide_player:widgets" is not a valid setting name.
2025-04-12 15:34:13,888 : WARNING : ConfigValidator : Unrecognized config setting. "slide_player:widgets" is not a valid setting name.
2025-04-12 15:34:13,888 : WARNING : ConfigValidator : Unrecognized config setting. "slide_player:widgets" is not a valid setting name.
2025-04-12 15:34:13,888 : WARNING : ConfigValidator : Unrecognized config setting. "slide_player:widgets" is not a valid setting name.
2025-04-12 15:34:13,888 : WARNING : ConfigValidator : Unrecognized config setting. "slide_player:widgets" is not a valid setting name.
2025-04-12 15:34:13,888 : WARNING : ConfigValidator : Unrecognized config setting. "slide_player:widgets" is not a valid setting name.
2025-04-12 15:34:13,888 : WARNING : ConfigValidator : Unrecognized config setting. "slide_player:widgets" is not a valid setting name.
2025-04-12 15:34:13,888 : WARNING : ConfigValidator : Unrecognized config setting. "slide_player:widgets" is not a valid setting name.
2025-04-12 15:34:13,888 : WARNING : ConfigValidator : Unrecognized config setting. "slide_player:widgets" is not a valid setting name.
2025-04-12 15:34:13,888 : WARNING : ConfigValidator : Unrecognized config setting. "slide_player:widgets" is not a valid setting name.
2025-04-12 15:34:13,888 : WARNING : ConfigValidator : Unrecognized config setting. "slide_player:widgets" is not a valid setting name.
2025-04-12 15:34:13,888 : WARNING : ConfigValidator : Unrecognized config setting. "slide_player:widgets" is not a valid setting name.
2025-04-12 15:34:13,888 : WARNING : ConfigValidator : Unrecognized config setting. "slide_player:widgets" is not a valid setting name.
2025-04-12 15:34:13,888 : WARNING : ConfigValidator : Unrecognized config setting. "slide_player:widgets" is not a valid setting name.
2025-04-12 15:34:13,888 : WARNING : ConfigValidator : Unrecognized config setting. "slide_player:widgets" is not a valid setting name.
2025-04-12 15:34:13,888 : WARNING : ConfigValidator : Unrecognized config setting. "slide_player:widgets" is not a valid setting name.
2025-04-12 15:34:13,888 : WARNING : ConfigValidator : Unrecognized config setting. "slide_player:widgets" is not a valid setting name.
2025-04-12 15:34:13,888 : WARNING : ConfigValidator : Unrecognized config setting. "slide_player:widgets" is not a valid setting name.
2025-04-12 15:34:13,888 : WARNING : ConfigValidator : Unrecognized config setting. "slide_player:widgets" is not a valid setting name.
2025-04-12 15:34:13,890 : WARNING : ConfigValidator : Unrecognized config setting. "slide_player:widgets" is not a valid setting name.
2025-04-12 15:34:13,890 : WARNING : ConfigValidator : Unrecognized config setting. "slide_player:widgets" is not a valid setting name.
2025-04-12 15:34:13,890 : WARNING : ConfigValidator : Unrecognized config setting. "slide_player:widgets" is not a valid setting name.
2025-04-12 15:34:13,890 : WARNING : ConfigValidator : Unrecognized config setting. "slide_player:widgets" is not a valid setting name.
2025-04-12 15:34:13,891 : DEBUG : YAML File Interface : Loading file: C:\Users\homebrew\Documents\GitHub\Thing_Pinball\data/high_scores.yaml
2025-04-12 15:34:13,893 : WARNING : ConfigValidator : Unrecognized config setting. "high_score:events_when_complete" is not a valid setting name.
2025-04-12 15:34:13,893 : INFO : EventManager : Event: ======'machine_var_score1_label'====== Args={'value': 'GRAND CHAMPION', 'prev_value': None, 'change': True}
2025-04-12 15:34:13,893 : INFO : EventManager : Event: ======'machine_var_score1_name'====== Args={'value': 'THING', 'prev_value': None, 'change': True}
2025-04-12 15:34:13,893 : INFO : EventManager : Event: ======'machine_var_score1_value'====== Args={'value': 5000000, 'prev_value': None, 'change': True}
2025-04-12 15:34:13,894 : INFO : EventManager : Event: ======'machine_var_score2_label'====== Args={'value': 'HIGH SCORE 1', 'prev_value': None, 'change': True}
2025-04-12 15:34:13,894 : INFO : EventManager : Event: ======'machine_var_score2_name'====== Args={'value': 'MPF', 'prev_value': None, 'change': True}
2025-04-12 15:34:13,894 : INFO : EventManager : Event: ======'machine_var_score2_value'====== Args={'value': 4000000, 'prev_value': None, 'change': True}
2025-04-12 15:34:13,894 : INFO : EventManager : Event: ======'machine_var_score3_label'====== Args={'value': 'HIGH SCORE 2', 'prev_value': None, 'change': True}
2025-04-12 15:34:13,894 : INFO : EventManager : Event: ======'machine_var_score3_name'====== Args={'value': 'PINBALL', 'prev_value': None, 'change': True}
2025-04-12 15:34:13,894 : INFO : EventManager : Event: ======'machine_var_score3_value'====== Args={'value': 3000000, 'prev_value': None, 'change': True}
2025-04-12 15:34:13,894 : INFO : EventManager : Event: ======'machine_var_score4_label'====== Args={'value': 'HIGH SCORE 3', 'prev_value': None, 'change': True}
2025-04-12 15:34:13,894 : INFO : EventManager : Event: ======'machine_var_score4_name'====== Args={'value': 'WIZARD', 'prev_value': None, 'change': True}
2025-04-12 15:34:13,894 : INFO : EventManager : Event: ======'machine_var_score4_value'====== Args={'value': 2000000, 'prev_value': None, 'change': True}
2025-04-12 15:34:13,894 : INFO : EventManager : Event: ======'machine_var_score5_label'====== Args={'value': 'HIGH SCORE 4', 'prev_value': None, 'change': True}
2025-04-12 15:34:13,894 : INFO : EventManager : Event: ======'machine_var_score5_name'====== Args={'value': 'PLAYER', 'prev_value': None, 'change': True}
2025-04-12 15:34:13,894 : INFO : EventManager : Event: ======'machine_var_score5_value'====== Args={'value': 1000000, 'prev_value': None, 'change': True}
2025-04-12 15:34:13,894 : INFO : EventManager : Event: ======'bcp_connection_attempt'====== Args={'name': 'local_display', 'host': 'localhost', 'port': 5050}
2025-04-12 15:34:13,900 : INFO : EventManager : Event: ======'bcp_connection_attempt'====== Args={'name': 'godot', 'host': 'localhost', 'port': 5050}
2025-04-12 15:34:13,901 : INFO : BCPClientSocket : Connecting BCP to 'local_display' at localhost:5050...
2025-04-12 15:34:13,908 : INFO : BCPClientSocket : Connecting BCP to 'godot' at localhost:5050...
2025-04-12 15:34:13,925 : INFO : BCPClientSocket : Connected BCP to 'local_display' localhost:5050
2025-04-12 15:34:13,925 : INFO : BCPClientSocket : Connected BCP to 'godot' localhost:5050
2025-04-12 15:34:13,926 : INFO : EventManager : Event: ======'bcp_clients_connected'====== Args={}
2025-04-12 15:34:13,926 : DEBUG : ball_device.bd_trough : SC: Switch 's_trough_ball' changed too recently. Aborting count!
2025-04-12 15:34:14,380 : DEBUG : ball_device.bd_trough : SC: Counted 3 balls. Active switches: [<switch.s_trough_ball>, <switch.s_trough_7>, <switch.s_trough_6>]. Old: None
2025-04-12 15:34:14,380 : DEBUG : ball_device.bd_trough : SC: New count 3 last: None
2025-04-12 15:34:14,381 : INFO : ball_device.bd_trough : BCH: Initial count: 3
2025-04-12 15:34:14,381 : INFO : ball_device.bd_trough : State: idle
2025-04-12 15:34:14,381 : DEBUG : ball_device.bd_trough : Waiting for eject request.
2025-04-12 15:34:14,384 : INFO : ball_device.bd_shooter_lane : BCH: Initial count: 0
2025-04-12 15:34:14,385 : INFO : ball_device.bd_shooter_lane : State: idle
2025-04-12 15:34:14,386 : DEBUG : ball_device.bd_ball_lock : SC: Counted 0 balls. Active switches: []. Old: None
2025-04-12 15:34:14,386 : DEBUG : ball_device.bd_ball_lock : SC: New count 0 last: None
2025-04-12 15:34:14,386 : INFO : ball_device.bd_ball_lock : BCH: Initial count: 0
2025-04-12 15:34:14,386 : INFO : ball_device.bd_ball_lock : State: idle
2025-04-12 15:34:14,386 : DEBUG : ball_device.bd_ball_lock : Waiting for eject request.
2025-04-12 15:34:14,386 : DEBUG : ball_device.bd_mode : SC: Counted 0 balls. Active switches: []. Old: None
2025-04-12 15:34:14,386 : DEBUG : ball_device.bd_mode : SC: New count 0 last: None
2025-04-12 15:34:14,386 : INFO : ball_device.bd_mode : BCH: Initial count: 0
2025-04-12 15:34:14,387 : INFO : ball_device.bd_mode : State: idle
2025-04-12 15:34:14,387 : DEBUG : ball_device.bd_mode : Waiting for eject request.
2025-04-12 15:34:14,391 : DEBUG : YAML File Interface : Loading file: C:\Users\homebrew\Documents\GitHub\Thing_Pinball\data/audits.yaml
2025-04-12 15:34:14,398 : DEBUG : Machine : "info_lights:" section not found in machine configuration, so the InfoLights will not be used.
2025-04-12 15:34:14,403 : DEBUG : Machine : "switch_player:" section not found in machine configuration, so the SwitchPlayer will not be used.
2025-04-12 15:34:14,406 : DEBUG : Machine : "twitch_client:" section not found in machine configuration, so the TwitchBot will not be used.
2025-04-12 15:34:14,406 : DEBUG : Machine : "virtual_segment_display_connector:" section not found in machine configuration, so the VirtualSegmentDisplayConnector will not be used.
2025-04-12 15:34:14,406 : INFO : EventManager : Event: ======'init_phase_3'====== Args={}
2025-04-12 15:34:14,407 : DEBUG : ShowController : Loading show: flash
2025-04-12 15:34:14,408 : DEBUG : ShowController : Loading show: on
2025-04-12 15:34:14,408 : DEBUG : ShowController : Loading show: off
2025-04-12 15:34:14,408 : DEBUG : ShowController : Loading show: led_color
2025-04-12 15:34:14,408 : DEBUG : ShowController : Loading show: bl_color
2025-04-12 15:34:14,408 : DEBUG : ShowController : Loading show: flash_color
2025-04-12 15:34:14,408 : WARNING : ConfigValidator : Unrecognized config setting. "slide_player:widgets" is not a valid setting name.
2025-04-12 15:34:14,408 : WARNING : ConfigValidator : Unrecognized config setting. "slide_player:widgets" is not a valid setting name.
2025-04-12 15:34:14,408 : WARNING : ConfigValidator : Unrecognized config setting. "slide_player:widgets" is not a valid setting name.
2025-04-12 15:34:14,408 : WARNING : ConfigValidator : Unrecognized config setting. "slide_player:widgets" is not a valid setting name.
2025-04-12 15:34:14,408 : WARNING : ConfigValidator : Unrecognized config setting. "slide_player:widgets" is not a valid setting name.
2025-04-12 15:34:14,408 : WARNING : ConfigValidator : Unrecognized config setting. "slide_player:widgets" is not a valid setting name.
2025-04-12 15:34:14,410 : INFO : EventManager : Event: ======'init_phase_4'====== Args={}
2025-04-12 15:34:14,412 : DEBUG : ball_device.bd_trough : SC: Counted 3 balls. Active switches: [<switch.s_trough_ball>, <switch.s_trough_7>, <switch.s_trough_6>]. Old: 3
2025-04-12 15:34:14,412 : DEBUG : ball_device.bd_ball_lock : SC: Counted 0 balls. Active switches: []. Old: 0
2025-04-12 15:34:14,412 : DEBUG : ball_device.bd_mode : SC: Counted 0 balls. Active switches: []. Old: 0
2025-04-12 15:34:14,412 : INFO : BallController : Initial balls found: 3
2025-04-12 15:34:14,417 : INFO : EventManager : Event: ======'machine_var_audits_events_game_ended'====== Args={'value': 0, 'prev_value': None, 'change': True}
2025-04-12 15:34:14,418 : INFO : EventManager : Event: ======'machine_var_audits_events_game_started'====== Args={'value': 522, 'prev_value': None, 'change': True}
2025-04-12 15:34:14,418 : INFO : EventManager : Event: ======'machine_var_audits_missing_switches_s_back_button'====== Args={'value': 86, 'prev_value': None, 'change': True}
2025-04-12 15:34:14,418 : INFO : EventManager : Event: ======'machine_var_audits_missing_switches_s_ball_lock_1'====== Args={'value': 2, 'prev_value': None, 'change': True}
2025-04-12 15:34:14,418 : INFO : EventManager : Event: ======'machine_var_audits_missing_switches_s_ball_lock_2'====== Args={'value': 2, 'prev_value': None, 'change': True}
2025-04-12 15:34:14,418 : INFO : EventManager : Event: ======'machine_var_audits_missing_switches_s_ball_lock_3'====== Args={'value': 2, 'prev_value': None, 'change': True}
2025-04-12 15:34:14,418 : INFO : EventManager : Event: ======'machine_var_audits_missing_switches_s_blood_target'====== Args={'value': 2, 'prev_value': None, 'change': True}
2025-04-12 15:34:14,418 : INFO : EventManager : Event: ======'machine_var_audits_missing_switches_s_down_button'====== Args={'value': 86, 'prev_value': None, 'change': True}
2025-04-12 15:34:14,418 : INFO : EventManager : Event: ======'machine_var_audits_missing_switches_s_enter_button'====== Args={'value': 86, 'prev_value': None, 'change': True}
2025-04-12 15:34:14,418 : INFO : EventManager : Event: ======'machine_var_audits_missing_switches_s_inlane_left'====== Args={'value': 87, 'prev_value': None, 'change': True}
2025-04-12 15:34:14,418 : INFO : EventManager : Event: ======'machine_var_audits_missing_switches_s_inlane_right'====== Args={'value': 2, 'prev_value': None, 'change': True}
2025-04-12 15:34:14,418 : INFO : EventManager : Event: ======'machine_var_audits_missing_switches_s_launch'====== Args={'value': 6, 'prev_value': None, 'change': True}
2025-04-12 15:34:14,418 : INFO : EventManager : Event: ======'machine_var_audits_missing_switches_s_left_button_2'====== Args={'value': 1, 'prev_value': None, 'change': True}
2025-04-12 15:34:14,418 : INFO : EventManager : Event: ======'machine_var_audits_missing_switches_s_left_flipper'====== Args={'value': 363, 'prev_value': None, 'change': True}
2025-04-12 15:34:14,418 : INFO : EventManager : Event: ======'machine_var_audits_missing_switches_s_left_flipper_button'====== Args={'value': 1, 'prev_value': None, 'change': True}
2025-04-12 15:34:14,418 : INFO : EventManager : Event: ======'machine_var_audits_missing_switches_s_left_flipper_eos'====== Args={'value': 1, 'prev_value': None, 'change': True}
2025-04-12 15:34:14,418 : INFO : EventManager : Event: ======'machine_var_audits_missing_switches_s_left_inlane'====== Args={'value': 6, 'prev_value': None, 'change': True}
2025-04-12 15:34:14,418 : INFO : EventManager : Event: ======'machine_var_audits_missing_switches_s_left_inner_lane'====== Args={'value': 357, 'prev_value': None, 'change': True}
2025-04-12 15:34:14,418 : INFO : EventManager : Event: ======'machine_var_audits_missing_switches_s_left_outer_lane'====== Args={'value': 153, 'prev_value': None, 'change': True}
2025-04-12 15:34:14,418 : INFO : EventManager : Event: ======'machine_var_audits_missing_switches_s_left_outlane'====== Args={'value': 6, 'prev_value': None, 'change': True}
2025-04-12 15:34:14,419 : INFO : EventManager : Event: ======'machine_var_audits_missing_switches_s_left_ramp_entry_1'====== Args={'value': 55, 'prev_value': None, 'change': True}
2025-04-12 15:34:14,419 : INFO : EventManager : Event: ======'machine_var_audits_missing_switches_s_left_sling'====== Args={'value': 363, 'prev_value': None, 'change': True}
2025-04-12 15:34:14,419 : INFO : EventManager : Event: ======'machine_var_audits_missing_switches_s_left_slingshot'====== Args={'value': 87, 'prev_value': None, 'change': True}
2025-04-12 15:34:14,419 : INFO : EventManager : Event: ======'machine_var_audits_missing_switches_s_mead'====== Args={'value': 267, 'prev_value': None, 'change': True}
2025-04-12 15:34:14,419 : INFO : EventManager : Event: ======'machine_var_audits_missing_switches_s_mode_opto'====== Args={'value': 2, 'prev_value': None, 'change': True}
2025-04-12 15:34:14,419 : INFO : EventManager : Event: ======'machine_var_audits_missing_switches_s_newton_opto_made'====== Args={'value': 130, 'prev_value': None, 'change': True}
2025-04-12 15:34:14,419 : INFO : EventManager : Event: ======'machine_var_audits_missing_switches_s_outlane_left'====== Args={'value': 118, 'prev_value': None, 'change': True}
2025-04-12 15:34:14,419 : INFO : EventManager : Event: ======'machine_var_audits_missing_switches_s_outlane_right'====== Args={'value': 87, 'prev_value': None, 'change': True}
2025-04-12 15:34:14,419 : INFO : EventManager : Event: ======'machine_var_audits_missing_switches_s_percy'====== Args={'value': 85, 'prev_value': None, 'change': True}
2025-04-12 15:34:14,419 : INFO : EventManager : Event: ======'machine_var_audits_missing_switches_s_plunger'====== Args={'value': 363, 'prev_value': None, 'change': True}
2025-04-12 15:34:14,419 : INFO : EventManager : Event: ======'machine_var_audits_missing_switches_s_pop_bumper_1'====== Args={'value': 3, 'prev_value': None, 'change': True}
2025-04-12 15:34:14,419 : INFO : EventManager : Event: ======'machine_var_audits_missing_switches_s_pop_bumper_2'====== Args={'value': 3, 'prev_value': None, 'change': True}
2025-04-12 15:34:14,419 : INFO : EventManager : Event: ======'machine_var_audits_missing_switches_s_pop_bumper_3'====== Args={'value': 3, 'prev_value': None, 'change': True}
2025-04-12 15:34:14,419 : INFO : EventManager : Event: ======'machine_var_audits_missing_switches_s_right_button_2'====== Args={'value': 88, 'prev_value': None, 'change': True}
2025-04-12 15:34:14,419 : INFO : EventManager : Event: ======'machine_var_audits_missing_switches_s_right_flipper'====== Args={'value': 363, 'prev_value': None, 'change': True}
2025-04-12 15:34:14,419 : INFO : EventManager : Event: ======'machine_var_audits_missing_switches_s_right_flipper_button'====== Args={'value': 88, 'prev_value': None, 'change': True}
2025-04-12 15:34:14,419 : INFO : EventManager : Event: ======'machine_var_audits_missing_switches_s_right_flipper_eos'====== Args={'value': 88, 'prev_value': None, 'change': True}
2025-04-12 15:34:14,419 : INFO : EventManager : Event: ======'machine_var_audits_missing_switches_s_right_inlane'====== Args={'value': 6, 'prev_value': None, 'change': True}
2025-04-12 15:34:14,419 : INFO : EventManager : Event: ======'machine_var_audits_missing_switches_s_right_inner_lane'====== Args={'value': 357, 'prev_value': None, 'change': True}
2025-04-12 15:34:14,419 : INFO : EventManager : Event: ======'machine_var_audits_missing_switches_s_right_orbit_1'====== Args={'value': 3, 'prev_value': None, 'change': True}
2025-04-12 15:34:14,420 : INFO : EventManager : Event: ======'machine_var_audits_missing_switches_s_right_outer_lane'====== Args={'value': 357, 'prev_value': None, 'change': True}
2025-04-12 15:34:14,420 : INFO : EventManager : Event: ======'machine_var_audits_missing_switches_s_right_outlane'====== Args={'value': 6, 'prev_value': None, 'change': True}
2025-04-12 15:34:14,420 : INFO : EventManager : Event: ======'machine_var_audits_missing_switches_s_right_ramp_entry_1'====== Args={'value': 2, 'prev_value': None, 'change': True}
2025-04-12 15:34:14,420 : INFO : EventManager : Event: ======'machine_var_audits_missing_switches_s_right_sling'====== Args={'value': 363, 'prev_value': None, 'change': True}
2025-04-12 15:34:14,420 : INFO : EventManager : Event: ======'machine_var_audits_missing_switches_s_right_slingshot'====== Args={'value': 30, 'prev_value': None, 'change': True}
2025-04-12 15:34:14,420 : INFO : EventManager : Event: ======'machine_var_audits_missing_switches_s_scanlan'====== Args={'value': 204, 'prev_value': None, 'change': True}
2025-04-12 15:34:14,420 : INFO : EventManager : Event: ======'machine_var_audits_missing_switches_s_spinner'====== Args={'value': 3, 'prev_value': None, 'change': True}
2025-04-12 15:34:14,420 : INFO : EventManager : Event: ======'machine_var_audits_missing_switches_s_start'====== Args={'value': 6, 'prev_value': None, 'change': True}
2025-04-12 15:34:14,420 : INFO : EventManager : Event: ======'machine_var_audits_missing_switches_s_start_button'====== Args={'value': 87, 'prev_value': None, 'change': True}
2025-04-12 15:34:14,420 : INFO : EventManager : Event: ======'machine_var_audits_missing_switches_s_trough_1'====== Args={'value': 58, 'prev_value': None, 'change': True}
2025-04-12 15:34:14,420 : INFO : EventManager : Event: ======'machine_var_audits_missing_switches_s_trough_ball_1'====== Args={'value': 363, 'prev_value': None, 'change': True}
2025-04-12 15:34:14,420 : INFO : EventManager : Event: ======'machine_var_audits_missing_switches_s_trough_ball_2'====== Args={'value': 363, 'prev_value': None, 'change': True}
2025-04-12 15:34:14,420 : INFO : EventManager : Event: ======'machine_var_audits_missing_switches_s_trough_ball_3'====== Args={'value': 363, 'prev_value': None, 'change': True}
2025-04-12 15:34:14,420 : INFO : EventManager : Event: ======'machine_var_audits_missing_switches_s_trough_ball_4'====== Args={'value': 278, 'prev_value': None, 'change': True}
2025-04-12 15:34:14,420 : INFO : EventManager : Event: ======'machine_var_audits_missing_switches_s_trough_ball_5'====== Args={'value': 363, 'prev_value': None, 'change': True}
2025-04-12 15:34:14,420 : INFO : EventManager : Event: ======'machine_var_audits_missing_switches_s_trough_ball_6'====== Args={'value': 95, 'prev_value': None, 'change': True}
2025-04-12 15:34:14,420 : INFO : EventManager : Event: ======'machine_var_audits_missing_switches_s_up_button'====== Args={'value': 86, 'prev_value': None, 'change': True}
2025-04-12 15:34:14,420 : INFO : EventManager : Event: ======'machine_var_audits_player_score'====== Args={'value': {'average': 0, 'top': [], 'total': 0}, 'prev_value': None, 'change': True}
2025-04-12 15:34:14,420 : INFO : EventManager : Event: ======'machine_var_audits_shots_mead_shot'====== Args={'value': 223, 'prev_value': None, 'change': True}
2025-04-12 15:34:14,420 : INFO : EventManager : Event: ======'machine_var_audits_shots_percy_shot'====== Args={'value': 56, 'prev_value': None, 'change': True}
2025-04-12 15:34:14,420 : INFO : EventManager : Event: ======'machine_var_audits_shots_scanlan_shot'====== Args={'value': 121, 'prev_value': None, 'change': True}
2025-04-12 15:34:14,420 : INFO : EventManager : Event: ======'machine_var_audits_shots_video_shot_1'====== Args={'value': 24, 'prev_value': None, 'change': True}
2025-04-12 15:34:14,420 : INFO : EventManager : Event: ======'machine_var_audits_shots_video_shot_2'====== Args={'value': 20, 'prev_value': None, 'change': True}
2025-04-12 15:34:14,420 : INFO : EventManager : Event: ======'machine_var_audits_switches_s_3bank_tgt_d'====== Args={'value': 27, 'prev_value': None, 'change': True}
2025-04-12 15:34:14,420 : INFO : EventManager : Event: ======'machine_var_audits_switches_s_3bank_tgt_g'====== Args={'value': 38, 'prev_value': None, 'change': True}
2025-04-12 15:34:14,420 : INFO : EventManager : Event: ======'machine_var_audits_switches_s_3bank_tgt_o'====== Args={'value': 32, 'prev_value': None, 'change': True}
2025-04-12 15:34:14,420 : INFO : EventManager : Event: ======'machine_var_audits_switches_s_auto_launcher'====== Args={'value': 0, 'prev_value': None, 'change': True}
2025-04-12 15:34:14,420 : INFO : EventManager : Event: ======'machine_var_audits_switches_s_back_button'====== Args={'value': 0, 'prev_value': None, 'change': True}
2025-04-12 15:34:14,420 : INFO : EventManager : Event: ======'machine_var_audits_switches_s_ball_drain'====== Args={'value': 0, 'prev_value': None, 'change': True}
2025-04-12 15:34:14,420 : INFO : EventManager : Event: ======'machine_var_audits_switches_s_ball_lock_1'====== Args={'value': 142, 'prev_value': None, 'change': True}
2025-04-12 15:34:14,420 : INFO : EventManager : Event: ======'machine_var_audits_switches_s_ball_lock_2'====== Args={'value': 119, 'prev_value': None, 'change': True}
2025-04-12 15:34:14,420 : INFO : EventManager : Event: ======'machine_var_audits_switches_s_ball_lock_3'====== Args={'value': 121, 'prev_value': None, 'change': True}
2025-04-12 15:34:14,420 : INFO : EventManager : Event: ======'machine_var_audits_switches_s_blood_target'====== Args={'value': 352, 'prev_value': None, 'change': True}
2025-04-12 15:34:14,420 : INFO : EventManager : Event: ======'machine_var_audits_switches_s_down_button'====== Args={'value': 0, 'prev_value': None, 'change': True}
2025-04-12 15:34:14,421 : INFO : EventManager : Event: ======'machine_var_audits_switches_s_enter_button'====== Args={'value': 0, 'prev_value': None, 'change': True}
2025-04-12 15:34:14,421 : INFO : EventManager : Event: ======'machine_var_audits_switches_s_inlane_left'====== Args={'value': 9, 'prev_value': None, 'change': True}
2025-04-12 15:34:14,421 : INFO : EventManager : Event: ======'machine_var_audits_switches_s_inlane_right'====== Args={'value': 22, 'prev_value': None, 'change': True}
2025-04-12 15:34:14,421 : INFO : EventManager : Event: ======'machine_var_audits_switches_s_launch'====== Args={'value': 0, 'prev_value': None, 'change': True}
2025-04-12 15:34:14,421 : INFO : EventManager : Event: ======'machine_var_audits_switches_s_left_button_2'====== Args={'value': 215, 'prev_value': None, 'change': True}
2025-04-12 15:34:14,421 : INFO : EventManager : Event: ======'machine_var_audits_switches_s_left_flipper'====== Args={'value': 36, 'prev_value': None, 'change': True}
2025-04-12 15:34:14,421 : INFO : EventManager : Event: ======'machine_var_audits_switches_s_left_flipper_button'====== Args={'value': 209, 'prev_value': None, 'change': True}
2025-04-12 15:34:14,421 : INFO : EventManager : Event: ======'machine_var_audits_switches_s_left_flipper_eos'====== Args={'value': 189, 'prev_value': None, 'change': True}
2025-04-12 15:34:14,421 : INFO : EventManager : Event: ======'machine_var_audits_switches_s_left_inlane'====== Args={'value': 0, 'prev_value': None, 'change': True}
2025-04-12 15:34:14,421 : INFO : EventManager : Event: ======'machine_var_audits_switches_s_left_inner_lane'====== Args={'value': 0, 'prev_value': None, 'change': True}
2025-04-12 15:34:14,421 : INFO : EventManager : Event: ======'machine_var_audits_switches_s_left_outer_lane'====== Args={'value': 0, 'prev_value': None, 'change': True}
2025-04-12 15:34:14,421 : INFO : EventManager : Event: ======'machine_var_audits_switches_s_left_outlane'====== Args={'value': 0, 'prev_value': None, 'change': True}
2025-04-12 15:34:14,421 : INFO : EventManager : Event: ======'machine_var_audits_switches_s_left_ramp_entry_1'====== Args={'value': 1028, 'prev_value': None, 'change': True}
2025-04-12 15:34:14,421 : INFO : EventManager : Event: ======'machine_var_audits_switches_s_left_sling'====== Args={'value': 7, 'prev_value': None, 'change': True}
2025-04-12 15:34:14,421 : INFO : EventManager : Event: ======'machine_var_audits_switches_s_left_slingshot'====== Args={'value': 8, 'prev_value': None, 'change': True}
2025-04-12 15:34:14,421 : INFO : EventManager : Event: ======'machine_var_audits_switches_s_mead'====== Args={'value': 0, 'prev_value': None, 'change': True}
2025-04-12 15:34:14,421 : INFO : EventManager : Event: ======'machine_var_audits_switches_s_mode_opto'====== Args={'value': 106, 'prev_value': None, 'change': True}
2025-04-12 15:34:14,421 : INFO : EventManager : Event: ======'machine_var_audits_switches_s_newton_opto_made'====== Args={'value': 2, 'prev_value': None, 'change': True}
2025-04-12 15:34:14,421 : INFO : EventManager : Event: ======'machine_var_audits_switches_s_outlane_left'====== Args={'value': 3, 'prev_value': None, 'change': True}
2025-04-12 15:34:14,421 : INFO : EventManager : Event: ======'machine_var_audits_switches_s_outlane_right'====== Args={'value': 6, 'prev_value': None, 'change': True}
2025-04-12 15:34:14,421 : INFO : EventManager : Event: ======'machine_var_audits_switches_s_percy'====== Args={'value': 0, 'prev_value': None, 'change': True}
2025-04-12 15:34:14,421 : INFO : EventManager : Event: ======'machine_var_audits_switches_s_plunger'====== Args={'value': 9, 'prev_value': None, 'change': True}
2025-04-12 15:34:14,421 : INFO : EventManager : Event: ======'machine_var_audits_switches_s_pop_bumper_1'====== Args={'value': 58, 'prev_value': None, 'change': True}
2025-04-12 15:34:14,421 : INFO : EventManager : Event: ======'machine_var_audits_switches_s_pop_bumper_2'====== Args={'value': 29, 'prev_value': None, 'change': True}
2025-04-12 15:34:14,421 : INFO : EventManager : Event: ======'machine_var_audits_switches_s_pop_bumper_3'====== Args={'value': 44, 'prev_value': None, 'change': True}
2025-04-12 15:34:14,422 : INFO : EventManager : Event: ======'machine_var_audits_switches_s_ramp_up_1'====== Args={'value': 155, 'prev_value': None, 'change': True}
2025-04-12 15:34:14,422 : INFO : EventManager : Event: ======'machine_var_audits_switches_s_right_button_2'====== Args={'value': 53, 'prev_value': None, 'change': True}
2025-04-12 15:34:14,422 : INFO : EventManager : Event: ======'machine_var_audits_switches_s_right_flipper'====== Args={'value': 131, 'prev_value': None, 'change': True}
2025-04-12 15:34:14,422 : INFO : EventManager : Event: ======'machine_var_audits_switches_s_right_flipper_button'====== Args={'value': 53, 'prev_value': None, 'change': True}
2025-04-12 15:34:14,422 : INFO : EventManager : Event: ======'machine_var_audits_switches_s_right_flipper_eos'====== Args={'value': 50, 'prev_value': None, 'change': True}
2025-04-12 15:34:14,422 : INFO : EventManager : Event: ======'machine_var_audits_switches_s_right_inlane'====== Args={'value': 0, 'prev_value': None, 'change': True}
2025-04-12 15:34:14,422 : INFO : EventManager : Event: ======'machine_var_audits_switches_s_right_inner_lane'====== Args={'value': 0, 'prev_value': None, 'change': True}
2025-04-12 15:34:14,422 : INFO : EventManager : Event: ======'machine_var_audits_switches_s_right_orbit_1'====== Args={'value': 62, 'prev_value': None, 'change': True}
2025-04-12 15:34:14,422 : INFO : EventManager : Event: ======'machine_var_audits_switches_s_right_outer_lane'====== Args={'value': 0, 'prev_value': None, 'change': True}
2025-04-12 15:34:14,422 : INFO : EventManager : Event: ======'machine_var_audits_switches_s_right_outlane'====== Args={'value': 0, 'prev_value': None, 'change': True}
2025-04-12 15:34:14,422 : INFO : EventManager : Event: ======'machine_var_audits_switches_s_right_ramp_entry_1'====== Args={'value': 101, 'prev_value': None, 'change': True}
2025-04-12 15:34:14,422 : INFO : EventManager : Event: ======'machine_var_audits_switches_s_right_sling'====== Args={'value': 3, 'prev_value': None, 'change': True}
2025-04-12 15:34:14,422 : INFO : EventManager : Event: ======'machine_var_audits_switches_s_right_slingshot'====== Args={'value': 16, 'prev_value': None, 'change': True}
2025-04-12 15:34:14,422 : INFO : EventManager : Event: ======'machine_var_audits_switches_s_scanlan'====== Args={'value': 0, 'prev_value': None, 'change': True}
2025-04-12 15:34:14,422 : INFO : EventManager : Event: ======'machine_var_audits_switches_s_shooter_lane'====== Args={'value': 209, 'prev_value': None, 'change': True}
2025-04-12 15:34:14,422 : INFO : EventManager : Event: ======'machine_var_audits_switches_s_spinner'====== Args={'value': 475, 'prev_value': None, 'change': True}
2025-04-12 15:34:14,422 : INFO : EventManager : Event: ======'machine_var_audits_switches_s_start'====== Args={'value': 38, 'prev_value': None, 'change': True}
2025-04-12 15:34:14,422 : INFO : EventManager : Event: ======'machine_var_audits_switches_s_start_button'====== Args={'value': 4, 'prev_value': None, 'change': True}
2025-04-12 15:34:14,422 : INFO : EventManager : Event: ======'machine_var_audits_switches_s_switch_2'====== Args={'value': 0, 'prev_value': None, 'change': True}
2025-04-12 15:34:14,422 : INFO : EventManager : Event: ======'machine_var_audits_switches_s_trough_1'====== Args={'value': 3, 'prev_value': None, 'change': True}
2025-04-12 15:34:14,422 : INFO : EventManager : Event: ======'machine_var_audits_switches_s_trough_2'====== Args={'value': 95, 'prev_value': None, 'change': True}
2025-04-12 15:34:14,422 : INFO : EventManager : Event: ======'machine_var_audits_switches_s_trough_3'====== Args={'value': 102, 'prev_value': None, 'change': True}
2025-04-12 15:34:14,422 : INFO : EventManager : Event: ======'machine_var_audits_switches_s_trough_4'====== Args={'value': 90, 'prev_value': None, 'change': True}
2025-04-12 15:34:14,422 : INFO : EventManager : Event: ======'machine_var_audits_switches_s_trough_5'====== Args={'value': 87, 'prev_value': None, 'change': True}
2025-04-12 15:34:14,422 : INFO : EventManager : Event: ======'machine_var_audits_switches_s_trough_6'====== Args={'value': 121, 'prev_value': None, 'change': True}
2025-04-12 15:34:14,422 : INFO : EventManager : Event: ======'machine_var_audits_switches_s_trough_7'====== Args={'value': 198, 'prev_value': None, 'change': True}
2025-04-12 15:34:14,423 : INFO : EventManager : Event: ======'machine_var_audits_switches_s_trough_ball'====== Args={'value': 236, 'prev_value': None, 'change': True}
2025-04-12 15:34:14,423 : INFO : EventManager : Event: ======'machine_var_audits_switches_s_trough_ball_1'====== Args={'value': 4, 'prev_value': None, 'change': True}
2025-04-12 15:34:14,423 : INFO : EventManager : Event: ======'machine_var_audits_switches_s_trough_ball_2'====== Args={'value': 4, 'prev_value': None, 'change': True}
2025-04-12 15:34:14,423 : INFO : EventManager : Event: ======'machine_var_audits_switches_s_trough_ball_3'====== Args={'value': 1, 'prev_value': None, 'change': True}
2025-04-12 15:34:14,423 : INFO : EventManager : Event: ======'machine_var_audits_switches_s_trough_ball_4'====== Args={'value': 0, 'prev_value': None, 'change': True}
2025-04-12 15:34:14,423 : INFO : EventManager : Event: ======'machine_var_audits_switches_s_trough_ball_5'====== Args={'value': 0, 'prev_value': None, 'change': True}
2025-04-12 15:34:14,423 : INFO : EventManager : Event: ======'machine_var_audits_switches_s_trough_ball_6'====== Args={'value': 1, 'prev_value': None, 'change': True}
2025-04-12 15:34:14,423 : INFO : EventManager : Event: ======'machine_var_audits_switches_s_trough_ball_jam'====== Args={'value': 264, 'prev_value': None, 'change': True}
2025-04-12 15:34:14,423 : INFO : EventManager : Event: ======'machine_var_audits_switches_s_trough_eject_coil'====== Args={'value': 0, 'prev_value': None, 'change': True}
2025-04-12 15:34:14,423 : INFO : EventManager : Event: ======'machine_var_audits_switches_s_up_button'====== Args={'value': 0, 'prev_value': None, 'change': True}
2025-04-12 15:34:14,423 : INFO : EventManager : Event: ======'init_phase_5'====== Args={}
2025-04-12 15:34:14,423 : INFO : EventManager : Event: ======'init_done'====== Args={}
2025-04-12 15:34:14,424 : INFO : EventManager : Event: ======'machine_reset_phase_1'====== Args={}
2025-04-12 15:34:38,630 : INFO : Machine : Starting the main run loop.
2025-04-12 15:34:38,631 : INFO : Machine : Shutting down...
2025-04-12 15:34:38,631 : INFO : EventManager : Event: ======'shutdown'====== Args={}
2025-04-12 15:34:38,632 : DEBUG : ball_device.bd_trough : Stopping ball device
2025-04-12 15:34:38,637 : DEBUG : ball_device.bd_ball_lock : Stopping ball device
2025-04-12 15:34:38,638 : DEBUG : ball_device.bd_mode : Stopping ball device
2025-04-12 15:34:38,740 : DEBUG : FAST [NET] : Stop called on serial connection NET
2025-04-12 15:34:39,741 : INFO : root : MPF run loop ended.
