2025-04-13 16:48:39,794 : INFO : root : Loading config.
2025-04-13 16:48:39,800 : INFO : YamlMultifileConfigLoader : Machine config file #1: config.yaml
2025-04-13 16:48:39,801 : INFO : ConfigProcessor : Loading config from cache: C:\Users\homebrew\AppData\Local\Temp\1ab83842b7c8ed7e1902272067ddcd2b.mpf_cache
2025-04-13 16:48:39,956 : INFO : ConfigProcessor : Loading config from cache: C:\Users\homebrew\AppData\Local\Temp\163fd46608d3c9469758c6512b5a030d.mpf_cache
2025-04-13 16:48:39,958 : INFO : ConfigProcessor : Loading config from cache: C:\Users\homebrew\AppData\Local\Temp\93e42568b1004e720dbdafbb285adaaa.mpf_cache
2025-04-13 16:48:39,959 : INFO : ConfigProcessor : Loading config from cache: C:\Users\homebrew\AppData\Local\Temp\5ffb3999d6de3e1d452090655c82bf2a.mpf_cache
2025-04-13 16:48:39,961 : INFO : ConfigProcessor : Loading config from cache: C:\Users\homebrew\AppData\Local\Temp\163fd46608d3c9469758c6512b5a030d.mpf_cache
2025-04-13 16:48:39,962 : INFO : ConfigProcessor : Loading config from cache: C:\Users\homebrew\AppData\Local\Temp\93e42568b1004e720dbdafbb285adaaa.mpf_cache
2025-04-13 16:48:39,962 : INFO : ConfigProcessor : Loading config from cache: C:\Users\homebrew\AppData\Local\Temp\8c668df6a84f4edcfda2189b877084c6.mpf_cache
2025-04-13 16:48:39,963 : INFO : ConfigProcessor : Loading config from cache: C:\Users\homebrew\AppData\Local\Temp\81d0f34cbd4c6d61cd4dad95e5100b6a.mpf_cache
2025-04-13 16:48:39,964 : INFO : ConfigProcessor : Loading config from cache: C:\Users\homebrew\AppData\Local\Temp\a714899e94406dd1f47e6e9bddbe0fef.mpf_cache
2025-04-13 16:48:39,965 : INFO : ConfigProcessor : Loading config from cache: C:\Users\homebrew\AppData\Local\Temp\fda2b21e4ff4c8a0b48d4f712bf7675f.mpf_cache
2025-04-13 16:48:39,966 : INFO : ConfigProcessor : Loading config from cache: C:\Users\homebrew\AppData\Local\Temp\9cbbeec60769b6bc8d00b63a89255fac.mpf_cache
2025-04-13 16:48:39,966 : INFO : ConfigProcessor : Loading config from cache: C:\Users\homebrew\AppData\Local\Temp\49c1bb27bb76c6488cf72d0e1887aaaa.mpf_cache
2025-04-13 16:48:39,967 : INFO : ConfigProcessor : Loading config from cache: C:\Users\homebrew\AppData\Local\Temp\eb740da6f3772dcfe6d89e142f4972f9.mpf_cache
2025-04-13 16:48:39,968 : INFO : ConfigProcessor : Loading config from cache: C:\Users\homebrew\AppData\Local\Temp\8e53cff45209557b74353625b1fb9c7d.mpf_cache
2025-04-13 16:48:39,969 : INFO : ConfigProcessor : Loading config from cache: C:\Users\homebrew\AppData\Local\Temp\75ead186cfb0eee4579e59d5d273b950.mpf_cache
2025-04-13 16:48:39,969 : INFO : ConfigProcessor : Loading config from cache: C:\Users\homebrew\AppData\Local\Temp\46ee3106793b7c66df6b24732de735de.mpf_cache
2025-04-13 16:48:39,970 : INFO : ConfigProcessor : Loading config from cache: C:\Users\homebrew\AppData\Local\Temp\a6f0737b5bca2a955dd9d538ee17b581.mpf_cache
2025-04-13 16:48:39,971 : INFO : ConfigProcessor : Loading config from cache: C:\Users\homebrew\AppData\Local\Temp\72ccc58689b118af298151666e9c5198.mpf_cache
2025-04-13 16:48:39,971 : INFO : ConfigProcessor : Loading config from cache: C:\Users\homebrew\AppData\Local\Temp\082c9c49689a7facf0c58e67d77b7f58.mpf_cache
2025-04-13 16:48:39,974 : INFO : Machine : Mission Pinball Framework Core Engine v0.80.0.dev4
2025-04-13 16:48:39,975 : INFO : Machine : Command line arguments: {'no_load_cache': False, 'create_config_cache': True, 'bcp': True, 'configfile': ['config.yaml'], 'force_assets_load': False, 'platform_integration_test': False, 'jsonlogging': False, 'logfile': 'logs\\2025-04-13-16-48-39-mpf-mpf.log', 'pause': False, 'production': False, 'text_ui': False, 'loglevel': 15, 'consoleloglevel': 20, 'force_platform': None, 'syslog_address': None, 'mc_file_name': None, 'no_sound': False, 'full_logfile_path': 'C:\\Users\\homebrew\\Documents\\GitHub\\Thing_Pinball\\logs\\2025-04-13-16-48-39-mpf-mpf.log'}
2025-04-13 16:48:39,975 : INFO : Machine : MPF path: C:\Users\homebrew\AppData\Local\Programs\Python\Python312\Lib\site-packages\mpf
2025-04-13 16:48:39,975 : INFO : Machine : Machine path: C:\Users\homebrew\Documents\GitHub\Thing_Pinball
2025-04-13 16:48:39,975 : INFO : Machine : Platform: win32
2025-04-13 16:48:39,975 : INFO : Machine : Python executable location: C:\Users\homebrew\AppData\Local\Programs\Python\Python312\python.exe
2025-04-13 16:48:39,975 : INFO : Machine : Python version: 3.12.3 (64-bit)
2025-04-13 16:48:39,980 : INFO : Machine : Initializing MPF...
2025-04-13 16:48:40,151 : INFO : FAST [NET] : Trying to connect to com4 at 921600bps
2025-04-13 16:48:40,157 : INFO : FAST [NET] : Connected to com4 at 921600bps
2025-04-13 16:48:40,161 : INFO : FAST [NET] : Connected to FP-CPU-2000 with firmware v02.21
2025-04-13 16:48:40,193 : INFO : FAST [NET] : Registered I/O Board 0: Model: FP-I/O-0024, Firmware: 01.10, Switches: 24, Drivers: 8
2025-04-13 16:48:40,208 : INFO : FAST [NET] : Registered I/O Board 1: Model: FP-I/O-3208, Firmware: 01.10, Switches: 32, Drivers: 8
2025-04-13 16:48:40,225 : INFO : FAST [NET] : Registered I/O Board 2: Model: FP-I/O-0804, Firmware: 01.10, Switches: 8, Drivers: 4
2025-04-13 16:48:40,239 : INFO : FAST [NET] : Registered I/O Board 3: Model: FP-I/O-0804, Firmware: 01.10, Switches: 8, Drivers: 4
2025-04-13 16:48:40,241 : INFO : EventManager : Event: ======'machine_var_credits_string'====== Args={'value': 'FREE PLAY', 'prev_value': None, 'change': True}
2025-04-13 16:48:40,296 : INFO : EventManager : Event: ======'machine_var_game_mode_ball_lock_complete'====== Args={'value': 0, 'prev_value': None, 'change': True}
2025-04-13 16:48:40,296 : INFO : EventManager : Event: ======'machine_var_game_mode_blood_test_complete'====== Args={'value': 0, 'prev_value': None, 'change': True}
2025-04-13 16:48:40,296 : INFO : EventManager : Event: ======'machine_var_game_mode_discovery_complete'====== Args={'value': 0, 'prev_value': None, 'change': True}
2025-04-13 16:48:40,296 : INFO : EventManager : Event: ======'machine_var_game_mode_dog_hunt_complete'====== Args={'value': 1, 'prev_value': None, 'change': True}
2025-04-13 16:48:40,297 : INFO : EventManager : Event: ======'machine_var_game_mode_infected_complete'====== Args={'value': 0, 'prev_value': None, 'change': True}
2025-04-13 16:48:40,297 : INFO : EventManager : Event: ======'machine_var_game_mode_multiball_complete'====== Args={'value': 0, 'prev_value': None, 'change': True}
2025-04-13 16:48:40,297 : INFO : EventManager : Event: ======'machine_var_game_mode_spider_head_complete'====== Args={'value': 0, 'prev_value': None, 'change': True}
2025-04-13 16:48:40,297 : INFO : EventManager : Event: ======'machine_var_game_mode_wizard_complete'====== Args={'value': 0, 'prev_value': None, 'change': True}
2025-04-13 16:48:40,297 : INFO : EventManager : Event: ======'machine_var_master_volume'====== Args={'value': 0.5, 'prev_value': None, 'change': True}
2025-04-13 16:48:40,297 : INFO : EventManager : Event: ======'machine_var_qualified_mode'====== Args={'value': 'None', 'prev_value': None, 'change': True}
2025-04-13 16:48:40,297 : INFO : EventManager : Event: ======'machine_var_mpf_version'====== Args={'value': 'Mission Pinball Framework v0.80.0.dev4', 'prev_value': None, 'change': True}
2025-04-13 16:48:40,297 : INFO : EventManager : Event: ======'machine_var_mpf_extended_version'====== Args={'value': 'Mission Pinball Framework v0.80.0.dev4, Config version:6, Show version: 6, BCP version:1.1', 'prev_value': None, 'change': True}
2025-04-13 16:48:40,297 : INFO : EventManager : Event: ======'machine_var_python_version'====== Args={'value': '3.12.3', 'prev_value': None, 'change': True}
2025-04-13 16:48:40,559 : INFO : EventManager : Event: ======'machine_var_platform'====== Args={'value': 'Windows-11-10.0.26100-SP0', 'prev_value': None, 'change': True}
2025-04-13 16:48:40,559 : INFO : EventManager : Event: ======'machine_var_platform_system'====== Args={'value': 'Windows', 'prev_value': None, 'change': True}
2025-04-13 16:48:40,559 : INFO : EventManager : Event: ======'machine_var_platform_release'====== Args={'value': '11', 'prev_value': None, 'change': True}
2025-04-13 16:48:40,559 : INFO : EventManager : Event: ======'machine_var_platform_version'====== Args={'value': '10.0.26100', 'prev_value': None, 'change': True}
2025-04-13 16:48:40,559 : INFO : EventManager : Event: ======'machine_var_platform_machine'====== Args={'value': 'AMD64', 'prev_value': None, 'change': True}
2025-04-13 16:48:40,559 : INFO : EventManager : Event: ======'machine_var_log_file_path'====== Args={'value': 'C:\\Users\\homebrew\\Documents\\GitHub\\Thing_Pinball\\logs\\2025-04-13-16-48-39-mpf-mpf.log', 'prev_value': None, 'change': True}
2025-04-13 16:48:40,560 : INFO : EventManager : Event: ======'init_phase_1'====== Args={}
2025-04-13 16:48:40,645 : WARNING : ConfigValidator : Unrecognized config setting. "fast_coils:c_diverter:pwm_on_ms" is not a valid setting name.
2025-04-13 16:48:40,645 : WARNING : ConfigValidator : Unrecognized config setting. "fast_coils:c_diverter:pwm_off_ms" is not a valid setting name.
2025-04-13 16:48:40,646 : WARNING : ConfigValidator : Unrecognized config setting. "fast_coils:c_up_post:pwm_on_ms" is not a valid setting name.
2025-04-13 16:48:40,646 : WARNING : ConfigValidator : Unrecognized config setting. "fast_coils:c_up_post:pwm_off_ms" is not a valid setting name.
2025-04-13 16:48:40,652 : WARNING : ConfigValidator : Unrecognized config setting. "ball_holds:mode_vuk_hold:auto_release_after" is not a valid setting name.
2025-04-13 16:48:40,653 : WARNING : ConfigValidator : Unrecognized config setting. "timed_switches:mode_vuk_delayed_eject:state_when_released" is not a valid setting name.
2025-04-13 16:48:40,654 : WARNING : ConfigValidator : Unrecognized config setting. "mode:blood_test:timers:blood_test_timer:events_when_complete" is not a valid setting name.
2025-04-13 16:48:40,654 : WARNING : ConfigValidator : Unrecognized config setting. "mode:base:timers:mode_timer:events_when_complete" is not a valid setting name.
2025-04-13 16:48:40,654 : WARNING : ConfigValidator : Unrecognized config setting. "mode:infected:timers:infected_timer:events_when_complete" is not a valid setting name.
2025-04-13 16:48:40,655 : WARNING : ConfigValidator : Unrecognized config setting. "mode:spider_head:timers:spider_head_timer:events_when_complete" is not a valid setting name.
2025-04-13 16:48:40,655 : WARNING : ConfigValidator : Unrecognized config setting. "mode:multiball:timers:multiball_jackpot_timer:events_when_complete" is not a valid setting name.
2025-04-13 16:48:40,655 : WARNING : ConfigValidator : Unrecognized config setting. "mode:multiball:timers:right_ramp_validity_timer:events_when_complete" is not a valid setting name.
2025-04-13 16:48:40,656 : WARNING : ConfigValidator : Unrecognized config setting. "mode:discovery:timers:discovery_timer:events_when_complete" is not a valid setting name.
2025-04-13 16:48:40,656 : WARNING : ConfigValidator : Unrecognized config setting. "mode:dog_hunt:timers:dog_hunt_timer:events_when_complete" is not a valid setting name.
2025-04-13 16:48:40,656 : WARNING : ConfigValidator : Unrecognized config setting. "mode:wizard:timers:wizard_timer:events_when_complete" is not a valid setting name.
2025-04-13 16:48:40,656 : WARNING : ConfigValidator : Unrecognized config setting. "mode:ball_lock:multiball_locks:ball_lock:full_event" is not a valid setting name.
2025-04-13 16:48:40,657 : WARNING : ConfigValidator : Unrecognized config setting. "mode:ball_lock:multiball_locks:ball_lock:replace_balls_in_play" is not a valid setting name.
2025-04-13 16:48:40,666 : INFO : EventManager : Event: ======'drop_target_bank_vuk_bank_up'====== Args={}
2025-04-13 16:48:40,666 : INFO : EventManager : Event: ======'logicblock_spinner_value_updated'====== Args={'value': 0, 'enabled': False}
2025-04-13 16:48:40,666 : INFO : EventManager : Event: ======'logicblock_newton_hit_counter_updated'====== Args={'value': 0, 'enabled': False}
2025-04-13 16:48:40,666 : INFO : EventManager : Event: ======'logicblock_diverter_pattern_updated'====== Args={'value': 0, 'enabled': False}
2025-04-13 16:48:40,667 : INFO : EventManager : Event: ======'logicblock_blood_target_counter_updated'====== Args={'value': 0, 'enabled': False}
2025-04-13 16:48:43,105 : WARNING : Machine : Iterating device collections directly is deprecated and will be removed. Access by value(): device_collections[switches] -> device_collections['switches'].values()
2025-04-13 16:48:43,105 : INFO : SwitchController : <<<<<<< 's_trough_ball' active >>>>>>>
2025-04-13 16:48:43,106 : INFO : SwitchController : <<<<<<< 's_newton_opto_made' active >>>>>>>
2025-04-13 16:48:43,106 : INFO : SwitchController : <<<<<<< 's_start_button' active >>>>>>>
2025-04-13 16:48:43,107 : WARNING : ConfigValidator : Unrecognized config setting. "coil_player:enable_ms" is not a valid setting name.
2025-04-13 16:48:43,107 : WARNING : ConfigValidator : Unrecognized config setting. "coil_player:enable_ms" is not a valid setting name.
2025-04-13 16:48:43,110 : INFO : EventManager : Event: ======'init_phase_2'====== Args={}
2025-04-13 16:48:43,111 : INFO : SwitchController : Found active switch: (51, [FAST Platform Interface]) <switch.s_trough_ball>
2025-04-13 16:48:43,111 : INFO : SwitchController : Found active switch: (45, [FAST Platform Interface]) <switch.s_newton_opto_made>
2025-04-13 16:48:43,111 : INFO : SwitchController : Found active switch: (10, [FAST Platform Interface]) <switch.s_start_button>
2025-04-13 16:48:43,119 : WARNING : ConfigValidator : Unrecognized config setting. "slide_player:widgets" is not a valid setting name.
2025-04-13 16:48:43,119 : WARNING : ConfigValidator : Unrecognized config setting. "slide_player:widgets" is not a valid setting name.
2025-04-13 16:48:43,120 : WARNING : ConfigValidator : Unrecognized config setting. "slide_player:widgets" is not a valid setting name.
2025-04-13 16:48:43,121 : WARNING : ConfigValidator : Unrecognized config setting. "slide_player:widgets" is not a valid setting name.
2025-04-13 16:48:43,121 : WARNING : ConfigValidator : Unrecognized config setting. "slide_player:widgets" is not a valid setting name.
2025-04-13 16:48:43,121 : WARNING : ConfigValidator : Unrecognized config setting. "slide_player:widgets" is not a valid setting name.
2025-04-13 16:48:43,121 : WARNING : ConfigValidator : Unrecognized config setting. "slide_player:widgets" is not a valid setting name.
2025-04-13 16:48:43,121 : WARNING : ConfigValidator : Unrecognized config setting. "slide_player:widgets" is not a valid setting name.
2025-04-13 16:48:43,121 : WARNING : ConfigValidator : Unrecognized config setting. "slide_player:widgets" is not a valid setting name.
2025-04-13 16:48:43,121 : WARNING : ConfigValidator : Unrecognized config setting. "slide_player:widgets" is not a valid setting name.
2025-04-13 16:48:43,121 : WARNING : ConfigValidator : Unrecognized config setting. "slide_player:widgets" is not a valid setting name.
2025-04-13 16:48:43,122 : WARNING : ConfigValidator : Unrecognized config setting. "slide_player:widgets" is not a valid setting name.
2025-04-13 16:48:43,122 : WARNING : ConfigValidator : Unrecognized config setting. "slide_player:widgets" is not a valid setting name.
2025-04-13 16:48:43,122 : WARNING : ConfigValidator : Unrecognized config setting. "slide_player:widgets" is not a valid setting name.
2025-04-13 16:48:43,122 : WARNING : ConfigValidator : Unrecognized config setting. "slide_player:widgets" is not a valid setting name.
2025-04-13 16:48:43,122 : WARNING : ConfigValidator : Unrecognized config setting. "slide_player:widgets" is not a valid setting name.
2025-04-13 16:48:43,122 : WARNING : ConfigValidator : Unrecognized config setting. "slide_player:widgets" is not a valid setting name.
2025-04-13 16:48:43,122 : WARNING : ConfigValidator : Unrecognized config setting. "slide_player:widgets" is not a valid setting name.
2025-04-13 16:48:43,122 : WARNING : ConfigValidator : Unrecognized config setting. "slide_player:widgets" is not a valid setting name.
2025-04-13 16:48:43,122 : WARNING : ConfigValidator : Unrecognized config setting. "slide_player:widgets" is not a valid setting name.
2025-04-13 16:48:43,123 : WARNING : ConfigValidator : Unrecognized config setting. "slide_player:widgets" is not a valid setting name.
2025-04-13 16:48:43,123 : WARNING : ConfigValidator : Unrecognized config setting. "slide_player:widgets" is not a valid setting name.
2025-04-13 16:48:43,123 : WARNING : ConfigValidator : Unrecognized config setting. "slide_player:widgets" is not a valid setting name.
2025-04-13 16:48:43,123 : WARNING : ConfigValidator : Unrecognized config setting. "slide_player:widgets" is not a valid setting name.
2025-04-13 16:48:43,123 : WARNING : ConfigValidator : Unrecognized config setting. "slide_player:widgets" is not a valid setting name.
2025-04-13 16:48:43,123 : WARNING : ConfigValidator : Unrecognized config setting. "slide_player:widgets" is not a valid setting name.
2025-04-13 16:48:43,123 : WARNING : ConfigValidator : Unrecognized config setting. "slide_player:widgets" is not a valid setting name.
2025-04-13 16:48:43,125 : WARNING : ConfigValidator : Unrecognized config setting. "high_score:events_when_complete" is not a valid setting name.
2025-04-13 16:48:43,125 : INFO : EventManager : Event: ======'machine_var_score1_label'====== Args={'value': 'GRAND CHAMPION', 'prev_value': None, 'change': True}
2025-04-13 16:48:43,125 : INFO : EventManager : Event: ======'machine_var_score1_name'====== Args={'value': 'THING', 'prev_value': None, 'change': True}
2025-04-13 16:48:43,125 : INFO : EventManager : Event: ======'machine_var_score1_value'====== Args={'value': 5000000, 'prev_value': None, 'change': True}
2025-04-13 16:48:43,126 : INFO : EventManager : Event: ======'machine_var_score2_label'====== Args={'value': 'HIGH SCORE 1', 'prev_value': None, 'change': True}
2025-04-13 16:48:43,126 : INFO : EventManager : Event: ======'machine_var_score2_name'====== Args={'value': 'MPF', 'prev_value': None, 'change': True}
2025-04-13 16:48:43,126 : INFO : EventManager : Event: ======'machine_var_score2_value'====== Args={'value': 4000000, 'prev_value': None, 'change': True}
2025-04-13 16:48:43,126 : INFO : EventManager : Event: ======'machine_var_score3_label'====== Args={'value': 'HIGH SCORE 2', 'prev_value': None, 'change': True}
2025-04-13 16:48:43,126 : INFO : EventManager : Event: ======'machine_var_score3_name'====== Args={'value': 'PINBALL', 'prev_value': None, 'change': True}
2025-04-13 16:48:43,126 : INFO : EventManager : Event: ======'machine_var_score3_value'====== Args={'value': 3000000, 'prev_value': None, 'change': True}
2025-04-13 16:48:43,126 : INFO : EventManager : Event: ======'machine_var_score4_label'====== Args={'value': 'HIGH SCORE 3', 'prev_value': None, 'change': True}
2025-04-13 16:48:43,126 : INFO : EventManager : Event: ======'machine_var_score4_name'====== Args={'value': 'WIZARD', 'prev_value': None, 'change': True}
2025-04-13 16:48:43,126 : INFO : EventManager : Event: ======'machine_var_score4_value'====== Args={'value': 2000000, 'prev_value': None, 'change': True}
2025-04-13 16:48:43,126 : INFO : EventManager : Event: ======'machine_var_score5_label'====== Args={'value': 'HIGH SCORE 4', 'prev_value': None, 'change': True}
2025-04-13 16:48:43,126 : INFO : EventManager : Event: ======'machine_var_score5_name'====== Args={'value': 'PLAYER', 'prev_value': None, 'change': True}
2025-04-13 16:48:43,126 : INFO : EventManager : Event: ======'machine_var_score5_value'====== Args={'value': 1000000, 'prev_value': None, 'change': True}
2025-04-13 16:48:43,126 : INFO : EventManager : Event: ======'bcp_connection_attempt'====== Args={'name': 'local_display', 'host': 'localhost', 'port': 5050}
2025-04-13 16:48:43,129 : INFO : BCPClientSocket : Connecting BCP to 'local_display' at localhost:5050...
2025-04-13 16:48:43,150 : INFO : BCPClientSocket : Connected BCP to 'local_display' localhost:5050
2025-04-13 16:48:43,151 : INFO : EventManager : Event: ======'bcp_clients_connected'====== Args={}
2025-04-13 16:48:43,617 : INFO : ball_device.bd_trough : BCH: Initial count: 1
2025-04-13 16:48:43,618 : INFO : ball_device.bd_trough : State: idle
2025-04-13 16:48:43,620 : INFO : ball_device.bd_shooter_lane : BCH: Initial count: 0
2025-04-13 16:48:43,621 : INFO : ball_device.bd_shooter_lane : State: idle
2025-04-13 16:48:43,623 : INFO : ball_device.bd_ball_lock : BCH: Initial count: 0
2025-04-13 16:48:43,624 : INFO : ball_device.bd_ball_lock : State: idle
2025-04-13 16:48:43,625 : INFO : ball_device.bd_mode : BCH: Initial count: 0
2025-04-13 16:48:43,625 : INFO : ball_device.bd_mode : State: idle
2025-04-13 16:48:43,675 : INFO : EventManager : Event: ======'init_phase_3'====== Args={}
2025-04-13 16:48:43,677 : WARNING : ConfigValidator : Unrecognized config setting. "slide_player:widgets" is not a valid setting name.
2025-04-13 16:48:43,678 : WARNING : ConfigValidator : Unrecognized config setting. "slide_player:widgets" is not a valid setting name.
2025-04-13 16:48:43,678 : WARNING : ConfigValidator : Unrecognized config setting. "slide_player:widgets" is not a valid setting name.
2025-04-13 16:48:43,678 : WARNING : ConfigValidator : Unrecognized config setting. "slide_player:widgets" is not a valid setting name.
2025-04-13 16:48:43,679 : WARNING : ConfigValidator : Unrecognized config setting. "slide_player:widgets" is not a valid setting name.
2025-04-13 16:48:43,679 : WARNING : ConfigValidator : Unrecognized config setting. "slide_player:widgets" is not a valid setting name.
2025-04-13 16:48:43,681 : INFO : EventManager : Event: ======'init_phase_4'====== Args={}
2025-04-13 16:48:43,682 : INFO : BallController : Initial balls found: 1
2025-04-13 16:48:43,685 : INFO : EventManager : Event: ======'machine_var_audits_events_game_ended'====== Args={'value': 0, 'prev_value': None, 'change': True}
2025-04-13 16:48:43,685 : INFO : EventManager : Event: ======'machine_var_audits_events_game_started'====== Args={'value': 537, 'prev_value': None, 'change': True}
2025-04-13 16:48:43,685 : INFO : EventManager : Event: ======'machine_var_audits_missing_switches_s_3bank_tgt_d'====== Args={'value': 1, 'prev_value': None, 'change': True}
2025-04-13 16:48:43,685 : INFO : EventManager : Event: ======'machine_var_audits_missing_switches_s_3bank_tgt_g'====== Args={'value': 1, 'prev_value': None, 'change': True}
2025-04-13 16:48:43,685 : INFO : EventManager : Event: ======'machine_var_audits_missing_switches_s_3bank_tgt_o'====== Args={'value': 1, 'prev_value': None, 'change': True}
2025-04-13 16:48:43,685 : INFO : EventManager : Event: ======'machine_var_audits_missing_switches_s_back_button'====== Args={'value': 101, 'prev_value': None, 'change': True}
2025-04-13 16:48:43,685 : INFO : EventManager : Event: ======'machine_var_audits_missing_switches_s_down_button'====== Args={'value': 101, 'prev_value': None, 'change': True}
2025-04-13 16:48:43,685 : INFO : EventManager : Event: ======'machine_var_audits_missing_switches_s_enter_button'====== Args={'value': 101, 'prev_value': None, 'change': True}
2025-04-13 16:48:43,685 : INFO : EventManager : Event: ======'machine_var_audits_missing_switches_s_inlane_left'====== Args={'value': 102, 'prev_value': None, 'change': True}
2025-04-13 16:48:43,685 : INFO : EventManager : Event: ======'machine_var_audits_missing_switches_s_inlane_right'====== Args={'value': 17, 'prev_value': None, 'change': True}
2025-04-13 16:48:43,685 : INFO : EventManager : Event: ======'machine_var_audits_missing_switches_s_launch'====== Args={'value': 6, 'prev_value': None, 'change': True}
2025-04-13 16:48:43,685 : INFO : EventManager : Event: ======'machine_var_audits_missing_switches_s_left_flipper'====== Args={'value': 363, 'prev_value': None, 'change': True}
2025-04-13 16:48:43,685 : INFO : EventManager : Event: ======'machine_var_audits_missing_switches_s_left_inlane'====== Args={'value': 6, 'prev_value': None, 'change': True}
2025-04-13 16:48:43,685 : INFO : EventManager : Event: ======'machine_var_audits_missing_switches_s_left_inner_lane'====== Args={'value': 357, 'prev_value': None, 'change': True}
2025-04-13 16:48:43,685 : INFO : EventManager : Event: ======'machine_var_audits_missing_switches_s_left_outer_lane'====== Args={'value': 153, 'prev_value': None, 'change': True}
2025-04-13 16:48:43,685 : INFO : EventManager : Event: ======'machine_var_audits_missing_switches_s_left_outlane'====== Args={'value': 6, 'prev_value': None, 'change': True}
2025-04-13 16:48:43,685 : INFO : EventManager : Event: ======'machine_var_audits_missing_switches_s_left_sling'====== Args={'value': 363, 'prev_value': None, 'change': True}
2025-04-13 16:48:43,685 : INFO : EventManager : Event: ======'machine_var_audits_missing_switches_s_left_slingshot'====== Args={'value': 8, 'prev_value': None, 'change': True}
2025-04-13 16:48:43,686 : INFO : EventManager : Event: ======'machine_var_audits_missing_switches_s_mead'====== Args={'value': 267, 'prev_value': None, 'change': True}
2025-04-13 16:48:43,686 : INFO : EventManager : Event: ======'machine_var_audits_missing_switches_s_newton_opto_made'====== Args={'value': 145, 'prev_value': None, 'change': True}
2025-04-13 16:48:43,686 : INFO : EventManager : Event: ======'machine_var_audits_missing_switches_s_outlane_left'====== Args={'value': 133, 'prev_value': None, 'change': True}
2025-04-13 16:48:43,686 : INFO : EventManager : Event: ======'machine_var_audits_missing_switches_s_outlane_right'====== Args={'value': 102, 'prev_value': None, 'change': True}
2025-04-13 16:48:43,686 : INFO : EventManager : Event: ======'machine_var_audits_missing_switches_s_percy'====== Args={'value': 85, 'prev_value': None, 'change': True}
2025-04-13 16:48:43,686 : INFO : EventManager : Event: ======'machine_var_audits_missing_switches_s_plunger'====== Args={'value': 363, 'prev_value': None, 'change': True}
2025-04-13 16:48:43,686 : INFO : EventManager : Event: ======'machine_var_audits_missing_switches_s_pop_bumper_1'====== Args={'value': 18, 'prev_value': None, 'change': True}
2025-04-13 16:48:43,686 : INFO : EventManager : Event: ======'machine_var_audits_missing_switches_s_pop_bumper_2'====== Args={'value': 18, 'prev_value': None, 'change': True}
2025-04-13 16:48:43,686 : INFO : EventManager : Event: ======'machine_var_audits_missing_switches_s_pop_bumper_3'====== Args={'value': 18, 'prev_value': None, 'change': True}
2025-04-13 16:48:43,686 : INFO : EventManager : Event: ======'machine_var_audits_missing_switches_s_right_flipper'====== Args={'value': 363, 'prev_value': None, 'change': True}
2025-04-13 16:48:43,686 : INFO : EventManager : Event: ======'machine_var_audits_missing_switches_s_right_inlane'====== Args={'value': 6, 'prev_value': None, 'change': True}
2025-04-13 16:48:43,686 : INFO : EventManager : Event: ======'machine_var_audits_missing_switches_s_right_inner_lane'====== Args={'value': 357, 'prev_value': None, 'change': True}
2025-04-13 16:48:43,686 : INFO : EventManager : Event: ======'machine_var_audits_missing_switches_s_right_outer_lane'====== Args={'value': 357, 'prev_value': None, 'change': True}
2025-04-13 16:48:43,686 : INFO : EventManager : Event: ======'machine_var_audits_missing_switches_s_right_outlane'====== Args={'value': 6, 'prev_value': None, 'change': True}
2025-04-13 16:48:43,686 : INFO : EventManager : Event: ======'machine_var_audits_missing_switches_s_right_sling'====== Args={'value': 363, 'prev_value': None, 'change': True}
2025-04-13 16:48:43,686 : INFO : EventManager : Event: ======'machine_var_audits_missing_switches_s_right_slingshot'====== Args={'value': 8, 'prev_value': None, 'change': True}
2025-04-13 16:48:43,686 : INFO : EventManager : Event: ======'machine_var_audits_missing_switches_s_scanlan'====== Args={'value': 204, 'prev_value': None, 'change': True}
2025-04-13 16:48:43,686 : INFO : EventManager : Event: ======'machine_var_audits_missing_switches_s_start'====== Args={'value': 6, 'prev_value': None, 'change': True}
2025-04-13 16:48:43,686 : INFO : EventManager : Event: ======'machine_var_audits_missing_switches_s_start_button'====== Args={'value': 102, 'prev_value': None, 'change': True}
2025-04-13 16:48:43,687 : INFO : EventManager : Event: ======'machine_var_audits_missing_switches_s_trough_1'====== Args={'value': 9, 'prev_value': None, 'change': True}
2025-04-13 16:48:43,687 : INFO : EventManager : Event: ======'machine_var_audits_missing_switches_s_trough_2'====== Args={'value': 1, 'prev_value': None, 'change': True}
2025-04-13 16:48:43,687 : INFO : EventManager : Event: ======'machine_var_audits_missing_switches_s_trough_3'====== Args={'value': 1, 'prev_value': None, 'change': True}
2025-04-13 16:48:43,687 : INFO : EventManager : Event: ======'machine_var_audits_missing_switches_s_trough_4'====== Args={'value': 1, 'prev_value': None, 'change': True}
2025-04-13 16:48:43,687 : INFO : EventManager : Event: ======'machine_var_audits_missing_switches_s_trough_5'====== Args={'value': 1, 'prev_value': None, 'change': True}
2025-04-13 16:48:43,687 : INFO : EventManager : Event: ======'machine_var_audits_missing_switches_s_trough_6'====== Args={'value': 1, 'prev_value': None, 'change': True}
2025-04-13 16:48:43,687 : INFO : EventManager : Event: ======'machine_var_audits_missing_switches_s_trough_ball_1'====== Args={'value': 363, 'prev_value': None, 'change': True}
2025-04-13 16:48:43,687 : INFO : EventManager : Event: ======'machine_var_audits_missing_switches_s_trough_ball_2'====== Args={'value': 363, 'prev_value': None, 'change': True}
2025-04-13 16:48:43,687 : INFO : EventManager : Event: ======'machine_var_audits_missing_switches_s_trough_ball_3'====== Args={'value': 363, 'prev_value': None, 'change': True}
2025-04-13 16:48:43,687 : INFO : EventManager : Event: ======'machine_var_audits_missing_switches_s_trough_ball_4'====== Args={'value': 278, 'prev_value': None, 'change': True}
2025-04-13 16:48:43,687 : INFO : EventManager : Event: ======'machine_var_audits_missing_switches_s_trough_ball_5'====== Args={'value': 363, 'prev_value': None, 'change': True}
2025-04-13 16:48:43,687 : INFO : EventManager : Event: ======'machine_var_audits_missing_switches_s_trough_ball_6'====== Args={'value': 95, 'prev_value': None, 'change': True}
2025-04-13 16:48:43,687 : INFO : EventManager : Event: ======'machine_var_audits_missing_switches_s_up_button'====== Args={'value': 101, 'prev_value': None, 'change': True}
2025-04-13 16:48:43,687 : INFO : EventManager : Event: ======'machine_var_audits_player_score'====== Args={'value': {'average': 0, 'top': [], 'total': 0}, 'prev_value': None, 'change': True}
2025-04-13 16:48:43,687 : INFO : EventManager : Event: ======'machine_var_audits_shots_mead_shot'====== Args={'value': 223, 'prev_value': None, 'change': True}
2025-04-13 16:48:43,687 : INFO : EventManager : Event: ======'machine_var_audits_shots_percy_shot'====== Args={'value': 56, 'prev_value': None, 'change': True}
2025-04-13 16:48:43,687 : INFO : EventManager : Event: ======'machine_var_audits_shots_scanlan_shot'====== Args={'value': 121, 'prev_value': None, 'change': True}
2025-04-13 16:48:43,687 : INFO : EventManager : Event: ======'machine_var_audits_shots_video_shot_1'====== Args={'value': 24, 'prev_value': None, 'change': True}
2025-04-13 16:48:43,687 : INFO : EventManager : Event: ======'machine_var_audits_shots_video_shot_2'====== Args={'value': 20, 'prev_value': None, 'change': True}
2025-04-13 16:48:43,687 : INFO : EventManager : Event: ======'machine_var_audits_switches_s_3bank_tgt_d'====== Args={'value': 30, 'prev_value': None, 'change': True}
2025-04-13 16:48:43,687 : INFO : EventManager : Event: ======'machine_var_audits_switches_s_3bank_tgt_g'====== Args={'value': 41, 'prev_value': None, 'change': True}
2025-04-13 16:48:43,687 : INFO : EventManager : Event: ======'machine_var_audits_switches_s_3bank_tgt_o'====== Args={'value': 35, 'prev_value': None, 'change': True}
2025-04-13 16:48:43,687 : INFO : EventManager : Event: ======'machine_var_audits_switches_s_auto_launcher'====== Args={'value': 0, 'prev_value': None, 'change': True}
2025-04-13 16:48:43,687 : INFO : EventManager : Event: ======'machine_var_audits_switches_s_back_button'====== Args={'value': 0, 'prev_value': None, 'change': True}
2025-04-13 16:48:43,687 : INFO : EventManager : Event: ======'machine_var_audits_switches_s_ball_drain'====== Args={'value': 0, 'prev_value': None, 'change': True}
2025-04-13 16:48:43,687 : INFO : EventManager : Event: ======'machine_var_audits_switches_s_ball_lock_1'====== Args={'value': 148, 'prev_value': None, 'change': True}
2025-04-13 16:48:43,687 : INFO : EventManager : Event: ======'machine_var_audits_switches_s_ball_lock_2'====== Args={'value': 130, 'prev_value': None, 'change': True}
2025-04-13 16:48:43,687 : INFO : EventManager : Event: ======'machine_var_audits_switches_s_ball_lock_3'====== Args={'value': 130, 'prev_value': None, 'change': True}
2025-04-13 16:48:43,687 : INFO : EventManager : Event: ======'machine_var_audits_switches_s_blood_target'====== Args={'value': 372, 'prev_value': None, 'change': True}
2025-04-13 16:48:43,687 : INFO : EventManager : Event: ======'machine_var_audits_switches_s_down_button'====== Args={'value': 0, 'prev_value': None, 'change': True}
2025-04-13 16:48:43,687 : INFO : EventManager : Event: ======'machine_var_audits_switches_s_enter_button'====== Args={'value': 0, 'prev_value': None, 'change': True}
2025-04-13 16:48:43,687 : INFO : EventManager : Event: ======'machine_var_audits_switches_s_inlane_left'====== Args={'value': 9, 'prev_value': None, 'change': True}
2025-04-13 16:48:43,687 : INFO : EventManager : Event: ======'machine_var_audits_switches_s_inlane_right'====== Args={'value': 22, 'prev_value': None, 'change': True}
2025-04-13 16:48:43,687 : INFO : EventManager : Event: ======'machine_var_audits_switches_s_launch'====== Args={'value': 0, 'prev_value': None, 'change': True}
2025-04-13 16:48:43,687 : INFO : EventManager : Event: ======'machine_var_audits_switches_s_left_button_2'====== Args={'value': 240, 'prev_value': None, 'change': True}
2025-04-13 16:48:43,687 : INFO : EventManager : Event: ======'machine_var_audits_switches_s_left_flipper'====== Args={'value': 36, 'prev_value': None, 'change': True}
2025-04-13 16:48:43,688 : INFO : EventManager : Event: ======'machine_var_audits_switches_s_left_flipper_button'====== Args={'value': 230, 'prev_value': None, 'change': True}
2025-04-13 16:48:43,688 : INFO : EventManager : Event: ======'machine_var_audits_switches_s_left_flipper_eos'====== Args={'value': 209, 'prev_value': None, 'change': True}
2025-04-13 16:48:43,688 : INFO : EventManager : Event: ======'machine_var_audits_switches_s_left_inlane'====== Args={'value': 0, 'prev_value': None, 'change': True}
2025-04-13 16:48:43,688 : INFO : EventManager : Event: ======'machine_var_audits_switches_s_left_inner_lane'====== Args={'value': 0, 'prev_value': None, 'change': True}
2025-04-13 16:48:43,688 : INFO : EventManager : Event: ======'machine_var_audits_switches_s_left_outer_lane'====== Args={'value': 0, 'prev_value': None, 'change': True}
2025-04-13 16:48:43,688 : INFO : EventManager : Event: ======'machine_var_audits_switches_s_left_outlane'====== Args={'value': 0, 'prev_value': None, 'change': True}
2025-04-13 16:48:43,688 : INFO : EventManager : Event: ======'machine_var_audits_switches_s_left_ramp_entry_1'====== Args={'value': 1048, 'prev_value': None, 'change': True}
2025-04-13 16:48:43,688 : INFO : EventManager : Event: ======'machine_var_audits_switches_s_left_sling'====== Args={'value': 7, 'prev_value': None, 'change': True}
2025-04-13 16:48:43,688 : INFO : EventManager : Event: ======'machine_var_audits_switches_s_left_slingshot'====== Args={'value': 13, 'prev_value': None, 'change': True}
2025-04-13 16:48:43,688 : INFO : EventManager : Event: ======'machine_var_audits_switches_s_mead'====== Args={'value': 0, 'prev_value': None, 'change': True}
2025-04-13 16:48:43,688 : INFO : EventManager : Event: ======'machine_var_audits_switches_s_mode_opto'====== Args={'value': 113, 'prev_value': None, 'change': True}
2025-04-13 16:48:43,688 : INFO : EventManager : Event: ======'machine_var_audits_switches_s_newton_opto_made'====== Args={'value': 2, 'prev_value': None, 'change': True}
2025-04-13 16:48:43,688 : INFO : EventManager : Event: ======'machine_var_audits_switches_s_outlane_left'====== Args={'value': 3, 'prev_value': None, 'change': True}
2025-04-13 16:48:43,688 : INFO : EventManager : Event: ======'machine_var_audits_switches_s_outlane_right'====== Args={'value': 6, 'prev_value': None, 'change': True}
2025-04-13 16:48:43,688 : INFO : EventManager : Event: ======'machine_var_audits_switches_s_percy'====== Args={'value': 0, 'prev_value': None, 'change': True}
2025-04-13 16:48:43,688 : INFO : EventManager : Event: ======'machine_var_audits_switches_s_plunger'====== Args={'value': 9, 'prev_value': None, 'change': True}
2025-04-13 16:48:43,688 : INFO : EventManager : Event: ======'machine_var_audits_switches_s_pop_bumper_1'====== Args={'value': 58, 'prev_value': None, 'change': True}
2025-04-13 16:48:43,688 : INFO : EventManager : Event: ======'machine_var_audits_switches_s_pop_bumper_2'====== Args={'value': 29, 'prev_value': None, 'change': True}
2025-04-13 16:48:43,688 : INFO : EventManager : Event: ======'machine_var_audits_switches_s_pop_bumper_3'====== Args={'value': 44, 'prev_value': None, 'change': True}
2025-04-13 16:48:43,688 : INFO : EventManager : Event: ======'machine_var_audits_switches_s_ramp_up_1'====== Args={'value': 181, 'prev_value': None, 'change': True}
2025-04-13 16:48:43,688 : INFO : EventManager : Event: ======'machine_var_audits_switches_s_right_button_2'====== Args={'value': 63, 'prev_value': None, 'change': True}
2025-04-13 16:48:43,689 : INFO : EventManager : Event: ======'machine_var_audits_switches_s_right_flipper'====== Args={'value': 131, 'prev_value': None, 'change': True}
2025-04-13 16:48:43,689 : INFO : EventManager : Event: ======'machine_var_audits_switches_s_right_flipper_button'====== Args={'value': 61, 'prev_value': None, 'change': True}
2025-04-13 16:48:43,689 : INFO : EventManager : Event: ======'machine_var_audits_switches_s_right_flipper_eos'====== Args={'value': 58, 'prev_value': None, 'change': True}
2025-04-13 16:48:43,689 : INFO : EventManager : Event: ======'machine_var_audits_switches_s_right_inlane'====== Args={'value': 0, 'prev_value': None, 'change': True}
2025-04-13 16:48:43,689 : INFO : EventManager : Event: ======'machine_var_audits_switches_s_right_inner_lane'====== Args={'value': 0, 'prev_value': None, 'change': True}
2025-04-13 16:48:43,689 : INFO : EventManager : Event: ======'machine_var_audits_switches_s_right_orbit_1'====== Args={'value': 77, 'prev_value': None, 'change': True}
2025-04-13 16:48:43,689 : INFO : EventManager : Event: ======'machine_var_audits_switches_s_right_outer_lane'====== Args={'value': 0, 'prev_value': None, 'change': True}
2025-04-13 16:48:43,689 : INFO : EventManager : Event: ======'machine_var_audits_switches_s_right_outlane'====== Args={'value': 0, 'prev_value': None, 'change': True}
2025-04-13 16:48:43,689 : INFO : EventManager : Event: ======'machine_var_audits_switches_s_right_ramp_entry_1'====== Args={'value': 106, 'prev_value': None, 'change': True}
2025-04-13 16:48:43,689 : INFO : EventManager : Event: ======'machine_var_audits_switches_s_right_sling'====== Args={'value': 3, 'prev_value': None, 'change': True}
2025-04-13 16:48:43,690 : INFO : EventManager : Event: ======'machine_var_audits_switches_s_right_slingshot'====== Args={'value': 22, 'prev_value': None, 'change': True}
2025-04-13 16:48:43,690 : INFO : EventManager : Event: ======'machine_var_audits_switches_s_scanlan'====== Args={'value': 0, 'prev_value': None, 'change': True}
2025-04-13 16:48:43,690 : INFO : EventManager : Event: ======'machine_var_audits_switches_s_shooter_lane'====== Args={'value': 232, 'prev_value': None, 'change': True}
2025-04-13 16:48:43,690 : INFO : EventManager : Event: ======'machine_var_audits_switches_s_spinner'====== Args={'value': 487, 'prev_value': None, 'change': True}
2025-04-13 16:48:43,690 : INFO : EventManager : Event: ======'machine_var_audits_switches_s_start'====== Args={'value': 38, 'prev_value': None, 'change': True}
2025-04-13 16:48:43,690 : INFO : EventManager : Event: ======'machine_var_audits_switches_s_start_button'====== Args={'value': 4, 'prev_value': None, 'change': True}
2025-04-13 16:48:43,690 : INFO : EventManager : Event: ======'machine_var_audits_switches_s_switch_2'====== Args={'value': 0, 'prev_value': None, 'change': True}
2025-04-13 16:48:43,690 : INFO : EventManager : Event: ======'machine_var_audits_switches_s_trough_1'====== Args={'value': 4, 'prev_value': None, 'change': True}
2025-04-13 16:48:43,690 : INFO : EventManager : Event: ======'machine_var_audits_switches_s_trough_2'====== Args={'value': 103, 'prev_value': None, 'change': True}
2025-04-13 16:48:43,690 : INFO : EventManager : Event: ======'machine_var_audits_switches_s_trough_3'====== Args={'value': 109, 'prev_value': None, 'change': True}
2025-04-13 16:48:43,690 : INFO : EventManager : Event: ======'machine_var_audits_switches_s_trough_4'====== Args={'value': 97, 'prev_value': None, 'change': True}
2025-04-13 16:48:43,690 : INFO : EventManager : Event: ======'machine_var_audits_switches_s_trough_5'====== Args={'value': 94, 'prev_value': None, 'change': True}
2025-04-13 16:48:43,690 : INFO : EventManager : Event: ======'machine_var_audits_switches_s_trough_6'====== Args={'value': 130, 'prev_value': None, 'change': True}
2025-04-13 16:48:43,690 : INFO : EventManager : Event: ======'machine_var_audits_switches_s_trough_7'====== Args={'value': 221, 'prev_value': None, 'change': True}
2025-04-13 16:48:43,690 : INFO : EventManager : Event: ======'machine_var_audits_switches_s_trough_ball'====== Args={'value': 259, 'prev_value': None, 'change': True}
2025-04-13 16:48:43,690 : INFO : EventManager : Event: ======'machine_var_audits_switches_s_trough_ball_1'====== Args={'value': 4, 'prev_value': None, 'change': True}
2025-04-13 16:48:43,690 : INFO : EventManager : Event: ======'machine_var_audits_switches_s_trough_ball_2'====== Args={'value': 4, 'prev_value': None, 'change': True}
2025-04-13 16:48:43,690 : INFO : EventManager : Event: ======'machine_var_audits_switches_s_trough_ball_3'====== Args={'value': 1, 'prev_value': None, 'change': True}
2025-04-13 16:48:43,690 : INFO : EventManager : Event: ======'machine_var_audits_switches_s_trough_ball_4'====== Args={'value': 0, 'prev_value': None, 'change': True}
2025-04-13 16:48:43,690 : INFO : EventManager : Event: ======'machine_var_audits_switches_s_trough_ball_5'====== Args={'value': 0, 'prev_value': None, 'change': True}
2025-04-13 16:48:43,690 : INFO : EventManager : Event: ======'machine_var_audits_switches_s_trough_ball_6'====== Args={'value': 1, 'prev_value': None, 'change': True}
2025-04-13 16:48:43,690 : INFO : EventManager : Event: ======'machine_var_audits_switches_s_trough_ball_jam'====== Args={'value': 288, 'prev_value': None, 'change': True}
2025-04-13 16:48:43,690 : INFO : EventManager : Event: ======'machine_var_audits_switches_s_trough_eject_coil'====== Args={'value': 0, 'prev_value': None, 'change': True}
2025-04-13 16:48:43,690 : INFO : EventManager : Event: ======'machine_var_audits_switches_s_up_button'====== Args={'value': 0, 'prev_value': None, 'change': True}
2025-04-13 16:48:43,690 : INFO : EventManager : Event: ======'init_phase_5'====== Args={}
2025-04-13 16:48:43,691 : INFO : EventManager : Event: ======'init_done'====== Args={}
2025-04-13 16:48:43,691 : INFO : EventManager : Event: ======'machine_reset_phase_1'====== Args={}
2025-04-13 16:48:43,705 : INFO : EventManager : Event: ======'machine_reset_phase_2'====== Args={}
2025-04-13 16:48:43,706 : INFO : EventManager : Event: ======'machine_reset_phase_3'====== Args={}
2025-04-13 16:48:43,706 : INFO : EventManager : Event: ======'mode_tilt_will_start'====== Args={'queue': <QueuedEvent>}
2025-04-13 16:48:43,706 : INFO : EventManager : Event: ======'mode_tilt_starting'====== Args={'queue': <QueuedEvent>}
2025-04-13 16:48:43,707 : INFO : EventManager : Event: ======'mode_attract_will_start'====== Args={'queue': <QueuedEvent>}
2025-04-13 16:48:43,707 : INFO : EventManager : Event: ======'mode_attract_starting'====== Args={'queue': <QueuedEvent>}
2025-04-13 16:48:43,707 : INFO : EventManager : Event: ======'diverter_diverter_deactivating'====== Args={}
2025-04-13 16:48:43,707 : INFO : coil.c_diverter : Disabling Driver
2025-04-13 16:48:43,708 : INFO : Mode.attract : Started. Priority: 10
2025-04-13 16:48:43,708 : INFO : EventManager : Event: ======'modes_active_modes_changed'====== Args={}
2025-04-13 16:48:43,708 : INFO : EventManager : Event: ======'mode_attract_started'====== Args={'queue': <QueuedEvent>}
2025-04-13 16:48:43,710 : INFO : Mode.tilt : Started. Priority: 1000000
2025-04-13 16:48:43,710 : INFO : EventManager : Event: ======'modes_active_modes_changed'====== Args={}
2025-04-13 16:48:43,710 : INFO : EventManager : Event: ======'mode_tilt_started'====== Args={'queue': <QueuedEvent>}
2025-04-13 16:48:43,711 : INFO : EventManager : Event: ======'reset_complete'====== Args={}
2025-04-13 16:48:43,712 : INFO : Machine : Starting the main run loop.
2025-04-13 16:48:43,773 : INFO : EventManager : Event: ======'slide_attract_created'====== Args={'_from_bcp': True}
2025-04-13 16:48:43,773 : INFO : EventManager : Event: ======'slide__removed'====== Args={'_from_bcp': True}
2025-04-13 16:48:43,774 : INFO : EventManager : Event: ======'slide_attract_active'====== Args={'original_context': 'attract', 'original_calling_context': 'mode_attract_started', 'priority': 10.0, 'queue': '<QueuedEvent>', 'cmd': 'slides_play', '_from_bcp': True}
2025-04-13 16:48:52,073 : INFO : SwitchController : <<<<<<< 's_start_button' inactive >>>>>>>
2025-04-13 16:48:52,164 : INFO : SwitchController : <<<<<<< 's_start_button' active >>>>>>>
2025-04-13 16:48:52,165 : INFO : EventManager : Event: ======'s_start_button_active'====== Args={}
2025-04-13 16:48:52,165 : INFO : Mode.attract : Start button pressed. Starting game...
2025-04-13 16:48:52,165 : INFO : EventManager : Event: ======'request_to_start_game'====== Args={}
2025-04-13 16:48:52,165 : INFO : EventManager : Event: ======'game_start'====== Args={'priority': 0}
2025-04-13 16:48:52,165 : INFO : EventManager : Event: ======'mode_game_will_start'====== Args={'priority': 0}
2025-04-13 16:48:52,167 : INFO : EventManager : Event: ======'mode_game_starting'====== Args={'priority': 0}
2025-04-13 16:48:52,167 : INFO : EventManager : Event: ======'mode_attract_will_stop'====== Args={}
2025-04-13 16:48:52,167 : INFO : EventManager : Event: ======'mode_attract_stopping'====== Args={}
2025-04-13 16:48:52,167 : INFO : Mode.attract : Stopped.
2025-04-13 16:48:52,167 : INFO : EventManager : Event: ======'modes_active_modes_changed'====== Args={}
2025-04-13 16:48:52,168 : INFO : EventManager : Event: ======'mode_attract_stopped'====== Args={}
2025-04-13 16:48:52,168 : INFO : EventManager : Event: ======'clear'====== Args={'key': 'attract'}
2025-04-13 16:48:52,168 : INFO : Mode.game : Started. Priority: 20
2025-04-13 16:48:52,168 : INFO : EventManager : Event: ======'modes_active_modes_changed'====== Args={}
2025-04-13 16:48:52,168 : INFO : EventManager : Event: ======'mode_game_started'====== Args={'priority': 0}
2025-04-13 16:48:52,169 : INFO : EventManager : Event: ======'game_will_start'====== Args={}
2025-04-13 16:48:52,170 : INFO : EventManager : Event: ======'game_starting'====== Args={'game': <Mode.game>}
2025-04-13 16:48:52,171 : INFO : EventManager : Unordered handler for class <Auditor> on event game_ended with priority 1. Handlers: [RegisteredHandler(callback=<bound method Auditor.disable of <Auditor>>, priority=1, kwargs={}, key=UUID('8477fc44-84b0-4d27-953b-5dba5beabc0a'), condition=None, blocking_facility=None), RegisteredHandler(callback=<bound method Auditor._save_audits of <Auditor>>, priority=1, kwargs={}, key=UUID('8b30f485-5130-4fe5-9f67-952887989bdb'), condition=None, blocking_facility=None)]. The order of those handlers is not defined and they will be executed in random order. This might lead to race conditions and potential bugs.
2025-04-13 16:48:52,172 : INFO : EventManager : Event: ======'player_add_request'====== Args={}
2025-04-13 16:48:52,173 : INFO : EventManager : Event: ======'player_will_add'====== Args={'number': 1}
2025-04-13 16:48:52,173 : INFO : EventManager : Event: ======'player_adding'====== Args={'player': <Player 1>, 'number': 1}
2025-04-13 16:48:52,174 : INFO : EventManager : Event: ======'player_added'====== Args={'player': <Player 1>, 'num': 1}
2025-04-13 16:48:52,174 : INFO : Mode.game : Player added successfully. Total players: 1
2025-04-13 16:48:52,174 : INFO : EventManager : Event: ======'player_index'====== Args={'value': 0, 'prev_value': 0, 'change': 0, 'player_num': 1}
2025-04-13 16:48:52,174 : INFO : EventManager : Event: ======'player_number'====== Args={'value': 1, 'prev_value': 1, 'change': 0, 'player_num': 1}
2025-04-13 16:48:52,176 : INFO : EventManager : Event: ======'player_game_mode_active'====== Args={'value': 0, 'prev_value': 0, 'change': 0, 'player_num': 1}
2025-04-13 16:48:52,176 : INFO : EventManager : Event: ======'player_current_game_mode'====== Args={'value': 'None', 'prev_value': 'None', 'change': False, 'player_num': 1}
2025-04-13 16:48:52,176 : INFO : EventManager : Event: ======'player_phase1_complete'====== Args={'value': 0, 'prev_value': 0, 'change': 0, 'player_num': 1}
2025-04-13 16:48:52,176 : INFO : EventManager : Event: ======'player_dog_hunt_complete'====== Args={'value': 0, 'prev_value': 0, 'change': 0, 'player_num': 1}
2025-04-13 16:48:52,176 : INFO : EventManager : Event: ======'player_discovery_complete'====== Args={'value': 0, 'prev_value': 0, 'change': 0, 'player_num': 1}
2025-04-13 16:48:52,176 : INFO : EventManager : Event: ======'player_infected_complete'====== Args={'value': 0, 'prev_value': 0, 'change': 0, 'player_num': 1}
2025-04-13 16:48:52,176 : INFO : EventManager : Event: ======'player_blood_test_complete'====== Args={'value': 0, 'prev_value': 0, 'change': 0, 'player_num': 1}
2025-04-13 16:48:52,176 : INFO : EventManager : Event: ======'player_spider_head_complete'====== Args={'value': 0, 'prev_value': 0, 'change': 0, 'player_num': 1}
2025-04-13 16:48:52,176 : INFO : EventManager : Event: ======'player_wizard_complete'====== Args={'value': 0, 'prev_value': 0, 'change': 0, 'player_num': 1}
2025-04-13 16:48:52,176 : INFO : EventManager : Event: ======'player_ball_lock_complete'====== Args={'value': 0, 'prev_value': 0, 'change': 0, 'player_num': 1}
2025-04-13 16:48:52,176 : INFO : EventManager : Event: ======'player_multiball_complete'====== Args={'value': 0, 'prev_value': 0, 'change': 0, 'player_num': 1}
2025-04-13 16:48:52,177 : INFO : EventManager : Event: ======'player_spinner_value'====== Args={'value': 0, 'prev_value': 0, 'change': 0, 'player_num': 1}
2025-04-13 16:48:52,177 : INFO : EventManager : Event: ======'player_pop_bumper_value'====== Args={'value': 0, 'prev_value': 0, 'change': 0, 'player_num': 1}
2025-04-13 16:48:52,177 : INFO : EventManager : Event: ======'player_newton_shots'====== Args={'value': 0, 'prev_value': 0, 'change': 0, 'player_num': 1}
2025-04-13 16:48:52,177 : INFO : EventManager : Event: ======'player_locked_balls'====== Args={'value': 0, 'prev_value': 0, 'change': 0, 'player_num': 1}
2025-04-13 16:48:52,177 : INFO : EventManager : Event: ======'player_balls_in_play'====== Args={'value': 1, 'prev_value': 1, 'change': 0, 'player_num': 1}
2025-04-13 16:48:52,177 : INFO : EventManager : Event: ======'player_jackpot_value'====== Args={'value': 10000, 'prev_value': 10000, 'change': 0, 'player_num': 1}
2025-04-13 16:48:52,177 : INFO : EventManager : Event: ======'player_left_ramp_hits'====== Args={'value': 0, 'prev_value': 0, 'change': 0, 'player_num': 1}
2025-04-13 16:48:52,177 : INFO : EventManager : Event: ======'player_left_ramp_lock_hits'====== Args={'value': 0, 'prev_value': 0, 'change': 0, 'player_num': 1}
2025-04-13 16:48:52,177 : INFO : EventManager : Event: ======'player_spinner_hits'====== Args={'value': 0, 'prev_value': 0, 'change': 0, 'player_num': 1}
2025-04-13 16:48:52,178 : INFO : EventManager : Event: ======'player_pop_bumper_wizard'====== Args={'value': 0, 'prev_value': 0, 'change': 0, 'player_num': 1}
2025-04-13 16:48:52,178 : INFO : EventManager : Event: ======'player_ball_lock_active'====== Args={'value': 0, 'prev_value': 0, 'change': 0, 'player_num': 1}
2025-04-13 16:48:52,178 : INFO : EventManager : Event: ======'player_super_jackpot_value'====== Args={'value': 100000, 'prev_value': 100000, 'change': 0, 'player_num': 1}
2025-04-13 16:48:52,178 : INFO : EventManager : Event: ======'player_jackpot_state'====== Args={'value': 0, 'prev_value': 0, 'change': 0, 'player_num': 1}
2025-04-13 16:48:52,178 : INFO : EventManager : Event: ======'player_right_ramp_valid'====== Args={'value': 0, 'prev_value': 0, 'change': 0, 'player_num': 1}
2025-04-13 16:48:52,178 : INFO : EventManager : Event: ======'player_score'====== Args={'value': 0, 'prev_value': 0, 'change': 0, 'player_num': 1}
2025-04-13 16:48:52,178 : INFO : EventManager : Event: ======'game_started'====== Args={}
2025-04-13 16:48:52,179 : INFO : drop_target_bank.vuk_bank : All targets are already up. Will not reset bank.
2025-04-13 16:48:52,179 : INFO : EventManager : Event: ======'setup_game_variables'====== Args={'priority': 0}
2025-04-13 16:48:52,179 : INFO : EventManager : Event: ======'player_turn_will_start'====== Args={'player': <Player 1>, 'number': 1}
2025-04-13 16:48:52,179 : INFO : EventManager : Event: ======'player_turn_starting'====== Args={'player': <Player 1>, 'number': 1}
2025-04-13 16:48:52,181 : INFO : EventManager : Event: ======'player_ball'====== Args={'value': 1, 'prev_value': 0, 'change': 1, 'player_num': 1}
2025-04-13 16:48:52,181 : INFO : EventManager : Event: ======'player_turn_started'====== Args={'player': <Player 1>, 'number': 1}
2025-04-13 16:48:52,181 : INFO : EventManager : Event: ======'ball_will_start'====== Args={'player': 1, 'ball': 1, 'balls_remaining': 2, 'is_extra_ball': False}
2025-04-13 16:48:52,181 : INFO : EventManager : Event: ======'ball_starting'====== Args={'player': 1, 'ball': 1, 'balls_remaining': 2, 'is_extra_ball': False}
2025-04-13 16:48:52,183 : INFO : EventManager : Event: ======'mode_base_will_start'====== Args={'queue': <QueuedEvent>, 'player': 1, 'ball': 1, 'balls_remaining': 2, 'is_extra_ball': False}
2025-04-13 16:48:52,183 : INFO : EventManager : Event: ======'player_base_mode_timer_tick'====== Args={'value': 60, 'prev_value': 0, 'change': 60, 'player_num': 1}
2025-04-13 16:48:52,185 : INFO : EventManager : Event: ======'mode_base_starting'====== Args={'queue': <QueuedEvent>, 'player': 1, 'ball': 1, 'balls_remaining': 2, 'is_extra_ball': False}
2025-04-13 16:48:52,185 : INFO : EventManager : Event: ======'bd_trough_eject'====== Args={'priority': 0}
2025-04-13 16:48:52,186 : INFO : Mode.base : Started. Priority: 100
2025-04-13 16:48:52,186 : INFO : EventManager : Event: ======'modes_active_modes_changed'====== Args={}
2025-04-13 16:48:52,186 : INFO : EventManager : Event: ======'mode_base_started'====== Args={'queue': <QueuedEvent>, 'player': 1, 'ball': 1, 'balls_remaining': 2, 'is_extra_ball': False}
2025-04-13 16:48:52,186 : INFO : EventManager : Event: ======'balls_in_play'====== Args={'balls': 1}
2025-04-13 16:48:52,186 : INFO : EventManager : Event: ======'ball_started'====== Args={'player': 1, 'ball': 1, 'balls_remaining': 2, 'is_extra_ball': False}
2025-04-13 16:48:52,197 : INFO : EventManager : Event: ======'mode_mode_switcher_will_start'====== Args={'player': 1, 'ball': 1, 'balls_remaining': 2, 'is_extra_ball': False}
2025-04-13 16:48:52,198 : INFO : EventManager : Event: ======'mode_mode_switcher_starting'====== Args={'player': 1, 'ball': 1, 'balls_remaining': 2, 'is_extra_ball': False}
2025-04-13 16:48:52,198 : INFO : EventManager : Event: ======'ball_save_ball_save_enabled'====== Args={}
2025-04-13 16:48:52,198 : INFO : EventManager : Event: ======'logicblock_spinner_value_updated'====== Args={'value': 0, 'enabled': True}
2025-04-13 16:48:52,199 : INFO : EventManager : Event: ======'logicblock_newton_hit_counter_updated'====== Args={'value': 0, 'enabled': True}
2025-04-13 16:48:52,199 : INFO : EventManager : Event: ======'logicblock_diverter_pattern_updated'====== Args={'value': 0, 'enabled': True}
2025-04-13 16:48:52,199 : INFO : EventManager : Event: ======'logicblock_blood_target_counter_updated'====== Args={'value': 0, 'enabled': True}
2025-04-13 16:48:52,199 : INFO : drop_target_bank.vuk_bank : All targets are already up. Will not reset bank.
2025-04-13 16:48:52,199 : INFO : EventManager : Event: ======'logicblock_blood_target_counter_updated'====== Args={'value': 0, 'enabled': True}
2025-04-13 16:48:52,199 : INFO : EventManager : Event: ======'logicblock_blood_target_counter_updated'====== Args={'value': 0, 'enabled': True}
2025-04-13 16:48:52,200 : INFO : EventManager : Event: ======'reset_player_shot_counters'====== Args={'priority': 0}
2025-04-13 16:48:52,201 : INFO : EventManager : Event: ======'pulse_upramp_on_start'====== Args={'priority': 0}
2025-04-13 16:48:52,201 : INFO : coil.c_upramp : Pulsing Driver for 30ms (1.0 pulse_power)
2025-04-13 16:48:52,201 : INFO : Mode.mode_switcher : Started. Priority: 500
2025-04-13 16:48:52,201 : INFO : EventManager : Event: ======'modes_active_modes_changed'====== Args={}
2025-04-13 16:48:52,201 : INFO : EventManager : Event: ======'mode_mode_switcher_started'====== Args={'player': 1, 'ball': 1, 'balls_remaining': 2, 'is_extra_ball': False}
2025-04-13 16:48:52,201 : INFO : Mode.mode_switcher : Mode Switcher started
2025-04-13 16:48:52,201 : INFO : EventManager : Event: ======'machine_var_qualified_mode'====== Args={'value': 'none', 'prev_value': 'None', 'change': True}
2025-04-13 16:48:52,202 : INFO : EventManager : Event: ======'single_player_ball_started'====== Args={}
2025-04-13 16:48:52,203 : INFO : EventManager : Event: ======'ball_start_target'====== Args={'target': 'playfield'}
2025-04-13 16:48:52,204 : INFO : ball_device.bd_shooter_lane : Setting up player-controlled eject. Balls: 1, Target: <playfield.playfield>, player_controlled_eject_event: None
2025-04-13 16:48:52,204 : INFO : EventManager : Event: ======'balldevice_balls_available'====== Args={}
2025-04-13 16:48:52,206 : INFO : ball_device.bd_trough : State: waiting_for_target_ready
2025-04-13 16:48:52,206 : INFO : EventManager : Event: ======'balldevice_bd_trough_ball_eject_attempt'====== Args={'balls': 1, 'target': <ball_device.bd_shooter_lane>, 'source': <ball_device.bd_trough>, 'mechanical_eject': True, 'num_attempts': 0}
2025-04-13 16:48:52,207 : INFO : ball_device.bd_shooter_lane : State: waiting_for_ball
2025-04-13 16:48:52,207 : INFO : ball_device.bd_trough : State: ejecting
2025-04-13 16:48:52,207 : INFO : ball_device.bd_trough : Ejecting ball to <ball_device.bd_shooter_lane>
2025-04-13 16:48:52,207 : INFO : EventManager : Event: ======'balldevice_bd_trough_ejecting_ball'====== Args={'balls': 1, 'target': <ball_device.bd_shooter_lane>, 'source': <ball_device.bd_trough>, 'mechanical_eject': True, 'num_attempts': 0}
2025-04-13 16:48:52,208 : INFO : ball_device.bd_trough : Wait for ball to leave device
2025-04-13 16:48:52,242 : INFO : coil.c_trough : Pulsing Driver for 25ms (1.0 pulse_power)
2025-04-13 16:48:52,243 : INFO : SwitchController : <<<<<<< 's_ramp_up_1' active >>>>>>>
2025-04-13 16:48:52,243 : INFO : EventManager : Event: ======'sw_playfield_active'====== Args={}
2025-04-13 16:48:52,243 : INFO : EventManager : Event: ======'machine_var_audits_switches_s_ramp_up_1'====== Args={'value': 182, 'prev_value': 181, 'change': 1}
2025-04-13 16:48:52,243 : INFO : EventManager : Event: ======'playfield_active'====== Args={'source': None}
2025-04-13 16:48:52,243 : INFO : EventManager : Event: ======'unexpected_ball_on_playfield'====== Args={}
2025-04-13 16:48:52,259 : INFO : SwitchController : <<<<<<< 's_ramp_up_1' inactive >>>>>>>
2025-04-13 16:48:52,261 : INFO : EventManager : Event: ======'slide_base_slide_created'====== Args={'_from_bcp': True}
2025-04-13 16:48:52,262 : INFO : EventManager : Event: ======'slide_attract_inactive'====== Args={'is_removing': True, '_from_bcp': True}
2025-04-13 16:48:52,262 : INFO : EventManager : Event: ======'slide_base_slide_active'====== Args={'original_context': 'base', 'original_calling_context': 'mode_base_started', 'priority': 100.0, 'queue': '<QueuedEvent>', 'player': 1.0, 'ball': 1.0, 'balls_remaining': 2.0, 'is_extra_ball': False, 'cmd': 'slides_play', '_from_bcp': True}
2025-04-13 16:48:52,262 : INFO : EventManager : Event: ======'slide_attract_removed'====== Args={'_from_bcp': True}
2025-04-13 16:48:52,274 : INFO : SwitchController : <<<<<<< 's_ramp_up_1' active >>>>>>>
2025-04-13 16:48:52,274 : INFO : EventManager : Event: ======'sw_playfield_active'====== Args={}
2025-04-13 16:48:52,274 : INFO : EventManager : Event: ======'machine_var_audits_switches_s_ramp_up_1'====== Args={'value': 183, 'prev_value': 182, 'change': 1}
2025-04-13 16:48:52,275 : INFO : SwitchController : <<<<<<< 's_trough_ball_jam' active >>>>>>>
2025-04-13 16:48:52,275 : INFO : EventManager : Event: ======'machine_var_audits_switches_s_trough_ball_jam'====== Args={'value': 289, 'prev_value': 288, 'change': 1}
2025-04-13 16:48:52,275 : INFO : EventManager : Event: ======'playfield_active'====== Args={'source': None}
2025-04-13 16:48:52,275 : INFO : EventManager : Event: ======'unexpected_ball_on_playfield'====== Args={}
2025-04-13 16:48:52,289 : INFO : SwitchController : <<<<<<< 's_trough_ball_jam' inactive >>>>>>>
2025-04-13 16:48:52,353 : INFO : SwitchController : <<<<<<< 's_trough_ball' inactive >>>>>>>
2025-04-13 16:48:52,355 : INFO : ball_device.bd_trough : State: ball_left
2025-04-13 16:48:52,355 : INFO : ball_device.bd_trough : Ball left
2025-04-13 16:48:52,356 : INFO : ball_device.bd_trough : Wait for confirm with timeout 3.0
2025-04-13 16:48:55,340 : INFO : ball_device.bd_trough : State: failed_confirm
2025-04-13 16:48:55,340 : INFO : ball_device.bd_trough : Got timeout (3.0s) before confirm from <ball_device.bd_shooter_lane>
2025-04-13 16:48:55,342 : INFO : ball_device.bd_shooter_lane : Expecting incoming ball which may skip the device.
2025-04-13 16:48:55,342 : INFO : EventManager : Event: ======'balldevice_bd_shooter_lane_ejecting_ball'====== Args={'balls': 1, 'target': <playfield.playfield>, 'source': <ball_device.bd_shooter_lane>, 'mechanical_eject': False, 'num_attempts': 1}
2025-04-13 16:49:00,338 : INFO : ball_device.bd_shooter_lane : Got confirm for skipping ball.
2025-04-13 16:49:00,338 : INFO : ball_device.bd_shooter_lane : Eject successful
2025-04-13 16:49:00,338 : INFO : EventManager : Event: ======'balldevice_bd_shooter_lane_ball_eject_success'====== Args={'balls': 1, 'target': <playfield.playfield>}
2025-04-13 16:49:00,339 : INFO : EventManager : Event: ======'ball_save_ball_save_timer_start'====== Args={}
2025-04-13 16:49:00,339 : INFO : EventManager : Event: ======'balldevice_playfield_ball_enter'====== Args={'new_balls': 1, 'unclaimed_balls': 1, 'device': <playfield.playfield>}
2025-04-13 16:49:00,339 : INFO : EventManager : Event: ======'playfield_ball_count_change'====== Args={'balls': 1, 'change': 1}
2025-04-13 16:49:00,339 : INFO : ball_device.bd_shooter_lane : State: idle
2025-04-13 16:49:00,340 : INFO : ball_device.bd_trough : Eject successful
2025-04-13 16:49:00,340 : INFO : EventManager : Event: ======'balldevice_bd_trough_ball_eject_success'====== Args={'balls': 1, 'target': <ball_device.bd_shooter_lane>}
2025-04-13 16:49:00,341 : INFO : EventManager : Event: ======'balldevice_bd_trough_ball_count_changed'====== Args={'balls': 0}
2025-04-13 16:49:00,341 : INFO : ball_device.bd_trough : State: idle
2025-04-13 16:49:04,198 : INFO : Machine : Shutting down...
2025-04-13 16:49:04,199 : INFO : EventManager : Event: ======'shutdown'====== Args={}
2025-04-13 16:49:04,202 : INFO : EventManager : Event: ======'mode_game_will_stop'====== Args={}
2025-04-13 16:49:04,202 : INFO : EventManager : Event: ======'mode_game_stopping'====== Args={}
2025-04-13 16:49:04,203 : INFO : EventManager : Event: ======'mode_base_will_stop'====== Args={}
2025-04-13 16:49:04,203 : INFO : EventManager : Event: ======'mode_base_stopping'====== Args={}
2025-04-13 16:49:04,203 : INFO : EventManager : Event: ======'mode_mode_switcher_will_stop'====== Args={}
2025-04-13 16:49:04,203 : INFO : EventManager : Event: ======'mode_mode_switcher_stopping'====== Args={}
2025-04-13 16:49:04,205 : INFO : Mode.mode_switcher : Stopped.
2025-04-13 16:49:04,205 : INFO : EventManager : Event: ======'modes_active_modes_changed'====== Args={}
2025-04-13 16:49:04,206 : INFO : EventManager : Event: ======'mode_mode_switcher_stopped'====== Args={}
2025-04-13 16:49:04,206 : INFO : EventManager : Event: ======'clear'====== Args={'key': 'mode_switcher'}
2025-04-13 16:49:04,206 : INFO : Mode.base : Stopped.
2025-04-13 16:49:04,206 : INFO : EventManager : Event: ======'modes_active_modes_changed'====== Args={}
2025-04-13 16:49:04,207 : INFO : EventManager : Event: ======'mode_base_stopped'====== Args={}
2025-04-13 16:49:04,207 : INFO : EventManager : Event: ======'clear'====== Args={'key': 'base'}
2025-04-13 16:49:04,207 : INFO : Timer.mode_timer : Stopping Timer
2025-04-13 16:49:04,207 : INFO : EventManager : Event: ======'timer_mode_timer_stopped'====== Args={'ticks': 60, 'ticks_remaining': 0}
2025-04-13 16:49:04,208 : INFO : Mode.game : Stopped.
2025-04-13 16:49:04,209 : INFO : EventManager : Event: ======'modes_active_modes_changed'====== Args={}
2025-04-13 16:49:04,209 : INFO : EventManager : Event: ======'mode_game_stopped'====== Args={}
2025-04-13 16:49:04,209 : INFO : EventManager : Event: ======'clear'====== Args={'key': 'game'}
2025-04-13 16:49:04,321 : INFO : root : MPF run loop ended.
