2025-03-23 21:30:25,518 : INFO : root : Loading config.
2025-03-23 21:30:25,521 : INFO : YamlMultifileConfigLoader : Machine config file #1: config.yaml
2025-03-23 21:30:25,521 : INFO : ConfigProcessor : Loading config from file C:\Users\homebrew\AppData\Local\Programs\Python\Python312\Lib\site-packages\mpf\mpfconfig.yaml.
2025-03-23 21:30:25,526 : INFO : ConfigProcessor : Loading config: C:\Users\homebrew\AppData\Local\Programs\Python\Python312\Lib\site-packages\mpf\mpfconfig.yaml
2025-03-23 21:30:25,526 : INFO : ConfigProcessor : Loading config from file C:\Users\homebrew\Desktop\thing_pinball\config\config.yaml.
2025-03-23 21:30:25,536 : INFO : ConfigProcessor : Loading config: C:\Users\homebrew\Desktop\thing_pinball\config\config.yaml
2025-03-23 21:30:25,536 : INFO : ConfigProcessor : Loading config: C:\Users\homebrew\Desktop\thing_pinball\config\service_mode.yaml
2025-03-23 21:30:25,536 : INFO : ConfigProcessor : Config file cache created: C:\Users\homebrew\AppData\Local\Temp\775282453bb9ae39cad69c39ab867a35.mpf_cache
2025-03-23 21:30:25,628 : INFO : ConfigProcessor : Loading config from file C:\Users\homebrew\AppData\Local\Programs\Python\Python312\Lib\site-packages\mpf\modes\attract\config\attract.yaml.
2025-03-23 21:30:25,628 : INFO : ConfigProcessor : Loading config: C:\Users\homebrew\AppData\Local\Programs\Python\Python312\Lib\site-packages\mpf\modes\attract\config\attract.yaml
2025-03-23 21:30:25,628 : INFO : ConfigProcessor : Loading config from file C:\Users\homebrew\Desktop\thing_pinball\modes\attract\config\attract.yaml.
2025-03-23 21:30:25,628 : INFO : ConfigProcessor : Loading config: C:\Users\homebrew\Desktop\thing_pinball\modes\attract\config\attract.yaml
2025-03-23 21:30:25,628 : INFO : ConfigProcessor : Config file cache created: C:\Users\homebrew\AppData\Local\Temp\14eb6f99ffd433bf1b6bfef7e8b96202.mpf_cache
2025-03-23 21:30:25,628 : INFO : ConfigProcessor : Loading config from cache: C:\Users\homebrew\AppData\Local\Temp\3a13d33aed1669bafe3e56d7baff78a0.mpf_cache
2025-03-23 21:30:25,628 : INFO : ConfigProcessor : Loading config from file C:\Users\homebrew\Desktop\thing_pinball\modes\base\config\base.yaml.
2025-03-23 21:30:25,628 : INFO : ConfigProcessor : Loading config: C:\Users\homebrew\Desktop\thing_pinball\modes\base\config\base.yaml
2025-03-23 21:30:25,628 : INFO : ConfigProcessor : Config file cache created: C:\Users\homebrew\AppData\Local\Temp\1352604168843921958881d1d8dd3c1b.mpf_cache
2025-03-23 21:30:25,628 : INFO : ConfigProcessor : Loading config from cache: C:\Users\homebrew\AppData\Local\Temp\14eb6f99ffd433bf1b6bfef7e8b96202.mpf_cache
2025-03-23 21:30:25,651 : INFO : ConfigProcessor : Loading config from cache: C:\Users\homebrew\AppData\Local\Temp\3a13d33aed1669bafe3e56d7baff78a0.mpf_cache
2025-03-23 21:30:25,651 : INFO : ConfigProcessor : Loading config from file C:\Users\homebrew\AppData\Local\Programs\Python\Python312\Lib\site-packages\mpf\modes\service\config\service.yaml.
2025-03-23 21:30:25,651 : INFO : ConfigProcessor : Loading config: C:\Users\homebrew\AppData\Local\Programs\Python\Python312\Lib\site-packages\mpf\modes\service\config\service.yaml
2025-03-23 21:30:25,651 : INFO : ConfigProcessor : Loading config from file C:\Users\homebrew\Desktop\thing_pinball\modes\service\config\service.yaml.
2025-03-23 21:30:25,651 : INFO : ConfigProcessor : Loading config: C:\Users\homebrew\Desktop\thing_pinball\modes\service\config\service.yaml
2025-03-23 21:30:25,651 : INFO : ConfigProcessor : Config file cache created: C:\Users\homebrew\AppData\Local\Temp\82108c9d10735fbef5e8cced18b7d831.mpf_cache
2025-03-23 21:30:25,660 : INFO : ConfigProcessor : Loading config from file C:\Users\homebrew\AppData\Local\Programs\Python\Python312\Lib\site-packages\mpf\modes\tilt\config\tilt.yaml.
2025-03-23 21:30:25,660 : INFO : ConfigProcessor : Loading config: C:\Users\homebrew\AppData\Local\Programs\Python\Python312\Lib\site-packages\mpf\modes\tilt\config\tilt.yaml
2025-03-23 21:30:25,660 : ERROR : ConfigProcessor : Config section 'slides' is removed in MPF 0.80 and will be ignored.
2025-03-23 21:30:25,660 : INFO : ConfigProcessor : Config file cache created: C:\Users\homebrew\AppData\Local\Temp\81d0f34cbd4c6d61cd4dad95e5100b6a.mpf_cache
2025-03-23 21:30:25,660 : INFO : ConfigProcessor : Loading config from file C:\Users\homebrew\AppData\Local\Programs\Python\Python312\Lib\site-packages\mpf\modes\high_score\config\high_score.yaml.
2025-03-23 21:30:25,664 : INFO : ConfigProcessor : Loading config: C:\Users\homebrew\AppData\Local\Programs\Python\Python312\Lib\site-packages\mpf\modes\high_score\config\high_score.yaml
2025-03-23 21:30:25,666 : ERROR : ConfigProcessor : Config section 'slides' is removed in MPF 0.80 and will be ignored.
2025-03-23 21:30:25,666 : INFO : ConfigProcessor : Loading config from file C:\Users\homebrew\Desktop\thing_pinball\modes\high_score\config\high_score.yaml.
2025-03-23 21:30:25,669 : INFO : ConfigProcessor : Loading config: C:\Users\homebrew\Desktop\thing_pinball\modes\high_score\config\high_score.yaml
2025-03-23 21:30:25,670 : INFO : ConfigProcessor : Config file cache created: C:\Users\homebrew\AppData\Local\Temp\85b30d06c34a199299d858e267dca599.mpf_cache
2025-03-23 21:30:25,670 : INFO : ConfigProcessor : Loading config from file C:\Users\homebrew\AppData\Local\Programs\Python\Python312\Lib\site-packages\mpf\modes\match\config\match.yaml.
2025-03-23 21:30:25,672 : INFO : ConfigProcessor : Loading config: C:\Users\homebrew\AppData\Local\Programs\Python\Python312\Lib\site-packages\mpf\modes\match\config\match.yaml
2025-03-23 21:30:25,672 : INFO : ConfigProcessor : Loading config from file C:\Users\homebrew\Desktop\thing_pinball\modes\match\config\match.yaml.
2025-03-23 21:30:25,674 : INFO : ConfigProcessor : Loading config: C:\Users\homebrew\Desktop\thing_pinball\modes\match\config\match.yaml
2025-03-23 21:30:25,674 : INFO : ConfigProcessor : Config file cache created: C:\Users\homebrew\AppData\Local\Temp\b6a0c3fa509e03dd7943cf1395b72ece.mpf_cache
2025-03-23 21:30:25,676 : INFO : ConfigProcessor : Loading config from file C:\Users\homebrew\Desktop\thing_pinball\modes\dog_hunt\config\dog_hunt.yaml.
2025-03-23 21:30:25,677 : INFO : ConfigProcessor : Loading config: C:\Users\homebrew\Desktop\thing_pinball\modes\dog_hunt\config\dog_hunt.yaml
2025-03-23 21:30:25,679 : INFO : ConfigProcessor : Config file cache created: C:\Users\homebrew\AppData\Local\Temp\d18a920afddb781d4f34b36ac5cb2e09.mpf_cache
2025-03-23 21:30:25,679 : INFO : ConfigProcessor : Loading config from file C:\Users\homebrew\Desktop\thing_pinball\modes\discovery\config\discovery.yaml.
2025-03-23 21:30:25,681 : INFO : ConfigProcessor : Loading config: C:\Users\homebrew\Desktop\thing_pinball\modes\discovery\config\discovery.yaml
2025-03-23 21:30:25,683 : INFO : ConfigProcessor : Config file cache created: C:\Users\homebrew\AppData\Local\Temp\50de7258194ae9293cbe8c4fce9577e7.mpf_cache
2025-03-23 21:30:25,683 : INFO : ConfigProcessor : Loading config from file C:\Users\homebrew\Desktop\thing_pinball\modes\infected\config\infected.yaml.
2025-03-23 21:30:25,685 : INFO : ConfigProcessor : Loading config: C:\Users\homebrew\Desktop\thing_pinball\modes\infected\config\infected.yaml
2025-03-23 21:30:25,685 : INFO : ConfigProcessor : Config file cache created: C:\Users\homebrew\AppData\Local\Temp\2a76f107a833b8953199c5c910a26856.mpf_cache
2025-03-23 21:30:25,687 : INFO : ConfigProcessor : Loading config from file C:\Users\homebrew\Desktop\thing_pinball\modes\blood_test\config\blood_test.yaml.
2025-03-23 21:30:25,689 : INFO : ConfigProcessor : Loading config: C:\Users\homebrew\Desktop\thing_pinball\modes\blood_test\config\blood_test.yaml
2025-03-23 21:30:25,689 : INFO : ConfigProcessor : Config file cache created: C:\Users\homebrew\AppData\Local\Temp\529fba7289b2d9f945cd5a4488c8b5fa.mpf_cache
2025-03-23 21:30:25,689 : INFO : ConfigProcessor : Loading config from file C:\Users\homebrew\Desktop\thing_pinball\modes\spider_head\config\spider_head.yaml.
2025-03-23 21:30:25,692 : INFO : ConfigProcessor : Loading config: C:\Users\homebrew\Desktop\thing_pinball\modes\spider_head\config\spider_head.yaml
2025-03-23 21:30:25,692 : INFO : ConfigProcessor : Config file cache created: C:\Users\homebrew\AppData\Local\Temp\8c97cf9697840e2ca000923ba54f1b48.mpf_cache
2025-03-23 21:30:25,692 : INFO : ConfigProcessor : Loading config from file C:\Users\homebrew\Desktop\thing_pinball\modes\wizard\config\wizard.yaml.
2025-03-23 21:30:25,695 : INFO : ConfigProcessor : Loading config: C:\Users\homebrew\Desktop\thing_pinball\modes\wizard\config\wizard.yaml
2025-03-23 21:30:25,697 : INFO : ConfigProcessor : Config file cache created: C:\Users\homebrew\AppData\Local\Temp\e8cb3f2c2e9a26851ec893c5156e3f7c.mpf_cache
2025-03-23 21:30:25,697 : INFO : ConfigProcessor : Loading config from file C:\Users\homebrew\Desktop\thing_pinball\modes\ball_lock\config\ball_lock.yaml.
2025-03-23 21:30:25,697 : INFO : ConfigProcessor : Loading config: C:\Users\homebrew\Desktop\thing_pinball\modes\ball_lock\config\ball_lock.yaml
2025-03-23 21:30:25,697 : INFO : ConfigProcessor : Config file cache created: C:\Users\homebrew\AppData\Local\Temp\78a1fb055772b356de30948f28682ed0.mpf_cache
2025-03-23 21:30:25,697 : INFO : ConfigProcessor : Loading config from file C:\Users\homebrew\Desktop\thing_pinball\modes\multiball\config\multiball.yaml.
2025-03-23 21:30:25,703 : INFO : ConfigProcessor : Loading config: C:\Users\homebrew\Desktop\thing_pinball\modes\multiball\config\multiball.yaml
2025-03-23 21:30:25,703 : INFO : ConfigProcessor : Config file cache created: C:\Users\homebrew\AppData\Local\Temp\67cfb29d96313268f86362bebab46239.mpf_cache
2025-03-23 21:30:25,707 : INFO : Machine : Mission Pinball Framework Core Engine v0.80.0.dev4
2025-03-23 21:30:25,707 : INFO : Machine : Command line arguments: {'no_load_cache': False, 'create_config_cache': True, 'bcp': True, 'configfile': ['config.yaml'], 'force_assets_load': False, 'platform_integration_test': False, 'jsonlogging': False, 'logfile': 'logs\\2025-03-23-21-30-25-mpf-mpf.log', 'pause': False, 'production': False, 'text_ui': True, 'loglevel': 15, 'consoleloglevel': 20, 'force_platform': None, 'syslog_address': None, 'mc_file_name': None, 'no_sound': False, 'full_logfile_path': 'C:\\Users\\homebrew\\Desktop\\thing_pinball\\logs\\2025-03-23-21-30-25-mpf-mpf.log'}
2025-03-23 21:30:25,708 : INFO : Machine : MPF path: C:\Users\homebrew\AppData\Local\Programs\Python\Python312\Lib\site-packages\mpf
2025-03-23 21:30:25,708 : INFO : Machine : Machine path: C:\Users\homebrew\Desktop\thing_pinball
2025-03-23 21:30:25,708 : INFO : Machine : Platform: win32
2025-03-23 21:30:25,708 : INFO : Machine : Python executable location: C:\Users\homebrew\AppData\Local\Programs\Python\Python312\python.exe
2025-03-23 21:30:25,708 : INFO : Machine : Python version: 3.12.3 (64-bit)
2025-03-23 21:30:25,708 : INFO : Machine : Initializing MPF...
2025-03-23 21:30:25,930 : INFO : FAST : Auto-detecting ports for the following connections: ['net']
2025-03-23 21:30:25,977 : INFO : FAST : Detected NET on port COM4
2025-03-23 21:30:26,090 : INFO : FAST [NET] : Trying to connect to COM4 at 921600bps
2025-03-23 21:30:26,092 : INFO : FAST [NET] : Connected to COM4 at 921600bps
2025-03-23 21:30:26,104 : INFO : FAST [NET] : Connected to FP-CPU-2000 with firmware v02.21
2025-03-23 21:30:26,136 : INFO : FAST [NET] : Registered I/O Board 0: Model: FP-I/O-0024, Firmware: 01.10, Switches: 24, Drivers: 8
2025-03-23 21:30:26,152 : INFO : FAST [NET] : Registered I/O Board 1: Model: FP-I/O-3208, Firmware: 01.10, Switches: 32, Drivers: 8
2025-03-23 21:30:26,168 : INFO : FAST [NET] : Registered I/O Board 2: Model: FP-I/O-0804, Firmware: 01.10, Switches: 8, Drivers: 4
2025-03-23 21:30:26,184 : INFO : FAST [NET] : Registered I/O Board 3: Model: FP-I/O-0804, Firmware: 01.10, Switches: 8, Drivers: 4
2025-03-23 21:30:26,184 : INFO : EventManager : Event: ======'machine_var_credits_string'====== Args={'value': 'FREE PLAY', 'prev_value': None, 'change': True}
2025-03-23 21:30:26,234 : INFO : EventManager : Event: ======'machine_var_master_volume'====== Args={'value': 0.5, 'prev_value': None, 'change': True}
2025-03-23 21:30:26,242 : INFO : Machine : Shutting down...
2025-03-23 21:30:26,242 : INFO : EventManager : Event: ======'shutdown'====== Args={}
2025-03-23 21:30:26,343 : ERROR : Machine : Failed to initialize MPF
Traceback (most recent call last):
  File "C:\Users\homebrew\AppData\Local\Programs\Python\Python312\Lib\site-packages\mpf\core\machine.py", line 675, in initialize_mpf
    raise init.exception()
  File "C:\Users\homebrew\AppData\Local\Programs\Python\Python312\Lib\site-packages\mpf\core\machine.py", line 253, in initialize
    self._load_machine_vars()
  File "C:\Users\homebrew\AppData\Local\Programs\Python\Python312\Lib\site-packages\mpf\core\machine.py", line 422, in _load_machine_vars
    self.variables.load_machine_vars(machine_var_data_manager, current_time)
  File "C:\Users\homebrew\AppData\Local\Programs\Python\Python312\Lib\site-packages\mpf\core\machine_vars.py", line 51, in load_machine_vars
    self._load_initial_machine_vars()
  File "C:\Users\homebrew\AppData\Local\Programs\Python\Python312\Lib\site-packages\mpf\core\machine_vars.py", line 124, in _load_initial_machine_vars
    value=Util.convert_to_type(element['initial_value'], element['value_type']))
          ^^^^^^^^^^^^^^^^^^^^^^^^^^^^^^^^^^^^^^^^^^^^^^^^^^^^^^^^^^^^^^^^^^^^^
  File "C:\Users\homebrew\AppData\Local\Programs\Python\Python312\Lib\site-packages\mpf\core\utility_functions.py", line 55, in convert_to_type
    return int(value)
           ^^^^^^^^^^
ValueError: invalid literal for int() with base 10: 'False'
2025-03-23 21:30:26,359 : INFO : root : MPF run loop ended.
