2025-04-07 18:28:29,388 : INFO : root : Loading config.
2025-04-07 18:28:29,395 : INFO : YamlMultifileConfigLoader : Machine config file #1: config.yaml
2025-04-07 18:28:29,395 : INFO : ConfigProcessor : Loading config from cache: C:\Users\homebrew\AppData\Local\Temp\1ab83842b7c8ed7e1902272067ddcd2b.mpf_cache
2025-04-07 18:28:29,474 : INFO : ConfigProcessor : Loading config from cache: C:\Users\homebrew\AppData\Local\Temp\163fd46608d3c9469758c6512b5a030d.mpf_cache
2025-04-07 18:28:29,474 : INFO : ConfigProcessor : Loading config from cache: C:\Users\homebrew\AppData\Local\Temp\93e42568b1004e720dbdafbb285adaaa.mpf_cache
2025-04-07 18:28:29,474 : INFO : ConfigProcessor : Loading config from cache: C:\Users\homebrew\AppData\Local\Temp\5ffb3999d6de3e1d452090655c82bf2a.mpf_cache
2025-04-07 18:28:29,474 : INFO : ConfigProcessor : Loading config from cache: C:\Users\homebrew\AppData\Local\Temp\163fd46608d3c9469758c6512b5a030d.mpf_cache
2025-04-07 18:28:29,474 : INFO : ConfigProcessor : Loading config from cache: C:\Users\homebrew\AppData\Local\Temp\93e42568b1004e720dbdafbb285adaaa.mpf_cache
2025-04-07 18:28:29,474 : INFO : ConfigProcessor : Loading config from cache: C:\Users\homebrew\AppData\Local\Temp\8c668df6a84f4edcfda2189b877084c6.mpf_cache
2025-04-07 18:28:29,474 : INFO : ConfigProcessor : Loading config from cache: C:\Users\homebrew\AppData\Local\Temp\81d0f34cbd4c6d61cd4dad95e5100b6a.mpf_cache
2025-04-07 18:28:29,474 : INFO : ConfigProcessor : Loading config from cache: C:\Users\homebrew\AppData\Local\Temp\a714899e94406dd1f47e6e9bddbe0fef.mpf_cache
2025-04-07 18:28:29,474 : INFO : ConfigProcessor : Loading config from cache: C:\Users\homebrew\AppData\Local\Temp\fda2b21e4ff4c8a0b48d4f712bf7675f.mpf_cache
2025-04-07 18:28:29,474 : INFO : ConfigProcessor : Loading config from cache: C:\Users\homebrew\AppData\Local\Temp\49c1bb27bb76c6488cf72d0e1887aaaa.mpf_cache
2025-04-07 18:28:29,474 : INFO : ConfigProcessor : Loading config from cache: C:\Users\homebrew\AppData\Local\Temp\eb740da6f3772dcfe6d89e142f4972f9.mpf_cache
2025-04-07 18:28:29,474 : INFO : ConfigProcessor : Loading config from cache: C:\Users\homebrew\AppData\Local\Temp\8e53cff45209557b74353625b1fb9c7d.mpf_cache
2025-04-07 18:28:29,474 : INFO : ConfigProcessor : Loading config from cache: C:\Users\homebrew\AppData\Local\Temp\75ead186cfb0eee4579e59d5d273b950.mpf_cache
2025-04-07 18:28:29,474 : INFO : ConfigProcessor : Loading config from cache: C:\Users\homebrew\AppData\Local\Temp\46ee3106793b7c66df6b24732de735de.mpf_cache
2025-04-07 18:28:29,474 : INFO : ConfigProcessor : Loading config from cache: C:\Users\homebrew\AppData\Local\Temp\a6f0737b5bca2a955dd9d538ee17b581.mpf_cache
2025-04-07 18:28:29,474 : INFO : ConfigProcessor : Loading config from cache: C:\Users\homebrew\AppData\Local\Temp\72ccc58689b118af298151666e9c5198.mpf_cache
2025-04-07 18:28:29,474 : INFO : ConfigProcessor : Loading config from cache: C:\Users\homebrew\AppData\Local\Temp\082c9c49689a7facf0c58e67d77b7f58.mpf_cache
2025-04-07 18:28:29,474 : INFO : Machine : Mission Pinball Framework Core Engine v0.80.0.dev4
2025-04-07 18:28:29,474 : INFO : Machine : Command line arguments: {'no_load_cache': False, 'create_config_cache': True, 'bcp': True, 'configfile': ['config.yaml'], 'force_assets_load': False, 'platform_integration_test': False, 'jsonlogging': False, 'logfile': 'logs\\2025-04-07-18-28-29-mpf-mpf.log', 'pause': False, 'production': False, 'text_ui': True, 'loglevel': 15, 'consoleloglevel': 20, 'force_platform': None, 'syslog_address': None, 'mc_file_name': None, 'no_sound': False, 'full_logfile_path': 'C:\\Users\\homebrew\\Documents\\GitHub\\Thing_Pinball\\logs\\2025-04-07-18-28-29-mpf-mpf.log'}
2025-04-07 18:28:29,474 : INFO : Machine : MPF path: C:\Users\homebrew\AppData\Local\Programs\Python\Python312\Lib\site-packages\mpf
2025-04-07 18:28:29,483 : INFO : Machine : Machine path: C:\Users\homebrew\Documents\GitHub\Thing_Pinball
2025-04-07 18:28:29,483 : INFO : Machine : Platform: win32
2025-04-07 18:28:29,483 : INFO : Machine : Python executable location: C:\Users\homebrew\AppData\Local\Programs\Python\Python312\python.exe
2025-04-07 18:28:29,483 : INFO : Machine : Python version: 3.12.3 (64-bit)
2025-04-07 18:28:29,483 : INFO : Machine : Initializing MPF...
2025-04-07 18:28:29,797 : INFO : FAST [NET] : Trying to connect to com4 at 921600bps
2025-04-07 18:28:29,797 : INFO : FAST [NET] : Connected to com4 at 921600bps
2025-04-07 18:28:29,813 : INFO : FAST [NET] : Connected to FP-CPU-2000 with firmware v02.21
2025-04-07 18:28:29,845 : INFO : FAST [NET] : Registered I/O Board 0: Model: FP-I/O-0024, Firmware: 01.10, Switches: 24, Drivers: 8
2025-04-07 18:28:29,861 : INFO : FAST [NET] : Registered I/O Board 1: Model: FP-I/O-3208, Firmware: 01.10, Switches: 32, Drivers: 8
2025-04-07 18:28:29,877 : INFO : FAST [NET] : Registered I/O Board 2: Model: FP-I/O-0804, Firmware: 01.10, Switches: 8, Drivers: 4
2025-04-07 18:28:29,877 : INFO : FAST [NET] : Registered I/O Board 3: Model: FP-I/O-0804, Firmware: 01.10, Switches: 8, Drivers: 4
2025-04-07 18:28:29,877 : INFO : EventManager : Event: ======'machine_var_credits_string'====== Args={'value': 'FREE PLAY', 'prev_value': None, 'change': True}
2025-04-07 18:28:29,908 : INFO : EventManager : Event: ======'machine_var_master_volume'====== Args={'value': 0.5, 'prev_value': None, 'change': True}
2025-04-07 18:28:29,908 : INFO : EventManager : Event: ======'machine_var_game_mode_dog_hunt_complete'====== Args={'value': 0, 'prev_value': None, 'change': True}
2025-04-07 18:28:29,908 : INFO : EventManager : Event: ======'machine_var_game_mode_discovery_complete'====== Args={'value': 0, 'prev_value': None, 'change': True}
2025-04-07 18:28:29,908 : INFO : EventManager : Event: ======'machine_var_game_mode_infected_complete'====== Args={'value': 0, 'prev_value': None, 'change': True}
2025-04-07 18:28:29,911 : INFO : EventManager : Event: ======'machine_var_game_mode_blood_test_complete'====== Args={'value': 0, 'prev_value': None, 'change': True}
2025-04-07 18:28:29,911 : INFO : EventManager : Event: ======'machine_var_game_mode_spider_head_complete'====== Args={'value': 0, 'prev_value': None, 'change': True}
2025-04-07 18:28:29,911 : INFO : EventManager : Event: ======'machine_var_game_mode_wizard_complete'====== Args={'value': 0, 'prev_value': None, 'change': True}
2025-04-07 18:28:29,911 : INFO : EventManager : Event: ======'machine_var_game_mode_ball_lock_complete'====== Args={'value': 0, 'prev_value': None, 'change': True}
2025-04-07 18:28:29,911 : INFO : EventManager : Event: ======'machine_var_game_mode_multiball_complete'====== Args={'value': 0, 'prev_value': None, 'change': True}
2025-04-07 18:28:29,911 : INFO : EventManager : Event: ======'machine_var_mpf_version'====== Args={'value': 'Mission Pinball Framework v0.80.0.dev4', 'prev_value': None, 'change': True}
2025-04-07 18:28:29,911 : INFO : EventManager : Event: ======'machine_var_mpf_extended_version'====== Args={'value': 'Mission Pinball Framework v0.80.0.dev4, Config version:6, Show version: 6, BCP version:1.1', 'prev_value': None, 'change': True}
2025-04-07 18:28:29,911 : INFO : EventManager : Event: ======'machine_var_python_version'====== Args={'value': '3.12.3', 'prev_value': None, 'change': True}
2025-04-07 18:28:29,998 : INFO : EventManager : Event: ======'machine_var_platform'====== Args={'value': 'Windows-11-10.0.26100-SP0', 'prev_value': None, 'change': True}
2025-04-07 18:28:30,003 : INFO : EventManager : Event: ======'machine_var_platform_system'====== Args={'value': 'Windows', 'prev_value': None, 'change': True}
2025-04-07 18:28:30,003 : INFO : EventManager : Event: ======'machine_var_platform_release'====== Args={'value': '11', 'prev_value': None, 'change': True}
2025-04-07 18:28:30,003 : INFO : EventManager : Event: ======'machine_var_platform_version'====== Args={'value': '10.0.26100', 'prev_value': None, 'change': True}
2025-04-07 18:28:30,003 : INFO : EventManager : Event: ======'machine_var_platform_machine'====== Args={'value': 'AMD64', 'prev_value': None, 'change': True}
2025-04-07 18:28:30,003 : INFO : EventManager : Event: ======'machine_var_log_file_path'====== Args={'value': 'C:\\Users\\homebrew\\Documents\\GitHub\\Thing_Pinball\\logs\\2025-04-07-18-28-29-mpf-mpf.log', 'prev_value': None, 'change': True}
2025-04-07 18:28:30,003 : INFO : EventManager : Event: ======'init_phase_1'====== Args={}
2025-04-07 18:28:30,047 : WARNING : ConfigValidator : Unrecognized config setting. "fast_coils:c_diverter:pwm_on_ms" is not a valid setting name.
2025-04-07 18:28:30,047 : WARNING : ConfigValidator : Unrecognized config setting. "fast_coils:c_diverter:pwm_off_ms" is not a valid setting name.
2025-04-07 18:28:30,049 : WARNING : ConfigValidator : Unrecognized config setting. "fast_coils:c_up_post:pwm_on_ms" is not a valid setting name.
2025-04-07 18:28:30,049 : WARNING : ConfigValidator : Unrecognized config setting. "fast_coils:c_up_post:pwm_off_ms" is not a valid setting name.
2025-04-07 18:28:30,052 : WARNING : ConfigValidator : Unrecognized config setting. "timed_switches:mode_vuk_delayed_eject:state_when_released" is not a valid setting name.
2025-04-07 18:28:30,054 : WARNING : ConfigValidator : Unrecognized config setting. "mode:spider_head:timers:spider_head_timer:events_when_complete" is not a valid setting name.
2025-04-07 18:28:30,054 : WARNING : ConfigValidator : Unrecognized config setting. "mode:infected:timers:infected_timer:events_when_complete" is not a valid setting name.
2025-04-07 18:28:30,054 : WARNING : ConfigValidator : Unrecognized config setting. "mode:multiball:timers:multiball_jackpot_timer:events_when_complete" is not a valid setting name.
2025-04-07 18:28:30,054 : WARNING : ConfigValidator : Unrecognized config setting. "mode:multiball:timers:right_ramp_validity_timer:events_when_complete" is not a valid setting name.
2025-04-07 18:28:30,054 : WARNING : ConfigValidator : Unrecognized config setting. "mode:base:timers:mode_timer:events_when_complete" is not a valid setting name.
2025-04-07 18:28:30,054 : WARNING : ConfigValidator : Unrecognized config setting. "mode:wizard:timers:wizard_timer:events_when_complete" is not a valid setting name.
2025-04-07 18:28:30,054 : WARNING : ConfigValidator : Unrecognized config setting. "mode:dog_hunt:timers:dog_hunt_timer:events_when_complete" is not a valid setting name.
2025-04-07 18:28:30,056 : WARNING : ConfigValidator : Unrecognized config setting. "mode:discovery:timers:discovery_timer:events_when_complete" is not a valid setting name.
2025-04-07 18:28:30,056 : WARNING : ConfigValidator : Unrecognized config setting. "mode:blood_test:timers:blood_test_timer:events_when_complete" is not a valid setting name.
2025-04-07 18:28:30,056 : WARNING : ConfigValidator : Unrecognized config setting. "mode:ball_lock:multiball_locks:ball_lock:full_event" is not a valid setting name.
2025-04-07 18:28:30,056 : WARNING : ConfigValidator : Unrecognized config setting. "mode:ball_lock:multiball_locks:ball_lock:replace_balls_in_play" is not a valid setting name.
2025-04-07 18:28:30,056 : INFO : EventManager : Event: ======'drop_target_bank_vuk_bank_up'====== Args={}
2025-04-07 18:28:30,056 : INFO : EventManager : Event: ======'logicblock_spinner_value_updated'====== Args={'value': 0, 'enabled': False}
2025-04-07 18:28:30,063 : INFO : EventManager : Event: ======'logicblock_newton_hit_counter_updated'====== Args={'value': 0, 'enabled': False}
2025-04-07 18:28:30,063 : INFO : EventManager : Event: ======'logicblock_diverter_pattern_updated'====== Args={'value': 0, 'enabled': False}
2025-04-07 18:28:30,063 : INFO : EventManager : Event: ======'logicblock_blood_target_counter_updated'====== Args={'value': 0, 'enabled': False}
2025-04-07 18:28:32,661 : WARNING : Machine : Iterating device collections directly is deprecated and will be removed. Access by value(): device_collections[switches] -> device_collections['switches'].values()
2025-04-07 18:28:32,661 : INFO : SwitchController : <<<<<<< 's_trough_ball' active >>>>>>>
2025-04-07 18:28:32,661 : INFO : SwitchController : <<<<<<< 's_trough_ball_jam' active >>>>>>>
2025-04-07 18:28:32,661 : INFO : SwitchController : <<<<<<< 's_ball_lock_1' active >>>>>>>
2025-04-07 18:28:32,661 : INFO : SwitchController : <<<<<<< 's_ball_lock_2' active >>>>>>>
2025-04-07 18:28:32,661 : INFO : SwitchController : <<<<<<< 's_newton_opto_made' active >>>>>>>
2025-04-07 18:28:32,661 : INFO : SwitchController : <<<<<<< 's_start_button' active >>>>>>>
2025-04-07 18:28:32,661 : WARNING : ConfigValidator : Unrecognized config setting. "coil_player:enable_ms" is not a valid setting name.
2025-04-07 18:28:32,661 : WARNING : ConfigValidator : Unrecognized config setting. "coil_player:enable_ms" is not a valid setting name.
2025-04-07 18:28:32,671 : INFO : EventManager : Event: ======'init_phase_2'====== Args={}
2025-04-07 18:28:32,671 : INFO : SwitchController : Found active switch: (52, [FAST Platform Interface]) <switch.s_trough_ball>
2025-04-07 18:28:32,671 : INFO : SwitchController : Found active switch: (51, [FAST Platform Interface]) <switch.s_trough_ball_jam>
2025-04-07 18:28:32,671 : INFO : SwitchController : Found active switch: (24, [FAST Platform Interface]) <switch.s_ball_lock_1>
2025-04-07 18:28:32,671 : INFO : SwitchController : Found active switch: (25, [FAST Platform Interface]) <switch.s_ball_lock_2>
2025-04-07 18:28:32,671 : INFO : SwitchController : Found active switch: (45, [FAST Platform Interface]) <switch.s_newton_opto_made>
2025-04-07 18:28:32,671 : INFO : SwitchController : Found active switch: (10, [FAST Platform Interface]) <switch.s_start_button>
2025-04-07 18:28:32,678 : WARNING : ConfigValidator : Unrecognized config setting. "slide_player:widgets" is not a valid setting name.
2025-04-07 18:28:32,678 : WARNING : ConfigValidator : Unrecognized config setting. "slide_player:widgets" is not a valid setting name.
2025-04-07 18:28:32,678 : WARNING : ConfigValidator : Unrecognized config setting. "slide_player:widgets" is not a valid setting name.
2025-04-07 18:28:32,678 : WARNING : ConfigValidator : Unrecognized config setting. "slide_player:widgets" is not a valid setting name.
2025-04-07 18:28:32,678 : WARNING : ConfigValidator : Unrecognized config setting. "slide_player:widgets" is not a valid setting name.
2025-04-07 18:28:32,678 : WARNING : ConfigValidator : Unrecognized config setting. "slide_player:widgets" is not a valid setting name.
2025-04-07 18:28:32,678 : WARNING : ConfigValidator : Unrecognized config setting. "slide_player:widgets" is not a valid setting name.
2025-04-07 18:28:32,678 : WARNING : ConfigValidator : Unrecognized config setting. "slide_player:widgets" is not a valid setting name.
2025-04-07 18:28:32,678 : WARNING : ConfigValidator : Unrecognized config setting. "slide_player:widgets" is not a valid setting name.
2025-04-07 18:28:32,678 : WARNING : ConfigValidator : Unrecognized config setting. "slide_player:widgets" is not a valid setting name.
2025-04-07 18:28:32,678 : WARNING : ConfigValidator : Unrecognized config setting. "slide_player:widgets" is not a valid setting name.
2025-04-07 18:28:32,678 : WARNING : ConfigValidator : Unrecognized config setting. "slide_player:widgets" is not a valid setting name.
2025-04-07 18:28:32,678 : WARNING : ConfigValidator : Unrecognized config setting. "slide_player:widgets" is not a valid setting name.
2025-04-07 18:28:32,678 : WARNING : ConfigValidator : Unrecognized config setting. "slide_player:widgets" is not a valid setting name.
2025-04-07 18:28:32,678 : WARNING : ConfigValidator : Unrecognized config setting. "slide_player:widgets" is not a valid setting name.
2025-04-07 18:28:32,678 : WARNING : ConfigValidator : Unrecognized config setting. "slide_player:widgets" is not a valid setting name.
2025-04-07 18:28:32,678 : WARNING : ConfigValidator : Unrecognized config setting. "slide_player:widgets" is not a valid setting name.
2025-04-07 18:28:32,680 : WARNING : ConfigValidator : Unrecognized config setting. "slide_player:widgets" is not a valid setting name.
2025-04-07 18:28:32,680 : WARNING : ConfigValidator : Unrecognized config setting. "slide_player:widgets" is not a valid setting name.
2025-04-07 18:28:32,680 : WARNING : ConfigValidator : Unrecognized config setting. "slide_player:widgets" is not a valid setting name.
2025-04-07 18:28:32,680 : WARNING : ConfigValidator : Unrecognized config setting. "slide_player:widgets" is not a valid setting name.
2025-04-07 18:28:32,680 : WARNING : ConfigValidator : Unrecognized config setting. "slide_player:widgets" is not a valid setting name.
2025-04-07 18:28:32,680 : WARNING : ConfigValidator : Unrecognized config setting. "slide_player:widgets" is not a valid setting name.
2025-04-07 18:28:32,680 : WARNING : ConfigValidator : Unrecognized config setting. "slide_player:widgets" is not a valid setting name.
2025-04-07 18:28:32,680 : WARNING : ConfigValidator : Unrecognized config setting. "slide_player:widgets" is not a valid setting name.
2025-04-07 18:28:32,680 : WARNING : ConfigValidator : Unrecognized config setting. "slide_player:widgets" is not a valid setting name.
2025-04-07 18:28:32,680 : WARNING : ConfigValidator : Unrecognized config setting. "slide_player:widgets" is not a valid setting name.
2025-04-07 18:28:32,680 : WARNING : ConfigValidator : Unrecognized config setting. "slide_player:widgets" is not a valid setting name.
2025-04-07 18:28:32,680 : WARNING : ConfigValidator : Unrecognized config setting. "slide_player:widgets" is not a valid setting name.
2025-04-07 18:28:32,680 : WARNING : ConfigValidator : Unrecognized config setting. "slide_player:widgets" is not a valid setting name.
2025-04-07 18:28:32,680 : WARNING : ConfigValidator : Unrecognized config setting. "slide_player:widgets" is not a valid setting name.
2025-04-07 18:28:32,680 : WARNING : ConfigValidator : Unrecognized config setting. "high_score:events_when_complete" is not a valid setting name.
2025-04-07 18:28:32,680 : INFO : EventManager : Event: ======'machine_var_score1_label'====== Args={'value': 'GRAND CHAMPION', 'prev_value': None, 'change': True}
2025-04-07 18:28:32,680 : INFO : EventManager : Event: ======'machine_var_score1_name'====== Args={'value': 'THING', 'prev_value': None, 'change': True}
2025-04-07 18:28:32,680 : INFO : EventManager : Event: ======'machine_var_score1_value'====== Args={'value': 5000000, 'prev_value': None, 'change': True}
2025-04-07 18:28:32,680 : INFO : EventManager : Event: ======'machine_var_score2_label'====== Args={'value': 'HIGH SCORE 1', 'prev_value': None, 'change': True}
2025-04-07 18:28:32,680 : INFO : EventManager : Event: ======'machine_var_score2_name'====== Args={'value': 'MPF', 'prev_value': None, 'change': True}
2025-04-07 18:28:32,680 : INFO : EventManager : Event: ======'machine_var_score2_value'====== Args={'value': 4000000, 'prev_value': None, 'change': True}
2025-04-07 18:28:32,680 : INFO : EventManager : Event: ======'machine_var_score3_label'====== Args={'value': 'HIGH SCORE 2', 'prev_value': None, 'change': True}
2025-04-07 18:28:32,680 : INFO : EventManager : Event: ======'machine_var_score3_name'====== Args={'value': 'PINBALL', 'prev_value': None, 'change': True}
2025-04-07 18:28:32,680 : INFO : EventManager : Event: ======'machine_var_score3_value'====== Args={'value': 3000000, 'prev_value': None, 'change': True}
2025-04-07 18:28:32,680 : INFO : EventManager : Event: ======'machine_var_score4_label'====== Args={'value': 'HIGH SCORE 3', 'prev_value': None, 'change': True}
2025-04-07 18:28:32,680 : INFO : EventManager : Event: ======'machine_var_score4_name'====== Args={'value': 'WIZARD', 'prev_value': None, 'change': True}
2025-04-07 18:28:32,680 : INFO : EventManager : Event: ======'machine_var_score4_value'====== Args={'value': 2000000, 'prev_value': None, 'change': True}
2025-04-07 18:28:32,680 : INFO : EventManager : Event: ======'machine_var_score5_label'====== Args={'value': 'HIGH SCORE 4', 'prev_value': None, 'change': True}
2025-04-07 18:28:32,680 : INFO : EventManager : Event: ======'machine_var_score5_name'====== Args={'value': 'PLAYER', 'prev_value': None, 'change': True}
2025-04-07 18:28:32,680 : INFO : EventManager : Event: ======'machine_var_score5_value'====== Args={'value': 1000000, 'prev_value': None, 'change': True}
2025-04-07 18:28:32,680 : INFO : EventManager : Event: ======'bcp_connection_attempt'====== Args={'name': 'local_display', 'host': 'localhost', 'port': 5050}
2025-04-07 18:28:32,680 : INFO : BCPClientSocket : Connecting BCP to 'local_display' at localhost:5050...
2025-04-07 18:28:49,427 : INFO : SwitchController : <<<<<<< 's_trough_ball' inactive >>>>>>>
2025-04-07 18:28:49,792 : INFO : SwitchController : <<<<<<< 's_trough_ball' active >>>>>>>
2025-04-07 18:28:51,238 : INFO : SwitchController : <<<<<<< 's_trough_ball' inactive >>>>>>>
2025-04-07 18:28:51,349 : INFO : SwitchController : <<<<<<< 's_trough_ball' active >>>>>>>
2025-04-07 18:28:51,494 : INFO : SwitchController : <<<<<<< 's_trough_ball' inactive >>>>>>>
2025-04-07 18:28:51,541 : INFO : SwitchController : <<<<<<< 's_trough_ball' active >>>>>>>
2025-04-07 18:28:51,669 : INFO : SwitchController : <<<<<<< 's_trough_ball' inactive >>>>>>>
2025-04-07 18:28:52,295 : INFO : SwitchController : <<<<<<< 's_trough_ball' active >>>>>>>
2025-04-07 18:28:52,870 : INFO : SwitchController : <<<<<<< 's_trough_ball' inactive >>>>>>>
2025-04-07 18:28:53,445 : INFO : SwitchController : <<<<<<< 's_trough_ball' active >>>>>>>
2025-04-07 18:28:53,974 : INFO : SwitchController : <<<<<<< 's_trough_ball' inactive >>>>>>>
2025-04-07 18:28:54,456 : INFO : SwitchController : <<<<<<< 's_trough_ball' active >>>>>>>
2025-04-07 18:28:55,273 : INFO : SwitchController : <<<<<<< 's_trough_ball' inactive >>>>>>>
2025-04-07 18:28:55,482 : INFO : SwitchController : <<<<<<< 's_trough_ball' active >>>>>>>
2025-04-07 18:31:36,358 : INFO : SwitchController : <<<<<<< 's_ball_lock_1' inactive >>>>>>>
2025-04-07 18:31:36,406 : INFO : SwitchController : <<<<<<< 's_ball_lock_2' inactive >>>>>>>
2025-04-07 18:31:36,438 : INFO : SwitchController : <<<<<<< 's_ball_lock_3' active >>>>>>>
2025-04-07 18:31:36,518 : INFO : SwitchController : <<<<<<< 's_ball_lock_2' active >>>>>>>
2025-04-07 18:31:36,518 : INFO : SwitchController : <<<<<<< 's_ball_lock_3' inactive >>>>>>>
2025-04-07 18:31:36,740 : INFO : SwitchController : <<<<<<< 's_ball_lock_2' inactive >>>>>>>
2025-04-07 18:31:36,766 : INFO : SwitchController : <<<<<<< 's_ball_lock_2' active >>>>>>>
2025-04-07 18:31:36,766 : INFO : SwitchController : <<<<<<< 's_ball_lock_2' inactive >>>>>>>
2025-04-07 18:31:36,788 : INFO : SwitchController : <<<<<<< 's_ball_lock_3' active >>>>>>>
2025-04-07 18:31:36,837 : INFO : SwitchController : <<<<<<< 's_ball_lock_3' inactive >>>>>>>
2025-04-07 18:31:43,196 : INFO : SwitchController : <<<<<<< 's_trough_2' active >>>>>>>
2025-04-07 18:31:43,261 : INFO : SwitchController : <<<<<<< 's_trough_2' inactive >>>>>>>
2025-04-07 18:31:43,325 : INFO : SwitchController : <<<<<<< 's_trough_3' active >>>>>>>
2025-04-07 18:31:43,388 : INFO : SwitchController : <<<<<<< 's_trough_3' inactive >>>>>>>
2025-04-07 18:31:43,436 : INFO : SwitchController : <<<<<<< 's_trough_4' active >>>>>>>
2025-04-07 18:31:43,468 : INFO : SwitchController : <<<<<<< 's_trough_4' inactive >>>>>>>
2025-04-07 18:31:43,516 : INFO : SwitchController : <<<<<<< 's_trough_5' active >>>>>>>
2025-04-07 18:31:43,550 : INFO : SwitchController : <<<<<<< 's_trough_5' inactive >>>>>>>
2025-04-07 18:31:43,580 : INFO : SwitchController : <<<<<<< 's_trough_6' active >>>>>>>
2025-04-07 18:31:43,612 : INFO : SwitchController : <<<<<<< 's_trough_6' inactive >>>>>>>
2025-04-07 18:31:43,659 : INFO : SwitchController : <<<<<<< 's_trough_7' active >>>>>>>
2025-04-07 18:31:43,675 : INFO : SwitchController : <<<<<<< 's_trough_7' inactive >>>>>>>
2025-04-07 18:31:43,695 : INFO : SwitchController : <<<<<<< 's_trough_ball_jam' inactive >>>>>>>
2025-04-07 18:31:43,786 : INFO : SwitchController : <<<<<<< 's_trough_ball_jam' active >>>>>>>
2025-04-07 18:31:43,849 : INFO : SwitchController : <<<<<<< 's_trough_ball_jam' inactive >>>>>>>
2025-04-07 18:31:48,290 : INFO : SwitchController : <<<<<<< 's_trough_2' active >>>>>>>
2025-04-07 18:31:48,290 : INFO : SwitchController : <<<<<<< 's_trough_2' inactive >>>>>>>
2025-04-07 18:31:48,354 : INFO : SwitchController : <<<<<<< 's_trough_3' active >>>>>>>
2025-04-07 18:31:48,386 : INFO : SwitchController : <<<<<<< 's_trough_3' inactive >>>>>>>
2025-04-07 18:31:48,434 : INFO : SwitchController : <<<<<<< 's_trough_4' active >>>>>>>
2025-04-07 18:31:48,466 : INFO : SwitchController : <<<<<<< 's_trough_4' inactive >>>>>>>
2025-04-07 18:31:48,514 : INFO : SwitchController : <<<<<<< 's_trough_5' active >>>>>>>
2025-04-07 18:31:48,543 : INFO : SwitchController : <<<<<<< 's_trough_5' inactive >>>>>>>
2025-04-07 18:31:48,578 : INFO : SwitchController : <<<<<<< 's_trough_6' active >>>>>>>
2025-04-07 18:31:48,610 : INFO : SwitchController : <<<<<<< 's_trough_6' inactive >>>>>>>
2025-04-07 18:31:48,642 : INFO : SwitchController : <<<<<<< 's_trough_7' active >>>>>>>
2025-04-07 18:31:48,661 : INFO : SwitchController : <<<<<<< 's_trough_7' inactive >>>>>>>
2025-04-07 18:31:48,771 : INFO : SwitchController : <<<<<<< 's_trough_7' active >>>>>>>
2025-04-07 18:31:53,583 : INFO : SwitchController : <<<<<<< 's_trough_2' active >>>>>>>
2025-04-07 18:31:53,583 : INFO : SwitchController : <<<<<<< 's_trough_2' inactive >>>>>>>
2025-04-07 18:31:53,631 : INFO : SwitchController : <<<<<<< 's_trough_3' active >>>>>>>
2025-04-07 18:31:53,679 : INFO : SwitchController : <<<<<<< 's_trough_3' inactive >>>>>>>
2025-04-07 18:31:53,712 : INFO : SwitchController : <<<<<<< 's_trough_4' active >>>>>>>
2025-04-07 18:31:53,743 : INFO : SwitchController : <<<<<<< 's_trough_4' inactive >>>>>>>
2025-04-07 18:31:53,791 : INFO : SwitchController : <<<<<<< 's_trough_5' active >>>>>>>
2025-04-07 18:31:53,810 : INFO : SwitchController : <<<<<<< 's_trough_5' inactive >>>>>>>
2025-04-07 18:31:53,855 : INFO : SwitchController : <<<<<<< 's_trough_6' active >>>>>>>
2025-04-07 18:31:53,887 : INFO : SwitchController : <<<<<<< 's_trough_6' inactive >>>>>>>
2025-04-07 18:31:53,967 : INFO : SwitchController : <<<<<<< 's_trough_6' active >>>>>>>
2025-04-07 18:32:02,542 : INFO : SwitchController : <<<<<<< 's_trough_ball' inactive >>>>>>>
2025-04-07 18:32:02,634 : INFO : SwitchController : <<<<<<< 's_trough_7' inactive >>>>>>>
2025-04-07 18:32:02,634 : INFO : SwitchController : <<<<<<< 's_trough_6' inactive >>>>>>>
2025-04-07 18:32:02,731 : INFO : SwitchController : <<<<<<< 's_trough_ball_jam' active >>>>>>>
2025-04-07 18:32:02,747 : INFO : SwitchController : <<<<<<< 's_trough_6' active >>>>>>>
2025-04-07 18:32:02,747 : INFO : SwitchController : <<<<<<< 's_trough_7' active >>>>>>>
2025-04-07 18:32:02,779 : INFO : SwitchController : <<<<<<< 's_trough_ball_jam' inactive >>>>>>>
2025-04-07 18:32:02,797 : INFO : SwitchController : <<<<<<< 's_trough_ball' active >>>>>>>
2025-04-07 18:32:02,985 : INFO : SwitchController : <<<<<<< 's_trough_ball' inactive >>>>>>>
2025-04-07 18:32:03,017 : INFO : SwitchController : <<<<<<< 's_trough_ball' active >>>>>>>
2025-04-07 18:32:03,066 : INFO : SwitchController : <<<<<<< 's_trough_7' inactive >>>>>>>
2025-04-07 18:32:03,082 : INFO : SwitchController : <<<<<<< 's_trough_6' inactive >>>>>>>
2025-04-07 18:32:03,178 : INFO : SwitchController : <<<<<<< 's_trough_ball_jam' active >>>>>>>
2025-04-07 18:32:03,305 : INFO : SwitchController : <<<<<<< 's_trough_ball_jam' inactive >>>>>>>
2025-04-07 18:32:03,481 : INFO : SwitchController : <<<<<<< 's_trough_7' active >>>>>>>
2025-04-07 18:32:04,120 : INFO : SwitchController : <<<<<<< 's_trough_ball' inactive >>>>>>>
2025-04-07 18:32:04,144 : INFO : SwitchController : <<<<<<< 's_trough_ball' active >>>>>>>
2025-04-07 18:32:04,215 : INFO : SwitchController : <<<<<<< 's_trough_7' inactive >>>>>>>
2025-04-07 18:32:04,311 : INFO : SwitchController : <<<<<<< 's_trough_ball_jam' active >>>>>>>
2025-04-07 18:32:04,423 : INFO : SwitchController : <<<<<<< 's_trough_ball_jam' inactive >>>>>>>
2025-04-07 18:32:05,064 : INFO : SwitchController : <<<<<<< 's_trough_ball' inactive >>>>>>>
2025-04-07 18:32:05,088 : INFO : SwitchController : <<<<<<< 's_trough_ball' active >>>>>>>
2025-04-07 18:32:05,255 : INFO : SwitchController : <<<<<<< 's_trough_ball_jam' active >>>>>>>
2025-04-07 18:32:06,181 : INFO : SwitchController : <<<<<<< 's_shooter_lane' active >>>>>>>
2025-04-07 18:32:06,213 : INFO : SwitchController : <<<<<<< 's_shooter_lane' inactive >>>>>>>
2025-04-07 18:32:51,277 : INFO : SwitchController : <<<<<<< 's_trough_2' active >>>>>>>
2025-04-07 18:32:51,341 : INFO : SwitchController : <<<<<<< 's_trough_2' inactive >>>>>>>
2025-04-07 18:32:51,405 : INFO : SwitchController : <<<<<<< 's_trough_3' active >>>>>>>
2025-04-07 18:32:51,453 : INFO : SwitchController : <<<<<<< 's_trough_3' inactive >>>>>>>
2025-04-07 18:32:51,501 : INFO : SwitchController : <<<<<<< 's_trough_4' active >>>>>>>
2025-04-07 18:32:51,539 : INFO : SwitchController : <<<<<<< 's_trough_4' inactive >>>>>>>
2025-04-07 18:32:51,581 : INFO : SwitchController : <<<<<<< 's_trough_5' active >>>>>>>
2025-04-07 18:32:51,605 : INFO : SwitchController : <<<<<<< 's_trough_5' inactive >>>>>>>
2025-04-07 18:32:51,645 : INFO : SwitchController : <<<<<<< 's_trough_6' active >>>>>>>
2025-04-07 18:32:51,677 : INFO : SwitchController : <<<<<<< 's_trough_6' inactive >>>>>>>
2025-04-07 18:32:51,709 : INFO : SwitchController : <<<<<<< 's_trough_7' active >>>>>>>
2025-04-07 18:32:51,725 : INFO : SwitchController : <<<<<<< 's_trough_7' inactive >>>>>>>
2025-04-07 18:32:51,742 : INFO : SwitchController : <<<<<<< 's_trough_ball_jam' inactive >>>>>>>
2025-04-07 18:32:51,838 : INFO : SwitchController : <<<<<<< 's_trough_ball_jam' active >>>>>>>
2025-04-07 18:32:51,902 : INFO : SwitchController : <<<<<<< 's_trough_ball_jam' inactive >>>>>>>
2025-04-07 18:33:13,005 : INFO : SwitchController : <<<<<<< 's_trough_ball' inactive >>>>>>>
2025-04-07 18:33:13,053 : INFO : SwitchController : <<<<<<< 's_trough_ball' active >>>>>>>
2025-04-07 18:33:13,132 : INFO : SwitchController : <<<<<<< 's_trough_ball' inactive >>>>>>>
2025-04-07 18:33:13,163 : INFO : SwitchController : <<<<<<< 's_trough_ball_jam' active >>>>>>>
2025-04-07 18:33:13,180 : INFO : SwitchController : <<<<<<< 's_trough_ball_jam' inactive >>>>>>>
2025-04-07 18:33:13,180 : INFO : SwitchController : <<<<<<< 's_trough_ball' active >>>>>>>
2025-04-07 18:33:13,516 : INFO : SwitchController : <<<<<<< 's_trough_ball' inactive >>>>>>>
2025-04-07 18:33:13,544 : INFO : SwitchController : <<<<<<< 's_trough_ball' active >>>>>>>
2025-04-07 18:33:13,662 : INFO : SwitchController : <<<<<<< 's_trough_ball_jam' active >>>>>>>
2025-04-07 18:37:24,450 : INFO : Machine : Starting the main run loop.
2025-04-07 18:37:24,450 : INFO : Machine : Shutting down...
2025-04-07 18:37:24,450 : INFO : EventManager : Event: ======'shutdown'====== Args={}
2025-04-07 18:37:25,544 : INFO : root : MPF run loop ended.
