2025-04-04 22:23:37,866 : INFO : root : Loading config.
2025-04-04 22:23:37,876 : INFO : YamlMultifileConfigLoader : Machine config file #1: config.yaml
2025-04-04 22:23:37,877 : INFO : ConfigProcessor : Loading config from cache: C:\Users\homebrew\AppData\Local\Temp\775282453bb9ae39cad69c39ab867a35.mpf_cache
2025-04-04 22:23:37,959 : INFO : ConfigProcessor : Loading config from cache: C:\Users\homebrew\AppData\Local\Temp\14eb6f99ffd433bf1b6bfef7e8b96202.mpf_cache
2025-04-04 22:23:37,975 : INFO : ConfigProcessor : Loading config from cache: C:\Users\homebrew\AppData\Local\Temp\8864efb2a88f9c685592172f4fd0a6a3.mpf_cache
2025-04-04 22:23:37,975 : INFO : ConfigProcessor : Loading config from cache: C:\Users\homebrew\AppData\Local\Temp\1352604168843921958881d1d8dd3c1b.mpf_cache
2025-04-04 22:23:37,975 : INFO : ConfigProcessor : Loading config from cache: C:\Users\homebrew\AppData\Local\Temp\14eb6f99ffd433bf1b6bfef7e8b96202.mpf_cache
2025-04-04 22:23:37,975 : INFO : ConfigProcessor : Loading config from cache: C:\Users\homebrew\AppData\Local\Temp\8864efb2a88f9c685592172f4fd0a6a3.mpf_cache
2025-04-04 22:23:37,975 : INFO : ConfigProcessor : Loading config from cache: C:\Users\homebrew\AppData\Local\Temp\82108c9d10735fbef5e8cced18b7d831.mpf_cache
2025-04-04 22:23:37,975 : INFO : ConfigProcessor : Loading config from cache: C:\Users\homebrew\AppData\Local\Temp\81d0f34cbd4c6d61cd4dad95e5100b6a.mpf_cache
2025-04-04 22:23:37,975 : INFO : ConfigProcessor : Loading config from cache: C:\Users\homebrew\AppData\Local\Temp\85b30d06c34a199299d858e267dca599.mpf_cache
2025-04-04 22:23:37,975 : INFO : ConfigProcessor : Loading config from cache: C:\Users\homebrew\AppData\Local\Temp\b6a0c3fa509e03dd7943cf1395b72ece.mpf_cache
2025-04-04 22:23:37,975 : INFO : ConfigProcessor : Loading config from cache: C:\Users\homebrew\AppData\Local\Temp\d18a920afddb781d4f34b36ac5cb2e09.mpf_cache
2025-04-04 22:23:37,975 : INFO : ConfigProcessor : Loading config from cache: C:\Users\homebrew\AppData\Local\Temp\50de7258194ae9293cbe8c4fce9577e7.mpf_cache
2025-04-04 22:23:37,975 : INFO : ConfigProcessor : Loading config from cache: C:\Users\homebrew\AppData\Local\Temp\2a76f107a833b8953199c5c910a26856.mpf_cache
2025-04-04 22:23:37,975 : INFO : ConfigProcessor : Loading config from cache: C:\Users\homebrew\AppData\Local\Temp\529fba7289b2d9f945cd5a4488c8b5fa.mpf_cache
2025-04-04 22:23:37,975 : INFO : ConfigProcessor : Loading config from cache: C:\Users\homebrew\AppData\Local\Temp\8c97cf9697840e2ca000923ba54f1b48.mpf_cache
2025-04-04 22:23:37,975 : INFO : ConfigProcessor : Loading config from cache: C:\Users\homebrew\AppData\Local\Temp\e8cb3f2c2e9a26851ec893c5156e3f7c.mpf_cache
2025-04-04 22:23:37,975 : INFO : ConfigProcessor : Loading config from cache: C:\Users\homebrew\AppData\Local\Temp\67cfb29d96313268f86362bebab46239.mpf_cache
2025-04-04 22:23:37,975 : INFO : Machine : Mission Pinball Framework Core Engine v0.80.0.dev4
2025-04-04 22:23:37,975 : INFO : Machine : Command line arguments: {'no_load_cache': False, 'create_config_cache': True, 'bcp': False, 'configfile': ['config.yaml'], 'force_assets_load': False, 'platform_integration_test': False, 'jsonlogging': False, 'logfile': 'logs\\2025-04-04-22-23-37-mpf-mpf.log', 'pause': False, 'production': False, 'text_ui': False, 'loglevel': 15, 'consoleloglevel': 20, 'force_platform': None, 'syslog_address': None, 'mc_file_name': None, 'no_sound': False, 'full_logfile_path': 'C:\\Users\\homebrew\\Desktop\\thing_pinball\\logs\\2025-04-04-22-23-37-mpf-mpf.log'}
2025-04-04 22:23:37,975 : INFO : Machine : MPF path: C:\Users\homebrew\AppData\Local\Programs\Python\Python312\Lib\site-packages\mpf
2025-04-04 22:23:37,975 : INFO : Machine : Machine path: C:\Users\homebrew\Desktop\thing_pinball
2025-04-04 22:23:37,975 : INFO : Machine : Platform: win32
2025-04-04 22:23:37,975 : INFO : Machine : Python executable location: C:\Users\homebrew\AppData\Local\Programs\Python\Python312\python.exe
2025-04-04 22:23:37,975 : INFO : Machine : Python version: 3.12.3 (64-bit)
2025-04-04 22:23:37,975 : INFO : Machine : Initializing MPF...
2025-04-04 22:23:38,086 : INFO : FAST [NET] : Trying to connect to com4 at 921600bps
2025-04-04 22:23:38,086 : INFO : FAST [NET] : Connected to com4 at 921600bps
2025-04-04 22:23:38,102 : INFO : FAST [NET] : Connected to FP-CPU-2000 with firmware v02.21
2025-04-04 22:23:38,133 : INFO : FAST [NET] : Registered I/O Board 0: Model: FP-I/O-0024, Firmware: 01.10, Switches: 24, Drivers: 8
2025-04-04 22:23:38,149 : INFO : FAST [NET] : Registered I/O Board 1: Model: FP-I/O-3208, Firmware: 01.10, Switches: 32, Drivers: 8
2025-04-04 22:23:38,169 : INFO : FAST [NET] : Registered I/O Board 2: Model: FP-I/O-0804, Firmware: 01.10, Switches: 8, Drivers: 4
2025-04-04 22:23:38,181 : INFO : FAST [NET] : Registered I/O Board 3: Model: FP-I/O-0804, Firmware: 01.10, Switches: 8, Drivers: 4
2025-04-04 22:23:38,181 : INFO : EventManager : Event: ======'machine_var_credits_string'====== Args={'value': 'FREE PLAY', 'prev_value': None, 'change': True}
2025-04-04 22:23:38,197 : INFO : EventManager : Event: ======'machine_var_master_volume'====== Args={'value': 0.5, 'prev_value': None, 'change': True}
2025-04-04 22:23:38,197 : INFO : EventManager : Event: ======'machine_var_game_mode_dog_hunt_complete'====== Args={'value': 0, 'prev_value': None, 'change': True}
2025-04-04 22:23:38,197 : INFO : EventManager : Event: ======'machine_var_game_mode_discovery_complete'====== Args={'value': 0, 'prev_value': None, 'change': True}
2025-04-04 22:23:38,197 : INFO : EventManager : Event: ======'machine_var_game_mode_infected_complete'====== Args={'value': 0, 'prev_value': None, 'change': True}
2025-04-04 22:23:38,197 : INFO : EventManager : Event: ======'machine_var_game_mode_blood_test_complete'====== Args={'value': 0, 'prev_value': None, 'change': True}
2025-04-04 22:23:38,210 : INFO : EventManager : Event: ======'machine_var_game_mode_spider_head_complete'====== Args={'value': 0, 'prev_value': None, 'change': True}
2025-04-04 22:23:38,210 : INFO : EventManager : Event: ======'machine_var_game_mode_wizard_complete'====== Args={'value': 0, 'prev_value': None, 'change': True}
2025-04-04 22:23:38,210 : INFO : EventManager : Event: ======'machine_var_game_mode_ball_lock_complete'====== Args={'value': 0, 'prev_value': None, 'change': True}
2025-04-04 22:23:38,210 : INFO : EventManager : Event: ======'machine_var_game_mode_multiball_complete'====== Args={'value': 0, 'prev_value': None, 'change': True}
2025-04-04 22:23:38,210 : INFO : EventManager : Event: ======'machine_var_mpf_version'====== Args={'value': 'Mission Pinball Framework v0.80.0.dev4', 'prev_value': None, 'change': True}
2025-04-04 22:23:38,210 : INFO : EventManager : Event: ======'machine_var_mpf_extended_version'====== Args={'value': 'Mission Pinball Framework v0.80.0.dev4, Config version:6, Show version: 6, BCP version:1.1', 'prev_value': None, 'change': True}
2025-04-04 22:23:38,210 : INFO : EventManager : Event: ======'machine_var_python_version'====== Args={'value': '3.12.3', 'prev_value': None, 'change': True}
2025-04-04 22:23:38,356 : INFO : EventManager : Event: ======'machine_var_platform'====== Args={'value': 'Windows-11-10.0.26100-SP0', 'prev_value': None, 'change': True}
2025-04-04 22:23:38,356 : INFO : EventManager : Event: ======'machine_var_platform_system'====== Args={'value': 'Windows', 'prev_value': None, 'change': True}
2025-04-04 22:23:38,356 : INFO : EventManager : Event: ======'machine_var_platform_release'====== Args={'value': '11', 'prev_value': None, 'change': True}
2025-04-04 22:23:38,356 : INFO : EventManager : Event: ======'machine_var_platform_version'====== Args={'value': '10.0.26100', 'prev_value': None, 'change': True}
2025-04-04 22:23:38,356 : INFO : EventManager : Event: ======'machine_var_platform_machine'====== Args={'value': 'AMD64', 'prev_value': None, 'change': True}
2025-04-04 22:23:38,356 : INFO : EventManager : Event: ======'machine_var_log_file_path'====== Args={'value': 'C:\\Users\\homebrew\\Desktop\\thing_pinball\\logs\\2025-04-04-22-23-37-mpf-mpf.log', 'prev_value': None, 'change': True}
2025-04-04 22:23:38,356 : INFO : EventManager : Event: ======'init_phase_1'====== Args={}
2025-04-04 22:23:38,397 : WARNING : ConfigValidator : Unrecognized config setting. "fast_coils:c_diverter:pwm_on_ms" is not a valid setting name.
2025-04-04 22:23:38,397 : WARNING : ConfigValidator : Unrecognized config setting. "fast_coils:c_diverter:pwm_off_ms" is not a valid setting name.
2025-04-04 22:23:38,407 : WARNING : ConfigValidator : Unrecognized config setting. "timed_switches:mode_vuk_delayed_eject:state_when_released" is not a valid setting name.
2025-04-04 22:23:38,407 : WARNING : ConfigValidator : Unrecognized config setting. "mode:discovery:timers:discovery_timer:events_when_complete" is not a valid setting name.
2025-04-04 22:23:38,407 : WARNING : ConfigValidator : Unrecognized config setting. "mode:infected:timers:infected_timer:events_when_complete" is not a valid setting name.
2025-04-04 22:23:38,407 : WARNING : ConfigValidator : Unrecognized config setting. "mode:wizard:timers:wizard_timer:events_when_complete" is not a valid setting name.
2025-04-04 22:23:38,409 : WARNING : ConfigValidator : Unrecognized config setting. "mode:blood_test:timers:blood_test_timer:events_when_complete" is not a valid setting name.
2025-04-04 22:23:38,409 : WARNING : ConfigValidator : Unrecognized config setting. "mode:dog_hunt:timers:dog_hunt_timer:events_when_complete" is not a valid setting name.
2025-04-04 22:23:38,409 : WARNING : ConfigValidator : Unrecognized config setting. "mode:spider_head:timers:spider_head_timer:events_when_complete" is not a valid setting name.
2025-04-04 22:23:38,409 : WARNING : ConfigValidator : Unrecognized config setting. "mode:multiball:timers:multiball_jackpot_timer:events_when_complete" is not a valid setting name.
2025-04-04 22:23:38,409 : WARNING : ConfigValidator : Unrecognized config setting. "mode:multiball:timers:right_ramp_validity_timer:events_when_complete" is not a valid setting name.
2025-04-04 22:23:38,409 : WARNING : ConfigValidator : Unrecognized config setting. "mode:base:timers:mode_timer:events_when_complete" is not a valid setting name.
2025-04-04 22:23:38,409 : INFO : EventManager : Event: ======'drop_target_bank_vuk_bank_up'====== Args={}
2025-04-04 22:23:38,418 : INFO : EventManager : Event: ======'logicblock_spinner_value_updated'====== Args={'value': 0, 'enabled': False}
2025-04-04 22:23:38,418 : INFO : EventManager : Event: ======'logicblock_newton_hit_counter_updated'====== Args={'value': 0, 'enabled': False}
2025-04-04 22:23:38,418 : INFO : EventManager : Event: ======'logicblock_diverter_pattern_updated'====== Args={'value': 0, 'enabled': False}
2025-04-04 22:23:41,014 : WARNING : Machine : Iterating device collections directly is deprecated and will be removed. Access by value(): device_collections[switches] -> device_collections['switches'].values()
2025-04-04 22:23:41,014 : INFO : SwitchController : <<<<<<< 's_trough_7' active >>>>>>>
2025-04-04 22:23:41,014 : INFO : SwitchController : <<<<<<< 's_trough_ball' active >>>>>>>
2025-04-04 22:23:41,014 : INFO : SwitchController : <<<<<<< 's_3bank_tgt_o' active >>>>>>>
2025-04-04 22:23:41,014 : INFO : SwitchController : <<<<<<< 's_3bank_tgt_g' active >>>>>>>
2025-04-04 22:23:41,014 : INFO : SwitchController : <<<<<<< 's_ramp_up_1' active >>>>>>>
2025-04-04 22:23:41,014 : INFO : SwitchController : <<<<<<< 's_newton_opto_made' active >>>>>>>
2025-04-04 22:23:41,014 : INFO : SwitchController : <<<<<<< 's_start_button' active >>>>>>>
2025-04-04 22:23:41,016 : WARNING : ConfigValidator : Unrecognized config setting. "coil_player:enable_ms" is not a valid setting name.
2025-04-04 22:23:41,022 : INFO : EventManager : Event: ======'init_phase_2'====== Args={}
2025-04-04 22:23:41,022 : INFO : SwitchController : Found active switch: (38, [FAST Platform Interface]) <switch.s_trough_7>
2025-04-04 22:23:41,022 : INFO : SwitchController : Found active switch: (52, [FAST Platform Interface]) <switch.s_trough_ball>
2025-04-04 22:23:41,022 : INFO : SwitchController : Found active switch: (49, [FAST Platform Interface]) <switch.s_3bank_tgt_o>
2025-04-04 22:23:41,022 : INFO : SwitchController : Found active switch: (53, [FAST Platform Interface]) <switch.s_3bank_tgt_g>
2025-04-04 22:23:41,022 : INFO : SwitchController : Found active switch: (40, [FAST Platform Interface]) <switch.s_ramp_up_1>
2025-04-04 22:23:41,022 : INFO : SwitchController : Found active switch: (45, [FAST Platform Interface]) <switch.s_newton_opto_made>
2025-04-04 22:23:41,022 : INFO : SwitchController : Found active switch: (10, [FAST Platform Interface]) <switch.s_start_button>
2025-04-04 22:23:41,022 : WARNING : ConfigValidator : Unrecognized config setting. "slide_player:widgets" is not a valid setting name.
2025-04-04 22:23:41,022 : WARNING : ConfigValidator : Unrecognized config setting. "slide_player:widgets" is not a valid setting name.
2025-04-04 22:23:41,022 : WARNING : ConfigValidator : Unrecognized config setting. "slide_player:widgets" is not a valid setting name.
2025-04-04 22:23:41,022 : WARNING : ConfigValidator : Unrecognized config setting. "slide_player:widgets" is not a valid setting name.
2025-04-04 22:23:41,022 : WARNING : ConfigValidator : Unrecognized config setting. "slide_player:widgets" is not a valid setting name.
2025-04-04 22:23:41,022 : WARNING : ConfigValidator : Unrecognized config setting. "slide_player:widgets" is not a valid setting name.
2025-04-04 22:23:41,022 : WARNING : ConfigValidator : Unrecognized config setting. "slide_player:widgets" is not a valid setting name.
2025-04-04 22:23:41,022 : WARNING : ConfigValidator : Unrecognized config setting. "slide_player:widgets" is not a valid setting name.
2025-04-04 22:23:41,030 : WARNING : ConfigValidator : Unrecognized config setting. "slide_player:widgets" is not a valid setting name.
2025-04-04 22:23:41,030 : WARNING : ConfigValidator : Unrecognized config setting. "slide_player:widgets" is not a valid setting name.
2025-04-04 22:23:41,030 : WARNING : ConfigValidator : Unrecognized config setting. "slide_player:widgets" is not a valid setting name.
2025-04-04 22:23:41,030 : WARNING : ConfigValidator : Unrecognized config setting. "slide_player:widgets" is not a valid setting name.
2025-04-04 22:23:41,030 : WARNING : ConfigValidator : Unrecognized config setting. "slide_player:widgets" is not a valid setting name.
2025-04-04 22:23:41,030 : WARNING : ConfigValidator : Unrecognized config setting. "slide_player:widgets" is not a valid setting name.
2025-04-04 22:23:41,030 : WARNING : ConfigValidator : Unrecognized config setting. "slide_player:widgets" is not a valid setting name.
2025-04-04 22:23:41,030 : WARNING : ConfigValidator : Unrecognized config setting. "slide_player:widgets" is not a valid setting name.
2025-04-04 22:23:41,030 : WARNING : ConfigValidator : Unrecognized config setting. "slide_player:widgets" is not a valid setting name.
2025-04-04 22:23:41,030 : WARNING : ConfigValidator : Unrecognized config setting. "slide_player:widgets" is not a valid setting name.
2025-04-04 22:23:41,030 : WARNING : ConfigValidator : Unrecognized config setting. "slide_player:widgets" is not a valid setting name.
2025-04-04 22:23:41,030 : WARNING : ConfigValidator : Unrecognized config setting. "slide_player:widgets" is not a valid setting name.
2025-04-04 22:23:41,030 : WARNING : ConfigValidator : Unrecognized config setting. "slide_player:widgets" is not a valid setting name.
2025-04-04 22:23:41,030 : WARNING : ConfigValidator : Unrecognized config setting. "slide_player:widgets" is not a valid setting name.
2025-04-04 22:23:41,030 : WARNING : ConfigValidator : Unrecognized config setting. "slide_player:widgets" is not a valid setting name.
2025-04-04 22:23:41,030 : WARNING : ConfigValidator : Unrecognized config setting. "slide_player:widgets" is not a valid setting name.
2025-04-04 22:23:41,030 : WARNING : ConfigValidator : Unrecognized config setting. "slide_player:widgets" is not a valid setting name.
2025-04-04 22:23:41,030 : WARNING : ConfigValidator : Unrecognized config setting. "slide_player:widgets" is not a valid setting name.
2025-04-04 22:23:41,030 : WARNING : ConfigValidator : Unrecognized config setting. "slide_player:widgets" is not a valid setting name.
2025-04-04 22:23:41,037 : WARNING : ConfigValidator : Unrecognized config setting. "high_score:events_when_complete" is not a valid setting name.
2025-04-04 22:23:41,037 : INFO : EventManager : Event: ======'machine_var_score1_label'====== Args={'value': 'GRAND CHAMPION', 'prev_value': None, 'change': True}
2025-04-04 22:23:41,037 : INFO : EventManager : Event: ======'machine_var_score1_name'====== Args={'value': 'THING', 'prev_value': None, 'change': True}
2025-04-04 22:23:41,037 : INFO : EventManager : Event: ======'machine_var_score1_value'====== Args={'value': 5000000, 'prev_value': None, 'change': True}
2025-04-04 22:23:41,037 : INFO : EventManager : Event: ======'machine_var_score2_label'====== Args={'value': 'HIGH SCORE 1', 'prev_value': None, 'change': True}
2025-04-04 22:23:41,037 : INFO : EventManager : Event: ======'machine_var_score2_name'====== Args={'value': 'MPF', 'prev_value': None, 'change': True}
2025-04-04 22:23:41,037 : INFO : EventManager : Event: ======'machine_var_score2_value'====== Args={'value': 4000000, 'prev_value': None, 'change': True}
2025-04-04 22:23:41,037 : INFO : EventManager : Event: ======'machine_var_score3_label'====== Args={'value': 'HIGH SCORE 2', 'prev_value': None, 'change': True}
2025-04-04 22:23:41,037 : INFO : EventManager : Event: ======'machine_var_score3_name'====== Args={'value': 'PINBALL', 'prev_value': None, 'change': True}
2025-04-04 22:23:41,037 : INFO : EventManager : Event: ======'machine_var_score3_value'====== Args={'value': 3000000, 'prev_value': None, 'change': True}
2025-04-04 22:23:41,037 : INFO : EventManager : Event: ======'machine_var_score4_label'====== Args={'value': 'HIGH SCORE 3', 'prev_value': None, 'change': True}
2025-04-04 22:23:41,037 : INFO : EventManager : Event: ======'machine_var_score4_name'====== Args={'value': 'WIZARD', 'prev_value': None, 'change': True}
2025-04-04 22:23:41,037 : INFO : EventManager : Event: ======'machine_var_score4_value'====== Args={'value': 2000000, 'prev_value': None, 'change': True}
2025-04-04 22:23:41,037 : INFO : EventManager : Event: ======'machine_var_score5_label'====== Args={'value': 'HIGH SCORE 4', 'prev_value': None, 'change': True}
2025-04-04 22:23:41,037 : INFO : EventManager : Event: ======'machine_var_score5_name'====== Args={'value': 'PLAYER', 'prev_value': None, 'change': True}
2025-04-04 22:23:41,037 : INFO : EventManager : Event: ======'machine_var_score5_value'====== Args={'value': 1000000, 'prev_value': None, 'change': True}
2025-04-04 22:23:41,527 : INFO : ball_device.bd_trough : BCH: Initial count: 1
2025-04-04 22:23:41,527 : INFO : ball_device.bd_trough : State: idle
2025-04-04 22:23:41,527 : INFO : ball_device.bd_shooter_lane : BCH: Initial count: 0
2025-04-04 22:23:41,527 : INFO : ball_device.bd_shooter_lane : State: idle
2025-04-04 22:23:41,527 : INFO : ball_device.bd_ball_lock : BCH: Initial count: 0
2025-04-04 22:23:41,527 : INFO : ball_device.bd_ball_lock : State: idle
2025-04-04 22:23:41,563 : INFO : EventManager : Event: ======'init_phase_3'====== Args={}
2025-04-04 22:23:41,565 : INFO : EventManager : Event: ======'init_phase_4'====== Args={}
2025-04-04 22:23:41,565 : INFO : EventManager : Event: ======'drop_target_middle_down'====== Args={'device': <drop_target.middle>}
2025-04-04 22:23:41,565 : INFO : EventManager : Event: ======'drop_target_back_down'====== Args={'device': <drop_target.back>}
2025-04-04 22:23:41,565 : INFO : BallController : Initial balls found: 1
2025-04-04 22:23:41,565 : INFO : EventManager : Event: ======'machine_var_audits_events_game_ended'====== Args={'value': 0, 'prev_value': None, 'change': True}
2025-04-04 22:23:41,565 : INFO : EventManager : Event: ======'machine_var_audits_events_game_started'====== Args={'value': 435, 'prev_value': None, 'change': True}
2025-04-04 22:23:41,565 : INFO : EventManager : Event: ======'machine_var_audits_missing_switches_s_ball_lock_1'====== Args={'value': 43, 'prev_value': None, 'change': True}
2025-04-04 22:23:41,565 : INFO : EventManager : Event: ======'machine_var_audits_missing_switches_s_ball_lock_2'====== Args={'value': 35, 'prev_value': None, 'change': True}
2025-04-04 22:23:41,565 : INFO : EventManager : Event: ======'machine_var_audits_missing_switches_s_ball_lock_3'====== Args={'value': 35, 'prev_value': None, 'change': True}
2025-04-04 22:23:41,565 : INFO : EventManager : Event: ======'machine_var_audits_missing_switches_s_inlane_right'====== Args={'value': 1, 'prev_value': None, 'change': True}
2025-04-04 22:23:41,565 : INFO : EventManager : Event: ======'machine_var_audits_missing_switches_s_launch'====== Args={'value': 6, 'prev_value': None, 'change': True}
2025-04-04 22:23:41,565 : INFO : EventManager : Event: ======'machine_var_audits_missing_switches_s_left_flipper'====== Args={'value': 363, 'prev_value': None, 'change': True}
2025-04-04 22:23:41,565 : INFO : EventManager : Event: ======'machine_var_audits_missing_switches_s_left_inlane'====== Args={'value': 6, 'prev_value': None, 'change': True}
2025-04-04 22:23:41,565 : INFO : EventManager : Event: ======'machine_var_audits_missing_switches_s_left_inner_lane'====== Args={'value': 357, 'prev_value': None, 'change': True}
2025-04-04 22:23:41,565 : INFO : EventManager : Event: ======'machine_var_audits_missing_switches_s_left_outer_lane'====== Args={'value': 153, 'prev_value': None, 'change': True}
2025-04-04 22:23:41,565 : INFO : EventManager : Event: ======'machine_var_audits_missing_switches_s_left_outlane'====== Args={'value': 6, 'prev_value': None, 'change': True}
2025-04-04 22:23:41,565 : INFO : EventManager : Event: ======'machine_var_audits_missing_switches_s_left_sling'====== Args={'value': 363, 'prev_value': None, 'change': True}
2025-04-04 22:23:41,565 : INFO : EventManager : Event: ======'machine_var_audits_missing_switches_s_mead'====== Args={'value': 267, 'prev_value': None, 'change': True}
2025-04-04 22:23:41,565 : INFO : EventManager : Event: ======'machine_var_audits_missing_switches_s_mode_opto'====== Args={'value': 7, 'prev_value': None, 'change': True}
2025-04-04 22:23:41,565 : INFO : EventManager : Event: ======'machine_var_audits_missing_switches_s_newton_opto_made'====== Args={'value': 43, 'prev_value': None, 'change': True}
2025-04-04 22:23:41,565 : INFO : EventManager : Event: ======'machine_var_audits_missing_switches_s_outlane_left'====== Args={'value': 31, 'prev_value': None, 'change': True}
2025-04-04 22:23:41,565 : INFO : EventManager : Event: ======'machine_var_audits_missing_switches_s_percy'====== Args={'value': 85, 'prev_value': None, 'change': True}
2025-04-04 22:23:41,565 : INFO : EventManager : Event: ======'machine_var_audits_missing_switches_s_plunger'====== Args={'value': 363, 'prev_value': None, 'change': True}
2025-04-04 22:23:41,565 : INFO : EventManager : Event: ======'machine_var_audits_missing_switches_s_ramp_up_1'====== Args={'value': 46, 'prev_value': None, 'change': True}
2025-04-04 22:23:41,565 : INFO : EventManager : Event: ======'machine_var_audits_missing_switches_s_right_button_2'====== Args={'value': 1, 'prev_value': None, 'change': True}
2025-04-04 22:23:41,565 : INFO : EventManager : Event: ======'machine_var_audits_missing_switches_s_right_flipper'====== Args={'value': 363, 'prev_value': None, 'change': True}
2025-04-04 22:23:41,565 : INFO : EventManager : Event: ======'machine_var_audits_missing_switches_s_right_flipper_button'====== Args={'value': 1, 'prev_value': None, 'change': True}
2025-04-04 22:23:41,565 : INFO : EventManager : Event: ======'machine_var_audits_missing_switches_s_right_flipper_eos'====== Args={'value': 1, 'prev_value': None, 'change': True}
2025-04-04 22:23:41,565 : INFO : EventManager : Event: ======'machine_var_audits_missing_switches_s_right_inlane'====== Args={'value': 6, 'prev_value': None, 'change': True}
2025-04-04 22:23:41,565 : INFO : EventManager : Event: ======'machine_var_audits_missing_switches_s_right_inner_lane'====== Args={'value': 357, 'prev_value': None, 'change': True}
2025-04-04 22:23:41,565 : INFO : EventManager : Event: ======'machine_var_audits_missing_switches_s_right_outer_lane'====== Args={'value': 357, 'prev_value': None, 'change': True}
2025-04-04 22:23:41,565 : INFO : EventManager : Event: ======'machine_var_audits_missing_switches_s_right_outlane'====== Args={'value': 6, 'prev_value': None, 'change': True}
2025-04-04 22:23:41,565 : INFO : EventManager : Event: ======'machine_var_audits_missing_switches_s_right_ramp_entry_1'====== Args={'value': 24, 'prev_value': None, 'change': True}
2025-04-04 22:23:41,565 : INFO : EventManager : Event: ======'machine_var_audits_missing_switches_s_right_sling'====== Args={'value': 363, 'prev_value': None, 'change': True}
2025-04-04 22:23:41,565 : INFO : EventManager : Event: ======'machine_var_audits_missing_switches_s_scanlan'====== Args={'value': 204, 'prev_value': None, 'change': True}
2025-04-04 22:23:41,565 : INFO : EventManager : Event: ======'machine_var_audits_missing_switches_s_start'====== Args={'value': 6, 'prev_value': None, 'change': True}
2025-04-04 22:23:41,565 : INFO : EventManager : Event: ======'machine_var_audits_missing_switches_s_trough_1'====== Args={'value': 46, 'prev_value': None, 'change': True}
2025-04-04 22:23:41,565 : INFO : EventManager : Event: ======'machine_var_audits_missing_switches_s_trough_ball_1'====== Args={'value': 363, 'prev_value': None, 'change': True}
2025-04-04 22:23:41,565 : INFO : EventManager : Event: ======'machine_var_audits_missing_switches_s_trough_ball_2'====== Args={'value': 363, 'prev_value': None, 'change': True}
2025-04-04 22:23:41,565 : INFO : EventManager : Event: ======'machine_var_audits_missing_switches_s_trough_ball_3'====== Args={'value': 363, 'prev_value': None, 'change': True}
2025-04-04 22:23:41,565 : INFO : EventManager : Event: ======'machine_var_audits_missing_switches_s_trough_ball_4'====== Args={'value': 278, 'prev_value': None, 'change': True}
2025-04-04 22:23:41,565 : INFO : EventManager : Event: ======'machine_var_audits_missing_switches_s_trough_ball_5'====== Args={'value': 363, 'prev_value': None, 'change': True}
2025-04-04 22:23:41,565 : INFO : EventManager : Event: ======'machine_var_audits_missing_switches_s_trough_ball_6'====== Args={'value': 95, 'prev_value': None, 'change': True}
2025-04-04 22:23:41,565 : INFO : EventManager : Event: ======'machine_var_audits_player_score'====== Args={'value': {'average': 0, 'top': [], 'total': 0}, 'prev_value': None, 'change': True}
2025-04-04 22:23:41,565 : INFO : EventManager : Event: ======'machine_var_audits_shots_mead_shot'====== Args={'value': 223, 'prev_value': None, 'change': True}
2025-04-04 22:23:41,565 : INFO : EventManager : Event: ======'machine_var_audits_shots_percy_shot'====== Args={'value': 56, 'prev_value': None, 'change': True}
2025-04-04 22:23:41,565 : INFO : EventManager : Event: ======'machine_var_audits_shots_scanlan_shot'====== Args={'value': 121, 'prev_value': None, 'change': True}
2025-04-04 22:23:41,565 : INFO : EventManager : Event: ======'machine_var_audits_shots_video_shot_1'====== Args={'value': 24, 'prev_value': None, 'change': True}
2025-04-04 22:23:41,565 : INFO : EventManager : Event: ======'machine_var_audits_shots_video_shot_2'====== Args={'value': 20, 'prev_value': None, 'change': True}
2025-04-04 22:23:41,565 : INFO : EventManager : Event: ======'machine_var_audits_switches_s_3bank_tgt_d'====== Args={'value': 19, 'prev_value': None, 'change': True}
2025-04-04 22:23:41,565 : INFO : EventManager : Event: ======'machine_var_audits_switches_s_3bank_tgt_g'====== Args={'value': 30, 'prev_value': None, 'change': True}
2025-04-04 22:23:41,565 : INFO : EventManager : Event: ======'machine_var_audits_switches_s_3bank_tgt_o'====== Args={'value': 25, 'prev_value': None, 'change': True}
2025-04-04 22:23:41,565 : INFO : EventManager : Event: ======'machine_var_audits_switches_s_auto_launcher'====== Args={'value': 0, 'prev_value': None, 'change': True}
2025-04-04 22:23:41,565 : INFO : EventManager : Event: ======'machine_var_audits_switches_s_ball_drain'====== Args={'value': 0, 'prev_value': None, 'change': True}
2025-04-04 22:23:41,565 : INFO : EventManager : Event: ======'machine_var_audits_switches_s_ball_lock_1'====== Args={'value': 1, 'prev_value': None, 'change': True}
2025-04-04 22:23:41,565 : INFO : EventManager : Event: ======'machine_var_audits_switches_s_ball_lock_2'====== Args={'value': 1, 'prev_value': None, 'change': True}
2025-04-04 22:23:41,565 : INFO : EventManager : Event: ======'machine_var_audits_switches_s_ball_lock_3'====== Args={'value': 1, 'prev_value': None, 'change': True}
2025-04-04 22:23:41,565 : INFO : EventManager : Event: ======'machine_var_audits_switches_s_blood_target'====== Args={'value': 24, 'prev_value': None, 'change': True}
2025-04-04 22:23:41,565 : INFO : EventManager : Event: ======'machine_var_audits_switches_s_inlane_left'====== Args={'value': 9, 'prev_value': None, 'change': True}
2025-04-04 22:23:41,565 : INFO : EventManager : Event: ======'machine_var_audits_switches_s_inlane_right'====== Args={'value': 2, 'prev_value': None, 'change': True}
2025-04-04 22:23:41,565 : INFO : EventManager : Event: ======'machine_var_audits_switches_s_launch'====== Args={'value': 0, 'prev_value': None, 'change': True}
2025-04-04 22:23:41,565 : INFO : EventManager : Event: ======'machine_var_audits_switches_s_left_button_2'====== Args={'value': 186, 'prev_value': None, 'change': True}
2025-04-04 22:23:41,565 : INFO : EventManager : Event: ======'machine_var_audits_switches_s_left_flipper'====== Args={'value': 36, 'prev_value': None, 'change': True}
2025-04-04 22:23:41,565 : INFO : EventManager : Event: ======'machine_var_audits_switches_s_left_flipper_button'====== Args={'value': 182, 'prev_value': None, 'change': True}
2025-04-04 22:23:41,565 : INFO : EventManager : Event: ======'machine_var_audits_switches_s_left_flipper_eos'====== Args={'value': 161, 'prev_value': None, 'change': True}
2025-04-04 22:23:41,565 : INFO : EventManager : Event: ======'machine_var_audits_switches_s_left_inlane'====== Args={'value': 0, 'prev_value': None, 'change': True}
2025-04-04 22:23:41,565 : INFO : EventManager : Event: ======'machine_var_audits_switches_s_left_inner_lane'====== Args={'value': 0, 'prev_value': None, 'change': True}
2025-04-04 22:23:41,565 : INFO : EventManager : Event: ======'machine_var_audits_switches_s_left_outer_lane'====== Args={'value': 0, 'prev_value': None, 'change': True}
2025-04-04 22:23:41,565 : INFO : EventManager : Event: ======'machine_var_audits_switches_s_left_outlane'====== Args={'value': 0, 'prev_value': None, 'change': True}
2025-04-04 22:23:41,565 : INFO : EventManager : Event: ======'machine_var_audits_switches_s_left_ramp_entry_1'====== Args={'value': 785, 'prev_value': None, 'change': True}
2025-04-04 22:23:41,565 : INFO : EventManager : Event: ======'machine_var_audits_switches_s_left_sling'====== Args={'value': 7, 'prev_value': None, 'change': True}
2025-04-04 22:23:41,565 : INFO : EventManager : Event: ======'machine_var_audits_switches_s_left_slingshot'====== Args={'value': 8, 'prev_value': None, 'change': True}
2025-04-04 22:23:41,565 : INFO : EventManager : Event: ======'machine_var_audits_switches_s_mead'====== Args={'value': 0, 'prev_value': None, 'change': True}
2025-04-04 22:23:41,565 : INFO : EventManager : Event: ======'machine_var_audits_switches_s_mode_opto'====== Args={'value': 39, 'prev_value': None, 'change': True}
2025-04-04 22:23:41,565 : INFO : EventManager : Event: ======'machine_var_audits_switches_s_newton_opto_made'====== Args={'value': 2, 'prev_value': None, 'change': True}
2025-04-04 22:23:41,565 : INFO : EventManager : Event: ======'machine_var_audits_switches_s_outlane_left'====== Args={'value': 3, 'prev_value': None, 'change': True}
2025-04-04 22:23:41,565 : INFO : EventManager : Event: ======'machine_var_audits_switches_s_outlane_right'====== Args={'value': 6, 'prev_value': None, 'change': True}
2025-04-04 22:23:41,565 : INFO : EventManager : Event: ======'machine_var_audits_switches_s_percy'====== Args={'value': 0, 'prev_value': None, 'change': True}
2025-04-04 22:23:41,565 : INFO : EventManager : Event: ======'machine_var_audits_switches_s_plunger'====== Args={'value': 9, 'prev_value': None, 'change': True}
2025-04-04 22:23:41,565 : INFO : EventManager : Event: ======'machine_var_audits_switches_s_pop_bumper_1'====== Args={'value': 54, 'prev_value': None, 'change': True}
2025-04-04 22:23:41,565 : INFO : EventManager : Event: ======'machine_var_audits_switches_s_pop_bumper_2'====== Args={'value': 26, 'prev_value': None, 'change': True}
2025-04-04 22:23:41,565 : INFO : EventManager : Event: ======'machine_var_audits_switches_s_pop_bumper_3'====== Args={'value': 41, 'prev_value': None, 'change': True}
2025-04-04 22:23:41,565 : INFO : EventManager : Event: ======'machine_var_audits_switches_s_ramp_up_1'====== Args={'value': 0, 'prev_value': None, 'change': True}
2025-04-04 22:23:41,565 : INFO : EventManager : Event: ======'machine_var_audits_switches_s_right_button_2'====== Args={'value': 53, 'prev_value': None, 'change': True}
2025-04-04 22:23:41,565 : INFO : EventManager : Event: ======'machine_var_audits_switches_s_right_flipper'====== Args={'value': 131, 'prev_value': None, 'change': True}
2025-04-04 22:23:41,565 : INFO : EventManager : Event: ======'machine_var_audits_switches_s_right_flipper_button'====== Args={'value': 53, 'prev_value': None, 'change': True}
2025-04-04 22:23:41,565 : INFO : EventManager : Event: ======'machine_var_audits_switches_s_right_flipper_eos'====== Args={'value': 50, 'prev_value': None, 'change': True}
2025-04-04 22:23:41,565 : INFO : EventManager : Event: ======'machine_var_audits_switches_s_right_inlane'====== Args={'value': 0, 'prev_value': None, 'change': True}
2025-04-04 22:23:41,565 : INFO : EventManager : Event: ======'machine_var_audits_switches_s_right_inner_lane'====== Args={'value': 0, 'prev_value': None, 'change': True}
2025-04-04 22:23:41,565 : INFO : EventManager : Event: ======'machine_var_audits_switches_s_right_orbit_1'====== Args={'value': 37, 'prev_value': None, 'change': True}
2025-04-04 22:23:41,565 : INFO : EventManager : Event: ======'machine_var_audits_switches_s_right_outer_lane'====== Args={'value': 0, 'prev_value': None, 'change': True}
2025-04-04 22:23:41,565 : INFO : EventManager : Event: ======'machine_var_audits_switches_s_right_outlane'====== Args={'value': 0, 'prev_value': None, 'change': True}
2025-04-04 22:23:41,565 : INFO : EventManager : Event: ======'machine_var_audits_switches_s_right_ramp_entry_1'====== Args={'value': 3, 'prev_value': None, 'change': True}
2025-04-04 22:23:41,565 : INFO : EventManager : Event: ======'machine_var_audits_switches_s_right_sling'====== Args={'value': 3, 'prev_value': None, 'change': True}
2025-04-04 22:23:41,565 : INFO : EventManager : Event: ======'machine_var_audits_switches_s_right_slingshot'====== Args={'value': 12, 'prev_value': None, 'change': True}
2025-04-04 22:23:41,565 : INFO : EventManager : Event: ======'machine_var_audits_switches_s_scanlan'====== Args={'value': 0, 'prev_value': None, 'change': True}
2025-04-04 22:23:41,565 : INFO : EventManager : Event: ======'machine_var_audits_switches_s_shooter_lane'====== Args={'value': 51, 'prev_value': None, 'change': True}
2025-04-04 22:23:41,565 : INFO : EventManager : Event: ======'machine_var_audits_switches_s_spinner'====== Args={'value': 204, 'prev_value': None, 'change': True}
2025-04-04 22:23:41,565 : INFO : EventManager : Event: ======'machine_var_audits_switches_s_start'====== Args={'value': 38, 'prev_value': None, 'change': True}
2025-04-04 22:23:41,565 : INFO : EventManager : Event: ======'machine_var_audits_switches_s_start_button'====== Args={'value': 4, 'prev_value': None, 'change': True}
2025-04-04 22:23:41,565 : INFO : EventManager : Event: ======'machine_var_audits_switches_s_switch_2'====== Args={'value': 0, 'prev_value': None, 'change': True}
2025-04-04 22:23:41,565 : INFO : EventManager : Event: ======'machine_var_audits_switches_s_trough_1'====== Args={'value': 0, 'prev_value': None, 'change': True}
2025-04-04 22:23:41,565 : INFO : EventManager : Event: ======'machine_var_audits_switches_s_trough_2'====== Args={'value': 18, 'prev_value': None, 'change': True}
2025-04-04 22:23:41,565 : INFO : EventManager : Event: ======'machine_var_audits_switches_s_trough_3'====== Args={'value': 19, 'prev_value': None, 'change': True}
2025-04-04 22:23:41,565 : INFO : EventManager : Event: ======'machine_var_audits_switches_s_trough_4'====== Args={'value': 19, 'prev_value': None, 'change': True}
2025-04-04 22:23:41,565 : INFO : EventManager : Event: ======'machine_var_audits_switches_s_trough_5'====== Args={'value': 19, 'prev_value': None, 'change': True}
2025-04-04 22:23:41,565 : INFO : EventManager : Event: ======'machine_var_audits_switches_s_trough_6'====== Args={'value': 32, 'prev_value': None, 'change': True}
2025-04-04 22:23:41,565 : INFO : EventManager : Event: ======'machine_var_audits_switches_s_trough_7'====== Args={'value': 53, 'prev_value': None, 'change': True}
2025-04-04 22:23:41,565 : INFO : EventManager : Event: ======'machine_var_audits_switches_s_trough_ball'====== Args={'value': 47, 'prev_value': None, 'change': True}
2025-04-04 22:23:41,565 : INFO : EventManager : Event: ======'machine_var_audits_switches_s_trough_ball_1'====== Args={'value': 4, 'prev_value': None, 'change': True}
2025-04-04 22:23:41,565 : INFO : EventManager : Event: ======'machine_var_audits_switches_s_trough_ball_2'====== Args={'value': 4, 'prev_value': None, 'change': True}
2025-04-04 22:23:41,565 : INFO : EventManager : Event: ======'machine_var_audits_switches_s_trough_ball_3'====== Args={'value': 1, 'prev_value': None, 'change': True}
2025-04-04 22:23:41,565 : INFO : EventManager : Event: ======'machine_var_audits_switches_s_trough_ball_4'====== Args={'value': 0, 'prev_value': None, 'change': True}
2025-04-04 22:23:41,565 : INFO : EventManager : Event: ======'machine_var_audits_switches_s_trough_ball_5'====== Args={'value': 0, 'prev_value': None, 'change': True}
2025-04-04 22:23:41,565 : INFO : EventManager : Event: ======'machine_var_audits_switches_s_trough_ball_6'====== Args={'value': 1, 'prev_value': None, 'change': True}
2025-04-04 22:23:41,565 : INFO : EventManager : Event: ======'machine_var_audits_switches_s_trough_ball_jam'====== Args={'value': 49, 'prev_value': None, 'change': True}
2025-04-04 22:23:41,565 : INFO : EventManager : Event: ======'machine_var_audits_switches_s_trough_eject_coil'====== Args={'value': 0, 'prev_value': None, 'change': True}
2025-04-04 22:23:41,565 : INFO : EventManager : Event: ======'init_phase_5'====== Args={}
2025-04-04 22:23:41,565 : INFO : EventManager : Event: ======'init_done'====== Args={}
2025-04-04 22:23:41,575 : INFO : EventManager : Event: ======'machine_reset_phase_1'====== Args={}
2025-04-04 22:23:41,575 : INFO : EventManager : Event: ======'machine_reset_phase_2'====== Args={}
2025-04-04 22:23:41,575 : INFO : EventManager : Event: ======'machine_reset_phase_3'====== Args={}
2025-04-04 22:23:41,575 : INFO : EventManager : Event: ======'mode_tilt_will_start'====== Args={'queue': <QueuedEvent>}
2025-04-04 22:23:41,575 : INFO : EventManager : Event: ======'mode_tilt_starting'====== Args={'queue': <QueuedEvent>}
2025-04-04 22:23:41,575 : INFO : EventManager : Event: ======'diverter_diverter_deactivating'====== Args={}
2025-04-04 22:23:41,575 : INFO : coil.c_diverter : Disabling Driver
2025-04-04 22:23:41,575 : INFO : Mode.tilt : Started. Priority: 1000000
2025-04-04 22:23:41,575 : INFO : EventManager : Event: ======'modes_active_modes_changed'====== Args={}
2025-04-04 22:23:41,575 : INFO : EventManager : Event: ======'mode_tilt_started'====== Args={'queue': <QueuedEvent>}
2025-04-04 22:23:41,575 : INFO : EventManager : Event: ======'reset_complete'====== Args={}
2025-04-04 22:23:41,575 : INFO : Machine : Starting the main run loop.
2025-04-04 22:23:46,152 : INFO : SwitchController : <<<<<<< 's_start_button' inactive >>>>>>>
2025-04-04 22:23:46,296 : INFO : SwitchController : <<<<<<< 's_start_button' active >>>>>>>
2025-04-04 22:23:46,296 : INFO : EventManager : Event: ======'s_start_button_active'====== Args={}
2025-04-04 22:23:46,298 : INFO : EventManager : Event: ======'game_start'====== Args={'priority': 0}
2025-04-04 22:23:46,300 : INFO : EventManager : Event: ======'mode_game_will_start'====== Args={'priority': 0}
2025-04-04 22:23:46,300 : INFO : EventManager : Event: ======'mode_game_starting'====== Args={'priority': 0}
2025-04-04 22:23:46,300 : INFO : Mode.game : Started. Priority: 20
2025-04-04 22:23:46,300 : INFO : EventManager : Event: ======'modes_active_modes_changed'====== Args={}
2025-04-04 22:23:46,300 : INFO : EventManager : Event: ======'mode_game_started'====== Args={'priority': 0}
2025-04-04 22:23:46,300 : INFO : EventManager : Event: ======'game_will_start'====== Args={}
2025-04-04 22:23:46,300 : INFO : EventManager : Event: ======'game_starting'====== Args={'game': <Mode.game>}
2025-04-04 22:23:46,302 : INFO : EventManager : Unordered handler for class <Auditor> on event game_ended with priority 1. Handlers: [RegisteredHandler(callback=<bound method Auditor.disable of <Auditor>>, priority=1, kwargs={}, key=UUID('c62c89ea-25a2-4718-b395-b25c6a184e83'), condition=None, blocking_facility=None), RegisteredHandler(callback=<bound method Auditor._save_audits of <Auditor>>, priority=1, kwargs={}, key=UUID('1ee57f81-24fd-4fa9-91c5-352a18dae740'), condition=None, blocking_facility=None)]. The order of those handlers is not defined and they will be executed in random order. This might lead to race conditions and potential bugs.
2025-04-04 22:23:46,302 : INFO : EventManager : Event: ======'player_add_request'====== Args={}
2025-04-04 22:23:46,303 : INFO : EventManager : Event: ======'player_will_add'====== Args={'number': 1}
2025-04-04 22:23:46,303 : INFO : EventManager : Event: ======'player_adding'====== Args={'player': <Player 1>, 'number': 1}
2025-04-04 22:23:46,303 : INFO : EventManager : Event: ======'player_added'====== Args={'player': <Player 1>, 'num': 1}
2025-04-04 22:23:46,303 : INFO : Mode.game : Player added successfully. Total players: 1
2025-04-04 22:23:46,303 : INFO : EventManager : Event: ======'player_index'====== Args={'value': 0, 'prev_value': 0, 'change': 0, 'player_num': 1}
2025-04-04 22:23:46,303 : INFO : EventManager : Event: ======'player_number'====== Args={'value': 1, 'prev_value': 1, 'change': 0, 'player_num': 1}
2025-04-04 22:23:46,303 : INFO : EventManager : Event: ======'player_game_mode_active'====== Args={'value': 0, 'prev_value': 0, 'change': 0, 'player_num': 1}
2025-04-04 22:23:46,303 : INFO : EventManager : Event: ======'player_current_game_mode'====== Args={'value': 'None', 'prev_value': 'None', 'change': False, 'player_num': 1}
2025-04-04 22:23:46,303 : INFO : EventManager : Event: ======'player_phase1_complete'====== Args={'value': 0, 'prev_value': 0, 'change': 0, 'player_num': 1}
2025-04-04 22:23:46,303 : INFO : EventManager : Event: ======'player_dog_hunt_complete'====== Args={'value': 0, 'prev_value': 0, 'change': 0, 'player_num': 1}
2025-04-04 22:23:46,303 : INFO : EventManager : Event: ======'player_discovery_complete'====== Args={'value': 0, 'prev_value': 0, 'change': 0, 'player_num': 1}
2025-04-04 22:23:46,303 : INFO : EventManager : Event: ======'player_infected_complete'====== Args={'value': 0, 'prev_value': 0, 'change': 0, 'player_num': 1}
2025-04-04 22:23:46,303 : INFO : EventManager : Event: ======'player_blood_test_complete'====== Args={'value': 0, 'prev_value': 0, 'change': 0, 'player_num': 1}
2025-04-04 22:23:46,303 : INFO : EventManager : Event: ======'player_spider_head_complete'====== Args={'value': 0, 'prev_value': 0, 'change': 0, 'player_num': 1}
2025-04-04 22:23:46,303 : INFO : EventManager : Event: ======'player_wizard_complete'====== Args={'value': 0, 'prev_value': 0, 'change': 0, 'player_num': 1}
2025-04-04 22:23:46,303 : INFO : EventManager : Event: ======'player_ball_lock_complete'====== Args={'value': 0, 'prev_value': 0, 'change': 0, 'player_num': 1}
2025-04-04 22:23:46,303 : INFO : EventManager : Event: ======'player_multiball_complete'====== Args={'value': 0, 'prev_value': 0, 'change': 0, 'player_num': 1}
2025-04-04 22:23:46,303 : INFO : EventManager : Event: ======'player_spinner_value'====== Args={'value': 0, 'prev_value': 0, 'change': 0, 'player_num': 1}
2025-04-04 22:23:46,303 : INFO : EventManager : Event: ======'player_pop_bumper_value'====== Args={'value': 0, 'prev_value': 0, 'change': 0, 'player_num': 1}
2025-04-04 22:23:46,303 : INFO : EventManager : Event: ======'player_newton_shots'====== Args={'value': 0, 'prev_value': 0, 'change': 0, 'player_num': 1}
2025-04-04 22:23:46,303 : INFO : EventManager : Event: ======'player_locked_balls'====== Args={'value': 0, 'prev_value': 0, 'change': 0, 'player_num': 1}
2025-04-04 22:23:46,303 : INFO : EventManager : Event: ======'player_balls_in_play'====== Args={'value': 1, 'prev_value': 1, 'change': 0, 'player_num': 1}
2025-04-04 22:23:46,303 : INFO : EventManager : Event: ======'player_jackpot_value'====== Args={'value': 10000, 'prev_value': 10000, 'change': 0, 'player_num': 1}
2025-04-04 22:23:46,303 : INFO : EventManager : Event: ======'player_left_ramp_hits'====== Args={'value': 0, 'prev_value': 0, 'change': 0, 'player_num': 1}
2025-04-04 22:23:46,303 : INFO : EventManager : Event: ======'player_left_ramp_lock_hits'====== Args={'value': 0, 'prev_value': 0, 'change': 0, 'player_num': 1}
2025-04-04 22:23:46,303 : INFO : EventManager : Event: ======'player_spinner_hits'====== Args={'value': 0, 'prev_value': 0, 'change': 0, 'player_num': 1}
2025-04-04 22:23:46,303 : INFO : EventManager : Event: ======'player_pop_bumper_wizard'====== Args={'value': 0, 'prev_value': 0, 'change': 0, 'player_num': 1}
2025-04-04 22:23:46,303 : INFO : EventManager : Event: ======'player_ball_lock_active'====== Args={'value': 0, 'prev_value': 0, 'change': 0, 'player_num': 1}
2025-04-04 22:23:46,303 : INFO : EventManager : Event: ======'player_super_jackpot_value'====== Args={'value': 100000, 'prev_value': 100000, 'change': 0, 'player_num': 1}
2025-04-04 22:23:46,303 : INFO : EventManager : Event: ======'player_jackpot_state'====== Args={'value': 0, 'prev_value': 0, 'change': 0, 'player_num': 1}
2025-04-04 22:23:46,303 : INFO : EventManager : Event: ======'player_right_ramp_valid'====== Args={'value': 0, 'prev_value': 0, 'change': 0, 'player_num': 1}
2025-04-04 22:23:46,303 : INFO : EventManager : Event: ======'player_score'====== Args={'value': 0, 'prev_value': 0, 'change': 0, 'player_num': 1}
2025-04-04 22:23:46,303 : INFO : EventManager : Event: ======'game_started'====== Args={}
2025-04-04 22:23:46,303 : INFO : drop_target_bank.vuk_bank : 2 targets are down. Will reset those.
2025-04-04 22:23:46,303 : INFO : coil.c_drop_target : Pulsing Driver for 30ms (1.0 pulse_power)
2025-04-04 22:23:46,303 : INFO : EventManager : Event: ======'setup_game_variables'====== Args={'priority': 0}
2025-04-04 22:23:46,303 : INFO : EventManager : Event: ======'player_turn_will_start'====== Args={'player': <Player 1>, 'number': 1}
2025-04-04 22:23:46,303 : INFO : EventManager : Event: ======'player_turn_starting'====== Args={'player': <Player 1>, 'number': 1}
2025-04-04 22:23:46,303 : INFO : EventManager : Event: ======'player_ball'====== Args={'value': 1, 'prev_value': 0, 'change': 1, 'player_num': 1}
2025-04-04 22:23:46,303 : INFO : EventManager : Event: ======'player_turn_started'====== Args={'player': <Player 1>, 'number': 1}
2025-04-04 22:23:46,314 : INFO : EventManager : Event: ======'ball_will_start'====== Args={'player': 1, 'ball': 1, 'balls_remaining': 2, 'is_extra_ball': False}
2025-04-04 22:23:46,316 : INFO : EventManager : Event: ======'ball_starting'====== Args={'player': 1, 'ball': 1, 'balls_remaining': 2, 'is_extra_ball': False}
2025-04-04 22:23:46,316 : INFO : EventManager : Event: ======'mode_base_will_start'====== Args={'queue': <QueuedEvent>, 'player': 1, 'ball': 1, 'balls_remaining': 2, 'is_extra_ball': False}
2025-04-04 22:23:46,316 : INFO : EventManager : Event: ======'player_base_mode_timer_tick'====== Args={'value': 60, 'prev_value': 0, 'change': 60, 'player_num': 1}
2025-04-04 22:23:46,316 : INFO : EventManager : Event: ======'mode_base_starting'====== Args={'queue': <QueuedEvent>, 'player': 1, 'ball': 1, 'balls_remaining': 2, 'is_extra_ball': False}
2025-04-04 22:23:46,316 : INFO : EventManager : Event: ======'bd_trough_eject'====== Args={'priority': 0}
2025-04-04 22:23:46,316 : INFO : Mode.base : Started. Priority: 100
2025-04-04 22:23:46,316 : INFO : EventManager : Event: ======'modes_active_modes_changed'====== Args={}
2025-04-04 22:23:46,316 : INFO : EventManager : Event: ======'mode_base_started'====== Args={'queue': <QueuedEvent>, 'player': 1, 'ball': 1, 'balls_remaining': 2, 'is_extra_ball': False}
2025-04-04 22:23:46,316 : INFO : EventManager : Event: ======'balls_in_play'====== Args={'balls': 1}
2025-04-04 22:23:46,316 : INFO : EventManager : Event: ======'ball_started'====== Args={'player': 1, 'ball': 1, 'balls_remaining': 2, 'is_extra_ball': False}
2025-04-04 22:23:46,316 : INFO : EventManager : Event: ======'ball_save_ball_save_enabled'====== Args={}
2025-04-04 22:23:46,316 : INFO : EventManager : Event: ======'logicblock_spinner_value_updated'====== Args={'value': 0, 'enabled': True}
2025-04-04 22:23:46,316 : INFO : EventManager : Event: ======'logicblock_newton_hit_counter_updated'====== Args={'value': 0, 'enabled': True}
2025-04-04 22:23:46,316 : INFO : EventManager : Event: ======'logicblock_diverter_pattern_updated'====== Args={'value': 0, 'enabled': True}
2025-04-04 22:23:46,316 : INFO : drop_target_bank.vuk_bank : 2 targets are down. Will reset those.
2025-04-04 22:23:46,316 : INFO : EventManager : Event: ======'reset_player_shot_counters'====== Args={'priority': 0}
2025-04-04 22:23:46,316 : INFO : EventManager : Event: ======'single_player_ball_started'====== Args={}
2025-04-04 22:23:46,316 : INFO : EventManager : Event: ======'ball_start_target'====== Args={'target': 'playfield'}
2025-04-04 22:23:46,316 : INFO : ball_device.bd_shooter_lane : Setting up player-controlled eject. Balls: 1, Target: <playfield.playfield>, player_controlled_eject_event: None
2025-04-04 22:23:46,316 : INFO : EventManager : Event: ======'balldevice_balls_available'====== Args={}
2025-04-04 22:23:46,325 : INFO : coil.c_drop_target : Pulsing Driver for 30ms (1.0 pulse_power)
2025-04-04 22:23:46,326 : INFO : ball_device.bd_trough : State: waiting_for_target_ready
2025-04-04 22:23:46,326 : INFO : EventManager : Event: ======'balldevice_bd_trough_ball_eject_attempt'====== Args={'balls': 1, 'target': <ball_device.bd_shooter_lane>, 'source': <ball_device.bd_trough>, 'mechanical_eject': True, 'num_attempts': 0}
2025-04-04 22:23:46,326 : INFO : ball_device.bd_shooter_lane : State: waiting_for_ball
2025-04-04 22:23:46,326 : INFO : ball_device.bd_trough : State: ejecting
2025-04-04 22:23:46,326 : INFO : ball_device.bd_trough : Ejecting ball to <ball_device.bd_shooter_lane>
2025-04-04 22:23:46,326 : INFO : EventManager : Event: ======'balldevice_bd_trough_ejecting_ball'====== Args={'balls': 1, 'target': <ball_device.bd_shooter_lane>, 'source': <ball_device.bd_trough>, 'mechanical_eject': True, 'num_attempts': 0}
2025-04-04 22:23:46,328 : INFO : ball_device.bd_trough : Wait for ball to leave device
2025-04-04 22:23:46,328 : INFO : SwitchController : <<<<<<< 's_3bank_tgt_g' inactive (muted) >>>>>>>
2025-04-04 22:23:46,328 : INFO : SwitchController : <<<<<<< 's_3bank_tgt_o' inactive (muted) >>>>>>>
2025-04-04 22:23:46,375 : INFO : coil.c_trough : Pulsing Driver for 25ms (1.0 pulse_power)
2025-04-04 22:23:46,407 : INFO : SwitchController : <<<<<<< 's_trough_ball' inactive >>>>>>>
2025-04-04 22:23:46,423 : INFO : SwitchController : <<<<<<< 's_trough_ball' active >>>>>>>
2025-04-04 22:23:46,423 : INFO : EventManager : Event: ======'machine_var_audits_switches_s_trough_ball'====== Args={'value': 48, 'prev_value': 47, 'change': 1}
2025-04-04 22:23:46,487 : INFO : SwitchController : <<<<<<< 's_trough_ball_jam' active >>>>>>>
2025-04-04 22:23:46,487 : INFO : EventManager : Event: ======'machine_var_audits_switches_s_trough_ball_jam'====== Args={'value': 50, 'prev_value': 49, 'change': 1}
2025-04-04 22:23:46,535 : INFO : SwitchController : <<<<<<< 's_trough_7' inactive >>>>>>>
2025-04-04 22:23:46,535 : INFO : ball_device.bd_trough : State: ball_left
2025-04-04 22:23:46,535 : INFO : ball_device.bd_trough : Ball left
2025-04-04 22:23:46,537 : INFO : ball_device.bd_trough : Wait for confirm with timeout 3.0
2025-04-04 22:23:46,599 : INFO : SwitchController : <<<<<<< 's_trough_ball_jam' inactive >>>>>>>
2025-04-04 22:23:46,838 : INFO : EventManager : Event: ======'drop_target_middle_up'====== Args={'device': <drop_target.middle>}
2025-04-04 22:23:46,838 : INFO : EventManager : Event: ======'drop_target_back_up'====== Args={'device': <drop_target.back>}
2025-04-04 22:23:47,046 : INFO : SwitchController : <<<<<<< 's_shooter_lane' active >>>>>>>
2025-04-04 22:23:47,046 : INFO : EventManager : Event: ======'machine_var_audits_switches_s_shooter_lane'====== Args={'value': 52, 'prev_value': 51, 'change': 1}
2025-04-04 22:23:47,367 : INFO : ball_device.bd_shooter_lane : Received ball from <ball_device.bd_trough>
2025-04-04 22:23:47,367 : INFO : EventManager : Event: ======'balldevice_bd_shooter_lane_ball_enter'====== Args={'new_balls': 1, 'unclaimed_balls': 0, 'new_available_balls': 0, 'device': <ball_device.bd_shooter_lane>}
2025-04-04 22:23:47,367 : INFO : EventManager : Event: ======'balldevice_bd_shooter_lane_ball_entered'====== Args={'new_balls': 0, 'device': <ball_device.bd_shooter_lane>}
2025-04-04 22:23:47,367 : INFO : EventManager : Event: ======'balldevice_bd_shooter_lane_ball_count_changed'====== Args={'balls': 1}
2025-04-04 22:23:47,367 : INFO : ball_device.bd_trough : Got eject confirm
2025-04-04 22:23:47,367 : INFO : ball_device.bd_trough : Eject successful
2025-04-04 22:23:47,369 : INFO : EventManager : Event: ======'balldevice_bd_trough_ball_eject_success'====== Args={'balls': 1, 'target': <ball_device.bd_shooter_lane>}
2025-04-04 22:23:47,369 : INFO : ball_device.bd_shooter_lane : State: waiting_for_target_ready
2025-04-04 22:23:47,369 : INFO : EventManager : Event: ======'balldevice_bd_shooter_lane_ball_eject_attempt'====== Args={'balls': 1, 'target': <playfield.playfield>, 'source': <ball_device.bd_shooter_lane>, 'mechanical_eject': True, 'num_attempts': 0}
2025-04-04 22:23:47,369 : INFO : EventManager : Event: ======'balldevice_bd_trough_ball_count_changed'====== Args={'balls': 0}
2025-04-04 22:23:47,369 : INFO : ball_device.bd_trough : State: idle
2025-04-04 22:23:47,369 : INFO : ball_device.bd_shooter_lane : State: ejecting
2025-04-04 22:23:47,369 : INFO : ball_device.bd_shooter_lane : Ejecting ball to <playfield.playfield>
2025-04-04 22:23:47,369 : INFO : EventManager : Event: ======'balldevice_bd_shooter_lane_ejecting_ball'====== Args={'balls': 1, 'target': <playfield.playfield>, 'source': <ball_device.bd_shooter_lane>, 'mechanical_eject': True, 'num_attempts': 0}
2025-04-04 22:23:47,371 : INFO : ball_device.bd_shooter_lane : Wait for ball to leave device
2025-04-04 22:23:48,457 : INFO : SwitchController : <<<<<<< 's_shooter_lane' inactive >>>>>>>
2025-04-04 22:23:48,457 : INFO : ball_device.bd_shooter_lane : State: ball_left
2025-04-04 22:23:48,457 : INFO : ball_device.bd_shooter_lane : Ball left
2025-04-04 22:23:48,457 : INFO : ball_device.bd_shooter_lane : Wait for confirm with timeout 5.0
2025-04-04 22:23:48,505 : INFO : SwitchController : <<<<<<< 's_shooter_lane' active >>>>>>>
2025-04-04 22:23:48,505 : INFO : EventManager : Event: ======'machine_var_audits_switches_s_shooter_lane'====== Args={'value': 53, 'prev_value': 52, 'change': 1}
2025-04-04 22:23:48,537 : INFO : SwitchController : <<<<<<< 's_shooter_lane' inactive >>>>>>>
2025-04-04 22:23:50,799 : INFO : SwitchController : <<<<<<< 's_left_button_2' active >>>>>>>
2025-04-04 22:23:50,799 : INFO : EventManager : Event: ======'machine_var_audits_switches_s_left_button_2'====== Args={'value': 187, 'prev_value': 186, 'change': 1}
2025-04-04 22:23:50,799 : INFO : SwitchController : <<<<<<< 's_left_flipper_button' active >>>>>>>
2025-04-04 22:23:50,799 : INFO : EventManager : Event: ======'machine_var_audits_switches_s_left_flipper_button'====== Args={'value': 183, 'prev_value': 182, 'change': 1}
2025-04-04 22:23:50,829 : INFO : SwitchController : <<<<<<< 's_left_flipper_eos' active >>>>>>>
2025-04-04 22:23:50,829 : INFO : EventManager : Event: ======'machine_var_audits_switches_s_left_flipper_eos'====== Args={'value': 162, 'prev_value': 161, 'change': 1}
2025-04-04 22:23:50,989 : INFO : SwitchController : <<<<<<< 's_left_flipper_button' inactive >>>>>>>
2025-04-04 22:23:50,991 : INFO : SwitchController : <<<<<<< 's_left_button_2' inactive >>>>>>>
2025-04-04 22:23:51,069 : INFO : SwitchController : <<<<<<< 's_left_flipper_eos' inactive >>>>>>>
2025-04-04 22:23:53,459 : INFO : ball_device.bd_shooter_lane : State: failed_confirm
2025-04-04 22:23:53,459 : INFO : ball_device.bd_shooter_lane : Got timeout (5.0s) before confirm from <playfield.playfield>
2025-04-04 22:23:53,555 : INFO : ball_device.bd_shooter_lane : Confirming eject because target is playfield and ball did not return.
2025-04-04 22:23:53,555 : INFO : ball_device.bd_shooter_lane : Eject successful
2025-04-04 22:23:53,555 : INFO : EventManager : Event: ======'balldevice_bd_shooter_lane_ball_eject_success'====== Args={'balls': 1, 'target': <playfield.playfield>}
2025-04-04 22:23:53,555 : INFO : EventManager : Event: ======'ball_save_ball_save_timer_start'====== Args={}
2025-04-04 22:23:53,555 : INFO : EventManager : Event: ======'balldevice_playfield_ball_enter'====== Args={'new_balls': 1, 'unclaimed_balls': 1, 'device': <playfield.playfield>}
2025-04-04 22:23:53,555 : INFO : EventManager : Event: ======'playfield_ball_count_change'====== Args={'balls': 1, 'change': 1}
2025-04-04 22:23:53,555 : INFO : EventManager : Event: ======'balldevice_bd_shooter_lane_ball_count_changed'====== Args={'balls': 0}
2025-04-04 22:23:53,555 : INFO : ball_device.bd_shooter_lane : State: idle
2025-04-04 22:24:00,534 : INFO : EventManager : Event: ======'ball_save_ball_save_hurry_up'====== Args={}
2025-04-04 22:24:03,539 : INFO : EventManager : Event: ======'ball_save_ball_save_grace_period'====== Args={}
2025-04-04 22:24:05,542 : INFO : EventManager : Event: ======'ball_save_ball_save_disabled'====== Args={}
2025-04-04 22:24:09,659 : INFO : SwitchController : <<<<<<< 's_3bank_tgt_d' active >>>>>>>
2025-04-04 22:24:09,659 : INFO : EventManager : Event: ======'s_3bank_tgt_d_active'====== Args={}
2025-04-04 22:24:09,659 : INFO : EventManager : Event: ======'drop_target_front_down'====== Args={'device': <drop_target.front>}
2025-04-04 22:24:09,661 : INFO : EventManager : Event: ======'drop_target_bank_vuk_bank_mixed'====== Args={'prev_value': <DropTargetBankState.UP: 'up'>, 'down': 1}
2025-04-04 22:24:09,661 : INFO : EventManager : Event: ======'machine_var_audits_switches_s_3bank_tgt_d'====== Args={'value': 20, 'prev_value': 19, 'change': 1}
2025-04-04 22:24:09,663 : INFO : EventManager : Event: ======'check_dog_bank_complete'====== Args={'priority': 0}
2025-04-04 22:24:11,393 : INFO : SwitchController : <<<<<<< 's_left_button_2' active >>>>>>>
2025-04-04 22:24:11,393 : INFO : EventManager : Event: ======'machine_var_audits_switches_s_left_button_2'====== Args={'value': 188, 'prev_value': 187, 'change': 1}
2025-04-04 22:24:11,393 : INFO : SwitchController : <<<<<<< 's_left_flipper_button' active >>>>>>>
2025-04-04 22:24:11,395 : INFO : EventManager : Event: ======'machine_var_audits_switches_s_left_flipper_button'====== Args={'value': 184, 'prev_value': 183, 'change': 1}
2025-04-04 22:24:11,425 : INFO : SwitchController : <<<<<<< 's_left_flipper_eos' active >>>>>>>
2025-04-04 22:24:11,425 : INFO : EventManager : Event: ======'machine_var_audits_switches_s_left_flipper_eos'====== Args={'value': 163, 'prev_value': 162, 'change': 1}
2025-04-04 22:24:11,569 : INFO : SwitchController : <<<<<<< 's_left_flipper_button' inactive >>>>>>>
2025-04-04 22:24:11,571 : INFO : SwitchController : <<<<<<< 's_left_button_2' inactive >>>>>>>
2025-04-04 22:24:11,663 : INFO : SwitchController : <<<<<<< 's_left_flipper_eos' inactive >>>>>>>
2025-04-04 22:24:12,302 : INFO : SwitchController : <<<<<<< 's_left_button_2' active >>>>>>>
2025-04-04 22:24:12,303 : INFO : EventManager : Event: ======'machine_var_audits_switches_s_left_button_2'====== Args={'value': 189, 'prev_value': 188, 'change': 1}
2025-04-04 22:24:12,303 : INFO : SwitchController : <<<<<<< 's_left_flipper_button' active >>>>>>>
2025-04-04 22:24:12,303 : INFO : EventManager : Event: ======'machine_var_audits_switches_s_left_flipper_button'====== Args={'value': 185, 'prev_value': 184, 'change': 1}
2025-04-04 22:24:12,334 : INFO : SwitchController : <<<<<<< 's_left_flipper_eos' active >>>>>>>
2025-04-04 22:24:12,335 : INFO : EventManager : Event: ======'machine_var_audits_switches_s_left_flipper_eos'====== Args={'value': 164, 'prev_value': 163, 'change': 1}
2025-04-04 22:24:12,491 : INFO : SwitchController : <<<<<<< 's_left_flipper_button' inactive >>>>>>>
2025-04-04 22:24:12,491 : INFO : SwitchController : <<<<<<< 's_left_button_2' inactive >>>>>>>
2025-04-04 22:24:12,570 : INFO : SwitchController : <<<<<<< 's_left_flipper_eos' inactive >>>>>>>
2025-04-04 22:24:12,666 : INFO : SwitchController : <<<<<<< 's_left_ramp_entry_1' active >>>>>>>
2025-04-04 22:24:12,666 : INFO : EventManager : Event: ======'s_left_ramp_entry_1_active'====== Args={}
2025-04-04 22:24:12,666 : INFO : EventManager : Event: ======'sw_playfield_active'====== Args={}
2025-04-04 22:24:12,666 : INFO : EventManager : Event: ======'machine_var_audits_switches_s_left_ramp_entry_1'====== Args={'value': 786, 'prev_value': 785, 'change': 1}
2025-04-04 22:24:12,666 : INFO : EventManager : Event: ======'logicblock_diverter_pattern_updated'====== Args={'value': 1, 'enabled': True}
2025-04-04 22:24:12,666 : INFO : EventManager : Event: ======'check_divert_pattern'====== Args={'count': 1, 'hits': 1, 'remaining': 4}
2025-04-04 22:24:12,730 : INFO : SwitchController : <<<<<<< 's_left_ramp_entry_1' inactive >>>>>>>
2025-04-04 22:24:12,762 : INFO : SwitchController : <<<<<<< 's_left_ramp_entry_1' active >>>>>>>
2025-04-04 22:24:12,762 : INFO : EventManager : Event: ======'s_left_ramp_entry_1_active'====== Args={}
2025-04-04 22:24:12,762 : INFO : EventManager : Event: ======'sw_playfield_active'====== Args={}
2025-04-04 22:24:12,762 : INFO : EventManager : Event: ======'machine_var_audits_switches_s_left_ramp_entry_1'====== Args={'value': 787, 'prev_value': 786, 'change': 1}
2025-04-04 22:24:12,762 : INFO : EventManager : Event: ======'logicblock_diverter_pattern_updated'====== Args={'value': 2, 'enabled': True}
2025-04-04 22:24:12,762 : INFO : EventManager : Event: ======'check_divert_pattern'====== Args={'count': 2, 'hits': 2, 'remaining': 3}
2025-04-04 22:24:12,810 : INFO : SwitchController : <<<<<<< 's_left_ramp_entry_1' inactive >>>>>>>
2025-04-04 22:24:12,858 : INFO : SwitchController : <<<<<<< 's_left_ramp_entry_1' active >>>>>>>
2025-04-04 22:24:12,858 : INFO : EventManager : Event: ======'s_left_ramp_entry_1_active'====== Args={}
2025-04-04 22:24:12,858 : INFO : EventManager : Event: ======'sw_playfield_active'====== Args={}
2025-04-04 22:24:12,858 : INFO : EventManager : Event: ======'machine_var_audits_switches_s_left_ramp_entry_1'====== Args={'value': 788, 'prev_value': 787, 'change': 1}
2025-04-04 22:24:12,858 : INFO : EventManager : Event: ======'logicblock_diverter_pattern_updated'====== Args={'value': 3, 'enabled': True}
2025-04-04 22:24:12,858 : INFO : EventManager : Event: ======'check_divert_pattern'====== Args={'count': 3, 'hits': 3, 'remaining': 2}
2025-04-04 22:24:12,938 : INFO : SwitchController : <<<<<<< 's_left_ramp_entry_1' inactive >>>>>>>
2025-04-04 22:24:12,986 : INFO : SwitchController : <<<<<<< 's_left_ramp_entry_1' active >>>>>>>
2025-04-04 22:24:12,986 : INFO : EventManager : Event: ======'s_left_ramp_entry_1_active'====== Args={}
2025-04-04 22:24:12,986 : INFO : EventManager : Event: ======'sw_playfield_active'====== Args={}
2025-04-04 22:24:12,986 : INFO : EventManager : Event: ======'machine_var_audits_switches_s_left_ramp_entry_1'====== Args={'value': 789, 'prev_value': 788, 'change': 1}
2025-04-04 22:24:12,986 : INFO : EventManager : Event: ======'logicblock_diverter_pattern_updated'====== Args={'value': 4, 'enabled': True}
2025-04-04 22:24:12,986 : INFO : EventManager : Event: ======'check_divert_pattern'====== Args={'count': 4, 'hits': 4, 'remaining': 1}
2025-04-04 22:24:13,034 : INFO : SwitchController : <<<<<<< 's_left_ramp_entry_1' inactive >>>>>>>
2025-04-04 22:24:19,750 : INFO : SwitchController : <<<<<<< 's_left_button_2' active >>>>>>>
2025-04-04 22:24:19,750 : INFO : EventManager : Event: ======'machine_var_audits_switches_s_left_button_2'====== Args={'value': 190, 'prev_value': 189, 'change': 1}
2025-04-04 22:24:19,750 : INFO : SwitchController : <<<<<<< 's_left_flipper_button' active >>>>>>>
2025-04-04 22:24:19,752 : INFO : EventManager : Event: ======'machine_var_audits_switches_s_left_flipper_button'====== Args={'value': 186, 'prev_value': 185, 'change': 1}
2025-04-04 22:24:19,784 : INFO : SwitchController : <<<<<<< 's_left_flipper_eos' active >>>>>>>
2025-04-04 22:24:19,786 : INFO : EventManager : Event: ======'machine_var_audits_switches_s_left_flipper_eos'====== Args={'value': 165, 'prev_value': 164, 'change': 1}
2025-04-04 22:24:19,926 : INFO : SwitchController : <<<<<<< 's_blood_target' active >>>>>>>
2025-04-04 22:24:19,926 : INFO : EventManager : Event: ======'machine_var_audits_switches_s_blood_target'====== Args={'value': 25, 'prev_value': 24, 'change': 1}
2025-04-04 22:24:19,942 : INFO : SwitchController : <<<<<<< 's_blood_target' inactive >>>>>>>
2025-04-04 22:24:19,942 : INFO : SwitchController : <<<<<<< 's_left_flipper_button' inactive >>>>>>>
2025-04-04 22:24:19,942 : INFO : SwitchController : <<<<<<< 's_left_button_2' inactive >>>>>>>
2025-04-04 22:24:19,942 : INFO : SwitchController : <<<<<<< 's_blood_target' active >>>>>>>
2025-04-04 22:24:19,944 : INFO : EventManager : Event: ======'machine_var_audits_switches_s_blood_target'====== Args={'value': 26, 'prev_value': 25, 'change': 1}
2025-04-04 22:24:19,958 : INFO : SwitchController : <<<<<<< 's_blood_target' inactive >>>>>>>
2025-04-04 22:24:19,974 : INFO : SwitchController : <<<<<<< 's_blood_target' active >>>>>>>
2025-04-04 22:24:19,974 : INFO : EventManager : Event: ======'machine_var_audits_switches_s_blood_target'====== Args={'value': 27, 'prev_value': 26, 'change': 1}
2025-04-04 22:24:19,990 : INFO : SwitchController : <<<<<<< 's_blood_target' inactive >>>>>>>
2025-04-04 22:24:20,006 : INFO : SwitchController : <<<<<<< 's_blood_target' active >>>>>>>
2025-04-04 22:24:20,006 : INFO : EventManager : Event: ======'machine_var_audits_switches_s_blood_target'====== Args={'value': 28, 'prev_value': 27, 'change': 1}
2025-04-04 22:24:20,022 : INFO : SwitchController : <<<<<<< 's_blood_target' inactive >>>>>>>
2025-04-04 22:24:20,022 : INFO : SwitchController : <<<<<<< 's_left_flipper_eos' inactive >>>>>>>
2025-04-04 22:24:21,901 : INFO : SwitchController : <<<<<<< 's_left_button_2' active >>>>>>>
2025-04-04 22:24:21,901 : INFO : EventManager : Event: ======'machine_var_audits_switches_s_left_button_2'====== Args={'value': 191, 'prev_value': 190, 'change': 1}
2025-04-04 22:24:21,901 : INFO : SwitchController : <<<<<<< 's_left_flipper_button' active >>>>>>>
2025-04-04 22:24:21,901 : INFO : EventManager : Event: ======'machine_var_audits_switches_s_left_flipper_button'====== Args={'value': 187, 'prev_value': 186, 'change': 1}
2025-04-04 22:24:21,932 : INFO : SwitchController : <<<<<<< 's_left_flipper_eos' active >>>>>>>
2025-04-04 22:24:21,932 : INFO : EventManager : Event: ======'machine_var_audits_switches_s_left_flipper_eos'====== Args={'value': 166, 'prev_value': 165, 'change': 1}
2025-04-04 22:24:22,075 : INFO : SwitchController : <<<<<<< 's_left_flipper_button' inactive >>>>>>>
2025-04-04 22:24:22,075 : INFO : SwitchController : <<<<<<< 's_left_button_2' inactive >>>>>>>
2025-04-04 22:24:22,155 : INFO : SwitchController : <<<<<<< 's_left_flipper_eos' inactive >>>>>>>
2025-04-04 22:24:27,625 : INFO : SwitchController : <<<<<<< 's_left_button_2' active >>>>>>>
2025-04-04 22:24:27,625 : INFO : EventManager : Event: ======'machine_var_audits_switches_s_left_button_2'====== Args={'value': 192, 'prev_value': 191, 'change': 1}
2025-04-04 22:24:27,625 : INFO : SwitchController : <<<<<<< 's_left_flipper_button' active >>>>>>>
2025-04-04 22:24:27,627 : INFO : EventManager : Event: ======'machine_var_audits_switches_s_left_flipper_button'====== Args={'value': 188, 'prev_value': 187, 'change': 1}
2025-04-04 22:24:27,657 : INFO : SwitchController : <<<<<<< 's_left_flipper_eos' active >>>>>>>
2025-04-04 22:24:27,659 : INFO : EventManager : Event: ======'machine_var_audits_switches_s_left_flipper_eos'====== Args={'value': 167, 'prev_value': 166, 'change': 1}
2025-04-04 22:24:27,817 : INFO : SwitchController : <<<<<<< 's_left_flipper_button' inactive >>>>>>>
2025-04-04 22:24:27,817 : INFO : SwitchController : <<<<<<< 's_left_button_2' inactive >>>>>>>
2025-04-04 22:24:27,897 : INFO : SwitchController : <<<<<<< 's_left_flipper_eos' inactive >>>>>>>
2025-04-04 22:24:28,715 : INFO : SwitchController : <<<<<<< 's_left_button_2' active >>>>>>>
2025-04-04 22:24:28,715 : INFO : EventManager : Event: ======'machine_var_audits_switches_s_left_button_2'====== Args={'value': 193, 'prev_value': 192, 'change': 1}
2025-04-04 22:24:28,715 : INFO : SwitchController : <<<<<<< 's_left_flipper_button' active >>>>>>>
2025-04-04 22:24:28,715 : INFO : EventManager : Event: ======'machine_var_audits_switches_s_left_flipper_button'====== Args={'value': 189, 'prev_value': 188, 'change': 1}
2025-04-04 22:24:28,747 : INFO : SwitchController : <<<<<<< 's_left_flipper_eos' active >>>>>>>
2025-04-04 22:24:28,747 : INFO : EventManager : Event: ======'machine_var_audits_switches_s_left_flipper_eos'====== Args={'value': 168, 'prev_value': 167, 'change': 1}
2025-04-04 22:24:28,891 : INFO : SwitchController : <<<<<<< 's_left_flipper_button' inactive >>>>>>>
2025-04-04 22:24:28,891 : INFO : SwitchController : <<<<<<< 's_trough_2' active >>>>>>>
2025-04-04 22:24:28,891 : INFO : EventManager : Event: ======'machine_var_audits_switches_s_trough_2'====== Args={'value': 19, 'prev_value': 18, 'change': 1}
2025-04-04 22:24:28,893 : INFO : SwitchController : <<<<<<< 's_left_button_2' inactive >>>>>>>
2025-04-04 22:24:28,893 : INFO : SwitchController : <<<<<<< 's_trough_2' inactive >>>>>>>
2025-04-04 22:24:28,971 : INFO : SwitchController : <<<<<<< 's_left_flipper_eos' inactive >>>>>>>
2025-04-04 22:24:28,987 : INFO : SwitchController : <<<<<<< 's_trough_3' active >>>>>>>
2025-04-04 22:24:28,987 : INFO : EventManager : Event: ======'machine_var_audits_switches_s_trough_3'====== Args={'value': 20, 'prev_value': 19, 'change': 1}
2025-04-04 22:24:29,051 : INFO : SwitchController : <<<<<<< 's_trough_3' inactive >>>>>>>
2025-04-04 22:24:29,115 : INFO : SwitchController : <<<<<<< 's_trough_4' active >>>>>>>
2025-04-04 22:24:29,115 : INFO : EventManager : Event: ======'machine_var_audits_switches_s_trough_4'====== Args={'value': 20, 'prev_value': 19, 'change': 1}
2025-04-04 22:24:29,147 : INFO : SwitchController : <<<<<<< 's_trough_4' inactive >>>>>>>
2025-04-04 22:24:29,209 : INFO : SwitchController : <<<<<<< 's_trough_5' active >>>>>>>
2025-04-04 22:24:29,209 : INFO : EventManager : Event: ======'machine_var_audits_switches_s_trough_5'====== Args={'value': 20, 'prev_value': 19, 'change': 1}
2025-04-04 22:24:29,241 : INFO : SwitchController : <<<<<<< 's_trough_5' inactive >>>>>>>
2025-04-04 22:24:29,288 : INFO : SwitchController : <<<<<<< 's_trough_6' active >>>>>>>
2025-04-04 22:24:29,288 : INFO : EventManager : Event: ======'machine_var_audits_switches_s_trough_6'====== Args={'value': 33, 'prev_value': 32, 'change': 1}
2025-04-04 22:24:29,320 : INFO : SwitchController : <<<<<<< 's_trough_6' inactive >>>>>>>
2025-04-04 22:24:29,352 : INFO : SwitchController : <<<<<<< 's_trough_7' active >>>>>>>
2025-04-04 22:24:29,352 : INFO : EventManager : Event: ======'machine_var_audits_switches_s_trough_7'====== Args={'value': 54, 'prev_value': 53, 'change': 1}
2025-04-04 22:24:29,401 : INFO : SwitchController : <<<<<<< 's_trough_7' inactive >>>>>>>
2025-04-04 22:24:29,466 : INFO : SwitchController : <<<<<<< 's_trough_7' active >>>>>>>
2025-04-04 22:24:29,466 : INFO : EventManager : Event: ======'machine_var_audits_switches_s_trough_7'====== Args={'value': 55, 'prev_value': 54, 'change': 1}
2025-04-04 22:24:29,977 : INFO : EventManager : Event: ======'balldevice_bd_trough_ball_count_changed'====== Args={'balls': 1}
2025-04-04 22:24:29,977 : INFO : ball_device.bd_trough : Received unexpected ball
2025-04-04 22:24:29,977 : INFO : EventManager : Event: ======'balldevice_captured_from_playfield'====== Args={'balls': 1}
2025-04-04 22:24:29,977 : INFO : EventManager : Event: ======'sw_playfield_active'====== Args={'balls': 1}
2025-04-04 22:24:29,977 : INFO : EventManager : Event: ======'playfield_ball_count_change'====== Args={'balls': 0, 'change': -1}
2025-04-04 22:24:29,979 : INFO : EventManager : Event: ======'balldevice_bd_trough_ball_enter'====== Args={'new_balls': 1, 'unclaimed_balls': 1, 'new_available_balls': 1, 'device': <ball_device.bd_trough>}
2025-04-04 22:24:29,979 : INFO : EventManager : Event: ======'ball_drain'====== Args={'device': <ball_device.bd_trough>, 'balls': 1}
2025-04-04 22:24:29,979 : INFO : EventManager : Event: ======'ball_will_end'====== Args={}
2025-04-04 22:24:29,979 : INFO : EventManager : Event: ======'balldevice_balls_available'====== Args={}
2025-04-04 22:24:29,979 : INFO : EventManager : Event: ======'balldevice_bd_trough_ball_entered'====== Args={'new_balls': 1, 'device': <ball_device.bd_trough>}
2025-04-04 22:24:29,979 : INFO : EventManager : Event: ======'player_tilt_warnings'====== Args={'value': 0, 'prev_value': 0, 'change': 0, 'player_num': 1}
2025-04-04 22:24:29,979 : INFO : EventManager : Event: ======'ball_ending'====== Args={}
2025-04-04 22:24:29,979 : INFO : EventManager : Event: ======'mode_base_will_stop'====== Args={}
2025-04-04 22:24:29,979 : INFO : EventManager : Event: ======'mode_base_stopping'====== Args={}
2025-04-04 22:24:29,981 : INFO : EventManager : Event: ======'player_score'====== Args={'value': 10000, 'prev_value': 0, 'change': 10000, 'player_num': 1, 'source': 'base'}
2025-04-04 22:24:29,981 : INFO : Mode.base : Stopped.
2025-04-04 22:24:29,981 : INFO : EventManager : Event: ======'modes_active_modes_changed'====== Args={}
2025-04-04 22:24:29,981 : INFO : EventManager : Event: ======'mode_base_stopped'====== Args={}
2025-04-04 22:24:29,981 : INFO : EventManager : Event: ======'clear'====== Args={'key': 'base'}
2025-04-04 22:24:29,981 : INFO : Timer.mode_timer : Stopping Timer
2025-04-04 22:24:29,981 : INFO : EventManager : Event: ======'timer_mode_timer_stopped'====== Args={'ticks': 60, 'ticks_remaining': 0}
2025-04-04 22:24:29,981 : INFO : EventManager : Event: ======'tally_player_score'====== Args={'priority': 0}
2025-04-04 22:24:29,981 : INFO : EventManager : Event: ======'ball_ended'====== Args={}
2025-04-04 22:24:29,981 : INFO : EventManager : Event: ======'player_turn_will_end'====== Args={'player': <Player 1>, 'number': 1}
2025-04-04 22:24:29,981 : INFO : EventManager : Event: ======'player_turn_ending'====== Args={'player': <Player 1>, 'number': 1}
2025-04-04 22:24:29,983 : INFO : EventManager : Event: ======'player_turn_ended'====== Args={'player': <Player 1>, 'number': 1}
2025-04-04 22:24:29,983 : INFO : EventManager : Event: ======'player_turn_will_start'====== Args={'player': <Player 1>, 'number': 1}
2025-04-04 22:24:29,983 : INFO : EventManager : Event: ======'player_turn_starting'====== Args={'player': <Player 1>, 'number': 1}
2025-04-04 22:24:29,983 : INFO : EventManager : Event: ======'player_ball'====== Args={'value': 2, 'prev_value': 1, 'change': 1, 'player_num': 1}
2025-04-04 22:24:29,983 : INFO : EventManager : Event: ======'player_turn_started'====== Args={'player': <Player 1>, 'number': 1}
2025-04-04 22:24:29,983 : INFO : EventManager : Event: ======'ball_will_start'====== Args={'player': 1, 'ball': 2, 'balls_remaining': 1, 'is_extra_ball': False}
2025-04-04 22:24:29,983 : INFO : EventManager : Event: ======'ball_starting'====== Args={'player': 1, 'ball': 2, 'balls_remaining': 1, 'is_extra_ball': False}
2025-04-04 22:24:29,983 : INFO : EventManager : Event: ======'mode_base_will_start'====== Args={'queue': <QueuedEvent>, 'player': 1, 'ball': 2, 'balls_remaining': 1, 'is_extra_ball': False}
2025-04-04 22:24:29,985 : INFO : EventManager : Event: ======'mode_base_starting'====== Args={'queue': <QueuedEvent>, 'player': 1, 'ball': 2, 'balls_remaining': 1, 'is_extra_ball': False}
2025-04-04 22:24:29,985 : INFO : EventManager : Event: ======'bd_trough_eject'====== Args={'priority': 0}
2025-04-04 22:24:29,985 : INFO : Mode.base : Started. Priority: 100
2025-04-04 22:24:29,985 : INFO : EventManager : Event: ======'modes_active_modes_changed'====== Args={}
2025-04-04 22:24:29,985 : INFO : EventManager : Event: ======'mode_base_started'====== Args={'queue': <QueuedEvent>, 'player': 1, 'ball': 2, 'balls_remaining': 1, 'is_extra_ball': False}
2025-04-04 22:24:29,985 : INFO : EventManager : Event: ======'balls_in_play'====== Args={'balls': 1}
2025-04-04 22:24:29,985 : INFO : EventManager : Event: ======'ball_started'====== Args={'player': 1, 'ball': 2, 'balls_remaining': 1, 'is_extra_ball': False}
2025-04-04 22:24:29,985 : INFO : EventManager : Event: ======'ball_save_ball_save_enabled'====== Args={}
2025-04-04 22:24:29,985 : INFO : EventManager : Event: ======'logicblock_spinner_value_updated'====== Args={'value': 0, 'enabled': True}
2025-04-04 22:24:29,985 : INFO : EventManager : Event: ======'logicblock_newton_hit_counter_updated'====== Args={'value': 0, 'enabled': True}
2025-04-04 22:24:29,985 : INFO : EventManager : Event: ======'logicblock_diverter_pattern_updated'====== Args={'value': 4, 'enabled': True}
2025-04-04 22:24:29,985 : INFO : drop_target_bank.vuk_bank : 1 targets are down. Will reset those.
2025-04-04 22:24:29,985 : INFO : coil.c_drop_target : Pulsing Driver for 30ms (1.0 pulse_power)
2025-04-04 22:24:29,985 : INFO : EventManager : Event: ======'reset_player_shot_counters'====== Args={'priority': 0}
2025-04-04 22:24:29,985 : INFO : EventManager : Event: ======'single_player_ball_started'====== Args={}
2025-04-04 22:24:29,985 : INFO : EventManager : Event: ======'ball_start_target'====== Args={'target': 'playfield'}
2025-04-04 22:24:29,985 : INFO : ball_device.bd_shooter_lane : Setting up player-controlled eject. Balls: 1, Target: <playfield.playfield>, player_controlled_eject_event: None
2025-04-04 22:24:29,987 : INFO : EventManager : Event: ======'balldevice_balls_available'====== Args={}
2025-04-04 22:24:29,987 : INFO : ball_device.bd_trough : State: waiting_for_target_ready
2025-04-04 22:24:29,987 : INFO : EventManager : Event: ======'balldevice_bd_trough_ball_eject_attempt'====== Args={'balls': 1, 'target': <ball_device.bd_shooter_lane>, 'source': <ball_device.bd_trough>, 'mechanical_eject': True, 'num_attempts': 0}
2025-04-04 22:24:29,987 : INFO : ball_device.bd_shooter_lane : State: waiting_for_ball
2025-04-04 22:24:29,987 : INFO : ball_device.bd_trough : State: ejecting
2025-04-04 22:24:29,987 : INFO : ball_device.bd_trough : Ejecting ball to <ball_device.bd_shooter_lane>
2025-04-04 22:24:29,987 : INFO : EventManager : Event: ======'balldevice_bd_trough_ejecting_ball'====== Args={'balls': 1, 'target': <ball_device.bd_shooter_lane>, 'source': <ball_device.bd_trough>, 'mechanical_eject': True, 'num_attempts': 0}
2025-04-04 22:24:29,987 : INFO : ball_device.bd_trough : Wait for ball to leave device
2025-04-04 22:24:30,009 : INFO : SwitchController : <<<<<<< 's_3bank_tgt_d' inactive (muted) >>>>>>>
2025-04-04 22:24:30,026 : INFO : coil.c_trough : Pulsing Driver for 25ms (1.0 pulse_power)
2025-04-04 22:24:30,058 : INFO : SwitchController : <<<<<<< 's_trough_ball' inactive >>>>>>>
2025-04-04 22:24:30,074 : INFO : SwitchController : <<<<<<< 's_trough_ball' active >>>>>>>
2025-04-04 22:24:30,074 : INFO : EventManager : Event: ======'machine_var_audits_switches_s_trough_ball'====== Args={'value': 49, 'prev_value': 48, 'change': 1}
2025-04-04 22:24:30,138 : INFO : SwitchController : <<<<<<< 's_trough_ball_jam' active >>>>>>>
2025-04-04 22:24:30,138 : INFO : EventManager : Event: ======'machine_var_audits_switches_s_trough_ball_jam'====== Args={'value': 51, 'prev_value': 50, 'change': 1}
2025-04-04 22:24:30,186 : INFO : SwitchController : <<<<<<< 's_trough_7' inactive >>>>>>>
2025-04-04 22:24:30,186 : INFO : ball_device.bd_trough : State: ball_left
2025-04-04 22:24:30,186 : INFO : ball_device.bd_trough : Ball left
2025-04-04 22:24:30,186 : INFO : ball_device.bd_trough : Wait for confirm with timeout 3.0
2025-04-04 22:24:30,249 : INFO : SwitchController : <<<<<<< 's_trough_ball_jam' inactive >>>>>>>
2025-04-04 22:24:30,489 : INFO : EventManager : Event: ======'drop_target_front_up'====== Args={'device': <drop_target.front>}
2025-04-04 22:24:30,489 : INFO : EventManager : Event: ======'drop_target_bank_vuk_bank_up'====== Args={}
2025-04-04 22:24:30,648 : INFO : SwitchController : <<<<<<< 's_shooter_lane' active >>>>>>>
2025-04-04 22:24:30,648 : INFO : EventManager : Event: ======'machine_var_audits_switches_s_shooter_lane'====== Args={'value': 54, 'prev_value': 53, 'change': 1}
2025-04-04 22:24:30,792 : INFO : SwitchController : <<<<<<< 's_shooter_lane' inactive >>>>>>>
2025-04-04 22:24:32,813 : INFO : SwitchController : <<<<<<< 's_left_flipper_eos' active >>>>>>>
2025-04-04 22:24:32,813 : INFO : EventManager : Event: ======'machine_var_audits_switches_s_left_flipper_eos'====== Args={'value': 169, 'prev_value': 168, 'change': 1}
2025-04-04 22:24:33,198 : INFO : ball_device.bd_trough : State: failed_confirm
2025-04-04 22:24:33,198 : INFO : ball_device.bd_trough : Got timeout (3.0s) before confirm from <ball_device.bd_shooter_lane>
2025-04-04 22:24:33,200 : INFO : ball_device.bd_shooter_lane : Expecting incoming ball which may skip the device.
2025-04-04 22:24:33,200 : INFO : EventManager : Event: ======'balldevice_bd_shooter_lane_ejecting_ball'====== Args={'balls': 1, 'target': <playfield.playfield>, 'source': <ball_device.bd_shooter_lane>, 'mechanical_eject': False, 'num_attempts': 1}
2025-04-04 22:24:33,857 : INFO : SwitchController : <<<<<<< 's_left_flipper_eos' inactive >>>>>>>
2025-04-04 22:24:35,444 : INFO : SwitchController : <<<<<<< 's_left_button_2' active >>>>>>>
2025-04-04 22:24:35,444 : INFO : EventManager : Event: ======'machine_var_audits_switches_s_left_button_2'====== Args={'value': 194, 'prev_value': 193, 'change': 1}
2025-04-04 22:24:35,444 : INFO : SwitchController : <<<<<<< 's_left_flipper_button' active >>>>>>>
2025-04-04 22:24:35,446 : INFO : EventManager : Event: ======'machine_var_audits_switches_s_left_flipper_button'====== Args={'value': 190, 'prev_value': 189, 'change': 1}
2025-04-04 22:24:35,475 : INFO : SwitchController : <<<<<<< 's_left_flipper_eos' active >>>>>>>
2025-04-04 22:24:35,475 : INFO : EventManager : Event: ======'machine_var_audits_switches_s_left_flipper_eos'====== Args={'value': 170, 'prev_value': 169, 'change': 1}
2025-04-04 22:24:35,632 : INFO : SwitchController : <<<<<<< 's_left_flipper_button' inactive >>>>>>>
2025-04-04 22:24:35,632 : INFO : SwitchController : <<<<<<< 's_left_button_2' inactive >>>>>>>
2025-04-04 22:24:35,663 : INFO : SwitchController : <<<<<<< 's_left_ramp_entry_1' active >>>>>>>
2025-04-04 22:24:35,663 : INFO : EventManager : Event: ======'s_left_ramp_entry_1_active'====== Args={}
2025-04-04 22:24:35,663 : INFO : EventManager : Event: ======'sw_playfield_active'====== Args={}
2025-04-04 22:24:35,663 : INFO : EventManager : Event: ======'machine_var_audits_switches_s_left_ramp_entry_1'====== Args={'value': 790, 'prev_value': 789, 'change': 1}
2025-04-04 22:24:35,663 : INFO : EventManager : Event: ======'logicblock_diverter_pattern_updated'====== Args={'value': 5, 'enabled': True}
2025-04-04 22:24:35,663 : INFO : EventManager : Event: ======'check_divert_pattern'====== Args={'count': 5, 'hits': 5, 'remaining': 0}
2025-04-04 22:24:35,663 : INFO : EventManager : Event: ======'logicblock_diverter_pattern_complete'====== Args={}
2025-04-04 22:24:35,663 : INFO : EventManager : Event: ======'logicblock_diverter_pattern_updated'====== Args={'value': 0, 'enabled': True}
2025-04-04 22:24:35,663 : INFO : EventManager : Event: ======'logicblock_diverter_pattern_updated'====== Args={'value': 0, 'enabled': False}
2025-04-04 22:24:35,663 : INFO : EventManager : Event: ======'playfield_active'====== Args={'source': None}
2025-04-04 22:24:35,663 : INFO : ball_device.bd_shooter_lane : Got confirm for skipping ball.
2025-04-04 22:24:35,663 : INFO : ball_device.bd_shooter_lane : Eject successful
2025-04-04 22:24:35,663 : INFO : EventManager : Event: ======'balldevice_bd_shooter_lane_ball_eject_success'====== Args={'balls': 1, 'target': <playfield.playfield>}
2025-04-04 22:24:35,663 : INFO : EventManager : Event: ======'ball_save_ball_save_timer_start'====== Args={}
2025-04-04 22:24:35,663 : INFO : EventManager : Event: ======'balldevice_playfield_ball_enter'====== Args={'new_balls': 1, 'unclaimed_balls': 1, 'device': <playfield.playfield>}
2025-04-04 22:24:35,663 : INFO : EventManager : Event: ======'playfield_ball_count_change'====== Args={'balls': 1, 'change': 1}
2025-04-04 22:24:35,663 : INFO : ball_device.bd_shooter_lane : State: idle
2025-04-04 22:24:35,663 : INFO : ball_device.bd_trough : Eject successful
2025-04-04 22:24:35,663 : INFO : EventManager : Event: ======'balldevice_bd_trough_ball_eject_success'====== Args={'balls': 1, 'target': <ball_device.bd_shooter_lane>}
2025-04-04 22:24:35,663 : INFO : EventManager : Event: ======'balldevice_bd_trough_ball_count_changed'====== Args={'balls': 0}
2025-04-04 22:24:35,663 : INFO : ball_device.bd_trough : State: idle
2025-04-04 22:24:35,694 : INFO : SwitchController : <<<<<<< 's_left_ramp_entry_1' inactive >>>>>>>
2025-04-04 22:24:35,710 : INFO : SwitchController : <<<<<<< 's_left_ramp_entry_1' active >>>>>>>
2025-04-04 22:24:35,710 : INFO : EventManager : Event: ======'s_left_ramp_entry_1_active'====== Args={}
2025-04-04 22:24:35,710 : INFO : EventManager : Event: ======'sw_playfield_active'====== Args={}
2025-04-04 22:24:35,710 : INFO : EventManager : Event: ======'machine_var_audits_switches_s_left_ramp_entry_1'====== Args={'value': 791, 'prev_value': 790, 'change': 1}
2025-04-04 22:24:35,710 : INFO : SwitchController : <<<<<<< 's_left_flipper_eos' inactive >>>>>>>
2025-04-04 22:24:35,725 : INFO : SwitchController : <<<<<<< 's_left_ramp_entry_1' inactive >>>>>>>
2025-04-04 22:24:35,757 : INFO : SwitchController : <<<<<<< 's_left_ramp_entry_1' active >>>>>>>
2025-04-04 22:24:35,757 : INFO : EventManager : Event: ======'s_left_ramp_entry_1_active'====== Args={}
2025-04-04 22:24:35,757 : INFO : EventManager : Event: ======'sw_playfield_active'====== Args={}
2025-04-04 22:24:35,757 : INFO : EventManager : Event: ======'machine_var_audits_switches_s_left_ramp_entry_1'====== Args={'value': 792, 'prev_value': 791, 'change': 1}
2025-04-04 22:24:35,819 : INFO : SwitchController : <<<<<<< 's_left_ramp_entry_1' inactive >>>>>>>
2025-04-04 22:24:35,866 : INFO : SwitchController : <<<<<<< 's_left_ramp_entry_1' active >>>>>>>
2025-04-04 22:24:35,866 : INFO : EventManager : Event: ======'s_left_ramp_entry_1_active'====== Args={}
2025-04-04 22:24:35,866 : INFO : EventManager : Event: ======'sw_playfield_active'====== Args={}
2025-04-04 22:24:35,866 : INFO : EventManager : Event: ======'machine_var_audits_switches_s_left_ramp_entry_1'====== Args={'value': 793, 'prev_value': 792, 'change': 1}
2025-04-04 22:24:35,929 : INFO : SwitchController : <<<<<<< 's_left_ramp_entry_1' inactive >>>>>>>
2025-04-04 22:24:35,993 : INFO : SwitchController : <<<<<<< 's_left_ramp_entry_1' active >>>>>>>
2025-04-04 22:24:35,993 : INFO : EventManager : Event: ======'s_left_ramp_entry_1_active'====== Args={}
2025-04-04 22:24:35,993 : INFO : EventManager : Event: ======'sw_playfield_active'====== Args={}
2025-04-04 22:24:35,993 : INFO : EventManager : Event: ======'machine_var_audits_switches_s_left_ramp_entry_1'====== Args={'value': 794, 'prev_value': 793, 'change': 1}
2025-04-04 22:24:36,024 : INFO : SwitchController : <<<<<<< 's_left_ramp_entry_1' inactive >>>>>>>
2025-04-04 22:24:42,663 : INFO : EventManager : Event: ======'ball_save_ball_save_hurry_up'====== Args={}
2025-04-04 22:24:45,661 : INFO : EventManager : Event: ======'ball_save_ball_save_grace_period'====== Args={}
2025-04-04 22:24:47,662 : INFO : EventManager : Event: ======'ball_save_ball_save_disabled'====== Args={}
2025-04-04 22:25:49,647 : INFO : Machine : Shutting down...
2025-04-04 22:25:49,647 : INFO : EventManager : Event: ======'shutdown'====== Args={}
2025-04-04 22:25:49,647 : INFO : EventManager : Event: ======'mode_game_will_stop'====== Args={}
2025-04-04 22:25:49,647 : INFO : EventManager : Event: ======'mode_game_stopping'====== Args={}
2025-04-04 22:25:49,647 : INFO : EventManager : Event: ======'mode_base_will_stop'====== Args={}
2025-04-04 22:25:49,647 : INFO : EventManager : Event: ======'mode_base_stopping'====== Args={}
2025-04-04 22:25:49,647 : INFO : Mode.base : Stopped.
2025-04-04 22:25:49,647 : INFO : EventManager : Event: ======'modes_active_modes_changed'====== Args={}
2025-04-04 22:25:49,647 : INFO : EventManager : Event: ======'mode_base_stopped'====== Args={}
2025-04-04 22:25:49,647 : INFO : EventManager : Event: ======'clear'====== Args={'key': 'base'}
2025-04-04 22:25:49,647 : INFO : Timer.mode_timer : Stopping Timer
2025-04-04 22:25:49,647 : INFO : EventManager : Event: ======'timer_mode_timer_stopped'====== Args={'ticks': 60, 'ticks_remaining': 0}
2025-04-04 22:25:49,647 : INFO : Mode.game : Stopped.
2025-04-04 22:25:49,647 : INFO : EventManager : Event: ======'modes_active_modes_changed'====== Args={}
2025-04-04 22:25:49,647 : INFO : EventManager : Event: ======'mode_game_stopped'====== Args={}
2025-04-04 22:25:49,647 : INFO : EventManager : Event: ======'clear'====== Args={'key': 'game'}
2025-04-04 22:25:49,732 : INFO : root : MPF run loop ended.
