2025-03-26 23:07:48,610 : INFO : root : Loading config.
2025-03-26 23:07:48,620 : INFO : YamlMultifileConfigLoader : Machine config file #1: config.yaml
2025-03-26 23:07:48,620 : WARNING : ConfigProcessor : Config file in cache changed: C:\Users\homebrew\Desktop\thing_pinball\config\config.yaml
2025-03-26 23:07:48,620 : INFO : ConfigProcessor : Loading config from file C:\Users\homebrew\AppData\Local\Programs\Python\Python312\Lib\site-packages\mpf\mpfconfig.yaml.
2025-03-26 23:07:48,630 : INFO : ConfigProcessor : Loading config: C:\Users\homebrew\AppData\Local\Programs\Python\Python312\Lib\site-packages\mpf\mpfconfig.yaml
2025-03-26 23:07:48,632 : INFO : ConfigProcessor : Loading config from file C:\Users\homebrew\Desktop\thing_pinball\config\config.yaml.
2025-03-26 23:07:48,664 : INFO : ConfigProcessor : Loading config: C:\Users\homebrew\Desktop\thing_pinball\config\config.yaml
2025-03-26 23:07:48,664 : INFO : ConfigProcessor : Loading config: C:\Users\homebrew\Desktop\thing_pinball\config\service_mode.yaml
2025-03-26 23:07:48,668 : INFO : ConfigProcessor : Config file cache created: C:\Users\homebrew\AppData\Local\Temp\775282453bb9ae39cad69c39ab867a35.mpf_cache
2025-03-26 23:07:48,753 : INFO : ConfigProcessor : Loading config from cache: C:\Users\homebrew\AppData\Local\Temp\14eb6f99ffd433bf1b6bfef7e8b96202.mpf_cache
2025-03-26 23:07:48,753 : INFO : ConfigProcessor : Loading config from cache: C:\Users\homebrew\AppData\Local\Temp\3a13d33aed1669bafe3e56d7baff78a0.mpf_cache
2025-03-26 23:07:48,753 : INFO : ConfigProcessor : Loading config from cache: C:\Users\homebrew\AppData\Local\Temp\1352604168843921958881d1d8dd3c1b.mpf_cache
2025-03-26 23:07:48,753 : INFO : ConfigProcessor : Loading config from cache: C:\Users\homebrew\AppData\Local\Temp\14eb6f99ffd433bf1b6bfef7e8b96202.mpf_cache
2025-03-26 23:07:48,753 : INFO : ConfigProcessor : Loading config from cache: C:\Users\homebrew\AppData\Local\Temp\3a13d33aed1669bafe3e56d7baff78a0.mpf_cache
2025-03-26 23:07:48,753 : INFO : ConfigProcessor : Loading config from cache: C:\Users\homebrew\AppData\Local\Temp\82108c9d10735fbef5e8cced18b7d831.mpf_cache
2025-03-26 23:07:48,753 : INFO : ConfigProcessor : Loading config from cache: C:\Users\homebrew\AppData\Local\Temp\81d0f34cbd4c6d61cd4dad95e5100b6a.mpf_cache
2025-03-26 23:07:48,753 : INFO : ConfigProcessor : Loading config from cache: C:\Users\homebrew\AppData\Local\Temp\85b30d06c34a199299d858e267dca599.mpf_cache
2025-03-26 23:07:48,753 : INFO : ConfigProcessor : Loading config from cache: C:\Users\homebrew\AppData\Local\Temp\b6a0c3fa509e03dd7943cf1395b72ece.mpf_cache
2025-03-26 23:07:48,753 : INFO : ConfigProcessor : Loading config from cache: C:\Users\homebrew\AppData\Local\Temp\d18a920afddb781d4f34b36ac5cb2e09.mpf_cache
2025-03-26 23:07:48,753 : INFO : ConfigProcessor : Loading config from cache: C:\Users\homebrew\AppData\Local\Temp\50de7258194ae9293cbe8c4fce9577e7.mpf_cache
2025-03-26 23:07:48,753 : INFO : ConfigProcessor : Loading config from cache: C:\Users\homebrew\AppData\Local\Temp\2a76f107a833b8953199c5c910a26856.mpf_cache
2025-03-26 23:07:48,762 : INFO : ConfigProcessor : Loading config from cache: C:\Users\homebrew\AppData\Local\Temp\529fba7289b2d9f945cd5a4488c8b5fa.mpf_cache
2025-03-26 23:07:48,762 : INFO : ConfigProcessor : Loading config from cache: C:\Users\homebrew\AppData\Local\Temp\8c97cf9697840e2ca000923ba54f1b48.mpf_cache
2025-03-26 23:07:48,762 : INFO : ConfigProcessor : Loading config from cache: C:\Users\homebrew\AppData\Local\Temp\e8cb3f2c2e9a26851ec893c5156e3f7c.mpf_cache
2025-03-26 23:07:48,762 : INFO : ConfigProcessor : Loading config from cache: C:\Users\homebrew\AppData\Local\Temp\67cfb29d96313268f86362bebab46239.mpf_cache
2025-03-26 23:07:48,762 : INFO : Machine : Mission Pinball Framework Core Engine v0.80.0.dev4
2025-03-26 23:07:48,762 : INFO : Machine : Command line arguments: {'no_load_cache': False, 'create_config_cache': True, 'bcp': True, 'configfile': ['config.yaml'], 'force_assets_load': False, 'platform_integration_test': False, 'jsonlogging': False, 'logfile': 'logs\\2025-03-26-23-07-48-mpf-mpf.log', 'pause': False, 'production': False, 'text_ui': True, 'loglevel': 15, 'consoleloglevel': 20, 'force_platform': None, 'syslog_address': None, 'mc_file_name': None, 'no_sound': False, 'full_logfile_path': 'C:\\Users\\homebrew\\Desktop\\thing_pinball\\logs\\2025-03-26-23-07-48-mpf-mpf.log'}
2025-03-26 23:07:48,762 : INFO : Machine : MPF path: C:\Users\homebrew\AppData\Local\Programs\Python\Python312\Lib\site-packages\mpf
2025-03-26 23:07:48,762 : INFO : Machine : Machine path: C:\Users\homebrew\Desktop\thing_pinball
2025-03-26 23:07:48,762 : INFO : Machine : Platform: win32
2025-03-26 23:07:48,762 : INFO : Machine : Python executable location: C:\Users\homebrew\AppData\Local\Programs\Python\Python312\python.exe
2025-03-26 23:07:48,762 : INFO : Machine : Python version: 3.12.3 (64-bit)
2025-03-26 23:07:48,765 : INFO : Machine : Initializing MPF...
2025-03-26 23:07:48,980 : INFO : FAST [NET] : Trying to connect to com4 at 921600bps
2025-03-26 23:07:48,989 : INFO : FAST [NET] : Connected to com4 at 921600bps
2025-03-26 23:07:49,005 : INFO : FAST [NET] : Connected to FP-CPU-2000 with firmware v02.21
2025-03-26 23:07:49,037 : INFO : FAST [NET] : Registered I/O Board 0: Model: FP-I/O-0024, Firmware: 01.10, Switches: 24, Drivers: 8
2025-03-26 23:07:49,053 : INFO : FAST [NET] : Registered I/O Board 1: Model: FP-I/O-3208, Firmware: 01.10, Switches: 32, Drivers: 8
2025-03-26 23:07:49,069 : INFO : FAST [NET] : Registered I/O Board 2: Model: FP-I/O-0804, Firmware: 01.10, Switches: 8, Drivers: 4
2025-03-26 23:07:49,069 : INFO : FAST [NET] : Registered I/O Board 3: Model: FP-I/O-0804, Firmware: 01.10, Switches: 8, Drivers: 4
2025-03-26 23:07:49,069 : INFO : EventManager : Event: ======'machine_var_credits_string'====== Args={'value': 'FREE PLAY', 'prev_value': None, 'change': True}
2025-03-26 23:07:49,085 : INFO : EventManager : Event: ======'machine_var_master_volume'====== Args={'value': 0.5, 'prev_value': None, 'change': True}
2025-03-26 23:07:49,085 : INFO : EventManager : Event: ======'machine_var_game_mode_dog_hunt_complete'====== Args={'value': 'False', 'prev_value': None, 'change': True}
2025-03-26 23:07:49,085 : INFO : EventManager : Event: ======'machine_var_game_mode_discovery_complete'====== Args={'value': 'False', 'prev_value': None, 'change': True}
2025-03-26 23:07:49,085 : INFO : EventManager : Event: ======'machine_var_game_mode_infected_complete'====== Args={'value': 'False', 'prev_value': None, 'change': True}
2025-03-26 23:07:49,085 : INFO : EventManager : Event: ======'machine_var_game_mode_blood_test_complete'====== Args={'value': 'False', 'prev_value': None, 'change': True}
2025-03-26 23:07:49,085 : INFO : EventManager : Event: ======'machine_var_game_mode_spider_head_complete'====== Args={'value': 'False', 'prev_value': None, 'change': True}
2025-03-26 23:07:49,085 : INFO : EventManager : Event: ======'machine_var_game_mode_wizard_complete'====== Args={'value': 'False', 'prev_value': None, 'change': True}
2025-03-26 23:07:49,085 : INFO : EventManager : Event: ======'machine_var_game_mode_ball_lock_complete'====== Args={'value': 'False', 'prev_value': None, 'change': True}
2025-03-26 23:07:49,085 : INFO : EventManager : Event: ======'machine_var_game_mode_multiball_complete'====== Args={'value': 'False', 'prev_value': None, 'change': True}
2025-03-26 23:07:49,085 : INFO : EventManager : Event: ======'machine_var_mpf_version'====== Args={'value': 'Mission Pinball Framework v0.80.0.dev4', 'prev_value': None, 'change': True}
2025-03-26 23:07:49,085 : INFO : EventManager : Event: ======'machine_var_mpf_extended_version'====== Args={'value': 'Mission Pinball Framework v0.80.0.dev4, Config version:6, Show version: 6, BCP version:1.1', 'prev_value': None, 'change': True}
2025-03-26 23:07:49,085 : INFO : EventManager : Event: ======'machine_var_python_version'====== Args={'value': '3.12.3', 'prev_value': None, 'change': True}
2025-03-26 23:07:49,199 : INFO : EventManager : Event: ======'machine_var_platform'====== Args={'value': 'Windows-11-10.0.26100-SP0', 'prev_value': None, 'change': True}
2025-03-26 23:07:49,199 : INFO : EventManager : Event: ======'machine_var_platform_system'====== Args={'value': 'Windows', 'prev_value': None, 'change': True}
2025-03-26 23:07:49,199 : INFO : EventManager : Event: ======'machine_var_platform_release'====== Args={'value': '11', 'prev_value': None, 'change': True}
2025-03-26 23:07:49,199 : INFO : EventManager : Event: ======'machine_var_platform_version'====== Args={'value': '10.0.26100', 'prev_value': None, 'change': True}
2025-03-26 23:07:49,199 : INFO : EventManager : Event: ======'machine_var_platform_machine'====== Args={'value': 'AMD64', 'prev_value': None, 'change': True}
2025-03-26 23:07:49,199 : INFO : EventManager : Event: ======'machine_var_log_file_path'====== Args={'value': 'C:\\Users\\homebrew\\Desktop\\thing_pinball\\logs\\2025-03-26-23-07-48-mpf-mpf.log', 'prev_value': None, 'change': True}
2025-03-26 23:07:49,199 : INFO : EventManager : Event: ======'init_phase_1'====== Args={}
2025-03-26 23:07:49,247 : WARNING : ConfigValidator : Unrecognized config setting. "mode:dog_hunt:timers:dog_hunt_timer:events_when_complete" is not a valid setting name.
2025-03-26 23:07:49,247 : WARNING : ConfigValidator : Unrecognized config setting. "mode:blood_test:timers:blood_test_timer:events_when_complete" is not a valid setting name.
2025-03-26 23:07:49,247 : WARNING : ConfigValidator : Unrecognized config setting. "mode:infected:timers:infected_timer:events_when_complete" is not a valid setting name.
2025-03-26 23:07:49,247 : WARNING : ConfigValidator : Unrecognized config setting. "mode:base:timers:mode_timer:events_when_complete" is not a valid setting name.
2025-03-26 23:07:49,247 : WARNING : ConfigValidator : Unrecognized config setting. "mode:wizard:timers:wizard_timer:events_when_complete" is not a valid setting name.
2025-03-26 23:07:49,247 : WARNING : ConfigValidator : Unrecognized config setting. "mode:multiball:timers:multiball_jackpot_timer:events_when_complete" is not a valid setting name.
2025-03-26 23:07:49,247 : WARNING : ConfigValidator : Unrecognized config setting. "mode:multiball:timers:right_ramp_validity_timer:events_when_complete" is not a valid setting name.
2025-03-26 23:07:49,247 : WARNING : ConfigValidator : Unrecognized config setting. "mode:spider_head:timers:spider_head_timer:events_when_complete" is not a valid setting name.
2025-03-26 23:07:49,249 : WARNING : ConfigValidator : Unrecognized config setting. "mode:discovery:timers:discovery_timer:events_when_complete" is not a valid setting name.
2025-03-26 23:07:49,249 : INFO : EventManager : Event: ======'drop_target_bank_dog_bank_up'====== Args={}
2025-03-26 23:07:49,255 : INFO : EventManager : Event: ======'logicblock_spinner_value_updated'====== Args={'value': 0, 'enabled': False}
2025-03-26 23:07:49,255 : INFO : EventManager : Event: ======'logicblock_newton_hit_counter_updated'====== Args={'value': 0, 'enabled': False}
2025-03-26 23:07:51,674 : WARNING : Machine : Iterating device collections directly is deprecated and will be removed. Access by value(): device_collections[switches] -> device_collections['switches'].values()
2025-03-26 23:07:51,674 : INFO : SwitchController : <<<<<<< 's_trough_ball' active >>>>>>>
2025-03-26 23:07:51,674 : INFO : SwitchController : <<<<<<< 's_trough_ball_jam' active >>>>>>>
2025-03-26 23:07:51,674 : INFO : SwitchController : <<<<<<< 's_mode_opto' active >>>>>>>
2025-03-26 23:07:51,674 : INFO : SwitchController : <<<<<<< 's_newton_opto_made' active >>>>>>>
2025-03-26 23:07:51,674 : INFO : SwitchController : <<<<<<< 's_start_button' active >>>>>>>
2025-03-26 23:07:51,674 : INFO : EventManager : Event: ======'init_phase_2'====== Args={}
2025-03-26 23:07:51,674 : INFO : SwitchController : Found active switch: (52, [FAST Platform Interface]) <switch.s_trough_ball>
2025-03-26 23:07:51,674 : INFO : SwitchController : Found active switch: (51, [FAST Platform Interface]) <switch.s_trough_ball_jam>
2025-03-26 23:07:51,674 : INFO : SwitchController : Found active switch: (64, [FAST Platform Interface]) <switch.s_mode_opto>
2025-03-26 23:07:51,674 : INFO : SwitchController : Found active switch: (45, [FAST Platform Interface]) <switch.s_newton_opto_made>
2025-03-26 23:07:51,674 : INFO : SwitchController : Found active switch: (10, [FAST Platform Interface]) <switch.s_start_button>
2025-03-26 23:07:51,674 : WARNING : ConfigValidator : Unrecognized config setting. "slide_player:widgets" is not a valid setting name.
2025-03-26 23:07:51,674 : WARNING : ConfigValidator : Unrecognized config setting. "slide_player:widgets" is not a valid setting name.
2025-03-26 23:07:51,674 : WARNING : ConfigValidator : Unrecognized config setting. "slide_player:widgets" is not a valid setting name.
2025-03-26 23:07:51,674 : WARNING : ConfigValidator : Unrecognized config setting. "slide_player:widgets" is not a valid setting name.
2025-03-26 23:07:51,674 : WARNING : ConfigValidator : Unrecognized config setting. "slide_player:widgets" is not a valid setting name.
2025-03-26 23:07:51,674 : WARNING : ConfigValidator : Unrecognized config setting. "slide_player:widgets" is not a valid setting name.
2025-03-26 23:07:51,674 : WARNING : ConfigValidator : Unrecognized config setting. "slide_player:widgets" is not a valid setting name.
2025-03-26 23:07:51,674 : WARNING : ConfigValidator : Unrecognized config setting. "slide_player:widgets" is not a valid setting name.
2025-03-26 23:07:51,674 : WARNING : ConfigValidator : Unrecognized config setting. "slide_player:widgets" is not a valid setting name.
2025-03-26 23:07:51,674 : WARNING : ConfigValidator : Unrecognized config setting. "slide_player:widgets" is not a valid setting name.
2025-03-26 23:07:51,674 : WARNING : ConfigValidator : Unrecognized config setting. "slide_player:widgets" is not a valid setting name.
2025-03-26 23:07:51,674 : WARNING : ConfigValidator : Unrecognized config setting. "slide_player:widgets" is not a valid setting name.
2025-03-26 23:07:51,674 : WARNING : ConfigValidator : Unrecognized config setting. "slide_player:widgets" is not a valid setting name.
2025-03-26 23:07:51,674 : WARNING : ConfigValidator : Unrecognized config setting. "slide_player:widgets" is not a valid setting name.
2025-03-26 23:07:51,674 : WARNING : ConfigValidator : Unrecognized config setting. "slide_player:widgets" is not a valid setting name.
2025-03-26 23:07:51,674 : WARNING : ConfigValidator : Unrecognized config setting. "slide_player:widgets" is not a valid setting name.
2025-03-26 23:07:51,674 : WARNING : ConfigValidator : Unrecognized config setting. "slide_player:widgets" is not a valid setting name.
2025-03-26 23:07:51,674 : WARNING : ConfigValidator : Unrecognized config setting. "slide_player:widgets" is not a valid setting name.
2025-03-26 23:07:51,674 : WARNING : ConfigValidator : Unrecognized config setting. "slide_player:widgets" is not a valid setting name.
2025-03-26 23:07:51,674 : WARNING : ConfigValidator : Unrecognized config setting. "slide_player:widgets" is not a valid setting name.
2025-03-26 23:07:51,674 : WARNING : ConfigValidator : Unrecognized config setting. "slide_player:widgets" is not a valid setting name.
2025-03-26 23:07:51,674 : WARNING : ConfigValidator : Unrecognized config setting. "slide_player:widgets" is not a valid setting name.
2025-03-26 23:07:51,674 : WARNING : ConfigValidator : Unrecognized config setting. "slide_player:widgets" is not a valid setting name.
2025-03-26 23:07:51,690 : WARNING : YAML File Interface : YAML error found in file C:\Users\homebrew\Desktop\thing_pinball\data/high_scores.yaml. Line 2, Position 3: could not determine a constructor for the tag 'tag:yaml.org,2002:python/tuple'
  in "C:\Users\homebrew\Desktop\thing_pinball\data/high_scores.yaml", line 2, column 3
2025-03-26 23:07:51,690 : WARNING : ConfigValidator : Unrecognized config setting. "high_score:events_when_complete" is not a valid setting name.
2025-03-26 23:07:51,690 : INFO : EventManager : Event: ======'machine_var_score1_label'====== Args={'value': 'GRAND CHAMPION', 'prev_value': None, 'change': True}
2025-03-26 23:07:51,690 : INFO : EventManager : Event: ======'machine_var_score1_name'====== Args={'value': 'THING', 'prev_value': None, 'change': True}
2025-03-26 23:07:51,690 : INFO : EventManager : Event: ======'machine_var_score1_value'====== Args={'value': 5000000, 'prev_value': None, 'change': True}
2025-03-26 23:07:51,690 : INFO : EventManager : Event: ======'machine_var_score2_label'====== Args={'value': 'HIGH SCORE 1', 'prev_value': None, 'change': True}
2025-03-26 23:07:51,690 : INFO : EventManager : Event: ======'machine_var_score2_name'====== Args={'value': 'MPF', 'prev_value': None, 'change': True}
2025-03-26 23:07:51,690 : INFO : EventManager : Event: ======'machine_var_score2_value'====== Args={'value': 4000000, 'prev_value': None, 'change': True}
2025-03-26 23:07:51,690 : INFO : EventManager : Event: ======'machine_var_score3_label'====== Args={'value': 'HIGH SCORE 2', 'prev_value': None, 'change': True}
2025-03-26 23:07:51,690 : INFO : EventManager : Event: ======'machine_var_score3_name'====== Args={'value': 'PINBALL', 'prev_value': None, 'change': True}
2025-03-26 23:07:51,690 : INFO : EventManager : Event: ======'machine_var_score3_value'====== Args={'value': 3000000, 'prev_value': None, 'change': True}
2025-03-26 23:07:51,690 : INFO : EventManager : Event: ======'machine_var_score4_label'====== Args={'value': 'HIGH SCORE 3', 'prev_value': None, 'change': True}
2025-03-26 23:07:51,690 : INFO : EventManager : Event: ======'machine_var_score4_name'====== Args={'value': 'WIZARD', 'prev_value': None, 'change': True}
2025-03-26 23:07:51,690 : INFO : EventManager : Event: ======'machine_var_score4_value'====== Args={'value': 2000000, 'prev_value': None, 'change': True}
2025-03-26 23:07:51,690 : INFO : EventManager : Event: ======'machine_var_score5_label'====== Args={'value': 'HIGH SCORE 4', 'prev_value': None, 'change': True}
2025-03-26 23:07:51,690 : INFO : EventManager : Event: ======'machine_var_score5_name'====== Args={'value': 'PLAYER', 'prev_value': None, 'change': True}
2025-03-26 23:07:51,690 : INFO : EventManager : Event: ======'machine_var_score5_value'====== Args={'value': 1000000, 'prev_value': None, 'change': True}
2025-03-26 23:07:51,690 : INFO : EventManager : Event: ======'bcp_connection_attempt'====== Args={'name': 'local_display', 'host': 'localhost', 'port': 5050}
2025-03-26 23:07:51,693 : INFO : BCPClientSocket : Connecting BCP to 'local_display' at localhost:5050...
2025-03-26 23:09:19,137 : INFO : SwitchController : <<<<<<< 's_start_button' inactive >>>>>>>
2025-03-26 23:09:19,347 : INFO : SwitchController : <<<<<<< 's_start_button' active >>>>>>>
2025-03-26 23:09:19,347 : INFO : EventManager : Event: ======'s_start_button_active'====== Args={}
2025-03-26 23:09:19,347 : INFO : EventManager : Event: ======'start_button_pressed'====== Args={'priority': 0}
2025-03-26 23:09:24,946 : INFO : SwitchController : <<<<<<< 's_left_button_2' active >>>>>>>
2025-03-26 23:09:24,946 : INFO : SwitchController : <<<<<<< 's_left_flipper_button' active >>>>>>>
2025-03-26 23:09:25,203 : INFO : SwitchController : <<<<<<< 's_left_flipper_button' inactive >>>>>>>
2025-03-26 23:09:25,203 : INFO : SwitchController : <<<<<<< 's_left_button_2' inactive >>>>>>>
2025-03-26 23:09:25,412 : INFO : SwitchController : <<<<<<< 's_left_button_2' active >>>>>>>
2025-03-26 23:09:25,412 : INFO : SwitchController : <<<<<<< 's_left_flipper_button' active >>>>>>>
2025-03-26 23:09:25,653 : INFO : SwitchController : <<<<<<< 's_left_flipper_button' inactive >>>>>>>
2025-03-26 23:09:25,653 : INFO : SwitchController : <<<<<<< 's_left_button_2' inactive >>>>>>>
2025-03-26 23:09:25,845 : INFO : SwitchController : <<<<<<< 's_left_button_2' active >>>>>>>
2025-03-26 23:09:25,861 : INFO : SwitchController : <<<<<<< 's_left_flipper_button' active >>>>>>>
2025-03-26 23:09:26,165 : INFO : SwitchController : <<<<<<< 's_left_flipper_button' inactive >>>>>>>
2025-03-26 23:09:26,165 : INFO : SwitchController : <<<<<<< 's_left_button_2' inactive >>>>>>>
2025-03-26 23:09:26,372 : INFO : SwitchController : <<<<<<< 's_left_button_2' active >>>>>>>
2025-03-26 23:09:26,372 : INFO : SwitchController : <<<<<<< 's_left_flipper_button' active >>>>>>>
2025-03-26 23:09:26,596 : INFO : SwitchController : <<<<<<< 's_left_flipper_button' inactive >>>>>>>
2025-03-26 23:09:26,596 : INFO : SwitchController : <<<<<<< 's_left_button_2' inactive >>>>>>>
2025-03-26 23:09:28,598 : INFO : SwitchController : <<<<<<< 's_right_button_2' active >>>>>>>
2025-03-26 23:09:28,600 : INFO : SwitchController : <<<<<<< 's_right_flipper_button' active >>>>>>>
2025-03-26 23:09:28,826 : INFO : SwitchController : <<<<<<< 's_right_flipper_button' inactive >>>>>>>
2025-03-26 23:09:28,837 : INFO : SwitchController : <<<<<<< 's_right_button_2' inactive >>>>>>>
2025-03-26 23:09:28,949 : INFO : SwitchController : <<<<<<< 's_right_button_2' active >>>>>>>
2025-03-26 23:09:28,949 : INFO : SwitchController : <<<<<<< 's_right_flipper_button' active >>>>>>>
2025-03-26 23:09:29,094 : INFO : SwitchController : <<<<<<< 's_right_flipper_button' inactive >>>>>>>
2025-03-26 23:09:29,116 : INFO : SwitchController : <<<<<<< 's_right_button_2' inactive >>>>>>>
2025-03-26 23:09:29,206 : INFO : SwitchController : <<<<<<< 's_right_button_2' active >>>>>>>
2025-03-26 23:09:29,206 : INFO : SwitchController : <<<<<<< 's_right_flipper_button' active >>>>>>>
2025-03-26 23:09:29,415 : INFO : SwitchController : <<<<<<< 's_right_flipper_button' inactive >>>>>>>
2025-03-26 23:09:29,439 : INFO : SwitchController : <<<<<<< 's_right_button_2' inactive >>>>>>>
2025-03-26 23:09:32,127 : INFO : SwitchController : <<<<<<< 's_start_button' inactive >>>>>>>
2025-03-26 23:09:32,464 : INFO : SwitchController : <<<<<<< 's_start_button' active >>>>>>>
2025-03-26 23:09:32,464 : INFO : EventManager : Event: ======'s_start_button_active'====== Args={}
2025-03-26 23:09:32,466 : INFO : EventManager : Event: ======'start_button_pressed'====== Args={'priority': 0}
2025-03-26 23:09:32,928 : INFO : SwitchController : <<<<<<< 's_start_button' inactive >>>>>>>
2025-03-26 23:09:33,232 : INFO : SwitchController : <<<<<<< 's_start_button' active >>>>>>>
2025-03-26 23:09:33,232 : INFO : EventManager : Event: ======'s_start_button_active'====== Args={}
2025-03-26 23:09:33,232 : INFO : EventManager : Event: ======'start_button_pressed'====== Args={'priority': 0}
2025-03-26 23:09:33,679 : INFO : SwitchController : <<<<<<< 's_start_button' inactive >>>>>>>
2025-03-26 23:09:33,967 : INFO : SwitchController : <<<<<<< 's_start_button' active >>>>>>>
2025-03-26 23:09:33,967 : INFO : EventManager : Event: ======'s_start_button_active'====== Args={}
2025-03-26 23:09:33,969 : INFO : EventManager : Event: ======'start_button_pressed'====== Args={'priority': 0}
2025-03-26 23:09:40,887 : INFO : SwitchController : <<<<<<< 's_right_ramp_entry_1' active >>>>>>>
2025-03-26 23:09:40,887 : INFO : EventManager : Event: ======'s_right_ramp_entry_1_active'====== Args={}
2025-03-26 23:09:40,887 : INFO : EventManager : Event: ======'sw_playfield_active'====== Args={}
2025-03-26 23:09:40,887 : INFO : EventManager : Event: ======'playfield_active'====== Args={'source': None}
2025-03-26 23:09:40,887 : INFO : EventManager : Event: ======'unexpected_ball_on_playfield'====== Args={}
2025-03-26 23:09:41,143 : INFO : SwitchController : <<<<<<< 's_right_ramp_entry_1' inactive >>>>>>>
2025-03-26 23:09:41,701 : INFO : SwitchController : <<<<<<< 's_right_ramp_entry_1' active >>>>>>>
2025-03-26 23:09:41,701 : INFO : EventManager : Event: ======'s_right_ramp_entry_1_active'====== Args={}
2025-03-26 23:09:41,701 : INFO : EventManager : Event: ======'sw_playfield_active'====== Args={}
2025-03-26 23:09:41,701 : INFO : EventManager : Event: ======'playfield_active'====== Args={'source': None}
2025-03-26 23:09:41,701 : INFO : EventManager : Event: ======'unexpected_ball_on_playfield'====== Args={}
2025-03-26 23:09:41,972 : INFO : SwitchController : <<<<<<< 's_right_ramp_entry_1' inactive >>>>>>>
2025-03-26 23:09:42,244 : INFO : SwitchController : <<<<<<< 's_right_ramp_entry_1' active >>>>>>>
2025-03-26 23:09:42,244 : INFO : EventManager : Event: ======'s_right_ramp_entry_1_active'====== Args={}
2025-03-26 23:09:42,244 : INFO : EventManager : Event: ======'sw_playfield_active'====== Args={}
2025-03-26 23:09:42,246 : INFO : EventManager : Event: ======'playfield_active'====== Args={'source': None}
2025-03-26 23:09:42,246 : INFO : EventManager : Event: ======'unexpected_ball_on_playfield'====== Args={}
2025-03-26 23:09:42,466 : INFO : SwitchController : <<<<<<< 's_right_ramp_entry_1' inactive >>>>>>>
2025-03-26 23:09:42,642 : INFO : SwitchController : <<<<<<< 's_right_ramp_entry_1' active >>>>>>>
2025-03-26 23:09:42,642 : INFO : EventManager : Event: ======'s_right_ramp_entry_1_active'====== Args={}
2025-03-26 23:09:42,642 : INFO : EventManager : Event: ======'sw_playfield_active'====== Args={}
2025-03-26 23:09:42,642 : INFO : EventManager : Event: ======'playfield_active'====== Args={'source': None}
2025-03-26 23:09:42,642 : INFO : EventManager : Event: ======'unexpected_ball_on_playfield'====== Args={}
2025-03-26 23:09:42,771 : INFO : SwitchController : <<<<<<< 's_right_ramp_entry_1' inactive >>>>>>>
2025-03-26 23:09:42,932 : INFO : SwitchController : <<<<<<< 's_right_ramp_entry_1' active >>>>>>>
2025-03-26 23:09:42,932 : INFO : EventManager : Event: ======'s_right_ramp_entry_1_active'====== Args={}
2025-03-26 23:09:42,932 : INFO : EventManager : Event: ======'sw_playfield_active'====== Args={}
2025-03-26 23:09:42,932 : INFO : EventManager : Event: ======'playfield_active'====== Args={'source': None}
2025-03-26 23:09:42,932 : INFO : EventManager : Event: ======'unexpected_ball_on_playfield'====== Args={}
2025-03-26 23:09:43,090 : INFO : SwitchController : <<<<<<< 's_right_ramp_entry_1' inactive >>>>>>>
2025-03-26 23:09:45,012 : INFO : SwitchController : <<<<<<< 's_ball_lock_3' active >>>>>>>
2025-03-26 23:09:45,012 : INFO : EventManager : Event: ======'sw_playfield_active'====== Args={}
2025-03-26 23:09:45,012 : INFO : EventManager : Event: ======'playfield_active'====== Args={'source': None}
2025-03-26 23:09:45,012 : INFO : EventManager : Event: ======'unexpected_ball_on_playfield'====== Args={}
2025-03-26 23:09:45,268 : INFO : SwitchController : <<<<<<< 's_ball_lock_3' inactive >>>>>>>
2025-03-26 23:09:45,558 : INFO : SwitchController : <<<<<<< 's_ball_lock_3' active >>>>>>>
2025-03-26 23:09:45,558 : INFO : EventManager : Event: ======'sw_playfield_active'====== Args={}
2025-03-26 23:09:45,560 : INFO : EventManager : Event: ======'playfield_active'====== Args={'source': None}
2025-03-26 23:09:45,560 : INFO : EventManager : Event: ======'unexpected_ball_on_playfield'====== Args={}
2025-03-26 23:09:45,854 : INFO : SwitchController : <<<<<<< 's_ball_lock_3' inactive >>>>>>>
2025-03-26 23:09:47,196 : INFO : SwitchController : <<<<<<< 's_ball_lock_1' active >>>>>>>
2025-03-26 23:09:47,196 : INFO : EventManager : Event: ======'sw_playfield_active'====== Args={}
2025-03-26 23:09:47,198 : INFO : EventManager : Event: ======'playfield_active'====== Args={'source': None}
2025-03-26 23:09:47,198 : INFO : EventManager : Event: ======'unexpected_ball_on_playfield'====== Args={}
2025-03-26 23:09:47,710 : INFO : SwitchController : <<<<<<< 's_ball_lock_1' inactive >>>>>>>
2025-03-26 23:09:47,934 : INFO : SwitchController : <<<<<<< 's_ball_lock_1' active >>>>>>>
2025-03-26 23:09:47,934 : INFO : EventManager : Event: ======'sw_playfield_active'====== Args={}
2025-03-26 23:09:47,934 : INFO : EventManager : Event: ======'playfield_active'====== Args={'source': None}
2025-03-26 23:09:47,934 : INFO : EventManager : Event: ======'unexpected_ball_on_playfield'====== Args={}
2025-03-26 23:09:48,299 : INFO : SwitchController : <<<<<<< 's_ball_lock_1' inactive >>>>>>>
2025-03-26 23:09:48,476 : INFO : SwitchController : <<<<<<< 's_ball_lock_1' active >>>>>>>
2025-03-26 23:09:48,476 : INFO : EventManager : Event: ======'sw_playfield_active'====== Args={}
2025-03-26 23:09:48,478 : INFO : EventManager : Event: ======'playfield_active'====== Args={'source': None}
2025-03-26 23:09:48,478 : INFO : EventManager : Event: ======'unexpected_ball_on_playfield'====== Args={}
2025-03-26 23:09:48,686 : INFO : SwitchController : <<<<<<< 's_ball_lock_1' inactive >>>>>>>
2025-03-26 23:09:50,052 : INFO : SwitchController : <<<<<<< 's_ball_lock_2' active >>>>>>>
2025-03-26 23:09:50,052 : INFO : EventManager : Event: ======'sw_playfield_active'====== Args={}
2025-03-26 23:09:50,052 : INFO : EventManager : Event: ======'playfield_active'====== Args={'source': None}
2025-03-26 23:09:50,052 : INFO : EventManager : Event: ======'unexpected_ball_on_playfield'====== Args={}
2025-03-26 23:09:50,262 : INFO : SwitchController : <<<<<<< 's_ball_lock_2' inactive >>>>>>>
2025-03-26 23:09:50,390 : INFO : SwitchController : <<<<<<< 's_ball_lock_2' active >>>>>>>
2025-03-26 23:09:50,390 : INFO : EventManager : Event: ======'sw_playfield_active'====== Args={}
2025-03-26 23:09:50,390 : INFO : EventManager : Event: ======'playfield_active'====== Args={'source': None}
2025-03-26 23:09:50,390 : INFO : EventManager : Event: ======'unexpected_ball_on_playfield'====== Args={}
2025-03-26 23:09:50,550 : INFO : SwitchController : <<<<<<< 's_ball_lock_2' inactive >>>>>>>
2025-03-26 23:09:50,662 : INFO : SwitchController : <<<<<<< 's_ball_lock_2' active >>>>>>>
2025-03-26 23:09:50,662 : INFO : EventManager : Event: ======'sw_playfield_active'====== Args={}
2025-03-26 23:09:50,662 : INFO : EventManager : Event: ======'playfield_active'====== Args={'source': None}
2025-03-26 23:09:50,662 : INFO : EventManager : Event: ======'unexpected_ball_on_playfield'====== Args={}
2025-03-26 23:09:50,844 : INFO : SwitchController : <<<<<<< 's_ball_lock_2' inactive >>>>>>>
2025-03-26 23:09:51,529 : INFO : SwitchController : <<<<<<< 's_ball_lock_3' active >>>>>>>
2025-03-26 23:09:51,529 : INFO : EventManager : Event: ======'sw_playfield_active'====== Args={}
2025-03-26 23:09:51,529 : INFO : EventManager : Event: ======'playfield_active'====== Args={'source': None}
2025-03-26 23:09:51,529 : INFO : EventManager : Event: ======'unexpected_ball_on_playfield'====== Args={}
2025-03-26 23:09:51,838 : INFO : SwitchController : <<<<<<< 's_ball_lock_3' inactive >>>>>>>
2025-03-26 23:09:52,010 : INFO : SwitchController : <<<<<<< 's_ball_lock_3' active >>>>>>>
2025-03-26 23:09:52,011 : INFO : EventManager : Event: ======'sw_playfield_active'====== Args={}
2025-03-26 23:09:52,013 : INFO : EventManager : Event: ======'playfield_active'====== Args={'source': None}
2025-03-26 23:09:52,014 : INFO : EventManager : Event: ======'unexpected_ball_on_playfield'====== Args={}
2025-03-26 23:09:52,218 : INFO : SwitchController : <<<<<<< 's_ball_lock_3' inactive >>>>>>>
2025-03-26 23:09:53,844 : INFO : SwitchController : <<<<<<< 's_pop_bumper_3' active >>>>>>>
2025-03-26 23:09:54,029 : INFO : SwitchController : <<<<<<< 's_pop_bumper_3' inactive >>>>>>>
2025-03-26 23:09:54,141 : INFO : SwitchController : <<<<<<< 's_pop_bumper_3' active >>>>>>>
2025-03-26 23:09:54,285 : INFO : SwitchController : <<<<<<< 's_pop_bumper_3' inactive >>>>>>>
2025-03-26 23:09:54,334 : INFO : SwitchController : <<<<<<< 's_pop_bumper_3' active >>>>>>>
2025-03-26 23:09:54,462 : INFO : SwitchController : <<<<<<< 's_pop_bumper_3' inactive >>>>>>>
2025-03-26 23:09:56,245 : INFO : SwitchController : <<<<<<< 's_left_ramp_entry_1' active >>>>>>>
2025-03-26 23:09:56,245 : INFO : EventManager : Event: ======'s_left_ramp_entry_1_active'====== Args={}
2025-03-26 23:09:56,245 : INFO : EventManager : Event: ======'sw_playfield_active'====== Args={}
2025-03-26 23:09:56,245 : INFO : EventManager : Event: ======'playfield_active'====== Args={'source': None}
2025-03-26 23:09:56,245 : INFO : EventManager : Event: ======'unexpected_ball_on_playfield'====== Args={}
2025-03-26 23:09:56,534 : INFO : SwitchController : <<<<<<< 's_left_ramp_entry_1' inactive >>>>>>>
2025-03-26 23:09:56,759 : INFO : SwitchController : <<<<<<< 's_left_ramp_entry_1' active >>>>>>>
2025-03-26 23:09:56,759 : INFO : EventManager : Event: ======'s_left_ramp_entry_1_active'====== Args={}
2025-03-26 23:09:56,759 : INFO : EventManager : Event: ======'sw_playfield_active'====== Args={}
2025-03-26 23:09:56,761 : INFO : EventManager : Event: ======'playfield_active'====== Args={'source': None}
2025-03-26 23:09:56,762 : INFO : EventManager : Event: ======'unexpected_ball_on_playfield'====== Args={}
2025-03-26 23:09:56,870 : INFO : SwitchController : <<<<<<< 's_left_ramp_entry_1' inactive >>>>>>>
2025-03-26 23:09:57,639 : INFO : SwitchController : <<<<<<< 's_left_ramp_entry_1' active >>>>>>>
2025-03-26 23:09:57,639 : INFO : EventManager : Event: ======'s_left_ramp_entry_1_active'====== Args={}
2025-03-26 23:09:57,639 : INFO : EventManager : Event: ======'sw_playfield_active'====== Args={}
2025-03-26 23:09:57,641 : INFO : EventManager : Event: ======'playfield_active'====== Args={'source': None}
2025-03-26 23:09:57,641 : INFO : EventManager : Event: ======'unexpected_ball_on_playfield'====== Args={}
2025-03-26 23:09:58,392 : INFO : SwitchController : <<<<<<< 's_left_ramp_entry_1' inactive >>>>>>>
2025-03-26 23:09:58,552 : INFO : SwitchController : <<<<<<< 's_left_ramp_entry_1' active >>>>>>>
2025-03-26 23:09:58,552 : INFO : EventManager : Event: ======'s_left_ramp_entry_1_active'====== Args={}
2025-03-26 23:09:58,552 : INFO : EventManager : Event: ======'sw_playfield_active'====== Args={}
2025-03-26 23:09:58,554 : INFO : EventManager : Event: ======'playfield_active'====== Args={'source': None}
2025-03-26 23:09:58,554 : INFO : EventManager : Event: ======'unexpected_ball_on_playfield'====== Args={}
2025-03-26 23:09:58,713 : INFO : SwitchController : <<<<<<< 's_left_ramp_entry_1' inactive >>>>>>>
2025-03-26 23:09:58,841 : INFO : SwitchController : <<<<<<< 's_left_ramp_entry_1' active >>>>>>>
2025-03-26 23:09:58,841 : INFO : EventManager : Event: ======'s_left_ramp_entry_1_active'====== Args={}
2025-03-26 23:09:58,841 : INFO : EventManager : Event: ======'sw_playfield_active'====== Args={}
2025-03-26 23:09:58,841 : INFO : EventManager : Event: ======'playfield_active'====== Args={'source': None}
2025-03-26 23:09:58,841 : INFO : EventManager : Event: ======'unexpected_ball_on_playfield'====== Args={}
2025-03-26 23:09:58,985 : INFO : SwitchController : <<<<<<< 's_left_ramp_entry_1' inactive >>>>>>>
2025-03-26 23:10:33,611 : INFO : SwitchController : <<<<<<< 's_left_ramp_entry_1' active >>>>>>>
2025-03-26 23:10:33,611 : INFO : EventManager : Event: ======'s_left_ramp_entry_1_active'====== Args={}
2025-03-26 23:10:33,611 : INFO : EventManager : Event: ======'sw_playfield_active'====== Args={}
2025-03-26 23:10:33,613 : INFO : EventManager : Event: ======'playfield_active'====== Args={'source': None}
2025-03-26 23:10:33,613 : INFO : EventManager : Event: ======'unexpected_ball_on_playfield'====== Args={}
2025-03-26 23:10:33,675 : INFO : SwitchController : <<<<<<< 's_left_ramp_entry_1' inactive >>>>>>>
2025-03-26 23:10:42,743 : INFO : SwitchController : <<<<<<< 's_left_slingshot' active >>>>>>>
2025-03-26 23:10:43,031 : INFO : SwitchController : <<<<<<< 's_left_slingshot' inactive >>>>>>>
2025-03-26 23:10:43,352 : INFO : SwitchController : <<<<<<< 's_left_slingshot' active >>>>>>>
2025-03-26 23:10:43,738 : INFO : SwitchController : <<<<<<< 's_left_slingshot' inactive >>>>>>>
2025-03-26 23:10:44,986 : INFO : SwitchController : <<<<<<< 's_right_slingshot' active >>>>>>>
2025-03-26 23:10:45,275 : INFO : SwitchController : <<<<<<< 's_right_slingshot' inactive >>>>>>>
2025-03-26 23:10:45,515 : INFO : SwitchController : <<<<<<< 's_right_slingshot' active >>>>>>>
2025-03-26 23:10:45,772 : INFO : SwitchController : <<<<<<< 's_right_slingshot' inactive >>>>>>>
2025-03-26 23:10:46,060 : INFO : SwitchController : <<<<<<< 's_right_slingshot' active >>>>>>>
2025-03-26 23:10:46,236 : INFO : SwitchController : <<<<<<< 's_right_slingshot' inactive >>>>>>>
2025-03-26 23:10:47,615 : INFO : SwitchController : <<<<<<< 's_outlane_right' active >>>>>>>
2025-03-26 23:10:47,615 : INFO : EventManager : Event: ======'sw_playfield_active'====== Args={}
2025-03-26 23:10:47,615 : INFO : EventManager : Event: ======'playfield_active'====== Args={'source': None}
2025-03-26 23:10:47,615 : INFO : EventManager : Event: ======'unexpected_ball_on_playfield'====== Args={}
2025-03-26 23:10:47,824 : INFO : SwitchController : <<<<<<< 's_outlane_right' inactive >>>>>>>
2025-03-26 23:10:48,046 : INFO : SwitchController : <<<<<<< 's_outlane_right' active >>>>>>>
2025-03-26 23:10:48,046 : INFO : EventManager : Event: ======'sw_playfield_active'====== Args={}
2025-03-26 23:10:48,048 : INFO : EventManager : Event: ======'playfield_active'====== Args={'source': None}
2025-03-26 23:10:48,048 : INFO : EventManager : Event: ======'unexpected_ball_on_playfield'====== Args={}
2025-03-26 23:10:48,351 : INFO : SwitchController : <<<<<<< 's_outlane_right' inactive >>>>>>>
2025-03-26 23:10:48,543 : INFO : SwitchController : <<<<<<< 's_outlane_right' active >>>>>>>
2025-03-26 23:10:48,545 : INFO : EventManager : Event: ======'sw_playfield_active'====== Args={}
2025-03-26 23:10:48,545 : INFO : EventManager : Event: ======'playfield_active'====== Args={'source': None}
2025-03-26 23:10:48,546 : INFO : EventManager : Event: ======'unexpected_ball_on_playfield'====== Args={}
2025-03-26 23:10:48,960 : INFO : SwitchController : <<<<<<< 's_outlane_right' inactive >>>>>>>
2025-03-26 23:10:49,168 : INFO : SwitchController : <<<<<<< 's_outlane_right' active >>>>>>>
2025-03-26 23:10:49,168 : INFO : EventManager : Event: ======'sw_playfield_active'====== Args={}
2025-03-26 23:10:49,168 : INFO : EventManager : Event: ======'playfield_active'====== Args={'source': None}
2025-03-26 23:10:49,168 : INFO : EventManager : Event: ======'unexpected_ball_on_playfield'====== Args={}
2025-03-26 23:10:49,344 : INFO : SwitchController : <<<<<<< 's_outlane_right' inactive >>>>>>>
2025-03-26 23:10:50,657 : INFO : SwitchController : <<<<<<< 's_inlane_left' active >>>>>>>
2025-03-26 23:10:50,658 : INFO : EventManager : Event: ======'sw_playfield_active'====== Args={}
2025-03-26 23:10:50,658 : INFO : EventManager : Event: ======'playfield_active'====== Args={'source': None}
2025-03-26 23:10:50,658 : INFO : EventManager : Event: ======'unexpected_ball_on_playfield'====== Args={}
2025-03-26 23:10:51,200 : INFO : SwitchController : <<<<<<< 's_inlane_left' inactive >>>>>>>
2025-03-26 23:10:51,360 : INFO : SwitchController : <<<<<<< 's_inlane_left' active >>>>>>>
2025-03-26 23:10:51,360 : INFO : EventManager : Event: ======'sw_playfield_active'====== Args={}
2025-03-26 23:10:51,360 : INFO : EventManager : Event: ======'playfield_active'====== Args={'source': None}
2025-03-26 23:10:51,360 : INFO : EventManager : Event: ======'unexpected_ball_on_playfield'====== Args={}
2025-03-26 23:10:51,569 : INFO : SwitchController : <<<<<<< 's_inlane_left' inactive >>>>>>>
2025-03-26 23:10:53,882 : INFO : SwitchController : <<<<<<< 's_outlane_left' active >>>>>>>
2025-03-26 23:10:53,882 : INFO : EventManager : Event: ======'sw_playfield_active'====== Args={}
2025-03-26 23:10:53,882 : INFO : EventManager : Event: ======'playfield_active'====== Args={'source': None}
2025-03-26 23:10:53,882 : INFO : EventManager : Event: ======'unexpected_ball_on_playfield'====== Args={}
2025-03-26 23:10:54,218 : INFO : SwitchController : <<<<<<< 's_outlane_left' inactive >>>>>>>
2025-03-26 23:10:54,378 : INFO : SwitchController : <<<<<<< 's_outlane_left' active >>>>>>>
2025-03-26 23:10:54,380 : INFO : EventManager : Event: ======'sw_playfield_active'====== Args={}
2025-03-26 23:10:54,380 : INFO : EventManager : Event: ======'playfield_active'====== Args={'source': None}
2025-03-26 23:10:54,380 : INFO : EventManager : Event: ======'unexpected_ball_on_playfield'====== Args={}
2025-03-26 23:10:54,714 : INFO : SwitchController : <<<<<<< 's_outlane_left' inactive >>>>>>>
2025-03-26 23:10:56,512 : INFO : SwitchController : <<<<<<< 's_outlane_right' active >>>>>>>
2025-03-26 23:10:56,512 : INFO : EventManager : Event: ======'sw_playfield_active'====== Args={}
2025-03-26 23:10:56,512 : INFO : EventManager : Event: ======'playfield_active'====== Args={'source': None}
2025-03-26 23:10:56,512 : INFO : EventManager : Event: ======'unexpected_ball_on_playfield'====== Args={}
2025-03-26 23:10:56,784 : INFO : SwitchController : <<<<<<< 's_outlane_right' inactive >>>>>>>
2025-03-26 23:10:56,848 : INFO : SwitchController : <<<<<<< 's_outlane_right' active >>>>>>>
2025-03-26 23:10:56,848 : INFO : EventManager : Event: ======'sw_playfield_active'====== Args={}
2025-03-26 23:10:56,848 : INFO : EventManager : Event: ======'playfield_active'====== Args={'source': None}
2025-03-26 23:10:56,848 : INFO : EventManager : Event: ======'unexpected_ball_on_playfield'====== Args={}
2025-03-26 23:10:57,024 : INFO : SwitchController : <<<<<<< 's_outlane_right' inactive >>>>>>>
2025-03-26 23:10:57,554 : INFO : SwitchController : <<<<<<< 's_inlane_right' active >>>>>>>
2025-03-26 23:10:57,554 : INFO : EventManager : Event: ======'sw_playfield_active'====== Args={}
2025-03-26 23:10:57,554 : INFO : EventManager : Event: ======'playfield_active'====== Args={'source': None}
2025-03-26 23:10:57,554 : INFO : EventManager : Event: ======'unexpected_ball_on_playfield'====== Args={}
2025-03-26 23:10:57,795 : INFO : SwitchController : <<<<<<< 's_inlane_right' inactive >>>>>>>
2025-03-26 23:10:57,890 : INFO : SwitchController : <<<<<<< 's_inlane_right' active >>>>>>>
2025-03-26 23:10:57,890 : INFO : EventManager : Event: ======'sw_playfield_active'====== Args={}
2025-03-26 23:10:57,890 : INFO : EventManager : Event: ======'playfield_active'====== Args={'source': None}
2025-03-26 23:10:57,892 : INFO : EventManager : Event: ======'unexpected_ball_on_playfield'====== Args={}
2025-03-26 23:10:58,035 : INFO : SwitchController : <<<<<<< 's_inlane_right' inactive >>>>>>>
2025-03-26 23:10:58,097 : INFO : SwitchController : <<<<<<< 's_inlane_right' active >>>>>>>
2025-03-26 23:10:58,097 : INFO : EventManager : Event: ======'sw_playfield_active'====== Args={}
2025-03-26 23:10:58,097 : INFO : EventManager : Event: ======'playfield_active'====== Args={'source': None}
2025-03-26 23:10:58,097 : INFO : EventManager : Event: ======'unexpected_ball_on_playfield'====== Args={}
2025-03-26 23:10:58,387 : INFO : SwitchController : <<<<<<< 's_inlane_right' inactive >>>>>>>
2025-03-26 23:11:01,802 : INFO : SwitchController : <<<<<<< 's_right_orbit_1' active >>>>>>>
2025-03-26 23:11:01,802 : INFO : EventManager : Event: ======'sw_playfield_active'====== Args={}
2025-03-26 23:11:01,804 : INFO : EventManager : Event: ======'playfield_active'====== Args={'source': None}
2025-03-26 23:11:01,804 : INFO : EventManager : Event: ======'unexpected_ball_on_playfield'====== Args={}
2025-03-26 23:11:04,826 : INFO : SwitchController : <<<<<<< 's_right_orbit_1' inactive >>>>>>>
2025-03-26 23:11:17,096 : INFO : SwitchController : <<<<<<< 's_trough_1' active >>>>>>>
2025-03-26 23:11:17,466 : INFO : SwitchController : <<<<<<< 's_trough_1' inactive >>>>>>>
2025-03-26 23:11:17,659 : INFO : SwitchController : <<<<<<< 's_trough_1' active >>>>>>>
2025-03-26 23:11:17,948 : INFO : SwitchController : <<<<<<< 's_trough_1' inactive >>>>>>>
2025-03-26 23:11:19,328 : INFO : SwitchController : <<<<<<< 's_trough_2' active >>>>>>>
2025-03-26 23:11:20,082 : INFO : SwitchController : <<<<<<< 's_trough_2' inactive >>>>>>>
2025-03-26 23:11:21,015 : INFO : SwitchController : <<<<<<< 's_trough_3' active >>>>>>>
2025-03-26 23:11:21,400 : INFO : SwitchController : <<<<<<< 's_trough_3' inactive >>>>>>>
2025-03-26 23:11:21,607 : INFO : SwitchController : <<<<<<< 's_trough_3' active >>>>>>>
2025-03-26 23:11:22,344 : INFO : SwitchController : <<<<<<< 's_trough_3' inactive >>>>>>>
2025-03-26 23:11:23,596 : INFO : SwitchController : <<<<<<< 's_trough_4' active >>>>>>>
2025-03-26 23:11:23,869 : INFO : SwitchController : <<<<<<< 's_trough_4' inactive >>>>>>>
2025-03-26 23:11:24,043 : INFO : SwitchController : <<<<<<< 's_trough_4' active >>>>>>>
2025-03-26 23:11:24,719 : INFO : SwitchController : <<<<<<< 's_trough_4' inactive >>>>>>>
2025-03-26 23:11:25,922 : INFO : SwitchController : <<<<<<< 's_trough_5' active >>>>>>>
2025-03-26 23:11:26,067 : INFO : SwitchController : <<<<<<< 's_trough_5' inactive >>>>>>>
2025-03-26 23:11:26,324 : INFO : SwitchController : <<<<<<< 's_trough_5' active >>>>>>>
2025-03-26 23:11:26,547 : INFO : SwitchController : <<<<<<< 's_trough_5' inactive >>>>>>>
2025-03-26 23:11:27,318 : INFO : SwitchController : <<<<<<< 's_trough_6' active >>>>>>>
2025-03-26 23:11:27,495 : INFO : SwitchController : <<<<<<< 's_trough_6' inactive >>>>>>>
2025-03-26 23:11:27,733 : INFO : SwitchController : <<<<<<< 's_trough_6' active >>>>>>>
2025-03-26 23:11:27,923 : INFO : SwitchController : <<<<<<< 's_trough_6' inactive >>>>>>>
2025-03-26 23:11:29,063 : INFO : SwitchController : <<<<<<< 's_trough_7' active >>>>>>>
2025-03-26 23:11:29,223 : INFO : SwitchController : <<<<<<< 's_trough_7' inactive >>>>>>>
2025-03-26 23:11:29,432 : INFO : SwitchController : <<<<<<< 's_trough_7' active >>>>>>>
2025-03-26 23:11:29,654 : INFO : SwitchController : <<<<<<< 's_trough_7' inactive >>>>>>>
2025-03-26 23:11:29,853 : INFO : SwitchController : <<<<<<< 's_trough_7' active >>>>>>>
2025-03-26 23:11:30,023 : INFO : SwitchController : <<<<<<< 's_trough_7' inactive >>>>>>>
2025-03-26 23:16:13,245 : INFO : Machine : Starting the main run loop.
2025-03-26 23:16:13,247 : INFO : Machine : Shutting down...
2025-03-26 23:16:13,247 : INFO : EventManager : Event: ======'shutdown'====== Args={}
2025-03-26 23:16:14,356 : INFO : root : MPF run loop ended.
