2025-04-07 10:45:20,788 : INFO : root : Loading config.
2025-04-07 10:45:20,801 : INFO : YamlMultifileConfigLoader : Machine config file #1: config.yaml
2025-04-07 10:45:20,802 : WARNING : ConfigProcessor : Config file in cache changed: C:\Users\homebrew\Documents\GitHub\Thing_Pinball\config\config.yaml
2025-04-07 10:45:20,802 : INFO : ConfigProcessor : Loading config from file C:\Users\homebrew\AppData\Local\Programs\Python\Python312\Lib\site-packages\mpf\mpfconfig.yaml.
2025-04-07 10:45:20,814 : INFO : ConfigProcessor : Loading config: C:\Users\homebrew\AppData\Local\Programs\Python\Python312\Lib\site-packages\mpf\mpfconfig.yaml
2025-04-07 10:45:20,814 : INFO : ConfigProcessor : Loading config from file C:\Users\homebrew\Documents\GitHub\Thing_Pinball\config\config.yaml.
2025-04-07 10:45:20,836 : INFO : ConfigProcessor : Loading config: C:\Users\homebrew\Documents\GitHub\Thing_Pinball\config\config.yaml
2025-04-07 10:45:20,836 : INFO : ConfigProcessor : Loading config: C:\Users\homebrew\Documents\GitHub\Thing_Pinball\config\service_mode.yaml
2025-04-07 10:45:20,852 : INFO : ConfigProcessor : Config file cache created: C:\Users\homebrew\AppData\Local\Temp\1ab83842b7c8ed7e1902272067ddcd2b.mpf_cache
2025-04-07 10:45:20,947 : INFO : ConfigProcessor : Loading config from cache: C:\Users\homebrew\AppData\Local\Temp\163fd46608d3c9469758c6512b5a030d.mpf_cache
2025-04-07 10:45:20,947 : INFO : ConfigProcessor : Loading config from cache: C:\Users\homebrew\AppData\Local\Temp\93e42568b1004e720dbdafbb285adaaa.mpf_cache
2025-04-07 10:45:20,957 : INFO : ConfigProcessor : Loading config from cache: C:\Users\homebrew\AppData\Local\Temp\5ffb3999d6de3e1d452090655c82bf2a.mpf_cache
2025-04-07 10:45:20,958 : INFO : ConfigProcessor : Loading config from cache: C:\Users\homebrew\AppData\Local\Temp\163fd46608d3c9469758c6512b5a030d.mpf_cache
2025-04-07 10:45:20,958 : INFO : ConfigProcessor : Loading config from cache: C:\Users\homebrew\AppData\Local\Temp\93e42568b1004e720dbdafbb285adaaa.mpf_cache
2025-04-07 10:45:20,959 : INFO : ConfigProcessor : Loading config from cache: C:\Users\homebrew\AppData\Local\Temp\8c668df6a84f4edcfda2189b877084c6.mpf_cache
2025-04-07 10:45:20,959 : INFO : ConfigProcessor : Loading config from cache: C:\Users\homebrew\AppData\Local\Temp\81d0f34cbd4c6d61cd4dad95e5100b6a.mpf_cache
2025-04-07 10:45:20,959 : INFO : ConfigProcessor : Loading config from cache: C:\Users\homebrew\AppData\Local\Temp\a714899e94406dd1f47e6e9bddbe0fef.mpf_cache
2025-04-07 10:45:20,959 : INFO : ConfigProcessor : Loading config from cache: C:\Users\homebrew\AppData\Local\Temp\fda2b21e4ff4c8a0b48d4f712bf7675f.mpf_cache
2025-04-07 10:45:20,959 : INFO : ConfigProcessor : Loading config from cache: C:\Users\homebrew\AppData\Local\Temp\49c1bb27bb76c6488cf72d0e1887aaaa.mpf_cache
2025-04-07 10:45:20,959 : INFO : ConfigProcessor : Loading config from cache: C:\Users\homebrew\AppData\Local\Temp\eb740da6f3772dcfe6d89e142f4972f9.mpf_cache
2025-04-07 10:45:20,959 : INFO : ConfigProcessor : Loading config from cache: C:\Users\homebrew\AppData\Local\Temp\8e53cff45209557b74353625b1fb9c7d.mpf_cache
2025-04-07 10:45:20,963 : INFO : ConfigProcessor : Loading config from cache: C:\Users\homebrew\AppData\Local\Temp\75ead186cfb0eee4579e59d5d273b950.mpf_cache
2025-04-07 10:45:20,963 : INFO : ConfigProcessor : Loading config from cache: C:\Users\homebrew\AppData\Local\Temp\46ee3106793b7c66df6b24732de735de.mpf_cache
2025-04-07 10:45:20,963 : INFO : ConfigProcessor : Loading config from cache: C:\Users\homebrew\AppData\Local\Temp\a6f0737b5bca2a955dd9d538ee17b581.mpf_cache
2025-04-07 10:45:20,963 : INFO : ConfigProcessor : Loading config from cache: C:\Users\homebrew\AppData\Local\Temp\72ccc58689b118af298151666e9c5198.mpf_cache
2025-04-07 10:45:20,963 : INFO : ConfigProcessor : Loading config from cache: C:\Users\homebrew\AppData\Local\Temp\082c9c49689a7facf0c58e67d77b7f58.mpf_cache
2025-04-07 10:45:20,963 : INFO : Machine : Mission Pinball Framework Core Engine v0.80.0.dev4
2025-04-07 10:45:20,963 : INFO : Machine : Command line arguments: {'no_load_cache': False, 'create_config_cache': True, 'bcp': False, 'configfile': ['config.yaml'], 'force_assets_load': False, 'platform_integration_test': False, 'jsonlogging': False, 'logfile': 'logs\\2025-04-07-10-45-20-mpf-mpf.log', 'pause': False, 'production': False, 'text_ui': False, 'loglevel': 15, 'consoleloglevel': 20, 'force_platform': None, 'syslog_address': None, 'mc_file_name': None, 'no_sound': False, 'full_logfile_path': 'C:\\Users\\homebrew\\Documents\\GitHub\\Thing_Pinball\\logs\\2025-04-07-10-45-20-mpf-mpf.log'}
2025-04-07 10:45:20,963 : INFO : Machine : MPF path: C:\Users\homebrew\AppData\Local\Programs\Python\Python312\Lib\site-packages\mpf
2025-04-07 10:45:20,963 : INFO : Machine : Machine path: C:\Users\homebrew\Documents\GitHub\Thing_Pinball
2025-04-07 10:45:20,963 : INFO : Machine : Platform: win32
2025-04-07 10:45:20,963 : INFO : Machine : Python executable location: C:\Users\homebrew\AppData\Local\Programs\Python\Python312\python.exe
2025-04-07 10:45:20,963 : INFO : Machine : Python version: 3.12.3 (64-bit)
2025-04-07 10:45:20,963 : INFO : Machine : Initializing MPF...
2025-04-07 10:45:21,058 : INFO : FAST [NET] : Trying to connect to com4 at 921600bps
2025-04-07 10:45:21,074 : INFO : FAST [NET] : Connected to com4 at 921600bps
2025-04-07 10:45:21,090 : INFO : FAST [NET] : Connected to FP-CPU-2000 with firmware v02.21
2025-04-07 10:45:21,122 : INFO : FAST [NET] : Registered I/O Board 0: Model: FP-I/O-0024, Firmware: 01.10, Switches: 24, Drivers: 8
2025-04-07 10:45:21,138 : INFO : FAST [NET] : Registered I/O Board 1: Model: FP-I/O-3208, Firmware: 01.10, Switches: 32, Drivers: 8
2025-04-07 10:45:21,154 : INFO : FAST [NET] : Registered I/O Board 2: Model: FP-I/O-0804, Firmware: 01.10, Switches: 8, Drivers: 4
2025-04-07 10:45:21,170 : INFO : FAST [NET] : Registered I/O Board 3: Model: FP-I/O-0804, Firmware: 01.10, Switches: 8, Drivers: 4
2025-04-07 10:45:21,170 : INFO : EventManager : Event: ======'machine_var_credits_string'====== Args={'value': 'FREE PLAY', 'prev_value': None, 'change': True}
2025-04-07 10:45:21,185 : INFO : EventManager : Event: ======'machine_var_master_volume'====== Args={'value': 0.5, 'prev_value': None, 'change': True}
2025-04-07 10:45:21,185 : INFO : EventManager : Event: ======'machine_var_game_mode_dog_hunt_complete'====== Args={'value': 0, 'prev_value': None, 'change': True}
2025-04-07 10:45:21,185 : INFO : EventManager : Event: ======'machine_var_game_mode_discovery_complete'====== Args={'value': 0, 'prev_value': None, 'change': True}
2025-04-07 10:45:21,185 : INFO : EventManager : Event: ======'machine_var_game_mode_infected_complete'====== Args={'value': 0, 'prev_value': None, 'change': True}
2025-04-07 10:45:21,185 : INFO : EventManager : Event: ======'machine_var_game_mode_blood_test_complete'====== Args={'value': 0, 'prev_value': None, 'change': True}
2025-04-07 10:45:21,185 : INFO : EventManager : Event: ======'machine_var_game_mode_spider_head_complete'====== Args={'value': 0, 'prev_value': None, 'change': True}
2025-04-07 10:45:21,185 : INFO : EventManager : Event: ======'machine_var_game_mode_wizard_complete'====== Args={'value': 0, 'prev_value': None, 'change': True}
2025-04-07 10:45:21,185 : INFO : EventManager : Event: ======'machine_var_game_mode_ball_lock_complete'====== Args={'value': 0, 'prev_value': None, 'change': True}
2025-04-07 10:45:21,199 : INFO : EventManager : Event: ======'machine_var_game_mode_multiball_complete'====== Args={'value': 0, 'prev_value': None, 'change': True}
2025-04-07 10:45:21,199 : INFO : EventManager : Event: ======'machine_var_mpf_version'====== Args={'value': 'Mission Pinball Framework v0.80.0.dev4', 'prev_value': None, 'change': True}
2025-04-07 10:45:21,199 : INFO : EventManager : Event: ======'machine_var_mpf_extended_version'====== Args={'value': 'Mission Pinball Framework v0.80.0.dev4, Config version:6, Show version: 6, BCP version:1.1', 'prev_value': None, 'change': True}
2025-04-07 10:45:21,199 : INFO : EventManager : Event: ======'machine_var_python_version'====== Args={'value': '3.12.3', 'prev_value': None, 'change': True}
2025-04-07 10:45:21,392 : INFO : EventManager : Event: ======'machine_var_platform'====== Args={'value': 'Windows-11-10.0.26100-SP0', 'prev_value': None, 'change': True}
2025-04-07 10:45:21,392 : INFO : EventManager : Event: ======'machine_var_platform_system'====== Args={'value': 'Windows', 'prev_value': None, 'change': True}
2025-04-07 10:45:21,392 : INFO : EventManager : Event: ======'machine_var_platform_release'====== Args={'value': '11', 'prev_value': None, 'change': True}
2025-04-07 10:45:21,392 : INFO : EventManager : Event: ======'machine_var_platform_version'====== Args={'value': '10.0.26100', 'prev_value': None, 'change': True}
2025-04-07 10:45:21,392 : INFO : EventManager : Event: ======'machine_var_platform_machine'====== Args={'value': 'AMD64', 'prev_value': None, 'change': True}
2025-04-07 10:45:21,392 : INFO : EventManager : Event: ======'machine_var_log_file_path'====== Args={'value': 'C:\\Users\\homebrew\\Documents\\GitHub\\Thing_Pinball\\logs\\2025-04-07-10-45-20-mpf-mpf.log', 'prev_value': None, 'change': True}
2025-04-07 10:45:21,392 : INFO : EventManager : Event: ======'init_phase_1'====== Args={}
2025-04-07 10:45:21,449 : WARNING : ConfigValidator : Unrecognized config setting. "fast_coils:c_diverter:pwm_on_ms" is not a valid setting name.
2025-04-07 10:45:21,449 : WARNING : ConfigValidator : Unrecognized config setting. "fast_coils:c_diverter:pwm_off_ms" is not a valid setting name.
2025-04-07 10:45:21,449 : WARNING : ConfigValidator : Unrecognized config setting. "fast_coils:c_up_post:pwm_on_ms" is not a valid setting name.
2025-04-07 10:45:21,449 : WARNING : ConfigValidator : Unrecognized config setting. "fast_coils:c_up_post:pwm_off_ms" is not a valid setting name.
2025-04-07 10:45:21,455 : WARNING : ConfigValidator : Unrecognized config setting. "ball_devices:bd_ball_lock:hold_balls" is not a valid setting name.
2025-04-07 10:45:21,455 : WARNING : ConfigValidator : Unrecognized config setting. "ball_devices:bd_ball_lock:capture_from_devices" is not a valid setting name.
2025-04-07 10:45:21,455 : WARNING : ConfigValidator : Unrecognized config setting. "ball_devices:bd_ball_lock:eject_on_ball_request" is not a valid setting name.
2025-04-07 10:45:21,455 : WARNING : ConfigValidator : Unrecognized config setting. "ball_devices:bd_ball_lock:entrance_switch_timeout" is not a valid setting name.
2025-04-07 10:45:21,458 : WARNING : ConfigValidator : Unrecognized config setting. "timed_switches:mode_vuk_delayed_eject:state_when_released" is not a valid setting name.
2025-04-07 10:45:21,458 : WARNING : ConfigValidator : Unrecognized config setting. "mode:dog_hunt:timers:dog_hunt_timer:events_when_complete" is not a valid setting name.
2025-04-07 10:45:21,458 : WARNING : ConfigValidator : Unrecognized config setting. "mode:blood_test:timers:blood_test_timer:events_when_complete" is not a valid setting name.
2025-04-07 10:45:21,458 : WARNING : ConfigValidator : Unrecognized config setting. "mode:infected:timers:infected_timer:events_when_complete" is not a valid setting name.
2025-04-07 10:45:21,458 : WARNING : ConfigValidator : Unrecognized config setting. "mode:discovery:timers:discovery_timer:events_when_complete" is not a valid setting name.
2025-04-07 10:45:21,458 : WARNING : ConfigValidator : Unrecognized config setting. "mode:spider_head:timers:spider_head_timer:events_when_complete" is not a valid setting name.
2025-04-07 10:45:21,458 : WARNING : ConfigValidator : Unrecognized config setting. "mode:multiball:timers:multiball_jackpot_timer:events_when_complete" is not a valid setting name.
2025-04-07 10:45:21,458 : WARNING : ConfigValidator : Unrecognized config setting. "mode:multiball:timers:right_ramp_validity_timer:events_when_complete" is not a valid setting name.
2025-04-07 10:45:21,458 : WARNING : ConfigValidator : Unrecognized config setting. "mode:ball_lock:timers:ball_lock_timer:events_when_complete" is not a valid setting name.
2025-04-07 10:45:21,458 : WARNING : ConfigValidator : Unrecognized config setting. "mode:base:timers:mode_timer:events_when_complete" is not a valid setting name.
2025-04-07 10:45:21,458 : WARNING : ConfigValidator : Unrecognized config setting. "mode:wizard:timers:wizard_timer:events_when_complete" is not a valid setting name.
2025-04-07 10:45:21,470 : INFO : EventManager : Event: ======'drop_target_bank_vuk_bank_up'====== Args={}
2025-04-07 10:45:21,470 : INFO : EventManager : Event: ======'logicblock_spinner_value_updated'====== Args={'value': 0, 'enabled': False}
2025-04-07 10:45:21,470 : INFO : EventManager : Event: ======'logicblock_newton_hit_counter_updated'====== Args={'value': 0, 'enabled': False}
2025-04-07 10:45:21,471 : INFO : EventManager : Event: ======'logicblock_diverter_pattern_updated'====== Args={'value': 0, 'enabled': False}
2025-04-07 10:45:21,471 : INFO : EventManager : Event: ======'logicblock_left_ramp_to_start_lock_updated'====== Args={'value': 0, 'enabled': False}
2025-04-07 10:45:24,068 : WARNING : Machine : Iterating device collections directly is deprecated and will be removed. Access by value(): device_collections[switches] -> device_collections['switches'].values()
2025-04-07 10:45:24,068 : INFO : SwitchController : <<<<<<< 's_trough_ball' active >>>>>>>
2025-04-07 10:45:24,068 : INFO : SwitchController : <<<<<<< 's_shooter_lane' active >>>>>>>
2025-04-07 10:45:24,068 : INFO : SwitchController : <<<<<<< 's_ball_lock_1' active >>>>>>>
2025-04-07 10:45:24,071 : INFO : SwitchController : <<<<<<< 's_newton_opto_made' active >>>>>>>
2025-04-07 10:45:24,071 : INFO : SwitchController : <<<<<<< 's_start_button' active >>>>>>>
2025-04-07 10:45:24,071 : WARNING : ConfigValidator : Unrecognized config setting. "coil_player:enable_ms" is not a valid setting name.
2025-04-07 10:45:24,071 : WARNING : ConfigValidator : Unrecognized config setting. "coil_player:enable_ms" is not a valid setting name.
2025-04-07 10:45:24,071 : INFO : EventManager : Event: ======'init_phase_2'====== Args={}
2025-04-07 10:45:24,071 : INFO : SwitchController : Found active switch: (52, [FAST Platform Interface]) <switch.s_trough_ball>
2025-04-07 10:45:24,071 : INFO : SwitchController : Found active switch: (66, [FAST Platform Interface]) <switch.s_shooter_lane>
2025-04-07 10:45:24,071 : INFO : SwitchController : Found active switch: (24, [FAST Platform Interface]) <switch.s_ball_lock_1>
2025-04-07 10:45:24,071 : INFO : SwitchController : Found active switch: (45, [FAST Platform Interface]) <switch.s_newton_opto_made>
2025-04-07 10:45:24,071 : INFO : SwitchController : Found active switch: (10, [FAST Platform Interface]) <switch.s_start_button>
2025-04-07 10:45:24,085 : WARNING : ConfigValidator : Unrecognized config setting. "coil_player:enable_ms" is not a valid setting name.
2025-04-07 10:45:24,087 : WARNING : ConfigValidator : Unrecognized config setting. "slide_player:widgets" is not a valid setting name.
2025-04-07 10:45:24,087 : WARNING : ConfigValidator : Unrecognized config setting. "slide_player:widgets" is not a valid setting name.
2025-04-07 10:45:24,087 : WARNING : ConfigValidator : Unrecognized config setting. "slide_player:widgets" is not a valid setting name.
2025-04-07 10:45:24,089 : WARNING : ConfigValidator : Unrecognized config setting. "slide_player:widgets" is not a valid setting name.
2025-04-07 10:45:24,089 : WARNING : ConfigValidator : Unrecognized config setting. "slide_player:widgets" is not a valid setting name.
2025-04-07 10:45:24,089 : WARNING : ConfigValidator : Unrecognized config setting. "slide_player:widgets" is not a valid setting name.
2025-04-07 10:45:24,089 : WARNING : ConfigValidator : Unrecognized config setting. "slide_player:widgets" is not a valid setting name.
2025-04-07 10:45:24,089 : WARNING : ConfigValidator : Unrecognized config setting. "slide_player:widgets" is not a valid setting name.
2025-04-07 10:45:24,089 : WARNING : ConfigValidator : Unrecognized config setting. "slide_player:widgets" is not a valid setting name.
2025-04-07 10:45:24,089 : WARNING : ConfigValidator : Unrecognized config setting. "slide_player:widgets" is not a valid setting name.
2025-04-07 10:45:24,089 : WARNING : ConfigValidator : Unrecognized config setting. "slide_player:widgets" is not a valid setting name.
2025-04-07 10:45:24,089 : WARNING : ConfigValidator : Unrecognized config setting. "slide_player:widgets" is not a valid setting name.
2025-04-07 10:45:24,089 : WARNING : ConfigValidator : Unrecognized config setting. "slide_player:widgets" is not a valid setting name.
2025-04-07 10:45:24,089 : WARNING : ConfigValidator : Unrecognized config setting. "slide_player:widgets" is not a valid setting name.
2025-04-07 10:45:24,089 : WARNING : ConfigValidator : Unrecognized config setting. "slide_player:widgets" is not a valid setting name.
2025-04-07 10:45:24,089 : WARNING : ConfigValidator : Unrecognized config setting. "slide_player:widgets" is not a valid setting name.
2025-04-07 10:45:24,089 : WARNING : ConfigValidator : Unrecognized config setting. "slide_player:widgets" is not a valid setting name.
2025-04-07 10:45:24,089 : WARNING : ConfigValidator : Unrecognized config setting. "slide_player:widgets" is not a valid setting name.
2025-04-07 10:45:24,089 : WARNING : ConfigValidator : Unrecognized config setting. "slide_player:widgets" is not a valid setting name.
2025-04-07 10:45:24,089 : WARNING : ConfigValidator : Unrecognized config setting. "slide_player:widgets" is not a valid setting name.
2025-04-07 10:45:24,089 : WARNING : ConfigValidator : Unrecognized config setting. "slide_player:widgets" is not a valid setting name.
2025-04-07 10:45:24,089 : WARNING : ConfigValidator : Unrecognized config setting. "slide_player:widgets" is not a valid setting name.
2025-04-07 10:45:24,089 : WARNING : ConfigValidator : Unrecognized config setting. "slide_player:widgets" is not a valid setting name.
2025-04-07 10:45:24,089 : WARNING : ConfigValidator : Unrecognized config setting. "slide_player:widgets" is not a valid setting name.
2025-04-07 10:45:24,089 : WARNING : ConfigValidator : Unrecognized config setting. "slide_player:type" is not a valid setting name.
2025-04-07 10:45:24,089 : WARNING : ConfigValidator : Unrecognized config setting. "slide_player:text" is not a valid setting name.
2025-04-07 10:45:24,089 : WARNING : ConfigValidator : Unrecognized config setting. "slide_player:font_size" is not a valid setting name.
2025-04-07 10:45:24,089 : WARNING : ConfigValidator : Unrecognized config setting. "slide_player:y" is not a valid setting name.
2025-04-07 10:45:24,089 : WARNING : ConfigValidator : Unrecognized config setting. "slide_player:color" is not a valid setting name.
2025-04-07 10:45:24,089 : WARNING : ConfigValidator : Unrecognized config setting. "slide_player:type" is not a valid setting name.
2025-04-07 10:45:24,089 : WARNING : ConfigValidator : Unrecognized config setting. "slide_player:text" is not a valid setting name.
2025-04-07 10:45:24,089 : WARNING : ConfigValidator : Unrecognized config setting. "slide_player:font_size" is not a valid setting name.
2025-04-07 10:45:24,089 : WARNING : ConfigValidator : Unrecognized config setting. "slide_player:y" is not a valid setting name.
2025-04-07 10:45:24,089 : WARNING : ConfigValidator : Unrecognized config setting. "slide_player:color" is not a valid setting name.
2025-04-07 10:45:24,091 : WARNING : ConfigValidator : Unrecognized config setting. "slide_player:type" is not a valid setting name.
2025-04-07 10:45:24,091 : WARNING : ConfigValidator : Unrecognized config setting. "slide_player:text" is not a valid setting name.
2025-04-07 10:45:24,091 : WARNING : ConfigValidator : Unrecognized config setting. "slide_player:font_size" is not a valid setting name.
2025-04-07 10:45:24,091 : WARNING : ConfigValidator : Unrecognized config setting. "slide_player:y" is not a valid setting name.
2025-04-07 10:45:24,091 : WARNING : ConfigValidator : Unrecognized config setting. "slide_player:color" is not a valid setting name.
2025-04-07 10:45:24,091 : WARNING : ConfigValidator : Unrecognized config setting. "slide_player:widgets" is not a valid setting name.
2025-04-07 10:45:24,091 : WARNING : ConfigValidator : Unrecognized config setting. "slide_player:widgets" is not a valid setting name.
2025-04-07 10:45:24,091 : WARNING : ConfigValidator : Unrecognized config setting. "slide_player:widgets" is not a valid setting name.
2025-04-07 10:45:24,094 : WARNING : ConfigValidator : Unrecognized config setting. "high_score:events_when_complete" is not a valid setting name.
2025-04-07 10:45:24,094 : INFO : EventManager : Event: ======'machine_var_score1_label'====== Args={'value': 'GRAND CHAMPION', 'prev_value': None, 'change': True}
2025-04-07 10:45:24,094 : INFO : EventManager : Event: ======'machine_var_score1_name'====== Args={'value': 'THING', 'prev_value': None, 'change': True}
2025-04-07 10:45:24,094 : INFO : EventManager : Event: ======'machine_var_score1_value'====== Args={'value': 5000000, 'prev_value': None, 'change': True}
2025-04-07 10:45:24,094 : INFO : EventManager : Event: ======'machine_var_score2_label'====== Args={'value': 'HIGH SCORE 1', 'prev_value': None, 'change': True}
2025-04-07 10:45:24,094 : INFO : EventManager : Event: ======'machine_var_score2_name'====== Args={'value': 'MPF', 'prev_value': None, 'change': True}
2025-04-07 10:45:24,094 : INFO : EventManager : Event: ======'machine_var_score2_value'====== Args={'value': 4000000, 'prev_value': None, 'change': True}
2025-04-07 10:45:24,094 : INFO : EventManager : Event: ======'machine_var_score3_label'====== Args={'value': 'HIGH SCORE 2', 'prev_value': None, 'change': True}
2025-04-07 10:45:24,094 : INFO : EventManager : Event: ======'machine_var_score3_name'====== Args={'value': 'PINBALL', 'prev_value': None, 'change': True}
2025-04-07 10:45:24,094 : INFO : EventManager : Event: ======'machine_var_score3_value'====== Args={'value': 3000000, 'prev_value': None, 'change': True}
2025-04-07 10:45:24,094 : INFO : EventManager : Event: ======'machine_var_score4_label'====== Args={'value': 'HIGH SCORE 3', 'prev_value': None, 'change': True}
2025-04-07 10:45:24,094 : INFO : EventManager : Event: ======'machine_var_score4_name'====== Args={'value': 'WIZARD', 'prev_value': None, 'change': True}
2025-04-07 10:45:24,094 : INFO : EventManager : Event: ======'machine_var_score4_value'====== Args={'value': 2000000, 'prev_value': None, 'change': True}
2025-04-07 10:45:24,094 : INFO : EventManager : Event: ======'machine_var_score5_label'====== Args={'value': 'HIGH SCORE 4', 'prev_value': None, 'change': True}
2025-04-07 10:45:24,094 : INFO : EventManager : Event: ======'machine_var_score5_name'====== Args={'value': 'PLAYER', 'prev_value': None, 'change': True}
2025-04-07 10:45:24,094 : INFO : EventManager : Event: ======'machine_var_score5_value'====== Args={'value': 1000000, 'prev_value': None, 'change': True}
2025-04-07 10:45:24,570 : INFO : ball_device.bd_trough : BCH: Initial count: 1
2025-04-07 10:45:24,570 : INFO : ball_device.bd_trough : State: idle
2025-04-07 10:45:24,572 : INFO : ball_device.bd_shooter_lane : BCH: Initial count: 1
2025-04-07 10:45:24,572 : INFO : ball_device.bd_shooter_lane : State: idle
2025-04-07 10:45:24,572 : INFO : ball_device.bd_ball_lock : BCH: Initial count: 1
2025-04-07 10:45:24,572 : INFO : ball_device.bd_ball_lock : State: idle
2025-04-07 10:45:24,604 : INFO : EventManager : Event: ======'init_phase_3'====== Args={}
2025-04-07 10:45:24,604 : WARNING : ConfigValidator : Unrecognized config setting. "slide_player:widgets" is not a valid setting name.
2025-04-07 10:45:24,604 : WARNING : ConfigValidator : Unrecognized config setting. "slide_player:widgets" is not a valid setting name.
2025-04-07 10:45:24,604 : WARNING : ConfigValidator : Unrecognized config setting. "slide_player:widgets" is not a valid setting name.
2025-04-07 10:45:24,604 : WARNING : ConfigValidator : Unrecognized config setting. "slide_player:widgets" is not a valid setting name.
2025-04-07 10:45:24,606 : INFO : EventManager : Event: ======'init_phase_4'====== Args={}
2025-04-07 10:45:24,606 : INFO : BallController : Initial balls found: 3
2025-04-07 10:45:24,606 : INFO : EventManager : Event: ======'machine_var_audits_events_game_ended'====== Args={'value': 0, 'prev_value': None, 'change': True}
2025-04-07 10:45:24,606 : INFO : EventManager : Event: ======'machine_var_audits_events_game_started'====== Args={'value': 493, 'prev_value': None, 'change': True}
2025-04-07 10:45:24,606 : INFO : EventManager : Event: ======'machine_var_audits_missing_switches_s_3bank_tgt_d'====== Args={'value': 29, 'prev_value': None, 'change': True}
2025-04-07 10:45:24,606 : INFO : EventManager : Event: ======'machine_var_audits_missing_switches_s_3bank_tgt_g'====== Args={'value': 10, 'prev_value': None, 'change': True}
2025-04-07 10:45:24,606 : INFO : EventManager : Event: ======'machine_var_audits_missing_switches_s_3bank_tgt_o'====== Args={'value': 29, 'prev_value': None, 'change': True}
2025-04-07 10:45:24,606 : INFO : EventManager : Event: ======'machine_var_audits_missing_switches_s_back_button'====== Args={'value': 57, 'prev_value': None, 'change': True}
2025-04-07 10:45:24,606 : INFO : EventManager : Event: ======'machine_var_audits_missing_switches_s_down_button'====== Args={'value': 57, 'prev_value': None, 'change': True}
2025-04-07 10:45:24,606 : INFO : EventManager : Event: ======'machine_var_audits_missing_switches_s_enter_button'====== Args={'value': 57, 'prev_value': None, 'change': True}
2025-04-07 10:45:24,606 : INFO : EventManager : Event: ======'machine_var_audits_missing_switches_s_inlane_left'====== Args={'value': 58, 'prev_value': None, 'change': True}
2025-04-07 10:45:24,606 : INFO : EventManager : Event: ======'machine_var_audits_missing_switches_s_inlane_right'====== Args={'value': 4, 'prev_value': None, 'change': True}
2025-04-07 10:45:24,606 : INFO : EventManager : Event: ======'machine_var_audits_missing_switches_s_launch'====== Args={'value': 6, 'prev_value': None, 'change': True}
2025-04-07 10:45:24,606 : INFO : EventManager : Event: ======'machine_var_audits_missing_switches_s_left_button_2'====== Args={'value': 28, 'prev_value': None, 'change': True}
2025-04-07 10:45:24,606 : INFO : EventManager : Event: ======'machine_var_audits_missing_switches_s_left_flipper'====== Args={'value': 363, 'prev_value': None, 'change': True}
2025-04-07 10:45:24,606 : INFO : EventManager : Event: ======'machine_var_audits_missing_switches_s_left_flipper_button'====== Args={'value': 28, 'prev_value': None, 'change': True}
2025-04-07 10:45:24,606 : INFO : EventManager : Event: ======'machine_var_audits_missing_switches_s_left_flipper_eos'====== Args={'value': 28, 'prev_value': None, 'change': True}
2025-04-07 10:45:24,606 : INFO : EventManager : Event: ======'machine_var_audits_missing_switches_s_left_inlane'====== Args={'value': 6, 'prev_value': None, 'change': True}
2025-04-07 10:45:24,608 : INFO : EventManager : Event: ======'machine_var_audits_missing_switches_s_left_inner_lane'====== Args={'value': 357, 'prev_value': None, 'change': True}
2025-04-07 10:45:24,608 : INFO : EventManager : Event: ======'machine_var_audits_missing_switches_s_left_outer_lane'====== Args={'value': 153, 'prev_value': None, 'change': True}
2025-04-07 10:45:24,608 : INFO : EventManager : Event: ======'machine_var_audits_missing_switches_s_left_outlane'====== Args={'value': 6, 'prev_value': None, 'change': True}
2025-04-07 10:45:24,608 : INFO : EventManager : Event: ======'machine_var_audits_missing_switches_s_left_ramp_entry_1'====== Args={'value': 26, 'prev_value': None, 'change': True}
2025-04-07 10:45:24,608 : INFO : EventManager : Event: ======'machine_var_audits_missing_switches_s_left_sling'====== Args={'value': 363, 'prev_value': None, 'change': True}
2025-04-07 10:45:24,608 : INFO : EventManager : Event: ======'machine_var_audits_missing_switches_s_left_slingshot'====== Args={'value': 58, 'prev_value': None, 'change': True}
2025-04-07 10:45:24,608 : INFO : EventManager : Event: ======'machine_var_audits_missing_switches_s_mead'====== Args={'value': 267, 'prev_value': None, 'change': True}
2025-04-07 10:45:24,608 : INFO : EventManager : Event: ======'machine_var_audits_missing_switches_s_newton_opto_made'====== Args={'value': 101, 'prev_value': None, 'change': True}
2025-04-07 10:45:24,608 : INFO : EventManager : Event: ======'machine_var_audits_missing_switches_s_outlane_left'====== Args={'value': 89, 'prev_value': None, 'change': True}
2025-04-07 10:45:24,608 : INFO : EventManager : Event: ======'machine_var_audits_missing_switches_s_outlane_right'====== Args={'value': 58, 'prev_value': None, 'change': True}
2025-04-07 10:45:24,608 : INFO : EventManager : Event: ======'machine_var_audits_missing_switches_s_percy'====== Args={'value': 85, 'prev_value': None, 'change': True}
2025-04-07 10:45:24,608 : INFO : EventManager : Event: ======'machine_var_audits_missing_switches_s_plunger'====== Args={'value': 363, 'prev_value': None, 'change': True}
2025-04-07 10:45:24,608 : INFO : EventManager : Event: ======'machine_var_audits_missing_switches_s_pop_bumper_1'====== Args={'value': 56, 'prev_value': None, 'change': True}
2025-04-07 10:45:24,608 : INFO : EventManager : Event: ======'machine_var_audits_missing_switches_s_pop_bumper_2'====== Args={'value': 58, 'prev_value': None, 'change': True}
2025-04-07 10:45:24,608 : INFO : EventManager : Event: ======'machine_var_audits_missing_switches_s_pop_bumper_3'====== Args={'value': 28, 'prev_value': None, 'change': True}
2025-04-07 10:45:24,608 : INFO : EventManager : Event: ======'machine_var_audits_missing_switches_s_right_button_2'====== Args={'value': 59, 'prev_value': None, 'change': True}
2025-04-07 10:45:24,608 : INFO : EventManager : Event: ======'machine_var_audits_missing_switches_s_right_flipper'====== Args={'value': 363, 'prev_value': None, 'change': True}
2025-04-07 10:45:24,608 : INFO : EventManager : Event: ======'machine_var_audits_missing_switches_s_right_flipper_button'====== Args={'value': 59, 'prev_value': None, 'change': True}
2025-04-07 10:45:24,608 : INFO : EventManager : Event: ======'machine_var_audits_missing_switches_s_right_flipper_eos'====== Args={'value': 59, 'prev_value': None, 'change': True}
2025-04-07 10:45:24,608 : INFO : EventManager : Event: ======'machine_var_audits_missing_switches_s_right_inlane'====== Args={'value': 6, 'prev_value': None, 'change': True}
2025-04-07 10:45:24,608 : INFO : EventManager : Event: ======'machine_var_audits_missing_switches_s_right_inner_lane'====== Args={'value': 357, 'prev_value': None, 'change': True}
2025-04-07 10:45:24,608 : INFO : EventManager : Event: ======'machine_var_audits_missing_switches_s_right_orbit_1'====== Args={'value': 28, 'prev_value': None, 'change': True}
2025-04-07 10:45:24,608 : INFO : EventManager : Event: ======'machine_var_audits_missing_switches_s_right_outer_lane'====== Args={'value': 357, 'prev_value': None, 'change': True}
2025-04-07 10:45:24,608 : INFO : EventManager : Event: ======'machine_var_audits_missing_switches_s_right_outlane'====== Args={'value': 6, 'prev_value': None, 'change': True}
2025-04-07 10:45:24,608 : INFO : EventManager : Event: ======'machine_var_audits_missing_switches_s_right_sling'====== Args={'value': 363, 'prev_value': None, 'change': True}
2025-04-07 10:45:24,608 : INFO : EventManager : Event: ======'machine_var_audits_missing_switches_s_right_slingshot'====== Args={'value': 1, 'prev_value': None, 'change': True}
2025-04-07 10:45:24,608 : INFO : EventManager : Event: ======'machine_var_audits_missing_switches_s_scanlan'====== Args={'value': 204, 'prev_value': None, 'change': True}
2025-04-07 10:45:24,608 : INFO : EventManager : Event: ======'machine_var_audits_missing_switches_s_spinner'====== Args={'value': 25, 'prev_value': None, 'change': True}
2025-04-07 10:45:24,608 : INFO : EventManager : Event: ======'machine_var_audits_missing_switches_s_start'====== Args={'value': 6, 'prev_value': None, 'change': True}
2025-04-07 10:45:24,608 : INFO : EventManager : Event: ======'machine_var_audits_missing_switches_s_start_button'====== Args={'value': 58, 'prev_value': None, 'change': True}
2025-04-07 10:45:24,608 : INFO : EventManager : Event: ======'machine_var_audits_missing_switches_s_trough_1'====== Args={'value': 29, 'prev_value': None, 'change': True}
2025-04-07 10:45:24,608 : INFO : EventManager : Event: ======'machine_var_audits_missing_switches_s_trough_2'====== Args={'value': 21, 'prev_value': None, 'change': True}
2025-04-07 10:45:24,608 : INFO : EventManager : Event: ======'machine_var_audits_missing_switches_s_trough_3'====== Args={'value': 21, 'prev_value': None, 'change': True}
2025-04-07 10:45:24,608 : INFO : EventManager : Event: ======'machine_var_audits_missing_switches_s_trough_4'====== Args={'value': 21, 'prev_value': None, 'change': True}
2025-04-07 10:45:24,608 : INFO : EventManager : Event: ======'machine_var_audits_missing_switches_s_trough_5'====== Args={'value': 21, 'prev_value': None, 'change': True}
2025-04-07 10:45:24,608 : INFO : EventManager : Event: ======'machine_var_audits_missing_switches_s_trough_6'====== Args={'value': 21, 'prev_value': None, 'change': True}
2025-04-07 10:45:24,608 : INFO : EventManager : Event: ======'machine_var_audits_missing_switches_s_trough_ball_1'====== Args={'value': 363, 'prev_value': None, 'change': True}
2025-04-07 10:45:24,608 : INFO : EventManager : Event: ======'machine_var_audits_missing_switches_s_trough_ball_2'====== Args={'value': 363, 'prev_value': None, 'change': True}
2025-04-07 10:45:24,608 : INFO : EventManager : Event: ======'machine_var_audits_missing_switches_s_trough_ball_3'====== Args={'value': 363, 'prev_value': None, 'change': True}
2025-04-07 10:45:24,608 : INFO : EventManager : Event: ======'machine_var_audits_missing_switches_s_trough_ball_4'====== Args={'value': 278, 'prev_value': None, 'change': True}
2025-04-07 10:45:24,608 : INFO : EventManager : Event: ======'machine_var_audits_missing_switches_s_trough_ball_5'====== Args={'value': 363, 'prev_value': None, 'change': True}
2025-04-07 10:45:24,608 : INFO : EventManager : Event: ======'machine_var_audits_missing_switches_s_trough_ball_6'====== Args={'value': 95, 'prev_value': None, 'change': True}
2025-04-07 10:45:24,608 : INFO : EventManager : Event: ======'machine_var_audits_missing_switches_s_up_button'====== Args={'value': 57, 'prev_value': None, 'change': True}
2025-04-07 10:45:24,608 : INFO : EventManager : Event: ======'machine_var_audits_player_score'====== Args={'value': {'average': 0, 'top': [], 'total': 0}, 'prev_value': None, 'change': True}
2025-04-07 10:45:24,608 : INFO : EventManager : Event: ======'machine_var_audits_shots_mead_shot'====== Args={'value': 223, 'prev_value': None, 'change': True}
2025-04-07 10:45:24,608 : INFO : EventManager : Event: ======'machine_var_audits_shots_percy_shot'====== Args={'value': 56, 'prev_value': None, 'change': True}
2025-04-07 10:45:24,608 : INFO : EventManager : Event: ======'machine_var_audits_shots_scanlan_shot'====== Args={'value': 121, 'prev_value': None, 'change': True}
2025-04-07 10:45:24,608 : INFO : EventManager : Event: ======'machine_var_audits_shots_video_shot_1'====== Args={'value': 24, 'prev_value': None, 'change': True}
2025-04-07 10:45:24,610 : INFO : EventManager : Event: ======'machine_var_audits_shots_video_shot_2'====== Args={'value': 20, 'prev_value': None, 'change': True}
2025-04-07 10:45:24,610 : INFO : EventManager : Event: ======'machine_var_audits_switches_s_3bank_tgt_d'====== Args={'value': 21, 'prev_value': None, 'change': True}
2025-04-07 10:45:24,610 : INFO : EventManager : Event: ======'machine_var_audits_switches_s_3bank_tgt_g'====== Args={'value': 32, 'prev_value': None, 'change': True}
2025-04-07 10:45:24,610 : INFO : EventManager : Event: ======'machine_var_audits_switches_s_3bank_tgt_o'====== Args={'value': 26, 'prev_value': None, 'change': True}
2025-04-07 10:45:24,610 : INFO : EventManager : Event: ======'machine_var_audits_switches_s_auto_launcher'====== Args={'value': 0, 'prev_value': None, 'change': True}
2025-04-07 10:45:24,610 : INFO : EventManager : Event: ======'machine_var_audits_switches_s_back_button'====== Args={'value': 0, 'prev_value': None, 'change': True}
2025-04-07 10:45:24,610 : INFO : EventManager : Event: ======'machine_var_audits_switches_s_ball_drain'====== Args={'value': 0, 'prev_value': None, 'change': True}
2025-04-07 10:45:24,610 : INFO : EventManager : Event: ======'machine_var_audits_switches_s_ball_lock_1'====== Args={'value': 76, 'prev_value': None, 'change': True}
2025-04-07 10:45:24,610 : INFO : EventManager : Event: ======'machine_var_audits_switches_s_ball_lock_2'====== Args={'value': 46, 'prev_value': None, 'change': True}
2025-04-07 10:45:24,610 : INFO : EventManager : Event: ======'machine_var_audits_switches_s_ball_lock_3'====== Args={'value': 42, 'prev_value': None, 'change': True}
2025-04-07 10:45:24,610 : INFO : EventManager : Event: ======'machine_var_audits_switches_s_blood_target'====== Args={'value': 252, 'prev_value': None, 'change': True}
2025-04-07 10:45:24,610 : INFO : EventManager : Event: ======'machine_var_audits_switches_s_down_button'====== Args={'value': 0, 'prev_value': None, 'change': True}
2025-04-07 10:45:24,610 : INFO : EventManager : Event: ======'machine_var_audits_switches_s_enter_button'====== Args={'value': 0, 'prev_value': None, 'change': True}
2025-04-07 10:45:24,610 : INFO : EventManager : Event: ======'machine_var_audits_switches_s_inlane_left'====== Args={'value': 9, 'prev_value': None, 'change': True}
2025-04-07 10:45:24,610 : INFO : EventManager : Event: ======'machine_var_audits_switches_s_inlane_right'====== Args={'value': 6, 'prev_value': None, 'change': True}
2025-04-07 10:45:24,610 : INFO : EventManager : Event: ======'machine_var_audits_switches_s_launch'====== Args={'value': 0, 'prev_value': None, 'change': True}
2025-04-07 10:45:24,610 : INFO : EventManager : Event: ======'machine_var_audits_switches_s_left_button_2'====== Args={'value': 212, 'prev_value': None, 'change': True}
2025-04-07 10:45:24,610 : INFO : EventManager : Event: ======'machine_var_audits_switches_s_left_flipper'====== Args={'value': 36, 'prev_value': None, 'change': True}
2025-04-07 10:45:24,610 : INFO : EventManager : Event: ======'machine_var_audits_switches_s_left_flipper_button'====== Args={'value': 206, 'prev_value': None, 'change': True}
2025-04-07 10:45:24,610 : INFO : EventManager : Event: ======'machine_var_audits_switches_s_left_flipper_eos'====== Args={'value': 186, 'prev_value': None, 'change': True}
2025-04-07 10:45:24,610 : INFO : EventManager : Event: ======'machine_var_audits_switches_s_left_inlane'====== Args={'value': 0, 'prev_value': None, 'change': True}
2025-04-07 10:45:24,610 : INFO : EventManager : Event: ======'machine_var_audits_switches_s_left_inner_lane'====== Args={'value': 0, 'prev_value': None, 'change': True}
2025-04-07 10:45:24,610 : INFO : EventManager : Event: ======'machine_var_audits_switches_s_left_outer_lane'====== Args={'value': 0, 'prev_value': None, 'change': True}
2025-04-07 10:45:24,610 : INFO : EventManager : Event: ======'machine_var_audits_switches_s_left_outlane'====== Args={'value': 0, 'prev_value': None, 'change': True}
2025-04-07 10:45:24,610 : INFO : EventManager : Event: ======'machine_var_audits_switches_s_left_ramp_entry_1'====== Args={'value': 1028, 'prev_value': None, 'change': True}
2025-04-07 10:45:24,610 : INFO : EventManager : Event: ======'machine_var_audits_switches_s_left_sling'====== Args={'value': 7, 'prev_value': None, 'change': True}
2025-04-07 10:45:24,610 : INFO : EventManager : Event: ======'machine_var_audits_switches_s_left_slingshot'====== Args={'value': 8, 'prev_value': None, 'change': True}
2025-04-07 10:45:24,610 : INFO : EventManager : Event: ======'machine_var_audits_switches_s_mead'====== Args={'value': 0, 'prev_value': None, 'change': True}
2025-04-07 10:45:24,610 : INFO : EventManager : Event: ======'machine_var_audits_switches_s_mode_opto'====== Args={'value': 78, 'prev_value': None, 'change': True}
2025-04-07 10:45:24,610 : INFO : EventManager : Event: ======'machine_var_audits_switches_s_newton_opto_made'====== Args={'value': 2, 'prev_value': None, 'change': True}
2025-04-07 10:45:24,610 : INFO : EventManager : Event: ======'machine_var_audits_switches_s_outlane_left'====== Args={'value': 3, 'prev_value': None, 'change': True}
2025-04-07 10:45:24,610 : INFO : EventManager : Event: ======'machine_var_audits_switches_s_outlane_right'====== Args={'value': 6, 'prev_value': None, 'change': True}
2025-04-07 10:45:24,610 : INFO : EventManager : Event: ======'machine_var_audits_switches_s_percy'====== Args={'value': 0, 'prev_value': None, 'change': True}
2025-04-07 10:45:24,610 : INFO : EventManager : Event: ======'machine_var_audits_switches_s_plunger'====== Args={'value': 9, 'prev_value': None, 'change': True}
2025-04-07 10:45:24,610 : INFO : EventManager : Event: ======'machine_var_audits_switches_s_pop_bumper_1'====== Args={'value': 55, 'prev_value': None, 'change': True}
2025-04-07 10:45:24,610 : INFO : EventManager : Event: ======'machine_var_audits_switches_s_pop_bumper_2'====== Args={'value': 26, 'prev_value': None, 'change': True}
2025-04-07 10:45:24,610 : INFO : EventManager : Event: ======'machine_var_audits_switches_s_pop_bumper_3'====== Args={'value': 43, 'prev_value': None, 'change': True}
2025-04-07 10:45:24,610 : INFO : EventManager : Event: ======'machine_var_audits_switches_s_ramp_up_1'====== Args={'value': 99, 'prev_value': None, 'change': True}
2025-04-07 10:45:24,610 : INFO : EventManager : Event: ======'machine_var_audits_switches_s_right_button_2'====== Args={'value': 53, 'prev_value': None, 'change': True}
2025-04-07 10:45:24,610 : INFO : EventManager : Event: ======'machine_var_audits_switches_s_right_flipper'====== Args={'value': 131, 'prev_value': None, 'change': True}
2025-04-07 10:45:24,610 : INFO : EventManager : Event: ======'machine_var_audits_switches_s_right_flipper_button'====== Args={'value': 53, 'prev_value': None, 'change': True}
2025-04-07 10:45:24,610 : INFO : EventManager : Event: ======'machine_var_audits_switches_s_right_flipper_eos'====== Args={'value': 50, 'prev_value': None, 'change': True}
2025-04-07 10:45:24,610 : INFO : EventManager : Event: ======'machine_var_audits_switches_s_right_inlane'====== Args={'value': 0, 'prev_value': None, 'change': True}
2025-04-07 10:45:24,610 : INFO : EventManager : Event: ======'machine_var_audits_switches_s_right_inner_lane'====== Args={'value': 0, 'prev_value': None, 'change': True}
2025-04-07 10:45:24,610 : INFO : EventManager : Event: ======'machine_var_audits_switches_s_right_orbit_1'====== Args={'value': 53, 'prev_value': None, 'change': True}
2025-04-07 10:45:24,610 : INFO : EventManager : Event: ======'machine_var_audits_switches_s_right_outer_lane'====== Args={'value': 0, 'prev_value': None, 'change': True}
2025-04-07 10:45:24,610 : INFO : EventManager : Event: ======'machine_var_audits_switches_s_right_outlane'====== Args={'value': 0, 'prev_value': None, 'change': True}
2025-04-07 10:45:24,610 : INFO : EventManager : Event: ======'machine_var_audits_switches_s_right_ramp_entry_1'====== Args={'value': 41, 'prev_value': None, 'change': True}
2025-04-07 10:45:24,610 : INFO : EventManager : Event: ======'machine_var_audits_switches_s_right_sling'====== Args={'value': 3, 'prev_value': None, 'change': True}
2025-04-07 10:45:24,610 : INFO : EventManager : Event: ======'machine_var_audits_switches_s_right_slingshot'====== Args={'value': 16, 'prev_value': None, 'change': True}
2025-04-07 10:45:24,610 : INFO : EventManager : Event: ======'machine_var_audits_switches_s_scanlan'====== Args={'value': 0, 'prev_value': None, 'change': True}
2025-04-07 10:45:24,610 : INFO : EventManager : Event: ======'machine_var_audits_switches_s_shooter_lane'====== Args={'value': 123, 'prev_value': None, 'change': True}
2025-04-07 10:45:24,610 : INFO : EventManager : Event: ======'machine_var_audits_switches_s_spinner'====== Args={'value': 301, 'prev_value': None, 'change': True}
2025-04-07 10:45:24,612 : INFO : EventManager : Event: ======'machine_var_audits_switches_s_start'====== Args={'value': 38, 'prev_value': None, 'change': True}
2025-04-07 10:45:24,612 : INFO : EventManager : Event: ======'machine_var_audits_switches_s_start_button'====== Args={'value': 4, 'prev_value': None, 'change': True}
2025-04-07 10:45:24,612 : INFO : EventManager : Event: ======'machine_var_audits_switches_s_switch_2'====== Args={'value': 0, 'prev_value': None, 'change': True}
2025-04-07 10:45:24,612 : INFO : EventManager : Event: ======'machine_var_audits_switches_s_trough_1'====== Args={'value': 3, 'prev_value': None, 'change': True}
2025-04-07 10:45:24,612 : INFO : EventManager : Event: ======'machine_var_audits_switches_s_trough_2'====== Args={'value': 54, 'prev_value': None, 'change': True}
2025-04-07 10:45:24,612 : INFO : EventManager : Event: ======'machine_var_audits_switches_s_trough_3'====== Args={'value': 57, 'prev_value': None, 'change': True}
2025-04-07 10:45:24,612 : INFO : EventManager : Event: ======'machine_var_audits_switches_s_trough_4'====== Args={'value': 45, 'prev_value': None, 'change': True}
2025-04-07 10:45:24,612 : INFO : EventManager : Event: ======'machine_var_audits_switches_s_trough_5'====== Args={'value': 41, 'prev_value': None, 'change': True}
2025-04-07 10:45:24,612 : INFO : EventManager : Event: ======'machine_var_audits_switches_s_trough_6'====== Args={'value': 61, 'prev_value': None, 'change': True}
2025-04-07 10:45:24,612 : INFO : EventManager : Event: ======'machine_var_audits_switches_s_trough_7'====== Args={'value': 118, 'prev_value': None, 'change': True}
2025-04-07 10:45:24,612 : INFO : EventManager : Event: ======'machine_var_audits_switches_s_trough_ball'====== Args={'value': 144, 'prev_value': None, 'change': True}
2025-04-07 10:45:24,612 : INFO : EventManager : Event: ======'machine_var_audits_switches_s_trough_ball_1'====== Args={'value': 4, 'prev_value': None, 'change': True}
2025-04-07 10:45:24,612 : INFO : EventManager : Event: ======'machine_var_audits_switches_s_trough_ball_2'====== Args={'value': 4, 'prev_value': None, 'change': True}
2025-04-07 10:45:24,612 : INFO : EventManager : Event: ======'machine_var_audits_switches_s_trough_ball_3'====== Args={'value': 1, 'prev_value': None, 'change': True}
2025-04-07 10:45:24,612 : INFO : EventManager : Event: ======'machine_var_audits_switches_s_trough_ball_4'====== Args={'value': 0, 'prev_value': None, 'change': True}
2025-04-07 10:45:24,612 : INFO : EventManager : Event: ======'machine_var_audits_switches_s_trough_ball_5'====== Args={'value': 0, 'prev_value': None, 'change': True}
2025-04-07 10:45:24,612 : INFO : EventManager : Event: ======'machine_var_audits_switches_s_trough_ball_6'====== Args={'value': 1, 'prev_value': None, 'change': True}
2025-04-07 10:45:24,612 : INFO : EventManager : Event: ======'machine_var_audits_switches_s_trough_ball_jam'====== Args={'value': 150, 'prev_value': None, 'change': True}
2025-04-07 10:45:24,612 : INFO : EventManager : Event: ======'machine_var_audits_switches_s_trough_eject_coil'====== Args={'value': 0, 'prev_value': None, 'change': True}
2025-04-07 10:45:24,612 : INFO : EventManager : Event: ======'machine_var_audits_switches_s_up_button'====== Args={'value': 0, 'prev_value': None, 'change': True}
2025-04-07 10:45:24,612 : INFO : EventManager : Event: ======'init_phase_5'====== Args={}
2025-04-07 10:45:24,613 : INFO : EventManager : Event: ======'init_done'====== Args={}
2025-04-07 10:45:24,613 : INFO : EventManager : Event: ======'machine_reset_phase_1'====== Args={}
2025-04-07 10:45:24,613 : INFO : EventManager : Event: ======'machine_reset_phase_2'====== Args={}
2025-04-07 10:45:24,614 : INFO : EventManager : Event: ======'machine_reset_phase_3'====== Args={}
2025-04-07 10:45:24,614 : INFO : EventManager : Event: ======'mode_tilt_will_start'====== Args={'queue': <QueuedEvent>}
2025-04-07 10:45:24,614 : INFO : EventManager : Event: ======'mode_tilt_starting'====== Args={'queue': <QueuedEvent>}
2025-04-07 10:45:24,614 : INFO : EventManager : Event: ======'diverter_diverter_deactivating'====== Args={}
2025-04-07 10:45:24,614 : INFO : coil.c_diverter : Disabling Driver
2025-04-07 10:45:24,614 : INFO : Mode.tilt : Started. Priority: 1000000
2025-04-07 10:45:24,614 : INFO : EventManager : Event: ======'modes_active_modes_changed'====== Args={}
2025-04-07 10:45:24,614 : INFO : EventManager : Event: ======'mode_tilt_started'====== Args={'queue': <QueuedEvent>}
2025-04-07 10:45:24,614 : INFO : EventManager : Event: ======'reset_complete'====== Args={}
2025-04-07 10:45:24,614 : INFO : Machine : Starting the main run loop.
2025-04-07 10:45:31,635 : INFO : SwitchController : <<<<<<< 's_start_button' inactive >>>>>>>
2025-04-07 10:45:31,727 : INFO : SwitchController : <<<<<<< 's_start_button' active >>>>>>>
2025-04-07 10:45:31,727 : INFO : EventManager : Event: ======'s_start_button_active'====== Args={}
2025-04-07 10:45:31,727 : INFO : EventManager : Event: ======'game_start'====== Args={'priority': 0}
2025-04-07 10:45:31,727 : INFO : EventManager : Event: ======'mode_game_will_start'====== Args={'priority': 0}
2025-04-07 10:45:31,727 : INFO : EventManager : Event: ======'mode_game_starting'====== Args={'priority': 0}
2025-04-07 10:45:31,730 : INFO : Mode.game : Started. Priority: 20
2025-04-07 10:45:31,730 : INFO : EventManager : Event: ======'modes_active_modes_changed'====== Args={}
2025-04-07 10:45:31,730 : INFO : EventManager : Event: ======'mode_game_started'====== Args={'priority': 0}
2025-04-07 10:45:31,730 : INFO : EventManager : Event: ======'game_will_start'====== Args={}
2025-04-07 10:45:31,732 : INFO : EventManager : Event: ======'game_starting'====== Args={'game': <Mode.game>}
2025-04-07 10:45:31,732 : INFO : EventManager : Unordered handler for class <Auditor> on event game_ended with priority 1. Handlers: [RegisteredHandler(callback=<bound method Auditor.disable of <Auditor>>, priority=1, kwargs={}, key=UUID('bbfbd412-f031-4f77-a7a8-452f7a9fb29a'), condition=None, blocking_facility=None), RegisteredHandler(callback=<bound method Auditor._save_audits of <Auditor>>, priority=1, kwargs={}, key=UUID('941f225d-bc78-422a-921b-5073006b2be7'), condition=None, blocking_facility=None)]. The order of those handlers is not defined and they will be executed in random order. This might lead to race conditions and potential bugs.
2025-04-07 10:45:31,732 : INFO : EventManager : Event: ======'player_add_request'====== Args={}
2025-04-07 10:45:31,732 : INFO : EventManager : Event: ======'player_will_add'====== Args={'number': 1}
2025-04-07 10:45:31,732 : INFO : EventManager : Event: ======'player_adding'====== Args={'player': <Player 1>, 'number': 1}
2025-04-07 10:45:31,732 : INFO : EventManager : Event: ======'player_added'====== Args={'player': <Player 1>, 'num': 1}
2025-04-07 10:45:31,732 : INFO : Mode.game : Player added successfully. Total players: 1
2025-04-07 10:45:31,732 : INFO : EventManager : Event: ======'player_index'====== Args={'value': 0, 'prev_value': 0, 'change': 0, 'player_num': 1}
2025-04-07 10:45:31,732 : INFO : EventManager : Event: ======'player_number'====== Args={'value': 1, 'prev_value': 1, 'change': 0, 'player_num': 1}
2025-04-07 10:45:31,732 : INFO : EventManager : Event: ======'player_game_mode_active'====== Args={'value': 0, 'prev_value': 0, 'change': 0, 'player_num': 1}
2025-04-07 10:45:31,732 : INFO : EventManager : Event: ======'player_current_game_mode'====== Args={'value': 'None', 'prev_value': 'None', 'change': False, 'player_num': 1}
2025-04-07 10:45:31,732 : INFO : EventManager : Event: ======'player_phase1_complete'====== Args={'value': 0, 'prev_value': 0, 'change': 0, 'player_num': 1}
2025-04-07 10:45:31,732 : INFO : EventManager : Event: ======'player_dog_hunt_complete'====== Args={'value': 0, 'prev_value': 0, 'change': 0, 'player_num': 1}
2025-04-07 10:45:31,732 : INFO : EventManager : Event: ======'player_discovery_complete'====== Args={'value': 0, 'prev_value': 0, 'change': 0, 'player_num': 1}
2025-04-07 10:45:31,732 : INFO : EventManager : Event: ======'player_infected_complete'====== Args={'value': 0, 'prev_value': 0, 'change': 0, 'player_num': 1}
2025-04-07 10:45:31,732 : INFO : EventManager : Event: ======'player_blood_test_complete'====== Args={'value': 0, 'prev_value': 0, 'change': 0, 'player_num': 1}
2025-04-07 10:45:31,732 : INFO : EventManager : Event: ======'player_spider_head_complete'====== Args={'value': 0, 'prev_value': 0, 'change': 0, 'player_num': 1}
2025-04-07 10:45:31,732 : INFO : EventManager : Event: ======'player_wizard_complete'====== Args={'value': 0, 'prev_value': 0, 'change': 0, 'player_num': 1}
2025-04-07 10:45:31,732 : INFO : EventManager : Event: ======'player_ball_lock_complete'====== Args={'value': 0, 'prev_value': 0, 'change': 0, 'player_num': 1}
2025-04-07 10:45:31,732 : INFO : EventManager : Event: ======'player_multiball_complete'====== Args={'value': 0, 'prev_value': 0, 'change': 0, 'player_num': 1}
2025-04-07 10:45:31,732 : INFO : EventManager : Event: ======'player_spinner_value'====== Args={'value': 0, 'prev_value': 0, 'change': 0, 'player_num': 1}
2025-04-07 10:45:31,732 : INFO : EventManager : Event: ======'player_pop_bumper_value'====== Args={'value': 0, 'prev_value': 0, 'change': 0, 'player_num': 1}
2025-04-07 10:45:31,732 : INFO : EventManager : Event: ======'player_newton_shots'====== Args={'value': 0, 'prev_value': 0, 'change': 0, 'player_num': 1}
2025-04-07 10:45:31,732 : INFO : EventManager : Event: ======'player_locked_balls'====== Args={'value': 0, 'prev_value': 0, 'change': 0, 'player_num': 1}
2025-04-07 10:45:31,732 : INFO : EventManager : Event: ======'player_balls_in_play'====== Args={'value': 1, 'prev_value': 1, 'change': 0, 'player_num': 1}
2025-04-07 10:45:31,732 : INFO : EventManager : Event: ======'player_jackpot_value'====== Args={'value': 10000, 'prev_value': 10000, 'change': 0, 'player_num': 1}
2025-04-07 10:45:31,732 : INFO : EventManager : Event: ======'player_left_ramp_hits'====== Args={'value': 0, 'prev_value': 0, 'change': 0, 'player_num': 1}
2025-04-07 10:45:31,732 : INFO : EventManager : Event: ======'player_left_ramp_lock_hits'====== Args={'value': 0, 'prev_value': 0, 'change': 0, 'player_num': 1}
2025-04-07 10:45:31,732 : INFO : EventManager : Event: ======'player_spinner_hits'====== Args={'value': 0, 'prev_value': 0, 'change': 0, 'player_num': 1}
2025-04-07 10:45:31,732 : INFO : EventManager : Event: ======'player_pop_bumper_wizard'====== Args={'value': 0, 'prev_value': 0, 'change': 0, 'player_num': 1}
2025-04-07 10:45:31,732 : INFO : EventManager : Event: ======'player_ball_lock_active'====== Args={'value': 0, 'prev_value': 0, 'change': 0, 'player_num': 1}
2025-04-07 10:45:31,732 : INFO : EventManager : Event: ======'player_super_jackpot_value'====== Args={'value': 100000, 'prev_value': 100000, 'change': 0, 'player_num': 1}
2025-04-07 10:45:31,732 : INFO : EventManager : Event: ======'player_jackpot_state'====== Args={'value': 0, 'prev_value': 0, 'change': 0, 'player_num': 1}
2025-04-07 10:45:31,732 : INFO : EventManager : Event: ======'player_right_ramp_valid'====== Args={'value': 0, 'prev_value': 0, 'change': 0, 'player_num': 1}
2025-04-07 10:45:31,732 : INFO : EventManager : Event: ======'player_score'====== Args={'value': 0, 'prev_value': 0, 'change': 0, 'player_num': 1}
2025-04-07 10:45:31,732 : INFO : EventManager : Event: ======'game_started'====== Args={}
2025-04-07 10:45:31,732 : INFO : drop_target_bank.vuk_bank : All targets are already up. Will not reset bank.
2025-04-07 10:45:31,732 : INFO : EventManager : Event: ======'setup_game_variables'====== Args={'priority': 0}
2025-04-07 10:45:31,732 : INFO : EventManager : Event: ======'player_turn_will_start'====== Args={'player': <Player 1>, 'number': 1}
2025-04-07 10:45:31,732 : INFO : EventManager : Event: ======'player_turn_starting'====== Args={'player': <Player 1>, 'number': 1}
2025-04-07 10:45:31,732 : INFO : EventManager : Event: ======'player_ball'====== Args={'value': 1, 'prev_value': 0, 'change': 1, 'player_num': 1}
2025-04-07 10:45:31,732 : INFO : EventManager : Event: ======'player_turn_started'====== Args={'player': <Player 1>, 'number': 1}
2025-04-07 10:45:31,751 : INFO : EventManager : Event: ======'ball_will_start'====== Args={'player': 1, 'ball': 1, 'balls_remaining': 2, 'is_extra_ball': False}
2025-04-07 10:45:31,751 : INFO : EventManager : Event: ======'ball_starting'====== Args={'player': 1, 'ball': 1, 'balls_remaining': 2, 'is_extra_ball': False}
2025-04-07 10:45:31,751 : INFO : EventManager : Event: ======'mode_base_will_start'====== Args={'queue': <QueuedEvent>, 'player': 1, 'ball': 1, 'balls_remaining': 2, 'is_extra_ball': False}
2025-04-07 10:45:31,751 : INFO : EventManager : Event: ======'player_base_mode_timer_tick'====== Args={'value': 60, 'prev_value': 0, 'change': 60, 'player_num': 1}
2025-04-07 10:45:31,756 : INFO : EventManager : Event: ======'mode_base_starting'====== Args={'queue': <QueuedEvent>, 'player': 1, 'ball': 1, 'balls_remaining': 2, 'is_extra_ball': False}
2025-04-07 10:45:31,756 : INFO : EventManager : Event: ======'bd_trough_eject'====== Args={'priority': 0}
2025-04-07 10:45:31,756 : INFO : Mode.base : Started. Priority: 100
2025-04-07 10:45:31,756 : INFO : EventManager : Event: ======'modes_active_modes_changed'====== Args={}
2025-04-07 10:45:31,756 : INFO : EventManager : Event: ======'mode_base_started'====== Args={'queue': <QueuedEvent>, 'player': 1, 'ball': 1, 'balls_remaining': 2, 'is_extra_ball': False}
2025-04-07 10:45:31,756 : INFO : EventManager : Event: ======'balls_in_play'====== Args={'balls': 1}
2025-04-07 10:45:31,756 : INFO : EventManager : Event: ======'ball_started'====== Args={'player': 1, 'ball': 1, 'balls_remaining': 2, 'is_extra_ball': False}
2025-04-07 10:45:31,759 : INFO : EventManager : Event: ======'ball_save_ball_save_enabled'====== Args={}
2025-04-07 10:45:31,759 : INFO : EventManager : Event: ======'logicblock_spinner_value_updated'====== Args={'value': 0, 'enabled': True}
2025-04-07 10:45:31,759 : INFO : EventManager : Event: ======'logicblock_newton_hit_counter_updated'====== Args={'value': 0, 'enabled': True}
2025-04-07 10:45:31,759 : INFO : EventManager : Event: ======'logicblock_diverter_pattern_updated'====== Args={'value': 0, 'enabled': True}
2025-04-07 10:45:31,759 : INFO : EventManager : Event: ======'logicblock_left_ramp_to_start_lock_updated'====== Args={'value': 0, 'enabled': True}
2025-04-07 10:45:31,759 : INFO : drop_target_bank.vuk_bank : All targets are already up. Will not reset bank.
2025-04-07 10:45:31,759 : INFO : EventManager : Event: ======'logicblock_left_ramp_to_start_lock_updated'====== Args={'value': 0, 'enabled': True}
2025-04-07 10:45:31,759 : INFO : EventManager : Event: ======'logicblock_left_ramp_to_start_lock_updated'====== Args={'value': 0, 'enabled': True}
2025-04-07 10:45:31,759 : INFO : EventManager : Event: ======'reset_player_shot_counters'====== Args={'priority': 0}
2025-04-07 10:45:31,759 : INFO : EventManager : Event: ======'pulse_upramp_on_start'====== Args={'priority': 0}
2025-04-07 10:45:31,759 : INFO : coil.c_upramp : Pulsing Driver for 30ms (1.0 pulse_power)
2025-04-07 10:45:31,759 : INFO : EventManager : Event: ======'single_player_ball_started'====== Args={}
2025-04-07 10:45:31,759 : INFO : EventManager : Event: ======'ball_start_target'====== Args={'target': 'playfield'}
2025-04-07 10:45:31,759 : INFO : ball_device.bd_shooter_lane : Setting up player-controlled eject. Balls: 1, Target: <playfield.playfield>, player_controlled_eject_event: None
2025-04-07 10:45:31,759 : INFO : EventManager : Event: ======'balldevice_balls_available'====== Args={}
2025-04-07 10:45:31,759 : INFO : ball_device.bd_shooter_lane : State: waiting_for_target_ready
2025-04-07 10:45:31,759 : INFO : EventManager : Event: ======'balldevice_bd_shooter_lane_ball_eject_attempt'====== Args={'balls': 1, 'target': <playfield.playfield>, 'source': <ball_device.bd_shooter_lane>, 'mechanical_eject': True, 'num_attempts': 0}
2025-04-07 10:45:31,759 : INFO : ball_device.bd_shooter_lane : State: ejecting
2025-04-07 10:45:31,759 : INFO : ball_device.bd_shooter_lane : Ejecting ball to <playfield.playfield>
2025-04-07 10:45:31,759 : INFO : EventManager : Event: ======'balldevice_bd_shooter_lane_ejecting_ball'====== Args={'balls': 1, 'target': <playfield.playfield>, 'source': <ball_device.bd_shooter_lane>, 'mechanical_eject': True, 'num_attempts': 0}
2025-04-07 10:45:31,759 : INFO : ball_device.bd_shooter_lane : Wait for ball to leave device
2025-04-07 10:45:31,806 : INFO : SwitchController : <<<<<<< 's_ramp_up_1' active >>>>>>>
2025-04-07 10:45:31,806 : INFO : EventManager : Event: ======'sw_playfield_active'====== Args={}
2025-04-07 10:45:31,806 : INFO : EventManager : Event: ======'machine_var_audits_switches_s_ramp_up_1'====== Args={'value': 100, 'prev_value': 99, 'change': 1}
2025-04-07 10:45:31,806 : INFO : SwitchController : <<<<<<< 's_ramp_up_1' inactive >>>>>>>
2025-04-07 10:45:31,806 : INFO : EventManager : Event: ======'playfield_active'====== Args={'source': None}
2025-04-07 10:45:31,822 : INFO : SwitchController : <<<<<<< 's_ramp_up_1' active >>>>>>>
2025-04-07 10:45:31,822 : INFO : EventManager : Event: ======'sw_playfield_active'====== Args={}
2025-04-07 10:45:31,822 : INFO : EventManager : Event: ======'machine_var_audits_switches_s_ramp_up_1'====== Args={'value': 101, 'prev_value': 100, 'change': 1}
2025-04-07 10:45:31,822 : INFO : EventManager : Event: ======'playfield_active'====== Args={'source': None}
2025-04-07 10:45:32,079 : INFO : SwitchController : <<<<<<< 's_ball_lock_1' inactive >>>>>>>
2025-04-07 10:45:32,660 : INFO : SwitchController : <<<<<<< 's_shooter_lane' inactive >>>>>>>
2025-04-07 10:45:32,662 : INFO : ball_device.bd_shooter_lane : State: ball_left
2025-04-07 10:45:32,662 : INFO : ball_device.bd_shooter_lane : Ball left
2025-04-07 10:45:32,664 : INFO : ball_device.bd_shooter_lane : Wait for confirm with timeout 5.0
2025-04-07 10:45:34,818 : INFO : SwitchController : <<<<<<< 's_ball_lock_2' active >>>>>>>
2025-04-07 10:45:34,818 : INFO : EventManager : Event: ======'machine_var_audits_switches_s_ball_lock_2'====== Args={'value': 47, 'prev_value': 46, 'change': 1}
2025-04-07 10:45:34,929 : INFO : SwitchController : <<<<<<< 's_ball_lock_2' inactive >>>>>>>
2025-04-07 10:45:34,945 : INFO : SwitchController : <<<<<<< 's_ball_lock_2' active >>>>>>>
2025-04-07 10:45:34,945 : INFO : EventManager : Event: ======'machine_var_audits_switches_s_ball_lock_2'====== Args={'value': 48, 'prev_value': 47, 'change': 1}
2025-04-07 10:45:34,961 : INFO : SwitchController : <<<<<<< 's_ball_lock_2' inactive >>>>>>>
2025-04-07 10:45:34,993 : INFO : SwitchController : <<<<<<< 's_ball_lock_3' active >>>>>>>
2025-04-07 10:45:34,993 : INFO : EventManager : Event: ======'machine_var_audits_switches_s_ball_lock_3'====== Args={'value': 43, 'prev_value': 42, 'change': 1}
2025-04-07 10:45:35,056 : INFO : SwitchController : <<<<<<< 's_ball_lock_3' inactive >>>>>>>
2025-04-07 10:45:37,073 : INFO : SwitchController : <<<<<<< 's_trough_2' active >>>>>>>
2025-04-07 10:45:37,073 : INFO : EventManager : Event: ======'machine_var_audits_switches_s_trough_2'====== Args={'value': 55, 'prev_value': 54, 'change': 1}
2025-04-07 10:45:37,120 : INFO : SwitchController : <<<<<<< 's_trough_2' inactive >>>>>>>
2025-04-07 10:45:37,184 : INFO : SwitchController : <<<<<<< 's_trough_3' active >>>>>>>
2025-04-07 10:45:37,184 : INFO : EventManager : Event: ======'machine_var_audits_switches_s_trough_3'====== Args={'value': 58, 'prev_value': 57, 'change': 1}
2025-04-07 10:45:37,232 : INFO : SwitchController : <<<<<<< 's_trough_3' inactive >>>>>>>
2025-04-07 10:45:37,280 : INFO : SwitchController : <<<<<<< 's_trough_4' active >>>>>>>
2025-04-07 10:45:37,280 : INFO : EventManager : Event: ======'machine_var_audits_switches_s_trough_4'====== Args={'value': 46, 'prev_value': 45, 'change': 1}
2025-04-07 10:45:37,312 : INFO : SwitchController : <<<<<<< 's_trough_4' inactive >>>>>>>
2025-04-07 10:45:37,360 : INFO : SwitchController : <<<<<<< 's_trough_5' active >>>>>>>
2025-04-07 10:45:37,360 : INFO : EventManager : Event: ======'machine_var_audits_switches_s_trough_5'====== Args={'value': 42, 'prev_value': 41, 'change': 1}
2025-04-07 10:45:37,392 : INFO : SwitchController : <<<<<<< 's_trough_5' inactive >>>>>>>
2025-04-07 10:45:37,424 : INFO : SwitchController : <<<<<<< 's_trough_6' active >>>>>>>
2025-04-07 10:45:37,424 : INFO : EventManager : Event: ======'machine_var_audits_switches_s_trough_6'====== Args={'value': 62, 'prev_value': 61, 'change': 1}
2025-04-07 10:45:37,456 : INFO : SwitchController : <<<<<<< 's_trough_6' inactive >>>>>>>
2025-04-07 10:45:37,488 : INFO : SwitchController : <<<<<<< 's_trough_7' active >>>>>>>
2025-04-07 10:45:37,488 : INFO : EventManager : Event: ======'machine_var_audits_switches_s_trough_7'====== Args={'value': 119, 'prev_value': 118, 'change': 1}
2025-04-07 10:45:37,521 : INFO : SwitchController : <<<<<<< 's_trough_7' inactive >>>>>>>
2025-04-07 10:45:37,583 : INFO : EventManager : Event: ======'balldevice_bd_ball_lock_ball_count_changed'====== Args={'balls': 0}
2025-04-07 10:45:37,583 : WARNING : ball_device.bd_ball_lock : Ball disappeared while idle. This should not normally happen.
2025-04-07 10:45:37,583 : INFO : EventManager : Event: ======'balldevice_playfield_ball_enter'====== Args={'new_balls': 1, 'unclaimed_balls': 1, 'device': <playfield.playfield>}
2025-04-07 10:45:37,583 : INFO : EventManager : Event: ======'playfield_ball_count_change'====== Args={'balls': 1, 'change': 1}
2025-04-07 10:45:37,583 : INFO : ball_device.bd_ball_lock : 1 ball(s) missing from device. Mechanical eject? False
2025-04-07 10:45:37,583 : INFO : EventManager : Event: ======'balldevice_bd_ball_lock_ball_missing'====== Args={'balls': 1}
2025-04-07 10:45:37,583 : INFO : EventManager : Event: ======'balldevice_ball_missing'====== Args={'balls': 1, 'name': 'bd_ball_lock'}
2025-04-07 10:45:37,631 : INFO : SwitchController : <<<<<<< 's_trough_7' active >>>>>>>
2025-04-07 10:45:37,631 : INFO : EventManager : Event: ======'machine_var_audits_switches_s_trough_7'====== Args={'value': 120, 'prev_value': 119, 'change': 1}
2025-04-07 10:45:37,662 : INFO : ball_device.bd_shooter_lane : State: failed_confirm
2025-04-07 10:45:37,662 : INFO : ball_device.bd_shooter_lane : Got timeout (5.0s) before confirm from <playfield.playfield>
2025-04-07 10:45:37,758 : INFO : ball_device.bd_shooter_lane : Confirming eject because target is playfield and ball did not return.
2025-04-07 10:45:37,758 : INFO : ball_device.bd_shooter_lane : Eject successful
2025-04-07 10:45:37,758 : INFO : EventManager : Event: ======'balldevice_bd_shooter_lane_ball_eject_success'====== Args={'balls': 1, 'target': <playfield.playfield>}
2025-04-07 10:45:37,758 : INFO : EventManager : Event: ======'ball_save_ball_save_timer_start'====== Args={}
2025-04-07 10:45:37,758 : INFO : EventManager : Event: ======'balldevice_playfield_ball_enter'====== Args={'new_balls': 1, 'unclaimed_balls': 1, 'device': <playfield.playfield>}
2025-04-07 10:45:37,758 : INFO : EventManager : Event: ======'playfield_ball_count_change'====== Args={'balls': 2, 'change': 1}
2025-04-07 10:45:37,760 : INFO : EventManager : Event: ======'balldevice_bd_shooter_lane_ball_count_changed'====== Args={'balls': 0}
2025-04-07 10:45:37,760 : INFO : ball_device.bd_shooter_lane : State: idle
2025-04-07 10:45:38,127 : INFO : EventManager : Event: ======'balldevice_bd_trough_ball_count_changed'====== Args={'balls': 2}
2025-04-07 10:45:38,127 : INFO : ball_device.bd_trough : Received unexpected ball
2025-04-07 10:45:38,127 : INFO : EventManager : Event: ======'balldevice_captured_from_playfield'====== Args={'balls': 1}
2025-04-07 10:45:38,127 : INFO : EventManager : Event: ======'sw_playfield_active'====== Args={'balls': 1}
2025-04-07 10:45:38,127 : INFO : EventManager : Event: ======'playfield_ball_count_change'====== Args={'balls': 1, 'change': -1}
2025-04-07 10:45:38,129 : INFO : EventManager : Event: ======'balldevice_bd_trough_ball_enter'====== Args={'new_balls': 1, 'unclaimed_balls': 1, 'new_available_balls': 1, 'device': <ball_device.bd_trough>}
2025-04-07 10:45:38,129 : INFO : EventManager : Event: ======'ball_drain'====== Args={'device': <ball_device.bd_trough>, 'balls': 1}
2025-04-07 10:45:38,129 : INFO : EventManager : Event: ======'ball_save_ball_save_saving_ball'====== Args={'balls': 1, 'early_save': False}
2025-04-07 10:45:38,129 : INFO : ball_device.bd_shooter_lane : Setting up player-controlled eject. Balls: 1, Target: <playfield.playfield>, player_controlled_eject_event: None
2025-04-07 10:45:38,129 : INFO : EventManager : Event: ======'balldevice_balls_available'====== Args={}
2025-04-07 10:45:38,129 : INFO : EventManager : Event: ======'ball_save_ball_save_disabled'====== Args={}
2025-04-07 10:45:38,129 : INFO : EventManager : Event: ======'balldevice_balls_available'====== Args={}
2025-04-07 10:45:38,131 : INFO : EventManager : Event: ======'balldevice_bd_trough_ball_entered'====== Args={'new_balls': 1, 'device': <ball_device.bd_trough>}
2025-04-07 10:45:38,131 : INFO : ball_device.bd_trough : State: waiting_for_target_ready
2025-04-07 10:45:38,134 : INFO : EventManager : Event: ======'balldevice_bd_trough_ball_eject_attempt'====== Args={'balls': 1, 'target': <ball_device.bd_shooter_lane>, 'source': <ball_device.bd_trough>, 'mechanical_eject': True, 'num_attempts': 0}
2025-04-07 10:45:38,134 : INFO : ball_device.bd_shooter_lane : State: waiting_for_ball
2025-04-07 10:45:38,134 : INFO : ball_device.bd_trough : State: ejecting
2025-04-07 10:45:38,134 : INFO : ball_device.bd_trough : Ejecting ball to <ball_device.bd_shooter_lane>
2025-04-07 10:45:38,134 : INFO : EventManager : Event: ======'balldevice_bd_trough_ejecting_ball'====== Args={'balls': 1, 'target': <ball_device.bd_shooter_lane>, 'source': <ball_device.bd_trough>, 'mechanical_eject': True, 'num_attempts': 0}
2025-04-07 10:45:38,134 : INFO : ball_device.bd_trough : Wait for ball to leave device
2025-04-07 10:45:38,134 : INFO : coil.c_trough : Pulsing Driver for 25ms (1.0 pulse_power)
2025-04-07 10:45:38,175 : INFO : SwitchController : <<<<<<< 's_trough_ball' inactive >>>>>>>
2025-04-07 10:45:38,175 : INFO : SwitchController : <<<<<<< 's_trough_ball' active >>>>>>>
2025-04-07 10:45:38,175 : INFO : EventManager : Event: ======'machine_var_audits_switches_s_trough_ball'====== Args={'value': 145, 'prev_value': 144, 'change': 1}
2025-04-07 10:45:38,175 : INFO : ball_device.bd_trough : State: ball_left
2025-04-07 10:45:38,177 : INFO : ball_device.bd_trough : Ball left
2025-04-07 10:45:38,177 : INFO : ball_device.bd_trough : Wait for confirm with timeout 3.0
2025-04-07 10:45:38,238 : INFO : SwitchController : <<<<<<< 's_trough_ball_jam' active >>>>>>>
2025-04-07 10:45:38,238 : INFO : EventManager : Event: ======'machine_var_audits_switches_s_trough_ball_jam'====== Args={'value': 151, 'prev_value': 150, 'change': 1}
2025-04-07 10:45:38,286 : INFO : SwitchController : <<<<<<< 's_trough_7' inactive >>>>>>>
2025-04-07 10:45:38,349 : INFO : SwitchController : <<<<<<< 's_trough_ball_jam' inactive >>>>>>>
2025-04-07 10:45:39,491 : INFO : SwitchController : <<<<<<< 's_trough_2' active >>>>>>>
2025-04-07 10:45:39,491 : INFO : EventManager : Event: ======'machine_var_audits_switches_s_trough_2'====== Args={'value': 56, 'prev_value': 55, 'change': 1}
2025-04-07 10:45:39,633 : INFO : SwitchController : <<<<<<< 's_trough_2' inactive >>>>>>>
2025-04-07 10:45:39,713 : INFO : SwitchController : <<<<<<< 's_trough_3' active >>>>>>>
2025-04-07 10:45:39,713 : INFO : EventManager : Event: ======'machine_var_audits_switches_s_trough_3'====== Args={'value': 59, 'prev_value': 58, 'change': 1}
2025-04-07 10:45:39,777 : INFO : SwitchController : <<<<<<< 's_trough_3' inactive >>>>>>>
2025-04-07 10:45:39,825 : INFO : SwitchController : <<<<<<< 's_trough_4' active >>>>>>>
2025-04-07 10:45:39,825 : INFO : EventManager : Event: ======'machine_var_audits_switches_s_trough_4'====== Args={'value': 47, 'prev_value': 46, 'change': 1}
2025-04-07 10:45:39,873 : INFO : SwitchController : <<<<<<< 's_trough_4' inactive >>>>>>>
2025-04-07 10:45:39,921 : INFO : SwitchController : <<<<<<< 's_trough_5' active >>>>>>>
2025-04-07 10:45:39,921 : INFO : EventManager : Event: ======'machine_var_audits_switches_s_trough_5'====== Args={'value': 43, 'prev_value': 42, 'change': 1}
2025-04-07 10:45:39,953 : INFO : SwitchController : <<<<<<< 's_trough_5' inactive >>>>>>>
2025-04-07 10:45:39,985 : INFO : SwitchController : <<<<<<< 's_trough_6' active >>>>>>>
2025-04-07 10:45:39,985 : INFO : EventManager : Event: ======'machine_var_audits_switches_s_trough_6'====== Args={'value': 63, 'prev_value': 62, 'change': 1}
2025-04-07 10:45:40,017 : INFO : SwitchController : <<<<<<< 's_trough_6' inactive >>>>>>>
2025-04-07 10:45:40,065 : INFO : SwitchController : <<<<<<< 's_trough_7' active >>>>>>>
2025-04-07 10:45:40,065 : INFO : EventManager : Event: ======'machine_var_audits_switches_s_trough_7'====== Args={'value': 121, 'prev_value': 120, 'change': 1}
2025-04-07 10:45:40,096 : INFO : SwitchController : <<<<<<< 's_trough_7' inactive >>>>>>>
2025-04-07 10:45:40,192 : INFO : SwitchController : <<<<<<< 's_trough_7' active >>>>>>>
2025-04-07 10:45:40,192 : INFO : EventManager : Event: ======'machine_var_audits_switches_s_trough_7'====== Args={'value': 122, 'prev_value': 121, 'change': 1}
2025-04-07 10:45:41,153 : INFO : ball_device.bd_trough : State: failed_confirm
2025-04-07 10:45:41,153 : INFO : ball_device.bd_trough : Got timeout (3.0s) before confirm from <ball_device.bd_shooter_lane>
2025-04-07 10:45:41,153 : INFO : ball_device.bd_shooter_lane : Expecting incoming ball which may skip the device.
2025-04-07 10:45:41,153 : INFO : EventManager : Event: ======'balldevice_bd_shooter_lane_ejecting_ball'====== Args={'balls': 1, 'target': <playfield.playfield>, 'source': <ball_device.bd_shooter_lane>, 'mechanical_eject': False, 'num_attempts': 1}
2025-04-07 10:45:41,153 : INFO : ball_device.bd_trough : Got unknown balls. Assuming a ball returned.
2025-04-07 10:45:41,153 : INFO : EventManager : Event: ======'balldevice_bd_trough_ball_eject_failed'====== Args={'target': <ball_device.bd_shooter_lane>, 'balls': 1, 'retry': True, 'num_attempts': 1}
2025-04-07 10:45:41,155 : INFO : EventManager : Event: ======'balldevice_bd_shooter_lane_ball_eject_failed'====== Args={'target': <playfield.playfield>, 'balls': 1, 'retry': True, 'num_attempts': 1}
2025-04-07 10:45:41,155 : INFO : ball_device.bd_trough : State: waiting_for_target_ready
2025-04-07 10:45:41,155 : INFO : EventManager : Event: ======'balldevice_bd_trough_ball_eject_attempt'====== Args={'balls': 1, 'target': <ball_device.bd_shooter_lane>, 'source': <ball_device.bd_trough>, 'mechanical_eject': True, 'num_attempts': 1}
2025-04-07 10:45:41,155 : INFO : ball_device.bd_shooter_lane : No longer expecting incoming ball which may skip the device.
2025-04-07 10:45:41,155 : INFO : ball_device.bd_trough : State: ejecting
2025-04-07 10:45:41,155 : INFO : ball_device.bd_trough : Ejecting ball to <ball_device.bd_shooter_lane>
2025-04-07 10:45:41,155 : INFO : EventManager : Event: ======'balldevice_bd_trough_ejecting_ball'====== Args={'balls': 1, 'target': <ball_device.bd_shooter_lane>, 'source': <ball_device.bd_trough>, 'mechanical_eject': True, 'num_attempts': 1}
2025-04-07 10:45:41,155 : INFO : ball_device.bd_shooter_lane : State: waiting_for_ball
2025-04-07 10:45:41,155 : INFO : ball_device.bd_trough : Wait for ball to leave device
2025-04-07 10:45:41,157 : INFO : coil.c_trough : Pulsing Driver for 25ms (1.0 pulse_power)
2025-04-07 10:45:41,185 : INFO : SwitchController : <<<<<<< 's_trough_ball' inactive >>>>>>>
2025-04-07 10:45:41,185 : INFO : ball_device.bd_trough : State: ball_left
2025-04-07 10:45:41,185 : INFO : ball_device.bd_trough : Ball left
2025-04-07 10:45:41,187 : INFO : ball_device.bd_trough : Wait for confirm with timeout 3.0
2025-04-07 10:45:41,201 : INFO : SwitchController : <<<<<<< 's_trough_ball' active >>>>>>>
2025-04-07 10:45:41,201 : INFO : EventManager : Event: ======'machine_var_audits_switches_s_trough_ball'====== Args={'value': 146, 'prev_value': 145, 'change': 1}
2025-04-07 10:45:41,265 : INFO : SwitchController : <<<<<<< 's_trough_ball_jam' active >>>>>>>
2025-04-07 10:45:41,265 : INFO : EventManager : Event: ======'machine_var_audits_switches_s_trough_ball_jam'====== Args={'value': 152, 'prev_value': 151, 'change': 1}
2025-04-07 10:45:41,313 : INFO : SwitchController : <<<<<<< 's_trough_7' inactive >>>>>>>
2025-04-07 10:45:41,377 : INFO : SwitchController : <<<<<<< 's_trough_ball_jam' inactive >>>>>>>
2025-04-07 10:45:41,906 : INFO : SwitchController : <<<<<<< 's_shooter_lane' active >>>>>>>
2025-04-07 10:45:41,906 : INFO : EventManager : Event: ======'machine_var_audits_switches_s_shooter_lane'====== Args={'value': 124, 'prev_value': 123, 'change': 1}
2025-04-07 10:45:42,019 : INFO : SwitchController : <<<<<<< 's_shooter_lane' inactive >>>>>>>
2025-04-07 10:45:44,184 : INFO : ball_device.bd_trough : State: failed_confirm
2025-04-07 10:45:44,184 : INFO : ball_device.bd_trough : Got timeout (3.0s) before confirm from <ball_device.bd_shooter_lane>
2025-04-07 10:45:44,187 : INFO : ball_device.bd_shooter_lane : Expecting incoming ball which may skip the device.
2025-04-07 10:45:44,187 : INFO : EventManager : Event: ======'balldevice_bd_shooter_lane_ejecting_ball'====== Args={'balls': 1, 'target': <playfield.playfield>, 'source': <ball_device.bd_shooter_lane>, 'mechanical_eject': False, 'num_attempts': 1}
2025-04-07 10:45:46,666 : INFO : Machine : Shutting down...
2025-04-07 10:45:46,666 : INFO : EventManager : Event: ======'shutdown'====== Args={}
2025-04-07 10:45:46,666 : INFO : EventManager : Event: ======'mode_game_will_stop'====== Args={}
2025-04-07 10:45:46,666 : INFO : EventManager : Event: ======'mode_game_stopping'====== Args={}
2025-04-07 10:45:46,670 : INFO : EventManager : Event: ======'mode_base_will_stop'====== Args={}
2025-04-07 10:45:46,670 : INFO : EventManager : Event: ======'mode_base_stopping'====== Args={}
2025-04-07 10:45:46,670 : INFO : Mode.base : Stopped.
2025-04-07 10:45:46,670 : INFO : EventManager : Event: ======'modes_active_modes_changed'====== Args={}
2025-04-07 10:45:46,670 : INFO : EventManager : Event: ======'mode_base_stopped'====== Args={}
2025-04-07 10:45:46,670 : INFO : EventManager : Event: ======'clear'====== Args={'key': 'base'}
2025-04-07 10:45:46,670 : INFO : Timer.mode_timer : Stopping Timer
2025-04-07 10:45:46,670 : INFO : EventManager : Event: ======'timer_mode_timer_stopped'====== Args={'ticks': 60, 'ticks_remaining': 0}
2025-04-07 10:45:46,671 : INFO : Mode.game : Stopped.
2025-04-07 10:45:46,671 : INFO : EventManager : Event: ======'modes_active_modes_changed'====== Args={}
2025-04-07 10:45:46,671 : INFO : EventManager : Event: ======'mode_game_stopped'====== Args={}
2025-04-07 10:45:46,671 : INFO : EventManager : Event: ======'clear'====== Args={'key': 'game'}
2025-04-07 10:45:46,771 : INFO : root : MPF run loop ended.
