2025-04-13 21:58:29,136 : INFO : root : Loading config.
2025-04-13 21:58:29,141 : INFO : YamlMultifileConfigLoader : Machine config file #1: config.yaml
2025-04-13 21:58:29,141 : INFO : ConfigProcessor : Loading config from cache: C:\Users\homebrew\AppData\Local\Temp\1ab83842b7c8ed7e1902272067ddcd2b.mpf_cache
2025-04-13 21:58:29,299 : INFO : ConfigProcessor : Loading config from cache: C:\Users\homebrew\AppData\Local\Temp\163fd46608d3c9469758c6512b5a030d.mpf_cache
2025-04-13 21:58:29,300 : INFO : ConfigProcessor : Loading config from cache: C:\Users\homebrew\AppData\Local\Temp\93e42568b1004e720dbdafbb285adaaa.mpf_cache
2025-04-13 21:58:29,302 : INFO : ConfigProcessor : Loading config from cache: C:\Users\homebrew\AppData\Local\Temp\5ffb3999d6de3e1d452090655c82bf2a.mpf_cache
2025-04-13 21:58:29,304 : INFO : ConfigProcessor : Loading config from cache: C:\Users\homebrew\AppData\Local\Temp\163fd46608d3c9469758c6512b5a030d.mpf_cache
2025-04-13 21:58:29,305 : INFO : ConfigProcessor : Loading config from cache: C:\Users\homebrew\AppData\Local\Temp\93e42568b1004e720dbdafbb285adaaa.mpf_cache
2025-04-13 21:58:29,308 : INFO : ConfigProcessor : Loading config from cache: C:\Users\homebrew\AppData\Local\Temp\8c668df6a84f4edcfda2189b877084c6.mpf_cache
2025-04-13 21:58:29,309 : INFO : ConfigProcessor : Loading config from cache: C:\Users\homebrew\AppData\Local\Temp\81d0f34cbd4c6d61cd4dad95e5100b6a.mpf_cache
2025-04-13 21:58:29,310 : INFO : ConfigProcessor : Loading config from cache: C:\Users\homebrew\AppData\Local\Temp\a714899e94406dd1f47e6e9bddbe0fef.mpf_cache
2025-04-13 21:58:29,311 : INFO : ConfigProcessor : Loading config from cache: C:\Users\homebrew\AppData\Local\Temp\fda2b21e4ff4c8a0b48d4f712bf7675f.mpf_cache
2025-04-13 21:58:29,312 : INFO : ConfigProcessor : Loading config from cache: C:\Users\homebrew\AppData\Local\Temp\9cbbeec60769b6bc8d00b63a89255fac.mpf_cache
2025-04-13 21:58:29,313 : INFO : ConfigProcessor : Loading config from cache: C:\Users\homebrew\AppData\Local\Temp\49c1bb27bb76c6488cf72d0e1887aaaa.mpf_cache
2025-04-13 21:58:29,313 : INFO : ConfigProcessor : Loading config from cache: C:\Users\homebrew\AppData\Local\Temp\eb740da6f3772dcfe6d89e142f4972f9.mpf_cache
2025-04-13 21:58:29,314 : INFO : ConfigProcessor : Loading config from cache: C:\Users\homebrew\AppData\Local\Temp\8e53cff45209557b74353625b1fb9c7d.mpf_cache
2025-04-13 21:58:29,315 : INFO : ConfigProcessor : Loading config from cache: C:\Users\homebrew\AppData\Local\Temp\75ead186cfb0eee4579e59d5d273b950.mpf_cache
2025-04-13 21:58:29,316 : INFO : ConfigProcessor : Loading config from cache: C:\Users\homebrew\AppData\Local\Temp\46ee3106793b7c66df6b24732de735de.mpf_cache
2025-04-13 21:58:29,316 : INFO : ConfigProcessor : Loading config from cache: C:\Users\homebrew\AppData\Local\Temp\a6f0737b5bca2a955dd9d538ee17b581.mpf_cache
2025-04-13 21:58:29,319 : INFO : ConfigProcessor : Loading config from cache: C:\Users\homebrew\AppData\Local\Temp\72ccc58689b118af298151666e9c5198.mpf_cache
2025-04-13 21:58:29,321 : INFO : ConfigProcessor : Loading config from cache: C:\Users\homebrew\AppData\Local\Temp\082c9c49689a7facf0c58e67d77b7f58.mpf_cache
2025-04-13 21:58:29,324 : INFO : Machine : Mission Pinball Framework Core Engine v0.80.0.dev4
2025-04-13 21:58:29,324 : INFO : Machine : Command line arguments: {'no_load_cache': False, 'create_config_cache': True, 'bcp': True, 'configfile': ['config.yaml'], 'force_assets_load': False, 'platform_integration_test': False, 'jsonlogging': False, 'logfile': 'logs\\2025-04-13-21-58-29-mpf-mpf.log', 'pause': False, 'production': False, 'text_ui': False, 'loglevel': 15, 'consoleloglevel': 20, 'force_platform': None, 'syslog_address': None, 'mc_file_name': None, 'no_sound': False, 'full_logfile_path': 'C:\\Users\\homebrew\\Documents\\GitHub\\Thing_Pinball\\logs\\2025-04-13-21-58-29-mpf-mpf.log'}
2025-04-13 21:58:29,325 : INFO : Machine : MPF path: C:\Users\homebrew\AppData\Local\Programs\Python\Python312\Lib\site-packages\mpf
2025-04-13 21:58:29,325 : INFO : Machine : Machine path: C:\Users\homebrew\Documents\GitHub\Thing_Pinball
2025-04-13 21:58:29,325 : INFO : Machine : Platform: win32
2025-04-13 21:58:29,325 : INFO : Machine : Python executable location: C:\Users\homebrew\AppData\Local\Programs\Python\Python312\python.exe
2025-04-13 21:58:29,325 : INFO : Machine : Python version: 3.12.3 (64-bit)
2025-04-13 21:58:29,328 : INFO : Machine : Initializing MPF...
2025-04-13 21:58:29,500 : INFO : FAST [NET] : Trying to connect to com4 at 921600bps
2025-04-13 21:58:29,506 : INFO : FAST [NET] : Connected to com4 at 921600bps
2025-04-13 21:58:29,520 : INFO : FAST [NET] : Connected to FP-CPU-2000 with firmware v02.21
2025-04-13 21:58:29,551 : INFO : FAST [NET] : Registered I/O Board 0: Model: FP-I/O-0024, Firmware: 01.10, Switches: 24, Drivers: 8
2025-04-13 21:58:29,566 : INFO : FAST [NET] : Registered I/O Board 1: Model: FP-I/O-3208, Firmware: 01.10, Switches: 32, Drivers: 8
2025-04-13 21:58:29,581 : INFO : FAST [NET] : Registered I/O Board 2: Model: FP-I/O-0804, Firmware: 01.10, Switches: 8, Drivers: 4
2025-04-13 21:58:29,605 : INFO : FAST [NET] : Registered I/O Board 3: Model: FP-I/O-0804, Firmware: 01.10, Switches: 8, Drivers: 4
2025-04-13 21:58:29,607 : INFO : EventManager : Event: ======'machine_var_credits_string'====== Args={'value': 'FREE PLAY', 'prev_value': None, 'change': True}
2025-04-13 21:58:29,671 : INFO : EventManager : Event: ======'machine_var_game_mode_ball_lock_complete'====== Args={'value': 0, 'prev_value': None, 'change': True}
2025-04-13 21:58:29,671 : INFO : EventManager : Event: ======'machine_var_game_mode_blood_test_complete'====== Args={'value': 0, 'prev_value': None, 'change': True}
2025-04-13 21:58:29,671 : INFO : EventManager : Event: ======'machine_var_game_mode_discovery_complete'====== Args={'value': 0, 'prev_value': None, 'change': True}
2025-04-13 21:58:29,671 : INFO : EventManager : Event: ======'machine_var_game_mode_dog_hunt_complete'====== Args={'value': 1, 'prev_value': None, 'change': True}
2025-04-13 21:58:29,671 : INFO : EventManager : Event: ======'machine_var_game_mode_infected_complete'====== Args={'value': 0, 'prev_value': None, 'change': True}
2025-04-13 21:58:29,671 : INFO : EventManager : Event: ======'machine_var_game_mode_multiball_complete'====== Args={'value': 0, 'prev_value': None, 'change': True}
2025-04-13 21:58:29,671 : INFO : EventManager : Event: ======'machine_var_game_mode_spider_head_complete'====== Args={'value': 0, 'prev_value': None, 'change': True}
2025-04-13 21:58:29,672 : INFO : EventManager : Event: ======'machine_var_game_mode_wizard_complete'====== Args={'value': 0, 'prev_value': None, 'change': True}
2025-04-13 21:58:29,672 : INFO : EventManager : Event: ======'machine_var_master_volume'====== Args={'value': 0.5, 'prev_value': None, 'change': True}
2025-04-13 21:58:29,672 : INFO : EventManager : Event: ======'machine_var_qualified_mode'====== Args={'value': 'None', 'prev_value': None, 'change': True}
2025-04-13 21:58:29,672 : INFO : EventManager : Event: ======'machine_var_mpf_version'====== Args={'value': 'Mission Pinball Framework v0.80.0.dev4', 'prev_value': None, 'change': True}
2025-04-13 21:58:29,672 : INFO : EventManager : Event: ======'machine_var_mpf_extended_version'====== Args={'value': 'Mission Pinball Framework v0.80.0.dev4, Config version:6, Show version: 6, BCP version:1.1', 'prev_value': None, 'change': True}
2025-04-13 21:58:29,672 : INFO : EventManager : Event: ======'machine_var_python_version'====== Args={'value': '3.12.3', 'prev_value': None, 'change': True}
2025-04-13 21:58:29,946 : INFO : EventManager : Event: ======'machine_var_platform'====== Args={'value': 'Windows-11-10.0.26100-SP0', 'prev_value': None, 'change': True}
2025-04-13 21:58:29,946 : INFO : EventManager : Event: ======'machine_var_platform_system'====== Args={'value': 'Windows', 'prev_value': None, 'change': True}
2025-04-13 21:58:29,946 : INFO : EventManager : Event: ======'machine_var_platform_release'====== Args={'value': '11', 'prev_value': None, 'change': True}
2025-04-13 21:58:29,946 : INFO : EventManager : Event: ======'machine_var_platform_version'====== Args={'value': '10.0.26100', 'prev_value': None, 'change': True}
2025-04-13 21:58:29,946 : INFO : EventManager : Event: ======'machine_var_platform_machine'====== Args={'value': 'AMD64', 'prev_value': None, 'change': True}
2025-04-13 21:58:29,946 : INFO : EventManager : Event: ======'machine_var_log_file_path'====== Args={'value': 'C:\\Users\\homebrew\\Documents\\GitHub\\Thing_Pinball\\logs\\2025-04-13-21-58-29-mpf-mpf.log', 'prev_value': None, 'change': True}
2025-04-13 21:58:29,946 : INFO : EventManager : Event: ======'init_phase_1'====== Args={}
2025-04-13 21:58:30,042 : WARNING : ConfigValidator : Unrecognized config setting. "fast_coils:c_diverter:pwm_on_ms" is not a valid setting name.
2025-04-13 21:58:30,043 : WARNING : ConfigValidator : Unrecognized config setting. "fast_coils:c_diverter:pwm_off_ms" is not a valid setting name.
2025-04-13 21:58:30,043 : WARNING : ConfigValidator : Unrecognized config setting. "fast_coils:c_up_post:pwm_on_ms" is not a valid setting name.
2025-04-13 21:58:30,043 : WARNING : ConfigValidator : Unrecognized config setting. "fast_coils:c_up_post:pwm_off_ms" is not a valid setting name.
2025-04-13 21:58:30,050 : WARNING : ConfigValidator : Unrecognized config setting. "ball_holds:mode_vuk_hold:auto_release_after" is not a valid setting name.
2025-04-13 21:58:30,051 : WARNING : ConfigValidator : Unrecognized config setting. "timed_switches:mode_vuk_delayed_eject:state_when_released" is not a valid setting name.
2025-04-13 21:58:30,052 : WARNING : ConfigValidator : Unrecognized config setting. "mode:ball_lock:multiball_locks:ball_lock:full_event" is not a valid setting name.
2025-04-13 21:58:30,053 : WARNING : ConfigValidator : Unrecognized config setting. "mode:ball_lock:multiball_locks:ball_lock:replace_balls_in_play" is not a valid setting name.
2025-04-13 21:58:30,054 : WARNING : ConfigValidator : Unrecognized config setting. "mode:blood_test:timers:blood_test_timer:events_when_complete" is not a valid setting name.
2025-04-13 21:58:30,054 : WARNING : ConfigValidator : Unrecognized config setting. "mode:multiball:timers:multiball_jackpot_timer:events_when_complete" is not a valid setting name.
2025-04-13 21:58:30,055 : WARNING : ConfigValidator : Unrecognized config setting. "mode:multiball:timers:right_ramp_validity_timer:events_when_complete" is not a valid setting name.
2025-04-13 21:58:30,055 : WARNING : ConfigValidator : Unrecognized config setting. "mode:base:timers:mode_timer:events_when_complete" is not a valid setting name.
2025-04-13 21:58:30,055 : WARNING : ConfigValidator : Unrecognized config setting. "mode:wizard:timers:wizard_timer:events_when_complete" is not a valid setting name.
2025-04-13 21:58:30,056 : WARNING : ConfigValidator : Unrecognized config setting. "mode:spider_head:timers:spider_head_timer:events_when_complete" is not a valid setting name.
2025-04-13 21:58:30,056 : WARNING : ConfigValidator : Unrecognized config setting. "mode:dog_hunt:timers:dog_hunt_timer:events_when_complete" is not a valid setting name.
2025-04-13 21:58:30,056 : WARNING : ConfigValidator : Unrecognized config setting. "mode:discovery:timers:discovery_timer:events_when_complete" is not a valid setting name.
2025-04-13 21:58:30,057 : WARNING : ConfigValidator : Unrecognized config setting. "mode:infected:timers:infected_timer:events_when_complete" is not a valid setting name.
2025-04-13 21:58:30,064 : INFO : EventManager : Event: ======'drop_target_bank_vuk_bank_up'====== Args={}
2025-04-13 21:58:30,065 : INFO : EventManager : Event: ======'logicblock_spinner_value_updated'====== Args={'value': 0, 'enabled': False}
2025-04-13 21:58:30,065 : INFO : EventManager : Event: ======'logicblock_newton_hit_counter_updated'====== Args={'value': 0, 'enabled': False}
2025-04-13 21:58:30,065 : INFO : EventManager : Event: ======'logicblock_diverter_pattern_updated'====== Args={'value': 0, 'enabled': False}
2025-04-13 21:58:30,065 : INFO : EventManager : Event: ======'logicblock_blood_target_counter_updated'====== Args={'value': 0, 'enabled': False}
2025-04-13 21:58:32,560 : WARNING : Machine : Iterating device collections directly is deprecated and will be removed. Access by value(): device_collections[switches] -> device_collections['switches'].values()
2025-04-13 21:58:32,560 : INFO : SwitchController : <<<<<<< 's_trough_6' active >>>>>>>
2025-04-13 21:58:32,560 : INFO : SwitchController : <<<<<<< 's_trough_7' active >>>>>>>
2025-04-13 21:58:32,560 : INFO : SwitchController : <<<<<<< 's_trough_ball' active >>>>>>>
2025-04-13 21:58:32,560 : INFO : SwitchController : <<<<<<< 's_ramp_up_1' active >>>>>>>
2025-04-13 21:58:32,560 : INFO : SwitchController : <<<<<<< 's_newton_opto_made' active >>>>>>>
2025-04-13 21:58:32,560 : INFO : SwitchController : <<<<<<< 's_start_button' active >>>>>>>
2025-04-13 21:58:32,561 : WARNING : ConfigValidator : Unrecognized config setting. "coil_player:enable_ms" is not a valid setting name.
2025-04-13 21:58:32,561 : WARNING : ConfigValidator : Unrecognized config setting. "coil_player:enable_ms" is not a valid setting name.
2025-04-13 21:58:32,565 : INFO : EventManager : Event: ======'init_phase_2'====== Args={}
2025-04-13 21:58:32,565 : INFO : SwitchController : Found active switch: (37, [FAST Platform Interface]) <switch.s_trough_6>
2025-04-13 21:58:32,565 : INFO : SwitchController : Found active switch: (38, [FAST Platform Interface]) <switch.s_trough_7>
2025-04-13 21:58:32,565 : INFO : SwitchController : Found active switch: (51, [FAST Platform Interface]) <switch.s_trough_ball>
2025-04-13 21:58:32,565 : INFO : SwitchController : Found active switch: (40, [FAST Platform Interface]) <switch.s_ramp_up_1>
2025-04-13 21:58:32,565 : INFO : SwitchController : Found active switch: (45, [FAST Platform Interface]) <switch.s_newton_opto_made>
2025-04-13 21:58:32,565 : INFO : SwitchController : Found active switch: (10, [FAST Platform Interface]) <switch.s_start_button>
2025-04-13 21:58:32,573 : WARNING : ConfigValidator : Unrecognized config setting. "slide_player:widgets" is not a valid setting name.
2025-04-13 21:58:32,573 : WARNING : ConfigValidator : Unrecognized config setting. "slide_player:widgets" is not a valid setting name.
2025-04-13 21:58:32,573 : WARNING : ConfigValidator : Unrecognized config setting. "slide_player:widgets" is not a valid setting name.
2025-04-13 21:58:32,573 : WARNING : ConfigValidator : Unrecognized config setting. "slide_player:widgets" is not a valid setting name.
2025-04-13 21:58:32,573 : WARNING : ConfigValidator : Unrecognized config setting. "slide_player:widgets" is not a valid setting name.
2025-04-13 21:58:32,573 : WARNING : ConfigValidator : Unrecognized config setting. "slide_player:widgets" is not a valid setting name.
2025-04-13 21:58:32,573 : WARNING : ConfigValidator : Unrecognized config setting. "slide_player:widgets" is not a valid setting name.
2025-04-13 21:58:32,574 : WARNING : ConfigValidator : Unrecognized config setting. "slide_player:widgets" is not a valid setting name.
2025-04-13 21:58:32,574 : WARNING : ConfigValidator : Unrecognized config setting. "slide_player:widgets" is not a valid setting name.
2025-04-13 21:58:32,574 : WARNING : ConfigValidator : Unrecognized config setting. "slide_player:widgets" is not a valid setting name.
2025-04-13 21:58:32,574 : WARNING : ConfigValidator : Unrecognized config setting. "slide_player:widgets" is not a valid setting name.
2025-04-13 21:58:32,574 : WARNING : ConfigValidator : Unrecognized config setting. "slide_player:widgets" is not a valid setting name.
2025-04-13 21:58:32,574 : WARNING : ConfigValidator : Unrecognized config setting. "slide_player:widgets" is not a valid setting name.
2025-04-13 21:58:32,574 : WARNING : ConfigValidator : Unrecognized config setting. "slide_player:widgets" is not a valid setting name.
2025-04-13 21:58:32,574 : WARNING : ConfigValidator : Unrecognized config setting. "slide_player:widgets" is not a valid setting name.
2025-04-13 21:58:32,574 : WARNING : ConfigValidator : Unrecognized config setting. "slide_player:widgets" is not a valid setting name.
2025-04-13 21:58:32,574 : WARNING : ConfigValidator : Unrecognized config setting. "slide_player:widgets" is not a valid setting name.
2025-04-13 21:58:32,574 : WARNING : ConfigValidator : Unrecognized config setting. "slide_player:widgets" is not a valid setting name.
2025-04-13 21:58:32,574 : WARNING : ConfigValidator : Unrecognized config setting. "slide_player:widgets" is not a valid setting name.
2025-04-13 21:58:32,575 : WARNING : ConfigValidator : Unrecognized config setting. "slide_player:widgets" is not a valid setting name.
2025-04-13 21:58:32,575 : WARNING : ConfigValidator : Unrecognized config setting. "slide_player:widgets" is not a valid setting name.
2025-04-13 21:58:32,575 : WARNING : ConfigValidator : Unrecognized config setting. "slide_player:widgets" is not a valid setting name.
2025-04-13 21:58:32,575 : WARNING : ConfigValidator : Unrecognized config setting. "slide_player:widgets" is not a valid setting name.
2025-04-13 21:58:32,575 : WARNING : ConfigValidator : Unrecognized config setting. "slide_player:widgets" is not a valid setting name.
2025-04-13 21:58:32,576 : WARNING : ConfigValidator : Unrecognized config setting. "slide_player:widgets" is not a valid setting name.
2025-04-13 21:58:32,576 : WARNING : ConfigValidator : Unrecognized config setting. "slide_player:widgets" is not a valid setting name.
2025-04-13 21:58:32,576 : WARNING : ConfigValidator : Unrecognized config setting. "slide_player:widgets" is not a valid setting name.
2025-04-13 21:58:32,578 : WARNING : ConfigValidator : Unrecognized config setting. "high_score:events_when_complete" is not a valid setting name.
2025-04-13 21:58:32,578 : INFO : EventManager : Event: ======'machine_var_score1_label'====== Args={'value': 'GRAND CHAMPION', 'prev_value': None, 'change': True}
2025-04-13 21:58:32,578 : INFO : EventManager : Event: ======'machine_var_score1_name'====== Args={'value': 'THING', 'prev_value': None, 'change': True}
2025-04-13 21:58:32,578 : INFO : EventManager : Event: ======'machine_var_score1_value'====== Args={'value': 5000000, 'prev_value': None, 'change': True}
2025-04-13 21:58:32,578 : INFO : EventManager : Event: ======'machine_var_score2_label'====== Args={'value': 'HIGH SCORE 1', 'prev_value': None, 'change': True}
2025-04-13 21:58:32,578 : INFO : EventManager : Event: ======'machine_var_score2_name'====== Args={'value': 'MPF', 'prev_value': None, 'change': True}
2025-04-13 21:58:32,578 : INFO : EventManager : Event: ======'machine_var_score2_value'====== Args={'value': 4000000, 'prev_value': None, 'change': True}
2025-04-13 21:58:32,578 : INFO : EventManager : Event: ======'machine_var_score3_label'====== Args={'value': 'HIGH SCORE 2', 'prev_value': None, 'change': True}
2025-04-13 21:58:32,578 : INFO : EventManager : Event: ======'machine_var_score3_name'====== Args={'value': 'PINBALL', 'prev_value': None, 'change': True}
2025-04-13 21:58:32,578 : INFO : EventManager : Event: ======'machine_var_score3_value'====== Args={'value': 3000000, 'prev_value': None, 'change': True}
2025-04-13 21:58:32,578 : INFO : EventManager : Event: ======'machine_var_score4_label'====== Args={'value': 'HIGH SCORE 3', 'prev_value': None, 'change': True}
2025-04-13 21:58:32,578 : INFO : EventManager : Event: ======'machine_var_score4_name'====== Args={'value': 'WIZARD', 'prev_value': None, 'change': True}
2025-04-13 21:58:32,578 : INFO : EventManager : Event: ======'machine_var_score4_value'====== Args={'value': 2000000, 'prev_value': None, 'change': True}
2025-04-13 21:58:32,578 : INFO : EventManager : Event: ======'machine_var_score5_label'====== Args={'value': 'HIGH SCORE 4', 'prev_value': None, 'change': True}
2025-04-13 21:58:32,578 : INFO : EventManager : Event: ======'machine_var_score5_name'====== Args={'value': 'PLAYER', 'prev_value': None, 'change': True}
2025-04-13 21:58:32,578 : INFO : EventManager : Event: ======'machine_var_score5_value'====== Args={'value': 1000000, 'prev_value': None, 'change': True}
2025-04-13 21:58:32,579 : INFO : EventManager : Event: ======'bcp_connection_attempt'====== Args={'name': 'local_display', 'host': 'localhost', 'port': 5050}
2025-04-13 21:58:32,581 : INFO : BCPClientSocket : Connecting BCP to 'local_display' at localhost:5050...
2025-04-13 21:58:32,597 : INFO : BCPClientSocket : Connected BCP to 'local_display' localhost:5050
2025-04-13 21:58:32,597 : INFO : EventManager : Event: ======'bcp_clients_connected'====== Args={}
2025-04-13 21:58:33,057 : INFO : ball_device.bd_trough : BCH: Initial count: 3
2025-04-13 21:58:33,058 : INFO : ball_device.bd_trough : State: idle
2025-04-13 21:58:33,060 : INFO : ball_device.bd_shooter_lane : BCH: Initial count: 0
2025-04-13 21:58:33,061 : INFO : ball_device.bd_shooter_lane : State: idle
2025-04-13 21:58:33,062 : INFO : ball_device.bd_ball_lock : BCH: Initial count: 0
2025-04-13 21:58:33,062 : INFO : ball_device.bd_ball_lock : State: idle
2025-04-13 21:58:33,063 : INFO : ball_device.bd_mode : BCH: Initial count: 0
2025-04-13 21:58:33,064 : INFO : ball_device.bd_mode : State: idle
2025-04-13 21:58:33,096 : INFO : EventManager : Event: ======'init_phase_3'====== Args={}
2025-04-13 21:58:33,099 : WARNING : ConfigValidator : Unrecognized config setting. "slide_player:widgets" is not a valid setting name.
2025-04-13 21:58:33,099 : WARNING : ConfigValidator : Unrecognized config setting. "slide_player:widgets" is not a valid setting name.
2025-04-13 21:58:33,099 : WARNING : ConfigValidator : Unrecognized config setting. "slide_player:widgets" is not a valid setting name.
2025-04-13 21:58:33,099 : WARNING : ConfigValidator : Unrecognized config setting. "slide_player:widgets" is not a valid setting name.
2025-04-13 21:58:33,099 : WARNING : ConfigValidator : Unrecognized config setting. "slide_player:widgets" is not a valid setting name.
2025-04-13 21:58:33,099 : WARNING : ConfigValidator : Unrecognized config setting. "slide_player:widgets" is not a valid setting name.
2025-04-13 21:58:33,102 : INFO : EventManager : Event: ======'init_phase_4'====== Args={}
2025-04-13 21:58:33,103 : INFO : BallController : Initial balls found: 3
2025-04-13 21:58:33,106 : INFO : EventManager : Event: ======'machine_var_audits_events_game_ended'====== Args={'value': 0, 'prev_value': None, 'change': True}
2025-04-13 21:58:33,106 : INFO : EventManager : Event: ======'machine_var_audits_events_game_started'====== Args={'value': 542, 'prev_value': None, 'change': True}
2025-04-13 21:58:33,106 : INFO : EventManager : Event: ======'machine_var_audits_missing_switches_s_back_button'====== Args={'value': 106, 'prev_value': None, 'change': True}
2025-04-13 21:58:33,106 : INFO : EventManager : Event: ======'machine_var_audits_missing_switches_s_ball_lock_1'====== Args={'value': 5, 'prev_value': None, 'change': True}
2025-04-13 21:58:33,106 : INFO : EventManager : Event: ======'machine_var_audits_missing_switches_s_ball_lock_2'====== Args={'value': 5, 'prev_value': None, 'change': True}
2025-04-13 21:58:33,106 : INFO : EventManager : Event: ======'machine_var_audits_missing_switches_s_ball_lock_3'====== Args={'value': 5, 'prev_value': None, 'change': True}
2025-04-13 21:58:33,106 : INFO : EventManager : Event: ======'machine_var_audits_missing_switches_s_blood_target'====== Args={'value': 5, 'prev_value': None, 'change': True}
2025-04-13 21:58:33,106 : INFO : EventManager : Event: ======'machine_var_audits_missing_switches_s_down_button'====== Args={'value': 106, 'prev_value': None, 'change': True}
2025-04-13 21:58:33,106 : INFO : EventManager : Event: ======'machine_var_audits_missing_switches_s_enter_button'====== Args={'value': 106, 'prev_value': None, 'change': True}
2025-04-13 21:58:33,106 : INFO : EventManager : Event: ======'machine_var_audits_missing_switches_s_inlane_left'====== Args={'value': 107, 'prev_value': None, 'change': True}
2025-04-13 21:58:33,106 : INFO : EventManager : Event: ======'machine_var_audits_missing_switches_s_inlane_right'====== Args={'value': 22, 'prev_value': None, 'change': True}
2025-04-13 21:58:33,106 : INFO : EventManager : Event: ======'machine_var_audits_missing_switches_s_launch'====== Args={'value': 6, 'prev_value': None, 'change': True}
2025-04-13 21:58:33,106 : INFO : EventManager : Event: ======'machine_var_audits_missing_switches_s_left_button_2'====== Args={'value': 5, 'prev_value': None, 'change': True}
2025-04-13 21:58:33,106 : INFO : EventManager : Event: ======'machine_var_audits_missing_switches_s_left_flipper'====== Args={'value': 363, 'prev_value': None, 'change': True}
2025-04-13 21:58:33,106 : INFO : EventManager : Event: ======'machine_var_audits_missing_switches_s_left_flipper_button'====== Args={'value': 5, 'prev_value': None, 'change': True}
2025-04-13 21:58:33,106 : INFO : EventManager : Event: ======'machine_var_audits_missing_switches_s_left_flipper_eos'====== Args={'value': 5, 'prev_value': None, 'change': True}
2025-04-13 21:58:33,106 : INFO : EventManager : Event: ======'machine_var_audits_missing_switches_s_left_inlane'====== Args={'value': 6, 'prev_value': None, 'change': True}
2025-04-13 21:58:33,106 : INFO : EventManager : Event: ======'machine_var_audits_missing_switches_s_left_inner_lane'====== Args={'value': 357, 'prev_value': None, 'change': True}
2025-04-13 21:58:33,106 : INFO : EventManager : Event: ======'machine_var_audits_missing_switches_s_left_outer_lane'====== Args={'value': 153, 'prev_value': None, 'change': True}
2025-04-13 21:58:33,106 : INFO : EventManager : Event: ======'machine_var_audits_missing_switches_s_left_outlane'====== Args={'value': 6, 'prev_value': None, 'change': True}
2025-04-13 21:58:33,106 : INFO : EventManager : Event: ======'machine_var_audits_missing_switches_s_left_ramp_entry_1'====== Args={'value': 3, 'prev_value': None, 'change': True}
2025-04-13 21:58:33,106 : INFO : EventManager : Event: ======'machine_var_audits_missing_switches_s_left_sling'====== Args={'value': 363, 'prev_value': None, 'change': True}
2025-04-13 21:58:33,106 : INFO : EventManager : Event: ======'machine_var_audits_missing_switches_s_left_slingshot'====== Args={'value': 13, 'prev_value': None, 'change': True}
2025-04-13 21:58:33,106 : INFO : EventManager : Event: ======'machine_var_audits_missing_switches_s_mead'====== Args={'value': 267, 'prev_value': None, 'change': True}
2025-04-13 21:58:33,106 : INFO : EventManager : Event: ======'machine_var_audits_missing_switches_s_newton_opto_made'====== Args={'value': 150, 'prev_value': None, 'change': True}
2025-04-13 21:58:33,106 : INFO : EventManager : Event: ======'machine_var_audits_missing_switches_s_outlane_left'====== Args={'value': 138, 'prev_value': None, 'change': True}
2025-04-13 21:58:33,106 : INFO : EventManager : Event: ======'machine_var_audits_missing_switches_s_outlane_right'====== Args={'value': 107, 'prev_value': None, 'change': True}
2025-04-13 21:58:33,106 : INFO : EventManager : Event: ======'machine_var_audits_missing_switches_s_percy'====== Args={'value': 85, 'prev_value': None, 'change': True}
2025-04-13 21:58:33,107 : INFO : EventManager : Event: ======'machine_var_audits_missing_switches_s_plunger'====== Args={'value': 363, 'prev_value': None, 'change': True}
2025-04-13 21:58:33,107 : INFO : EventManager : Event: ======'machine_var_audits_missing_switches_s_pop_bumper_1'====== Args={'value': 23, 'prev_value': None, 'change': True}
2025-04-13 21:58:33,107 : INFO : EventManager : Event: ======'machine_var_audits_missing_switches_s_pop_bumper_2'====== Args={'value': 23, 'prev_value': None, 'change': True}
2025-04-13 21:58:33,107 : INFO : EventManager : Event: ======'machine_var_audits_missing_switches_s_pop_bumper_3'====== Args={'value': 23, 'prev_value': None, 'change': True}
2025-04-13 21:58:33,107 : INFO : EventManager : Event: ======'machine_var_audits_missing_switches_s_ramp_up_1'====== Args={'value': 4, 'prev_value': None, 'change': True}
2025-04-13 21:58:33,107 : INFO : EventManager : Event: ======'machine_var_audits_missing_switches_s_right_button_2'====== Args={'value': 5, 'prev_value': None, 'change': True}
2025-04-13 21:58:33,107 : INFO : EventManager : Event: ======'machine_var_audits_missing_switches_s_right_flipper'====== Args={'value': 363, 'prev_value': None, 'change': True}
2025-04-13 21:58:33,107 : INFO : EventManager : Event: ======'machine_var_audits_missing_switches_s_right_flipper_button'====== Args={'value': 5, 'prev_value': None, 'change': True}
2025-04-13 21:58:33,107 : INFO : EventManager : Event: ======'machine_var_audits_missing_switches_s_right_flipper_eos'====== Args={'value': 5, 'prev_value': None, 'change': True}
2025-04-13 21:58:33,107 : INFO : EventManager : Event: ======'machine_var_audits_missing_switches_s_right_inlane'====== Args={'value': 6, 'prev_value': None, 'change': True}
2025-04-13 21:58:33,107 : INFO : EventManager : Event: ======'machine_var_audits_missing_switches_s_right_inner_lane'====== Args={'value': 357, 'prev_value': None, 'change': True}
2025-04-13 21:58:33,107 : INFO : EventManager : Event: ======'machine_var_audits_missing_switches_s_right_orbit_1'====== Args={'value': 3, 'prev_value': None, 'change': True}
2025-04-13 21:58:33,107 : INFO : EventManager : Event: ======'machine_var_audits_missing_switches_s_right_outer_lane'====== Args={'value': 357, 'prev_value': None, 'change': True}
2025-04-13 21:58:33,107 : INFO : EventManager : Event: ======'machine_var_audits_missing_switches_s_right_outlane'====== Args={'value': 6, 'prev_value': None, 'change': True}
2025-04-13 21:58:33,107 : INFO : EventManager : Event: ======'machine_var_audits_missing_switches_s_right_ramp_entry_1'====== Args={'value': 5, 'prev_value': None, 'change': True}
2025-04-13 21:58:33,107 : INFO : EventManager : Event: ======'machine_var_audits_missing_switches_s_right_sling'====== Args={'value': 363, 'prev_value': None, 'change': True}
2025-04-13 21:58:33,107 : INFO : EventManager : Event: ======'machine_var_audits_missing_switches_s_right_slingshot'====== Args={'value': 13, 'prev_value': None, 'change': True}
2025-04-13 21:58:33,107 : INFO : EventManager : Event: ======'machine_var_audits_missing_switches_s_scanlan'====== Args={'value': 204, 'prev_value': None, 'change': True}
2025-04-13 21:58:33,108 : INFO : EventManager : Event: ======'machine_var_audits_missing_switches_s_spinner'====== Args={'value': 3, 'prev_value': None, 'change': True}
2025-04-13 21:58:33,108 : INFO : EventManager : Event: ======'machine_var_audits_missing_switches_s_start'====== Args={'value': 6, 'prev_value': None, 'change': True}
2025-04-13 21:58:33,108 : INFO : EventManager : Event: ======'machine_var_audits_missing_switches_s_start_button'====== Args={'value': 107, 'prev_value': None, 'change': True}
2025-04-13 21:58:33,108 : INFO : EventManager : Event: ======'machine_var_audits_missing_switches_s_trough_1'====== Args={'value': 14, 'prev_value': None, 'change': True}
2025-04-13 21:58:33,108 : INFO : EventManager : Event: ======'machine_var_audits_missing_switches_s_trough_2'====== Args={'value': 2, 'prev_value': None, 'change': True}
2025-04-13 21:58:33,108 : INFO : EventManager : Event: ======'machine_var_audits_missing_switches_s_trough_3'====== Args={'value': 2, 'prev_value': None, 'change': True}
2025-04-13 21:58:33,108 : INFO : EventManager : Event: ======'machine_var_audits_missing_switches_s_trough_4'====== Args={'value': 2, 'prev_value': None, 'change': True}
2025-04-13 21:58:33,108 : INFO : EventManager : Event: ======'machine_var_audits_missing_switches_s_trough_5'====== Args={'value': 2, 'prev_value': None, 'change': True}
2025-04-13 21:58:33,108 : INFO : EventManager : Event: ======'machine_var_audits_missing_switches_s_trough_6'====== Args={'value': 2, 'prev_value': None, 'change': True}
2025-04-13 21:58:33,108 : INFO : EventManager : Event: ======'machine_var_audits_missing_switches_s_trough_ball_1'====== Args={'value': 363, 'prev_value': None, 'change': True}
2025-04-13 21:58:33,108 : INFO : EventManager : Event: ======'machine_var_audits_missing_switches_s_trough_ball_2'====== Args={'value': 363, 'prev_value': None, 'change': True}
2025-04-13 21:58:33,109 : INFO : EventManager : Event: ======'machine_var_audits_missing_switches_s_trough_ball_3'====== Args={'value': 363, 'prev_value': None, 'change': True}
2025-04-13 21:58:33,109 : INFO : EventManager : Event: ======'machine_var_audits_missing_switches_s_trough_ball_4'====== Args={'value': 278, 'prev_value': None, 'change': True}
2025-04-13 21:58:33,109 : INFO : EventManager : Event: ======'machine_var_audits_missing_switches_s_trough_ball_5'====== Args={'value': 363, 'prev_value': None, 'change': True}
2025-04-13 21:58:33,109 : INFO : EventManager : Event: ======'machine_var_audits_missing_switches_s_trough_ball_6'====== Args={'value': 95, 'prev_value': None, 'change': True}
2025-04-13 21:58:33,109 : INFO : EventManager : Event: ======'machine_var_audits_missing_switches_s_up_button'====== Args={'value': 106, 'prev_value': None, 'change': True}
2025-04-13 21:58:33,109 : INFO : EventManager : Event: ======'machine_var_audits_player_score'====== Args={'value': {'average': 0, 'top': [], 'total': 0}, 'prev_value': None, 'change': True}
2025-04-13 21:58:33,109 : INFO : EventManager : Event: ======'machine_var_audits_shots_mead_shot'====== Args={'value': 223, 'prev_value': None, 'change': True}
2025-04-13 21:58:33,109 : INFO : EventManager : Event: ======'machine_var_audits_shots_percy_shot'====== Args={'value': 56, 'prev_value': None, 'change': True}
2025-04-13 21:58:33,109 : INFO : EventManager : Event: ======'machine_var_audits_shots_scanlan_shot'====== Args={'value': 121, 'prev_value': None, 'change': True}
2025-04-13 21:58:33,109 : INFO : EventManager : Event: ======'machine_var_audits_shots_video_shot_1'====== Args={'value': 24, 'prev_value': None, 'change': True}
2025-04-13 21:58:33,109 : INFO : EventManager : Event: ======'machine_var_audits_shots_video_shot_2'====== Args={'value': 20, 'prev_value': None, 'change': True}
2025-04-13 21:58:33,109 : INFO : EventManager : Event: ======'machine_var_audits_switches_s_3bank_tgt_d'====== Args={'value': 41, 'prev_value': None, 'change': True}
2025-04-13 21:58:33,109 : INFO : EventManager : Event: ======'machine_var_audits_switches_s_3bank_tgt_g'====== Args={'value': 54, 'prev_value': None, 'change': True}
2025-04-13 21:58:33,109 : INFO : EventManager : Event: ======'machine_var_audits_switches_s_3bank_tgt_o'====== Args={'value': 46, 'prev_value': None, 'change': True}
2025-04-13 21:58:33,109 : INFO : EventManager : Event: ======'machine_var_audits_switches_s_auto_launcher'====== Args={'value': 0, 'prev_value': None, 'change': True}
2025-04-13 21:58:33,109 : INFO : EventManager : Event: ======'machine_var_audits_switches_s_back_button'====== Args={'value': 0, 'prev_value': None, 'change': True}
2025-04-13 21:58:33,109 : INFO : EventManager : Event: ======'machine_var_audits_switches_s_ball_drain'====== Args={'value': 0, 'prev_value': None, 'change': True}
2025-04-13 21:58:33,109 : INFO : EventManager : Event: ======'machine_var_audits_switches_s_ball_lock_1'====== Args={'value': 148, 'prev_value': None, 'change': True}
2025-04-13 21:58:33,109 : INFO : EventManager : Event: ======'machine_var_audits_switches_s_ball_lock_2'====== Args={'value': 130, 'prev_value': None, 'change': True}
2025-04-13 21:58:33,109 : INFO : EventManager : Event: ======'machine_var_audits_switches_s_ball_lock_3'====== Args={'value': 130, 'prev_value': None, 'change': True}
2025-04-13 21:58:33,110 : INFO : EventManager : Event: ======'machine_var_audits_switches_s_blood_target'====== Args={'value': 372, 'prev_value': None, 'change': True}
2025-04-13 21:58:33,110 : INFO : EventManager : Event: ======'machine_var_audits_switches_s_down_button'====== Args={'value': 0, 'prev_value': None, 'change': True}
2025-04-13 21:58:33,110 : INFO : EventManager : Event: ======'machine_var_audits_switches_s_enter_button'====== Args={'value': 0, 'prev_value': None, 'change': True}
2025-04-13 21:58:33,110 : INFO : EventManager : Event: ======'machine_var_audits_switches_s_inlane_left'====== Args={'value': 9, 'prev_value': None, 'change': True}
2025-04-13 21:58:33,110 : INFO : EventManager : Event: ======'machine_var_audits_switches_s_inlane_right'====== Args={'value': 22, 'prev_value': None, 'change': True}
2025-04-13 21:58:33,110 : INFO : EventManager : Event: ======'machine_var_audits_switches_s_launch'====== Args={'value': 0, 'prev_value': None, 'change': True}
2025-04-13 21:58:33,110 : INFO : EventManager : Event: ======'machine_var_audits_switches_s_left_button_2'====== Args={'value': 240, 'prev_value': None, 'change': True}
2025-04-13 21:58:33,110 : INFO : EventManager : Event: ======'machine_var_audits_switches_s_left_flipper'====== Args={'value': 36, 'prev_value': None, 'change': True}
2025-04-13 21:58:33,110 : INFO : EventManager : Event: ======'machine_var_audits_switches_s_left_flipper_button'====== Args={'value': 230, 'prev_value': None, 'change': True}
2025-04-13 21:58:33,110 : INFO : EventManager : Event: ======'machine_var_audits_switches_s_left_flipper_eos'====== Args={'value': 209, 'prev_value': None, 'change': True}
2025-04-13 21:58:33,110 : INFO : EventManager : Event: ======'machine_var_audits_switches_s_left_inlane'====== Args={'value': 0, 'prev_value': None, 'change': True}
2025-04-13 21:58:33,110 : INFO : EventManager : Event: ======'machine_var_audits_switches_s_left_inner_lane'====== Args={'value': 0, 'prev_value': None, 'change': True}
2025-04-13 21:58:33,110 : INFO : EventManager : Event: ======'machine_var_audits_switches_s_left_outer_lane'====== Args={'value': 0, 'prev_value': None, 'change': True}
2025-04-13 21:58:33,110 : INFO : EventManager : Event: ======'machine_var_audits_switches_s_left_outlane'====== Args={'value': 0, 'prev_value': None, 'change': True}
2025-04-13 21:58:33,110 : INFO : EventManager : Event: ======'machine_var_audits_switches_s_left_ramp_entry_1'====== Args={'value': 1057, 'prev_value': None, 'change': True}
2025-04-13 21:58:33,110 : INFO : EventManager : Event: ======'machine_var_audits_switches_s_left_sling'====== Args={'value': 7, 'prev_value': None, 'change': True}
2025-04-13 21:58:33,110 : INFO : EventManager : Event: ======'machine_var_audits_switches_s_left_slingshot'====== Args={'value': 13, 'prev_value': None, 'change': True}
2025-04-13 21:58:33,110 : INFO : EventManager : Event: ======'machine_var_audits_switches_s_mead'====== Args={'value': 0, 'prev_value': None, 'change': True}
2025-04-13 21:58:33,110 : INFO : EventManager : Event: ======'machine_var_audits_switches_s_mode_opto'====== Args={'value': 128, 'prev_value': None, 'change': True}
2025-04-13 21:58:33,110 : INFO : EventManager : Event: ======'machine_var_audits_switches_s_newton_opto_made'====== Args={'value': 2, 'prev_value': None, 'change': True}
2025-04-13 21:58:33,110 : INFO : EventManager : Event: ======'machine_var_audits_switches_s_outlane_left'====== Args={'value': 3, 'prev_value': None, 'change': True}
2025-04-13 21:58:33,111 : INFO : EventManager : Event: ======'machine_var_audits_switches_s_outlane_right'====== Args={'value': 6, 'prev_value': None, 'change': True}
2025-04-13 21:58:33,111 : INFO : EventManager : Event: ======'machine_var_audits_switches_s_percy'====== Args={'value': 0, 'prev_value': None, 'change': True}
2025-04-13 21:58:33,111 : INFO : EventManager : Event: ======'machine_var_audits_switches_s_plunger'====== Args={'value': 9, 'prev_value': None, 'change': True}
2025-04-13 21:58:33,111 : INFO : EventManager : Event: ======'machine_var_audits_switches_s_pop_bumper_1'====== Args={'value': 58, 'prev_value': None, 'change': True}
2025-04-13 21:58:33,111 : INFO : EventManager : Event: ======'machine_var_audits_switches_s_pop_bumper_2'====== Args={'value': 29, 'prev_value': None, 'change': True}
2025-04-13 21:58:33,111 : INFO : EventManager : Event: ======'machine_var_audits_switches_s_pop_bumper_3'====== Args={'value': 44, 'prev_value': None, 'change': True}
2025-04-13 21:58:33,111 : INFO : EventManager : Event: ======'machine_var_audits_switches_s_ramp_up_1'====== Args={'value': 183, 'prev_value': None, 'change': True}
2025-04-13 21:58:33,111 : INFO : EventManager : Event: ======'machine_var_audits_switches_s_right_button_2'====== Args={'value': 63, 'prev_value': None, 'change': True}
2025-04-13 21:58:33,111 : INFO : EventManager : Event: ======'machine_var_audits_switches_s_right_flipper'====== Args={'value': 131, 'prev_value': None, 'change': True}
2025-04-13 21:58:33,111 : INFO : EventManager : Event: ======'machine_var_audits_switches_s_right_flipper_button'====== Args={'value': 61, 'prev_value': None, 'change': True}
2025-04-13 21:58:33,111 : INFO : EventManager : Event: ======'machine_var_audits_switches_s_right_flipper_eos'====== Args={'value': 58, 'prev_value': None, 'change': True}
2025-04-13 21:58:33,111 : INFO : EventManager : Event: ======'machine_var_audits_switches_s_right_inlane'====== Args={'value': 0, 'prev_value': None, 'change': True}
2025-04-13 21:58:33,111 : INFO : EventManager : Event: ======'machine_var_audits_switches_s_right_inner_lane'====== Args={'value': 0, 'prev_value': None, 'change': True}
2025-04-13 21:58:33,111 : INFO : EventManager : Event: ======'machine_var_audits_switches_s_right_orbit_1'====== Args={'value': 78, 'prev_value': None, 'change': True}
2025-04-13 21:58:33,111 : INFO : EventManager : Event: ======'machine_var_audits_switches_s_right_outer_lane'====== Args={'value': 0, 'prev_value': None, 'change': True}
2025-04-13 21:58:33,111 : INFO : EventManager : Event: ======'machine_var_audits_switches_s_right_outlane'====== Args={'value': 0, 'prev_value': None, 'change': True}
2025-04-13 21:58:33,111 : INFO : EventManager : Event: ======'machine_var_audits_switches_s_right_ramp_entry_1'====== Args={'value': 106, 'prev_value': None, 'change': True}
2025-04-13 21:58:33,111 : INFO : EventManager : Event: ======'machine_var_audits_switches_s_right_sling'====== Args={'value': 3, 'prev_value': None, 'change': True}
2025-04-13 21:58:33,111 : INFO : EventManager : Event: ======'machine_var_audits_switches_s_right_slingshot'====== Args={'value': 22, 'prev_value': None, 'change': True}
2025-04-13 21:58:33,111 : INFO : EventManager : Event: ======'machine_var_audits_switches_s_scanlan'====== Args={'value': 0, 'prev_value': None, 'change': True}
2025-04-13 21:58:33,111 : INFO : EventManager : Event: ======'machine_var_audits_switches_s_shooter_lane'====== Args={'value': 238, 'prev_value': None, 'change': True}
2025-04-13 21:58:33,112 : INFO : EventManager : Event: ======'machine_var_audits_switches_s_spinner'====== Args={'value': 655, 'prev_value': None, 'change': True}
2025-04-13 21:58:33,112 : INFO : EventManager : Event: ======'machine_var_audits_switches_s_start'====== Args={'value': 38, 'prev_value': None, 'change': True}
2025-04-13 21:58:33,112 : INFO : EventManager : Event: ======'machine_var_audits_switches_s_start_button'====== Args={'value': 4, 'prev_value': None, 'change': True}
2025-04-13 21:58:33,112 : INFO : EventManager : Event: ======'machine_var_audits_switches_s_switch_2'====== Args={'value': 0, 'prev_value': None, 'change': True}
2025-04-13 21:58:33,112 : INFO : EventManager : Event: ======'machine_var_audits_switches_s_trough_1'====== Args={'value': 4, 'prev_value': None, 'change': True}
2025-04-13 21:58:33,112 : INFO : EventManager : Event: ======'machine_var_audits_switches_s_trough_2'====== Args={'value': 104, 'prev_value': None, 'change': True}
2025-04-13 21:58:33,112 : INFO : EventManager : Event: ======'machine_var_audits_switches_s_trough_3'====== Args={'value': 110, 'prev_value': None, 'change': True}
2025-04-13 21:58:33,112 : INFO : EventManager : Event: ======'machine_var_audits_switches_s_trough_4'====== Args={'value': 98, 'prev_value': None, 'change': True}
2025-04-13 21:58:33,112 : INFO : EventManager : Event: ======'machine_var_audits_switches_s_trough_5'====== Args={'value': 95, 'prev_value': None, 'change': True}
2025-04-13 21:58:33,112 : INFO : EventManager : Event: ======'machine_var_audits_switches_s_trough_6'====== Args={'value': 132, 'prev_value': None, 'change': True}
2025-04-13 21:58:33,112 : INFO : EventManager : Event: ======'machine_var_audits_switches_s_trough_7'====== Args={'value': 226, 'prev_value': None, 'change': True}
2025-04-13 21:58:33,112 : INFO : EventManager : Event: ======'machine_var_audits_switches_s_trough_ball'====== Args={'value': 264, 'prev_value': None, 'change': True}
2025-04-13 21:58:33,112 : INFO : EventManager : Event: ======'machine_var_audits_switches_s_trough_ball_1'====== Args={'value': 4, 'prev_value': None, 'change': True}
2025-04-13 21:58:33,112 : INFO : EventManager : Event: ======'machine_var_audits_switches_s_trough_ball_2'====== Args={'value': 4, 'prev_value': None, 'change': True}
2025-04-13 21:58:33,112 : INFO : EventManager : Event: ======'machine_var_audits_switches_s_trough_ball_3'====== Args={'value': 1, 'prev_value': None, 'change': True}
2025-04-13 21:58:33,112 : INFO : EventManager : Event: ======'machine_var_audits_switches_s_trough_ball_4'====== Args={'value': 0, 'prev_value': None, 'change': True}
2025-04-13 21:58:33,112 : INFO : EventManager : Event: ======'machine_var_audits_switches_s_trough_ball_5'====== Args={'value': 0, 'prev_value': None, 'change': True}
2025-04-13 21:58:33,112 : INFO : EventManager : Event: ======'machine_var_audits_switches_s_trough_ball_6'====== Args={'value': 1, 'prev_value': None, 'change': True}
2025-04-13 21:58:33,112 : INFO : EventManager : Event: ======'machine_var_audits_switches_s_trough_ball_jam'====== Args={'value': 294, 'prev_value': None, 'change': True}
2025-04-13 21:58:33,112 : INFO : EventManager : Event: ======'machine_var_audits_switches_s_trough_eject_coil'====== Args={'value': 0, 'prev_value': None, 'change': True}
2025-04-13 21:58:33,112 : INFO : EventManager : Event: ======'machine_var_audits_switches_s_up_button'====== Args={'value': 0, 'prev_value': None, 'change': True}
2025-04-13 21:58:33,113 : INFO : EventManager : Event: ======'init_phase_5'====== Args={}
2025-04-13 21:58:33,113 : INFO : EventManager : Event: ======'init_done'====== Args={}
2025-04-13 21:58:33,114 : INFO : EventManager : Event: ======'machine_reset_phase_1'====== Args={}
2025-04-13 21:58:33,127 : INFO : EventManager : Event: ======'machine_reset_phase_2'====== Args={}
2025-04-13 21:58:33,129 : INFO : EventManager : Event: ======'machine_reset_phase_3'====== Args={}
2025-04-13 21:58:33,129 : INFO : EventManager : Event: ======'mode_tilt_will_start'====== Args={'queue': <QueuedEvent>}
2025-04-13 21:58:33,130 : INFO : EventManager : Event: ======'mode_tilt_starting'====== Args={'queue': <QueuedEvent>}
2025-04-13 21:58:33,130 : INFO : EventManager : Event: ======'mode_attract_will_start'====== Args={'queue': <QueuedEvent>}
2025-04-13 21:58:33,130 : INFO : EventManager : Event: ======'mode_attract_starting'====== Args={'queue': <QueuedEvent>}
2025-04-13 21:58:33,130 : INFO : EventManager : Event: ======'diverter_diverter_deactivating'====== Args={}
2025-04-13 21:58:33,130 : INFO : coil.c_diverter : Disabling Driver
2025-04-13 21:58:33,131 : INFO : Mode.attract : Started. Priority: 10
2025-04-13 21:58:33,131 : INFO : EventManager : Event: ======'modes_active_modes_changed'====== Args={}
2025-04-13 21:58:33,131 : INFO : EventManager : Event: ======'mode_attract_started'====== Args={'queue': <QueuedEvent>}
2025-04-13 21:58:33,131 : INFO : Mode.tilt : Started. Priority: 1000000
2025-04-13 21:58:33,132 : INFO : EventManager : Event: ======'modes_active_modes_changed'====== Args={}
2025-04-13 21:58:33,132 : INFO : EventManager : Event: ======'mode_tilt_started'====== Args={'queue': <QueuedEvent>}
2025-04-13 21:58:33,132 : INFO : EventManager : Event: ======'reset_complete'====== Args={}
2025-04-13 21:58:33,134 : INFO : Machine : Starting the main run loop.
2025-04-13 21:58:33,211 : INFO : EventManager : Event: ======'slide_attract_created'====== Args={'_from_bcp': True}
2025-04-13 21:58:33,212 : INFO : EventManager : Event: ======'slide__removed'====== Args={'_from_bcp': True}
2025-04-13 21:58:33,212 : INFO : EventManager : Event: ======'slide_attract_active'====== Args={'original_context': 'attract', 'original_calling_context': 'mode_attract_started', 'priority': 10.0, 'queue': '<QueuedEvent>', 'cmd': 'slides_play', '_from_bcp': True}
2025-04-13 21:58:37,800 : INFO : SwitchController : <<<<<<< 's_start_button' inactive >>>>>>>
2025-04-13 21:58:37,923 : INFO : SwitchController : <<<<<<< 's_start_button' active >>>>>>>
2025-04-13 21:58:37,923 : INFO : EventManager : Event: ======'s_start_button_active'====== Args={}
2025-04-13 21:58:37,924 : INFO : Mode.attract : Start button pressed. Starting game...
2025-04-13 21:58:37,924 : INFO : EventManager : Event: ======'request_to_start_game'====== Args={}
2025-04-13 21:58:37,924 : INFO : EventManager : Event: ======'game_start'====== Args={'priority': 0}
2025-04-13 21:58:37,924 : INFO : EventManager : Event: ======'mode_game_will_start'====== Args={'priority': 0}
2025-04-13 21:58:37,924 : INFO : EventManager : Event: ======'mode_game_starting'====== Args={'priority': 0}
2025-04-13 21:58:37,924 : INFO : EventManager : Event: ======'mode_attract_will_stop'====== Args={}
2025-04-13 21:58:37,925 : INFO : EventManager : Event: ======'mode_attract_stopping'====== Args={}
2025-04-13 21:58:37,925 : INFO : Mode.attract : Stopped.
2025-04-13 21:58:37,925 : INFO : EventManager : Event: ======'modes_active_modes_changed'====== Args={}
2025-04-13 21:58:37,925 : INFO : EventManager : Event: ======'mode_attract_stopped'====== Args={}
2025-04-13 21:58:37,925 : INFO : EventManager : Event: ======'clear'====== Args={'key': 'attract'}
2025-04-13 21:58:37,925 : INFO : Mode.game : Started. Priority: 20
2025-04-13 21:58:37,925 : INFO : EventManager : Event: ======'modes_active_modes_changed'====== Args={}
2025-04-13 21:58:37,925 : INFO : EventManager : Event: ======'mode_game_started'====== Args={'priority': 0}
2025-04-13 21:58:37,926 : INFO : EventManager : Event: ======'game_will_start'====== Args={}
2025-04-13 21:58:37,926 : INFO : EventManager : Event: ======'game_starting'====== Args={'game': <Mode.game>}
2025-04-13 21:58:37,927 : INFO : EventManager : Unordered handler for class <Auditor> on event game_ended with priority 1. Handlers: [RegisteredHandler(callback=<bound method Auditor.disable of <Auditor>>, priority=1, kwargs={}, key=UUID('8370acde-4864-4ba9-8d19-25c2c3a1525f'), condition=None, blocking_facility=None), RegisteredHandler(callback=<bound method Auditor._save_audits of <Auditor>>, priority=1, kwargs={}, key=UUID('68aa3530-233c-4885-b1e2-89f92808d9a6'), condition=None, blocking_facility=None)]. The order of those handlers is not defined and they will be executed in random order. This might lead to race conditions and potential bugs.
2025-04-13 21:58:37,927 : INFO : EventManager : Event: ======'player_add_request'====== Args={}
2025-04-13 21:58:37,927 : INFO : EventManager : Event: ======'player_will_add'====== Args={'number': 1}
2025-04-13 21:58:37,928 : INFO : EventManager : Event: ======'player_adding'====== Args={'player': <Player 1>, 'number': 1}
2025-04-13 21:58:37,928 : INFO : EventManager : Event: ======'player_added'====== Args={'player': <Player 1>, 'num': 1}
2025-04-13 21:58:37,928 : INFO : Mode.game : Player added successfully. Total players: 1
2025-04-13 21:58:37,929 : INFO : EventManager : Event: ======'player_index'====== Args={'value': 0, 'prev_value': 0, 'change': 0, 'player_num': 1}
2025-04-13 21:58:37,929 : INFO : EventManager : Event: ======'player_number'====== Args={'value': 1, 'prev_value': 1, 'change': 0, 'player_num': 1}
2025-04-13 21:58:37,929 : INFO : EventManager : Event: ======'player_game_mode_active'====== Args={'value': 0, 'prev_value': 0, 'change': 0, 'player_num': 1}
2025-04-13 21:58:37,929 : INFO : EventManager : Event: ======'player_current_game_mode'====== Args={'value': 'None', 'prev_value': 'None', 'change': False, 'player_num': 1}
2025-04-13 21:58:37,929 : INFO : EventManager : Event: ======'player_phase1_complete'====== Args={'value': 0, 'prev_value': 0, 'change': 0, 'player_num': 1}
2025-04-13 21:58:37,929 : INFO : EventManager : Event: ======'player_dog_hunt_complete'====== Args={'value': 0, 'prev_value': 0, 'change': 0, 'player_num': 1}
2025-04-13 21:58:37,929 : INFO : EventManager : Event: ======'player_discovery_complete'====== Args={'value': 0, 'prev_value': 0, 'change': 0, 'player_num': 1}
2025-04-13 21:58:37,929 : INFO : EventManager : Event: ======'player_infected_complete'====== Args={'value': 0, 'prev_value': 0, 'change': 0, 'player_num': 1}
2025-04-13 21:58:37,929 : INFO : EventManager : Event: ======'player_blood_test_complete'====== Args={'value': 0, 'prev_value': 0, 'change': 0, 'player_num': 1}
2025-04-13 21:58:37,929 : INFO : EventManager : Event: ======'player_spider_head_complete'====== Args={'value': 0, 'prev_value': 0, 'change': 0, 'player_num': 1}
2025-04-13 21:58:37,930 : INFO : EventManager : Event: ======'player_wizard_complete'====== Args={'value': 0, 'prev_value': 0, 'change': 0, 'player_num': 1}
2025-04-13 21:58:37,930 : INFO : EventManager : Event: ======'player_ball_lock_complete'====== Args={'value': 0, 'prev_value': 0, 'change': 0, 'player_num': 1}
2025-04-13 21:58:37,930 : INFO : EventManager : Event: ======'player_multiball_complete'====== Args={'value': 0, 'prev_value': 0, 'change': 0, 'player_num': 1}
2025-04-13 21:58:37,930 : INFO : EventManager : Event: ======'player_spinner_value'====== Args={'value': 0, 'prev_value': 0, 'change': 0, 'player_num': 1}
2025-04-13 21:58:37,930 : INFO : EventManager : Event: ======'player_pop_bumper_value'====== Args={'value': 0, 'prev_value': 0, 'change': 0, 'player_num': 1}
2025-04-13 21:58:37,930 : INFO : EventManager : Event: ======'player_newton_shots'====== Args={'value': 0, 'prev_value': 0, 'change': 0, 'player_num': 1}
2025-04-13 21:58:37,930 : INFO : EventManager : Event: ======'player_locked_balls'====== Args={'value': 0, 'prev_value': 0, 'change': 0, 'player_num': 1}
2025-04-13 21:58:37,930 : INFO : EventManager : Event: ======'player_balls_in_play'====== Args={'value': 1, 'prev_value': 1, 'change': 0, 'player_num': 1}
2025-04-13 21:58:37,930 : INFO : EventManager : Event: ======'player_jackpot_value'====== Args={'value': 10000, 'prev_value': 10000, 'change': 0, 'player_num': 1}
2025-04-13 21:58:37,930 : INFO : EventManager : Event: ======'player_left_ramp_hits'====== Args={'value': 0, 'prev_value': 0, 'change': 0, 'player_num': 1}
2025-04-13 21:58:37,930 : INFO : EventManager : Event: ======'player_left_ramp_lock_hits'====== Args={'value': 0, 'prev_value': 0, 'change': 0, 'player_num': 1}
2025-04-13 21:58:37,930 : INFO : EventManager : Event: ======'player_spinner_hits'====== Args={'value': 0, 'prev_value': 0, 'change': 0, 'player_num': 1}
2025-04-13 21:58:37,930 : INFO : EventManager : Event: ======'player_pop_bumper_wizard'====== Args={'value': 0, 'prev_value': 0, 'change': 0, 'player_num': 1}
2025-04-13 21:58:37,930 : INFO : EventManager : Event: ======'player_ball_lock_active'====== Args={'value': 0, 'prev_value': 0, 'change': 0, 'player_num': 1}
2025-04-13 21:58:37,930 : INFO : EventManager : Event: ======'player_super_jackpot_value'====== Args={'value': 100000, 'prev_value': 100000, 'change': 0, 'player_num': 1}
2025-04-13 21:58:37,931 : INFO : EventManager : Event: ======'player_jackpot_state'====== Args={'value': 0, 'prev_value': 0, 'change': 0, 'player_num': 1}
2025-04-13 21:58:37,931 : INFO : EventManager : Event: ======'player_right_ramp_valid'====== Args={'value': 0, 'prev_value': 0, 'change': 0, 'player_num': 1}
2025-04-13 21:58:37,931 : INFO : EventManager : Event: ======'player_score'====== Args={'value': 0, 'prev_value': 0, 'change': 0, 'player_num': 1}
2025-04-13 21:58:37,931 : INFO : EventManager : Event: ======'game_started'====== Args={}
2025-04-13 21:58:37,931 : INFO : drop_target_bank.vuk_bank : All targets are already up. Will not reset bank.
2025-04-13 21:58:37,932 : INFO : EventManager : Event: ======'setup_game_variables'====== Args={'priority': 0}
2025-04-13 21:58:37,932 : INFO : EventManager : Event: ======'player_turn_will_start'====== Args={'player': <Player 1>, 'number': 1}
2025-04-13 21:58:37,932 : INFO : EventManager : Event: ======'player_turn_starting'====== Args={'player': <Player 1>, 'number': 1}
2025-04-13 21:58:37,932 : INFO : EventManager : Event: ======'player_ball'====== Args={'value': 1, 'prev_value': 0, 'change': 1, 'player_num': 1}
2025-04-13 21:58:37,933 : INFO : EventManager : Event: ======'player_turn_started'====== Args={'player': <Player 1>, 'number': 1}
2025-04-13 21:58:37,933 : INFO : EventManager : Event: ======'ball_will_start'====== Args={'player': 1, 'ball': 1, 'balls_remaining': 2, 'is_extra_ball': False}
2025-04-13 21:58:37,934 : INFO : EventManager : Event: ======'ball_starting'====== Args={'player': 1, 'ball': 1, 'balls_remaining': 2, 'is_extra_ball': False}
2025-04-13 21:58:37,935 : INFO : EventManager : Event: ======'mode_base_will_start'====== Args={'queue': <QueuedEvent>, 'player': 1, 'ball': 1, 'balls_remaining': 2, 'is_extra_ball': False}
2025-04-13 21:58:37,935 : INFO : EventManager : Event: ======'player_base_mode_timer_tick'====== Args={'value': 60, 'prev_value': 0, 'change': 60, 'player_num': 1}
2025-04-13 21:58:37,937 : INFO : EventManager : Event: ======'mode_base_starting'====== Args={'queue': <QueuedEvent>, 'player': 1, 'ball': 1, 'balls_remaining': 2, 'is_extra_ball': False}
2025-04-13 21:58:37,937 : INFO : EventManager : Event: ======'bd_trough_eject'====== Args={'priority': 0}
2025-04-13 21:58:37,946 : INFO : Mode.base : Started. Priority: 100
2025-04-13 21:58:37,946 : INFO : EventManager : Event: ======'modes_active_modes_changed'====== Args={}
2025-04-13 21:58:37,946 : INFO : EventManager : Event: ======'mode_base_started'====== Args={'queue': <QueuedEvent>, 'player': 1, 'ball': 1, 'balls_remaining': 2, 'is_extra_ball': False}
2025-04-13 21:58:37,947 : INFO : EventManager : Event: ======'balls_in_play'====== Args={'balls': 1}
2025-04-13 21:58:37,947 : INFO : EventManager : Event: ======'ball_started'====== Args={'player': 1, 'ball': 1, 'balls_remaining': 2, 'is_extra_ball': False}
2025-04-13 21:58:37,948 : INFO : EventManager : Event: ======'mode_mode_switcher_will_start'====== Args={'player': 1, 'ball': 1, 'balls_remaining': 2, 'is_extra_ball': False}
2025-04-13 21:58:37,948 : INFO : EventManager : Event: ======'mode_mode_switcher_starting'====== Args={'player': 1, 'ball': 1, 'balls_remaining': 2, 'is_extra_ball': False}
2025-04-13 21:58:37,949 : INFO : EventManager : Event: ======'ball_save_ball_save_enabled'====== Args={}
2025-04-13 21:58:37,949 : INFO : EventManager : Event: ======'logicblock_spinner_value_updated'====== Args={'value': 0, 'enabled': True}
2025-04-13 21:58:37,949 : INFO : EventManager : Event: ======'logicblock_newton_hit_counter_updated'====== Args={'value': 0, 'enabled': True}
2025-04-13 21:58:37,949 : INFO : EventManager : Event: ======'logicblock_diverter_pattern_updated'====== Args={'value': 0, 'enabled': True}
2025-04-13 21:58:37,949 : INFO : EventManager : Event: ======'logicblock_blood_target_counter_updated'====== Args={'value': 0, 'enabled': True}
2025-04-13 21:58:37,949 : INFO : drop_target_bank.vuk_bank : All targets are already up. Will not reset bank.
2025-04-13 21:58:37,949 : INFO : EventManager : Event: ======'logicblock_blood_target_counter_updated'====== Args={'value': 0, 'enabled': True}
2025-04-13 21:58:37,950 : INFO : EventManager : Event: ======'logicblock_blood_target_counter_updated'====== Args={'value': 0, 'enabled': True}
2025-04-13 21:58:37,951 : INFO : EventManager : Event: ======'reset_player_shot_counters'====== Args={'priority': 0}
2025-04-13 21:58:37,951 : INFO : EventManager : Event: ======'pulse_upramp_on_start'====== Args={'priority': 0}
2025-04-13 21:58:37,951 : INFO : coil.c_upramp : Pulsing Driver for 30ms (1.0 pulse_power)
2025-04-13 21:58:37,952 : INFO : Mode.mode_switcher : Started. Priority: 500
2025-04-13 21:58:37,952 : INFO : EventManager : Event: ======'modes_active_modes_changed'====== Args={}
2025-04-13 21:58:37,952 : INFO : EventManager : Event: ======'mode_mode_switcher_started'====== Args={'player': 1, 'ball': 1, 'balls_remaining': 2, 'is_extra_ball': False}
2025-04-13 21:58:37,952 : INFO : Mode.mode_switcher : Mode Switcher started
2025-04-13 21:58:37,952 : INFO : EventManager : Event: ======'machine_var_qualified_mode'====== Args={'value': 'none', 'prev_value': 'None', 'change': True}
2025-04-13 21:58:37,953 : INFO : EventManager : Event: ======'single_player_ball_started'====== Args={}
2025-04-13 21:58:37,954 : INFO : EventManager : Event: ======'ball_start_target'====== Args={'target': 'playfield'}
2025-04-13 21:58:37,954 : INFO : ball_device.bd_shooter_lane : Setting up player-controlled eject. Balls: 1, Target: <playfield.playfield>, player_controlled_eject_event: None
2025-04-13 21:58:37,954 : INFO : EventManager : Event: ======'balldevice_balls_available'====== Args={}
2025-04-13 21:58:37,957 : INFO : ball_device.bd_trough : State: waiting_for_target_ready
2025-04-13 21:58:37,957 : INFO : EventManager : Event: ======'balldevice_bd_trough_ball_eject_attempt'====== Args={'balls': 1, 'target': <ball_device.bd_shooter_lane>, 'source': <ball_device.bd_trough>, 'mechanical_eject': True, 'num_attempts': 0}
2025-04-13 21:58:37,957 : INFO : ball_device.bd_shooter_lane : State: waiting_for_ball
2025-04-13 21:58:37,957 : INFO : ball_device.bd_trough : State: ejecting
2025-04-13 21:58:37,958 : INFO : ball_device.bd_trough : Ejecting ball to <ball_device.bd_shooter_lane>
2025-04-13 21:58:37,958 : INFO : EventManager : Event: ======'balldevice_bd_trough_ejecting_ball'====== Args={'balls': 1, 'target': <ball_device.bd_shooter_lane>, 'source': <ball_device.bd_trough>, 'mechanical_eject': True, 'num_attempts': 0}
2025-04-13 21:58:37,959 : INFO : ball_device.bd_trough : Wait for ball to leave device
2025-04-13 21:58:37,984 : INFO : coil.c_trough : Pulsing Driver for 25ms (1.0 pulse_power)
2025-04-13 21:58:37,985 : INFO : SwitchController : <<<<<<< 's_ramp_up_1' inactive >>>>>>>
2025-04-13 21:58:37,985 : INFO : SwitchController : <<<<<<< 's_ramp_up_1' active >>>>>>>
2025-04-13 21:58:37,985 : INFO : EventManager : Event: ======'sw_playfield_active'====== Args={}
2025-04-13 21:58:37,986 : INFO : EventManager : Event: ======'machine_var_audits_switches_s_ramp_up_1'====== Args={'value': 184, 'prev_value': 183, 'change': 1}
2025-04-13 21:58:37,986 : INFO : EventManager : Event: ======'playfield_active'====== Args={'source': None}
2025-04-13 21:58:37,986 : INFO : EventManager : Event: ======'unexpected_ball_on_playfield'====== Args={}
2025-04-13 21:58:38,012 : INFO : EventManager : Event: ======'slide_base_slide_created'====== Args={'_from_bcp': True}
2025-04-13 21:58:38,012 : INFO : SwitchController : <<<<<<< 's_trough_ball_jam' active >>>>>>>
2025-04-13 21:58:38,013 : INFO : EventManager : Event: ======'machine_var_audits_switches_s_trough_ball_jam'====== Args={'value': 295, 'prev_value': 294, 'change': 1}
2025-04-13 21:58:38,013 : INFO : EventManager : Event: ======'slide_attract_inactive'====== Args={'is_removing': True, '_from_bcp': True}
2025-04-13 21:58:38,013 : INFO : EventManager : Event: ======'slide_base_slide_active'====== Args={'original_context': 'base', 'original_calling_context': 'mode_base_started', 'priority': 100.0, 'queue': '<QueuedEvent>', 'player': 1.0, 'ball': 1.0, 'balls_remaining': 2.0, 'is_extra_ball': False, 'cmd': 'slides_play', '_from_bcp': True}
2025-04-13 21:58:38,013 : INFO : EventManager : Event: ======'slide_attract_removed'====== Args={'_from_bcp': True}
2025-04-13 21:58:38,031 : INFO : SwitchController : <<<<<<< 's_trough_ball_jam' inactive >>>>>>>
2025-04-13 21:58:38,093 : INFO : SwitchController : <<<<<<< 's_trough_ball' inactive >>>>>>>
2025-04-13 21:58:38,094 : INFO : ball_device.bd_trough : State: ball_left
2025-04-13 21:58:38,094 : INFO : ball_device.bd_trough : Ball left
2025-04-13 21:58:38,094 : INFO : ball_device.bd_trough : Wait for confirm with timeout 3.0
2025-04-13 21:58:38,140 : INFO : SwitchController : <<<<<<< 's_trough_7' inactive >>>>>>>
2025-04-13 21:58:38,140 : INFO : SwitchController : <<<<<<< 's_trough_6' inactive >>>>>>>
2025-04-13 21:58:38,185 : INFO : SwitchController : <<<<<<< 's_trough_ball' active >>>>>>>
2025-04-13 21:58:38,185 : INFO : EventManager : Event: ======'machine_var_audits_switches_s_trough_ball'====== Args={'value': 265, 'prev_value': 264, 'change': 1}
2025-04-13 21:58:38,247 : INFO : SwitchController : <<<<<<< 's_trough_7' active >>>>>>>
2025-04-13 21:58:38,247 : INFO : EventManager : Event: ======'machine_var_audits_switches_s_trough_7'====== Args={'value': 227, 'prev_value': 226, 'change': 1}
2025-04-13 21:58:39,615 : INFO : SwitchController : <<<<<<< 's_shooter_lane' active >>>>>>>
2025-04-13 21:58:39,615 : INFO : EventManager : Event: ======'machine_var_audits_switches_s_shooter_lane'====== Args={'value': 239, 'prev_value': 238, 'change': 1}
2025-04-13 21:58:39,926 : INFO : ball_device.bd_shooter_lane : Received ball from <ball_device.bd_trough>
2025-04-13 21:58:39,926 : INFO : EventManager : Event: ======'balldevice_bd_shooter_lane_ball_enter'====== Args={'new_balls': 1, 'unclaimed_balls': 0, 'new_available_balls': 0, 'device': <ball_device.bd_shooter_lane>}
2025-04-13 21:58:39,929 : INFO : EventManager : Event: ======'balldevice_bd_shooter_lane_ball_entered'====== Args={'new_balls': 0, 'device': <ball_device.bd_shooter_lane>}
2025-04-13 21:58:39,929 : INFO : EventManager : Event: ======'balldevice_bd_shooter_lane_ball_count_changed'====== Args={'balls': 1}
2025-04-13 21:58:39,930 : INFO : ball_device.bd_trough : Got eject confirm
2025-04-13 21:58:39,930 : INFO : ball_device.bd_trough : Eject successful
2025-04-13 21:58:39,930 : INFO : EventManager : Event: ======'balldevice_bd_trough_ball_eject_success'====== Args={'balls': 1, 'target': <ball_device.bd_shooter_lane>}
2025-04-13 21:58:39,930 : INFO : ball_device.bd_shooter_lane : State: waiting_for_target_ready
2025-04-13 21:58:39,930 : INFO : EventManager : Event: ======'balldevice_bd_shooter_lane_ball_eject_attempt'====== Args={'balls': 1, 'target': <playfield.playfield>, 'source': <ball_device.bd_shooter_lane>, 'mechanical_eject': True, 'num_attempts': 0}
2025-04-13 21:58:39,931 : INFO : EventManager : Event: ======'balldevice_bd_trough_ball_count_changed'====== Args={'balls': 2}
2025-04-13 21:58:39,931 : INFO : ball_device.bd_trough : State: idle
2025-04-13 21:58:39,932 : INFO : ball_device.bd_shooter_lane : State: ejecting
2025-04-13 21:58:39,932 : INFO : ball_device.bd_shooter_lane : Ejecting ball to <playfield.playfield>
2025-04-13 21:58:39,932 : INFO : EventManager : Event: ======'balldevice_bd_shooter_lane_ejecting_ball'====== Args={'balls': 1, 'target': <playfield.playfield>, 'source': <ball_device.bd_shooter_lane>, 'mechanical_eject': True, 'num_attempts': 0}
2025-04-13 21:58:39,935 : INFO : ball_device.bd_shooter_lane : Wait for ball to leave device
2025-04-13 21:58:40,532 : INFO : SwitchController : <<<<<<< 's_shooter_lane' inactive >>>>>>>
2025-04-13 21:58:40,533 : INFO : ball_device.bd_shooter_lane : State: ball_left
2025-04-13 21:58:40,533 : INFO : ball_device.bd_shooter_lane : Ball left
2025-04-13 21:58:40,533 : INFO : ball_device.bd_shooter_lane : Wait for confirm with timeout 5.0
2025-04-13 21:58:40,548 : INFO : SwitchController : <<<<<<< 's_shooter_lane' active >>>>>>>
2025-04-13 21:58:40,548 : INFO : EventManager : Event: ======'machine_var_audits_switches_s_shooter_lane'====== Args={'value': 240, 'prev_value': 239, 'change': 1}
2025-04-13 21:58:40,549 : INFO : SwitchController : <<<<<<< 's_shooter_lane' inactive >>>>>>>
2025-04-13 21:58:42,081 : INFO : SwitchController : <<<<<<< 's_3bank_tgt_d' active >>>>>>>
2025-04-13 21:58:42,082 : INFO : EventManager : Event: ======'s_3bank_tgt_d_active'====== Args={}
2025-04-13 21:58:42,082 : INFO : EventManager : Event: ======'playfield_active'====== Args={'source': 'front'}
2025-04-13 21:58:42,082 : INFO : EventManager : Event: ======'drop_target_front_down'====== Args={'device': <drop_target.front>}
2025-04-13 21:58:42,082 : INFO : EventManager : Event: ======'drop_target_bank_vuk_bank_mixed'====== Args={'prev_value': <DropTargetBankState.UP: 'up'>, 'down': 1}
2025-04-13 21:58:42,082 : INFO : EventManager : Event: ======'machine_var_audits_switches_s_3bank_tgt_d'====== Args={'value': 42, 'prev_value': 41, 'change': 1}
2025-04-13 21:58:42,084 : INFO : EventManager : Event: ======'check_dog_bank_complete'====== Args={'priority': 0}
2025-04-13 21:58:42,085 : INFO : ball_device.bd_shooter_lane : Got eject confirm
2025-04-13 21:58:42,085 : INFO : ball_device.bd_shooter_lane : Eject successful
2025-04-13 21:58:42,085 : INFO : EventManager : Event: ======'balldevice_bd_shooter_lane_ball_eject_success'====== Args={'balls': 1, 'target': <playfield.playfield>}
2025-04-13 21:58:42,085 : INFO : EventManager : Event: ======'ball_save_ball_save_timer_start'====== Args={}
2025-04-13 21:58:42,086 : INFO : EventManager : Event: ======'balldevice_playfield_ball_enter'====== Args={'new_balls': 1, 'unclaimed_balls': 1, 'device': <playfield.playfield>}
2025-04-13 21:58:42,086 : INFO : EventManager : Event: ======'playfield_ball_count_change'====== Args={'balls': 1, 'change': 1}
2025-04-13 21:58:42,087 : INFO : EventManager : Event: ======'balldevice_bd_shooter_lane_ball_count_changed'====== Args={'balls': 0}
2025-04-13 21:58:42,087 : INFO : ball_device.bd_shooter_lane : State: idle
2025-04-13 21:58:42,360 : INFO : SwitchController : <<<<<<< 's_3bank_tgt_o' active >>>>>>>
2025-04-13 21:58:42,360 : INFO : EventManager : Event: ======'s_3bank_tgt_o_active'====== Args={}
2025-04-13 21:58:42,360 : INFO : EventManager : Event: ======'drop_target_middle_down'====== Args={'device': <drop_target.middle>}
2025-04-13 21:58:42,361 : INFO : EventManager : Event: ======'drop_target_bank_vuk_bank_mixed'====== Args={'prev_value': <DropTargetBankState.MIXED: 'mixed'>, 'down': 2}
2025-04-13 21:58:42,361 : INFO : EventManager : Event: ======'machine_var_audits_switches_s_3bank_tgt_o'====== Args={'value': 47, 'prev_value': 46, 'change': 1}
2025-04-13 21:58:42,361 : INFO : EventManager : Event: ======'check_dog_bank_complete'====== Args={'priority': 0}
2025-04-13 21:58:42,732 : INFO : SwitchController : <<<<<<< 's_3bank_tgt_g' active >>>>>>>
2025-04-13 21:58:42,732 : INFO : EventManager : Event: ======'s_3bank_tgt_g_active'====== Args={}
2025-04-13 21:58:42,733 : INFO : EventManager : Event: ======'drop_target_back_down'====== Args={'device': <drop_target.back>}
2025-04-13 21:58:42,733 : INFO : EventManager : Event: ======'drop_target_bank_vuk_bank_down'====== Args={}
2025-04-13 21:58:42,733 : INFO : EventManager : Event: ======'machine_var_audits_switches_s_3bank_tgt_g'====== Args={'value': 55, 'prev_value': 54, 'change': 1}
2025-04-13 21:58:42,733 : INFO : EventManager : Event: ======'check_dog_bank_complete'====== Args={'priority': 0}
2025-04-13 21:58:42,734 : INFO : EventManager : Event: ======'dog_bank_targets_complete'====== Args={'priority': 0}
2025-04-13 21:58:42,734 : INFO : Mode.mode_switcher : Qualifying Dog Hunt mode
2025-04-13 21:58:42,734 : INFO : EventManager : Event: ======'machine_var_qualified_mode'====== Args={'value': 'dog_hunt', 'prev_value': 'none', 'change': True}
2025-04-13 21:58:42,734 : INFO : EventManager : Event: ======'mode_qualification_achieved'====== Args={}
2025-04-13 21:58:42,734 : INFO : EventManager : Event: ======'qualify_dog_hunt_mode'====== Args={}
2025-04-13 21:58:42,735 : INFO : coil.c_drop_target : Pulsing Driver for 30ms (1.0 pulse_power)
2025-04-13 21:58:42,735 : INFO : EventManager : Event: ======'disable_all_mode_qualifications'====== Args={'priority': 0}
2025-04-13 21:58:42,735 : INFO : drop_target_bank.vuk_bank : 3 targets are down. Will reset those.
2025-04-13 21:58:42,764 : INFO : coil.c_drop_target : Pulsing Driver for 30ms (1.0 pulse_power)
2025-04-13 21:58:42,764 : INFO : SwitchController : <<<<<<< 's_3bank_tgt_g' inactive (muted) >>>>>>>
2025-04-13 21:58:42,764 : INFO : SwitchController : <<<<<<< 's_3bank_tgt_o' inactive (muted) >>>>>>>
2025-04-13 21:58:42,764 : INFO : SwitchController : <<<<<<< 's_3bank_tgt_d' inactive (muted) >>>>>>>
2025-04-13 21:58:43,273 : INFO : EventManager : Event: ======'drop_target_front_up'====== Args={'device': <drop_target.front>}
2025-04-13 21:58:43,273 : INFO : EventManager : Event: ======'drop_target_middle_up'====== Args={'device': <drop_target.middle>}
2025-04-13 21:58:43,273 : INFO : EventManager : Event: ======'drop_target_back_up'====== Args={'device': <drop_target.back>}
2025-04-13 21:58:43,273 : INFO : EventManager : Event: ======'drop_target_bank_vuk_bank_up'====== Args={}
2025-04-13 21:58:43,720 : INFO : drop_target_bank.vuk_bank : All targets are already up. Will not reset bank.
2025-04-13 21:58:44,646 : INFO : SwitchController : <<<<<<< 's_mode_opto' active >>>>>>>
2025-04-13 21:58:44,646 : INFO : EventManager : Event: ======'s_mode_opto_active'====== Args={}
2025-04-13 21:58:44,646 : INFO : EventManager : Event: ======'machine_var_audits_switches_s_mode_opto'====== Args={'value': 129, 'prev_value': 128, 'change': 1}
2025-04-13 21:58:44,650 : INFO : Mode.mode_switcher : Starting Dog Hunt mode from VUK hit
2025-04-13 21:58:44,650 : INFO : EventManager : Event: ======'machine_var_qualified_mode'====== Args={'value': 'none', 'prev_value': 'dog_hunt', 'change': True}
2025-04-13 21:58:44,650 : INFO : EventManager : Event: ======'mode_dog_hunt_start'====== Args={}
2025-04-13 21:58:44,650 : INFO : EventManager : Event: ======'check_mode_opto'====== Args={'priority': 0}
2025-04-13 21:58:44,651 : INFO : EventManager : Event: ======'check_available_modes'====== Args={'priority': 0}
2025-04-13 21:58:44,651 : INFO : EventManager : Event: ======'mode_dog_hunt_will_start'====== Args={}
2025-04-13 21:58:44,651 : INFO : EventManager : Event: ======'player_dog_hunt_dog_hunt_timer_tick'====== Args={'value': 60, 'prev_value': 0, 'change': 60, 'player_num': 1}
2025-04-13 21:58:44,653 : INFO : EventManager : Event: ======'mode_dog_hunt_starting'====== Args={}
2025-04-13 21:58:44,653 : INFO : EventManager : Event: ======'check_dog_hunt_mode'====== Args={'priority': 0}
2025-04-13 21:58:44,654 : INFO : EventManager : Event: ======'start_mode_dog_hunt'====== Args={'priority': 0}
2025-04-13 21:58:44,654 : INFO : EventManager : Event: ======'mode_dog_hunt_start'====== Args={'priority': 0}
2025-04-13 21:58:44,666 : INFO : EventManager : Event: ======'logicblock_spinner_counter_updated'====== Args={'value': 0, 'enabled': True}
2025-04-13 21:58:44,667 : INFO : EventManager : Event: ======'logicblock_spinner_counter_updated'====== Args={'value': 0, 'enabled': True}
2025-04-13 21:58:44,667 : INFO : Mode.dog_hunt : Started. Priority: 300
2025-04-13 21:58:44,667 : INFO : EventManager : Event: ======'modes_active_modes_changed'====== Args={}
2025-04-13 21:58:44,667 : INFO : EventManager : Event: ======'mode_dog_hunt_started'====== Args={}
2025-04-13 21:58:44,667 : INFO : Timer.dog_hunt_timer : Starting Timer.
2025-04-13 21:58:44,667 : INFO : EventManager : Event: ======'timer_dog_hunt_timer_started'====== Args={'ticks': 60, 'ticks_remaining': 60}
2025-04-13 21:58:44,667 : INFO : EventManager : Event: ======'timer_dog_hunt_timer_tick'====== Args={'ticks': 60, 'ticks_remaining': 60}
2025-04-13 21:58:44,667 : INFO : Mode.dog_hunt : Dog Hunt mode started
2025-04-13 21:58:44,668 : INFO : EventManager : Event: ======'player_game_mode_active'====== Args={'value': True, 'prev_value': 0, 'change': 1, 'player_num': 1}
2025-04-13 21:58:44,668 : INFO : EventManager : Event: ======'player_current_game_mode'====== Args={'value': 'dog_hunt', 'prev_value': 'None', 'change': True, 'player_num': 1}
2025-04-13 21:58:44,668 : INFO : EventManager : Event: ======'mode_started'====== Args={'mode': 'dog_hunt'}
2025-04-13 21:58:44,668 : INFO : Timer.mode_timer : Starting Timer.
2025-04-13 21:58:44,668 : INFO : EventManager : Event: ======'timer_mode_timer_started'====== Args={'ticks': 60, 'ticks_remaining': 60}
2025-04-13 21:58:44,668 : INFO : EventManager : Event: ======'timer_mode_timer_tick'====== Args={'ticks': 60, 'ticks_remaining': 60}
2025-04-13 21:58:44,669 : INFO : SwitchController : <<<<<<< 's_mode_opto' inactive >>>>>>>
2025-04-13 21:58:44,723 : INFO : SwitchController : <<<<<<< 's_mode_opto' active >>>>>>>
2025-04-13 21:58:44,723 : INFO : EventManager : Event: ======'s_mode_opto_active'====== Args={}
2025-04-13 21:58:44,724 : INFO : EventManager : Event: ======'machine_var_audits_switches_s_mode_opto'====== Args={'value': 130, 'prev_value': 129, 'change': 1}
2025-04-13 21:58:44,726 : INFO : EventManager : Event: ======'check_mode_opto'====== Args={'priority': 0}
2025-04-13 21:58:44,831 : INFO : EventManager : Event: ======'balldevice_bd_mode_ball_count_changed'====== Args={'balls': 1}
2025-04-13 21:58:44,832 : INFO : ball_device.bd_mode : Received unexpected ball
2025-04-13 21:58:44,832 : INFO : EventManager : Event: ======'balldevice_captured_from_playfield'====== Args={'balls': 1}
2025-04-13 21:58:44,832 : INFO : EventManager : Event: ======'sw_playfield_active'====== Args={'balls': 1}
2025-04-13 21:58:44,832 : INFO : EventManager : Event: ======'playfield_ball_count_change'====== Args={'balls': 0, 'change': -1}
2025-04-13 21:58:44,833 : INFO : EventManager : Event: ======'balldevice_bd_mode_ball_enter'====== Args={'new_balls': 1, 'unclaimed_balls': 1, 'new_available_balls': 1, 'device': <ball_device.bd_mode>}
2025-04-13 21:58:44,833 : INFO : ball_device.bd_mode : Ejecting 1 unexpected balls using path deque([<ball_device.bd_mode>, <playfield.playfield>])
2025-04-13 21:58:44,834 : INFO : EventManager : Event: ======'balldevice_balls_available'====== Args={}
2025-04-13 21:58:44,834 : INFO : EventManager : Event: ======'balldevice_balls_available'====== Args={}
2025-04-13 21:58:44,834 : INFO : EventManager : Event: ======'balldevice_bd_mode_ball_entered'====== Args={'new_balls': 1, 'device': <ball_device.bd_mode>}
2025-04-13 21:58:44,835 : INFO : ball_device.bd_mode : State: waiting_for_target_ready
2025-04-13 21:58:44,836 : INFO : EventManager : Event: ======'balldevice_bd_mode_ball_eject_attempt'====== Args={'balls': 1, 'target': <playfield.playfield>, 'source': <ball_device.bd_mode>, 'mechanical_eject': False, 'num_attempts': 0}
2025-04-13 21:58:44,837 : INFO : ball_device.bd_mode : State: ejecting
2025-04-13 21:58:44,837 : INFO : ball_device.bd_mode : Ejecting ball to <playfield.playfield>
2025-04-13 21:58:44,837 : INFO : EventManager : Event: ======'balldevice_bd_mode_ejecting_ball'====== Args={'balls': 1, 'target': <playfield.playfield>, 'source': <ball_device.bd_mode>, 'mechanical_eject': False, 'num_attempts': 0}
2025-04-13 21:58:44,838 : INFO : ball_device.bd_mode : Wait for ball to leave device
2025-04-13 21:58:44,839 : INFO : coil.c_mode_vuk : Pulsing Driver for 30ms (1.0 pulse_power)
2025-04-13 21:58:44,955 : INFO : SwitchController : <<<<<<< 's_mode_opto' inactive >>>>>>>
2025-04-13 21:58:44,957 : INFO : ball_device.bd_mode : State: ball_left
2025-04-13 21:58:44,957 : INFO : ball_device.bd_mode : Ball left
2025-04-13 21:58:44,958 : INFO : ball_device.bd_mode : Wait for confirm with timeout 3.0
2025-04-13 21:58:45,688 : INFO : EventManager : Event: ======'player_base_mode_timer_tick'====== Args={'value': 59, 'prev_value': 60, 'change': -1, 'player_num': 1}
2025-04-13 21:58:45,688 : INFO : EventManager : Event: ======'timer_mode_timer_tick'====== Args={'ticks': 59, 'ticks_remaining': 59}
2025-04-13 21:58:45,688 : INFO : EventManager : Event: ======'player_dog_hunt_dog_hunt_timer_tick'====== Args={'value': 59, 'prev_value': 60, 'change': -1, 'player_num': 1}
2025-04-13 21:58:45,688 : INFO : EventManager : Event: ======'timer_dog_hunt_timer_tick'====== Args={'ticks': 59, 'ticks_remaining': 59}
2025-04-13 21:58:46,675 : INFO : EventManager : Event: ======'player_dog_hunt_dog_hunt_timer_tick'====== Args={'value': 58, 'prev_value': 59, 'change': -1, 'player_num': 1}
2025-04-13 21:58:46,676 : INFO : EventManager : Event: ======'timer_dog_hunt_timer_tick'====== Args={'ticks': 58, 'ticks_remaining': 58}
2025-04-13 21:58:46,677 : INFO : EventManager : Event: ======'player_base_mode_timer_tick'====== Args={'value': 58, 'prev_value': 59, 'change': -1, 'player_num': 1}
2025-04-13 21:58:46,677 : INFO : EventManager : Event: ======'timer_mode_timer_tick'====== Args={'ticks': 58, 'ticks_remaining': 58}
2025-04-13 21:58:47,676 : INFO : EventManager : Event: ======'player_base_mode_timer_tick'====== Args={'value': 57, 'prev_value': 58, 'change': -1, 'player_num': 1}
2025-04-13 21:58:47,677 : INFO : EventManager : Event: ======'timer_mode_timer_tick'====== Args={'ticks': 57, 'ticks_remaining': 57}
2025-04-13 21:58:47,677 : INFO : EventManager : Event: ======'player_dog_hunt_dog_hunt_timer_tick'====== Args={'value': 57, 'prev_value': 58, 'change': -1, 'player_num': 1}
2025-04-13 21:58:47,677 : INFO : EventManager : Event: ======'timer_dog_hunt_timer_tick'====== Args={'ticks': 57, 'ticks_remaining': 57}
2025-04-13 21:58:47,956 : INFO : ball_device.bd_mode : State: failed_confirm
2025-04-13 21:58:47,956 : INFO : ball_device.bd_mode : Got timeout (3.0s) before confirm from <playfield.playfield>
2025-04-13 21:58:48,046 : INFO : ball_device.bd_mode : Confirming eject because target is playfield and ball did not return.
2025-04-13 21:58:48,047 : INFO : ball_device.bd_mode : Eject successful
2025-04-13 21:58:48,047 : INFO : EventManager : Event: ======'balldevice_bd_mode_ball_eject_success'====== Args={'balls': 1, 'target': <playfield.playfield>}
2025-04-13 21:58:48,047 : INFO : EventManager : Event: ======'balldevice_playfield_ball_enter'====== Args={'new_balls': 1, 'unclaimed_balls': 1, 'device': <playfield.playfield>}
2025-04-13 21:58:48,047 : INFO : EventManager : Event: ======'playfield_ball_count_change'====== Args={'balls': 1, 'change': 1}
2025-04-13 21:58:48,047 : INFO : EventManager : Event: ======'balldevice_bd_mode_ball_count_changed'====== Args={'balls': 0}
2025-04-13 21:58:48,047 : INFO : ball_device.bd_mode : State: idle
2025-04-13 21:58:48,668 : INFO : EventManager : Event: ======'player_base_mode_timer_tick'====== Args={'value': 56, 'prev_value': 57, 'change': -1, 'player_num': 1}
2025-04-13 21:58:48,669 : INFO : EventManager : Event: ======'timer_mode_timer_tick'====== Args={'ticks': 56, 'ticks_remaining': 56}
2025-04-13 21:58:48,670 : INFO : EventManager : Event: ======'player_dog_hunt_dog_hunt_timer_tick'====== Args={'value': 56, 'prev_value': 57, 'change': -1, 'player_num': 1}
2025-04-13 21:58:48,670 : INFO : EventManager : Event: ======'timer_dog_hunt_timer_tick'====== Args={'ticks': 56, 'ticks_remaining': 56}
2025-04-13 21:58:49,071 : INFO : EventManager : Event: ======'ball_save_ball_save_hurry_up'====== Args={}
2025-04-13 21:58:49,678 : INFO : EventManager : Event: ======'player_base_mode_timer_tick'====== Args={'value': 55, 'prev_value': 56, 'change': -1, 'player_num': 1}
2025-04-13 21:58:49,679 : INFO : EventManager : Event: ======'timer_mode_timer_tick'====== Args={'ticks': 55, 'ticks_remaining': 55}
2025-04-13 21:58:49,681 : INFO : EventManager : Event: ======'player_dog_hunt_dog_hunt_timer_tick'====== Args={'value': 55, 'prev_value': 56, 'change': -1, 'player_num': 1}
2025-04-13 21:58:49,681 : INFO : EventManager : Event: ======'timer_dog_hunt_timer_tick'====== Args={'ticks': 55, 'ticks_remaining': 55}
2025-04-13 21:58:50,674 : INFO : EventManager : Event: ======'player_dog_hunt_dog_hunt_timer_tick'====== Args={'value': 54, 'prev_value': 55, 'change': -1, 'player_num': 1}
2025-04-13 21:58:50,675 : INFO : EventManager : Event: ======'timer_dog_hunt_timer_tick'====== Args={'ticks': 54, 'ticks_remaining': 54}
2025-04-13 21:58:50,676 : INFO : EventManager : Event: ======'player_base_mode_timer_tick'====== Args={'value': 54, 'prev_value': 55, 'change': -1, 'player_num': 1}
2025-04-13 21:58:50,676 : INFO : EventManager : Event: ======'timer_mode_timer_tick'====== Args={'ticks': 54, 'ticks_remaining': 54}
2025-04-13 21:58:51,675 : INFO : EventManager : Event: ======'player_base_mode_timer_tick'====== Args={'value': 53, 'prev_value': 54, 'change': -1, 'player_num': 1}
2025-04-13 21:58:51,676 : INFO : EventManager : Event: ======'timer_mode_timer_tick'====== Args={'ticks': 53, 'ticks_remaining': 53}
2025-04-13 21:58:51,677 : INFO : EventManager : Event: ======'player_dog_hunt_dog_hunt_timer_tick'====== Args={'value': 53, 'prev_value': 54, 'change': -1, 'player_num': 1}
2025-04-13 21:58:51,677 : INFO : EventManager : Event: ======'timer_dog_hunt_timer_tick'====== Args={'ticks': 53, 'ticks_remaining': 53}
2025-04-13 21:58:52,081 : INFO : EventManager : Event: ======'ball_save_ball_save_grace_period'====== Args={}
2025-04-13 21:58:52,671 : INFO : EventManager : Event: ======'player_base_mode_timer_tick'====== Args={'value': 52, 'prev_value': 53, 'change': -1, 'player_num': 1}
2025-04-13 21:58:52,672 : INFO : EventManager : Event: ======'timer_mode_timer_tick'====== Args={'ticks': 52, 'ticks_remaining': 52}
2025-04-13 21:58:52,672 : INFO : EventManager : Event: ======'player_dog_hunt_dog_hunt_timer_tick'====== Args={'value': 52, 'prev_value': 53, 'change': -1, 'player_num': 1}
2025-04-13 21:58:52,672 : INFO : EventManager : Event: ======'timer_dog_hunt_timer_tick'====== Args={'ticks': 52, 'ticks_remaining': 52}
2025-04-13 21:58:53,665 : INFO : EventManager : Event: ======'player_base_mode_timer_tick'====== Args={'value': 51, 'prev_value': 52, 'change': -1, 'player_num': 1}
2025-04-13 21:58:53,666 : INFO : EventManager : Event: ======'timer_mode_timer_tick'====== Args={'ticks': 51, 'ticks_remaining': 51}
2025-04-13 21:58:53,667 : INFO : EventManager : Event: ======'player_dog_hunt_dog_hunt_timer_tick'====== Args={'value': 51, 'prev_value': 52, 'change': -1, 'player_num': 1}
2025-04-13 21:58:53,667 : INFO : EventManager : Event: ======'timer_dog_hunt_timer_tick'====== Args={'ticks': 51, 'ticks_remaining': 51}
2025-04-13 21:58:54,073 : INFO : EventManager : Event: ======'ball_save_ball_save_disabled'====== Args={}
2025-04-13 21:58:54,680 : INFO : EventManager : Event: ======'player_base_mode_timer_tick'====== Args={'value': 50, 'prev_value': 51, 'change': -1, 'player_num': 1}
2025-04-13 21:58:54,680 : INFO : EventManager : Event: ======'timer_mode_timer_tick'====== Args={'ticks': 50, 'ticks_remaining': 50}
2025-04-13 21:58:54,680 : INFO : EventManager : Event: ======'player_dog_hunt_dog_hunt_timer_tick'====== Args={'value': 50, 'prev_value': 51, 'change': -1, 'player_num': 1}
2025-04-13 21:58:54,681 : INFO : EventManager : Event: ======'timer_dog_hunt_timer_tick'====== Args={'ticks': 50, 'ticks_remaining': 50}
2025-04-13 21:58:55,665 : INFO : EventManager : Event: ======'player_dog_hunt_dog_hunt_timer_tick'====== Args={'value': 49, 'prev_value': 50, 'change': -1, 'player_num': 1}
2025-04-13 21:58:55,667 : INFO : EventManager : Event: ======'timer_dog_hunt_timer_tick'====== Args={'ticks': 49, 'ticks_remaining': 49}
2025-04-13 21:58:55,667 : INFO : EventManager : Event: ======'player_base_mode_timer_tick'====== Args={'value': 49, 'prev_value': 50, 'change': -1, 'player_num': 1}
2025-04-13 21:58:55,668 : INFO : EventManager : Event: ======'timer_mode_timer_tick'====== Args={'ticks': 49, 'ticks_remaining': 49}
2025-04-13 21:58:56,678 : INFO : EventManager : Event: ======'player_base_mode_timer_tick'====== Args={'value': 48, 'prev_value': 49, 'change': -1, 'player_num': 1}
2025-04-13 21:58:56,679 : INFO : EventManager : Event: ======'timer_mode_timer_tick'====== Args={'ticks': 48, 'ticks_remaining': 48}
2025-04-13 21:58:56,679 : INFO : EventManager : Event: ======'player_dog_hunt_dog_hunt_timer_tick'====== Args={'value': 48, 'prev_value': 49, 'change': -1, 'player_num': 1}
2025-04-13 21:58:56,680 : INFO : EventManager : Event: ======'timer_dog_hunt_timer_tick'====== Args={'ticks': 48, 'ticks_remaining': 48}
2025-04-13 21:58:57,673 : INFO : EventManager : Event: ======'player_dog_hunt_dog_hunt_timer_tick'====== Args={'value': 47, 'prev_value': 48, 'change': -1, 'player_num': 1}
2025-04-13 21:58:57,674 : INFO : EventManager : Event: ======'timer_dog_hunt_timer_tick'====== Args={'ticks': 47, 'ticks_remaining': 47}
2025-04-13 21:58:57,675 : INFO : EventManager : Event: ======'player_base_mode_timer_tick'====== Args={'value': 47, 'prev_value': 48, 'change': -1, 'player_num': 1}
2025-04-13 21:58:57,675 : INFO : EventManager : Event: ======'timer_mode_timer_tick'====== Args={'ticks': 47, 'ticks_remaining': 47}
2025-04-13 21:58:58,670 : INFO : EventManager : Event: ======'player_base_mode_timer_tick'====== Args={'value': 46, 'prev_value': 47, 'change': -1, 'player_num': 1}
2025-04-13 21:58:58,671 : INFO : EventManager : Event: ======'timer_mode_timer_tick'====== Args={'ticks': 46, 'ticks_remaining': 46}
2025-04-13 21:58:58,671 : INFO : EventManager : Event: ======'player_dog_hunt_dog_hunt_timer_tick'====== Args={'value': 46, 'prev_value': 47, 'change': -1, 'player_num': 1}
2025-04-13 21:58:58,672 : INFO : EventManager : Event: ======'timer_dog_hunt_timer_tick'====== Args={'ticks': 46, 'ticks_remaining': 46}
2025-04-13 21:58:59,678 : INFO : EventManager : Event: ======'player_dog_hunt_dog_hunt_timer_tick'====== Args={'value': 45, 'prev_value': 46, 'change': -1, 'player_num': 1}
2025-04-13 21:58:59,679 : INFO : EventManager : Event: ======'timer_dog_hunt_timer_tick'====== Args={'ticks': 45, 'ticks_remaining': 45}
2025-04-13 21:58:59,681 : INFO : EventManager : Event: ======'player_base_mode_timer_tick'====== Args={'value': 45, 'prev_value': 46, 'change': -1, 'player_num': 1}
2025-04-13 21:58:59,681 : INFO : EventManager : Event: ======'timer_mode_timer_tick'====== Args={'ticks': 45, 'ticks_remaining': 45}
2025-04-13 21:59:00,677 : INFO : EventManager : Event: ======'player_base_mode_timer_tick'====== Args={'value': 44, 'prev_value': 45, 'change': -1, 'player_num': 1}
2025-04-13 21:59:00,678 : INFO : EventManager : Event: ======'timer_mode_timer_tick'====== Args={'ticks': 44, 'ticks_remaining': 44}
2025-04-13 21:59:00,679 : INFO : EventManager : Event: ======'player_dog_hunt_dog_hunt_timer_tick'====== Args={'value': 44, 'prev_value': 45, 'change': -1, 'player_num': 1}
2025-04-13 21:59:00,679 : INFO : EventManager : Event: ======'timer_dog_hunt_timer_tick'====== Args={'ticks': 44, 'ticks_remaining': 44}
2025-04-13 21:59:01,675 : INFO : EventManager : Event: ======'player_dog_hunt_dog_hunt_timer_tick'====== Args={'value': 43, 'prev_value': 44, 'change': -1, 'player_num': 1}
2025-04-13 21:59:01,676 : INFO : EventManager : Event: ======'timer_dog_hunt_timer_tick'====== Args={'ticks': 43, 'ticks_remaining': 43}
2025-04-13 21:59:01,676 : INFO : EventManager : Event: ======'player_base_mode_timer_tick'====== Args={'value': 43, 'prev_value': 44, 'change': -1, 'player_num': 1}
2025-04-13 21:59:01,677 : INFO : EventManager : Event: ======'timer_mode_timer_tick'====== Args={'ticks': 43, 'ticks_remaining': 43}
2025-04-13 21:59:02,673 : INFO : EventManager : Event: ======'player_base_mode_timer_tick'====== Args={'value': 42, 'prev_value': 43, 'change': -1, 'player_num': 1}
2025-04-13 21:59:02,673 : INFO : EventManager : Event: ======'timer_mode_timer_tick'====== Args={'ticks': 42, 'ticks_remaining': 42}
2025-04-13 21:59:02,673 : INFO : EventManager : Event: ======'player_dog_hunt_dog_hunt_timer_tick'====== Args={'value': 42, 'prev_value': 43, 'change': -1, 'player_num': 1}
2025-04-13 21:59:02,673 : INFO : EventManager : Event: ======'timer_dog_hunt_timer_tick'====== Args={'ticks': 42, 'ticks_remaining': 42}
2025-04-13 21:59:03,669 : INFO : EventManager : Event: ======'player_dog_hunt_dog_hunt_timer_tick'====== Args={'value': 41, 'prev_value': 42, 'change': -1, 'player_num': 1}
2025-04-13 21:59:03,669 : INFO : EventManager : Event: ======'timer_dog_hunt_timer_tick'====== Args={'ticks': 41, 'ticks_remaining': 41}
2025-04-13 21:59:03,669 : INFO : EventManager : Event: ======'player_base_mode_timer_tick'====== Args={'value': 41, 'prev_value': 42, 'change': -1, 'player_num': 1}
2025-04-13 21:59:03,670 : INFO : EventManager : Event: ======'timer_mode_timer_tick'====== Args={'ticks': 41, 'ticks_remaining': 41}
2025-04-13 21:59:04,678 : INFO : EventManager : Event: ======'player_base_mode_timer_tick'====== Args={'value': 40, 'prev_value': 41, 'change': -1, 'player_num': 1}
2025-04-13 21:59:04,678 : INFO : EventManager : Event: ======'timer_mode_timer_tick'====== Args={'ticks': 40, 'ticks_remaining': 40}
2025-04-13 21:59:04,679 : INFO : EventManager : Event: ======'player_dog_hunt_dog_hunt_timer_tick'====== Args={'value': 40, 'prev_value': 41, 'change': -1, 'player_num': 1}
2025-04-13 21:59:04,680 : INFO : EventManager : Event: ======'timer_dog_hunt_timer_tick'====== Args={'ticks': 40, 'ticks_remaining': 40}
2025-04-13 21:59:05,677 : INFO : EventManager : Event: ======'player_dog_hunt_dog_hunt_timer_tick'====== Args={'value': 39, 'prev_value': 40, 'change': -1, 'player_num': 1}
2025-04-13 21:59:05,680 : INFO : EventManager : Event: ======'timer_dog_hunt_timer_tick'====== Args={'ticks': 39, 'ticks_remaining': 39}
2025-04-13 21:59:05,680 : INFO : EventManager : Event: ======'player_base_mode_timer_tick'====== Args={'value': 39, 'prev_value': 40, 'change': -1, 'player_num': 1}
2025-04-13 21:59:05,681 : INFO : EventManager : Event: ======'timer_mode_timer_tick'====== Args={'ticks': 39, 'ticks_remaining': 39}
2025-04-13 21:59:06,677 : INFO : EventManager : Event: ======'player_base_mode_timer_tick'====== Args={'value': 38, 'prev_value': 39, 'change': -1, 'player_num': 1}
2025-04-13 21:59:06,679 : INFO : EventManager : Event: ======'timer_mode_timer_tick'====== Args={'ticks': 38, 'ticks_remaining': 38}
2025-04-13 21:59:06,680 : INFO : EventManager : Event: ======'player_dog_hunt_dog_hunt_timer_tick'====== Args={'value': 38, 'prev_value': 39, 'change': -1, 'player_num': 1}
2025-04-13 21:59:06,680 : INFO : EventManager : Event: ======'timer_dog_hunt_timer_tick'====== Args={'ticks': 38, 'ticks_remaining': 38}
2025-04-13 21:59:07,672 : INFO : EventManager : Event: ======'player_dog_hunt_dog_hunt_timer_tick'====== Args={'value': 37, 'prev_value': 38, 'change': -1, 'player_num': 1}
2025-04-13 21:59:07,673 : INFO : EventManager : Event: ======'timer_dog_hunt_timer_tick'====== Args={'ticks': 37, 'ticks_remaining': 37}
2025-04-13 21:59:07,673 : INFO : EventManager : Event: ======'player_base_mode_timer_tick'====== Args={'value': 37, 'prev_value': 38, 'change': -1, 'player_num': 1}
2025-04-13 21:59:07,673 : INFO : EventManager : Event: ======'timer_mode_timer_tick'====== Args={'ticks': 37, 'ticks_remaining': 37}
2025-04-13 21:59:08,666 : INFO : EventManager : Event: ======'player_base_mode_timer_tick'====== Args={'value': 36, 'prev_value': 37, 'change': -1, 'player_num': 1}
2025-04-13 21:59:08,667 : INFO : EventManager : Event: ======'timer_mode_timer_tick'====== Args={'ticks': 36, 'ticks_remaining': 36}
2025-04-13 21:59:08,667 : INFO : EventManager : Event: ======'player_dog_hunt_dog_hunt_timer_tick'====== Args={'value': 36, 'prev_value': 37, 'change': -1, 'player_num': 1}
2025-04-13 21:59:08,667 : INFO : EventManager : Event: ======'timer_dog_hunt_timer_tick'====== Args={'ticks': 36, 'ticks_remaining': 36}
2025-04-13 21:59:09,665 : INFO : EventManager : Event: ======'player_dog_hunt_dog_hunt_timer_tick'====== Args={'value': 35, 'prev_value': 36, 'change': -1, 'player_num': 1}
2025-04-13 21:59:09,666 : INFO : EventManager : Event: ======'timer_dog_hunt_timer_tick'====== Args={'ticks': 35, 'ticks_remaining': 35}
2025-04-13 21:59:09,666 : INFO : EventManager : Event: ======'player_base_mode_timer_tick'====== Args={'value': 35, 'prev_value': 36, 'change': -1, 'player_num': 1}
2025-04-13 21:59:09,666 : INFO : EventManager : Event: ======'timer_mode_timer_tick'====== Args={'ticks': 35, 'ticks_remaining': 35}
2025-04-13 21:59:10,672 : INFO : EventManager : Event: ======'player_base_mode_timer_tick'====== Args={'value': 34, 'prev_value': 35, 'change': -1, 'player_num': 1}
2025-04-13 21:59:10,672 : INFO : EventManager : Event: ======'timer_mode_timer_tick'====== Args={'ticks': 34, 'ticks_remaining': 34}
2025-04-13 21:59:10,672 : INFO : EventManager : Event: ======'player_dog_hunt_dog_hunt_timer_tick'====== Args={'value': 34, 'prev_value': 35, 'change': -1, 'player_num': 1}
2025-04-13 21:59:10,672 : INFO : EventManager : Event: ======'timer_dog_hunt_timer_tick'====== Args={'ticks': 34, 'ticks_remaining': 34}
2025-04-13 21:59:10,686 : INFO : Machine : Shutting down...
2025-04-13 21:59:10,686 : INFO : EventManager : Event: ======'shutdown'====== Args={}
2025-04-13 21:59:10,686 : INFO : EventManager : Event: ======'mode_game_will_stop'====== Args={}
2025-04-13 21:59:10,686 : INFO : EventManager : Event: ======'mode_game_stopping'====== Args={}
2025-04-13 21:59:10,688 : INFO : EventManager : Event: ======'mode_base_will_stop'====== Args={}
2025-04-13 21:59:10,688 : INFO : EventManager : Event: ======'mode_base_stopping'====== Args={}
2025-04-13 21:59:10,688 : INFO : EventManager : Event: ======'mode_dog_hunt_will_stop'====== Args={}
2025-04-13 21:59:10,688 : INFO : EventManager : Event: ======'mode_dog_hunt_stopping'====== Args={}
2025-04-13 21:59:10,688 : INFO : EventManager : Event: ======'mode_mode_switcher_will_stop'====== Args={}
2025-04-13 21:59:10,688 : INFO : EventManager : Event: ======'mode_mode_switcher_stopping'====== Args={}
2025-04-13 21:59:10,689 : INFO : Mode.mode_switcher : Stopped.
2025-04-13 21:59:10,689 : INFO : EventManager : Event: ======'modes_active_modes_changed'====== Args={}
2025-04-13 21:59:10,689 : INFO : EventManager : Event: ======'mode_mode_switcher_stopped'====== Args={}
2025-04-13 21:59:10,689 : INFO : EventManager : Event: ======'clear'====== Args={'key': 'mode_switcher'}
2025-04-13 21:59:10,689 : INFO : Mode.dog_hunt : Stopped.
2025-04-13 21:59:10,689 : INFO : EventManager : Event: ======'modes_active_modes_changed'====== Args={}
2025-04-13 21:59:10,689 : INFO : EventManager : Event: ======'mode_dog_hunt_stopped'====== Args={}
2025-04-13 21:59:10,689 : INFO : EventManager : Event: ======'clear'====== Args={'key': 'dog_hunt'}
2025-04-13 21:59:10,689 : INFO : Mode.dog_hunt : Dog Hunt mode stopped
2025-04-13 21:59:10,689 : INFO : EventManager : Event: ======'player_game_mode_active'====== Args={'value': False, 'prev_value': True, 'change': -1, 'player_num': 1}
2025-04-13 21:59:10,689 : INFO : EventManager : Event: ======'player_current_game_mode'====== Args={'value': 'none', 'prev_value': 'dog_hunt', 'change': True, 'player_num': 1}
2025-04-13 21:59:10,689 : INFO : Timer.dog_hunt_timer : Stopping Timer
2025-04-13 21:59:10,689 : INFO : EventManager : Event: ======'timer_dog_hunt_timer_stopped'====== Args={'ticks': 34, 'ticks_remaining': 34}
2025-04-13 21:59:10,689 : INFO : Mode.base : Stopped.
2025-04-13 21:59:10,689 : INFO : EventManager : Event: ======'modes_active_modes_changed'====== Args={}
2025-04-13 21:59:10,689 : INFO : EventManager : Event: ======'mode_base_stopped'====== Args={}
2025-04-13 21:59:10,691 : INFO : EventManager : Event: ======'clear'====== Args={'key': 'base'}
2025-04-13 21:59:10,691 : INFO : Timer.mode_timer : Stopping Timer
2025-04-13 21:59:10,691 : INFO : EventManager : Event: ======'timer_mode_timer_stopped'====== Args={'ticks': 34, 'ticks_remaining': 34}
2025-04-13 21:59:10,691 : INFO : Mode.game : Stopped.
2025-04-13 21:59:10,691 : INFO : EventManager : Event: ======'modes_active_modes_changed'====== Args={}
2025-04-13 21:59:10,691 : INFO : EventManager : Event: ======'mode_game_stopped'====== Args={}
2025-04-13 21:59:10,691 : INFO : EventManager : Event: ======'clear'====== Args={'key': 'game'}
2025-04-13 21:59:10,799 : INFO : root : MPF run loop ended.
