2025-04-13 23:02:41,173 : INFO : root : Loading config.
2025-04-13 23:02:41,179 : INFO : YamlMultifileConfigLoader : Machine config file #1: config.yaml
2025-04-13 23:02:41,180 : INFO : ConfigProcessor : Loading config from cache: C:\Users\homebrew\AppData\Local\Temp\1ab83842b7c8ed7e1902272067ddcd2b.mpf_cache
2025-04-13 23:02:41,344 : INFO : ConfigProcessor : Loading config from cache: C:\Users\homebrew\AppData\Local\Temp\163fd46608d3c9469758c6512b5a030d.mpf_cache
2025-04-13 23:02:41,345 : INFO : ConfigProcessor : Loading config from cache: C:\Users\homebrew\AppData\Local\Temp\93e42568b1004e720dbdafbb285adaaa.mpf_cache
2025-04-13 23:02:41,345 : INFO : ConfigProcessor : Loading config from cache: C:\Users\homebrew\AppData\Local\Temp\5ffb3999d6de3e1d452090655c82bf2a.mpf_cache
2025-04-13 23:02:41,347 : INFO : ConfigProcessor : Loading config from cache: C:\Users\homebrew\AppData\Local\Temp\163fd46608d3c9469758c6512b5a030d.mpf_cache
2025-04-13 23:02:41,348 : INFO : ConfigProcessor : Loading config from cache: C:\Users\homebrew\AppData\Local\Temp\93e42568b1004e720dbdafbb285adaaa.mpf_cache
2025-04-13 23:02:41,349 : INFO : ConfigProcessor : Loading config from cache: C:\Users\homebrew\AppData\Local\Temp\8c668df6a84f4edcfda2189b877084c6.mpf_cache
2025-04-13 23:02:41,350 : INFO : ConfigProcessor : Loading config from cache: C:\Users\homebrew\AppData\Local\Temp\81d0f34cbd4c6d61cd4dad95e5100b6a.mpf_cache
2025-04-13 23:02:41,351 : INFO : ConfigProcessor : Loading config from cache: C:\Users\homebrew\AppData\Local\Temp\a714899e94406dd1f47e6e9bddbe0fef.mpf_cache
2025-04-13 23:02:41,353 : INFO : ConfigProcessor : Loading config from cache: C:\Users\homebrew\AppData\Local\Temp\fda2b21e4ff4c8a0b48d4f712bf7675f.mpf_cache
2025-04-13 23:02:41,355 : INFO : ConfigProcessor : Loading config from cache: C:\Users\homebrew\AppData\Local\Temp\9cbbeec60769b6bc8d00b63a89255fac.mpf_cache
2025-04-13 23:02:41,356 : INFO : ConfigProcessor : Loading config from cache: C:\Users\homebrew\AppData\Local\Temp\49c1bb27bb76c6488cf72d0e1887aaaa.mpf_cache
2025-04-13 23:02:41,357 : INFO : ConfigProcessor : Loading config from cache: C:\Users\homebrew\AppData\Local\Temp\eb740da6f3772dcfe6d89e142f4972f9.mpf_cache
2025-04-13 23:02:41,359 : INFO : ConfigProcessor : Loading config from cache: C:\Users\homebrew\AppData\Local\Temp\8e53cff45209557b74353625b1fb9c7d.mpf_cache
2025-04-13 23:02:41,359 : INFO : ConfigProcessor : Loading config from cache: C:\Users\homebrew\AppData\Local\Temp\75ead186cfb0eee4579e59d5d273b950.mpf_cache
2025-04-13 23:02:41,360 : INFO : ConfigProcessor : Loading config from cache: C:\Users\homebrew\AppData\Local\Temp\46ee3106793b7c66df6b24732de735de.mpf_cache
2025-04-13 23:02:41,362 : INFO : ConfigProcessor : Loading config from cache: C:\Users\homebrew\AppData\Local\Temp\a6f0737b5bca2a955dd9d538ee17b581.mpf_cache
2025-04-13 23:02:41,362 : INFO : ConfigProcessor : Loading config from cache: C:\Users\homebrew\AppData\Local\Temp\72ccc58689b118af298151666e9c5198.mpf_cache
2025-04-13 23:02:41,364 : INFO : ConfigProcessor : Loading config from cache: C:\Users\homebrew\AppData\Local\Temp\082c9c49689a7facf0c58e67d77b7f58.mpf_cache
2025-04-13 23:02:41,366 : INFO : Machine : Mission Pinball Framework Core Engine v0.80.0.dev4
2025-04-13 23:02:41,367 : INFO : Machine : Command line arguments: {'no_load_cache': False, 'create_config_cache': True, 'bcp': True, 'configfile': ['config.yaml'], 'force_assets_load': False, 'platform_integration_test': False, 'jsonlogging': False, 'logfile': 'logs\\2025-04-13-23-02-41-mpf-mpf.log', 'pause': False, 'production': False, 'text_ui': False, 'loglevel': 15, 'consoleloglevel': 20, 'force_platform': None, 'syslog_address': None, 'mc_file_name': None, 'no_sound': False, 'full_logfile_path': 'C:\\Users\\homebrew\\Documents\\GitHub\\Thing_Pinball\\logs\\2025-04-13-23-02-41-mpf-mpf.log'}
2025-04-13 23:02:41,367 : INFO : Machine : MPF path: C:\Users\homebrew\AppData\Local\Programs\Python\Python312\Lib\site-packages\mpf
2025-04-13 23:02:41,367 : INFO : Machine : Machine path: C:\Users\homebrew\Documents\GitHub\Thing_Pinball
2025-04-13 23:02:41,367 : INFO : Machine : Platform: win32
2025-04-13 23:02:41,367 : INFO : Machine : Python executable location: C:\Users\homebrew\AppData\Local\Programs\Python\Python312\python.exe
2025-04-13 23:02:41,367 : INFO : Machine : Python version: 3.12.3 (64-bit)
2025-04-13 23:02:41,372 : INFO : Machine : Initializing MPF...
2025-04-13 23:02:41,529 : INFO : FAST [NET] : Trying to connect to com4 at 921600bps
2025-04-13 23:02:41,534 : INFO : FAST [NET] : Connected to com4 at 921600bps
2025-04-13 23:02:41,539 : INFO : FAST [NET] : Connected to FP-CPU-2000 with firmware v02.21
2025-04-13 23:02:41,570 : INFO : FAST [NET] : Registered I/O Board 0: Model: FP-I/O-0024, Firmware: 01.10, Switches: 24, Drivers: 8
2025-04-13 23:02:41,586 : INFO : FAST [NET] : Registered I/O Board 1: Model: FP-I/O-3208, Firmware: 01.10, Switches: 32, Drivers: 8
2025-04-13 23:02:41,602 : INFO : FAST [NET] : Registered I/O Board 2: Model: FP-I/O-0804, Firmware: 01.10, Switches: 8, Drivers: 4
2025-04-13 23:02:41,617 : INFO : FAST [NET] : Registered I/O Board 3: Model: FP-I/O-0804, Firmware: 01.10, Switches: 8, Drivers: 4
2025-04-13 23:02:41,619 : INFO : EventManager : Event: ======'machine_var_credits_string'====== Args={'value': 'FREE PLAY', 'prev_value': None, 'change': True}
2025-04-13 23:02:41,669 : INFO : EventManager : Event: ======'machine_var_game_mode_ball_lock_complete'====== Args={'value': 0, 'prev_value': None, 'change': True}
2025-04-13 23:02:41,669 : INFO : EventManager : Event: ======'machine_var_game_mode_blood_test_complete'====== Args={'value': 0, 'prev_value': None, 'change': True}
2025-04-13 23:02:41,669 : INFO : EventManager : Event: ======'machine_var_game_mode_discovery_complete'====== Args={'value': 0, 'prev_value': None, 'change': True}
2025-04-13 23:02:41,669 : INFO : EventManager : Event: ======'machine_var_game_mode_dog_hunt_complete'====== Args={'value': 1, 'prev_value': None, 'change': True}
2025-04-13 23:02:41,669 : INFO : EventManager : Event: ======'machine_var_game_mode_infected_complete'====== Args={'value': 0, 'prev_value': None, 'change': True}
2025-04-13 23:02:41,669 : INFO : EventManager : Event: ======'machine_var_game_mode_multiball_complete'====== Args={'value': 0, 'prev_value': None, 'change': True}
2025-04-13 23:02:41,669 : INFO : EventManager : Event: ======'machine_var_game_mode_spider_head_complete'====== Args={'value': 0, 'prev_value': None, 'change': True}
2025-04-13 23:02:41,669 : INFO : EventManager : Event: ======'machine_var_game_mode_wizard_complete'====== Args={'value': 0, 'prev_value': None, 'change': True}
2025-04-13 23:02:41,670 : INFO : EventManager : Event: ======'machine_var_master_volume'====== Args={'value': 0.5, 'prev_value': None, 'change': True}
2025-04-13 23:02:41,670 : INFO : EventManager : Event: ======'machine_var_qualified_mode'====== Args={'value': 'None', 'prev_value': None, 'change': True}
2025-04-13 23:02:41,670 : INFO : EventManager : Event: ======'machine_var_mpf_version'====== Args={'value': 'Mission Pinball Framework v0.80.0.dev4', 'prev_value': None, 'change': True}
2025-04-13 23:02:41,670 : INFO : EventManager : Event: ======'machine_var_mpf_extended_version'====== Args={'value': 'Mission Pinball Framework v0.80.0.dev4, Config version:6, Show version: 6, BCP version:1.1', 'prev_value': None, 'change': True}
2025-04-13 23:02:41,670 : INFO : EventManager : Event: ======'machine_var_python_version'====== Args={'value': '3.12.3', 'prev_value': None, 'change': True}
2025-04-13 23:02:41,937 : INFO : EventManager : Event: ======'machine_var_platform'====== Args={'value': 'Windows-11-10.0.26100-SP0', 'prev_value': None, 'change': True}
2025-04-13 23:02:41,937 : INFO : EventManager : Event: ======'machine_var_platform_system'====== Args={'value': 'Windows', 'prev_value': None, 'change': True}
2025-04-13 23:02:41,937 : INFO : EventManager : Event: ======'machine_var_platform_release'====== Args={'value': '11', 'prev_value': None, 'change': True}
2025-04-13 23:02:41,938 : INFO : EventManager : Event: ======'machine_var_platform_version'====== Args={'value': '10.0.26100', 'prev_value': None, 'change': True}
2025-04-13 23:02:41,938 : INFO : EventManager : Event: ======'machine_var_platform_machine'====== Args={'value': 'AMD64', 'prev_value': None, 'change': True}
2025-04-13 23:02:41,938 : INFO : EventManager : Event: ======'machine_var_log_file_path'====== Args={'value': 'C:\\Users\\homebrew\\Documents\\GitHub\\Thing_Pinball\\logs\\2025-04-13-23-02-41-mpf-mpf.log', 'prev_value': None, 'change': True}
2025-04-13 23:02:41,938 : INFO : EventManager : Event: ======'init_phase_1'====== Args={}
2025-04-13 23:02:42,027 : WARNING : ConfigValidator : Unrecognized config setting. "fast_coils:c_diverter:pwm_on_ms" is not a valid setting name.
2025-04-13 23:02:42,027 : WARNING : ConfigValidator : Unrecognized config setting. "fast_coils:c_diverter:pwm_off_ms" is not a valid setting name.
2025-04-13 23:02:42,027 : WARNING : ConfigValidator : Unrecognized config setting. "fast_coils:c_up_post:pwm_on_ms" is not a valid setting name.
2025-04-13 23:02:42,027 : WARNING : ConfigValidator : Unrecognized config setting. "fast_coils:c_up_post:pwm_off_ms" is not a valid setting name.
2025-04-13 23:02:42,033 : WARNING : ConfigValidator : Unrecognized config setting. "ball_holds:mode_vuk_hold:auto_release_after" is not a valid setting name.
2025-04-13 23:02:42,033 : WARNING : ConfigValidator : Unrecognized config setting. "timed_switches:mode_vuk_delayed_eject:state_when_released" is not a valid setting name.
2025-04-13 23:02:42,034 : WARNING : ConfigValidator : Unrecognized config setting. "mode:ball_lock:multiball_locks:ball_lock:full_event" is not a valid setting name.
2025-04-13 23:02:42,034 : WARNING : ConfigValidator : Unrecognized config setting. "mode:ball_lock:multiball_locks:ball_lock:replace_balls_in_play" is not a valid setting name.
2025-04-13 23:02:42,035 : WARNING : ConfigValidator : Unrecognized config setting. "mode:dog_hunt:timers:dog_hunt_timer:events_when_complete" is not a valid setting name.
2025-04-13 23:02:42,035 : WARNING : ConfigValidator : Unrecognized config setting. "mode:base:timers:mode_timer:events_when_complete" is not a valid setting name.
2025-04-13 23:02:42,037 : WARNING : ConfigValidator : Unrecognized config setting. "mode:infected:timers:infected_timer:events_when_complete" is not a valid setting name.
2025-04-13 23:02:42,037 : WARNING : ConfigValidator : Unrecognized config setting. "mode:multiball:timers:multiball_jackpot_timer:events_when_complete" is not a valid setting name.
2025-04-13 23:02:42,038 : WARNING : ConfigValidator : Unrecognized config setting. "mode:multiball:timers:right_ramp_validity_timer:events_when_complete" is not a valid setting name.
2025-04-13 23:02:42,038 : WARNING : ConfigValidator : Unrecognized config setting. "mode:spider_head:timers:spider_head_timer:events_when_complete" is not a valid setting name.
2025-04-13 23:02:42,038 : WARNING : ConfigValidator : Unrecognized config setting. "mode:wizard:timers:wizard_timer:events_when_complete" is not a valid setting name.
2025-04-13 23:02:42,038 : WARNING : ConfigValidator : Unrecognized config setting. "mode:blood_test:timers:blood_test_timer:events_when_complete" is not a valid setting name.
2025-04-13 23:02:42,039 : WARNING : ConfigValidator : Unrecognized config setting. "mode:discovery:timers:discovery_timer:events_when_complete" is not a valid setting name.
2025-04-13 23:02:42,047 : INFO : EventManager : Event: ======'drop_target_bank_vuk_bank_up'====== Args={}
2025-04-13 23:02:42,048 : INFO : EventManager : Event: ======'logicblock_spinner_value_updated'====== Args={'value': 0, 'enabled': False}
2025-04-13 23:02:42,048 : INFO : EventManager : Event: ======'logicblock_newton_hit_counter_updated'====== Args={'value': 0, 'enabled': False}
2025-04-13 23:02:42,048 : INFO : EventManager : Event: ======'logicblock_diverter_pattern_updated'====== Args={'value': 0, 'enabled': False}
2025-04-13 23:02:42,048 : INFO : EventManager : Event: ======'logicblock_blood_target_counter_updated'====== Args={'value': 0, 'enabled': False}
2025-04-13 23:02:44,541 : WARNING : Machine : Iterating device collections directly is deprecated and will be removed. Access by value(): device_collections[switches] -> device_collections['switches'].values()
2025-04-13 23:02:44,542 : INFO : SwitchController : <<<<<<< 's_trough_6' active >>>>>>>
2025-04-13 23:02:44,542 : INFO : SwitchController : <<<<<<< 's_trough_7' active >>>>>>>
2025-04-13 23:02:44,542 : INFO : SwitchController : <<<<<<< 's_trough_ball' active >>>>>>>
2025-04-13 23:02:44,542 : INFO : SwitchController : <<<<<<< 's_ramp_up_1' active >>>>>>>
2025-04-13 23:02:44,542 : INFO : SwitchController : <<<<<<< 's_newton_opto_made' active >>>>>>>
2025-04-13 23:02:44,542 : INFO : SwitchController : <<<<<<< 's_start_button' active >>>>>>>
2025-04-13 23:02:44,544 : WARNING : ConfigValidator : Unrecognized config setting. "coil_player:enable_ms" is not a valid setting name.
2025-04-13 23:02:44,544 : WARNING : ConfigValidator : Unrecognized config setting. "coil_player:enable_ms" is not a valid setting name.
2025-04-13 23:02:44,549 : INFO : EventManager : Event: ======'init_phase_2'====== Args={}
2025-04-13 23:02:44,550 : INFO : SwitchController : Found active switch: (37, [FAST Platform Interface]) <switch.s_trough_6>
2025-04-13 23:02:44,550 : INFO : SwitchController : Found active switch: (38, [FAST Platform Interface]) <switch.s_trough_7>
2025-04-13 23:02:44,550 : INFO : SwitchController : Found active switch: (51, [FAST Platform Interface]) <switch.s_trough_ball>
2025-04-13 23:02:44,550 : INFO : SwitchController : Found active switch: (40, [FAST Platform Interface]) <switch.s_ramp_up_1>
2025-04-13 23:02:44,550 : INFO : SwitchController : Found active switch: (45, [FAST Platform Interface]) <switch.s_newton_opto_made>
2025-04-13 23:02:44,550 : INFO : SwitchController : Found active switch: (10, [FAST Platform Interface]) <switch.s_start_button>
2025-04-13 23:02:44,560 : WARNING : ConfigValidator : Unrecognized config setting. "slide_player:widgets" is not a valid setting name.
2025-04-13 23:02:44,560 : WARNING : ConfigValidator : Unrecognized config setting. "slide_player:widgets" is not a valid setting name.
2025-04-13 23:02:44,560 : WARNING : ConfigValidator : Unrecognized config setting. "slide_player:widgets" is not a valid setting name.
2025-04-13 23:02:44,561 : WARNING : ConfigValidator : Unrecognized config setting. "slide_player:widgets" is not a valid setting name.
2025-04-13 23:02:44,561 : WARNING : ConfigValidator : Unrecognized config setting. "slide_player:widgets" is not a valid setting name.
2025-04-13 23:02:44,561 : WARNING : ConfigValidator : Unrecognized config setting. "slide_player:widgets" is not a valid setting name.
2025-04-13 23:02:44,561 : WARNING : ConfigValidator : Unrecognized config setting. "slide_player:widgets" is not a valid setting name.
2025-04-13 23:02:44,561 : WARNING : ConfigValidator : Unrecognized config setting. "slide_player:widgets" is not a valid setting name.
2025-04-13 23:02:44,561 : WARNING : ConfigValidator : Unrecognized config setting. "slide_player:widgets" is not a valid setting name.
2025-04-13 23:02:44,561 : WARNING : ConfigValidator : Unrecognized config setting. "slide_player:widgets" is not a valid setting name.
2025-04-13 23:02:44,561 : WARNING : ConfigValidator : Unrecognized config setting. "slide_player:widgets" is not a valid setting name.
2025-04-13 23:02:44,561 : WARNING : ConfigValidator : Unrecognized config setting. "slide_player:widgets" is not a valid setting name.
2025-04-13 23:02:44,561 : WARNING : ConfigValidator : Unrecognized config setting. "slide_player:widgets" is not a valid setting name.
2025-04-13 23:02:44,561 : WARNING : ConfigValidator : Unrecognized config setting. "slide_player:widgets" is not a valid setting name.
2025-04-13 23:02:44,561 : WARNING : ConfigValidator : Unrecognized config setting. "slide_player:widgets" is not a valid setting name.
2025-04-13 23:02:44,562 : WARNING : ConfigValidator : Unrecognized config setting. "slide_player:widgets" is not a valid setting name.
2025-04-13 23:02:44,562 : WARNING : ConfigValidator : Unrecognized config setting. "slide_player:widgets" is not a valid setting name.
2025-04-13 23:02:44,562 : WARNING : ConfigValidator : Unrecognized config setting. "slide_player:widgets" is not a valid setting name.
2025-04-13 23:02:44,562 : WARNING : ConfigValidator : Unrecognized config setting. "slide_player:widgets" is not a valid setting name.
2025-04-13 23:02:44,565 : WARNING : ConfigValidator : Unrecognized config setting. "high_score:events_when_complete" is not a valid setting name.
2025-04-13 23:02:44,566 : INFO : EventManager : Event: ======'machine_var_score1_label'====== Args={'value': 'GRAND CHAMPION', 'prev_value': None, 'change': True}
2025-04-13 23:02:44,566 : INFO : EventManager : Event: ======'machine_var_score1_name'====== Args={'value': 'THING', 'prev_value': None, 'change': True}
2025-04-13 23:02:44,566 : INFO : EventManager : Event: ======'machine_var_score1_value'====== Args={'value': 5000000, 'prev_value': None, 'change': True}
2025-04-13 23:02:44,566 : INFO : EventManager : Event: ======'machine_var_score2_label'====== Args={'value': 'HIGH SCORE 1', 'prev_value': None, 'change': True}
2025-04-13 23:02:44,566 : INFO : EventManager : Event: ======'machine_var_score2_name'====== Args={'value': 'MPF', 'prev_value': None, 'change': True}
2025-04-13 23:02:44,566 : INFO : EventManager : Event: ======'machine_var_score2_value'====== Args={'value': 4000000, 'prev_value': None, 'change': True}
2025-04-13 23:02:44,566 : INFO : EventManager : Event: ======'machine_var_score3_label'====== Args={'value': 'HIGH SCORE 2', 'prev_value': None, 'change': True}
2025-04-13 23:02:44,566 : INFO : EventManager : Event: ======'machine_var_score3_name'====== Args={'value': 'PINBALL', 'prev_value': None, 'change': True}
2025-04-13 23:02:44,566 : INFO : EventManager : Event: ======'machine_var_score3_value'====== Args={'value': 3000000, 'prev_value': None, 'change': True}
2025-04-13 23:02:44,567 : INFO : EventManager : Event: ======'machine_var_score4_label'====== Args={'value': 'HIGH SCORE 3', 'prev_value': None, 'change': True}
2025-04-13 23:02:44,567 : INFO : EventManager : Event: ======'machine_var_score4_name'====== Args={'value': 'WIZARD', 'prev_value': None, 'change': True}
2025-04-13 23:02:44,567 : INFO : EventManager : Event: ======'machine_var_score4_value'====== Args={'value': 2000000, 'prev_value': None, 'change': True}
2025-04-13 23:02:44,567 : INFO : EventManager : Event: ======'machine_var_score5_label'====== Args={'value': 'HIGH SCORE 4', 'prev_value': None, 'change': True}
2025-04-13 23:02:44,567 : INFO : EventManager : Event: ======'machine_var_score5_name'====== Args={'value': 'PLAYER', 'prev_value': None, 'change': True}
2025-04-13 23:02:44,567 : INFO : EventManager : Event: ======'machine_var_score5_value'====== Args={'value': 1000000, 'prev_value': None, 'change': True}
2025-04-13 23:02:44,568 : INFO : EventManager : Event: ======'bcp_connection_attempt'====== Args={'name': 'local_display', 'host': 'localhost', 'port': 5050}
2025-04-13 23:02:44,573 : INFO : BCPClientSocket : Connecting BCP to 'local_display' at localhost:5050...
2025-04-13 23:02:44,589 : INFO : BCPClientSocket : Connected BCP to 'local_display' localhost:5050
2025-04-13 23:02:44,590 : INFO : EventManager : Event: ======'bcp_clients_connected'====== Args={}
2025-04-13 23:02:44,619 : INFO : SwitchController : <<<<<<< 's_start_button' inactive >>>>>>>
2025-04-13 23:02:44,745 : INFO : SwitchController : <<<<<<< 's_start_button' active >>>>>>>
2025-04-13 23:02:44,745 : INFO : EventManager : Event: ======'s_start_button_active'====== Args={}
2025-04-13 23:02:44,746 : INFO : EventManager : Event: ======'game_start'====== Args={'priority': 0}
2025-04-13 23:02:44,746 : INFO : EventManager : Event: ======'mode_game_will_start'====== Args={'priority': 0}
2025-04-13 23:02:44,747 : INFO : EventManager : Event: ======'mode_game_starting'====== Args={'priority': 0}
2025-04-13 23:02:44,747 : INFO : Mode.game : Started. Priority: 20
2025-04-13 23:02:44,747 : INFO : EventManager : Event: ======'modes_active_modes_changed'====== Args={}
2025-04-13 23:02:44,747 : INFO : EventManager : Event: ======'mode_game_started'====== Args={'priority': 0}
2025-04-13 23:02:44,748 : INFO : EventManager : Event: ======'game_will_start'====== Args={}
2025-04-13 23:02:44,748 : INFO : EventManager : Event: ======'game_starting'====== Args={'game': <Mode.game>}
2025-04-13 23:02:44,749 : INFO : EventManager : Event: ======'player_add_request'====== Args={}
2025-04-13 23:02:44,749 : INFO : EventManager : Event: ======'player_will_add'====== Args={'number': 1}
2025-04-13 23:02:44,750 : INFO : EventManager : Event: ======'player_adding'====== Args={'player': <Player 1>, 'number': 1}
2025-04-13 23:02:44,750 : INFO : EventManager : Event: ======'player_added'====== Args={'player': <Player 1>, 'num': 1}
2025-04-13 23:02:44,750 : INFO : Mode.game : Player added successfully. Total players: 1
2025-04-13 23:02:44,751 : INFO : EventManager : Event: ======'player_index'====== Args={'value': 0, 'prev_value': 0, 'change': 0, 'player_num': 1}
2025-04-13 23:02:44,751 : INFO : EventManager : Event: ======'player_number'====== Args={'value': 1, 'prev_value': 1, 'change': 0, 'player_num': 1}
2025-04-13 23:02:44,751 : INFO : EventManager : Event: ======'player_game_mode_active'====== Args={'value': 0, 'prev_value': 0, 'change': 0, 'player_num': 1}
2025-04-13 23:02:44,751 : INFO : EventManager : Event: ======'player_current_game_mode'====== Args={'value': 'None', 'prev_value': 'None', 'change': False, 'player_num': 1}
2025-04-13 23:02:44,751 : INFO : EventManager : Event: ======'player_phase1_complete'====== Args={'value': 0, 'prev_value': 0, 'change': 0, 'player_num': 1}
2025-04-13 23:02:44,751 : INFO : EventManager : Event: ======'player_dog_hunt_complete'====== Args={'value': 0, 'prev_value': 0, 'change': 0, 'player_num': 1}
2025-04-13 23:02:44,751 : INFO : EventManager : Event: ======'player_discovery_complete'====== Args={'value': 0, 'prev_value': 0, 'change': 0, 'player_num': 1}
2025-04-13 23:02:44,751 : INFO : EventManager : Event: ======'player_infected_complete'====== Args={'value': 0, 'prev_value': 0, 'change': 0, 'player_num': 1}
2025-04-13 23:02:44,751 : INFO : EventManager : Event: ======'player_blood_test_complete'====== Args={'value': 0, 'prev_value': 0, 'change': 0, 'player_num': 1}
2025-04-13 23:02:44,751 : INFO : EventManager : Event: ======'player_spider_head_complete'====== Args={'value': 0, 'prev_value': 0, 'change': 0, 'player_num': 1}
2025-04-13 23:02:44,751 : INFO : EventManager : Event: ======'player_wizard_complete'====== Args={'value': 0, 'prev_value': 0, 'change': 0, 'player_num': 1}
2025-04-13 23:02:44,751 : INFO : EventManager : Event: ======'player_ball_lock_complete'====== Args={'value': 0, 'prev_value': 0, 'change': 0, 'player_num': 1}
2025-04-13 23:02:44,751 : INFO : EventManager : Event: ======'player_multiball_complete'====== Args={'value': 0, 'prev_value': 0, 'change': 0, 'player_num': 1}
2025-04-13 23:02:44,751 : INFO : EventManager : Event: ======'player_spinner_value'====== Args={'value': 0, 'prev_value': 0, 'change': 0, 'player_num': 1}
2025-04-13 23:02:44,751 : INFO : EventManager : Event: ======'player_pop_bumper_value'====== Args={'value': 0, 'prev_value': 0, 'change': 0, 'player_num': 1}
2025-04-13 23:02:44,751 : INFO : EventManager : Event: ======'player_newton_shots'====== Args={'value': 0, 'prev_value': 0, 'change': 0, 'player_num': 1}
2025-04-13 23:02:44,751 : INFO : EventManager : Event: ======'player_locked_balls'====== Args={'value': 0, 'prev_value': 0, 'change': 0, 'player_num': 1}
2025-04-13 23:02:44,751 : INFO : EventManager : Event: ======'player_balls_in_play'====== Args={'value': 1, 'prev_value': 1, 'change': 0, 'player_num': 1}
2025-04-13 23:02:44,753 : INFO : EventManager : Event: ======'player_jackpot_value'====== Args={'value': 10000, 'prev_value': 10000, 'change': 0, 'player_num': 1}
2025-04-13 23:02:44,753 : INFO : EventManager : Event: ======'player_left_ramp_hits'====== Args={'value': 0, 'prev_value': 0, 'change': 0, 'player_num': 1}
2025-04-13 23:02:44,753 : INFO : EventManager : Event: ======'player_left_ramp_lock_hits'====== Args={'value': 0, 'prev_value': 0, 'change': 0, 'player_num': 1}
2025-04-13 23:02:44,753 : INFO : EventManager : Event: ======'player_spinner_hits'====== Args={'value': 0, 'prev_value': 0, 'change': 0, 'player_num': 1}
2025-04-13 23:02:44,753 : INFO : EventManager : Event: ======'player_pop_bumper_wizard'====== Args={'value': 0, 'prev_value': 0, 'change': 0, 'player_num': 1}
2025-04-13 23:02:44,753 : INFO : EventManager : Event: ======'player_ball_lock_active'====== Args={'value': 0, 'prev_value': 0, 'change': 0, 'player_num': 1}
2025-04-13 23:02:44,753 : INFO : EventManager : Event: ======'player_super_jackpot_value'====== Args={'value': 100000, 'prev_value': 100000, 'change': 0, 'player_num': 1}
2025-04-13 23:02:44,753 : INFO : EventManager : Event: ======'player_jackpot_state'====== Args={'value': 0, 'prev_value': 0, 'change': 0, 'player_num': 1}
2025-04-13 23:02:44,753 : INFO : EventManager : Event: ======'player_right_ramp_valid'====== Args={'value': 0, 'prev_value': 0, 'change': 0, 'player_num': 1}
2025-04-13 23:02:44,754 : INFO : EventManager : Event: ======'player_score'====== Args={'value': 0, 'prev_value': 0, 'change': 0, 'player_num': 1}
2025-04-13 23:02:44,754 : INFO : EventManager : Event: ======'game_started'====== Args={}
2025-04-13 23:02:44,755 : INFO : drop_target_bank.vuk_bank : All targets are already up. Will not reset bank.
2025-04-13 23:02:44,755 : INFO : EventManager : Event: ======'setup_game_variables'====== Args={'priority': 0}
2025-04-13 23:02:44,755 : INFO : EventManager : Event: ======'player_turn_will_start'====== Args={'player': <Player 1>, 'number': 1}
2025-04-13 23:02:44,756 : INFO : EventManager : Event: ======'player_turn_starting'====== Args={'player': <Player 1>, 'number': 1}
2025-04-13 23:02:44,758 : ERROR : asyncio : Exception in callback EventManager._queue_task_done(<Task finishe... 'capacity'")>)
handle: <Handle EventManager._queue_task_done(<Task finishe... 'capacity'")>)>
Traceback (most recent call last):
  File "C:\Users\homebrew\AppData\Local\Programs\Python\Python312\Lib\asyncio\events.py", line 88, in _run
    self._context.run(self._callback, *self._args)
  File "C:\Users\homebrew\AppData\Local\Programs\Python\Python312\Lib\site-packages\mpf\core\events.py", line 795, in _queue_task_done
    future.result()
  File "C:\Users\homebrew\AppData\Local\Programs\Python\Python312\Lib\site-packages\mpf\core\events.py", line 708, in _run_handlers_sequential
    handler.callback(queue=queue, **merged_kwargs)
  File "C:\Users\homebrew\AppData\Local\Programs\Python\Python312\Lib\site-packages\mpf\devices\multiball_lock.py", line 90, in _player_turn_starting
    if self._physically_remaining_space <= 0 and not self.is_virtually_full:
       ^^^^^^^^^^^^^^^^^^^^^^^^^^^^^^^^
  File "C:\Users\homebrew\AppData\Local\Programs\Python\Python312\Lib\site-packages\mpf\devices\multiball_lock.py", line 233, in _physically_remaining_space
    balls += device.capacity - device.available_balls
             ^^^^^^^^^^^^^^^
  File "C:\Users\homebrew\AppData\Local\Programs\Python\Python312\Lib\site-packages\mpf\devices\ball_device\ball_device.py", line 303, in capacity
    return self.ball_count_handler.counter.capacity
           ^^^^^^^^^^^^^^^^^^^^^^^^^^^^^^^^^^^^^^^^
AttributeError: 'NoneType' object has no attribute 'capacity'
2025-04-13 23:02:44,851 : INFO : EventManager : Event: ======'mode_game_will_stop'====== Args={}
2025-04-13 23:02:44,851 : INFO : EventManager : Event: ======'mode_game_stopping'====== Args={}
2025-04-13 23:02:44,851 : INFO : Machine : Starting the main run loop.
2025-04-13 23:02:44,852 : INFO : Machine : Shutting down...
2025-04-13 23:02:44,852 : INFO : EventManager : Event: ======'shutdown'====== Args={}
2025-04-13 23:02:44,854 : INFO : Mode.game : Stopped.
2025-04-13 23:02:44,854 : INFO : EventManager : Event: ======'modes_active_modes_changed'====== Args={}
2025-04-13 23:02:44,855 : INFO : EventManager : Event: ======'mode_game_stopped'====== Args={}
2025-04-13 23:02:44,855 : INFO : EventManager : Event: ======'clear'====== Args={'key': 'game'}
2025-04-13 23:02:45,962 : ERROR : Machine : Runtime Exception
Traceback (most recent call last):
  File "C:\Users\homebrew\AppData\Local\Programs\Python\Python312\Lib\site-packages\mpf\core\machine.py", line 793, in _run_loop
    raise self._exception['exception']
  File "C:\Users\homebrew\AppData\Local\Programs\Python\Python312\Lib\asyncio\events.py", line 88, in _run
    self._context.run(self._callback, *self._args)
  File "C:\Users\homebrew\AppData\Local\Programs\Python\Python312\Lib\site-packages\mpf\core\events.py", line 795, in _queue_task_done
    future.result()
  File "C:\Users\homebrew\AppData\Local\Programs\Python\Python312\Lib\site-packages\mpf\core\events.py", line 708, in _run_handlers_sequential
    handler.callback(queue=queue, **merged_kwargs)
  File "C:\Users\homebrew\AppData\Local\Programs\Python\Python312\Lib\site-packages\mpf\devices\multiball_lock.py", line 90, in _player_turn_starting
    if self._physically_remaining_space <= 0 and not self.is_virtually_full:
       ^^^^^^^^^^^^^^^^^^^^^^^^^^^^^^^^
  File "C:\Users\homebrew\AppData\Local\Programs\Python\Python312\Lib\site-packages\mpf\devices\multiball_lock.py", line 233, in _physically_remaining_space
    balls += device.capacity - device.available_balls
             ^^^^^^^^^^^^^^^
  File "C:\Users\homebrew\AppData\Local\Programs\Python\Python312\Lib\site-packages\mpf\devices\ball_device\ball_device.py", line 303, in capacity
    return self.ball_count_handler.counter.capacity
           ^^^^^^^^^^^^^^^^^^^^^^^^^^^^^^^^^^^^^^^^
AttributeError: 'NoneType' object has no attribute 'capacity'
2025-04-13 23:02:45,995 : INFO : root : MPF run loop ended.
