2025-03-31 16:46:56,138 : INFO : root : Loading config.
2025-03-31 16:46:56,152 : INFO : YamlMultifileConfigLoader : Machine config file #1: config.yaml
2025-03-31 16:46:56,152 : INFO : ConfigProcessor : Loading config from cache: C:\Users\homebrew\AppData\Local\Temp\775282453bb9ae39cad69c39ab867a35.mpf_cache
2025-03-31 16:46:56,252 : INFO : ConfigProcessor : Loading config from cache: C:\Users\homebrew\AppData\Local\Temp\14eb6f99ffd433bf1b6bfef7e8b96202.mpf_cache
2025-03-31 16:46:56,265 : INFO : ConfigProcessor : Loading config from cache: C:\Users\homebrew\AppData\Local\Temp\8864efb2a88f9c685592172f4fd0a6a3.mpf_cache
2025-03-31 16:46:56,265 : INFO : ConfigProcessor : Loading config from cache: C:\Users\homebrew\AppData\Local\Temp\1352604168843921958881d1d8dd3c1b.mpf_cache
2025-03-31 16:46:56,288 : INFO : ConfigProcessor : Loading config from cache: C:\Users\homebrew\AppData\Local\Temp\14eb6f99ffd433bf1b6bfef7e8b96202.mpf_cache
2025-03-31 16:46:56,288 : INFO : ConfigProcessor : Loading config from cache: C:\Users\homebrew\AppData\Local\Temp\8864efb2a88f9c685592172f4fd0a6a3.mpf_cache
2025-03-31 16:46:56,288 : INFO : ConfigProcessor : Loading config from cache: C:\Users\homebrew\AppData\Local\Temp\82108c9d10735fbef5e8cced18b7d831.mpf_cache
2025-03-31 16:46:56,301 : INFO : ConfigProcessor : Loading config from cache: C:\Users\homebrew\AppData\Local\Temp\81d0f34cbd4c6d61cd4dad95e5100b6a.mpf_cache
2025-03-31 16:46:56,312 : INFO : ConfigProcessor : Loading config from cache: C:\Users\homebrew\AppData\Local\Temp\85b30d06c34a199299d858e267dca599.mpf_cache
2025-03-31 16:46:56,319 : INFO : ConfigProcessor : Loading config from cache: C:\Users\homebrew\AppData\Local\Temp\b6a0c3fa509e03dd7943cf1395b72ece.mpf_cache
2025-03-31 16:46:56,336 : INFO : ConfigProcessor : Loading config from cache: C:\Users\homebrew\AppData\Local\Temp\d18a920afddb781d4f34b36ac5cb2e09.mpf_cache
2025-03-31 16:46:56,348 : INFO : ConfigProcessor : Loading config from cache: C:\Users\homebrew\AppData\Local\Temp\50de7258194ae9293cbe8c4fce9577e7.mpf_cache
2025-03-31 16:46:56,359 : INFO : ConfigProcessor : Loading config from cache: C:\Users\homebrew\AppData\Local\Temp\2a76f107a833b8953199c5c910a26856.mpf_cache
2025-03-31 16:46:56,375 : INFO : ConfigProcessor : Loading config from cache: C:\Users\homebrew\AppData\Local\Temp\529fba7289b2d9f945cd5a4488c8b5fa.mpf_cache
2025-03-31 16:46:56,382 : INFO : ConfigProcessor : Loading config from cache: C:\Users\homebrew\AppData\Local\Temp\8c97cf9697840e2ca000923ba54f1b48.mpf_cache
2025-03-31 16:46:56,391 : INFO : ConfigProcessor : Loading config from cache: C:\Users\homebrew\AppData\Local\Temp\e8cb3f2c2e9a26851ec893c5156e3f7c.mpf_cache
2025-03-31 16:46:56,414 : INFO : ConfigProcessor : Loading config from cache: C:\Users\homebrew\AppData\Local\Temp\67cfb29d96313268f86362bebab46239.mpf_cache
2025-03-31 16:46:56,427 : INFO : Machine : Mission Pinball Framework Core Engine v0.80.0.dev4
2025-03-31 16:46:56,427 : INFO : Machine : Command line arguments: {'no_load_cache': False, 'create_config_cache': True, 'bcp': True, 'configfile': ['config.yaml'], 'force_assets_load': False, 'platform_integration_test': False, 'jsonlogging': False, 'logfile': 'logs\\2025-03-31-16-46-56-mpf-mpf.log', 'pause': False, 'production': False, 'text_ui': True, 'loglevel': 15, 'consoleloglevel': 20, 'force_platform': None, 'syslog_address': None, 'mc_file_name': None, 'no_sound': False, 'full_logfile_path': 'C:\\Users\\homebrew\\Desktop\\thing_pinball\\logs\\2025-03-31-16-46-56-mpf-mpf.log'}
2025-03-31 16:46:56,427 : INFO : Machine : MPF path: C:\Users\homebrew\AppData\Local\Programs\Python\Python312\Lib\site-packages\mpf
2025-03-31 16:46:56,427 : INFO : Machine : Machine path: C:\Users\homebrew\Desktop\thing_pinball
2025-03-31 16:46:56,427 : INFO : Machine : Platform: win32
2025-03-31 16:46:56,427 : INFO : Machine : Python executable location: C:\Users\homebrew\AppData\Local\Programs\Python\Python312\python.exe
2025-03-31 16:46:56,427 : INFO : Machine : Python version: 3.12.3 (64-bit)
2025-03-31 16:46:56,427 : INFO : Machine : Initializing MPF...
2025-03-31 16:46:56,913 : INFO : FAST [NET] : Trying to connect to com4 at 921600bps
2025-03-31 16:46:56,913 : INFO : FAST [NET] : Connected to com4 at 921600bps
2025-03-31 16:46:56,927 : INFO : FAST [NET] : Connected to FP-CPU-2000 with firmware v02.21
2025-03-31 16:46:56,959 : INFO : FAST [NET] : Registered I/O Board 0: Model: FP-I/O-0024, Firmware: 01.10, Switches: 24, Drivers: 8
2025-03-31 16:46:56,976 : INFO : FAST [NET] : Registered I/O Board 1: Model: FP-I/O-3208, Firmware: 01.10, Switches: 32, Drivers: 8
2025-03-31 16:46:56,991 : INFO : FAST [NET] : Registered I/O Board 2: Model: FP-I/O-0804, Firmware: 01.10, Switches: 8, Drivers: 4
2025-03-31 16:46:56,991 : INFO : FAST [NET] : Registered I/O Board 3: Model: FP-I/O-0804, Firmware: 01.10, Switches: 8, Drivers: 4
2025-03-31 16:46:56,991 : INFO : EventManager : Event: ======'machine_var_credits_string'====== Args={'value': 'FREE PLAY', 'prev_value': None, 'change': True}
2025-03-31 16:46:57,022 : INFO : EventManager : Event: ======'machine_var_master_volume'====== Args={'value': 0.5, 'prev_value': None, 'change': True}
2025-03-31 16:46:57,022 : INFO : EventManager : Event: ======'machine_var_game_mode_dog_hunt_complete'====== Args={'value': 0, 'prev_value': None, 'change': True}
2025-03-31 16:46:57,022 : INFO : EventManager : Event: ======'machine_var_game_mode_discovery_complete'====== Args={'value': 0, 'prev_value': None, 'change': True}
2025-03-31 16:46:57,022 : INFO : EventManager : Event: ======'machine_var_game_mode_infected_complete'====== Args={'value': 0, 'prev_value': None, 'change': True}
2025-03-31 16:46:57,022 : INFO : EventManager : Event: ======'machine_var_game_mode_blood_test_complete'====== Args={'value': 0, 'prev_value': None, 'change': True}
2025-03-31 16:46:57,022 : INFO : EventManager : Event: ======'machine_var_game_mode_spider_head_complete'====== Args={'value': 0, 'prev_value': None, 'change': True}
2025-03-31 16:46:57,022 : INFO : EventManager : Event: ======'machine_var_game_mode_wizard_complete'====== Args={'value': 0, 'prev_value': None, 'change': True}
2025-03-31 16:46:57,022 : INFO : EventManager : Event: ======'machine_var_game_mode_ball_lock_complete'====== Args={'value': 0, 'prev_value': None, 'change': True}
2025-03-31 16:46:57,022 : INFO : EventManager : Event: ======'machine_var_game_mode_multiball_complete'====== Args={'value': 0, 'prev_value': None, 'change': True}
2025-03-31 16:46:57,022 : INFO : EventManager : Event: ======'machine_var_mpf_version'====== Args={'value': 'Mission Pinball Framework v0.80.0.dev4', 'prev_value': None, 'change': True}
2025-03-31 16:46:57,022 : INFO : EventManager : Event: ======'machine_var_mpf_extended_version'====== Args={'value': 'Mission Pinball Framework v0.80.0.dev4, Config version:6, Show version: 6, BCP version:1.1', 'prev_value': None, 'change': True}
2025-03-31 16:46:57,022 : INFO : EventManager : Event: ======'machine_var_python_version'====== Args={'value': '3.12.3', 'prev_value': None, 'change': True}
2025-03-31 16:46:57,225 : INFO : EventManager : Event: ======'machine_var_platform'====== Args={'value': 'Windows-11-10.0.26100-SP0', 'prev_value': None, 'change': True}
2025-03-31 16:46:57,225 : INFO : EventManager : Event: ======'machine_var_platform_system'====== Args={'value': 'Windows', 'prev_value': None, 'change': True}
2025-03-31 16:46:57,225 : INFO : EventManager : Event: ======'machine_var_platform_release'====== Args={'value': '11', 'prev_value': None, 'change': True}
2025-03-31 16:46:57,225 : INFO : EventManager : Event: ======'machine_var_platform_version'====== Args={'value': '10.0.26100', 'prev_value': None, 'change': True}
2025-03-31 16:46:57,225 : INFO : EventManager : Event: ======'machine_var_platform_machine'====== Args={'value': 'AMD64', 'prev_value': None, 'change': True}
2025-03-31 16:46:57,225 : INFO : EventManager : Event: ======'machine_var_log_file_path'====== Args={'value': 'C:\\Users\\homebrew\\Desktop\\thing_pinball\\logs\\2025-03-31-16-46-56-mpf-mpf.log', 'prev_value': None, 'change': True}
2025-03-31 16:46:57,225 : INFO : EventManager : Event: ======'init_phase_1'====== Args={}
2025-03-31 16:46:57,262 : WARNING : ConfigValidator : Unrecognized config setting. "fast_coils:c_diverter:pwm_on_ms" is not a valid setting name.
2025-03-31 16:46:57,262 : WARNING : ConfigValidator : Unrecognized config setting. "fast_coils:c_diverter:pwm_off_ms" is not a valid setting name.
2025-03-31 16:46:57,268 : WARNING : ConfigValidator : Unrecognized config setting. "timed_switches:mode_vuk_delayed_eject:state_when_released" is not a valid setting name.
2025-03-31 16:46:57,268 : WARNING : ConfigValidator : Unrecognized config setting. "mode:base:timers:mode_timer:events_when_complete" is not a valid setting name.
2025-03-31 16:46:57,268 : WARNING : ConfigValidator : Unrecognized config setting. "mode:spider_head:timers:spider_head_timer:events_when_complete" is not a valid setting name.
2025-03-31 16:46:57,268 : WARNING : ConfigValidator : Unrecognized config setting. "mode:blood_test:timers:blood_test_timer:events_when_complete" is not a valid setting name.
2025-03-31 16:46:57,270 : WARNING : ConfigValidator : Unrecognized config setting. "mode:discovery:timers:discovery_timer:events_when_complete" is not a valid setting name.
2025-03-31 16:46:57,270 : WARNING : ConfigValidator : Unrecognized config setting. "mode:infected:timers:infected_timer:events_when_complete" is not a valid setting name.
2025-03-31 16:46:57,270 : WARNING : ConfigValidator : Unrecognized config setting. "mode:dog_hunt:timers:dog_hunt_timer:events_when_complete" is not a valid setting name.
2025-03-31 16:46:57,270 : WARNING : ConfigValidator : Unrecognized config setting. "mode:wizard:timers:wizard_timer:events_when_complete" is not a valid setting name.
2025-03-31 16:46:57,270 : WARNING : ConfigValidator : Unrecognized config setting. "mode:multiball:timers:multiball_jackpot_timer:events_when_complete" is not a valid setting name.
2025-03-31 16:46:57,270 : WARNING : ConfigValidator : Unrecognized config setting. "mode:multiball:timers:right_ramp_validity_timer:events_when_complete" is not a valid setting name.
2025-03-31 16:46:57,275 : INFO : EventManager : Event: ======'drop_target_bank_vuk_bank_up'====== Args={}
2025-03-31 16:46:57,275 : INFO : EventManager : Event: ======'logicblock_spinner_value_updated'====== Args={'value': 0, 'enabled': False}
2025-03-31 16:46:57,275 : INFO : EventManager : Event: ======'logicblock_newton_hit_counter_updated'====== Args={'value': 0, 'enabled': False}
2025-03-31 16:46:57,275 : INFO : EventManager : Event: ======'logicblock_diverter_pattern_updated'====== Args={'value': 0, 'enabled': False}
2025-03-31 16:46:59,839 : WARNING : Machine : Iterating device collections directly is deprecated and will be removed. Access by value(): device_collections[switches] -> device_collections['switches'].values()
2025-03-31 16:46:59,839 : INFO : SwitchController : <<<<<<< 's_trough_7' active >>>>>>>
2025-03-31 16:46:59,839 : INFO : SwitchController : <<<<<<< 's_trough_ball' active >>>>>>>
2025-03-31 16:46:59,839 : INFO : SwitchController : <<<<<<< 's_shooter_lane' active >>>>>>>
2025-03-31 16:46:59,839 : INFO : SwitchController : <<<<<<< 's_newton_opto_made' active >>>>>>>
2025-03-31 16:46:59,839 : INFO : SwitchController : <<<<<<< 's_start_button' active >>>>>>>
2025-03-31 16:46:59,839 : WARNING : ConfigValidator : Unrecognized config setting. "coil_player:enable_ms" is not a valid setting name.
2025-03-31 16:46:59,843 : INFO : EventManager : Event: ======'init_phase_2'====== Args={}
2025-03-31 16:46:59,843 : INFO : SwitchController : Found active switch: (38, [FAST Platform Interface]) <switch.s_trough_7>
2025-03-31 16:46:59,843 : INFO : SwitchController : Found active switch: (52, [FAST Platform Interface]) <switch.s_trough_ball>
2025-03-31 16:46:59,843 : INFO : SwitchController : Found active switch: (66, [FAST Platform Interface]) <switch.s_shooter_lane>
2025-03-31 16:46:59,843 : INFO : SwitchController : Found active switch: (45, [FAST Platform Interface]) <switch.s_newton_opto_made>
2025-03-31 16:46:59,843 : INFO : SwitchController : Found active switch: (10, [FAST Platform Interface]) <switch.s_start_button>
2025-03-31 16:46:59,843 : WARNING : ConfigValidator : Unrecognized config setting. "slide_player:widgets" is not a valid setting name.
2025-03-31 16:46:59,843 : WARNING : ConfigValidator : Unrecognized config setting. "slide_player:widgets" is not a valid setting name.
2025-03-31 16:46:59,843 : WARNING : ConfigValidator : Unrecognized config setting. "slide_player:widgets" is not a valid setting name.
2025-03-31 16:46:59,850 : WARNING : ConfigValidator : Unrecognized config setting. "slide_player:widgets" is not a valid setting name.
2025-03-31 16:46:59,850 : WARNING : ConfigValidator : Unrecognized config setting. "slide_player:widgets" is not a valid setting name.
2025-03-31 16:46:59,850 : WARNING : ConfigValidator : Unrecognized config setting. "slide_player:widgets" is not a valid setting name.
2025-03-31 16:46:59,850 : WARNING : ConfigValidator : Unrecognized config setting. "slide_player:widgets" is not a valid setting name.
2025-03-31 16:46:59,850 : WARNING : ConfigValidator : Unrecognized config setting. "slide_player:widgets" is not a valid setting name.
2025-03-31 16:46:59,850 : WARNING : ConfigValidator : Unrecognized config setting. "slide_player:widgets" is not a valid setting name.
2025-03-31 16:46:59,850 : WARNING : ConfigValidator : Unrecognized config setting. "slide_player:widgets" is not a valid setting name.
2025-03-31 16:46:59,850 : WARNING : ConfigValidator : Unrecognized config setting. "slide_player:widgets" is not a valid setting name.
2025-03-31 16:46:59,850 : WARNING : ConfigValidator : Unrecognized config setting. "slide_player:widgets" is not a valid setting name.
2025-03-31 16:46:59,850 : WARNING : ConfigValidator : Unrecognized config setting. "slide_player:widgets" is not a valid setting name.
2025-03-31 16:46:59,850 : WARNING : ConfigValidator : Unrecognized config setting. "slide_player:widgets" is not a valid setting name.
2025-03-31 16:46:59,850 : WARNING : ConfigValidator : Unrecognized config setting. "slide_player:widgets" is not a valid setting name.
2025-03-31 16:46:59,850 : WARNING : ConfigValidator : Unrecognized config setting. "slide_player:widgets" is not a valid setting name.
2025-03-31 16:46:59,850 : WARNING : ConfigValidator : Unrecognized config setting. "slide_player:widgets" is not a valid setting name.
2025-03-31 16:46:59,850 : WARNING : ConfigValidator : Unrecognized config setting. "slide_player:widgets" is not a valid setting name.
2025-03-31 16:46:59,850 : WARNING : ConfigValidator : Unrecognized config setting. "slide_player:widgets" is not a valid setting name.
2025-03-31 16:46:59,850 : WARNING : ConfigValidator : Unrecognized config setting. "slide_player:widgets" is not a valid setting name.
2025-03-31 16:46:59,850 : WARNING : ConfigValidator : Unrecognized config setting. "slide_player:widgets" is not a valid setting name.
2025-03-31 16:46:59,850 : WARNING : ConfigValidator : Unrecognized config setting. "slide_player:widgets" is not a valid setting name.
2025-03-31 16:46:59,850 : WARNING : ConfigValidator : Unrecognized config setting. "slide_player:widgets" is not a valid setting name.
2025-03-31 16:46:59,850 : WARNING : ConfigValidator : Unrecognized config setting. "slide_player:widgets" is not a valid setting name.
2025-03-31 16:46:59,850 : WARNING : ConfigValidator : Unrecognized config setting. "slide_player:widgets" is not a valid setting name.
2025-03-31 16:46:59,850 : WARNING : ConfigValidator : Unrecognized config setting. "slide_player:widgets" is not a valid setting name.
2025-03-31 16:46:59,850 : WARNING : ConfigValidator : Unrecognized config setting. "slide_player:widgets" is not a valid setting name.
2025-03-31 16:46:59,871 : WARNING : ConfigValidator : Unrecognized config setting. "high_score:events_when_complete" is not a valid setting name.
2025-03-31 16:46:59,871 : INFO : EventManager : Event: ======'machine_var_score1_label'====== Args={'value': 'GRAND CHAMPION', 'prev_value': None, 'change': True}
2025-03-31 16:46:59,871 : INFO : EventManager : Event: ======'machine_var_score1_name'====== Args={'value': 'THING', 'prev_value': None, 'change': True}
2025-03-31 16:46:59,871 : INFO : EventManager : Event: ======'machine_var_score1_value'====== Args={'value': 5000000, 'prev_value': None, 'change': True}
2025-03-31 16:46:59,871 : INFO : EventManager : Event: ======'machine_var_score2_label'====== Args={'value': 'HIGH SCORE 1', 'prev_value': None, 'change': True}
2025-03-31 16:46:59,871 : INFO : EventManager : Event: ======'machine_var_score2_name'====== Args={'value': 'MPF', 'prev_value': None, 'change': True}
2025-03-31 16:46:59,871 : INFO : EventManager : Event: ======'machine_var_score2_value'====== Args={'value': 4000000, 'prev_value': None, 'change': True}
2025-03-31 16:46:59,871 : INFO : EventManager : Event: ======'machine_var_score3_label'====== Args={'value': 'HIGH SCORE 2', 'prev_value': None, 'change': True}
2025-03-31 16:46:59,871 : INFO : EventManager : Event: ======'machine_var_score3_name'====== Args={'value': 'PINBALL', 'prev_value': None, 'change': True}
2025-03-31 16:46:59,871 : INFO : EventManager : Event: ======'machine_var_score3_value'====== Args={'value': 3000000, 'prev_value': None, 'change': True}
2025-03-31 16:46:59,871 : INFO : EventManager : Event: ======'machine_var_score4_label'====== Args={'value': 'HIGH SCORE 3', 'prev_value': None, 'change': True}
2025-03-31 16:46:59,871 : INFO : EventManager : Event: ======'machine_var_score4_name'====== Args={'value': 'WIZARD', 'prev_value': None, 'change': True}
2025-03-31 16:46:59,871 : INFO : EventManager : Event: ======'machine_var_score4_value'====== Args={'value': 2000000, 'prev_value': None, 'change': True}
2025-03-31 16:46:59,871 : INFO : EventManager : Event: ======'machine_var_score5_label'====== Args={'value': 'HIGH SCORE 4', 'prev_value': None, 'change': True}
2025-03-31 16:46:59,871 : INFO : EventManager : Event: ======'machine_var_score5_name'====== Args={'value': 'PLAYER', 'prev_value': None, 'change': True}
2025-03-31 16:46:59,871 : INFO : EventManager : Event: ======'machine_var_score5_value'====== Args={'value': 1000000, 'prev_value': None, 'change': True}
2025-03-31 16:46:59,871 : INFO : EventManager : Event: ======'bcp_connection_attempt'====== Args={'name': 'local_display', 'host': 'localhost', 'port': 5050}
2025-03-31 16:46:59,871 : INFO : BCPClientSocket : Connecting BCP to 'local_display' at localhost:5050...
2025-03-31 16:47:12,981 : INFO : BCPClientSocket : Connected BCP to 'local_display' localhost:5050
2025-03-31 16:47:12,982 : INFO : EventManager : Event: ======'bcp_clients_connected'====== Args={}
2025-03-31 16:47:13,142 : INFO : ball_device.bd_trough : BCH: Initial count: 1
2025-03-31 16:47:13,143 : INFO : ball_device.bd_trough : State: idle
2025-03-31 16:47:13,143 : INFO : ball_device.bd_shooter_lane : BCH: Initial count: 1
2025-03-31 16:47:13,144 : INFO : ball_device.bd_shooter_lane : State: idle
2025-03-31 16:47:13,144 : INFO : ball_device.bd_ball_lock : BCH: Initial count: 0
2025-03-31 16:47:13,144 : INFO : ball_device.bd_ball_lock : State: idle
2025-03-31 16:47:13,178 : INFO : EventManager : Event: ======'init_phase_3'====== Args={}
2025-03-31 16:47:13,180 : INFO : EventManager : Event: ======'init_phase_4'====== Args={}
2025-03-31 16:47:13,182 : INFO : BallController : Initial balls found: 2
2025-03-31 16:47:13,184 : INFO : EventManager : Event: ======'machine_var_audits_events_game_ended'====== Args={'value': 0, 'prev_value': None, 'change': True}
2025-03-31 16:47:13,184 : INFO : EventManager : Event: ======'machine_var_audits_events_game_started'====== Args={'value': 431, 'prev_value': None, 'change': True}
2025-03-31 16:47:13,184 : INFO : EventManager : Event: ======'machine_var_audits_missing_switches_s_3bank_tgt_d'====== Args={'value': 23, 'prev_value': None, 'change': True}
2025-03-31 16:47:13,184 : INFO : EventManager : Event: ======'machine_var_audits_missing_switches_s_3bank_tgt_g'====== Args={'value': 23, 'prev_value': None, 'change': True}
2025-03-31 16:47:13,184 : INFO : EventManager : Event: ======'machine_var_audits_missing_switches_s_3bank_tgt_o'====== Args={'value': 23, 'prev_value': None, 'change': True}
2025-03-31 16:47:13,184 : INFO : EventManager : Event: ======'machine_var_audits_missing_switches_s_ball_lock_1'====== Args={'value': 39, 'prev_value': None, 'change': True}
2025-03-31 16:47:13,185 : INFO : EventManager : Event: ======'machine_var_audits_missing_switches_s_ball_lock_2'====== Args={'value': 31, 'prev_value': None, 'change': True}
2025-03-31 16:47:13,185 : INFO : EventManager : Event: ======'machine_var_audits_missing_switches_s_ball_lock_3'====== Args={'value': 31, 'prev_value': None, 'change': True}
2025-03-31 16:47:13,185 : INFO : EventManager : Event: ======'machine_var_audits_missing_switches_s_inlane_left'====== Args={'value': 1, 'prev_value': None, 'change': True}
2025-03-31 16:47:13,185 : INFO : EventManager : Event: ======'machine_var_audits_missing_switches_s_inlane_right'====== Args={'value': 42, 'prev_value': None, 'change': True}
2025-03-31 16:47:13,185 : INFO : EventManager : Event: ======'machine_var_audits_missing_switches_s_launch'====== Args={'value': 6, 'prev_value': None, 'change': True}
2025-03-31 16:47:13,185 : INFO : EventManager : Event: ======'machine_var_audits_missing_switches_s_left_button_2'====== Args={'value': 21, 'prev_value': None, 'change': True}
2025-03-31 16:47:13,186 : INFO : EventManager : Event: ======'machine_var_audits_missing_switches_s_left_flipper'====== Args={'value': 363, 'prev_value': None, 'change': True}
2025-03-31 16:47:13,186 : INFO : EventManager : Event: ======'machine_var_audits_missing_switches_s_left_flipper_button'====== Args={'value': 21, 'prev_value': None, 'change': True}
2025-03-31 16:47:13,186 : INFO : EventManager : Event: ======'machine_var_audits_missing_switches_s_left_flipper_eos'====== Args={'value': 21, 'prev_value': None, 'change': True}
2025-03-31 16:47:13,186 : INFO : EventManager : Event: ======'machine_var_audits_missing_switches_s_left_inlane'====== Args={'value': 6, 'prev_value': None, 'change': True}
2025-03-31 16:47:13,186 : INFO : EventManager : Event: ======'machine_var_audits_missing_switches_s_left_inner_lane'====== Args={'value': 357, 'prev_value': None, 'change': True}
2025-03-31 16:47:13,186 : INFO : EventManager : Event: ======'machine_var_audits_missing_switches_s_left_outer_lane'====== Args={'value': 153, 'prev_value': None, 'change': True}
2025-03-31 16:47:13,186 : INFO : EventManager : Event: ======'machine_var_audits_missing_switches_s_left_outlane'====== Args={'value': 6, 'prev_value': None, 'change': True}
2025-03-31 16:47:13,186 : INFO : EventManager : Event: ======'machine_var_audits_missing_switches_s_left_sling'====== Args={'value': 363, 'prev_value': None, 'change': True}
2025-03-31 16:47:13,186 : INFO : EventManager : Event: ======'machine_var_audits_missing_switches_s_left_slingshot'====== Args={'value': 29, 'prev_value': None, 'change': True}
2025-03-31 16:47:13,187 : INFO : EventManager : Event: ======'machine_var_audits_missing_switches_s_mead'====== Args={'value': 267, 'prev_value': None, 'change': True}
2025-03-31 16:47:13,187 : INFO : EventManager : Event: ======'machine_var_audits_missing_switches_s_mode_opto'====== Args={'value': 3, 'prev_value': None, 'change': True}
2025-03-31 16:47:13,187 : INFO : EventManager : Event: ======'machine_var_audits_missing_switches_s_newton_opto_made'====== Args={'value': 39, 'prev_value': None, 'change': True}
2025-03-31 16:47:13,187 : INFO : EventManager : Event: ======'machine_var_audits_missing_switches_s_outlane_left'====== Args={'value': 27, 'prev_value': None, 'change': True}
2025-03-31 16:47:13,187 : INFO : EventManager : Event: ======'machine_var_audits_missing_switches_s_outlane_right'====== Args={'value': 29, 'prev_value': None, 'change': True}
2025-03-31 16:47:13,187 : INFO : EventManager : Event: ======'machine_var_audits_missing_switches_s_percy'====== Args={'value': 85, 'prev_value': None, 'change': True}
2025-03-31 16:47:13,187 : INFO : EventManager : Event: ======'machine_var_audits_missing_switches_s_plunger'====== Args={'value': 363, 'prev_value': None, 'change': True}
2025-03-31 16:47:13,188 : INFO : EventManager : Event: ======'machine_var_audits_missing_switches_s_pop_bumper_1'====== Args={'value': 27, 'prev_value': None, 'change': True}
2025-03-31 16:47:13,188 : INFO : EventManager : Event: ======'machine_var_audits_missing_switches_s_pop_bumper_2'====== Args={'value': 29, 'prev_value': None, 'change': True}
2025-03-31 16:47:13,188 : INFO : EventManager : Event: ======'machine_var_audits_missing_switches_s_ramp_up_1'====== Args={'value': 42, 'prev_value': None, 'change': True}
2025-03-31 16:47:13,188 : INFO : EventManager : Event: ======'machine_var_audits_missing_switches_s_right_button_2'====== Args={'value': 28, 'prev_value': None, 'change': True}
2025-03-31 16:47:13,189 : INFO : EventManager : Event: ======'machine_var_audits_missing_switches_s_right_flipper'====== Args={'value': 363, 'prev_value': None, 'change': True}
2025-03-31 16:47:13,189 : INFO : EventManager : Event: ======'machine_var_audits_missing_switches_s_right_flipper_button'====== Args={'value': 28, 'prev_value': None, 'change': True}
2025-03-31 16:47:13,189 : INFO : EventManager : Event: ======'machine_var_audits_missing_switches_s_right_flipper_eos'====== Args={'value': 28, 'prev_value': None, 'change': True}
2025-03-31 16:47:13,189 : INFO : EventManager : Event: ======'machine_var_audits_missing_switches_s_right_inlane'====== Args={'value': 6, 'prev_value': None, 'change': True}
2025-03-31 16:47:13,189 : INFO : EventManager : Event: ======'machine_var_audits_missing_switches_s_right_inner_lane'====== Args={'value': 357, 'prev_value': None, 'change': True}
2025-03-31 16:47:13,189 : INFO : EventManager : Event: ======'machine_var_audits_missing_switches_s_right_orbit_1'====== Args={'value': 42, 'prev_value': None, 'change': True}
2025-03-31 16:47:13,189 : INFO : EventManager : Event: ======'machine_var_audits_missing_switches_s_right_outer_lane'====== Args={'value': 357, 'prev_value': None, 'change': True}
2025-03-31 16:47:13,190 : INFO : EventManager : Event: ======'machine_var_audits_missing_switches_s_right_outlane'====== Args={'value': 6, 'prev_value': None, 'change': True}
2025-03-31 16:47:13,190 : INFO : EventManager : Event: ======'machine_var_audits_missing_switches_s_right_ramp_entry_1'====== Args={'value': 20, 'prev_value': None, 'change': True}
2025-03-31 16:47:13,190 : INFO : EventManager : Event: ======'machine_var_audits_missing_switches_s_right_sling'====== Args={'value': 363, 'prev_value': None, 'change': True}
2025-03-31 16:47:13,190 : INFO : EventManager : Event: ======'machine_var_audits_missing_switches_s_right_slingshot'====== Args={'value': 27, 'prev_value': None, 'change': True}
2025-03-31 16:47:13,190 : INFO : EventManager : Event: ======'machine_var_audits_missing_switches_s_scanlan'====== Args={'value': 204, 'prev_value': None, 'change': True}
2025-03-31 16:47:13,190 : INFO : EventManager : Event: ======'machine_var_audits_missing_switches_s_spinner'====== Args={'value': 29, 'prev_value': None, 'change': True}
2025-03-31 16:47:13,190 : INFO : EventManager : Event: ======'machine_var_audits_missing_switches_s_start'====== Args={'value': 6, 'prev_value': None, 'change': True}
2025-03-31 16:47:13,191 : INFO : EventManager : Event: ======'machine_var_audits_missing_switches_s_start_button'====== Args={'value': 21, 'prev_value': None, 'change': True}
2025-03-31 16:47:13,191 : INFO : EventManager : Event: ======'machine_var_audits_missing_switches_s_trough_1'====== Args={'value': 42, 'prev_value': None, 'change': True}
2025-03-31 16:47:13,191 : INFO : EventManager : Event: ======'machine_var_audits_missing_switches_s_trough_2'====== Args={'value': 10, 'prev_value': None, 'change': True}
2025-03-31 16:47:13,191 : INFO : EventManager : Event: ======'machine_var_audits_missing_switches_s_trough_3'====== Args={'value': 10, 'prev_value': None, 'change': True}
2025-03-31 16:47:13,191 : INFO : EventManager : Event: ======'machine_var_audits_missing_switches_s_trough_4'====== Args={'value': 10, 'prev_value': None, 'change': True}
2025-03-31 16:47:13,191 : INFO : EventManager : Event: ======'machine_var_audits_missing_switches_s_trough_5'====== Args={'value': 10, 'prev_value': None, 'change': True}
2025-03-31 16:47:13,191 : INFO : EventManager : Event: ======'machine_var_audits_missing_switches_s_trough_6'====== Args={'value': 10, 'prev_value': None, 'change': True}
2025-03-31 16:47:13,192 : INFO : EventManager : Event: ======'machine_var_audits_missing_switches_s_trough_ball_1'====== Args={'value': 363, 'prev_value': None, 'change': True}
2025-03-31 16:47:13,192 : INFO : EventManager : Event: ======'machine_var_audits_missing_switches_s_trough_ball_2'====== Args={'value': 363, 'prev_value': None, 'change': True}
2025-03-31 16:47:13,192 : INFO : EventManager : Event: ======'machine_var_audits_missing_switches_s_trough_ball_3'====== Args={'value': 363, 'prev_value': None, 'change': True}
2025-03-31 16:47:13,193 : INFO : EventManager : Event: ======'machine_var_audits_missing_switches_s_trough_ball_4'====== Args={'value': 278, 'prev_value': None, 'change': True}
2025-03-31 16:47:13,193 : INFO : EventManager : Event: ======'machine_var_audits_missing_switches_s_trough_ball_5'====== Args={'value': 363, 'prev_value': None, 'change': True}
2025-03-31 16:47:13,193 : INFO : EventManager : Event: ======'machine_var_audits_missing_switches_s_trough_ball_6'====== Args={'value': 95, 'prev_value': None, 'change': True}
2025-03-31 16:47:13,193 : INFO : EventManager : Event: ======'machine_var_audits_player_score'====== Args={'value': {'average': 0, 'top': [], 'total': 0}, 'prev_value': None, 'change': True}
2025-03-31 16:47:13,193 : INFO : EventManager : Event: ======'machine_var_audits_shots_mead_shot'====== Args={'value': 223, 'prev_value': None, 'change': True}
2025-03-31 16:47:13,193 : INFO : EventManager : Event: ======'machine_var_audits_shots_percy_shot'====== Args={'value': 56, 'prev_value': None, 'change': True}
2025-03-31 16:47:13,193 : INFO : EventManager : Event: ======'machine_var_audits_shots_scanlan_shot'====== Args={'value': 121, 'prev_value': None, 'change': True}
2025-03-31 16:47:13,193 : INFO : EventManager : Event: ======'machine_var_audits_shots_video_shot_1'====== Args={'value': 24, 'prev_value': None, 'change': True}
2025-03-31 16:47:13,193 : INFO : EventManager : Event: ======'machine_var_audits_shots_video_shot_2'====== Args={'value': 20, 'prev_value': None, 'change': True}
2025-03-31 16:47:13,194 : INFO : EventManager : Event: ======'machine_var_audits_switches_s_3bank_tgt_d'====== Args={'value': 8, 'prev_value': None, 'change': True}
2025-03-31 16:47:13,194 : INFO : EventManager : Event: ======'machine_var_audits_switches_s_3bank_tgt_g'====== Args={'value': 13, 'prev_value': None, 'change': True}
2025-03-31 16:47:13,194 : INFO : EventManager : Event: ======'machine_var_audits_switches_s_3bank_tgt_o'====== Args={'value': 9, 'prev_value': None, 'change': True}
2025-03-31 16:47:13,194 : INFO : EventManager : Event: ======'machine_var_audits_switches_s_auto_launcher'====== Args={'value': 0, 'prev_value': None, 'change': True}
2025-03-31 16:47:13,194 : INFO : EventManager : Event: ======'machine_var_audits_switches_s_ball_drain'====== Args={'value': 0, 'prev_value': None, 'change': True}
2025-03-31 16:47:13,195 : INFO : EventManager : Event: ======'machine_var_audits_switches_s_ball_lock_1'====== Args={'value': 1, 'prev_value': None, 'change': True}
2025-03-31 16:47:13,195 : INFO : EventManager : Event: ======'machine_var_audits_switches_s_ball_lock_2'====== Args={'value': 1, 'prev_value': None, 'change': True}
2025-03-31 16:47:13,195 : INFO : EventManager : Event: ======'machine_var_audits_switches_s_ball_lock_3'====== Args={'value': 1, 'prev_value': None, 'change': True}
2025-03-31 16:47:13,195 : INFO : EventManager : Event: ======'machine_var_audits_switches_s_inlane_left'====== Args={'value': 7, 'prev_value': None, 'change': True}
2025-03-31 16:47:13,196 : INFO : EventManager : Event: ======'machine_var_audits_switches_s_inlane_right'====== Args={'value': 0, 'prev_value': None, 'change': True}
2025-03-31 16:47:13,196 : INFO : EventManager : Event: ======'machine_var_audits_switches_s_launch'====== Args={'value': 0, 'prev_value': None, 'change': True}
2025-03-31 16:47:13,196 : INFO : EventManager : Event: ======'machine_var_audits_switches_s_left_button_2'====== Args={'value': 50, 'prev_value': None, 'change': True}
2025-03-31 16:47:13,196 : INFO : EventManager : Event: ======'machine_var_audits_switches_s_left_flipper'====== Args={'value': 36, 'prev_value': None, 'change': True}
2025-03-31 16:47:13,196 : INFO : EventManager : Event: ======'machine_var_audits_switches_s_left_flipper_button'====== Args={'value': 50, 'prev_value': None, 'change': True}
2025-03-31 16:47:13,197 : INFO : EventManager : Event: ======'machine_var_audits_switches_s_left_flipper_eos'====== Args={'value': 28, 'prev_value': None, 'change': True}
2025-03-31 16:47:13,197 : INFO : EventManager : Event: ======'machine_var_audits_switches_s_left_inlane'====== Args={'value': 0, 'prev_value': None, 'change': True}
2025-03-31 16:47:13,197 : INFO : EventManager : Event: ======'machine_var_audits_switches_s_left_inner_lane'====== Args={'value': 0, 'prev_value': None, 'change': True}
2025-03-31 16:47:13,197 : INFO : EventManager : Event: ======'machine_var_audits_switches_s_left_outer_lane'====== Args={'value': 0, 'prev_value': None, 'change': True}
2025-03-31 16:47:13,197 : INFO : EventManager : Event: ======'machine_var_audits_switches_s_left_outlane'====== Args={'value': 0, 'prev_value': None, 'change': True}
2025-03-31 16:47:13,198 : INFO : EventManager : Event: ======'machine_var_audits_switches_s_left_ramp_entry_1'====== Args={'value': 715, 'prev_value': None, 'change': True}
2025-03-31 16:47:13,198 : INFO : EventManager : Event: ======'machine_var_audits_switches_s_left_sling'====== Args={'value': 7, 'prev_value': None, 'change': True}
2025-03-31 16:47:13,198 : INFO : EventManager : Event: ======'machine_var_audits_switches_s_left_slingshot'====== Args={'value': 4, 'prev_value': None, 'change': True}
2025-03-31 16:47:13,199 : INFO : EventManager : Event: ======'machine_var_audits_switches_s_mead'====== Args={'value': 0, 'prev_value': None, 'change': True}
2025-03-31 16:47:13,199 : INFO : EventManager : Event: ======'machine_var_audits_switches_s_mode_opto'====== Args={'value': 39, 'prev_value': None, 'change': True}
2025-03-31 16:47:13,199 : INFO : EventManager : Event: ======'machine_var_audits_switches_s_newton_opto_made'====== Args={'value': 2, 'prev_value': None, 'change': True}
2025-03-31 16:47:13,199 : INFO : EventManager : Event: ======'machine_var_audits_switches_s_outlane_left'====== Args={'value': 3, 'prev_value': None, 'change': True}
2025-03-31 16:47:13,199 : INFO : EventManager : Event: ======'machine_var_audits_switches_s_outlane_right'====== Args={'value': 1, 'prev_value': None, 'change': True}
2025-03-31 16:47:13,200 : INFO : EventManager : Event: ======'machine_var_audits_switches_s_percy'====== Args={'value': 0, 'prev_value': None, 'change': True}
2025-03-31 16:47:13,200 : INFO : EventManager : Event: ======'machine_var_audits_switches_s_plunger'====== Args={'value': 9, 'prev_value': None, 'change': True}
2025-03-31 16:47:13,200 : INFO : EventManager : Event: ======'machine_var_audits_switches_s_pop_bumper_1'====== Args={'value': 38, 'prev_value': None, 'change': True}
2025-03-31 16:47:13,200 : INFO : EventManager : Event: ======'machine_var_audits_switches_s_pop_bumper_2'====== Args={'value': 9, 'prev_value': None, 'change': True}
2025-03-31 16:47:13,200 : INFO : EventManager : Event: ======'machine_var_audits_switches_s_pop_bumper_3'====== Args={'value': 31, 'prev_value': None, 'change': True}
2025-03-31 16:47:13,201 : INFO : EventManager : Event: ======'machine_var_audits_switches_s_ramp_up_1'====== Args={'value': 0, 'prev_value': None, 'change': True}
2025-03-31 16:47:13,201 : INFO : EventManager : Event: ======'machine_var_audits_switches_s_right_button_2'====== Args={'value': 9, 'prev_value': None, 'change': True}
2025-03-31 16:47:13,201 : INFO : EventManager : Event: ======'machine_var_audits_switches_s_right_flipper'====== Args={'value': 131, 'prev_value': None, 'change': True}
2025-03-31 16:47:13,201 : INFO : EventManager : Event: ======'machine_var_audits_switches_s_right_flipper_button'====== Args={'value': 9, 'prev_value': None, 'change': True}
2025-03-31 16:47:13,201 : INFO : EventManager : Event: ======'machine_var_audits_switches_s_right_flipper_eos'====== Args={'value': 7, 'prev_value': None, 'change': True}
2025-03-31 16:47:13,202 : INFO : EventManager : Event: ======'machine_var_audits_switches_s_right_inlane'====== Args={'value': 0, 'prev_value': None, 'change': True}
2025-03-31 16:47:13,202 : INFO : EventManager : Event: ======'machine_var_audits_switches_s_right_inner_lane'====== Args={'value': 0, 'prev_value': None, 'change': True}
2025-03-31 16:47:13,203 : INFO : EventManager : Event: ======'machine_var_audits_switches_s_right_orbit_1'====== Args={'value': 0, 'prev_value': None, 'change': True}
2025-03-31 16:47:13,203 : INFO : EventManager : Event: ======'machine_var_audits_switches_s_right_outer_lane'====== Args={'value': 0, 'prev_value': None, 'change': True}
2025-03-31 16:47:13,203 : INFO : EventManager : Event: ======'machine_var_audits_switches_s_right_outlane'====== Args={'value': 0, 'prev_value': None, 'change': True}
2025-03-31 16:47:13,203 : INFO : EventManager : Event: ======'machine_var_audits_switches_s_right_ramp_entry_1'====== Args={'value': 3, 'prev_value': None, 'change': True}
2025-03-31 16:47:13,203 : INFO : EventManager : Event: ======'machine_var_audits_switches_s_right_sling'====== Args={'value': 3, 'prev_value': None, 'change': True}
2025-03-31 16:47:13,204 : INFO : EventManager : Event: ======'machine_var_audits_switches_s_right_slingshot'====== Args={'value': 7, 'prev_value': None, 'change': True}
2025-03-31 16:47:13,204 : INFO : EventManager : Event: ======'machine_var_audits_switches_s_scanlan'====== Args={'value': 0, 'prev_value': None, 'change': True}
2025-03-31 16:47:13,204 : INFO : EventManager : Event: ======'machine_var_audits_switches_s_shooter_lane'====== Args={'value': 42, 'prev_value': None, 'change': True}
2025-03-31 16:47:13,204 : INFO : EventManager : Event: ======'machine_var_audits_switches_s_spinner'====== Args={'value': 35, 'prev_value': None, 'change': True}
2025-03-31 16:47:13,204 : INFO : EventManager : Event: ======'machine_var_audits_switches_s_start'====== Args={'value': 38, 'prev_value': None, 'change': True}
2025-03-31 16:47:13,205 : INFO : EventManager : Event: ======'machine_var_audits_switches_s_start_button'====== Args={'value': 3, 'prev_value': None, 'change': True}
2025-03-31 16:47:13,205 : INFO : EventManager : Event: ======'machine_var_audits_switches_s_switch_2'====== Args={'value': 0, 'prev_value': None, 'change': True}
2025-03-31 16:47:13,205 : INFO : EventManager : Event: ======'machine_var_audits_switches_s_trough_1'====== Args={'value': 0, 'prev_value': None, 'change': True}
2025-03-31 16:47:13,205 : INFO : EventManager : Event: ======'machine_var_audits_switches_s_trough_2'====== Args={'value': 9, 'prev_value': None, 'change': True}
2025-03-31 16:47:13,205 : INFO : EventManager : Event: ======'machine_var_audits_switches_s_trough_3'====== Args={'value': 9, 'prev_value': None, 'change': True}
2025-03-31 16:47:13,206 : INFO : EventManager : Event: ======'machine_var_audits_switches_s_trough_4'====== Args={'value': 9, 'prev_value': None, 'change': True}
2025-03-31 16:47:13,206 : INFO : EventManager : Event: ======'machine_var_audits_switches_s_trough_5'====== Args={'value': 9, 'prev_value': None, 'change': True}
2025-03-31 16:47:13,206 : INFO : EventManager : Event: ======'machine_var_audits_switches_s_trough_6'====== Args={'value': 19, 'prev_value': None, 'change': True}
2025-03-31 16:47:13,206 : INFO : EventManager : Event: ======'machine_var_audits_switches_s_trough_7'====== Args={'value': 35, 'prev_value': None, 'change': True}
2025-03-31 16:47:13,206 : INFO : EventManager : Event: ======'machine_var_audits_switches_s_trough_ball'====== Args={'value': 36, 'prev_value': None, 'change': True}
2025-03-31 16:47:13,206 : INFO : EventManager : Event: ======'machine_var_audits_switches_s_trough_ball_1'====== Args={'value': 4, 'prev_value': None, 'change': True}
2025-03-31 16:47:13,207 : INFO : EventManager : Event: ======'machine_var_audits_switches_s_trough_ball_2'====== Args={'value': 4, 'prev_value': None, 'change': True}
2025-03-31 16:47:13,207 : INFO : EventManager : Event: ======'machine_var_audits_switches_s_trough_ball_3'====== Args={'value': 1, 'prev_value': None, 'change': True}
2025-03-31 16:47:13,207 : INFO : EventManager : Event: ======'machine_var_audits_switches_s_trough_ball_4'====== Args={'value': 0, 'prev_value': None, 'change': True}
2025-03-31 16:47:13,207 : INFO : EventManager : Event: ======'machine_var_audits_switches_s_trough_ball_5'====== Args={'value': 0, 'prev_value': None, 'change': True}
2025-03-31 16:47:13,208 : INFO : EventManager : Event: ======'machine_var_audits_switches_s_trough_ball_6'====== Args={'value': 1, 'prev_value': None, 'change': True}
2025-03-31 16:47:13,208 : INFO : EventManager : Event: ======'machine_var_audits_switches_s_trough_ball_jam'====== Args={'value': 38, 'prev_value': None, 'change': True}
2025-03-31 16:47:13,208 : INFO : EventManager : Event: ======'machine_var_audits_switches_s_trough_eject_coil'====== Args={'value': 0, 'prev_value': None, 'change': True}
2025-03-31 16:47:13,210 : INFO : EventManager : Event: ======'init_phase_5'====== Args={}
2025-03-31 16:47:13,302 : INFO : EventManager : Event: ======'init_done'====== Args={}
2025-03-31 16:47:13,303 : INFO : EventManager : Event: ======'machine_reset_phase_1'====== Args={}
2025-03-31 16:47:13,312 : INFO : EventManager : Event: ======'machine_reset_phase_2'====== Args={}
2025-03-31 16:47:13,315 : INFO : EventManager : Event: ======'machine_reset_phase_3'====== Args={}
2025-03-31 16:47:13,316 : INFO : EventManager : Event: ======'mode_tilt_will_start'====== Args={'queue': <QueuedEvent>}
2025-03-31 16:47:13,316 : INFO : EventManager : Event: ======'mode_tilt_starting'====== Args={'queue': <QueuedEvent>}
2025-03-31 16:47:13,316 : INFO : EventManager : Event: ======'diverter_diverter_deactivating'====== Args={}
2025-03-31 16:47:13,316 : INFO : coil.c_diverter : Disabling Driver
2025-03-31 16:47:13,317 : INFO : Mode.tilt : Started. Priority: 1000000
2025-03-31 16:47:13,317 : INFO : EventManager : Event: ======'modes_active_modes_changed'====== Args={}
2025-03-31 16:47:13,317 : INFO : EventManager : Event: ======'mode_tilt_started'====== Args={'queue': <QueuedEvent>}
2025-03-31 16:47:13,317 : INFO : EventManager : Event: ======'reset_complete'====== Args={}
2025-03-31 16:47:13,354 : INFO : Machine : Starting the main run loop.
2025-03-31 16:47:26,516 : INFO : SwitchController : <<<<<<< 's_start_button' inactive >>>>>>>
2025-03-31 16:47:26,657 : INFO : SwitchController : <<<<<<< 's_start_button' active >>>>>>>
2025-03-31 16:47:26,657 : INFO : EventManager : Event: ======'s_start_button_active'====== Args={}
2025-03-31 16:47:26,658 : INFO : EventManager : Event: ======'game_start'====== Args={'priority': 0}
2025-03-31 16:47:26,658 : INFO : EventManager : Event: ======'mode_game_will_start'====== Args={'priority': 0}
2025-03-31 16:47:26,659 : INFO : EventManager : Event: ======'mode_game_starting'====== Args={'priority': 0}
2025-03-31 16:47:26,659 : INFO : Mode.game : Started. Priority: 20
2025-03-31 16:47:26,659 : INFO : EventManager : Event: ======'modes_active_modes_changed'====== Args={}
2025-03-31 16:47:26,659 : INFO : EventManager : Event: ======'mode_game_started'====== Args={'priority': 0}
2025-03-31 16:47:26,699 : INFO : EventManager : Event: ======'game_will_start'====== Args={}
2025-03-31 16:47:26,700 : INFO : EventManager : Event: ======'game_starting'====== Args={'game': <Mode.game>}
2025-03-31 16:47:26,701 : INFO : EventManager : Unordered handler for class <Auditor> on event game_ended with priority 1. Handlers: [RegisteredHandler(callback=<bound method Auditor.disable of <Auditor>>, priority=1, kwargs={}, key=UUID('84f910a2-87c4-4543-8e53-466921119ee5'), condition=None, blocking_facility=None), RegisteredHandler(callback=<bound method Auditor._save_audits of <Auditor>>, priority=1, kwargs={}, key=UUID('52e42080-9108-4778-9ebb-0c9f218eb627'), condition=None, blocking_facility=None)]. The order of those handlers is not defined and they will be executed in random order. This might lead to race conditions and potential bugs.
2025-03-31 16:47:26,701 : INFO : EventManager : Event: ======'player_add_request'====== Args={}
2025-03-31 16:47:26,701 : INFO : EventManager : Event: ======'player_will_add'====== Args={'number': 1}
2025-03-31 16:47:26,702 : INFO : EventManager : Event: ======'player_adding'====== Args={'player': <Player 1>, 'number': 1}
2025-03-31 16:47:26,702 : INFO : EventManager : Event: ======'player_added'====== Args={'player': <Player 1>, 'num': 1}
2025-03-31 16:47:26,702 : INFO : Mode.game : Player added successfully. Total players: 1
2025-03-31 16:47:26,702 : INFO : EventManager : Event: ======'player_index'====== Args={'value': 0, 'prev_value': 0, 'change': 0, 'player_num': 1}
2025-03-31 16:47:26,702 : INFO : EventManager : Event: ======'player_number'====== Args={'value': 1, 'prev_value': 1, 'change': 0, 'player_num': 1}
2025-03-31 16:47:26,702 : INFO : EventManager : Event: ======'player_game_mode_active'====== Args={'value': 0, 'prev_value': 0, 'change': 0, 'player_num': 1}
2025-03-31 16:47:26,702 : INFO : EventManager : Event: ======'player_current_game_mode'====== Args={'value': 'None', 'prev_value': 'None', 'change': False, 'player_num': 1}
2025-03-31 16:47:26,703 : INFO : EventManager : Event: ======'player_phase1_complete'====== Args={'value': 0, 'prev_value': 0, 'change': 0, 'player_num': 1}
2025-03-31 16:47:26,703 : INFO : EventManager : Event: ======'player_dog_hunt_complete'====== Args={'value': 0, 'prev_value': 0, 'change': 0, 'player_num': 1}
2025-03-31 16:47:26,703 : INFO : EventManager : Event: ======'player_discovery_complete'====== Args={'value': 0, 'prev_value': 0, 'change': 0, 'player_num': 1}
2025-03-31 16:47:26,703 : INFO : EventManager : Event: ======'player_infected_complete'====== Args={'value': 0, 'prev_value': 0, 'change': 0, 'player_num': 1}
2025-03-31 16:47:26,703 : INFO : EventManager : Event: ======'player_blood_test_complete'====== Args={'value': 0, 'prev_value': 0, 'change': 0, 'player_num': 1}
2025-03-31 16:47:26,703 : INFO : EventManager : Event: ======'player_spider_head_complete'====== Args={'value': 0, 'prev_value': 0, 'change': 0, 'player_num': 1}
2025-03-31 16:47:26,703 : INFO : EventManager : Event: ======'player_wizard_complete'====== Args={'value': 0, 'prev_value': 0, 'change': 0, 'player_num': 1}
2025-03-31 16:47:26,703 : INFO : EventManager : Event: ======'player_ball_lock_complete'====== Args={'value': 0, 'prev_value': 0, 'change': 0, 'player_num': 1}
2025-03-31 16:47:26,703 : INFO : EventManager : Event: ======'player_multiball_complete'====== Args={'value': 0, 'prev_value': 0, 'change': 0, 'player_num': 1}
2025-03-31 16:47:26,703 : INFO : EventManager : Event: ======'player_spinner_value'====== Args={'value': 0, 'prev_value': 0, 'change': 0, 'player_num': 1}
2025-03-31 16:47:26,703 : INFO : EventManager : Event: ======'player_pop_bumper_value'====== Args={'value': 0, 'prev_value': 0, 'change': 0, 'player_num': 1}
2025-03-31 16:47:26,703 : INFO : EventManager : Event: ======'player_newton_shots'====== Args={'value': 0, 'prev_value': 0, 'change': 0, 'player_num': 1}
2025-03-31 16:47:26,703 : INFO : EventManager : Event: ======'player_locked_balls'====== Args={'value': 0, 'prev_value': 0, 'change': 0, 'player_num': 1}
2025-03-31 16:47:26,703 : INFO : EventManager : Event: ======'player_balls_in_play'====== Args={'value': 1, 'prev_value': 1, 'change': 0, 'player_num': 1}
2025-03-31 16:47:26,703 : INFO : EventManager : Event: ======'player_jackpot_value'====== Args={'value': 10000, 'prev_value': 10000, 'change': 0, 'player_num': 1}
2025-03-31 16:47:26,703 : INFO : EventManager : Event: ======'player_left_ramp_hits'====== Args={'value': 0, 'prev_value': 0, 'change': 0, 'player_num': 1}
2025-03-31 16:47:26,703 : INFO : EventManager : Event: ======'player_left_ramp_lock_hits'====== Args={'value': 0, 'prev_value': 0, 'change': 0, 'player_num': 1}
2025-03-31 16:47:26,703 : INFO : EventManager : Event: ======'player_spinner_hits'====== Args={'value': 0, 'prev_value': 0, 'change': 0, 'player_num': 1}
2025-03-31 16:47:26,704 : INFO : EventManager : Event: ======'player_pop_bumper_wizard'====== Args={'value': 0, 'prev_value': 0, 'change': 0, 'player_num': 1}
2025-03-31 16:47:26,704 : INFO : EventManager : Event: ======'player_ball_lock_active'====== Args={'value': 0, 'prev_value': 0, 'change': 0, 'player_num': 1}
2025-03-31 16:47:26,704 : INFO : EventManager : Event: ======'player_super_jackpot_value'====== Args={'value': 100000, 'prev_value': 100000, 'change': 0, 'player_num': 1}
2025-03-31 16:47:26,704 : INFO : EventManager : Event: ======'player_jackpot_state'====== Args={'value': 0, 'prev_value': 0, 'change': 0, 'player_num': 1}
2025-03-31 16:47:26,704 : INFO : EventManager : Event: ======'player_right_ramp_valid'====== Args={'value': 0, 'prev_value': 0, 'change': 0, 'player_num': 1}
2025-03-31 16:47:26,704 : INFO : EventManager : Event: ======'player_score'====== Args={'value': 0, 'prev_value': 0, 'change': 0, 'player_num': 1}
2025-03-31 16:47:26,706 : INFO : EventManager : Event: ======'game_started'====== Args={}
2025-03-31 16:47:26,707 : INFO : drop_target_bank.vuk_bank : All targets are already up. Will not reset bank.
2025-03-31 16:47:26,707 : INFO : EventManager : Event: ======'setup_game_variables'====== Args={'priority': 0}
2025-03-31 16:47:26,733 : INFO : EventManager : Event: ======'player_turn_will_start'====== Args={'player': <Player 1>, 'number': 1}
2025-03-31 16:47:26,734 : INFO : EventManager : Event: ======'slide__removed'====== Args={'_from_bcp': True}
2025-03-31 16:47:26,734 : INFO : EventManager : Event: ======'player_turn_starting'====== Args={'player': <Player 1>, 'number': 1}
2025-03-31 16:47:26,735 : INFO : EventManager : Event: ======'player_ball'====== Args={'value': 1, 'prev_value': 0, 'change': 1, 'player_num': 1}
2025-03-31 16:47:26,735 : INFO : EventManager : Event: ======'player_turn_started'====== Args={'player': <Player 1>, 'number': 1}
2025-03-31 16:47:26,737 : INFO : EventManager : Event: ======'ball_will_start'====== Args={'player': 1, 'ball': 1, 'balls_remaining': 2, 'is_extra_ball': False}
2025-03-31 16:47:26,740 : INFO : EventManager : Event: ======'ball_starting'====== Args={'player': 1, 'ball': 1, 'balls_remaining': 2, 'is_extra_ball': False}
2025-03-31 16:47:26,741 : INFO : EventManager : Event: ======'mode_base_will_start'====== Args={'queue': <QueuedEvent>, 'player': 1, 'ball': 1, 'balls_remaining': 2, 'is_extra_ball': False}
2025-03-31 16:47:26,742 : INFO : EventManager : Event: ======'player_base_mode_timer_tick'====== Args={'value': 60, 'prev_value': 0, 'change': 60, 'player_num': 1}
2025-03-31 16:47:26,744 : INFO : EventManager : Event: ======'mode_base_starting'====== Args={'queue': <QueuedEvent>, 'player': 1, 'ball': 1, 'balls_remaining': 2, 'is_extra_ball': False}
2025-03-31 16:47:26,744 : INFO : EventManager : Event: ======'bd_trough_eject'====== Args={'priority': 0}
2025-03-31 16:47:26,744 : INFO : Mode.base : Started. Priority: 100
2025-03-31 16:47:26,745 : INFO : EventManager : Event: ======'modes_active_modes_changed'====== Args={}
2025-03-31 16:47:26,745 : INFO : EventManager : Event: ======'mode_base_started'====== Args={'queue': <QueuedEvent>, 'player': 1, 'ball': 1, 'balls_remaining': 2, 'is_extra_ball': False}
2025-03-31 16:47:26,745 : INFO : EventManager : Event: ======'balls_in_play'====== Args={'balls': 1}
2025-03-31 16:47:26,745 : INFO : EventManager : Event: ======'ball_started'====== Args={'player': 1, 'ball': 1, 'balls_remaining': 2, 'is_extra_ball': False}
2025-03-31 16:47:26,746 : INFO : EventManager : Event: ======'ball_save_ball_save_enabled'====== Args={}
2025-03-31 16:47:26,746 : INFO : EventManager : Event: ======'logicblock_spinner_value_updated'====== Args={'value': 0, 'enabled': True}
2025-03-31 16:47:26,746 : INFO : EventManager : Event: ======'logicblock_newton_hit_counter_updated'====== Args={'value': 0, 'enabled': True}
2025-03-31 16:47:26,746 : INFO : EventManager : Event: ======'logicblock_diverter_pattern_updated'====== Args={'value': 0, 'enabled': True}
2025-03-31 16:47:26,746 : INFO : drop_target_bank.vuk_bank : All targets are already up. Will not reset bank.
2025-03-31 16:47:26,747 : INFO : EventManager : Event: ======'reset_player_shot_counters'====== Args={'priority': 0}
2025-03-31 16:47:26,769 : INFO : EventManager : Event: ======'single_player_ball_started'====== Args={}
2025-03-31 16:47:26,779 : INFO : EventManager : Event: ======'ball_start_target'====== Args={'target': 'playfield'}
2025-03-31 16:47:26,779 : INFO : ball_device.bd_shooter_lane : Setting up player-controlled eject. Balls: 1, Target: <playfield.playfield>, player_controlled_eject_event: None
2025-03-31 16:47:26,779 : INFO : EventManager : Event: ======'balldevice_balls_available'====== Args={}
2025-03-31 16:47:26,780 : INFO : ball_device.bd_shooter_lane : State: waiting_for_target_ready
2025-03-31 16:47:26,780 : INFO : EventManager : Event: ======'balldevice_bd_shooter_lane_ball_eject_attempt'====== Args={'balls': 1, 'target': <playfield.playfield>, 'source': <ball_device.bd_shooter_lane>, 'mechanical_eject': True, 'num_attempts': 0}
2025-03-31 16:47:26,781 : INFO : ball_device.bd_shooter_lane : State: ejecting
2025-03-31 16:47:26,781 : INFO : ball_device.bd_shooter_lane : Ejecting ball to <playfield.playfield>
2025-03-31 16:47:26,781 : INFO : EventManager : Event: ======'balldevice_bd_shooter_lane_ejecting_ball'====== Args={'balls': 1, 'target': <playfield.playfield>, 'source': <ball_device.bd_shooter_lane>, 'mechanical_eject': True, 'num_attempts': 0}
2025-03-31 16:47:26,781 : INFO : ball_device.bd_shooter_lane : Wait for ball to leave device
2025-03-31 16:47:32,466 : INFO : SwitchController : <<<<<<< 's_shooter_lane' inactive >>>>>>>
2025-03-31 16:47:32,481 : INFO : ball_device.bd_shooter_lane : State: ball_left
2025-03-31 16:47:32,481 : INFO : ball_device.bd_shooter_lane : Ball left
2025-03-31 16:47:32,481 : INFO : ball_device.bd_shooter_lane : Wait for confirm with timeout 5.0
2025-03-31 16:47:33,870 : INFO : SwitchController : <<<<<<< 's_trough_2' active >>>>>>>
2025-03-31 16:47:33,871 : INFO : EventManager : Event: ======'machine_var_audits_switches_s_trough_2'====== Args={'value': 10, 'prev_value': 9, 'change': 1}
2025-03-31 16:47:33,997 : INFO : SwitchController : <<<<<<< 's_trough_2' inactive >>>>>>>
2025-03-31 16:47:34,089 : INFO : SwitchController : <<<<<<< 's_trough_3' active >>>>>>>
2025-03-31 16:47:34,089 : INFO : EventManager : Event: ======'machine_var_audits_switches_s_trough_3'====== Args={'value': 10, 'prev_value': 9, 'change': 1}
2025-03-31 16:47:34,151 : INFO : SwitchController : <<<<<<< 's_trough_3' inactive >>>>>>>
2025-03-31 16:47:34,230 : INFO : SwitchController : <<<<<<< 's_trough_4' active >>>>>>>
2025-03-31 16:47:34,231 : INFO : EventManager : Event: ======'machine_var_audits_switches_s_trough_4'====== Args={'value': 10, 'prev_value': 9, 'change': 1}
2025-03-31 16:47:34,276 : INFO : SwitchController : <<<<<<< 's_trough_4' inactive >>>>>>>
2025-03-31 16:47:34,324 : INFO : SwitchController : <<<<<<< 's_trough_5' active >>>>>>>
2025-03-31 16:47:34,324 : INFO : EventManager : Event: ======'machine_var_audits_switches_s_trough_5'====== Args={'value': 10, 'prev_value': 9, 'change': 1}
2025-03-31 16:47:34,369 : INFO : SwitchController : <<<<<<< 's_trough_5' inactive >>>>>>>
2025-03-31 16:47:34,416 : INFO : SwitchController : <<<<<<< 's_trough_6' active >>>>>>>
2025-03-31 16:47:34,417 : INFO : EventManager : Event: ======'machine_var_audits_switches_s_trough_6'====== Args={'value': 20, 'prev_value': 19, 'change': 1}
2025-03-31 16:47:34,479 : INFO : SwitchController : <<<<<<< 's_trough_6' inactive >>>>>>>
2025-03-31 16:47:34,525 : INFO : SwitchController : <<<<<<< 's_trough_6' active >>>>>>>
2025-03-31 16:47:34,525 : INFO : EventManager : Event: ======'machine_var_audits_switches_s_trough_6'====== Args={'value': 21, 'prev_value': 20, 'change': 1}
2025-03-31 16:47:35,022 : INFO : EventManager : Event: ======'balldevice_bd_trough_ball_count_changed'====== Args={'balls': 2}
2025-03-31 16:47:35,022 : INFO : ball_device.bd_trough : Received unexpected ball
2025-03-31 16:47:35,022 : INFO : EventManager : Event: ======'balldevice_captured_from_playfield'====== Args={'balls': 1}
2025-03-31 16:47:35,024 : INFO : EventManager : Event: ======'sw_playfield_active'====== Args={'balls': 1}
2025-03-31 16:47:35,025 : INFO : EventManager : Event: ======'playfield_active'====== Args={'source': None}
2025-03-31 16:47:35,025 : INFO : EventManager : Event: ======'playfield_ball_count_change'====== Args={'balls': -1, 'change': -1}
2025-03-31 16:47:35,026 : INFO : EventManager : Event: ======'balldevice_bd_trough_ball_enter'====== Args={'new_balls': 1, 'unclaimed_balls': 1, 'new_available_balls': 1, 'device': <ball_device.bd_trough>}
2025-03-31 16:47:35,027 : INFO : EventManager : Event: ======'ball_drain'====== Args={'device': <ball_device.bd_trough>, 'balls': 1}
2025-03-31 16:47:35,028 : INFO : EventManager : Event: ======'ball_save_ball_save_saving_ball'====== Args={'balls': 1, 'early_save': False}
2025-03-31 16:47:35,029 : INFO : ball_device.bd_shooter_lane : Adding 1 ball(s) to the eject_queue with target <playfield.playfield>.
2025-03-31 16:47:35,029 : INFO : EventManager : Event: ======'balldevice_balls_available'====== Args={}
2025-03-31 16:47:35,029 : INFO : EventManager : Event: ======'ball_save_ball_save_disabled'====== Args={}
2025-03-31 16:47:35,030 : INFO : ball_device.bd_shooter_lane : Got eject confirm
2025-03-31 16:47:35,030 : INFO : ball_device.bd_shooter_lane : Eject successful
2025-03-31 16:47:35,030 : INFO : EventManager : Event: ======'balldevice_bd_shooter_lane_ball_eject_success'====== Args={'balls': 1, 'target': <playfield.playfield>}
2025-03-31 16:47:35,030 : INFO : EventManager : Event: ======'balldevice_playfield_ball_enter'====== Args={'new_balls': 1, 'unclaimed_balls': 1, 'device': <playfield.playfield>}
2025-03-31 16:47:35,030 : INFO : EventManager : Event: ======'playfield_ball_count_change'====== Args={'balls': 0, 'change': 1}
2025-03-31 16:47:35,031 : INFO : EventManager : Event: ======'balldevice_balls_available'====== Args={}
2025-03-31 16:47:35,031 : INFO : EventManager : Event: ======'balldevice_bd_trough_ball_entered'====== Args={'new_balls': 1, 'device': <ball_device.bd_trough>}
2025-03-31 16:47:35,031 : INFO : EventManager : Event: ======'balldevice_bd_shooter_lane_ball_count_changed'====== Args={'balls': 0}
2025-03-31 16:47:35,031 : INFO : ball_device.bd_shooter_lane : State: idle
2025-03-31 16:47:35,032 : INFO : ball_device.bd_shooter_lane : State: waiting_for_ball
2025-03-31 16:47:35,032 : INFO : ball_device.bd_trough : State: waiting_for_target_ready
2025-03-31 16:47:35,033 : INFO : EventManager : Event: ======'balldevice_bd_trough_ball_eject_attempt'====== Args={'balls': 1, 'target': <ball_device.bd_shooter_lane>, 'source': <ball_device.bd_trough>, 'mechanical_eject': False, 'num_attempts': 0}
2025-03-31 16:47:35,033 : INFO : ball_device.bd_trough : State: ejecting
2025-03-31 16:47:35,033 : INFO : ball_device.bd_trough : Ejecting ball to <ball_device.bd_shooter_lane>
2025-03-31 16:47:35,033 : INFO : EventManager : Event: ======'balldevice_bd_trough_ejecting_ball'====== Args={'balls': 1, 'target': <ball_device.bd_shooter_lane>, 'source': <ball_device.bd_trough>, 'mechanical_eject': False, 'num_attempts': 0}
2025-03-31 16:47:35,034 : INFO : ball_device.bd_trough : Wait for ball to leave device
2025-03-31 16:47:35,034 : INFO : coil.c_trough : Pulsing Driver for 25ms (1.0 pulse_power)
2025-03-31 16:47:35,069 : INFO : SwitchController : <<<<<<< 's_trough_ball' inactive >>>>>>>
2025-03-31 16:47:35,093 : INFO : SwitchController : <<<<<<< 's_trough_ball' active >>>>>>>
2025-03-31 16:47:35,093 : INFO : EventManager : Event: ======'machine_var_audits_switches_s_trough_ball'====== Args={'value': 37, 'prev_value': 36, 'change': 1}
2025-03-31 16:47:35,149 : INFO : SwitchController : <<<<<<< 's_trough_ball_jam' active >>>>>>>
2025-03-31 16:47:35,149 : INFO : EventManager : Event: ======'machine_var_audits_switches_s_trough_ball_jam'====== Args={'value': 39, 'prev_value': 38, 'change': 1}
2025-03-31 16:47:35,211 : INFO : SwitchController : <<<<<<< 's_trough_7' inactive >>>>>>>
2025-03-31 16:47:35,223 : INFO : SwitchController : <<<<<<< 's_trough_6' inactive >>>>>>>
2025-03-31 16:47:35,230 : INFO : ball_device.bd_trough : State: ball_left
2025-03-31 16:47:35,231 : INFO : ball_device.bd_trough : Ball left
2025-03-31 16:47:35,231 : INFO : ball_device.bd_trough : Wait for confirm with timeout 3.0
2025-03-31 16:47:35,289 : INFO : SwitchController : <<<<<<< 's_trough_ball_jam' inactive >>>>>>>
2025-03-31 16:47:35,351 : INFO : SwitchController : <<<<<<< 's_trough_7' active >>>>>>>
2025-03-31 16:47:35,352 : INFO : EventManager : Event: ======'machine_var_audits_switches_s_trough_7'====== Args={'value': 36, 'prev_value': 35, 'change': 1}
2025-03-31 16:47:36,474 : INFO : SwitchController : <<<<<<< 's_shooter_lane' active >>>>>>>
2025-03-31 16:47:36,474 : INFO : EventManager : Event: ======'machine_var_audits_switches_s_shooter_lane'====== Args={'value': 43, 'prev_value': 42, 'change': 1}
2025-03-31 16:47:36,790 : INFO : ball_device.bd_shooter_lane : Received ball from <ball_device.bd_trough>
2025-03-31 16:47:36,790 : INFO : EventManager : Event: ======'balldevice_bd_shooter_lane_ball_enter'====== Args={'new_balls': 1, 'unclaimed_balls': 0, 'new_available_balls': 0, 'device': <ball_device.bd_shooter_lane>}
2025-03-31 16:47:36,791 : INFO : EventManager : Event: ======'balldevice_bd_shooter_lane_ball_entered'====== Args={'new_balls': 0, 'device': <ball_device.bd_shooter_lane>}
2025-03-31 16:47:36,791 : INFO : EventManager : Event: ======'balldevice_bd_shooter_lane_ball_count_changed'====== Args={'balls': 1}
2025-03-31 16:47:36,791 : INFO : ball_device.bd_trough : Got eject confirm
2025-03-31 16:47:36,791 : INFO : ball_device.bd_trough : Eject successful
2025-03-31 16:47:36,791 : INFO : EventManager : Event: ======'balldevice_bd_trough_ball_eject_success'====== Args={'balls': 1, 'target': <ball_device.bd_shooter_lane>}
2025-03-31 16:47:36,791 : INFO : ball_device.bd_shooter_lane : State: waiting_for_target_ready
2025-03-31 16:47:36,791 : INFO : EventManager : Event: ======'balldevice_bd_shooter_lane_ball_eject_attempt'====== Args={'balls': 1, 'target': <playfield.playfield>, 'source': <ball_device.bd_shooter_lane>, 'mechanical_eject': False, 'num_attempts': 0}
2025-03-31 16:47:36,791 : INFO : EventManager : Event: ======'balldevice_bd_trough_ball_count_changed'====== Args={'balls': 1}
2025-03-31 16:47:36,791 : INFO : ball_device.bd_trough : State: idle
2025-03-31 16:47:36,791 : INFO : ball_device.bd_shooter_lane : State: ejecting
2025-03-31 16:47:36,791 : INFO : ball_device.bd_shooter_lane : Ejecting ball to <playfield.playfield>
2025-03-31 16:47:36,792 : INFO : EventManager : Event: ======'balldevice_bd_shooter_lane_ejecting_ball'====== Args={'balls': 1, 'target': <playfield.playfield>, 'source': <ball_device.bd_shooter_lane>, 'mechanical_eject': False, 'num_attempts': 0}
2025-03-31 16:47:36,792 : INFO : ball_device.bd_shooter_lane : Wait for ball to leave device
2025-03-31 16:47:37,222 : INFO : SwitchController : <<<<<<< 's_left_button_2' active >>>>>>>
2025-03-31 16:47:37,222 : INFO : EventManager : Event: ======'machine_var_audits_switches_s_left_button_2'====== Args={'value': 51, 'prev_value': 50, 'change': 1}
2025-03-31 16:47:37,224 : INFO : SwitchController : <<<<<<< 's_left_flipper_button' active >>>>>>>
2025-03-31 16:47:37,224 : INFO : EventManager : Event: ======'machine_var_audits_switches_s_left_flipper_button'====== Args={'value': 51, 'prev_value': 50, 'change': 1}
2025-03-31 16:47:37,253 : INFO : SwitchController : <<<<<<< 's_left_flipper_eos' active >>>>>>>
2025-03-31 16:47:37,254 : INFO : EventManager : Event: ======'machine_var_audits_switches_s_left_flipper_eos'====== Args={'value': 29, 'prev_value': 28, 'change': 1}
2025-03-31 16:47:37,347 : INFO : SwitchController : <<<<<<< 's_left_flipper_button' inactive >>>>>>>
2025-03-31 16:47:37,347 : INFO : SwitchController : <<<<<<< 's_left_button_2' inactive >>>>>>>
2025-03-31 16:47:37,425 : INFO : SwitchController : <<<<<<< 's_left_flipper_eos' inactive >>>>>>>
2025-03-31 16:47:37,533 : INFO : SwitchController : <<<<<<< 's_left_button_2' active >>>>>>>
2025-03-31 16:47:37,534 : INFO : EventManager : Event: ======'machine_var_audits_switches_s_left_button_2'====== Args={'value': 52, 'prev_value': 51, 'change': 1}
2025-03-31 16:47:37,564 : INFO : SwitchController : <<<<<<< 's_left_button_2' inactive >>>>>>>
2025-03-31 16:47:37,752 : INFO : SwitchController : <<<<<<< 's_left_button_2' active >>>>>>>
2025-03-31 16:47:37,752 : INFO : EventManager : Event: ======'machine_var_audits_switches_s_left_button_2'====== Args={'value': 53, 'prev_value': 52, 'change': 1}
2025-03-31 16:47:37,755 : INFO : SwitchController : <<<<<<< 's_left_flipper_button' active >>>>>>>
2025-03-31 16:47:37,755 : INFO : EventManager : Event: ======'machine_var_audits_switches_s_left_flipper_button'====== Args={'value': 52, 'prev_value': 51, 'change': 1}
2025-03-31 16:47:37,773 : INFO : SwitchController : <<<<<<< 's_left_flipper_eos' active >>>>>>>
2025-03-31 16:47:37,773 : INFO : EventManager : Event: ======'machine_var_audits_switches_s_left_flipper_eos'====== Args={'value': 30, 'prev_value': 29, 'change': 1}
2025-03-31 16:47:37,846 : INFO : SwitchController : <<<<<<< 's_left_flipper_button' inactive >>>>>>>
2025-03-31 16:47:37,846 : INFO : SwitchController : <<<<<<< 's_left_button_2' inactive >>>>>>>
2025-03-31 16:47:37,922 : INFO : SwitchController : <<<<<<< 's_left_flipper_eos' inactive >>>>>>>
2025-03-31 16:47:41,790 : INFO : EventManager : Event: ======'balldevice_bd_shooter_lane_ball_eject_failed'====== Args={'target': <playfield.playfield>, 'balls': 1, 'retry': True, 'num_attempts': 1}
2025-03-31 16:47:41,791 : INFO : ball_device.bd_shooter_lane : State: waiting_for_target_ready
2025-03-31 16:47:41,791 : INFO : EventManager : Event: ======'balldevice_bd_shooter_lane_ball_eject_attempt'====== Args={'balls': 1, 'target': <playfield.playfield>, 'source': <ball_device.bd_shooter_lane>, 'mechanical_eject': False, 'num_attempts': 1}
2025-03-31 16:47:41,791 : INFO : ball_device.bd_shooter_lane : State: ejecting
2025-03-31 16:47:41,791 : INFO : ball_device.bd_shooter_lane : Ejecting ball to <playfield.playfield>
2025-03-31 16:47:41,791 : INFO : EventManager : Event: ======'balldevice_bd_shooter_lane_ejecting_ball'====== Args={'balls': 1, 'target': <playfield.playfield>, 'source': <ball_device.bd_shooter_lane>, 'mechanical_eject': False, 'num_attempts': 1}
2025-03-31 16:47:41,792 : INFO : ball_device.bd_shooter_lane : Wait for ball to leave device
2025-03-31 16:47:42,513 : INFO : Machine : Shutting down...
2025-03-31 16:47:42,513 : INFO : EventManager : Event: ======'shutdown'====== Args={}
2025-03-31 16:47:42,514 : INFO : EventManager : Event: ======'mode_game_will_stop'====== Args={}
2025-03-31 16:47:42,515 : INFO : EventManager : Event: ======'mode_game_stopping'====== Args={}
2025-03-31 16:47:42,515 : INFO : EventManager : Event: ======'mode_base_will_stop'====== Args={}
2025-03-31 16:47:42,516 : INFO : EventManager : Event: ======'mode_base_stopping'====== Args={}
2025-03-31 16:47:42,516 : INFO : Mode.base : Stopped.
2025-03-31 16:47:42,516 : INFO : EventManager : Event: ======'modes_active_modes_changed'====== Args={}
2025-03-31 16:47:42,516 : INFO : EventManager : Event: ======'mode_base_stopped'====== Args={}
2025-03-31 16:47:42,516 : INFO : EventManager : Event: ======'clear'====== Args={'key': 'base'}
2025-03-31 16:47:42,516 : INFO : Timer.mode_timer : Stopping Timer
2025-03-31 16:47:42,516 : INFO : EventManager : Event: ======'timer_mode_timer_stopped'====== Args={'ticks': 60, 'ticks_remaining': 0}
2025-03-31 16:47:42,517 : INFO : Mode.game : Stopped.
2025-03-31 16:47:42,517 : INFO : EventManager : Event: ======'modes_active_modes_changed'====== Args={}
2025-03-31 16:47:42,517 : INFO : EventManager : Event: ======'mode_game_stopped'====== Args={}
2025-03-31 16:47:42,517 : INFO : EventManager : Event: ======'clear'====== Args={'key': 'game'}
2025-03-31 16:47:42,619 : INFO : root : MPF run loop ended.
