2025-03-30 21:28:29,375 : INFO : root : Loading config.
2025-03-30 21:28:29,387 : INFO : YamlMultifileConfigLoader : Machine config file #1: config.yaml
2025-03-30 21:28:29,388 : WARNING : ConfigProcessor : Config file in cache changed: C:\Users\homebrew\Desktop\thing_pinball\config\config.yaml
2025-03-30 21:28:29,389 : INFO : ConfigProcessor : Loading config from file C:\Users\homebrew\AppData\Local\Programs\Python\Python312\Lib\site-packages\mpf\mpfconfig.yaml.
2025-03-30 21:28:29,398 : INFO : ConfigProcessor : Loading config: C:\Users\homebrew\AppData\Local\Programs\Python\Python312\Lib\site-packages\mpf\mpfconfig.yaml
2025-03-30 21:28:29,398 : INFO : ConfigProcessor : Loading config from file C:\Users\homebrew\Desktop\thing_pinball\config\config.yaml.
2025-03-30 21:28:29,429 : INFO : ConfigProcessor : Loading config: C:\Users\homebrew\Desktop\thing_pinball\config\config.yaml
2025-03-30 21:28:29,429 : INFO : ConfigProcessor : Loading config: C:\Users\homebrew\Desktop\thing_pinball\config\service_mode.yaml
2025-03-30 21:28:29,429 : INFO : ConfigProcessor : Config file cache created: C:\Users\homebrew\AppData\Local\Temp\775282453bb9ae39cad69c39ab867a35.mpf_cache
2025-03-30 21:28:29,533 : INFO : ConfigProcessor : Loading config from cache: C:\Users\homebrew\AppData\Local\Temp\14eb6f99ffd433bf1b6bfef7e8b96202.mpf_cache
2025-03-30 21:28:29,533 : INFO : ConfigProcessor : Loading config from cache: C:\Users\homebrew\AppData\Local\Temp\8864efb2a88f9c685592172f4fd0a6a3.mpf_cache
2025-03-30 21:28:29,539 : INFO : ConfigProcessor : Loading config from cache: C:\Users\homebrew\AppData\Local\Temp\1352604168843921958881d1d8dd3c1b.mpf_cache
2025-03-30 21:28:29,539 : INFO : ConfigProcessor : Loading config from cache: C:\Users\homebrew\AppData\Local\Temp\14eb6f99ffd433bf1b6bfef7e8b96202.mpf_cache
2025-03-30 21:28:29,539 : INFO : ConfigProcessor : Loading config from cache: C:\Users\homebrew\AppData\Local\Temp\8864efb2a88f9c685592172f4fd0a6a3.mpf_cache
2025-03-30 21:28:29,539 : INFO : ConfigProcessor : Loading config from cache: C:\Users\homebrew\AppData\Local\Temp\82108c9d10735fbef5e8cced18b7d831.mpf_cache
2025-03-30 21:28:29,539 : INFO : ConfigProcessor : Loading config from cache: C:\Users\homebrew\AppData\Local\Temp\81d0f34cbd4c6d61cd4dad95e5100b6a.mpf_cache
2025-03-30 21:28:29,539 : INFO : ConfigProcessor : Loading config from cache: C:\Users\homebrew\AppData\Local\Temp\85b30d06c34a199299d858e267dca599.mpf_cache
2025-03-30 21:28:29,539 : INFO : ConfigProcessor : Loading config from cache: C:\Users\homebrew\AppData\Local\Temp\b6a0c3fa509e03dd7943cf1395b72ece.mpf_cache
2025-03-30 21:28:29,539 : INFO : ConfigProcessor : Loading config from cache: C:\Users\homebrew\AppData\Local\Temp\d18a920afddb781d4f34b36ac5cb2e09.mpf_cache
2025-03-30 21:28:29,539 : INFO : ConfigProcessor : Loading config from cache: C:\Users\homebrew\AppData\Local\Temp\50de7258194ae9293cbe8c4fce9577e7.mpf_cache
2025-03-30 21:28:29,539 : INFO : ConfigProcessor : Loading config from cache: C:\Users\homebrew\AppData\Local\Temp\2a76f107a833b8953199c5c910a26856.mpf_cache
2025-03-30 21:28:29,539 : INFO : ConfigProcessor : Loading config from cache: C:\Users\homebrew\AppData\Local\Temp\529fba7289b2d9f945cd5a4488c8b5fa.mpf_cache
2025-03-30 21:28:29,539 : INFO : ConfigProcessor : Loading config from cache: C:\Users\homebrew\AppData\Local\Temp\8c97cf9697840e2ca000923ba54f1b48.mpf_cache
2025-03-30 21:28:29,539 : INFO : ConfigProcessor : Loading config from cache: C:\Users\homebrew\AppData\Local\Temp\e8cb3f2c2e9a26851ec893c5156e3f7c.mpf_cache
2025-03-30 21:28:29,539 : INFO : ConfigProcessor : Loading config from cache: C:\Users\homebrew\AppData\Local\Temp\67cfb29d96313268f86362bebab46239.mpf_cache
2025-03-30 21:28:29,549 : INFO : Machine : Mission Pinball Framework Core Engine v0.80.0.dev4
2025-03-30 21:28:29,549 : INFO : Machine : Command line arguments: {'no_load_cache': False, 'create_config_cache': True, 'bcp': False, 'configfile': ['config.yaml'], 'force_assets_load': False, 'platform_integration_test': False, 'jsonlogging': False, 'logfile': 'logs\\2025-03-30-21-28-29-mpf-mpf.log', 'pause': False, 'production': False, 'text_ui': False, 'loglevel': 15, 'consoleloglevel': 20, 'force_platform': None, 'syslog_address': None, 'mc_file_name': None, 'no_sound': False, 'full_logfile_path': 'C:\\Users\\homebrew\\Desktop\\thing_pinball\\logs\\2025-03-30-21-28-29-mpf-mpf.log'}
2025-03-30 21:28:29,549 : INFO : Machine : MPF path: C:\Users\homebrew\AppData\Local\Programs\Python\Python312\Lib\site-packages\mpf
2025-03-30 21:28:29,549 : INFO : Machine : Machine path: C:\Users\homebrew\Desktop\thing_pinball
2025-03-30 21:28:29,549 : INFO : Machine : Platform: win32
2025-03-30 21:28:29,549 : INFO : Machine : Python executable location: C:\Users\homebrew\AppData\Local\Programs\Python\Python312\python.exe
2025-03-30 21:28:29,549 : INFO : Machine : Python version: 3.12.3 (64-bit)
2025-03-30 21:28:29,549 : INFO : Machine : Initializing MPF...
2025-03-30 21:28:29,661 : INFO : FAST [NET] : Trying to connect to com4 at 921600bps
2025-03-30 21:28:29,661 : INFO : FAST [NET] : Connected to com4 at 921600bps
2025-03-30 21:28:29,676 : INFO : FAST [NET] : Connected to FP-CPU-2000 with firmware v02.21
2025-03-30 21:28:29,714 : INFO : FAST [NET] : Registered I/O Board 0: Model: FP-I/O-0024, Firmware: 01.10, Switches: 24, Drivers: 8
2025-03-30 21:28:29,724 : INFO : FAST [NET] : Registered I/O Board 1: Model: FP-I/O-3208, Firmware: 01.10, Switches: 32, Drivers: 8
2025-03-30 21:28:29,740 : INFO : FAST [NET] : Registered I/O Board 2: Model: FP-I/O-0804, Firmware: 01.10, Switches: 8, Drivers: 4
2025-03-30 21:28:29,755 : INFO : FAST [NET] : Registered I/O Board 3: Model: FP-I/O-0804, Firmware: 01.10, Switches: 8, Drivers: 4
2025-03-30 21:28:29,755 : INFO : EventManager : Event: ======'machine_var_credits_string'====== Args={'value': 'FREE PLAY', 'prev_value': None, 'change': True}
2025-03-30 21:28:29,787 : INFO : EventManager : Event: ======'machine_var_master_volume'====== Args={'value': 0.5, 'prev_value': None, 'change': True}
2025-03-30 21:28:29,787 : INFO : EventManager : Event: ======'machine_var_game_mode_dog_hunt_complete'====== Args={'value': 0, 'prev_value': None, 'change': True}
2025-03-30 21:28:29,787 : INFO : EventManager : Event: ======'machine_var_game_mode_discovery_complete'====== Args={'value': 0, 'prev_value': None, 'change': True}
2025-03-30 21:28:29,787 : INFO : EventManager : Event: ======'machine_var_game_mode_infected_complete'====== Args={'value': 0, 'prev_value': None, 'change': True}
2025-03-30 21:28:29,787 : INFO : EventManager : Event: ======'machine_var_game_mode_blood_test_complete'====== Args={'value': 0, 'prev_value': None, 'change': True}
2025-03-30 21:28:29,787 : INFO : EventManager : Event: ======'machine_var_game_mode_spider_head_complete'====== Args={'value': 0, 'prev_value': None, 'change': True}
2025-03-30 21:28:29,787 : INFO : EventManager : Event: ======'machine_var_game_mode_wizard_complete'====== Args={'value': 0, 'prev_value': None, 'change': True}
2025-03-30 21:28:29,787 : INFO : EventManager : Event: ======'machine_var_game_mode_ball_lock_complete'====== Args={'value': 0, 'prev_value': None, 'change': True}
2025-03-30 21:28:29,787 : INFO : EventManager : Event: ======'machine_var_game_mode_multiball_complete'====== Args={'value': 0, 'prev_value': None, 'change': True}
2025-03-30 21:28:29,787 : INFO : EventManager : Event: ======'machine_var_mpf_version'====== Args={'value': 'Mission Pinball Framework v0.80.0.dev4', 'prev_value': None, 'change': True}
2025-03-30 21:28:29,787 : INFO : EventManager : Event: ======'machine_var_mpf_extended_version'====== Args={'value': 'Mission Pinball Framework v0.80.0.dev4, Config version:6, Show version: 6, BCP version:1.1', 'prev_value': None, 'change': True}
2025-03-30 21:28:29,787 : INFO : EventManager : Event: ======'machine_var_python_version'====== Args={'value': '3.12.3', 'prev_value': None, 'change': True}
2025-03-30 21:28:29,992 : INFO : EventManager : Event: ======'machine_var_platform'====== Args={'value': 'Windows-11-10.0.26100-SP0', 'prev_value': None, 'change': True}
2025-03-30 21:28:29,992 : INFO : EventManager : Event: ======'machine_var_platform_system'====== Args={'value': 'Windows', 'prev_value': None, 'change': True}
2025-03-30 21:28:29,992 : INFO : EventManager : Event: ======'machine_var_platform_release'====== Args={'value': '11', 'prev_value': None, 'change': True}
2025-03-30 21:28:29,992 : INFO : EventManager : Event: ======'machine_var_platform_version'====== Args={'value': '10.0.26100', 'prev_value': None, 'change': True}
2025-03-30 21:28:29,992 : INFO : EventManager : Event: ======'machine_var_platform_machine'====== Args={'value': 'AMD64', 'prev_value': None, 'change': True}
2025-03-30 21:28:29,992 : INFO : EventManager : Event: ======'machine_var_log_file_path'====== Args={'value': 'C:\\Users\\homebrew\\Desktop\\thing_pinball\\logs\\2025-03-30-21-28-29-mpf-mpf.log', 'prev_value': None, 'change': True}
2025-03-30 21:28:29,992 : INFO : EventManager : Event: ======'init_phase_1'====== Args={}
2025-03-30 21:28:30,038 : WARNING : ConfigValidator : Unrecognized config setting. "timed_switches:mode_vuk_delayed_eject:state_when_released" is not a valid setting name.
2025-03-30 21:28:30,038 : WARNING : ConfigValidator : Unrecognized config setting. "mode:base:timers:mode_timer:events_when_complete" is not a valid setting name.
2025-03-30 21:28:30,038 : WARNING : ConfigValidator : Unrecognized config setting. "mode:wizard:timers:wizard_timer:events_when_complete" is not a valid setting name.
2025-03-30 21:28:30,038 : WARNING : ConfigValidator : Unrecognized config setting. "mode:discovery:timers:discovery_timer:events_when_complete" is not a valid setting name.
2025-03-30 21:28:30,038 : WARNING : ConfigValidator : Unrecognized config setting. "mode:infected:timers:infected_timer:events_when_complete" is not a valid setting name.
2025-03-30 21:28:30,038 : WARNING : ConfigValidator : Unrecognized config setting. "mode:spider_head:timers:spider_head_timer:events_when_complete" is not a valid setting name.
2025-03-30 21:28:30,038 : WARNING : ConfigValidator : Unrecognized config setting. "mode:multiball:timers:multiball_jackpot_timer:events_when_complete" is not a valid setting name.
2025-03-30 21:28:30,038 : WARNING : ConfigValidator : Unrecognized config setting. "mode:multiball:timers:right_ramp_validity_timer:events_when_complete" is not a valid setting name.
2025-03-30 21:28:30,038 : WARNING : ConfigValidator : Unrecognized config setting. "mode:dog_hunt:timers:dog_hunt_timer:events_when_complete" is not a valid setting name.
2025-03-30 21:28:30,038 : WARNING : ConfigValidator : Unrecognized config setting. "mode:blood_test:timers:blood_test_timer:events_when_complete" is not a valid setting name.
2025-03-30 21:28:30,038 : INFO : EventManager : Event: ======'drop_target_bank_vuk_bank_up'====== Args={}
2025-03-30 21:28:30,038 : INFO : EventManager : Event: ======'logicblock_spinner_value_updated'====== Args={'value': 0, 'enabled': False}
2025-03-30 21:28:30,038 : INFO : EventManager : Event: ======'logicblock_newton_hit_counter_updated'====== Args={'value': 0, 'enabled': False}
2025-03-30 21:28:30,038 : INFO : EventManager : Event: ======'logicblock_diverter_pattern_updated'====== Args={'value': 0, 'enabled': False}
2025-03-30 21:28:32,476 : WARNING : Machine : Iterating device collections directly is deprecated and will be removed. Access by value(): device_collections[switches] -> device_collections['switches'].values()
2025-03-30 21:28:32,476 : INFO : SwitchController : <<<<<<< 's_trough_6' active >>>>>>>
2025-03-30 21:28:32,476 : INFO : SwitchController : <<<<<<< 's_trough_7' active >>>>>>>
2025-03-30 21:28:32,476 : INFO : SwitchController : <<<<<<< 's_trough_ball' active >>>>>>>
2025-03-30 21:28:32,476 : INFO : SwitchController : <<<<<<< 's_newton_opto_made' active >>>>>>>
2025-03-30 21:28:32,476 : INFO : SwitchController : <<<<<<< 's_start_button' active >>>>>>>
2025-03-30 21:28:32,485 : INFO : EventManager : Event: ======'init_phase_2'====== Args={}
2025-03-30 21:28:32,485 : INFO : SwitchController : Found active switch: (37, [FAST Platform Interface]) <switch.s_trough_6>
2025-03-30 21:28:32,485 : INFO : SwitchController : Found active switch: (38, [FAST Platform Interface]) <switch.s_trough_7>
2025-03-30 21:28:32,485 : INFO : SwitchController : Found active switch: (52, [FAST Platform Interface]) <switch.s_trough_ball>
2025-03-30 21:28:32,485 : INFO : SwitchController : Found active switch: (45, [FAST Platform Interface]) <switch.s_newton_opto_made>
2025-03-30 21:28:32,485 : INFO : SwitchController : Found active switch: (10, [FAST Platform Interface]) <switch.s_start_button>
2025-03-30 21:28:32,489 : WARNING : ConfigValidator : Unrecognized config setting. "slide_player:widgets" is not a valid setting name.
2025-03-30 21:28:32,489 : WARNING : ConfigValidator : Unrecognized config setting. "slide_player:widgets" is not a valid setting name.
2025-03-30 21:28:32,489 : WARNING : ConfigValidator : Unrecognized config setting. "slide_player:widgets" is not a valid setting name.
2025-03-30 21:28:32,491 : WARNING : ConfigValidator : Unrecognized config setting. "slide_player:widgets" is not a valid setting name.
2025-03-30 21:28:32,491 : WARNING : ConfigValidator : Unrecognized config setting. "slide_player:widgets" is not a valid setting name.
2025-03-30 21:28:32,491 : WARNING : ConfigValidator : Unrecognized config setting. "slide_player:widgets" is not a valid setting name.
2025-03-30 21:28:32,491 : WARNING : ConfigValidator : Unrecognized config setting. "slide_player:widgets" is not a valid setting name.
2025-03-30 21:28:32,491 : WARNING : ConfigValidator : Unrecognized config setting. "slide_player:widgets" is not a valid setting name.
2025-03-30 21:28:32,491 : WARNING : ConfigValidator : Unrecognized config setting. "slide_player:widgets" is not a valid setting name.
2025-03-30 21:28:32,491 : WARNING : ConfigValidator : Unrecognized config setting. "slide_player:widgets" is not a valid setting name.
2025-03-30 21:28:32,491 : WARNING : ConfigValidator : Unrecognized config setting. "slide_player:widgets" is not a valid setting name.
2025-03-30 21:28:32,491 : WARNING : ConfigValidator : Unrecognized config setting. "slide_player:widgets" is not a valid setting name.
2025-03-30 21:28:32,491 : WARNING : ConfigValidator : Unrecognized config setting. "slide_player:widgets" is not a valid setting name.
2025-03-30 21:28:32,491 : WARNING : ConfigValidator : Unrecognized config setting. "slide_player:widgets" is not a valid setting name.
2025-03-30 21:28:32,491 : WARNING : ConfigValidator : Unrecognized config setting. "slide_player:widgets" is not a valid setting name.
2025-03-30 21:28:32,491 : WARNING : ConfigValidator : Unrecognized config setting. "slide_player:widgets" is not a valid setting name.
2025-03-30 21:28:32,491 : WARNING : ConfigValidator : Unrecognized config setting. "slide_player:widgets" is not a valid setting name.
2025-03-30 21:28:32,492 : WARNING : ConfigValidator : Unrecognized config setting. "slide_player:widgets" is not a valid setting name.
2025-03-30 21:28:32,492 : WARNING : ConfigValidator : Unrecognized config setting. "slide_player:widgets" is not a valid setting name.
2025-03-30 21:28:32,492 : WARNING : ConfigValidator : Unrecognized config setting. "slide_player:widgets" is not a valid setting name.
2025-03-30 21:28:32,492 : WARNING : ConfigValidator : Unrecognized config setting. "slide_player:widgets" is not a valid setting name.
2025-03-30 21:28:32,492 : WARNING : ConfigValidator : Unrecognized config setting. "slide_player:widgets" is not a valid setting name.
2025-03-30 21:28:32,492 : WARNING : ConfigValidator : Unrecognized config setting. "slide_player:widgets" is not a valid setting name.
2025-03-30 21:28:32,492 : WARNING : ConfigValidator : Unrecognized config setting. "slide_player:widgets" is not a valid setting name.
2025-03-30 21:28:32,492 : WARNING : ConfigValidator : Unrecognized config setting. "slide_player:widgets" is not a valid setting name.
2025-03-30 21:28:32,493 : WARNING : ConfigValidator : Unrecognized config setting. "slide_player:widgets" is not a valid setting name.
2025-03-30 21:28:32,493 : WARNING : ConfigValidator : Unrecognized config setting. "slide_player:widgets" is not a valid setting name.
2025-03-30 21:28:32,495 : WARNING : ConfigValidator : Unrecognized config setting. "high_score:events_when_complete" is not a valid setting name.
2025-03-30 21:28:32,496 : INFO : EventManager : Event: ======'machine_var_score1_label'====== Args={'value': 'GRAND CHAMPION', 'prev_value': None, 'change': True}
2025-03-30 21:28:32,496 : INFO : EventManager : Event: ======'machine_var_score1_name'====== Args={'value': 'THING', 'prev_value': None, 'change': True}
2025-03-30 21:28:32,496 : INFO : EventManager : Event: ======'machine_var_score1_value'====== Args={'value': 5000000, 'prev_value': None, 'change': True}
2025-03-30 21:28:32,496 : INFO : EventManager : Event: ======'machine_var_score2_label'====== Args={'value': 'HIGH SCORE 1', 'prev_value': None, 'change': True}
2025-03-30 21:28:32,496 : INFO : EventManager : Event: ======'machine_var_score2_name'====== Args={'value': 'MPF', 'prev_value': None, 'change': True}
2025-03-30 21:28:32,496 : INFO : EventManager : Event: ======'machine_var_score2_value'====== Args={'value': 4000000, 'prev_value': None, 'change': True}
2025-03-30 21:28:32,496 : INFO : EventManager : Event: ======'machine_var_score3_label'====== Args={'value': 'HIGH SCORE 2', 'prev_value': None, 'change': True}
2025-03-30 21:28:32,496 : INFO : EventManager : Event: ======'machine_var_score3_name'====== Args={'value': 'PINBALL', 'prev_value': None, 'change': True}
2025-03-30 21:28:32,496 : INFO : EventManager : Event: ======'machine_var_score3_value'====== Args={'value': 3000000, 'prev_value': None, 'change': True}
2025-03-30 21:28:32,496 : INFO : EventManager : Event: ======'machine_var_score4_label'====== Args={'value': 'HIGH SCORE 3', 'prev_value': None, 'change': True}
2025-03-30 21:28:32,496 : INFO : EventManager : Event: ======'machine_var_score4_name'====== Args={'value': 'WIZARD', 'prev_value': None, 'change': True}
2025-03-30 21:28:32,496 : INFO : EventManager : Event: ======'machine_var_score4_value'====== Args={'value': 2000000, 'prev_value': None, 'change': True}
2025-03-30 21:28:32,496 : INFO : EventManager : Event: ======'machine_var_score5_label'====== Args={'value': 'HIGH SCORE 4', 'prev_value': None, 'change': True}
2025-03-30 21:28:32,496 : INFO : EventManager : Event: ======'machine_var_score5_name'====== Args={'value': 'PLAYER', 'prev_value': None, 'change': True}
2025-03-30 21:28:32,496 : INFO : EventManager : Event: ======'machine_var_score5_value'====== Args={'value': 1000000, 'prev_value': None, 'change': True}
2025-03-30 21:28:32,974 : INFO : ball_device.bd_trough : BCH: Initial count: 2
2025-03-30 21:28:32,976 : INFO : ball_device.bd_trough : State: idle
2025-03-30 21:28:32,978 : INFO : ball_device.bd_shooter_lane : BCH: Initial count: 0
2025-03-30 21:28:32,980 : INFO : ball_device.bd_shooter_lane : State: idle
2025-03-30 21:28:32,980 : INFO : ball_device.bd_ball_lock : BCH: Initial count: 0
2025-03-30 21:28:32,980 : INFO : ball_device.bd_ball_lock : State: idle
2025-03-30 21:28:33,009 : INFO : EventManager : Event: ======'init_phase_3'====== Args={}
2025-03-30 21:28:33,009 : INFO : EventManager : Event: ======'init_phase_4'====== Args={}
2025-03-30 21:28:33,009 : INFO : BallController : Initial balls found: 2
2025-03-30 21:28:33,009 : INFO : EventManager : Event: ======'machine_var_audits_events_game_ended'====== Args={'value': 0, 'prev_value': None, 'change': True}
2025-03-30 21:28:33,009 : INFO : EventManager : Event: ======'machine_var_audits_events_game_started'====== Args={'value': 422, 'prev_value': None, 'change': True}
2025-03-30 21:28:33,009 : INFO : EventManager : Event: ======'machine_var_audits_missing_switches_s_3bank_tgt_d'====== Args={'value': 14, 'prev_value': None, 'change': True}
2025-03-30 21:28:33,009 : INFO : EventManager : Event: ======'machine_var_audits_missing_switches_s_3bank_tgt_g'====== Args={'value': 14, 'prev_value': None, 'change': True}
2025-03-30 21:28:33,009 : INFO : EventManager : Event: ======'machine_var_audits_missing_switches_s_3bank_tgt_o'====== Args={'value': 14, 'prev_value': None, 'change': True}
2025-03-30 21:28:33,009 : INFO : EventManager : Event: ======'machine_var_audits_missing_switches_s_ball_lock_1'====== Args={'value': 30, 'prev_value': None, 'change': True}
2025-03-30 21:28:33,009 : INFO : EventManager : Event: ======'machine_var_audits_missing_switches_s_ball_lock_2'====== Args={'value': 22, 'prev_value': None, 'change': True}
2025-03-30 21:28:33,009 : INFO : EventManager : Event: ======'machine_var_audits_missing_switches_s_ball_lock_3'====== Args={'value': 22, 'prev_value': None, 'change': True}
2025-03-30 21:28:33,009 : INFO : EventManager : Event: ======'machine_var_audits_missing_switches_s_inlane_left'====== Args={'value': 20, 'prev_value': None, 'change': True}
2025-03-30 21:28:33,009 : INFO : EventManager : Event: ======'machine_var_audits_missing_switches_s_inlane_right'====== Args={'value': 33, 'prev_value': None, 'change': True}
2025-03-30 21:28:33,009 : INFO : EventManager : Event: ======'machine_var_audits_missing_switches_s_launch'====== Args={'value': 6, 'prev_value': None, 'change': True}
2025-03-30 21:28:33,009 : INFO : EventManager : Event: ======'machine_var_audits_missing_switches_s_left_button_2'====== Args={'value': 12, 'prev_value': None, 'change': True}
2025-03-30 21:28:33,009 : INFO : EventManager : Event: ======'machine_var_audits_missing_switches_s_left_flipper'====== Args={'value': 363, 'prev_value': None, 'change': True}
2025-03-30 21:28:33,009 : INFO : EventManager : Event: ======'machine_var_audits_missing_switches_s_left_flipper_button'====== Args={'value': 12, 'prev_value': None, 'change': True}
2025-03-30 21:28:33,009 : INFO : EventManager : Event: ======'machine_var_audits_missing_switches_s_left_flipper_eos'====== Args={'value': 12, 'prev_value': None, 'change': True}
2025-03-30 21:28:33,009 : INFO : EventManager : Event: ======'machine_var_audits_missing_switches_s_left_inlane'====== Args={'value': 6, 'prev_value': None, 'change': True}
2025-03-30 21:28:33,009 : INFO : EventManager : Event: ======'machine_var_audits_missing_switches_s_left_inner_lane'====== Args={'value': 357, 'prev_value': None, 'change': True}
2025-03-30 21:28:33,009 : INFO : EventManager : Event: ======'machine_var_audits_missing_switches_s_left_outer_lane'====== Args={'value': 153, 'prev_value': None, 'change': True}
2025-03-30 21:28:33,009 : INFO : EventManager : Event: ======'machine_var_audits_missing_switches_s_left_outlane'====== Args={'value': 6, 'prev_value': None, 'change': True}
2025-03-30 21:28:33,009 : INFO : EventManager : Event: ======'machine_var_audits_missing_switches_s_left_sling'====== Args={'value': 363, 'prev_value': None, 'change': True}
2025-03-30 21:28:33,009 : INFO : EventManager : Event: ======'machine_var_audits_missing_switches_s_left_slingshot'====== Args={'value': 20, 'prev_value': None, 'change': True}
2025-03-30 21:28:33,009 : INFO : EventManager : Event: ======'machine_var_audits_missing_switches_s_mead'====== Args={'value': 267, 'prev_value': None, 'change': True}
2025-03-30 21:28:33,009 : INFO : EventManager : Event: ======'machine_var_audits_missing_switches_s_mode_opto'====== Args={'value': 6, 'prev_value': None, 'change': True}
2025-03-30 21:28:33,009 : INFO : EventManager : Event: ======'machine_var_audits_missing_switches_s_newton_opto_made'====== Args={'value': 30, 'prev_value': None, 'change': True}
2025-03-30 21:28:33,009 : INFO : EventManager : Event: ======'machine_var_audits_missing_switches_s_outlane_left'====== Args={'value': 18, 'prev_value': None, 'change': True}
2025-03-30 21:28:33,009 : INFO : EventManager : Event: ======'machine_var_audits_missing_switches_s_outlane_right'====== Args={'value': 20, 'prev_value': None, 'change': True}
2025-03-30 21:28:33,009 : INFO : EventManager : Event: ======'machine_var_audits_missing_switches_s_percy'====== Args={'value': 85, 'prev_value': None, 'change': True}
2025-03-30 21:28:33,009 : INFO : EventManager : Event: ======'machine_var_audits_missing_switches_s_plunger'====== Args={'value': 363, 'prev_value': None, 'change': True}
2025-03-30 21:28:33,009 : INFO : EventManager : Event: ======'machine_var_audits_missing_switches_s_pop_bumper_1'====== Args={'value': 18, 'prev_value': None, 'change': True}
2025-03-30 21:28:33,009 : INFO : EventManager : Event: ======'machine_var_audits_missing_switches_s_pop_bumper_2'====== Args={'value': 20, 'prev_value': None, 'change': True}
2025-03-30 21:28:33,009 : INFO : EventManager : Event: ======'machine_var_audits_missing_switches_s_pop_bumper_3'====== Args={'value': 18, 'prev_value': None, 'change': True}
2025-03-30 21:28:33,009 : INFO : EventManager : Event: ======'machine_var_audits_missing_switches_s_ramp_up_1'====== Args={'value': 33, 'prev_value': None, 'change': True}
2025-03-30 21:28:33,009 : INFO : EventManager : Event: ======'machine_var_audits_missing_switches_s_right_button_2'====== Args={'value': 19, 'prev_value': None, 'change': True}
2025-03-30 21:28:33,009 : INFO : EventManager : Event: ======'machine_var_audits_missing_switches_s_right_flipper'====== Args={'value': 363, 'prev_value': None, 'change': True}
2025-03-30 21:28:33,009 : INFO : EventManager : Event: ======'machine_var_audits_missing_switches_s_right_flipper_button'====== Args={'value': 19, 'prev_value': None, 'change': True}
2025-03-30 21:28:33,009 : INFO : EventManager : Event: ======'machine_var_audits_missing_switches_s_right_flipper_eos'====== Args={'value': 19, 'prev_value': None, 'change': True}
2025-03-30 21:28:33,009 : INFO : EventManager : Event: ======'machine_var_audits_missing_switches_s_right_inlane'====== Args={'value': 6, 'prev_value': None, 'change': True}
2025-03-30 21:28:33,009 : INFO : EventManager : Event: ======'machine_var_audits_missing_switches_s_right_inner_lane'====== Args={'value': 357, 'prev_value': None, 'change': True}
2025-03-30 21:28:33,009 : INFO : EventManager : Event: ======'machine_var_audits_missing_switches_s_right_orbit_1'====== Args={'value': 33, 'prev_value': None, 'change': True}
2025-03-30 21:28:33,009 : INFO : EventManager : Event: ======'machine_var_audits_missing_switches_s_right_outer_lane'====== Args={'value': 357, 'prev_value': None, 'change': True}
2025-03-30 21:28:33,009 : INFO : EventManager : Event: ======'machine_var_audits_missing_switches_s_right_outlane'====== Args={'value': 6, 'prev_value': None, 'change': True}
2025-03-30 21:28:33,009 : INFO : EventManager : Event: ======'machine_var_audits_missing_switches_s_right_ramp_entry_1'====== Args={'value': 11, 'prev_value': None, 'change': True}
2025-03-30 21:28:33,009 : INFO : EventManager : Event: ======'machine_var_audits_missing_switches_s_right_sling'====== Args={'value': 363, 'prev_value': None, 'change': True}
2025-03-30 21:28:33,009 : INFO : EventManager : Event: ======'machine_var_audits_missing_switches_s_right_slingshot'====== Args={'value': 18, 'prev_value': None, 'change': True}
2025-03-30 21:28:33,009 : INFO : EventManager : Event: ======'machine_var_audits_missing_switches_s_scanlan'====== Args={'value': 204, 'prev_value': None, 'change': True}
2025-03-30 21:28:33,009 : INFO : EventManager : Event: ======'machine_var_audits_missing_switches_s_spinner'====== Args={'value': 20, 'prev_value': None, 'change': True}
2025-03-30 21:28:33,009 : INFO : EventManager : Event: ======'machine_var_audits_missing_switches_s_start'====== Args={'value': 6, 'prev_value': None, 'change': True}
2025-03-30 21:28:33,009 : INFO : EventManager : Event: ======'machine_var_audits_missing_switches_s_start_button'====== Args={'value': 12, 'prev_value': None, 'change': True}
2025-03-30 21:28:33,009 : INFO : EventManager : Event: ======'machine_var_audits_missing_switches_s_trough_1'====== Args={'value': 33, 'prev_value': None, 'change': True}
2025-03-30 21:28:33,009 : INFO : EventManager : Event: ======'machine_var_audits_missing_switches_s_trough_2'====== Args={'value': 1, 'prev_value': None, 'change': True}
2025-03-30 21:28:33,009 : INFO : EventManager : Event: ======'machine_var_audits_missing_switches_s_trough_3'====== Args={'value': 1, 'prev_value': None, 'change': True}
2025-03-30 21:28:33,009 : INFO : EventManager : Event: ======'machine_var_audits_missing_switches_s_trough_4'====== Args={'value': 1, 'prev_value': None, 'change': True}
2025-03-30 21:28:33,009 : INFO : EventManager : Event: ======'machine_var_audits_missing_switches_s_trough_5'====== Args={'value': 1, 'prev_value': None, 'change': True}
2025-03-30 21:28:33,009 : INFO : EventManager : Event: ======'machine_var_audits_missing_switches_s_trough_6'====== Args={'value': 1, 'prev_value': None, 'change': True}
2025-03-30 21:28:33,009 : INFO : EventManager : Event: ======'machine_var_audits_missing_switches_s_trough_ball_1'====== Args={'value': 363, 'prev_value': None, 'change': True}
2025-03-30 21:28:33,009 : INFO : EventManager : Event: ======'machine_var_audits_missing_switches_s_trough_ball_2'====== Args={'value': 363, 'prev_value': None, 'change': True}
2025-03-30 21:28:33,009 : INFO : EventManager : Event: ======'machine_var_audits_missing_switches_s_trough_ball_3'====== Args={'value': 363, 'prev_value': None, 'change': True}
2025-03-30 21:28:33,009 : INFO : EventManager : Event: ======'machine_var_audits_missing_switches_s_trough_ball_4'====== Args={'value': 278, 'prev_value': None, 'change': True}
2025-03-30 21:28:33,009 : INFO : EventManager : Event: ======'machine_var_audits_missing_switches_s_trough_ball_5'====== Args={'value': 363, 'prev_value': None, 'change': True}
2025-03-30 21:28:33,009 : INFO : EventManager : Event: ======'machine_var_audits_missing_switches_s_trough_ball_6'====== Args={'value': 95, 'prev_value': None, 'change': True}
2025-03-30 21:28:33,009 : INFO : EventManager : Event: ======'machine_var_audits_player_score'====== Args={'value': {'average': 0, 'top': [], 'total': 0}, 'prev_value': None, 'change': True}
2025-03-30 21:28:33,021 : INFO : EventManager : Event: ======'machine_var_audits_shots_mead_shot'====== Args={'value': 223, 'prev_value': None, 'change': True}
2025-03-30 21:28:33,021 : INFO : EventManager : Event: ======'machine_var_audits_shots_percy_shot'====== Args={'value': 56, 'prev_value': None, 'change': True}
2025-03-30 21:28:33,021 : INFO : EventManager : Event: ======'machine_var_audits_shots_scanlan_shot'====== Args={'value': 121, 'prev_value': None, 'change': True}
2025-03-30 21:28:33,021 : INFO : EventManager : Event: ======'machine_var_audits_shots_video_shot_1'====== Args={'value': 24, 'prev_value': None, 'change': True}
2025-03-30 21:28:33,021 : INFO : EventManager : Event: ======'machine_var_audits_shots_video_shot_2'====== Args={'value': 20, 'prev_value': None, 'change': True}
2025-03-30 21:28:33,021 : INFO : EventManager : Event: ======'machine_var_audits_switches_s_3bank_tgt_d'====== Args={'value': 8, 'prev_value': None, 'change': True}
2025-03-30 21:28:33,021 : INFO : EventManager : Event: ======'machine_var_audits_switches_s_3bank_tgt_g'====== Args={'value': 13, 'prev_value': None, 'change': True}
2025-03-30 21:28:33,021 : INFO : EventManager : Event: ======'machine_var_audits_switches_s_3bank_tgt_o'====== Args={'value': 9, 'prev_value': None, 'change': True}
2025-03-30 21:28:33,021 : INFO : EventManager : Event: ======'machine_var_audits_switches_s_auto_launcher'====== Args={'value': 0, 'prev_value': None, 'change': True}
2025-03-30 21:28:33,021 : INFO : EventManager : Event: ======'machine_var_audits_switches_s_ball_drain'====== Args={'value': 0, 'prev_value': None, 'change': True}
2025-03-30 21:28:33,021 : INFO : EventManager : Event: ======'machine_var_audits_switches_s_ball_lock_1'====== Args={'value': 1, 'prev_value': None, 'change': True}
2025-03-30 21:28:33,021 : INFO : EventManager : Event: ======'machine_var_audits_switches_s_ball_lock_2'====== Args={'value': 1, 'prev_value': None, 'change': True}
2025-03-30 21:28:33,021 : INFO : EventManager : Event: ======'machine_var_audits_switches_s_ball_lock_3'====== Args={'value': 1, 'prev_value': None, 'change': True}
2025-03-30 21:28:33,021 : INFO : EventManager : Event: ======'machine_var_audits_switches_s_inlane_left'====== Args={'value': 1, 'prev_value': None, 'change': True}
2025-03-30 21:28:33,021 : INFO : EventManager : Event: ======'machine_var_audits_switches_s_inlane_right'====== Args={'value': 0, 'prev_value': None, 'change': True}
2025-03-30 21:28:33,021 : INFO : EventManager : Event: ======'machine_var_audits_switches_s_launch'====== Args={'value': 0, 'prev_value': None, 'change': True}
2025-03-30 21:28:33,023 : INFO : EventManager : Event: ======'machine_var_audits_switches_s_left_button_2'====== Args={'value': 50, 'prev_value': None, 'change': True}
2025-03-30 21:28:33,023 : INFO : EventManager : Event: ======'machine_var_audits_switches_s_left_flipper'====== Args={'value': 36, 'prev_value': None, 'change': True}
2025-03-30 21:28:33,023 : INFO : EventManager : Event: ======'machine_var_audits_switches_s_left_flipper_button'====== Args={'value': 50, 'prev_value': None, 'change': True}
2025-03-30 21:28:33,023 : INFO : EventManager : Event: ======'machine_var_audits_switches_s_left_flipper_eos'====== Args={'value': 28, 'prev_value': None, 'change': True}
2025-03-30 21:28:33,023 : INFO : EventManager : Event: ======'machine_var_audits_switches_s_left_inlane'====== Args={'value': 0, 'prev_value': None, 'change': True}
2025-03-30 21:28:33,023 : INFO : EventManager : Event: ======'machine_var_audits_switches_s_left_inner_lane'====== Args={'value': 0, 'prev_value': None, 'change': True}
2025-03-30 21:28:33,023 : INFO : EventManager : Event: ======'machine_var_audits_switches_s_left_outer_lane'====== Args={'value': 0, 'prev_value': None, 'change': True}
2025-03-30 21:28:33,023 : INFO : EventManager : Event: ======'machine_var_audits_switches_s_left_outlane'====== Args={'value': 0, 'prev_value': None, 'change': True}
2025-03-30 21:28:33,023 : INFO : EventManager : Event: ======'machine_var_audits_switches_s_left_ramp_entry_1'====== Args={'value': 481, 'prev_value': None, 'change': True}
2025-03-30 21:28:33,023 : INFO : EventManager : Event: ======'machine_var_audits_switches_s_left_sling'====== Args={'value': 7, 'prev_value': None, 'change': True}
2025-03-30 21:28:33,023 : INFO : EventManager : Event: ======'machine_var_audits_switches_s_left_slingshot'====== Args={'value': 4, 'prev_value': None, 'change': True}
2025-03-30 21:28:33,023 : INFO : EventManager : Event: ======'machine_var_audits_switches_s_mead'====== Args={'value': 0, 'prev_value': None, 'change': True}
2025-03-30 21:28:33,023 : INFO : EventManager : Event: ======'machine_var_audits_switches_s_mode_opto'====== Args={'value': 38, 'prev_value': None, 'change': True}
2025-03-30 21:28:33,023 : INFO : EventManager : Event: ======'machine_var_audits_switches_s_newton_opto_made'====== Args={'value': 2, 'prev_value': None, 'change': True}
2025-03-30 21:28:33,023 : INFO : EventManager : Event: ======'machine_var_audits_switches_s_outlane_left'====== Args={'value': 3, 'prev_value': None, 'change': True}
2025-03-30 21:28:33,023 : INFO : EventManager : Event: ======'machine_var_audits_switches_s_outlane_right'====== Args={'value': 1, 'prev_value': None, 'change': True}
2025-03-30 21:28:33,023 : INFO : EventManager : Event: ======'machine_var_audits_switches_s_percy'====== Args={'value': 0, 'prev_value': None, 'change': True}
2025-03-30 21:28:33,023 : INFO : EventManager : Event: ======'machine_var_audits_switches_s_plunger'====== Args={'value': 9, 'prev_value': None, 'change': True}
2025-03-30 21:28:33,023 : INFO : EventManager : Event: ======'machine_var_audits_switches_s_pop_bumper_1'====== Args={'value': 38, 'prev_value': None, 'change': True}
2025-03-30 21:28:33,023 : INFO : EventManager : Event: ======'machine_var_audits_switches_s_pop_bumper_2'====== Args={'value': 9, 'prev_value': None, 'change': True}
2025-03-30 21:28:33,023 : INFO : EventManager : Event: ======'machine_var_audits_switches_s_pop_bumper_3'====== Args={'value': 25, 'prev_value': None, 'change': True}
2025-03-30 21:28:33,023 : INFO : EventManager : Event: ======'machine_var_audits_switches_s_ramp_up_1'====== Args={'value': 0, 'prev_value': None, 'change': True}
2025-03-30 21:28:33,023 : INFO : EventManager : Event: ======'machine_var_audits_switches_s_right_button_2'====== Args={'value': 9, 'prev_value': None, 'change': True}
2025-03-30 21:28:33,023 : INFO : EventManager : Event: ======'machine_var_audits_switches_s_right_flipper'====== Args={'value': 131, 'prev_value': None, 'change': True}
2025-03-30 21:28:33,023 : INFO : EventManager : Event: ======'machine_var_audits_switches_s_right_flipper_button'====== Args={'value': 9, 'prev_value': None, 'change': True}
2025-03-30 21:28:33,023 : INFO : EventManager : Event: ======'machine_var_audits_switches_s_right_flipper_eos'====== Args={'value': 7, 'prev_value': None, 'change': True}
2025-03-30 21:28:33,023 : INFO : EventManager : Event: ======'machine_var_audits_switches_s_right_inlane'====== Args={'value': 0, 'prev_value': None, 'change': True}
2025-03-30 21:28:33,023 : INFO : EventManager : Event: ======'machine_var_audits_switches_s_right_inner_lane'====== Args={'value': 0, 'prev_value': None, 'change': True}
2025-03-30 21:28:33,023 : INFO : EventManager : Event: ======'machine_var_audits_switches_s_right_orbit_1'====== Args={'value': 0, 'prev_value': None, 'change': True}
2025-03-30 21:28:33,023 : INFO : EventManager : Event: ======'machine_var_audits_switches_s_right_outer_lane'====== Args={'value': 0, 'prev_value': None, 'change': True}
2025-03-30 21:28:33,023 : INFO : EventManager : Event: ======'machine_var_audits_switches_s_right_outlane'====== Args={'value': 0, 'prev_value': None, 'change': True}
2025-03-30 21:28:33,023 : INFO : EventManager : Event: ======'machine_var_audits_switches_s_right_ramp_entry_1'====== Args={'value': 3, 'prev_value': None, 'change': True}
2025-03-30 21:28:33,023 : INFO : EventManager : Event: ======'machine_var_audits_switches_s_right_sling'====== Args={'value': 3, 'prev_value': None, 'change': True}
2025-03-30 21:28:33,023 : INFO : EventManager : Event: ======'machine_var_audits_switches_s_right_slingshot'====== Args={'value': 7, 'prev_value': None, 'change': True}
2025-03-30 21:28:33,023 : INFO : EventManager : Event: ======'machine_var_audits_switches_s_scanlan'====== Args={'value': 0, 'prev_value': None, 'change': True}
2025-03-30 21:28:33,023 : INFO : EventManager : Event: ======'machine_var_audits_switches_s_shooter_lane'====== Args={'value': 37, 'prev_value': None, 'change': True}
2025-03-30 21:28:33,023 : INFO : EventManager : Event: ======'machine_var_audits_switches_s_spinner'====== Args={'value': 35, 'prev_value': None, 'change': True}
2025-03-30 21:28:33,023 : INFO : EventManager : Event: ======'machine_var_audits_switches_s_start'====== Args={'value': 38, 'prev_value': None, 'change': True}
2025-03-30 21:28:33,023 : INFO : EventManager : Event: ======'machine_var_audits_switches_s_start_button'====== Args={'value': 3, 'prev_value': None, 'change': True}
2025-03-30 21:28:33,023 : INFO : EventManager : Event: ======'machine_var_audits_switches_s_switch_2'====== Args={'value': 0, 'prev_value': None, 'change': True}
2025-03-30 21:28:33,026 : INFO : EventManager : Event: ======'machine_var_audits_switches_s_trough_1'====== Args={'value': 0, 'prev_value': None, 'change': True}
2025-03-30 21:28:33,026 : INFO : EventManager : Event: ======'machine_var_audits_switches_s_trough_2'====== Args={'value': 9, 'prev_value': None, 'change': True}
2025-03-30 21:28:33,026 : INFO : EventManager : Event: ======'machine_var_audits_switches_s_trough_3'====== Args={'value': 9, 'prev_value': None, 'change': True}
2025-03-30 21:28:33,026 : INFO : EventManager : Event: ======'machine_var_audits_switches_s_trough_4'====== Args={'value': 9, 'prev_value': None, 'change': True}
2025-03-30 21:28:33,026 : INFO : EventManager : Event: ======'machine_var_audits_switches_s_trough_5'====== Args={'value': 9, 'prev_value': None, 'change': True}
2025-03-30 21:28:33,026 : INFO : EventManager : Event: ======'machine_var_audits_switches_s_trough_6'====== Args={'value': 19, 'prev_value': None, 'change': True}
2025-03-30 21:28:33,026 : INFO : EventManager : Event: ======'machine_var_audits_switches_s_trough_7'====== Args={'value': 26, 'prev_value': None, 'change': True}
2025-03-30 21:28:33,026 : INFO : EventManager : Event: ======'machine_var_audits_switches_s_trough_ball'====== Args={'value': 27, 'prev_value': None, 'change': True}
2025-03-30 21:28:33,026 : INFO : EventManager : Event: ======'machine_var_audits_switches_s_trough_ball_1'====== Args={'value': 4, 'prev_value': None, 'change': True}
2025-03-30 21:28:33,026 : INFO : EventManager : Event: ======'machine_var_audits_switches_s_trough_ball_2'====== Args={'value': 4, 'prev_value': None, 'change': True}
2025-03-30 21:28:33,026 : INFO : EventManager : Event: ======'machine_var_audits_switches_s_trough_ball_3'====== Args={'value': 1, 'prev_value': None, 'change': True}
2025-03-30 21:28:33,026 : INFO : EventManager : Event: ======'machine_var_audits_switches_s_trough_ball_4'====== Args={'value': 0, 'prev_value': None, 'change': True}
2025-03-30 21:28:33,026 : INFO : EventManager : Event: ======'machine_var_audits_switches_s_trough_ball_5'====== Args={'value': 0, 'prev_value': None, 'change': True}
2025-03-30 21:28:33,026 : INFO : EventManager : Event: ======'machine_var_audits_switches_s_trough_ball_6'====== Args={'value': 1, 'prev_value': None, 'change': True}
2025-03-30 21:28:33,026 : INFO : EventManager : Event: ======'machine_var_audits_switches_s_trough_ball_jam'====== Args={'value': 29, 'prev_value': None, 'change': True}
2025-03-30 21:28:33,026 : INFO : EventManager : Event: ======'machine_var_audits_switches_s_trough_eject_coil'====== Args={'value': 0, 'prev_value': None, 'change': True}
2025-03-30 21:28:33,026 : INFO : EventManager : Event: ======'init_phase_5'====== Args={}
2025-03-30 21:28:33,026 : INFO : EventManager : Event: ======'init_done'====== Args={}
2025-03-30 21:28:33,026 : INFO : EventManager : Event: ======'machine_reset_phase_1'====== Args={}
2025-03-30 21:28:33,026 : INFO : EventManager : Event: ======'machine_reset_phase_2'====== Args={}
2025-03-30 21:28:33,026 : INFO : EventManager : Event: ======'machine_reset_phase_3'====== Args={}
2025-03-30 21:28:33,026 : INFO : EventManager : Event: ======'mode_tilt_will_start'====== Args={'queue': <QueuedEvent>}
2025-03-30 21:28:33,026 : INFO : EventManager : Event: ======'mode_tilt_starting'====== Args={'queue': <QueuedEvent>}
2025-03-30 21:28:33,026 : INFO : EventManager : Event: ======'diverter_diverter_deactivating'====== Args={}
2025-03-30 21:28:33,026 : INFO : coil.c_diverter : Disabling Driver
2025-03-30 21:28:33,026 : INFO : Mode.tilt : Started. Priority: 1000000
2025-03-30 21:28:33,026 : INFO : EventManager : Event: ======'modes_active_modes_changed'====== Args={}
2025-03-30 21:28:33,026 : INFO : EventManager : Event: ======'mode_tilt_started'====== Args={'queue': <QueuedEvent>}
2025-03-30 21:28:33,026 : INFO : EventManager : Event: ======'reset_complete'====== Args={}
2025-03-30 21:28:33,035 : INFO : Machine : Starting the main run loop.
2025-03-30 21:28:39,953 : INFO : SwitchController : <<<<<<< 's_start_button' inactive >>>>>>>
2025-03-30 21:28:40,065 : INFO : SwitchController : <<<<<<< 's_start_button' active >>>>>>>
2025-03-30 21:28:40,065 : INFO : EventManager : Event: ======'s_start_button_active'====== Args={}
2025-03-30 21:28:40,065 : INFO : EventManager : Event: ======'game_start'====== Args={'priority': 0}
2025-03-30 21:28:40,065 : INFO : EventManager : Event: ======'mode_game_will_start'====== Args={'priority': 0}
2025-03-30 21:28:40,065 : INFO : EventManager : Event: ======'mode_game_starting'====== Args={'priority': 0}
2025-03-30 21:28:40,065 : INFO : Mode.game : Started. Priority: 20
2025-03-30 21:28:40,069 : INFO : EventManager : Event: ======'modes_active_modes_changed'====== Args={}
2025-03-30 21:28:40,069 : INFO : EventManager : Event: ======'mode_game_started'====== Args={'priority': 0}
2025-03-30 21:28:40,069 : INFO : EventManager : Event: ======'game_will_start'====== Args={}
2025-03-30 21:28:40,069 : INFO : EventManager : Event: ======'game_starting'====== Args={'game': <Mode.game>}
2025-03-30 21:28:40,069 : INFO : EventManager : Unordered handler for class <Auditor> on event game_ended with priority 1. Handlers: [RegisteredHandler(callback=<bound method Auditor.disable of <Auditor>>, priority=1, kwargs={}, key=UUID('49e0a6b4-75c8-4721-ba4c-6edbb5ffda75'), condition=None, blocking_facility=None), RegisteredHandler(callback=<bound method Auditor._save_audits of <Auditor>>, priority=1, kwargs={}, key=UUID('fe656ac7-eb8a-447a-936f-f598cf725d93'), condition=None, blocking_facility=None)]. The order of those handlers is not defined and they will be executed in random order. This might lead to race conditions and potential bugs.
2025-03-30 21:28:40,069 : INFO : EventManager : Event: ======'player_add_request'====== Args={}
2025-03-30 21:28:40,069 : INFO : EventManager : Event: ======'player_will_add'====== Args={'number': 1}
2025-03-30 21:28:40,069 : INFO : EventManager : Event: ======'player_adding'====== Args={'player': <Player 1>, 'number': 1}
2025-03-30 21:28:40,069 : INFO : EventManager : Event: ======'player_added'====== Args={'player': <Player 1>, 'num': 1}
2025-03-30 21:28:40,069 : INFO : Mode.game : Player added successfully. Total players: 1
2025-03-30 21:28:40,069 : INFO : EventManager : Event: ======'player_index'====== Args={'value': 0, 'prev_value': 0, 'change': 0, 'player_num': 1}
2025-03-30 21:28:40,069 : INFO : EventManager : Event: ======'player_number'====== Args={'value': 1, 'prev_value': 1, 'change': 0, 'player_num': 1}
2025-03-30 21:28:40,069 : INFO : EventManager : Event: ======'player_game_mode_active'====== Args={'value': 0, 'prev_value': 0, 'change': 0, 'player_num': 1}
2025-03-30 21:28:40,069 : INFO : EventManager : Event: ======'player_current_game_mode'====== Args={'value': 'None', 'prev_value': 'None', 'change': False, 'player_num': 1}
2025-03-30 21:28:40,069 : INFO : EventManager : Event: ======'player_phase1_complete'====== Args={'value': 0, 'prev_value': 0, 'change': 0, 'player_num': 1}
2025-03-30 21:28:40,069 : INFO : EventManager : Event: ======'player_dog_hunt_complete'====== Args={'value': 0, 'prev_value': 0, 'change': 0, 'player_num': 1}
2025-03-30 21:28:40,069 : INFO : EventManager : Event: ======'player_discovery_complete'====== Args={'value': 0, 'prev_value': 0, 'change': 0, 'player_num': 1}
2025-03-30 21:28:40,069 : INFO : EventManager : Event: ======'player_infected_complete'====== Args={'value': 0, 'prev_value': 0, 'change': 0, 'player_num': 1}
2025-03-30 21:28:40,069 : INFO : EventManager : Event: ======'player_blood_test_complete'====== Args={'value': 0, 'prev_value': 0, 'change': 0, 'player_num': 1}
2025-03-30 21:28:40,069 : INFO : EventManager : Event: ======'player_spider_head_complete'====== Args={'value': 0, 'prev_value': 0, 'change': 0, 'player_num': 1}
2025-03-30 21:28:40,069 : INFO : EventManager : Event: ======'player_wizard_complete'====== Args={'value': 0, 'prev_value': 0, 'change': 0, 'player_num': 1}
2025-03-30 21:28:40,069 : INFO : EventManager : Event: ======'player_ball_lock_complete'====== Args={'value': 0, 'prev_value': 0, 'change': 0, 'player_num': 1}
2025-03-30 21:28:40,069 : INFO : EventManager : Event: ======'player_multiball_complete'====== Args={'value': 0, 'prev_value': 0, 'change': 0, 'player_num': 1}
2025-03-30 21:28:40,069 : INFO : EventManager : Event: ======'player_spinner_value'====== Args={'value': 0, 'prev_value': 0, 'change': 0, 'player_num': 1}
2025-03-30 21:28:40,069 : INFO : EventManager : Event: ======'player_pop_bumper_value'====== Args={'value': 0, 'prev_value': 0, 'change': 0, 'player_num': 1}
2025-03-30 21:28:40,069 : INFO : EventManager : Event: ======'player_newton_shots'====== Args={'value': 0, 'prev_value': 0, 'change': 0, 'player_num': 1}
2025-03-30 21:28:40,069 : INFO : EventManager : Event: ======'player_locked_balls'====== Args={'value': 0, 'prev_value': 0, 'change': 0, 'player_num': 1}
2025-03-30 21:28:40,069 : INFO : EventManager : Event: ======'player_balls_in_play'====== Args={'value': 1, 'prev_value': 1, 'change': 0, 'player_num': 1}
2025-03-30 21:28:40,069 : INFO : EventManager : Event: ======'player_jackpot_value'====== Args={'value': 10000, 'prev_value': 10000, 'change': 0, 'player_num': 1}
2025-03-30 21:28:40,069 : INFO : EventManager : Event: ======'player_left_ramp_hits'====== Args={'value': 0, 'prev_value': 0, 'change': 0, 'player_num': 1}
2025-03-30 21:28:40,069 : INFO : EventManager : Event: ======'player_left_ramp_lock_hits'====== Args={'value': 0, 'prev_value': 0, 'change': 0, 'player_num': 1}
2025-03-30 21:28:40,069 : INFO : EventManager : Event: ======'player_spinner_hits'====== Args={'value': 0, 'prev_value': 0, 'change': 0, 'player_num': 1}
2025-03-30 21:28:40,069 : INFO : EventManager : Event: ======'player_pop_bumper_wizard'====== Args={'value': 0, 'prev_value': 0, 'change': 0, 'player_num': 1}
2025-03-30 21:28:40,069 : INFO : EventManager : Event: ======'player_ball_lock_active'====== Args={'value': 0, 'prev_value': 0, 'change': 0, 'player_num': 1}
2025-03-30 21:28:40,069 : INFO : EventManager : Event: ======'player_super_jackpot_value'====== Args={'value': 100000, 'prev_value': 100000, 'change': 0, 'player_num': 1}
2025-03-30 21:28:40,069 : INFO : EventManager : Event: ======'player_jackpot_state'====== Args={'value': 0, 'prev_value': 0, 'change': 0, 'player_num': 1}
2025-03-30 21:28:40,069 : INFO : EventManager : Event: ======'player_right_ramp_valid'====== Args={'value': 0, 'prev_value': 0, 'change': 0, 'player_num': 1}
2025-03-30 21:28:40,069 : INFO : EventManager : Event: ======'player_score'====== Args={'value': 0, 'prev_value': 0, 'change': 0, 'player_num': 1}
2025-03-30 21:28:40,069 : INFO : EventManager : Event: ======'game_started'====== Args={}
2025-03-30 21:28:40,069 : INFO : drop_target_bank.vuk_bank : All targets are already up. Will not reset bank.
2025-03-30 21:28:40,069 : INFO : EventManager : Event: ======'setup_game_variables'====== Args={'priority': 0}
2025-03-30 21:28:40,069 : INFO : EventManager : Event: ======'player_turn_will_start'====== Args={'player': <Player 1>, 'number': 1}
2025-03-30 21:28:40,069 : INFO : EventManager : Event: ======'player_turn_starting'====== Args={'player': <Player 1>, 'number': 1}
2025-03-30 21:28:40,069 : INFO : EventManager : Event: ======'player_ball'====== Args={'value': 1, 'prev_value': 0, 'change': 1, 'player_num': 1}
2025-03-30 21:28:40,069 : INFO : EventManager : Event: ======'player_turn_started'====== Args={'player': <Player 1>, 'number': 1}
2025-03-30 21:28:40,069 : INFO : EventManager : Event: ======'ball_will_start'====== Args={'player': 1, 'ball': 1, 'balls_remaining': 2, 'is_extra_ball': False}
2025-03-30 21:28:40,081 : INFO : EventManager : Event: ======'ball_starting'====== Args={'player': 1, 'ball': 1, 'balls_remaining': 2, 'is_extra_ball': False}
2025-03-30 21:28:40,081 : INFO : EventManager : Event: ======'mode_base_will_start'====== Args={'queue': <QueuedEvent>, 'player': 1, 'ball': 1, 'balls_remaining': 2, 'is_extra_ball': False}
2025-03-30 21:28:40,081 : INFO : EventManager : Event: ======'player_base_mode_timer_tick'====== Args={'value': 60, 'prev_value': 0, 'change': 60, 'player_num': 1}
2025-03-30 21:28:40,081 : INFO : EventManager : Event: ======'mode_base_starting'====== Args={'queue': <QueuedEvent>, 'player': 1, 'ball': 1, 'balls_remaining': 2, 'is_extra_ball': False}
2025-03-30 21:28:40,081 : INFO : EventManager : Event: ======'bd_trough_eject'====== Args={'priority': 0}
2025-03-30 21:28:40,085 : INFO : Mode.base : Started. Priority: 100
2025-03-30 21:28:40,085 : INFO : EventManager : Event: ======'modes_active_modes_changed'====== Args={}
2025-03-30 21:28:40,085 : INFO : EventManager : Event: ======'mode_base_started'====== Args={'queue': <QueuedEvent>, 'player': 1, 'ball': 1, 'balls_remaining': 2, 'is_extra_ball': False}
2025-03-30 21:28:40,085 : INFO : EventManager : Event: ======'balls_in_play'====== Args={'balls': 1}
2025-03-30 21:28:40,085 : INFO : EventManager : Event: ======'ball_started'====== Args={'player': 1, 'ball': 1, 'balls_remaining': 2, 'is_extra_ball': False}
2025-03-30 21:28:40,085 : INFO : EventManager : Event: ======'ball_save_ball_save_enabled'====== Args={}
2025-03-30 21:28:40,085 : INFO : EventManager : Event: ======'logicblock_spinner_value_updated'====== Args={'value': 0, 'enabled': True}
2025-03-30 21:28:40,085 : INFO : EventManager : Event: ======'logicblock_newton_hit_counter_updated'====== Args={'value': 0, 'enabled': True}
2025-03-30 21:28:40,085 : INFO : EventManager : Event: ======'logicblock_diverter_pattern_updated'====== Args={'value': 0, 'enabled': True}
2025-03-30 21:28:40,085 : INFO : drop_target_bank.vuk_bank : All targets are already up. Will not reset bank.
2025-03-30 21:28:40,085 : INFO : EventManager : Event: ======'reset_player_shot_counters'====== Args={'priority': 0}
2025-03-30 21:28:40,085 : INFO : EventManager : Event: ======'single_player_ball_started'====== Args={}
2025-03-30 21:28:40,096 : INFO : EventManager : Event: ======'ball_start_target'====== Args={'target': 'playfield'}
2025-03-30 21:28:40,096 : INFO : ball_device.bd_shooter_lane : Setting up player-controlled eject. Balls: 1, Target: <playfield.playfield>, player_controlled_eject_event: None
2025-03-30 21:28:40,096 : INFO : EventManager : Event: ======'balldevice_balls_available'====== Args={}
2025-03-30 21:28:40,096 : INFO : ball_device.bd_trough : State: waiting_for_target_ready
2025-03-30 21:28:40,096 : INFO : EventManager : Event: ======'balldevice_bd_trough_ball_eject_attempt'====== Args={'balls': 1, 'target': <ball_device.bd_shooter_lane>, 'source': <ball_device.bd_trough>, 'mechanical_eject': True, 'num_attempts': 0}
2025-03-30 21:28:40,096 : INFO : ball_device.bd_shooter_lane : State: waiting_for_ball
2025-03-30 21:28:40,096 : INFO : ball_device.bd_trough : State: ejecting
2025-03-30 21:28:40,096 : INFO : ball_device.bd_trough : Ejecting ball to <ball_device.bd_shooter_lane>
2025-03-30 21:28:40,096 : INFO : EventManager : Event: ======'balldevice_bd_trough_ejecting_ball'====== Args={'balls': 1, 'target': <ball_device.bd_shooter_lane>, 'source': <ball_device.bd_trough>, 'mechanical_eject': True, 'num_attempts': 0}
2025-03-30 21:28:40,101 : INFO : ball_device.bd_trough : Wait for ball to leave device
2025-03-30 21:28:40,101 : INFO : coil.c_trough : Pulsing Driver for 25ms (1.0 pulse_power)
2025-03-30 21:28:40,128 : INFO : SwitchController : <<<<<<< 's_trough_ball' inactive >>>>>>>
2025-03-30 21:28:40,144 : INFO : SwitchController : <<<<<<< 's_trough_ball' active >>>>>>>
2025-03-30 21:28:40,144 : INFO : EventManager : Event: ======'machine_var_audits_switches_s_trough_ball'====== Args={'value': 28, 'prev_value': 27, 'change': 1}
2025-03-30 21:28:40,208 : INFO : SwitchController : <<<<<<< 's_trough_ball_jam' active >>>>>>>
2025-03-30 21:28:40,208 : INFO : EventManager : Event: ======'machine_var_audits_switches_s_trough_ball_jam'====== Args={'value': 30, 'prev_value': 29, 'change': 1}
2025-03-30 21:28:40,273 : INFO : SwitchController : <<<<<<< 's_trough_7' inactive >>>>>>>
2025-03-30 21:28:40,273 : INFO : ball_device.bd_trough : State: ball_left
2025-03-30 21:28:40,275 : INFO : ball_device.bd_trough : Ball left
2025-03-30 21:28:40,275 : INFO : ball_device.bd_trough : Wait for confirm with timeout 3.0
2025-03-30 21:28:40,289 : INFO : SwitchController : <<<<<<< 's_trough_6' inactive >>>>>>>
2025-03-30 21:28:40,320 : INFO : SwitchController : <<<<<<< 's_shooter_lane' active >>>>>>>
2025-03-30 21:28:40,320 : INFO : EventManager : Event: ======'machine_var_audits_switches_s_shooter_lane'====== Args={'value': 38, 'prev_value': 37, 'change': 1}
2025-03-30 21:28:40,351 : INFO : SwitchController : <<<<<<< 's_trough_ball_jam' inactive >>>>>>>
2025-03-30 21:28:40,414 : INFO : SwitchController : <<<<<<< 's_trough_7' active >>>>>>>
2025-03-30 21:28:40,414 : INFO : EventManager : Event: ======'machine_var_audits_switches_s_trough_7'====== Args={'value': 27, 'prev_value': 26, 'change': 1}
2025-03-30 21:28:40,638 : INFO : SwitchController : <<<<<<< 's_shooter_lane' inactive >>>>>>>
2025-03-30 21:28:40,912 : INFO : SwitchController : <<<<<<< 's_shooter_lane' active >>>>>>>
2025-03-30 21:28:40,912 : INFO : EventManager : Event: ======'machine_var_audits_switches_s_shooter_lane'====== Args={'value': 39, 'prev_value': 38, 'change': 1}
2025-03-30 21:28:41,229 : INFO : ball_device.bd_shooter_lane : Received ball from <ball_device.bd_trough>
2025-03-30 21:28:41,229 : INFO : EventManager : Event: ======'balldevice_bd_shooter_lane_ball_enter'====== Args={'new_balls': 1, 'unclaimed_balls': 0, 'new_available_balls': 0, 'device': <ball_device.bd_shooter_lane>}
2025-03-30 21:28:41,229 : INFO : EventManager : Event: ======'balldevice_bd_shooter_lane_ball_entered'====== Args={'new_balls': 0, 'device': <ball_device.bd_shooter_lane>}
2025-03-30 21:28:41,229 : INFO : EventManager : Event: ======'balldevice_bd_shooter_lane_ball_count_changed'====== Args={'balls': 1}
2025-03-30 21:28:41,231 : INFO : ball_device.bd_trough : Got eject confirm
2025-03-30 21:28:41,231 : INFO : ball_device.bd_trough : Eject successful
2025-03-30 21:28:41,231 : INFO : EventManager : Event: ======'balldevice_bd_trough_ball_eject_success'====== Args={'balls': 1, 'target': <ball_device.bd_shooter_lane>}
2025-03-30 21:28:41,231 : INFO : ball_device.bd_shooter_lane : State: waiting_for_target_ready
2025-03-30 21:28:41,231 : INFO : EventManager : Event: ======'balldevice_bd_shooter_lane_ball_eject_attempt'====== Args={'balls': 1, 'target': <playfield.playfield>, 'source': <ball_device.bd_shooter_lane>, 'mechanical_eject': True, 'num_attempts': 0}
2025-03-30 21:28:41,231 : INFO : EventManager : Event: ======'balldevice_bd_trough_ball_count_changed'====== Args={'balls': 1}
2025-03-30 21:28:41,231 : INFO : ball_device.bd_trough : State: idle
2025-03-30 21:28:41,231 : INFO : ball_device.bd_shooter_lane : State: ejecting
2025-03-30 21:28:41,231 : INFO : ball_device.bd_shooter_lane : Ejecting ball to <playfield.playfield>
2025-03-30 21:28:41,231 : INFO : EventManager : Event: ======'balldevice_bd_shooter_lane_ejecting_ball'====== Args={'balls': 1, 'target': <playfield.playfield>, 'source': <ball_device.bd_shooter_lane>, 'mechanical_eject': True, 'num_attempts': 0}
2025-03-30 21:28:41,233 : INFO : ball_device.bd_shooter_lane : Wait for ball to leave device
2025-03-30 21:28:42,321 : INFO : SwitchController : <<<<<<< 's_shooter_lane' inactive >>>>>>>
2025-03-30 21:28:42,323 : INFO : ball_device.bd_shooter_lane : State: ball_left
2025-03-30 21:28:42,323 : INFO : ball_device.bd_shooter_lane : Ball left
2025-03-30 21:28:42,323 : INFO : ball_device.bd_shooter_lane : Wait for confirm with timeout 5.0
2025-03-30 21:28:43,938 : INFO : SwitchController : <<<<<<< 's_left_ramp_entry_1' active >>>>>>>
2025-03-30 21:28:43,938 : INFO : EventManager : Event: ======'s_left_ramp_entry_1_active'====== Args={}
2025-03-30 21:28:43,938 : INFO : EventManager : Event: ======'sw_playfield_active'====== Args={}
2025-03-30 21:28:43,938 : INFO : EventManager : Event: ======'machine_var_audits_switches_s_left_ramp_entry_1'====== Args={'value': 482, 'prev_value': 481, 'change': 1}
2025-03-30 21:28:43,940 : INFO : EventManager : Event: ======'logicblock_diverter_pattern_updated'====== Args={'value': 1, 'enabled': True}
2025-03-30 21:28:43,940 : INFO : EventManager : Event: ======'check_divert_pattern'====== Args={'count': 1, 'hits': 1, 'remaining': 1}
2025-03-30 21:28:43,940 : INFO : EventManager : Event: ======'activate_diverter'====== Args={'priority': 0}
2025-03-30 21:28:43,940 : INFO : EventManager : Event: ======'playfield_active'====== Args={'source': None}
2025-03-30 21:28:43,944 : INFO : ball_device.bd_shooter_lane : Got eject confirm
2025-03-30 21:28:43,944 : INFO : ball_device.bd_shooter_lane : Eject successful
2025-03-30 21:28:43,944 : INFO : EventManager : Event: ======'balldevice_bd_shooter_lane_ball_eject_success'====== Args={'balls': 1, 'target': <playfield.playfield>}
2025-03-30 21:28:43,944 : INFO : EventManager : Event: ======'ball_save_ball_save_timer_start'====== Args={}
2025-03-30 21:28:43,944 : INFO : EventManager : Event: ======'balldevice_playfield_ball_enter'====== Args={'new_balls': 1, 'unclaimed_balls': 1, 'device': <playfield.playfield>}
2025-03-30 21:28:43,944 : INFO : EventManager : Event: ======'playfield_ball_count_change'====== Args={'balls': 1, 'change': 1}
2025-03-30 21:28:43,960 : INFO : EventManager : Event: ======'balldevice_bd_shooter_lane_ball_count_changed'====== Args={'balls': 0}
2025-03-30 21:28:43,960 : INFO : ball_device.bd_shooter_lane : State: idle
2025-03-30 21:28:44,210 : INFO : SwitchController : <<<<<<< 's_left_ramp_entry_1' inactive >>>>>>>
2025-03-30 21:28:45,250 : INFO : SwitchController : <<<<<<< 's_left_ramp_entry_1' active >>>>>>>
2025-03-30 21:28:45,250 : INFO : EventManager : Event: ======'s_left_ramp_entry_1_active'====== Args={}
2025-03-30 21:28:45,250 : INFO : EventManager : Event: ======'sw_playfield_active'====== Args={}
2025-03-30 21:28:45,250 : INFO : EventManager : Event: ======'machine_var_audits_switches_s_left_ramp_entry_1'====== Args={'value': 483, 'prev_value': 482, 'change': 1}
2025-03-30 21:28:45,250 : INFO : EventManager : Event: ======'logicblock_diverter_pattern_updated'====== Args={'value': 2, 'enabled': True}
2025-03-30 21:28:45,250 : INFO : EventManager : Event: ======'check_divert_pattern'====== Args={'count': 2, 'hits': 2, 'remaining': 0}
2025-03-30 21:28:45,250 : INFO : EventManager : Event: ======'logicblock_diverter_pattern_complete'====== Args={}
2025-03-30 21:28:45,250 : INFO : EventManager : Event: ======'logicblock_diverter_pattern_updated'====== Args={'value': 0, 'enabled': True}
2025-03-30 21:28:45,250 : INFO : EventManager : Event: ======'logicblock_diverter_pattern_updated'====== Args={'value': 0, 'enabled': False}
2025-03-30 21:28:45,586 : INFO : SwitchController : <<<<<<< 's_left_ramp_entry_1' inactive >>>>>>>
2025-03-30 21:28:46,065 : INFO : SwitchController : <<<<<<< 's_left_ramp_entry_1' active >>>>>>>
2025-03-30 21:28:46,065 : INFO : EventManager : Event: ======'s_left_ramp_entry_1_active'====== Args={}
2025-03-30 21:28:46,065 : INFO : EventManager : Event: ======'sw_playfield_active'====== Args={}
2025-03-30 21:28:46,065 : INFO : EventManager : Event: ======'machine_var_audits_switches_s_left_ramp_entry_1'====== Args={'value': 484, 'prev_value': 483, 'change': 1}
2025-03-30 21:28:47,024 : INFO : SwitchController : <<<<<<< 's_left_ramp_entry_1' inactive >>>>>>>
2025-03-30 21:28:47,377 : INFO : SwitchController : <<<<<<< 's_left_ramp_entry_1' active >>>>>>>
2025-03-30 21:28:47,377 : INFO : EventManager : Event: ======'s_left_ramp_entry_1_active'====== Args={}
2025-03-30 21:28:47,377 : INFO : EventManager : Event: ======'sw_playfield_active'====== Args={}
2025-03-30 21:28:47,377 : INFO : EventManager : Event: ======'machine_var_audits_switches_s_left_ramp_entry_1'====== Args={'value': 485, 'prev_value': 484, 'change': 1}
2025-03-30 21:28:47,553 : INFO : SwitchController : <<<<<<< 's_left_ramp_entry_1' inactive >>>>>>>
2025-03-30 21:28:47,884 : INFO : SwitchController : <<<<<<< 's_left_ramp_entry_1' active >>>>>>>
2025-03-30 21:28:47,884 : INFO : EventManager : Event: ======'s_left_ramp_entry_1_active'====== Args={}
2025-03-30 21:28:47,884 : INFO : EventManager : Event: ======'sw_playfield_active'====== Args={}
2025-03-30 21:28:47,884 : INFO : EventManager : Event: ======'machine_var_audits_switches_s_left_ramp_entry_1'====== Args={'value': 486, 'prev_value': 485, 'change': 1}
2025-03-30 21:28:48,028 : INFO : SwitchController : <<<<<<< 's_left_ramp_entry_1' inactive >>>>>>>
2025-03-30 21:28:48,523 : INFO : SwitchController : <<<<<<< 's_left_ramp_entry_1' active >>>>>>>
2025-03-30 21:28:48,523 : INFO : EventManager : Event: ======'s_left_ramp_entry_1_active'====== Args={}
2025-03-30 21:28:48,523 : INFO : EventManager : Event: ======'sw_playfield_active'====== Args={}
2025-03-30 21:28:48,523 : INFO : EventManager : Event: ======'machine_var_audits_switches_s_left_ramp_entry_1'====== Args={'value': 487, 'prev_value': 486, 'change': 1}
2025-03-30 21:28:48,650 : INFO : SwitchController : <<<<<<< 's_left_ramp_entry_1' inactive >>>>>>>
2025-03-30 21:28:49,067 : INFO : SwitchController : <<<<<<< 's_left_ramp_entry_1' active >>>>>>>
2025-03-30 21:28:49,067 : INFO : EventManager : Event: ======'s_left_ramp_entry_1_active'====== Args={}
2025-03-30 21:28:49,067 : INFO : EventManager : Event: ======'sw_playfield_active'====== Args={}
2025-03-30 21:28:49,067 : INFO : EventManager : Event: ======'machine_var_audits_switches_s_left_ramp_entry_1'====== Args={'value': 488, 'prev_value': 487, 'change': 1}
2025-03-30 21:28:49,194 : INFO : SwitchController : <<<<<<< 's_left_ramp_entry_1' inactive >>>>>>>
2025-03-30 21:28:49,642 : INFO : SwitchController : <<<<<<< 's_left_ramp_entry_1' active >>>>>>>
2025-03-30 21:28:49,642 : INFO : EventManager : Event: ======'s_left_ramp_entry_1_active'====== Args={}
2025-03-30 21:28:49,642 : INFO : EventManager : Event: ======'sw_playfield_active'====== Args={}
2025-03-30 21:28:49,642 : INFO : EventManager : Event: ======'machine_var_audits_switches_s_left_ramp_entry_1'====== Args={'value': 489, 'prev_value': 488, 'change': 1}
2025-03-30 21:28:49,694 : INFO : SwitchController : <<<<<<< 's_left_ramp_entry_1' inactive >>>>>>>
2025-03-30 21:28:50,155 : INFO : SwitchController : <<<<<<< 's_left_ramp_entry_1' active >>>>>>>
2025-03-30 21:28:50,155 : INFO : EventManager : Event: ======'s_left_ramp_entry_1_active'====== Args={}
2025-03-30 21:28:50,155 : INFO : EventManager : Event: ======'sw_playfield_active'====== Args={}
2025-03-30 21:28:50,155 : INFO : EventManager : Event: ======'machine_var_audits_switches_s_left_ramp_entry_1'====== Args={'value': 490, 'prev_value': 489, 'change': 1}
2025-03-30 21:28:50,268 : INFO : SwitchController : <<<<<<< 's_left_ramp_entry_1' inactive >>>>>>>
2025-03-30 21:28:50,684 : INFO : SwitchController : <<<<<<< 's_left_ramp_entry_1' active >>>>>>>
2025-03-30 21:28:50,684 : INFO : EventManager : Event: ======'s_left_ramp_entry_1_active'====== Args={}
2025-03-30 21:28:50,684 : INFO : EventManager : Event: ======'sw_playfield_active'====== Args={}
2025-03-30 21:28:50,684 : INFO : EventManager : Event: ======'machine_var_audits_switches_s_left_ramp_entry_1'====== Args={'value': 491, 'prev_value': 490, 'change': 1}
2025-03-30 21:28:50,940 : INFO : EventManager : Event: ======'ball_save_ball_save_hurry_up'====== Args={}
2025-03-30 21:28:51,388 : INFO : SwitchController : <<<<<<< 's_left_ramp_entry_1' inactive >>>>>>>
2025-03-30 21:28:51,710 : INFO : SwitchController : <<<<<<< 's_left_ramp_entry_1' active >>>>>>>
2025-03-30 21:28:51,710 : INFO : EventManager : Event: ======'s_left_ramp_entry_1_active'====== Args={}
2025-03-30 21:28:51,710 : INFO : EventManager : Event: ======'sw_playfield_active'====== Args={}
2025-03-30 21:28:51,710 : INFO : EventManager : Event: ======'machine_var_audits_switches_s_left_ramp_entry_1'====== Args={'value': 492, 'prev_value': 491, 'change': 1}
2025-03-30 21:28:51,852 : INFO : SwitchController : <<<<<<< 's_left_ramp_entry_1' inactive >>>>>>>
2025-03-30 21:28:52,140 : INFO : SwitchController : <<<<<<< 's_left_ramp_entry_1' active >>>>>>>
2025-03-30 21:28:52,140 : INFO : EventManager : Event: ======'s_left_ramp_entry_1_active'====== Args={}
2025-03-30 21:28:52,140 : INFO : EventManager : Event: ======'sw_playfield_active'====== Args={}
2025-03-30 21:28:52,140 : INFO : EventManager : Event: ======'machine_var_audits_switches_s_left_ramp_entry_1'====== Args={'value': 493, 'prev_value': 492, 'change': 1}
2025-03-30 21:28:52,268 : INFO : SwitchController : <<<<<<< 's_left_ramp_entry_1' inactive >>>>>>>
2025-03-30 21:28:52,555 : INFO : SwitchController : <<<<<<< 's_left_ramp_entry_1' active >>>>>>>
2025-03-30 21:28:52,555 : INFO : EventManager : Event: ======'s_left_ramp_entry_1_active'====== Args={}
2025-03-30 21:28:52,555 : INFO : EventManager : Event: ======'sw_playfield_active'====== Args={}
2025-03-30 21:28:52,555 : INFO : EventManager : Event: ======'machine_var_audits_switches_s_left_ramp_entry_1'====== Args={'value': 494, 'prev_value': 493, 'change': 1}
2025-03-30 21:28:52,650 : INFO : SwitchController : <<<<<<< 's_left_ramp_entry_1' inactive >>>>>>>
2025-03-30 21:28:52,972 : INFO : SwitchController : <<<<<<< 's_left_ramp_entry_1' active >>>>>>>
2025-03-30 21:28:52,972 : INFO : EventManager : Event: ======'s_left_ramp_entry_1_active'====== Args={}
2025-03-30 21:28:52,972 : INFO : EventManager : Event: ======'sw_playfield_active'====== Args={}
2025-03-30 21:28:52,972 : INFO : EventManager : Event: ======'machine_var_audits_switches_s_left_ramp_entry_1'====== Args={'value': 495, 'prev_value': 494, 'change': 1}
2025-03-30 21:28:53,067 : INFO : SwitchController : <<<<<<< 's_left_ramp_entry_1' inactive >>>>>>>
2025-03-30 21:28:53,421 : INFO : SwitchController : <<<<<<< 's_left_ramp_entry_1' active >>>>>>>
2025-03-30 21:28:53,421 : INFO : EventManager : Event: ======'s_left_ramp_entry_1_active'====== Args={}
2025-03-30 21:28:53,421 : INFO : EventManager : Event: ======'sw_playfield_active'====== Args={}
2025-03-30 21:28:53,421 : INFO : EventManager : Event: ======'machine_var_audits_switches_s_left_ramp_entry_1'====== Args={'value': 496, 'prev_value': 495, 'change': 1}
2025-03-30 21:28:53,532 : INFO : SwitchController : <<<<<<< 's_left_ramp_entry_1' inactive >>>>>>>
2025-03-30 21:28:53,821 : INFO : SwitchController : <<<<<<< 's_left_ramp_entry_1' active >>>>>>>
2025-03-30 21:28:53,821 : INFO : EventManager : Event: ======'s_left_ramp_entry_1_active'====== Args={}
2025-03-30 21:28:53,821 : INFO : EventManager : Event: ======'sw_playfield_active'====== Args={}
2025-03-30 21:28:53,821 : INFO : EventManager : Event: ======'machine_var_audits_switches_s_left_ramp_entry_1'====== Args={'value': 497, 'prev_value': 496, 'change': 1}
2025-03-30 21:28:53,948 : INFO : EventManager : Event: ======'ball_save_ball_save_grace_period'====== Args={}
2025-03-30 21:28:53,948 : INFO : SwitchController : <<<<<<< 's_left_ramp_entry_1' inactive >>>>>>>
2025-03-30 21:28:54,240 : INFO : SwitchController : <<<<<<< 's_left_ramp_entry_1' active >>>>>>>
2025-03-30 21:28:54,240 : INFO : EventManager : Event: ======'s_left_ramp_entry_1_active'====== Args={}
2025-03-30 21:28:54,240 : INFO : EventManager : Event: ======'sw_playfield_active'====== Args={}
2025-03-30 21:28:54,240 : INFO : EventManager : Event: ======'machine_var_audits_switches_s_left_ramp_entry_1'====== Args={'value': 498, 'prev_value': 497, 'change': 1}
2025-03-30 21:28:55,356 : INFO : SwitchController : <<<<<<< 's_left_ramp_entry_1' inactive >>>>>>>
2025-03-30 21:28:55,694 : INFO : SwitchController : <<<<<<< 's_left_ramp_entry_1' active >>>>>>>
2025-03-30 21:28:55,694 : INFO : EventManager : Event: ======'s_left_ramp_entry_1_active'====== Args={}
2025-03-30 21:28:55,694 : INFO : EventManager : Event: ======'sw_playfield_active'====== Args={}
2025-03-30 21:28:55,694 : INFO : EventManager : Event: ======'machine_var_audits_switches_s_left_ramp_entry_1'====== Args={'value': 499, 'prev_value': 498, 'change': 1}
2025-03-30 21:28:55,822 : INFO : SwitchController : <<<<<<< 's_left_ramp_entry_1' inactive >>>>>>>
2025-03-30 21:28:55,950 : INFO : EventManager : Event: ======'ball_save_ball_save_disabled'====== Args={}
2025-03-30 21:28:56,158 : INFO : SwitchController : <<<<<<< 's_left_ramp_entry_1' active >>>>>>>
2025-03-30 21:28:56,158 : INFO : EventManager : Event: ======'s_left_ramp_entry_1_active'====== Args={}
2025-03-30 21:28:56,158 : INFO : EventManager : Event: ======'sw_playfield_active'====== Args={}
2025-03-30 21:28:56,158 : INFO : EventManager : Event: ======'machine_var_audits_switches_s_left_ramp_entry_1'====== Args={'value': 500, 'prev_value': 499, 'change': 1}
2025-03-30 21:28:56,239 : INFO : SwitchController : <<<<<<< 's_left_ramp_entry_1' inactive >>>>>>>
2025-03-30 21:28:56,576 : INFO : SwitchController : <<<<<<< 's_left_ramp_entry_1' active >>>>>>>
2025-03-30 21:28:56,576 : INFO : EventManager : Event: ======'s_left_ramp_entry_1_active'====== Args={}
2025-03-30 21:28:56,576 : INFO : EventManager : Event: ======'sw_playfield_active'====== Args={}
2025-03-30 21:28:56,576 : INFO : EventManager : Event: ======'machine_var_audits_switches_s_left_ramp_entry_1'====== Args={'value': 501, 'prev_value': 500, 'change': 1}
2025-03-30 21:28:56,688 : INFO : SwitchController : <<<<<<< 's_left_ramp_entry_1' inactive >>>>>>>
2025-03-30 21:28:56,992 : INFO : SwitchController : <<<<<<< 's_left_ramp_entry_1' active >>>>>>>
2025-03-30 21:28:56,992 : INFO : EventManager : Event: ======'s_left_ramp_entry_1_active'====== Args={}
2025-03-30 21:28:56,992 : INFO : EventManager : Event: ======'sw_playfield_active'====== Args={}
2025-03-30 21:28:56,992 : INFO : EventManager : Event: ======'machine_var_audits_switches_s_left_ramp_entry_1'====== Args={'value': 502, 'prev_value': 501, 'change': 1}
2025-03-30 21:28:57,119 : INFO : SwitchController : <<<<<<< 's_left_ramp_entry_1' inactive >>>>>>>
2025-03-30 21:28:57,456 : INFO : SwitchController : <<<<<<< 's_left_ramp_entry_1' active >>>>>>>
2025-03-30 21:28:57,456 : INFO : EventManager : Event: ======'s_left_ramp_entry_1_active'====== Args={}
2025-03-30 21:28:57,456 : INFO : EventManager : Event: ======'sw_playfield_active'====== Args={}
2025-03-30 21:28:57,456 : INFO : EventManager : Event: ======'machine_var_audits_switches_s_left_ramp_entry_1'====== Args={'value': 503, 'prev_value': 502, 'change': 1}
2025-03-30 21:28:57,584 : INFO : SwitchController : <<<<<<< 's_left_ramp_entry_1' inactive >>>>>>>
2025-03-30 21:28:57,884 : INFO : SwitchController : <<<<<<< 's_left_ramp_entry_1' active >>>>>>>
2025-03-30 21:28:57,884 : INFO : EventManager : Event: ======'s_left_ramp_entry_1_active'====== Args={}
2025-03-30 21:28:57,884 : INFO : EventManager : Event: ======'sw_playfield_active'====== Args={}
2025-03-30 21:28:57,884 : INFO : EventManager : Event: ======'machine_var_audits_switches_s_left_ramp_entry_1'====== Args={'value': 504, 'prev_value': 503, 'change': 1}
2025-03-30 21:28:57,996 : INFO : SwitchController : <<<<<<< 's_left_ramp_entry_1' inactive >>>>>>>
2025-03-30 21:28:58,300 : INFO : SwitchController : <<<<<<< 's_left_ramp_entry_1' active >>>>>>>
2025-03-30 21:28:58,300 : INFO : EventManager : Event: ======'s_left_ramp_entry_1_active'====== Args={}
2025-03-30 21:28:58,300 : INFO : EventManager : Event: ======'sw_playfield_active'====== Args={}
2025-03-30 21:28:58,300 : INFO : EventManager : Event: ======'machine_var_audits_switches_s_left_ramp_entry_1'====== Args={'value': 505, 'prev_value': 504, 'change': 1}
2025-03-30 21:28:58,395 : INFO : SwitchController : <<<<<<< 's_left_ramp_entry_1' inactive >>>>>>>
2025-03-30 21:28:58,700 : INFO : SwitchController : <<<<<<< 's_left_ramp_entry_1' active >>>>>>>
2025-03-30 21:28:58,702 : INFO : EventManager : Event: ======'s_left_ramp_entry_1_active'====== Args={}
2025-03-30 21:28:58,702 : INFO : EventManager : Event: ======'sw_playfield_active'====== Args={}
2025-03-30 21:28:58,704 : INFO : EventManager : Event: ======'machine_var_audits_switches_s_left_ramp_entry_1'====== Args={'value': 506, 'prev_value': 505, 'change': 1}
2025-03-30 21:28:58,811 : INFO : SwitchController : <<<<<<< 's_left_ramp_entry_1' inactive >>>>>>>
2025-03-30 21:28:59,021 : INFO : SwitchController : <<<<<<< 's_left_ramp_entry_1' active >>>>>>>
2025-03-30 21:28:59,021 : INFO : EventManager : Event: ======'s_left_ramp_entry_1_active'====== Args={}
2025-03-30 21:28:59,021 : INFO : EventManager : Event: ======'sw_playfield_active'====== Args={}
2025-03-30 21:28:59,021 : INFO : EventManager : Event: ======'machine_var_audits_switches_s_left_ramp_entry_1'====== Args={'value': 507, 'prev_value': 506, 'change': 1}
2025-03-30 21:28:59,085 : INFO : SwitchController : <<<<<<< 's_left_ramp_entry_1' inactive >>>>>>>
2025-03-30 21:28:59,421 : INFO : SwitchController : <<<<<<< 's_left_ramp_entry_1' active >>>>>>>
2025-03-30 21:28:59,421 : INFO : EventManager : Event: ======'s_left_ramp_entry_1_active'====== Args={}
2025-03-30 21:28:59,421 : INFO : EventManager : Event: ======'sw_playfield_active'====== Args={}
2025-03-30 21:28:59,421 : INFO : EventManager : Event: ======'machine_var_audits_switches_s_left_ramp_entry_1'====== Args={'value': 508, 'prev_value': 507, 'change': 1}
2025-03-30 21:28:59,486 : INFO : SwitchController : <<<<<<< 's_left_ramp_entry_1' inactive >>>>>>>
2025-03-30 21:29:00,443 : INFO : SwitchController : <<<<<<< 's_left_ramp_entry_1' active >>>>>>>
2025-03-30 21:29:00,443 : INFO : EventManager : Event: ======'s_left_ramp_entry_1_active'====== Args={}
2025-03-30 21:29:00,443 : INFO : EventManager : Event: ======'sw_playfield_active'====== Args={}
2025-03-30 21:29:00,443 : INFO : EventManager : Event: ======'machine_var_audits_switches_s_left_ramp_entry_1'====== Args={'value': 509, 'prev_value': 508, 'change': 1}
2025-03-30 21:29:00,507 : INFO : SwitchController : <<<<<<< 's_left_ramp_entry_1' inactive >>>>>>>
2025-03-30 21:29:00,746 : INFO : SwitchController : <<<<<<< 's_left_ramp_entry_1' active >>>>>>>
2025-03-30 21:29:00,746 : INFO : EventManager : Event: ======'s_left_ramp_entry_1_active'====== Args={}
2025-03-30 21:29:00,746 : INFO : EventManager : Event: ======'sw_playfield_active'====== Args={}
2025-03-30 21:29:00,746 : INFO : EventManager : Event: ======'machine_var_audits_switches_s_left_ramp_entry_1'====== Args={'value': 510, 'prev_value': 509, 'change': 1}
2025-03-30 21:29:00,825 : INFO : SwitchController : <<<<<<< 's_left_ramp_entry_1' inactive >>>>>>>
2025-03-30 21:29:01,065 : INFO : SwitchController : <<<<<<< 's_left_ramp_entry_1' active >>>>>>>
2025-03-30 21:29:01,065 : INFO : EventManager : Event: ======'s_left_ramp_entry_1_active'====== Args={}
2025-03-30 21:29:01,065 : INFO : EventManager : Event: ======'sw_playfield_active'====== Args={}
2025-03-30 21:29:01,065 : INFO : EventManager : Event: ======'machine_var_audits_switches_s_left_ramp_entry_1'====== Args={'value': 511, 'prev_value': 510, 'change': 1}
2025-03-30 21:29:01,145 : INFO : SwitchController : <<<<<<< 's_left_ramp_entry_1' inactive >>>>>>>
2025-03-30 21:29:01,820 : INFO : SwitchController : <<<<<<< 's_left_ramp_entry_1' active >>>>>>>
2025-03-30 21:29:01,820 : INFO : EventManager : Event: ======'s_left_ramp_entry_1_active'====== Args={}
2025-03-30 21:29:01,820 : INFO : EventManager : Event: ======'sw_playfield_active'====== Args={}
2025-03-30 21:29:01,820 : INFO : EventManager : Event: ======'machine_var_audits_switches_s_left_ramp_entry_1'====== Args={'value': 512, 'prev_value': 511, 'change': 1}
2025-03-30 21:29:01,884 : INFO : SwitchController : <<<<<<< 's_left_ramp_entry_1' inactive >>>>>>>
2025-03-30 21:29:02,654 : INFO : SwitchController : <<<<<<< 's_left_ramp_entry_1' active >>>>>>>
2025-03-30 21:29:02,654 : INFO : EventManager : Event: ======'s_left_ramp_entry_1_active'====== Args={}
2025-03-30 21:29:02,654 : INFO : EventManager : Event: ======'sw_playfield_active'====== Args={}
2025-03-30 21:29:02,654 : INFO : EventManager : Event: ======'machine_var_audits_switches_s_left_ramp_entry_1'====== Args={'value': 513, 'prev_value': 512, 'change': 1}
2025-03-30 21:29:02,718 : INFO : SwitchController : <<<<<<< 's_left_ramp_entry_1' inactive >>>>>>>
2025-03-30 21:29:03,038 : INFO : SwitchController : <<<<<<< 's_left_ramp_entry_1' active >>>>>>>
2025-03-30 21:29:03,038 : INFO : EventManager : Event: ======'s_left_ramp_entry_1_active'====== Args={}
2025-03-30 21:29:03,038 : INFO : EventManager : Event: ======'sw_playfield_active'====== Args={}
2025-03-30 21:29:03,038 : INFO : EventManager : Event: ======'machine_var_audits_switches_s_left_ramp_entry_1'====== Args={'value': 514, 'prev_value': 513, 'change': 1}
2025-03-30 21:29:03,101 : INFO : SwitchController : <<<<<<< 's_left_ramp_entry_1' inactive >>>>>>>
2025-03-30 21:29:03,422 : INFO : SwitchController : <<<<<<< 's_left_ramp_entry_1' active >>>>>>>
2025-03-30 21:29:03,422 : INFO : EventManager : Event: ======'s_left_ramp_entry_1_active'====== Args={}
2025-03-30 21:29:03,422 : INFO : EventManager : Event: ======'sw_playfield_active'====== Args={}
2025-03-30 21:29:03,422 : INFO : EventManager : Event: ======'machine_var_audits_switches_s_left_ramp_entry_1'====== Args={'value': 515, 'prev_value': 514, 'change': 1}
2025-03-30 21:29:03,502 : INFO : SwitchController : <<<<<<< 's_left_ramp_entry_1' inactive >>>>>>>
2025-03-30 21:29:03,788 : INFO : SwitchController : <<<<<<< 's_left_ramp_entry_1' active >>>>>>>
2025-03-30 21:29:03,788 : INFO : EventManager : Event: ======'s_left_ramp_entry_1_active'====== Args={}
2025-03-30 21:29:03,788 : INFO : EventManager : Event: ======'sw_playfield_active'====== Args={}
2025-03-30 21:29:03,788 : INFO : EventManager : Event: ======'machine_var_audits_switches_s_left_ramp_entry_1'====== Args={'value': 516, 'prev_value': 515, 'change': 1}
2025-03-30 21:29:03,884 : INFO : SwitchController : <<<<<<< 's_left_ramp_entry_1' inactive >>>>>>>
2025-03-30 21:29:04,173 : INFO : SwitchController : <<<<<<< 's_left_ramp_entry_1' active >>>>>>>
2025-03-30 21:29:04,173 : INFO : EventManager : Event: ======'s_left_ramp_entry_1_active'====== Args={}
2025-03-30 21:29:04,173 : INFO : EventManager : Event: ======'sw_playfield_active'====== Args={}
2025-03-30 21:29:04,173 : INFO : EventManager : Event: ======'machine_var_audits_switches_s_left_ramp_entry_1'====== Args={'value': 517, 'prev_value': 516, 'change': 1}
2025-03-30 21:29:04,237 : INFO : SwitchController : <<<<<<< 's_left_ramp_entry_1' inactive >>>>>>>
2025-03-30 21:29:04,591 : INFO : SwitchController : <<<<<<< 's_left_ramp_entry_1' active >>>>>>>
2025-03-30 21:29:04,591 : INFO : EventManager : Event: ======'s_left_ramp_entry_1_active'====== Args={}
2025-03-30 21:29:04,591 : INFO : EventManager : Event: ======'sw_playfield_active'====== Args={}
2025-03-30 21:29:04,593 : INFO : EventManager : Event: ======'machine_var_audits_switches_s_left_ramp_entry_1'====== Args={'value': 518, 'prev_value': 517, 'change': 1}
2025-03-30 21:29:04,656 : INFO : SwitchController : <<<<<<< 's_left_ramp_entry_1' inactive >>>>>>>
2025-03-30 21:29:04,992 : INFO : SwitchController : <<<<<<< 's_left_ramp_entry_1' active >>>>>>>
2025-03-30 21:29:04,992 : INFO : EventManager : Event: ======'s_left_ramp_entry_1_active'====== Args={}
2025-03-30 21:29:04,992 : INFO : EventManager : Event: ======'sw_playfield_active'====== Args={}
2025-03-30 21:29:04,994 : INFO : EventManager : Event: ======'machine_var_audits_switches_s_left_ramp_entry_1'====== Args={'value': 519, 'prev_value': 518, 'change': 1}
2025-03-30 21:29:05,054 : INFO : SwitchController : <<<<<<< 's_left_ramp_entry_1' inactive >>>>>>>
2025-03-30 21:29:05,362 : INFO : SwitchController : <<<<<<< 's_left_ramp_entry_1' active >>>>>>>
2025-03-30 21:29:05,362 : INFO : EventManager : Event: ======'s_left_ramp_entry_1_active'====== Args={}
2025-03-30 21:29:05,362 : INFO : EventManager : Event: ======'sw_playfield_active'====== Args={}
2025-03-30 21:29:05,362 : INFO : EventManager : Event: ======'machine_var_audits_switches_s_left_ramp_entry_1'====== Args={'value': 520, 'prev_value': 519, 'change': 1}
2025-03-30 21:29:05,408 : INFO : SwitchController : <<<<<<< 's_left_ramp_entry_1' inactive >>>>>>>
2025-03-30 21:29:05,774 : INFO : SwitchController : <<<<<<< 's_left_ramp_entry_1' active >>>>>>>
2025-03-30 21:29:05,774 : INFO : EventManager : Event: ======'s_left_ramp_entry_1_active'====== Args={}
2025-03-30 21:29:05,774 : INFO : EventManager : Event: ======'sw_playfield_active'====== Args={}
2025-03-30 21:29:05,774 : INFO : EventManager : Event: ======'machine_var_audits_switches_s_left_ramp_entry_1'====== Args={'value': 521, 'prev_value': 520, 'change': 1}
2025-03-30 21:29:05,822 : INFO : SwitchController : <<<<<<< 's_left_ramp_entry_1' inactive >>>>>>>
2025-03-30 21:29:06,110 : INFO : SwitchController : <<<<<<< 's_left_ramp_entry_1' active >>>>>>>
2025-03-30 21:29:06,110 : INFO : EventManager : Event: ======'s_left_ramp_entry_1_active'====== Args={}
2025-03-30 21:29:06,110 : INFO : EventManager : Event: ======'sw_playfield_active'====== Args={}
2025-03-30 21:29:06,110 : INFO : EventManager : Event: ======'machine_var_audits_switches_s_left_ramp_entry_1'====== Args={'value': 522, 'prev_value': 521, 'change': 1}
2025-03-30 21:29:06,158 : INFO : SwitchController : <<<<<<< 's_left_ramp_entry_1' inactive >>>>>>>
2025-03-30 21:29:06,496 : INFO : SwitchController : <<<<<<< 's_left_ramp_entry_1' active >>>>>>>
2025-03-30 21:29:06,496 : INFO : EventManager : Event: ======'s_left_ramp_entry_1_active'====== Args={}
2025-03-30 21:29:06,496 : INFO : EventManager : Event: ======'sw_playfield_active'====== Args={}
2025-03-30 21:29:06,496 : INFO : EventManager : Event: ======'machine_var_audits_switches_s_left_ramp_entry_1'====== Args={'value': 523, 'prev_value': 522, 'change': 1}
2025-03-30 21:29:06,528 : INFO : SwitchController : <<<<<<< 's_left_ramp_entry_1' inactive >>>>>>>
2025-03-30 21:29:07,119 : INFO : SwitchController : <<<<<<< 's_left_ramp_entry_1' active >>>>>>>
2025-03-30 21:29:07,119 : INFO : EventManager : Event: ======'s_left_ramp_entry_1_active'====== Args={}
2025-03-30 21:29:07,119 : INFO : EventManager : Event: ======'sw_playfield_active'====== Args={}
2025-03-30 21:29:07,119 : INFO : EventManager : Event: ======'machine_var_audits_switches_s_left_ramp_entry_1'====== Args={'value': 524, 'prev_value': 523, 'change': 1}
2025-03-30 21:29:07,167 : INFO : SwitchController : <<<<<<< 's_left_ramp_entry_1' inactive >>>>>>>
2025-03-30 21:29:07,520 : INFO : SwitchController : <<<<<<< 's_left_ramp_entry_1' active >>>>>>>
2025-03-30 21:29:07,520 : INFO : EventManager : Event: ======'s_left_ramp_entry_1_active'====== Args={}
2025-03-30 21:29:07,520 : INFO : EventManager : Event: ======'sw_playfield_active'====== Args={}
2025-03-30 21:29:07,520 : INFO : EventManager : Event: ======'machine_var_audits_switches_s_left_ramp_entry_1'====== Args={'value': 525, 'prev_value': 524, 'change': 1}
2025-03-30 21:29:07,584 : INFO : SwitchController : <<<<<<< 's_left_ramp_entry_1' inactive >>>>>>>
2025-03-30 21:29:07,919 : INFO : SwitchController : <<<<<<< 's_left_ramp_entry_1' active >>>>>>>
2025-03-30 21:29:07,919 : INFO : EventManager : Event: ======'s_left_ramp_entry_1_active'====== Args={}
2025-03-30 21:29:07,919 : INFO : EventManager : Event: ======'sw_playfield_active'====== Args={}
2025-03-30 21:29:07,919 : INFO : EventManager : Event: ======'machine_var_audits_switches_s_left_ramp_entry_1'====== Args={'value': 526, 'prev_value': 525, 'change': 1}
2025-03-30 21:29:07,967 : INFO : SwitchController : <<<<<<< 's_left_ramp_entry_1' inactive >>>>>>>
2025-03-30 21:29:08,319 : INFO : SwitchController : <<<<<<< 's_left_ramp_entry_1' active >>>>>>>
2025-03-30 21:29:08,319 : INFO : EventManager : Event: ======'s_left_ramp_entry_1_active'====== Args={}
2025-03-30 21:29:08,319 : INFO : EventManager : Event: ======'sw_playfield_active'====== Args={}
2025-03-30 21:29:08,321 : INFO : EventManager : Event: ======'machine_var_audits_switches_s_left_ramp_entry_1'====== Args={'value': 527, 'prev_value': 526, 'change': 1}
2025-03-30 21:29:08,382 : INFO : SwitchController : <<<<<<< 's_left_ramp_entry_1' inactive >>>>>>>
2025-03-30 21:29:08,733 : INFO : SwitchController : <<<<<<< 's_left_ramp_entry_1' active >>>>>>>
2025-03-30 21:29:08,733 : INFO : EventManager : Event: ======'s_left_ramp_entry_1_active'====== Args={}
2025-03-30 21:29:08,733 : INFO : EventManager : Event: ======'sw_playfield_active'====== Args={}
2025-03-30 21:29:08,733 : INFO : EventManager : Event: ======'machine_var_audits_switches_s_left_ramp_entry_1'====== Args={'value': 528, 'prev_value': 527, 'change': 1}
2025-03-30 21:29:08,781 : INFO : SwitchController : <<<<<<< 's_left_ramp_entry_1' inactive >>>>>>>
2025-03-30 21:29:09,085 : INFO : SwitchController : <<<<<<< 's_left_ramp_entry_1' active >>>>>>>
2025-03-30 21:29:09,085 : INFO : EventManager : Event: ======'s_left_ramp_entry_1_active'====== Args={}
2025-03-30 21:29:09,085 : INFO : EventManager : Event: ======'sw_playfield_active'====== Args={}
2025-03-30 21:29:09,085 : INFO : EventManager : Event: ======'machine_var_audits_switches_s_left_ramp_entry_1'====== Args={'value': 529, 'prev_value': 528, 'change': 1}
2025-03-30 21:29:09,134 : INFO : SwitchController : <<<<<<< 's_left_ramp_entry_1' inactive >>>>>>>
2025-03-30 21:29:09,375 : INFO : SwitchController : <<<<<<< 's_left_ramp_entry_1' active >>>>>>>
2025-03-30 21:29:09,375 : INFO : EventManager : Event: ======'s_left_ramp_entry_1_active'====== Args={}
2025-03-30 21:29:09,375 : INFO : EventManager : Event: ======'sw_playfield_active'====== Args={}
2025-03-30 21:29:09,375 : INFO : EventManager : Event: ======'machine_var_audits_switches_s_left_ramp_entry_1'====== Args={'value': 530, 'prev_value': 529, 'change': 1}
2025-03-30 21:29:09,439 : INFO : SwitchController : <<<<<<< 's_left_ramp_entry_1' inactive >>>>>>>
2025-03-30 21:29:09,710 : INFO : SwitchController : <<<<<<< 's_left_ramp_entry_1' active >>>>>>>
2025-03-30 21:29:09,710 : INFO : EventManager : Event: ======'s_left_ramp_entry_1_active'====== Args={}
2025-03-30 21:29:09,710 : INFO : EventManager : Event: ======'sw_playfield_active'====== Args={}
2025-03-30 21:29:09,710 : INFO : EventManager : Event: ======'machine_var_audits_switches_s_left_ramp_entry_1'====== Args={'value': 531, 'prev_value': 530, 'change': 1}
2025-03-30 21:29:09,775 : INFO : SwitchController : <<<<<<< 's_left_ramp_entry_1' inactive >>>>>>>
2025-03-30 21:29:16,804 : INFO : Machine : Shutting down...
2025-03-30 21:29:16,804 : INFO : EventManager : Event: ======'shutdown'====== Args={}
2025-03-30 21:29:16,806 : INFO : EventManager : Event: ======'mode_game_will_stop'====== Args={}
2025-03-30 21:29:16,806 : INFO : EventManager : Event: ======'mode_game_stopping'====== Args={}
2025-03-30 21:29:16,807 : INFO : EventManager : Event: ======'mode_base_will_stop'====== Args={}
2025-03-30 21:29:16,807 : INFO : EventManager : Event: ======'mode_base_stopping'====== Args={}
2025-03-30 21:29:16,807 : INFO : Mode.base : Stopped.
2025-03-30 21:29:16,807 : INFO : EventManager : Event: ======'modes_active_modes_changed'====== Args={}
2025-03-30 21:29:16,808 : INFO : EventManager : Event: ======'mode_base_stopped'====== Args={}
2025-03-30 21:29:16,808 : INFO : EventManager : Event: ======'clear'====== Args={'key': 'base'}
2025-03-30 21:29:16,808 : INFO : Timer.mode_timer : Stopping Timer
2025-03-30 21:29:16,808 : INFO : EventManager : Event: ======'timer_mode_timer_stopped'====== Args={'ticks': 60, 'ticks_remaining': 0}
2025-03-30 21:29:16,808 : INFO : Mode.game : Stopped.
2025-03-30 21:29:16,808 : INFO : EventManager : Event: ======'modes_active_modes_changed'====== Args={}
2025-03-30 21:29:16,808 : INFO : EventManager : Event: ======'mode_game_stopped'====== Args={}
2025-03-30 21:29:16,808 : INFO : EventManager : Event: ======'clear'====== Args={'key': 'game'}
2025-03-30 21:29:16,892 : INFO : root : MPF run loop ended.
