2025-04-12 19:16:58,493 : INFO : root : Loading config.
2025-04-12 19:16:58,497 : INFO : YamlMultifileConfigLoader : Machine config file #1: config.yaml
2025-04-12 19:16:58,498 : INFO : ConfigProcessor : Loading config from cache: C:\Users\homebrew\AppData\Local\Temp\1ab83842b7c8ed7e1902272067ddcd2b.mpf_cache
2025-04-12 19:16:58,636 : DEBUG : YamlMultifileConfigLoader : Loading mode attract from C:\Users\homebrew\AppData\Local\Programs\Python\Python312\Lib\site-packages\mpf\modes\attract\config\attract.yaml
2025-04-12 19:16:58,637 : DEBUG : YamlMultifileConfigLoader : Loading mode attract from C:\Users\homebrew\AppData\Local\Programs\Python\Python312\Lib\site-packages\mpf\modes\attract\config\attract.yaml
2025-04-12 19:16:58,637 : INFO : ConfigProcessor : Loading config from cache: C:\Users\homebrew\AppData\Local\Temp\163fd46608d3c9469758c6512b5a030d.mpf_cache
2025-04-12 19:16:58,638 : DEBUG : YamlMultifileConfigLoader : Loading mode game from C:\Users\homebrew\AppData\Local\Programs\Python\Python312\Lib\site-packages\mpf\modes\game\config\game.yaml
2025-04-12 19:16:58,638 : DEBUG : YamlMultifileConfigLoader : Loading mode game from C:\Users\homebrew\AppData\Local\Programs\Python\Python312\Lib\site-packages\mpf\modes\game\config\game.yaml
2025-04-12 19:16:58,639 : INFO : ConfigProcessor : Loading config from cache: C:\Users\homebrew\AppData\Local\Temp\93e42568b1004e720dbdafbb285adaaa.mpf_cache
2025-04-12 19:16:58,639 : DEBUG : YamlMultifileConfigLoader : Loading mode base from C:\Users\homebrew\AppData\Local\Programs\Python\Python312\Lib\site-packages\mpf\modes\base\config\base.yaml
2025-04-12 19:16:58,639 : INFO : ConfigProcessor : Loading config from cache: C:\Users\homebrew\AppData\Local\Temp\5ffb3999d6de3e1d452090655c82bf2a.mpf_cache
2025-04-12 19:16:58,640 : DEBUG : YamlMultifileConfigLoader : Loading mode attract from C:\Users\homebrew\AppData\Local\Programs\Python\Python312\Lib\site-packages\mpf\modes\attract\config\attract.yaml
2025-04-12 19:16:58,640 : DEBUG : YamlMultifileConfigLoader : Loading mode attract from C:\Users\homebrew\AppData\Local\Programs\Python\Python312\Lib\site-packages\mpf\modes\attract\config\attract.yaml
2025-04-12 19:16:58,640 : INFO : ConfigProcessor : Loading config from cache: C:\Users\homebrew\AppData\Local\Temp\163fd46608d3c9469758c6512b5a030d.mpf_cache
2025-04-12 19:16:58,641 : DEBUG : YamlMultifileConfigLoader : Loading mode game from C:\Users\homebrew\AppData\Local\Programs\Python\Python312\Lib\site-packages\mpf\modes\game\config\game.yaml
2025-04-12 19:16:58,641 : DEBUG : YamlMultifileConfigLoader : Loading mode game from C:\Users\homebrew\AppData\Local\Programs\Python\Python312\Lib\site-packages\mpf\modes\game\config\game.yaml
2025-04-12 19:16:58,641 : INFO : ConfigProcessor : Loading config from cache: C:\Users\homebrew\AppData\Local\Temp\93e42568b1004e720dbdafbb285adaaa.mpf_cache
2025-04-12 19:16:58,642 : DEBUG : YamlMultifileConfigLoader : Loading mode service from C:\Users\homebrew\AppData\Local\Programs\Python\Python312\Lib\site-packages\mpf\modes\service\config\service.yaml
2025-04-12 19:16:58,642 : DEBUG : YamlMultifileConfigLoader : Loading mode service from C:\Users\homebrew\AppData\Local\Programs\Python\Python312\Lib\site-packages\mpf\modes\service\config\service.yaml
2025-04-12 19:16:58,642 : INFO : ConfigProcessor : Loading config from cache: C:\Users\homebrew\AppData\Local\Temp\8c668df6a84f4edcfda2189b877084c6.mpf_cache
2025-04-12 19:16:58,644 : DEBUG : YamlMultifileConfigLoader : Loading mode tilt from C:\Users\homebrew\AppData\Local\Programs\Python\Python312\Lib\site-packages\mpf\modes\tilt\config\tilt.yaml
2025-04-12 19:16:58,644 : INFO : ConfigProcessor : Loading config from cache: C:\Users\homebrew\AppData\Local\Temp\81d0f34cbd4c6d61cd4dad95e5100b6a.mpf_cache
2025-04-12 19:16:58,646 : DEBUG : YamlMultifileConfigLoader : Loading mode high_score from C:\Users\homebrew\AppData\Local\Programs\Python\Python312\Lib\site-packages\mpf\modes\high_score\config\high_score.yaml
2025-04-12 19:16:58,646 : DEBUG : YamlMultifileConfigLoader : Loading mode high_score from C:\Users\homebrew\AppData\Local\Programs\Python\Python312\Lib\site-packages\mpf\modes\high_score\config\high_score.yaml
2025-04-12 19:16:58,647 : INFO : ConfigProcessor : Loading config from cache: C:\Users\homebrew\AppData\Local\Temp\a714899e94406dd1f47e6e9bddbe0fef.mpf_cache
2025-04-12 19:16:58,647 : DEBUG : YamlMultifileConfigLoader : Loading mode match from C:\Users\homebrew\AppData\Local\Programs\Python\Python312\Lib\site-packages\mpf\modes\match\config\match.yaml
2025-04-12 19:16:58,648 : DEBUG : YamlMultifileConfigLoader : Loading mode match from C:\Users\homebrew\AppData\Local\Programs\Python\Python312\Lib\site-packages\mpf\modes\match\config\match.yaml
2025-04-12 19:16:58,648 : INFO : ConfigProcessor : Loading config from cache: C:\Users\homebrew\AppData\Local\Temp\fda2b21e4ff4c8a0b48d4f712bf7675f.mpf_cache
2025-04-12 19:16:58,649 : DEBUG : YamlMultifileConfigLoader : Loading mode mode_switcher from C:\Users\homebrew\AppData\Local\Programs\Python\Python312\Lib\site-packages\mpf\modes\mode_switcher\config\mode_switcher.yaml
2025-04-12 19:16:58,649 : INFO : ConfigProcessor : Loading config from cache: C:\Users\homebrew\AppData\Local\Temp\9cbbeec60769b6bc8d00b63a89255fac.mpf_cache
2025-04-12 19:16:58,649 : DEBUG : YamlMultifileConfigLoader : Loading mode dog_hunt from C:\Users\homebrew\AppData\Local\Programs\Python\Python312\Lib\site-packages\mpf\modes\dog_hunt\config\dog_hunt.yaml
2025-04-12 19:16:58,649 : INFO : ConfigProcessor : Loading config from cache: C:\Users\homebrew\AppData\Local\Temp\49c1bb27bb76c6488cf72d0e1887aaaa.mpf_cache
2025-04-12 19:16:58,651 : DEBUG : YamlMultifileConfigLoader : Loading mode discovery from C:\Users\homebrew\AppData\Local\Programs\Python\Python312\Lib\site-packages\mpf\modes\discovery\config\discovery.yaml
2025-04-12 19:16:58,651 : INFO : ConfigProcessor : Loading config from cache: C:\Users\homebrew\AppData\Local\Temp\eb740da6f3772dcfe6d89e142f4972f9.mpf_cache
2025-04-12 19:16:58,651 : DEBUG : YamlMultifileConfigLoader : Loading mode infected from C:\Users\homebrew\AppData\Local\Programs\Python\Python312\Lib\site-packages\mpf\modes\infected\config\infected.yaml
2025-04-12 19:16:58,651 : INFO : ConfigProcessor : Loading config from cache: C:\Users\homebrew\AppData\Local\Temp\8e53cff45209557b74353625b1fb9c7d.mpf_cache
2025-04-12 19:16:58,652 : DEBUG : YamlMultifileConfigLoader : Loading mode blood_test from C:\Users\homebrew\AppData\Local\Programs\Python\Python312\Lib\site-packages\mpf\modes\blood_test\config\blood_test.yaml
2025-04-12 19:16:58,652 : INFO : ConfigProcessor : Loading config from cache: C:\Users\homebrew\AppData\Local\Temp\75ead186cfb0eee4579e59d5d273b950.mpf_cache
2025-04-12 19:16:58,653 : DEBUG : YamlMultifileConfigLoader : Loading mode spider_head from C:\Users\homebrew\AppData\Local\Programs\Python\Python312\Lib\site-packages\mpf\modes\spider_head\config\spider_head.yaml
2025-04-12 19:16:58,653 : INFO : ConfigProcessor : Loading config from cache: C:\Users\homebrew\AppData\Local\Temp\46ee3106793b7c66df6b24732de735de.mpf_cache
2025-04-12 19:16:58,653 : DEBUG : YamlMultifileConfigLoader : Loading mode wizard from C:\Users\homebrew\AppData\Local\Programs\Python\Python312\Lib\site-packages\mpf\modes\wizard\config\wizard.yaml
2025-04-12 19:16:58,655 : INFO : ConfigProcessor : Loading config from cache: C:\Users\homebrew\AppData\Local\Temp\a6f0737b5bca2a955dd9d538ee17b581.mpf_cache
2025-04-12 19:16:58,655 : DEBUG : YamlMultifileConfigLoader : Loading mode multiball from C:\Users\homebrew\AppData\Local\Programs\Python\Python312\Lib\site-packages\mpf\modes\multiball\config\multiball.yaml
2025-04-12 19:16:58,655 : INFO : ConfigProcessor : Loading config from cache: C:\Users\homebrew\AppData\Local\Temp\72ccc58689b118af298151666e9c5198.mpf_cache
2025-04-12 19:16:58,656 : DEBUG : YamlMultifileConfigLoader : Loading mode ball_lock from C:\Users\homebrew\AppData\Local\Programs\Python\Python312\Lib\site-packages\mpf\modes\ball_lock\config\ball_lock.yaml
2025-04-12 19:16:58,656 : INFO : ConfigProcessor : Loading config from cache: C:\Users\homebrew\AppData\Local\Temp\082c9c49689a7facf0c58e67d77b7f58.mpf_cache
2025-04-12 19:16:58,658 : INFO : Machine : Mission Pinball Framework Core Engine v0.80.0.dev4
2025-04-12 19:16:58,658 : INFO : Machine : Command line arguments: {'no_load_cache': False, 'create_config_cache': True, 'bcp': True, 'configfile': ['config.yaml'], 'force_assets_load': False, 'platform_integration_test': False, 'jsonlogging': False, 'logfile': 'logs\\2025-04-12-19-16-58-mpf-mpf.log', 'pause': False, 'production': False, 'text_ui': False, 'loglevel': 10, 'consoleloglevel': 20, 'force_platform': None, 'syslog_address': None, 'mc_file_name': None, 'no_sound': False, 'full_logfile_path': 'C:\\Users\\homebrew\\Documents\\GitHub\\Thing_Pinball\\logs\\2025-04-12-19-16-58-mpf-mpf.log'}
2025-04-12 19:16:58,658 : INFO : Machine : MPF path: C:\Users\homebrew\AppData\Local\Programs\Python\Python312\Lib\site-packages\mpf
2025-04-12 19:16:58,658 : INFO : Machine : Machine path: C:\Users\homebrew\Documents\GitHub\Thing_Pinball
2025-04-12 19:16:58,658 : INFO : Machine : Platform: win32
2025-04-12 19:16:58,658 : INFO : Machine : Python executable location: C:\Users\homebrew\AppData\Local\Programs\Python\Python312\python.exe
2025-04-12 19:16:58,658 : INFO : Machine : Python version: 3.12.3 (64-bit)
2025-04-12 19:16:58,661 : DEBUG : asyncio : Using proactor: IocpProactor
2025-04-12 19:16:58,661 : INFO : Machine : Initializing MPF...
2025-04-12 19:16:58,801 : DEBUG : TextUi : Text UI is disabled. TUI option setting: False, Asciimatics loaded: <class 'asciimatics.scene.Scene'>
2025-04-12 19:16:58,821 : INFO : FAST [NET] : Trying to connect to com4 at 921600bps
2025-04-12 19:16:58,828 : INFO : FAST [NET] : Connected to com4 at 921600bps
2025-04-12 19:16:58,832 : INFO : FAST [NET] : Connected to FP-CPU-2000 with firmware v02.21
2025-04-12 19:16:58,863 : INFO : FAST [NET] : Registered I/O Board 0: Model: FP-I/O-0024, Firmware: 01.10, Switches: 24, Drivers: 8
2025-04-12 19:16:58,879 : INFO : FAST [NET] : Registered I/O Board 1: Model: FP-I/O-3208, Firmware: 01.10, Switches: 32, Drivers: 8
2025-04-12 19:16:58,895 : INFO : FAST [NET] : Registered I/O Board 2: Model: FP-I/O-0804, Firmware: 01.10, Switches: 8, Drivers: 4
2025-04-12 19:16:58,910 : INFO : FAST [NET] : Registered I/O Board 3: Model: FP-I/O-0804, Firmware: 01.10, Switches: 8, Drivers: 4
2025-04-12 19:16:58,911 : INFO : EventManager : Event: ======'machine_var_credits_string'====== Args={'value': 'FREE PLAY', 'prev_value': None, 'change': True}
2025-04-12 19:16:58,967 : DEBUG : YAML File Interface : Loading file: C:\Users\homebrew\Documents\GitHub\Thing_Pinball\data/machine_vars.yaml
2025-04-12 19:16:58,977 : INFO : EventManager : Event: ======'machine_var_game_mode_ball_lock_complete'====== Args={'value': 0, 'prev_value': None, 'change': True}
2025-04-12 19:16:58,977 : INFO : EventManager : Event: ======'machine_var_game_mode_blood_test_complete'====== Args={'value': 0, 'prev_value': None, 'change': True}
2025-04-12 19:16:58,977 : INFO : EventManager : Event: ======'machine_var_game_mode_discovery_complete'====== Args={'value': 0, 'prev_value': None, 'change': True}
2025-04-12 19:16:58,977 : INFO : EventManager : Event: ======'machine_var_game_mode_dog_hunt_complete'====== Args={'value': 1, 'prev_value': None, 'change': True}
2025-04-12 19:16:58,977 : INFO : EventManager : Event: ======'machine_var_game_mode_infected_complete'====== Args={'value': 0, 'prev_value': None, 'change': True}
2025-04-12 19:16:58,977 : INFO : EventManager : Event: ======'machine_var_game_mode_multiball_complete'====== Args={'value': 0, 'prev_value': None, 'change': True}
2025-04-12 19:16:58,977 : INFO : EventManager : Event: ======'machine_var_game_mode_spider_head_complete'====== Args={'value': 0, 'prev_value': None, 'change': True}
2025-04-12 19:16:58,977 : INFO : EventManager : Event: ======'machine_var_game_mode_wizard_complete'====== Args={'value': 0, 'prev_value': None, 'change': True}
2025-04-12 19:16:58,977 : INFO : EventManager : Event: ======'machine_var_master_volume'====== Args={'value': 0.5, 'prev_value': None, 'change': True}
2025-04-12 19:16:58,978 : INFO : EventManager : Event: ======'machine_var_qualified_mode'====== Args={'value': 'None', 'prev_value': None, 'change': True}
2025-04-12 19:16:58,978 : INFO : EventManager : Event: ======'machine_var_mpf_version'====== Args={'value': 'Mission Pinball Framework v0.80.0.dev4', 'prev_value': None, 'change': True}
2025-04-12 19:16:58,978 : INFO : EventManager : Event: ======'machine_var_mpf_extended_version'====== Args={'value': 'Mission Pinball Framework v0.80.0.dev4, Config version:6, Show version: 6, BCP version:1.1', 'prev_value': None, 'change': True}
2025-04-12 19:16:58,978 : INFO : EventManager : Event: ======'machine_var_python_version'====== Args={'value': '3.12.3', 'prev_value': None, 'change': True}
2025-04-12 19:16:59,107 : INFO : EventManager : Event: ======'machine_var_platform'====== Args={'value': 'Windows-11-10.0.26100-SP0', 'prev_value': None, 'change': True}
2025-04-12 19:16:59,107 : INFO : EventManager : Event: ======'machine_var_platform_system'====== Args={'value': 'Windows', 'prev_value': None, 'change': True}
2025-04-12 19:16:59,107 : INFO : EventManager : Event: ======'machine_var_platform_release'====== Args={'value': '11', 'prev_value': None, 'change': True}
2025-04-12 19:16:59,107 : INFO : EventManager : Event: ======'machine_var_platform_version'====== Args={'value': '10.0.26100', 'prev_value': None, 'change': True}
2025-04-12 19:16:59,107 : INFO : EventManager : Event: ======'machine_var_platform_machine'====== Args={'value': 'AMD64', 'prev_value': None, 'change': True}
2025-04-12 19:16:59,107 : INFO : EventManager : Event: ======'machine_var_log_file_path'====== Args={'value': 'C:\\Users\\homebrew\\Documents\\GitHub\\Thing_Pinball\\logs\\2025-04-12-19-16-58-mpf-mpf.log', 'prev_value': None, 'change': True}
2025-04-12 19:16:59,107 : INFO : EventManager : Event: ======'init_phase_1'====== Args={}
2025-04-12 19:16:59,117 : DEBUG : ModeController : Loaded mode high_score
2025-04-12 19:16:59,121 : DEBUG : ModeController : Loaded mode discovery
2025-04-12 19:16:59,123 : DEBUG : ModeController : Loaded mode multiball
2025-04-12 19:16:59,126 : DEBUG : ModeController : Loaded mode infected
2025-04-12 19:16:59,130 : DEBUG : ModeController : Loaded mode game
2025-04-12 19:16:59,135 : DEBUG : ModeController : Loaded mode dog_hunt
2025-04-12 19:16:59,138 : DEBUG : ModeController : Loaded mode spider_head
2025-04-12 19:16:59,138 : DEBUG : ModeController : Loaded mode base
2025-04-12 19:16:59,141 : DEBUG : ModeController : Loaded mode attract
2025-04-12 19:16:59,146 : DEBUG : ModeController : Loaded mode blood_test
2025-04-12 19:16:59,149 : DEBUG : ModeController : Loaded mode wizard
2025-04-12 19:16:59,152 : DEBUG : ModeController : Loaded mode ball_lock
2025-04-12 19:16:59,155 : DEBUG : ModeController : Loaded mode match
2025-04-12 19:16:59,158 : DEBUG : ModeController : Loaded mode tilt
2025-04-12 19:16:59,161 : DEBUG : ModeController : Loaded mode service
2025-04-12 19:16:59,166 : DEBUG : ModeController : Loaded mode mode_switcher
2025-04-12 19:16:59,171 : WARNING : ConfigValidator : Unrecognized config setting. "fast_coils:c_diverter:pwm_on_ms" is not a valid setting name.
2025-04-12 19:16:59,171 : WARNING : ConfigValidator : Unrecognized config setting. "fast_coils:c_diverter:pwm_off_ms" is not a valid setting name.
2025-04-12 19:16:59,171 : WARNING : ConfigValidator : Unrecognized config setting. "fast_coils:c_up_post:pwm_on_ms" is not a valid setting name.
2025-04-12 19:16:59,172 : WARNING : ConfigValidator : Unrecognized config setting. "fast_coils:c_up_post:pwm_off_ms" is not a valid setting name.
2025-04-12 19:16:59,176 : DEBUG : ball_device.bd_trough : Configuring device with settings: '{'ball_switches': 's_trough_ball, s_trough_7, s_trough_6', 'eject_coil': 'c_trough', 'tags': ['trough', 'home', 'drain'], 'jam_switch': 's_trough_ball_jam', 'eject_timeouts': [3000], 'debug': True, 'eject_targets': [<ball_device.bd_shooter_lane>], 'confirm_eject_type': 'target', 'label': '%', 'console_log': 'full', 'file_log': 'full', 'entrance_events': {}, 'idle_missing_ball_timeout': 5.0, 'captures_from': <playfield.playfield>, 'ball_missing_timeouts': [], 'ball_missing_target': <playfield.playfield>, 'confirm_eject_switch': None, 'confirm_eject_event': None, 'max_eject_attempts': 0, 'request_ball_events': {}, 'eject_events': {}, 'eject_all_events': {}, 'mechanical_eject': False, 'player_controlled_eject_event': None, 'ball_search_order': 200, 'auto_fire_on_unexpected_ball': True, 'target_on_unexpected_ball': None}'
2025-04-12 19:16:59,176 : DEBUG : ball_device.bd_ball_lock : Configuring device with settings: '{'ball_switches': 's_ball_lock_1, s_ball_lock_2, s_ball_lock_3', 'eject_coil': 'c_up_post', 'tags': ['ball_lock'], 'eject_timeouts': [3000], 'confirm_eject_type': 'target', 'debug': True, 'auto_fire_on_unexpected_ball': False, 'eject_targets': [<playfield.playfield>], 'entrance_switch': 's_right_ramp_entry_1', 'entrance_switch_full_timeout': '3s', 'label': '%', 'console_log': 'full', 'file_log': 'full', 'entrance_events': {}, 'idle_missing_ball_timeout': 5.0, 'captures_from': <playfield.playfield>, 'ball_missing_timeouts': [], 'ball_missing_target': <playfield.playfield>, 'confirm_eject_switch': None, 'confirm_eject_event': None, 'max_eject_attempts': 0, 'request_ball_events': {}, 'eject_events': {}, 'eject_all_events': {}, 'mechanical_eject': False, 'player_controlled_eject_event': None, 'ball_search_order': 200, 'target_on_unexpected_ball': None}'
2025-04-12 19:16:59,177 : DEBUG : ball_device.bd_mode : Configuring device with settings: '{'ball_switches': 's_mode_opto', 'eject_coil': 'c_mode_vuk', 'eject_timeouts': [3000], 'confirm_eject_type': 'target', 'tags': ['captures_from_playfield'], 'debug': True, 'eject_targets': [<playfield.playfield>], 'entrance_events': {'mode_vuk_entrance': 0}, 'entrance_count_delay': '100ms', 'label': '%', 'console_log': 'full', 'file_log': 'full', 'idle_missing_ball_timeout': 5.0, 'captures_from': <playfield.playfield>, 'ball_missing_timeouts': [], 'ball_missing_target': <playfield.playfield>, 'confirm_eject_switch': None, 'confirm_eject_event': None, 'max_eject_attempts': 0, 'request_ball_events': {}, 'eject_events': {}, 'eject_all_events': {}, 'mechanical_eject': False, 'player_controlled_eject_event': None, 'ball_search_order': 200, 'auto_fire_on_unexpected_ball': True, 'target_on_unexpected_ball': None}'
2025-04-12 19:16:59,179 : DEBUG : diverter.diverter : Configuring device with settings: '{'activation_coil': <coil.c_diverter>, 'type': 'hold', 'activation_time': 3000, 'debug': True, 'activate_events': {'activate_diverter': 0, 'mode_ball_lock_started': 0}, 'label': '%', 'tags': [], 'console_log': 'full', 'file_log': 'full', 'activation_switches': [], 'allow_multiple_concurrent_ejects_to_same_side': True, 'cool_down_time': 0, 'deactivate_events': {}, 'deactivation_switches': [], 'deactivation_coil': None, 'disable_events': {}, 'disable_switches': [], 'enable_events': {}, 'feeder_devices': [<playfield.playfield>], 'reset_events': {'machine_reset_phase_3': 0}, 'targets_when_active': [<playfield.playfield>], 'targets_when_inactive': [<playfield.playfield>], 'ball_search_order': 100, 'ball_search_hold_time': 1000, 'playfield': <playfield.playfield>}'
2025-04-12 19:16:59,180 : WARNING : ConfigValidator : Unrecognized config setting. "ball_holds:mode_vuk_hold:auto_release_after" is not a valid setting name.
2025-04-12 19:16:59,180 : WARNING : ConfigValidator : Unrecognized config setting. "timed_switches:mode_vuk_delayed_eject:state_when_released" is not a valid setting name.
2025-04-12 19:16:59,181 : WARNING : ConfigValidator : Unrecognized config setting. "mode:discovery:timers:discovery_timer:events_when_complete" is not a valid setting name.
2025-04-12 19:16:59,181 : WARNING : ConfigValidator : Unrecognized config setting. "mode:multiball:timers:multiball_jackpot_timer:events_when_complete" is not a valid setting name.
2025-04-12 19:16:59,181 : WARNING : ConfigValidator : Unrecognized config setting. "mode:multiball:timers:right_ramp_validity_timer:events_when_complete" is not a valid setting name.
2025-04-12 19:16:59,182 : WARNING : ConfigValidator : Unrecognized config setting. "mode:infected:timers:infected_timer:events_when_complete" is not a valid setting name.
2025-04-12 19:16:59,182 : WARNING : ConfigValidator : Unrecognized config setting. "mode:dog_hunt:timers:dog_hunt_timer:events_when_complete" is not a valid setting name.
2025-04-12 19:16:59,183 : WARNING : ConfigValidator : Unrecognized config setting. "mode:spider_head:timers:spider_head_timer:events_when_complete" is not a valid setting name.
2025-04-12 19:16:59,183 : WARNING : ConfigValidator : Unrecognized config setting. "mode:base:timers:mode_timer:events_when_complete" is not a valid setting name.
2025-04-12 19:16:59,183 : WARNING : ConfigValidator : Unrecognized config setting. "mode:blood_test:timers:blood_test_timer:events_when_complete" is not a valid setting name.
2025-04-12 19:16:59,184 : WARNING : ConfigValidator : Unrecognized config setting. "mode:wizard:timers:wizard_timer:events_when_complete" is not a valid setting name.
2025-04-12 19:16:59,184 : WARNING : ConfigValidator : Unrecognized config setting. "mode:ball_lock:multiball_locks:ball_lock:full_event" is not a valid setting name.
2025-04-12 19:16:59,184 : WARNING : ConfigValidator : Unrecognized config setting. "mode:ball_lock:multiball_locks:ball_lock:replace_balls_in_play" is not a valid setting name.
2025-04-12 19:16:59,195 : INFO : EventManager : Event: ======'drop_target_bank_vuk_bank_up'====== Args={}
2025-04-12 19:16:59,196 : INFO : EventManager : Event: ======'logicblock_spinner_value_updated'====== Args={'value': 0, 'enabled': False}
2025-04-12 19:16:59,196 : INFO : EventManager : Event: ======'logicblock_newton_hit_counter_updated'====== Args={'value': 0, 'enabled': False}
2025-04-12 19:16:59,196 : INFO : EventManager : Event: ======'logicblock_diverter_pattern_updated'====== Args={'value': 0, 'enabled': False}
2025-04-12 19:16:59,196 : INFO : EventManager : Event: ======'logicblock_blood_target_counter_updated'====== Args={'value': 0, 'enabled': False}
2025-04-12 19:17:01,478 : WARNING : Machine : Iterating device collections directly is deprecated and will be removed. Access by value(): device_collections[switches] -> device_collections['switches'].values()
2025-04-12 19:17:01,480 : INFO : SwitchController : <<<<<<< 's_trough_7' active >>>>>>>
2025-04-12 19:17:01,480 : INFO : SwitchController : <<<<<<< 's_trough_ball' active >>>>>>>
2025-04-12 19:17:01,480 : INFO : SwitchController : <<<<<<< 's_newton_opto_made' active >>>>>>>
2025-04-12 19:17:01,480 : INFO : SwitchController : <<<<<<< 's_start_button' active >>>>>>>
2025-04-12 19:17:01,481 : WARNING : ConfigValidator : Unrecognized config setting. "coil_player:enable_ms" is not a valid setting name.
2025-04-12 19:17:01,481 : WARNING : ConfigValidator : Unrecognized config setting. "coil_player:enable_ms" is not a valid setting name.
2025-04-12 19:17:01,491 : INFO : EventManager : Event: ======'init_phase_2'====== Args={}
2025-04-12 19:17:01,492 : INFO : SwitchController : Found active switch: (38, [FAST Platform Interface]) <switch.s_trough_7>
2025-04-12 19:17:01,492 : INFO : SwitchController : Found active switch: (51, [FAST Platform Interface]) <switch.s_trough_ball>
2025-04-12 19:17:01,492 : INFO : SwitchController : Found active switch: (45, [FAST Platform Interface]) <switch.s_newton_opto_made>
2025-04-12 19:17:01,492 : INFO : SwitchController : Found active switch: (10, [FAST Platform Interface]) <switch.s_start_button>
2025-04-12 19:17:01,499 : WARNING : ConfigValidator : Unrecognized config setting. "slide_player:widgets" is not a valid setting name.
2025-04-12 19:17:01,499 : WARNING : ConfigValidator : Unrecognized config setting. "slide_player:widgets" is not a valid setting name.
2025-04-12 19:17:01,499 : WARNING : ConfigValidator : Unrecognized config setting. "slide_player:widgets" is not a valid setting name.
2025-04-12 19:17:01,499 : WARNING : ConfigValidator : Unrecognized config setting. "slide_player:widgets" is not a valid setting name.
2025-04-12 19:17:01,500 : WARNING : ConfigValidator : Unrecognized config setting. "slide_player:widgets" is not a valid setting name.
2025-04-12 19:17:01,500 : WARNING : ConfigValidator : Unrecognized config setting. "slide_player:widgets" is not a valid setting name.
2025-04-12 19:17:01,500 : WARNING : ConfigValidator : Unrecognized config setting. "slide_player:widgets" is not a valid setting name.
2025-04-12 19:17:01,500 : WARNING : ConfigValidator : Unrecognized config setting. "slide_player:widgets" is not a valid setting name.
2025-04-12 19:17:01,500 : WARNING : ConfigValidator : Unrecognized config setting. "slide_player:widgets" is not a valid setting name.
2025-04-12 19:17:01,500 : WARNING : ConfigValidator : Unrecognized config setting. "slide_player:widgets" is not a valid setting name.
2025-04-12 19:17:01,500 : WARNING : ConfigValidator : Unrecognized config setting. "slide_player:widgets" is not a valid setting name.
2025-04-12 19:17:01,500 : WARNING : ConfigValidator : Unrecognized config setting. "slide_player:widgets" is not a valid setting name.
2025-04-12 19:17:01,500 : WARNING : ConfigValidator : Unrecognized config setting. "slide_player:widgets" is not a valid setting name.
2025-04-12 19:17:01,500 : WARNING : ConfigValidator : Unrecognized config setting. "slide_player:widgets" is not a valid setting name.
2025-04-12 19:17:01,500 : WARNING : ConfigValidator : Unrecognized config setting. "slide_player:widgets" is not a valid setting name.
2025-04-12 19:17:01,500 : WARNING : ConfigValidator : Unrecognized config setting. "slide_player:widgets" is not a valid setting name.
2025-04-12 19:17:01,500 : WARNING : ConfigValidator : Unrecognized config setting. "slide_player:widgets" is not a valid setting name.
2025-04-12 19:17:01,500 : WARNING : ConfigValidator : Unrecognized config setting. "slide_player:widgets" is not a valid setting name.
2025-04-12 19:17:01,500 : WARNING : ConfigValidator : Unrecognized config setting. "slide_player:widgets" is not a valid setting name.
2025-04-12 19:17:01,501 : WARNING : ConfigValidator : Unrecognized config setting. "slide_player:widgets" is not a valid setting name.
2025-04-12 19:17:01,501 : WARNING : ConfigValidator : Unrecognized config setting. "slide_player:widgets" is not a valid setting name.
2025-04-12 19:17:01,501 : WARNING : ConfigValidator : Unrecognized config setting. "slide_player:widgets" is not a valid setting name.
2025-04-12 19:17:01,501 : WARNING : ConfigValidator : Unrecognized config setting. "slide_player:widgets" is not a valid setting name.
2025-04-12 19:17:01,501 : WARNING : ConfigValidator : Unrecognized config setting. "slide_player:widgets" is not a valid setting name.
2025-04-12 19:17:01,501 : WARNING : ConfigValidator : Unrecognized config setting. "slide_player:widgets" is not a valid setting name.
2025-04-12 19:17:01,501 : WARNING : ConfigValidator : Unrecognized config setting. "slide_player:widgets" is not a valid setting name.
2025-04-12 19:17:01,501 : WARNING : ConfigValidator : Unrecognized config setting. "slide_player:widgets" is not a valid setting name.
2025-04-12 19:17:01,501 : WARNING : ConfigValidator : Unrecognized config setting. "slide_player:widgets" is not a valid setting name.
2025-04-12 19:17:01,501 : WARNING : ConfigValidator : Unrecognized config setting. "slide_player:widgets" is not a valid setting name.
2025-04-12 19:17:01,501 : WARNING : ConfigValidator : Unrecognized config setting. "slide_player:widgets" is not a valid setting name.
2025-04-12 19:17:01,501 : WARNING : ConfigValidator : Unrecognized config setting. "slide_player:widgets" is not a valid setting name.
2025-04-12 19:17:01,501 : WARNING : ConfigValidator : Unrecognized config setting. "slide_player:widgets" is not a valid setting name.
2025-04-12 19:17:01,503 : DEBUG : YAML File Interface : Loading file: C:\Users\homebrew\Documents\GitHub\Thing_Pinball\data/high_scores.yaml
2025-04-12 19:17:01,507 : WARNING : ConfigValidator : Unrecognized config setting. "high_score:events_when_complete" is not a valid setting name.
2025-04-12 19:17:01,507 : INFO : EventManager : Event: ======'machine_var_score1_label'====== Args={'value': 'GRAND CHAMPION', 'prev_value': None, 'change': True}
2025-04-12 19:17:01,507 : INFO : EventManager : Event: ======'machine_var_score1_name'====== Args={'value': 'THING', 'prev_value': None, 'change': True}
2025-04-12 19:17:01,507 : INFO : EventManager : Event: ======'machine_var_score1_value'====== Args={'value': 5000000, 'prev_value': None, 'change': True}
2025-04-12 19:17:01,507 : INFO : EventManager : Event: ======'machine_var_score2_label'====== Args={'value': 'HIGH SCORE 1', 'prev_value': None, 'change': True}
2025-04-12 19:17:01,507 : INFO : EventManager : Event: ======'machine_var_score2_name'====== Args={'value': 'MPF', 'prev_value': None, 'change': True}
2025-04-12 19:17:01,507 : INFO : EventManager : Event: ======'machine_var_score2_value'====== Args={'value': 4000000, 'prev_value': None, 'change': True}
2025-04-12 19:17:01,507 : INFO : EventManager : Event: ======'machine_var_score3_label'====== Args={'value': 'HIGH SCORE 2', 'prev_value': None, 'change': True}
2025-04-12 19:17:01,508 : INFO : EventManager : Event: ======'machine_var_score3_name'====== Args={'value': 'PINBALL', 'prev_value': None, 'change': True}
2025-04-12 19:17:01,508 : INFO : EventManager : Event: ======'machine_var_score3_value'====== Args={'value': 3000000, 'prev_value': None, 'change': True}
2025-04-12 19:17:01,508 : INFO : EventManager : Event: ======'machine_var_score4_label'====== Args={'value': 'HIGH SCORE 3', 'prev_value': None, 'change': True}
2025-04-12 19:17:01,508 : INFO : EventManager : Event: ======'machine_var_score4_name'====== Args={'value': 'WIZARD', 'prev_value': None, 'change': True}
2025-04-12 19:17:01,508 : INFO : EventManager : Event: ======'machine_var_score4_value'====== Args={'value': 2000000, 'prev_value': None, 'change': True}
2025-04-12 19:17:01,508 : INFO : EventManager : Event: ======'machine_var_score5_label'====== Args={'value': 'HIGH SCORE 4', 'prev_value': None, 'change': True}
2025-04-12 19:17:01,508 : INFO : EventManager : Event: ======'machine_var_score5_name'====== Args={'value': 'PLAYER', 'prev_value': None, 'change': True}
2025-04-12 19:17:01,508 : INFO : EventManager : Event: ======'machine_var_score5_value'====== Args={'value': 1000000, 'prev_value': None, 'change': True}
2025-04-12 19:17:01,509 : INFO : EventManager : Event: ======'bcp_connection_attempt'====== Args={'name': 'local_display', 'host': 'localhost', 'port': 5050}
2025-04-12 19:17:01,514 : INFO : BCPClientSocket : Connecting BCP to 'local_display' at localhost:5050...
2025-04-12 19:17:01,532 : INFO : BCPClientSocket : Connected BCP to 'local_display' localhost:5050
2025-04-12 19:17:01,533 : INFO : EventManager : Event: ======'bcp_clients_connected'====== Args={}
2025-04-12 19:17:01,533 : DEBUG : ball_device.bd_trough : SC: Switch 's_trough_ball' changed too recently. Aborting count!
2025-04-12 19:17:01,989 : DEBUG : ball_device.bd_trough : SC: Counted 2 balls. Active switches: [<switch.s_trough_ball>, <switch.s_trough_7>]. Old: None
2025-04-12 19:17:01,990 : DEBUG : ball_device.bd_trough : SC: New count 2 last: None
2025-04-12 19:17:01,991 : INFO : ball_device.bd_trough : BCH: Initial count: 2
2025-04-12 19:17:01,992 : INFO : ball_device.bd_trough : State: idle
2025-04-12 19:17:01,993 : DEBUG : ball_device.bd_trough : Waiting for eject request.
2025-04-12 19:17:01,996 : INFO : ball_device.bd_shooter_lane : BCH: Initial count: 0
2025-04-12 19:17:01,997 : INFO : ball_device.bd_shooter_lane : State: idle
2025-04-12 19:17:01,998 : DEBUG : ball_device.bd_ball_lock : SC: Counted 0 balls. Active switches: []. Old: None
2025-04-12 19:17:01,998 : DEBUG : ball_device.bd_ball_lock : SC: New count 0 last: None
2025-04-12 19:17:01,998 : INFO : ball_device.bd_ball_lock : BCH: Initial count: 0
2025-04-12 19:17:01,998 : INFO : ball_device.bd_ball_lock : State: idle
2025-04-12 19:17:01,998 : DEBUG : ball_device.bd_ball_lock : Waiting for eject request.
2025-04-12 19:17:01,999 : DEBUG : ball_device.bd_mode : SC: Counted 0 balls. Active switches: []. Old: None
2025-04-12 19:17:01,999 : DEBUG : ball_device.bd_mode : SC: New count 0 last: None
2025-04-12 19:17:02,000 : INFO : ball_device.bd_mode : BCH: Initial count: 0
2025-04-12 19:17:02,000 : INFO : ball_device.bd_mode : State: idle
2025-04-12 19:17:02,000 : DEBUG : ball_device.bd_mode : Waiting for eject request.
2025-04-12 19:17:02,003 : DEBUG : YAML File Interface : Loading file: C:\Users\homebrew\Documents\GitHub\Thing_Pinball\data/audits.yaml
2025-04-12 19:17:02,013 : DEBUG : Machine : "info_lights:" section not found in machine configuration, so the InfoLights will not be used.
2025-04-12 19:17:02,016 : DEBUG : Machine : "switch_player:" section not found in machine configuration, so the SwitchPlayer will not be used.
2025-04-12 19:17:02,024 : DEBUG : Machine : "twitch_client:" section not found in machine configuration, so the TwitchBot will not be used.
2025-04-12 19:17:02,025 : DEBUG : Machine : "virtual_segment_display_connector:" section not found in machine configuration, so the VirtualSegmentDisplayConnector will not be used.
2025-04-12 19:17:02,025 : INFO : EventManager : Event: ======'init_phase_3'====== Args={}
2025-04-12 19:17:02,025 : DEBUG : ShowController : Loading show: flash
2025-04-12 19:17:02,026 : DEBUG : ShowController : Loading show: on
2025-04-12 19:17:02,026 : DEBUG : ShowController : Loading show: off
2025-04-12 19:17:02,026 : DEBUG : ShowController : Loading show: led_color
2025-04-12 19:17:02,026 : DEBUG : ShowController : Loading show: bl_color
2025-04-12 19:17:02,026 : DEBUG : ShowController : Loading show: flash_color
2025-04-12 19:17:02,027 : WARNING : ConfigValidator : Unrecognized config setting. "slide_player:widgets" is not a valid setting name.
2025-04-12 19:17:02,027 : WARNING : ConfigValidator : Unrecognized config setting. "slide_player:widgets" is not a valid setting name.
2025-04-12 19:17:02,027 : WARNING : ConfigValidator : Unrecognized config setting. "slide_player:widgets" is not a valid setting name.
2025-04-12 19:17:02,027 : WARNING : ConfigValidator : Unrecognized config setting. "slide_player:widgets" is not a valid setting name.
2025-04-12 19:17:02,027 : WARNING : ConfigValidator : Unrecognized config setting. "slide_player:widgets" is not a valid setting name.
2025-04-12 19:17:02,027 : WARNING : ConfigValidator : Unrecognized config setting. "slide_player:widgets" is not a valid setting name.
2025-04-12 19:17:02,029 : INFO : EventManager : Event: ======'init_phase_4'====== Args={}
2025-04-12 19:17:02,030 : DEBUG : ball_device.bd_trough : SC: Counted 2 balls. Active switches: [<switch.s_trough_ball>, <switch.s_trough_7>]. Old: 2
2025-04-12 19:17:02,030 : DEBUG : ball_device.bd_ball_lock : SC: Counted 0 balls. Active switches: []. Old: 0
2025-04-12 19:17:02,030 : DEBUG : ball_device.bd_mode : SC: Counted 0 balls. Active switches: []. Old: 0
2025-04-12 19:17:02,030 : INFO : BallController : Initial balls found: 2
2025-04-12 19:17:02,033 : INFO : EventManager : Event: ======'machine_var_audits_events_game_ended'====== Args={'value': 0, 'prev_value': None, 'change': True}
2025-04-12 19:17:02,033 : INFO : EventManager : Event: ======'machine_var_audits_events_game_started'====== Args={'value': 528, 'prev_value': None, 'change': True}
2025-04-12 19:17:02,033 : INFO : EventManager : Event: ======'machine_var_audits_missing_switches_s_back_button'====== Args={'value': 92, 'prev_value': None, 'change': True}
2025-04-12 19:17:02,033 : INFO : EventManager : Event: ======'machine_var_audits_missing_switches_s_down_button'====== Args={'value': 92, 'prev_value': None, 'change': True}
2025-04-12 19:17:02,033 : INFO : EventManager : Event: ======'machine_var_audits_missing_switches_s_enter_button'====== Args={'value': 92, 'prev_value': None, 'change': True}
2025-04-12 19:17:02,033 : INFO : EventManager : Event: ======'machine_var_audits_missing_switches_s_inlane_left'====== Args={'value': 93, 'prev_value': None, 'change': True}
2025-04-12 19:17:02,033 : INFO : EventManager : Event: ======'machine_var_audits_missing_switches_s_inlane_right'====== Args={'value': 8, 'prev_value': None, 'change': True}
2025-04-12 19:17:02,033 : INFO : EventManager : Event: ======'machine_var_audits_missing_switches_s_launch'====== Args={'value': 6, 'prev_value': None, 'change': True}
2025-04-12 19:17:02,033 : INFO : EventManager : Event: ======'machine_var_audits_missing_switches_s_left_flipper'====== Args={'value': 363, 'prev_value': None, 'change': True}
2025-04-12 19:17:02,033 : INFO : EventManager : Event: ======'machine_var_audits_missing_switches_s_left_inlane'====== Args={'value': 6, 'prev_value': None, 'change': True}
2025-04-12 19:17:02,033 : INFO : EventManager : Event: ======'machine_var_audits_missing_switches_s_left_inner_lane'====== Args={'value': 357, 'prev_value': None, 'change': True}
2025-04-12 19:17:02,033 : INFO : EventManager : Event: ======'machine_var_audits_missing_switches_s_left_outer_lane'====== Args={'value': 153, 'prev_value': None, 'change': True}
2025-04-12 19:17:02,033 : INFO : EventManager : Event: ======'machine_var_audits_missing_switches_s_left_outlane'====== Args={'value': 6, 'prev_value': None, 'change': True}
2025-04-12 19:17:02,033 : INFO : EventManager : Event: ======'machine_var_audits_missing_switches_s_left_sling'====== Args={'value': 363, 'prev_value': None, 'change': True}
2025-04-12 19:17:02,033 : INFO : EventManager : Event: ======'machine_var_audits_missing_switches_s_mead'====== Args={'value': 267, 'prev_value': None, 'change': True}
2025-04-12 19:17:02,033 : INFO : EventManager : Event: ======'machine_var_audits_missing_switches_s_newton_opto_made'====== Args={'value': 136, 'prev_value': None, 'change': True}
2025-04-12 19:17:02,033 : INFO : EventManager : Event: ======'machine_var_audits_missing_switches_s_outlane_left'====== Args={'value': 124, 'prev_value': None, 'change': True}
2025-04-12 19:17:02,033 : INFO : EventManager : Event: ======'machine_var_audits_missing_switches_s_outlane_right'====== Args={'value': 93, 'prev_value': None, 'change': True}
2025-04-12 19:17:02,033 : INFO : EventManager : Event: ======'machine_var_audits_missing_switches_s_percy'====== Args={'value': 85, 'prev_value': None, 'change': True}
2025-04-12 19:17:02,033 : INFO : EventManager : Event: ======'machine_var_audits_missing_switches_s_plunger'====== Args={'value': 363, 'prev_value': None, 'change': True}
2025-04-12 19:17:02,033 : INFO : EventManager : Event: ======'machine_var_audits_missing_switches_s_pop_bumper_1'====== Args={'value': 9, 'prev_value': None, 'change': True}
2025-04-12 19:17:02,033 : INFO : EventManager : Event: ======'machine_var_audits_missing_switches_s_pop_bumper_2'====== Args={'value': 9, 'prev_value': None, 'change': True}
2025-04-12 19:17:02,033 : INFO : EventManager : Event: ======'machine_var_audits_missing_switches_s_pop_bumper_3'====== Args={'value': 9, 'prev_value': None, 'change': True}
2025-04-12 19:17:02,033 : INFO : EventManager : Event: ======'machine_var_audits_missing_switches_s_right_flipper'====== Args={'value': 363, 'prev_value': None, 'change': True}
2025-04-12 19:17:02,035 : INFO : EventManager : Event: ======'machine_var_audits_missing_switches_s_right_inlane'====== Args={'value': 6, 'prev_value': None, 'change': True}
2025-04-12 19:17:02,035 : INFO : EventManager : Event: ======'machine_var_audits_missing_switches_s_right_inner_lane'====== Args={'value': 357, 'prev_value': None, 'change': True}
2025-04-12 19:17:02,035 : INFO : EventManager : Event: ======'machine_var_audits_missing_switches_s_right_outer_lane'====== Args={'value': 357, 'prev_value': None, 'change': True}
2025-04-12 19:17:02,035 : INFO : EventManager : Event: ======'machine_var_audits_missing_switches_s_right_outlane'====== Args={'value': 6, 'prev_value': None, 'change': True}
2025-04-12 19:17:02,035 : INFO : EventManager : Event: ======'machine_var_audits_missing_switches_s_right_sling'====== Args={'value': 363, 'prev_value': None, 'change': True}
2025-04-12 19:17:02,035 : INFO : EventManager : Event: ======'machine_var_audits_missing_switches_s_scanlan'====== Args={'value': 204, 'prev_value': None, 'change': True}
2025-04-12 19:17:02,035 : INFO : EventManager : Event: ======'machine_var_audits_missing_switches_s_start'====== Args={'value': 6, 'prev_value': None, 'change': True}
2025-04-12 19:17:02,036 : INFO : EventManager : Event: ======'machine_var_audits_missing_switches_s_start_button'====== Args={'value': 93, 'prev_value': None, 'change': True}
2025-04-12 19:17:02,036 : INFO : EventManager : Event: ======'machine_var_audits_missing_switches_s_trough_ball_1'====== Args={'value': 363, 'prev_value': None, 'change': True}
2025-04-12 19:17:02,036 : INFO : EventManager : Event: ======'machine_var_audits_missing_switches_s_trough_ball_2'====== Args={'value': 363, 'prev_value': None, 'change': True}
2025-04-12 19:17:02,036 : INFO : EventManager : Event: ======'machine_var_audits_missing_switches_s_trough_ball_3'====== Args={'value': 363, 'prev_value': None, 'change': True}
2025-04-12 19:17:02,036 : INFO : EventManager : Event: ======'machine_var_audits_missing_switches_s_trough_ball_4'====== Args={'value': 278, 'prev_value': None, 'change': True}
2025-04-12 19:17:02,036 : INFO : EventManager : Event: ======'machine_var_audits_missing_switches_s_trough_ball_5'====== Args={'value': 363, 'prev_value': None, 'change': True}
2025-04-12 19:17:02,036 : INFO : EventManager : Event: ======'machine_var_audits_missing_switches_s_trough_ball_6'====== Args={'value': 95, 'prev_value': None, 'change': True}
2025-04-12 19:17:02,036 : INFO : EventManager : Event: ======'machine_var_audits_missing_switches_s_up_button'====== Args={'value': 92, 'prev_value': None, 'change': True}
2025-04-12 19:17:02,036 : INFO : EventManager : Event: ======'machine_var_audits_player_score'====== Args={'value': {'average': 0, 'top': [], 'total': 0}, 'prev_value': None, 'change': True}
2025-04-12 19:17:02,036 : INFO : EventManager : Event: ======'machine_var_audits_shots_mead_shot'====== Args={'value': 223, 'prev_value': None, 'change': True}
2025-04-12 19:17:02,036 : INFO : EventManager : Event: ======'machine_var_audits_shots_percy_shot'====== Args={'value': 56, 'prev_value': None, 'change': True}
2025-04-12 19:17:02,037 : INFO : EventManager : Event: ======'machine_var_audits_shots_scanlan_shot'====== Args={'value': 121, 'prev_value': None, 'change': True}
2025-04-12 19:17:02,037 : INFO : EventManager : Event: ======'machine_var_audits_shots_video_shot_1'====== Args={'value': 24, 'prev_value': None, 'change': True}
2025-04-12 19:17:02,037 : INFO : EventManager : Event: ======'machine_var_audits_shots_video_shot_2'====== Args={'value': 20, 'prev_value': None, 'change': True}
2025-04-12 19:17:02,037 : INFO : EventManager : Event: ======'machine_var_audits_switches_s_3bank_tgt_d'====== Args={'value': 29, 'prev_value': None, 'change': True}
2025-04-12 19:17:02,037 : INFO : EventManager : Event: ======'machine_var_audits_switches_s_3bank_tgt_g'====== Args={'value': 40, 'prev_value': None, 'change': True}
2025-04-12 19:17:02,037 : INFO : EventManager : Event: ======'machine_var_audits_switches_s_3bank_tgt_o'====== Args={'value': 34, 'prev_value': None, 'change': True}
2025-04-12 19:17:02,037 : INFO : EventManager : Event: ======'machine_var_audits_switches_s_auto_launcher'====== Args={'value': 0, 'prev_value': None, 'change': True}
2025-04-12 19:17:02,037 : INFO : EventManager : Event: ======'machine_var_audits_switches_s_back_button'====== Args={'value': 0, 'prev_value': None, 'change': True}
2025-04-12 19:17:02,037 : INFO : EventManager : Event: ======'machine_var_audits_switches_s_ball_drain'====== Args={'value': 0, 'prev_value': None, 'change': True}
2025-04-12 19:17:02,037 : INFO : EventManager : Event: ======'machine_var_audits_switches_s_ball_lock_1'====== Args={'value': 147, 'prev_value': None, 'change': True}
2025-04-12 19:17:02,037 : INFO : EventManager : Event: ======'machine_var_audits_switches_s_ball_lock_2'====== Args={'value': 127, 'prev_value': None, 'change': True}
2025-04-12 19:17:02,037 : INFO : EventManager : Event: ======'machine_var_audits_switches_s_ball_lock_3'====== Args={'value': 128, 'prev_value': None, 'change': True}
2025-04-12 19:17:02,037 : INFO : EventManager : Event: ======'machine_var_audits_switches_s_blood_target'====== Args={'value': 368, 'prev_value': None, 'change': True}
2025-04-12 19:17:02,038 : INFO : EventManager : Event: ======'machine_var_audits_switches_s_down_button'====== Args={'value': 0, 'prev_value': None, 'change': True}
2025-04-12 19:17:02,038 : INFO : EventManager : Event: ======'machine_var_audits_switches_s_enter_button'====== Args={'value': 0, 'prev_value': None, 'change': True}
2025-04-12 19:17:02,038 : INFO : EventManager : Event: ======'machine_var_audits_switches_s_inlane_left'====== Args={'value': 9, 'prev_value': None, 'change': True}
2025-04-12 19:17:02,038 : INFO : EventManager : Event: ======'machine_var_audits_switches_s_inlane_right'====== Args={'value': 22, 'prev_value': None, 'change': True}
2025-04-12 19:17:02,038 : INFO : EventManager : Event: ======'machine_var_audits_switches_s_launch'====== Args={'value': 0, 'prev_value': None, 'change': True}
2025-04-12 19:17:02,038 : INFO : EventManager : Event: ======'machine_var_audits_switches_s_left_button_2'====== Args={'value': 232, 'prev_value': None, 'change': True}
2025-04-12 19:17:02,038 : INFO : EventManager : Event: ======'machine_var_audits_switches_s_left_flipper'====== Args={'value': 36, 'prev_value': None, 'change': True}
2025-04-12 19:17:02,038 : INFO : EventManager : Event: ======'machine_var_audits_switches_s_left_flipper_button'====== Args={'value': 223, 'prev_value': None, 'change': True}
2025-04-12 19:17:02,038 : INFO : EventManager : Event: ======'machine_var_audits_switches_s_left_flipper_eos'====== Args={'value': 202, 'prev_value': None, 'change': True}
2025-04-12 19:17:02,038 : INFO : EventManager : Event: ======'machine_var_audits_switches_s_left_inlane'====== Args={'value': 0, 'prev_value': None, 'change': True}
2025-04-12 19:17:02,039 : INFO : EventManager : Event: ======'machine_var_audits_switches_s_left_inner_lane'====== Args={'value': 0, 'prev_value': None, 'change': True}
2025-04-12 19:17:02,039 : INFO : EventManager : Event: ======'machine_var_audits_switches_s_left_outer_lane'====== Args={'value': 0, 'prev_value': None, 'change': True}
2025-04-12 19:17:02,039 : INFO : EventManager : Event: ======'machine_var_audits_switches_s_left_outlane'====== Args={'value': 0, 'prev_value': None, 'change': True}
2025-04-12 19:17:02,039 : INFO : EventManager : Event: ======'machine_var_audits_switches_s_left_ramp_entry_1'====== Args={'value': 1043, 'prev_value': None, 'change': True}
2025-04-12 19:17:02,039 : INFO : EventManager : Event: ======'machine_var_audits_switches_s_left_sling'====== Args={'value': 7, 'prev_value': None, 'change': True}
2025-04-12 19:17:02,039 : INFO : EventManager : Event: ======'machine_var_audits_switches_s_left_slingshot'====== Args={'value': 12, 'prev_value': None, 'change': True}
2025-04-12 19:17:02,039 : INFO : EventManager : Event: ======'machine_var_audits_switches_s_mead'====== Args={'value': 0, 'prev_value': None, 'change': True}
2025-04-12 19:17:02,039 : INFO : EventManager : Event: ======'machine_var_audits_switches_s_mode_opto'====== Args={'value': 111, 'prev_value': None, 'change': True}
2025-04-12 19:17:02,039 : INFO : EventManager : Event: ======'machine_var_audits_switches_s_newton_opto_made'====== Args={'value': 2, 'prev_value': None, 'change': True}
2025-04-12 19:17:02,039 : INFO : EventManager : Event: ======'machine_var_audits_switches_s_outlane_left'====== Args={'value': 3, 'prev_value': None, 'change': True}
2025-04-12 19:17:02,040 : INFO : EventManager : Event: ======'machine_var_audits_switches_s_outlane_right'====== Args={'value': 6, 'prev_value': None, 'change': True}
2025-04-12 19:17:02,040 : INFO : EventManager : Event: ======'machine_var_audits_switches_s_percy'====== Args={'value': 0, 'prev_value': None, 'change': True}
2025-04-12 19:17:02,040 : INFO : EventManager : Event: ======'machine_var_audits_switches_s_plunger'====== Args={'value': 9, 'prev_value': None, 'change': True}
2025-04-12 19:17:02,040 : INFO : EventManager : Event: ======'machine_var_audits_switches_s_pop_bumper_1'====== Args={'value': 58, 'prev_value': None, 'change': True}
2025-04-12 19:17:02,040 : INFO : EventManager : Event: ======'machine_var_audits_switches_s_pop_bumper_2'====== Args={'value': 29, 'prev_value': None, 'change': True}
2025-04-12 19:17:02,040 : INFO : EventManager : Event: ======'machine_var_audits_switches_s_pop_bumper_3'====== Args={'value': 44, 'prev_value': None, 'change': True}
2025-04-12 19:17:02,040 : INFO : EventManager : Event: ======'machine_var_audits_switches_s_ramp_up_1'====== Args={'value': 171, 'prev_value': None, 'change': True}
2025-04-12 19:17:02,040 : INFO : EventManager : Event: ======'machine_var_audits_switches_s_right_button_2'====== Args={'value': 60, 'prev_value': None, 'change': True}
2025-04-12 19:17:02,040 : INFO : EventManager : Event: ======'machine_var_audits_switches_s_right_flipper'====== Args={'value': 131, 'prev_value': None, 'change': True}
2025-04-12 19:17:02,040 : INFO : EventManager : Event: ======'machine_var_audits_switches_s_right_flipper_button'====== Args={'value': 59, 'prev_value': None, 'change': True}
2025-04-12 19:17:02,040 : INFO : EventManager : Event: ======'machine_var_audits_switches_s_right_flipper_eos'====== Args={'value': 56, 'prev_value': None, 'change': True}
2025-04-12 19:17:02,040 : INFO : EventManager : Event: ======'machine_var_audits_switches_s_right_inlane'====== Args={'value': 0, 'prev_value': None, 'change': True}
2025-04-12 19:17:02,040 : INFO : EventManager : Event: ======'machine_var_audits_switches_s_right_inner_lane'====== Args={'value': 0, 'prev_value': None, 'change': True}
2025-04-12 19:17:02,040 : INFO : EventManager : Event: ======'machine_var_audits_switches_s_right_orbit_1'====== Args={'value': 73, 'prev_value': None, 'change': True}
2025-04-12 19:17:02,040 : INFO : EventManager : Event: ======'machine_var_audits_switches_s_right_outer_lane'====== Args={'value': 0, 'prev_value': None, 'change': True}
2025-04-12 19:17:02,040 : INFO : EventManager : Event: ======'machine_var_audits_switches_s_right_outlane'====== Args={'value': 0, 'prev_value': None, 'change': True}
2025-04-12 19:17:02,040 : INFO : EventManager : Event: ======'machine_var_audits_switches_s_right_ramp_entry_1'====== Args={'value': 105, 'prev_value': None, 'change': True}
2025-04-12 19:17:02,040 : INFO : EventManager : Event: ======'machine_var_audits_switches_s_right_sling'====== Args={'value': 3, 'prev_value': None, 'change': True}
2025-04-12 19:17:02,040 : INFO : EventManager : Event: ======'machine_var_audits_switches_s_right_slingshot'====== Args={'value': 21, 'prev_value': None, 'change': True}
2025-04-12 19:17:02,040 : INFO : EventManager : Event: ======'machine_var_audits_switches_s_scanlan'====== Args={'value': 0, 'prev_value': None, 'change': True}
2025-04-12 19:17:02,040 : INFO : EventManager : Event: ======'machine_var_audits_switches_s_shooter_lane'====== Args={'value': 223, 'prev_value': None, 'change': True}
2025-04-12 19:17:02,040 : INFO : EventManager : Event: ======'machine_var_audits_switches_s_spinner'====== Args={'value': 486, 'prev_value': None, 'change': True}
2025-04-12 19:17:02,040 : INFO : EventManager : Event: ======'machine_var_audits_switches_s_start'====== Args={'value': 38, 'prev_value': None, 'change': True}
2025-04-12 19:17:02,041 : INFO : EventManager : Event: ======'machine_var_audits_switches_s_start_button'====== Args={'value': 4, 'prev_value': None, 'change': True}
2025-04-12 19:17:02,041 : INFO : EventManager : Event: ======'machine_var_audits_switches_s_switch_2'====== Args={'value': 0, 'prev_value': None, 'change': True}
2025-04-12 19:17:02,041 : INFO : EventManager : Event: ======'machine_var_audits_switches_s_trough_1'====== Args={'value': 4, 'prev_value': None, 'change': True}
2025-04-12 19:17:02,041 : INFO : EventManager : Event: ======'machine_var_audits_switches_s_trough_2'====== Args={'value': 102, 'prev_value': None, 'change': True}
2025-04-12 19:17:02,041 : INFO : EventManager : Event: ======'machine_var_audits_switches_s_trough_3'====== Args={'value': 108, 'prev_value': None, 'change': True}
2025-04-12 19:17:02,041 : INFO : EventManager : Event: ======'machine_var_audits_switches_s_trough_4'====== Args={'value': 96, 'prev_value': None, 'change': True}
2025-04-12 19:17:02,041 : INFO : EventManager : Event: ======'machine_var_audits_switches_s_trough_5'====== Args={'value': 93, 'prev_value': None, 'change': True}
2025-04-12 19:17:02,041 : INFO : EventManager : Event: ======'machine_var_audits_switches_s_trough_6'====== Args={'value': 128, 'prev_value': None, 'change': True}
2025-04-12 19:17:02,041 : INFO : EventManager : Event: ======'machine_var_audits_switches_s_trough_7'====== Args={'value': 213, 'prev_value': None, 'change': True}
2025-04-12 19:17:02,041 : INFO : EventManager : Event: ======'machine_var_audits_switches_s_trough_ball'====== Args={'value': 248, 'prev_value': None, 'change': True}
2025-04-12 19:17:02,041 : INFO : EventManager : Event: ======'machine_var_audits_switches_s_trough_ball_1'====== Args={'value': 4, 'prev_value': None, 'change': True}
2025-04-12 19:17:02,041 : INFO : EventManager : Event: ======'machine_var_audits_switches_s_trough_ball_2'====== Args={'value': 4, 'prev_value': None, 'change': True}
2025-04-12 19:17:02,041 : INFO : EventManager : Event: ======'machine_var_audits_switches_s_trough_ball_3'====== Args={'value': 1, 'prev_value': None, 'change': True}
2025-04-12 19:17:02,041 : INFO : EventManager : Event: ======'machine_var_audits_switches_s_trough_ball_4'====== Args={'value': 0, 'prev_value': None, 'change': True}
2025-04-12 19:17:02,041 : INFO : EventManager : Event: ======'machine_var_audits_switches_s_trough_ball_5'====== Args={'value': 0, 'prev_value': None, 'change': True}
2025-04-12 19:17:02,041 : INFO : EventManager : Event: ======'machine_var_audits_switches_s_trough_ball_6'====== Args={'value': 1, 'prev_value': None, 'change': True}
2025-04-12 19:17:02,041 : INFO : EventManager : Event: ======'machine_var_audits_switches_s_trough_ball_jam'====== Args={'value': 277, 'prev_value': None, 'change': True}
2025-04-12 19:17:02,041 : INFO : EventManager : Event: ======'machine_var_audits_switches_s_trough_eject_coil'====== Args={'value': 0, 'prev_value': None, 'change': True}
2025-04-12 19:17:02,041 : INFO : EventManager : Event: ======'machine_var_audits_switches_s_up_button'====== Args={'value': 0, 'prev_value': None, 'change': True}
2025-04-12 19:17:02,043 : INFO : EventManager : Event: ======'init_phase_5'====== Args={}
2025-04-12 19:17:02,043 : INFO : EventManager : Event: ======'init_done'====== Args={}
2025-04-12 19:17:02,044 : INFO : EventManager : Event: ======'machine_reset_phase_1'====== Args={}
2025-04-12 19:17:02,057 : INFO : EventManager : Event: ======'machine_reset_phase_2'====== Args={}
2025-04-12 19:17:02,059 : INFO : EventManager : Event: ======'machine_reset_phase_3'====== Args={}
2025-04-12 19:17:02,059 : INFO : EventManager : Event: ======'mode_tilt_will_start'====== Args={'queue': <QueuedEvent>}
2025-04-12 19:17:02,060 : INFO : EventManager : Event: ======'mode_tilt_starting'====== Args={'queue': <QueuedEvent>}
2025-04-12 19:17:02,060 : INFO : EventManager : Event: ======'mode_attract_will_start'====== Args={'queue': <QueuedEvent>}
2025-04-12 19:17:02,061 : INFO : EventManager : Event: ======'mode_attract_starting'====== Args={'queue': <QueuedEvent>}
2025-04-12 19:17:02,061 : DEBUG : diverter.diverter : Deactivating Diverter
2025-04-12 19:17:02,061 : INFO : EventManager : Event: ======'diverter_diverter_deactivating'====== Args={}
2025-04-12 19:17:02,061 : DEBUG : diverter.diverter : Disabling coil to activate diverter
2025-04-12 19:17:02,061 : INFO : coil.c_diverter : Disabling Driver
2025-04-12 19:17:02,061 : DEBUG : FAST Driver : Disabling driver 20
2025-04-12 19:17:02,062 : INFO : Mode.attract : Started. Priority: 10
2025-04-12 19:17:02,062 : INFO : EventManager : Event: ======'modes_active_modes_changed'====== Args={}
2025-04-12 19:17:02,062 : INFO : EventManager : Event: ======'mode_attract_started'====== Args={'queue': <QueuedEvent>}
2025-04-12 19:17:02,063 : INFO : Mode.tilt : Started. Priority: 1000000
2025-04-12 19:17:02,063 : INFO : EventManager : Event: ======'modes_active_modes_changed'====== Args={}
2025-04-12 19:17:02,063 : INFO : EventManager : Event: ======'mode_tilt_started'====== Args={'queue': <QueuedEvent>}
2025-04-12 19:17:02,063 : INFO : EventManager : Event: ======'reset_complete'====== Args={}
2025-04-12 19:17:02,066 : INFO : Machine : Starting the main run loop.
2025-04-12 19:17:02,121 : INFO : EventManager : Event: ======'slide_attract_created'====== Args={'_from_bcp': True}
2025-04-12 19:17:02,122 : INFO : EventManager : Event: ======'slide__removed'====== Args={'_from_bcp': True}
2025-04-12 19:17:02,122 : INFO : EventManager : Event: ======'slide_attract_active'====== Args={'original_context': 'attract', 'original_calling_context': 'mode_attract_started', 'priority': 10.0, 'queue': '<QueuedEvent>', 'cmd': 'slides_play', '_from_bcp': True}
2025-04-12 19:17:04,314 : INFO : SwitchController : <<<<<<< 's_start_button' inactive >>>>>>>
2025-04-12 19:17:04,438 : INFO : SwitchController : <<<<<<< 's_start_button' active >>>>>>>
2025-04-12 19:17:04,438 : INFO : EventManager : Event: ======'s_start_button_active'====== Args={}
2025-04-12 19:17:04,438 : INFO : Mode.attract : Start button pressed. Starting game...
2025-04-12 19:17:04,438 : INFO : EventManager : Event: ======'request_to_start_game'====== Args={}
2025-04-12 19:17:04,438 : INFO : EventManager : Event: ======'game_start'====== Args={'priority': 0}
2025-04-12 19:17:04,438 : INFO : EventManager : Event: ======'mode_game_will_start'====== Args={'priority': 0}
2025-04-12 19:17:04,439 : INFO : EventManager : Event: ======'mode_game_starting'====== Args={'priority': 0}
2025-04-12 19:17:04,439 : INFO : EventManager : Event: ======'mode_attract_will_stop'====== Args={}
2025-04-12 19:17:04,439 : INFO : EventManager : Event: ======'mode_attract_stopping'====== Args={}
2025-04-12 19:17:04,439 : INFO : Mode.attract : Stopped.
2025-04-12 19:17:04,439 : INFO : EventManager : Event: ======'modes_active_modes_changed'====== Args={}
2025-04-12 19:17:04,440 : INFO : EventManager : Event: ======'mode_attract_stopped'====== Args={}
2025-04-12 19:17:04,440 : INFO : EventManager : Event: ======'clear'====== Args={'key': 'attract'}
2025-04-12 19:17:04,440 : INFO : Mode.game : Started. Priority: 20
2025-04-12 19:17:04,440 : INFO : EventManager : Event: ======'modes_active_modes_changed'====== Args={}
2025-04-12 19:17:04,440 : INFO : EventManager : Event: ======'mode_game_started'====== Args={'priority': 0}
2025-04-12 19:17:04,442 : INFO : EventManager : Event: ======'game_will_start'====== Args={}
2025-04-12 19:17:04,442 : INFO : EventManager : Event: ======'game_starting'====== Args={'game': <Mode.game>}
2025-04-12 19:17:04,442 : DEBUG : Auditor : Enabling the Auditor
2025-04-12 19:17:04,443 : INFO : EventManager : Unordered handler for class <Auditor> on event game_ended with priority 1. Handlers: [RegisteredHandler(callback=<bound method Auditor.disable of <Auditor>>, priority=1, kwargs={}, key=UUID('22761993-9a0a-4a26-aeb5-ef2bccb0ee4c'), condition=None, blocking_facility=None), RegisteredHandler(callback=<bound method Auditor._save_audits of <Auditor>>, priority=1, kwargs={}, key=UUID('16a2df07-967b-4bed-97b1-1cb47fcf0ddc'), condition=None, blocking_facility=None)]. The order of those handlers is not defined and they will be executed in random order. This might lead to race conditions and potential bugs.
2025-04-12 19:17:04,443 : INFO : EventManager : Event: ======'player_add_request'====== Args={}
2025-04-12 19:17:04,443 : INFO : EventManager : Event: ======'player_will_add'====== Args={'number': 1}
2025-04-12 19:17:04,443 : DEBUG : Player : Creating new player: Player 1. (player index '0')
2025-04-12 19:17:04,443 : DEBUG : Player : Setting 'game_mode_active' to: 0, (prior: 0, change: 0)
2025-04-12 19:17:04,443 : DEBUG : Player : Setting 'current_game_mode' to: None, (prior: 0, change: True)
2025-04-12 19:17:04,444 : DEBUG : Player : Setting 'phase1_complete' to: 0, (prior: 0, change: 0)
2025-04-12 19:17:04,444 : DEBUG : Player : Setting 'dog_hunt_complete' to: 0, (prior: 0, change: 0)
2025-04-12 19:17:04,444 : DEBUG : Player : Setting 'discovery_complete' to: 0, (prior: 0, change: 0)
2025-04-12 19:17:04,444 : DEBUG : Player : Setting 'infected_complete' to: 0, (prior: 0, change: 0)
2025-04-12 19:17:04,444 : DEBUG : Player : Setting 'blood_test_complete' to: 0, (prior: 0, change: 0)
2025-04-12 19:17:04,444 : DEBUG : Player : Setting 'spider_head_complete' to: 0, (prior: 0, change: 0)
2025-04-12 19:17:04,444 : DEBUG : Player : Setting 'wizard_complete' to: 0, (prior: 0, change: 0)
2025-04-12 19:17:04,444 : DEBUG : Player : Setting 'ball_lock_complete' to: 0, (prior: 0, change: 0)
2025-04-12 19:17:04,445 : DEBUG : Player : Setting 'multiball_complete' to: 0, (prior: 0, change: 0)
2025-04-12 19:17:04,445 : DEBUG : Player : Setting 'spinner_value' to: 0, (prior: 0, change: 0)
2025-04-12 19:17:04,445 : DEBUG : Player : Setting 'pop_bumper_value' to: 0, (prior: 0, change: 0)
2025-04-12 19:17:04,445 : DEBUG : Player : Setting 'newton_shots' to: 0, (prior: 0, change: 0)
2025-04-12 19:17:04,445 : DEBUG : Player : Setting 'locked_balls' to: 0, (prior: 0, change: 0)
2025-04-12 19:17:04,445 : DEBUG : Player : Setting 'balls_in_play' to: 1, (prior: 0, change: 1)
2025-04-12 19:17:04,445 : DEBUG : Player : Setting 'jackpot_value' to: 10000, (prior: 0, change: 10000)
2025-04-12 19:17:04,445 : DEBUG : Player : Setting 'left_ramp_hits' to: 0, (prior: 0, change: 0)
2025-04-12 19:17:04,445 : DEBUG : Player : Setting 'left_ramp_lock_hits' to: 0, (prior: 0, change: 0)
2025-04-12 19:17:04,445 : DEBUG : Player : Setting 'spinner_hits' to: 0, (prior: 0, change: 0)
2025-04-12 19:17:04,445 : DEBUG : Player : Setting 'pop_bumper_wizard' to: 0, (prior: 0, change: 0)
2025-04-12 19:17:04,445 : DEBUG : Player : Setting 'ball_lock_active' to: 0, (prior: 0, change: 0)
2025-04-12 19:17:04,445 : DEBUG : Player : Setting 'super_jackpot_value' to: 100000, (prior: 0, change: 100000)
2025-04-12 19:17:04,446 : DEBUG : Player : Setting 'jackpot_state' to: 0, (prior: 0, change: 0)
2025-04-12 19:17:04,446 : DEBUG : Player : Setting 'right_ramp_valid' to: 0, (prior: 0, change: 0)
2025-04-12 19:17:04,446 : DEBUG : Player : Setting 'score' to: 0, (prior: 0, change: 0)
2025-04-12 19:17:04,446 : INFO : EventManager : Event: ======'player_adding'====== Args={'player': <Player 1>, 'number': 1}
2025-04-12 19:17:04,446 : INFO : EventManager : Event: ======'player_added'====== Args={'player': <Player 1>, 'num': 1}
2025-04-12 19:17:04,446 : INFO : Mode.game : Player added successfully. Total players: 1
2025-04-12 19:17:04,447 : INFO : EventManager : Event: ======'player_index'====== Args={'value': 0, 'prev_value': 0, 'change': 0, 'player_num': 1}
2025-04-12 19:17:04,447 : INFO : EventManager : Event: ======'player_number'====== Args={'value': 1, 'prev_value': 1, 'change': 0, 'player_num': 1}
2025-04-12 19:17:04,447 : INFO : EventManager : Event: ======'player_game_mode_active'====== Args={'value': 0, 'prev_value': 0, 'change': 0, 'player_num': 1}
2025-04-12 19:17:04,449 : INFO : EventManager : Event: ======'player_current_game_mode'====== Args={'value': 'None', 'prev_value': 'None', 'change': False, 'player_num': 1}
2025-04-12 19:17:04,449 : INFO : EventManager : Event: ======'player_phase1_complete'====== Args={'value': 0, 'prev_value': 0, 'change': 0, 'player_num': 1}
2025-04-12 19:17:04,449 : INFO : EventManager : Event: ======'player_dog_hunt_complete'====== Args={'value': 0, 'prev_value': 0, 'change': 0, 'player_num': 1}
2025-04-12 19:17:04,449 : INFO : EventManager : Event: ======'player_discovery_complete'====== Args={'value': 0, 'prev_value': 0, 'change': 0, 'player_num': 1}
2025-04-12 19:17:04,449 : INFO : EventManager : Event: ======'player_infected_complete'====== Args={'value': 0, 'prev_value': 0, 'change': 0, 'player_num': 1}
2025-04-12 19:17:04,449 : INFO : EventManager : Event: ======'player_blood_test_complete'====== Args={'value': 0, 'prev_value': 0, 'change': 0, 'player_num': 1}
2025-04-12 19:17:04,450 : INFO : EventManager : Event: ======'player_spider_head_complete'====== Args={'value': 0, 'prev_value': 0, 'change': 0, 'player_num': 1}
2025-04-12 19:17:04,450 : INFO : EventManager : Event: ======'player_wizard_complete'====== Args={'value': 0, 'prev_value': 0, 'change': 0, 'player_num': 1}
2025-04-12 19:17:04,450 : INFO : EventManager : Event: ======'player_ball_lock_complete'====== Args={'value': 0, 'prev_value': 0, 'change': 0, 'player_num': 1}
2025-04-12 19:17:04,450 : INFO : EventManager : Event: ======'player_multiball_complete'====== Args={'value': 0, 'prev_value': 0, 'change': 0, 'player_num': 1}
2025-04-12 19:17:04,450 : INFO : EventManager : Event: ======'player_spinner_value'====== Args={'value': 0, 'prev_value': 0, 'change': 0, 'player_num': 1}
2025-04-12 19:17:04,450 : INFO : EventManager : Event: ======'player_pop_bumper_value'====== Args={'value': 0, 'prev_value': 0, 'change': 0, 'player_num': 1}
2025-04-12 19:17:04,450 : INFO : EventManager : Event: ======'player_newton_shots'====== Args={'value': 0, 'prev_value': 0, 'change': 0, 'player_num': 1}
2025-04-12 19:17:04,450 : INFO : EventManager : Event: ======'player_locked_balls'====== Args={'value': 0, 'prev_value': 0, 'change': 0, 'player_num': 1}
2025-04-12 19:17:04,450 : INFO : EventManager : Event: ======'player_balls_in_play'====== Args={'value': 1, 'prev_value': 1, 'change': 0, 'player_num': 1}
2025-04-12 19:17:04,450 : INFO : EventManager : Event: ======'player_jackpot_value'====== Args={'value': 10000, 'prev_value': 10000, 'change': 0, 'player_num': 1}
2025-04-12 19:17:04,450 : INFO : EventManager : Event: ======'player_left_ramp_hits'====== Args={'value': 0, 'prev_value': 0, 'change': 0, 'player_num': 1}
2025-04-12 19:17:04,450 : INFO : EventManager : Event: ======'player_left_ramp_lock_hits'====== Args={'value': 0, 'prev_value': 0, 'change': 0, 'player_num': 1}
2025-04-12 19:17:04,450 : INFO : EventManager : Event: ======'player_spinner_hits'====== Args={'value': 0, 'prev_value': 0, 'change': 0, 'player_num': 1}
2025-04-12 19:17:04,450 : INFO : EventManager : Event: ======'player_pop_bumper_wizard'====== Args={'value': 0, 'prev_value': 0, 'change': 0, 'player_num': 1}
2025-04-12 19:17:04,451 : INFO : EventManager : Event: ======'player_ball_lock_active'====== Args={'value': 0, 'prev_value': 0, 'change': 0, 'player_num': 1}
2025-04-12 19:17:04,451 : INFO : EventManager : Event: ======'player_super_jackpot_value'====== Args={'value': 100000, 'prev_value': 100000, 'change': 0, 'player_num': 1}
2025-04-12 19:17:04,451 : INFO : EventManager : Event: ======'player_jackpot_state'====== Args={'value': 0, 'prev_value': 0, 'change': 0, 'player_num': 1}
2025-04-12 19:17:04,451 : INFO : EventManager : Event: ======'player_right_ramp_valid'====== Args={'value': 0, 'prev_value': 0, 'change': 0, 'player_num': 1}
2025-04-12 19:17:04,451 : INFO : EventManager : Event: ======'player_score'====== Args={'value': 0, 'prev_value': 0, 'change': 0, 'player_num': 1}
2025-04-12 19:17:04,451 : INFO : EventManager : Event: ======'game_started'====== Args={}
2025-04-12 19:17:04,452 : INFO : drop_target_bank.vuk_bank : All targets are already up. Will not reset bank.
2025-04-12 19:17:04,452 : INFO : EventManager : Event: ======'setup_game_variables'====== Args={'priority': 0}
2025-04-12 19:17:04,452 : INFO : EventManager : Event: ======'player_turn_will_start'====== Args={'player': <Player 1>, 'number': 1}
2025-04-12 19:17:04,452 : INFO : EventManager : Event: ======'player_turn_starting'====== Args={'player': <Player 1>, 'number': 1}
2025-04-12 19:17:04,453 : DEBUG : Player : Setting 'ball' to: 1, (prior: 0, change: 1)
2025-04-12 19:17:04,454 : INFO : EventManager : Event: ======'player_ball'====== Args={'value': 1, 'prev_value': 0, 'change': 1, 'player_num': 1}
2025-04-12 19:17:04,454 : INFO : EventManager : Event: ======'player_turn_started'====== Args={'player': <Player 1>, 'number': 1}
2025-04-12 19:17:04,462 : INFO : EventManager : Event: ======'ball_will_start'====== Args={'player': 1, 'ball': 1, 'balls_remaining': 2, 'is_extra_ball': False}
2025-04-12 19:17:04,463 : INFO : EventManager : Event: ======'ball_starting'====== Args={'player': 1, 'ball': 1, 'balls_remaining': 2, 'is_extra_ball': False}
2025-04-12 19:17:04,464 : INFO : EventManager : Event: ======'mode_base_will_start'====== Args={'queue': <QueuedEvent>, 'player': 1, 'ball': 1, 'balls_remaining': 2, 'is_extra_ball': False}
2025-04-12 19:17:04,464 : DEBUG : Player : Setting 'base_mode_timer_tick' to: 60, (prior: 0, change: 60)
2025-04-12 19:17:04,464 : INFO : EventManager : Event: ======'player_base_mode_timer_tick'====== Args={'value': 60, 'prev_value': 0, 'change': 60, 'player_num': 1}
2025-04-12 19:17:04,466 : INFO : EventManager : Event: ======'mode_base_starting'====== Args={'queue': <QueuedEvent>, 'player': 1, 'ball': 1, 'balls_remaining': 2, 'is_extra_ball': False}
2025-04-12 19:17:04,466 : INFO : EventManager : Event: ======'bd_trough_eject'====== Args={'priority': 0}
2025-04-12 19:17:04,467 : INFO : Mode.base : Started. Priority: 100
2025-04-12 19:17:04,467 : INFO : EventManager : Event: ======'modes_active_modes_changed'====== Args={}
2025-04-12 19:17:04,467 : INFO : EventManager : Event: ======'mode_base_started'====== Args={'queue': <QueuedEvent>, 'player': 1, 'ball': 1, 'balls_remaining': 2, 'is_extra_ball': False}
2025-04-12 19:17:04,467 : INFO : EventManager : Event: ======'balls_in_play'====== Args={'balls': 1}
2025-04-12 19:17:04,467 : INFO : EventManager : Event: ======'ball_started'====== Args={'player': 1, 'ball': 1, 'balls_remaining': 2, 'is_extra_ball': False}
2025-04-12 19:17:04,467 : INFO : EventManager : Event: ======'mode_mode_switcher_will_start'====== Args={'player': 1, 'ball': 1, 'balls_remaining': 2, 'is_extra_ball': False}
2025-04-12 19:17:04,468 : INFO : EventManager : Event: ======'mode_mode_switcher_starting'====== Args={'player': 1, 'ball': 1, 'balls_remaining': 2, 'is_extra_ball': False}
2025-04-12 19:17:04,468 : INFO : EventManager : Event: ======'ball_save_ball_save_enabled'====== Args={}
2025-04-12 19:17:04,468 : INFO : EventManager : Event: ======'logicblock_spinner_value_updated'====== Args={'value': 0, 'enabled': True}
2025-04-12 19:17:04,468 : INFO : EventManager : Event: ======'logicblock_newton_hit_counter_updated'====== Args={'value': 0, 'enabled': True}
2025-04-12 19:17:04,468 : INFO : EventManager : Event: ======'logicblock_diverter_pattern_updated'====== Args={'value': 0, 'enabled': True}
2025-04-12 19:17:04,468 : INFO : EventManager : Event: ======'logicblock_blood_target_counter_updated'====== Args={'value': 0, 'enabled': True}
2025-04-12 19:17:04,468 : INFO : drop_target_bank.vuk_bank : All targets are already up. Will not reset bank.
2025-04-12 19:17:04,468 : INFO : EventManager : Event: ======'logicblock_blood_target_counter_updated'====== Args={'value': 0, 'enabled': True}
2025-04-12 19:17:04,468 : INFO : EventManager : Event: ======'logicblock_blood_target_counter_updated'====== Args={'value': 0, 'enabled': True}
2025-04-12 19:17:04,469 : DEBUG : FAST Driver : Setting hardware rule for driver 13. Mode: None. Switch: 3D. coil_settings: DriverSettings(hw_driver=<mpf.platforms.fast.fast_driver.FASTDriver object at 0x00000182EF2712A0>, pulse_settings=PulseSettings(power=1.0, duration=30), hold_settings=None, recycle=True). kwargs: {}.
2025-04-12 19:17:04,469 : DEBUG : FAST Driver : Setting hardware rule for driver 14. Mode: None. Switch: 3A. coil_settings: DriverSettings(hw_driver=<mpf.platforms.fast.fast_driver.FASTDriver object at 0x00000182EF271310>, pulse_settings=PulseSettings(power=1.0, duration=30), hold_settings=None, recycle=True). kwargs: {}.
2025-04-12 19:17:04,469 : DEBUG : FAST Driver : Setting hardware rule for driver 23. Mode: None. Switch: 29. coil_settings: DriverSettings(hw_driver=<mpf.platforms.fast.fast_driver.FASTDriver object at 0x00000182EF2717E0>, pulse_settings=PulseSettings(power=1.0, duration=25), hold_settings=None, recycle=True). kwargs: {}.
2025-04-12 19:17:04,469 : DEBUG : FAST Driver : Setting hardware rule for driver 22. Mode: None. Switch: 2C. coil_settings: DriverSettings(hw_driver=<mpf.platforms.fast.fast_driver.FASTDriver object at 0x00000182EF271770>, pulse_settings=PulseSettings(power=1.0, duration=25), hold_settings=None, recycle=True). kwargs: {}.
2025-04-12 19:17:04,469 : DEBUG : FAST Driver : Setting hardware rule for driver 17. Mode: None. Switch: 2B. coil_settings: DriverSettings(hw_driver=<mpf.platforms.fast.fast_driver.FASTDriver object at 0x00000182EF271460>, pulse_settings=PulseSettings(power=1.0, duration=25), hold_settings=None, recycle=True). kwargs: {}.
2025-04-12 19:17:04,469 : DEBUG : FAST Driver : Setting hardware rule for driver 9. Mode: 18. Switch: 09. coil_settings: DriverSettings(hw_driver=<mpf.platforms.fast.fast_driver.FASTDriver object at 0x00000182EF2710E0>, pulse_settings=PulseSettings(power=1.0, duration=30), hold_settings=None, recycle=False). kwargs: {}.
2025-04-12 19:17:04,469 : DEBUG : FAST Driver : Sending config to driver 9 (0x09). one_shot: False. wait_to_confirm: False
2025-04-12 19:17:04,470 : DEBUG : FAST Driver : Setting hardware rule for driver 8. Mode: 18. Switch: 09. coil_settings: DriverSettings(hw_driver=<mpf.platforms.fast.fast_driver.FASTDriver object at 0x00000182EF271070>, pulse_settings=PulseSettings(power=1.0, duration=10), hold_settings=HoldSettings(power=1.0, duration=None), recycle=False). kwargs: {}.
2025-04-12 19:17:04,470 : DEBUG : FAST Driver : Sending config to driver 8 (0x08). one_shot: False. wait_to_confirm: False
2025-04-12 19:17:04,470 : DEBUG : FAST Driver : Setting hardware rule for driver 11. Mode: 18. Switch: 11. coil_settings: DriverSettings(hw_driver=<mpf.platforms.fast.fast_driver.FASTDriver object at 0x00000182EF2711C0>, pulse_settings=PulseSettings(power=1.0, duration=30), hold_settings=None, recycle=False). kwargs: {}.
2025-04-12 19:17:04,470 : DEBUG : FAST Driver : Sending config to driver 11 (0x0B). one_shot: False. wait_to_confirm: False
2025-04-12 19:17:04,470 : DEBUG : FAST Driver : Setting hardware rule for driver 10. Mode: 18. Switch: 11. coil_settings: DriverSettings(hw_driver=<mpf.platforms.fast.fast_driver.FASTDriver object at 0x00000182EF271150>, pulse_settings=PulseSettings(power=1.0, duration=10), hold_settings=HoldSettings(power=1.0, duration=None), recycle=False). kwargs: {}.
2025-04-12 19:17:04,470 : DEBUG : FAST Driver : Sending config to driver 10 (0x0A). one_shot: False. wait_to_confirm: False
2025-04-12 19:17:04,470 : INFO : EventManager : Event: ======'reset_player_shot_counters'====== Args={'priority': 0}
2025-04-12 19:17:04,470 : INFO : EventManager : Event: ======'pulse_upramp_on_start'====== Args={'priority': 0}
2025-04-12 19:17:04,470 : INFO : coil.c_upramp : Pulsing Driver for 30ms (1.0 pulse_power)
2025-04-12 19:17:04,470 : DEBUG : FAST Driver : Pulsing driver 18 with pulse_settings: PulseSettings(power=1.0, duration=30).
2025-04-12 19:17:04,470 : INFO : Mode.mode_switcher : Started. Priority: 500
2025-04-12 19:17:04,470 : INFO : EventManager : Event: ======'modes_active_modes_changed'====== Args={}
2025-04-12 19:17:04,470 : INFO : EventManager : Event: ======'mode_mode_switcher_started'====== Args={'player': 1, 'ball': 1, 'balls_remaining': 2, 'is_extra_ball': False}
2025-04-12 19:17:04,471 : INFO : Mode.mode_switcher : Mode Switcher started
2025-04-12 19:17:04,471 : INFO : EventManager : Event: ======'machine_var_qualified_mode'====== Args={'value': 'none', 'prev_value': 'None', 'change': True}
2025-04-12 19:17:04,471 : INFO : EventManager : Event: ======'single_player_ball_started'====== Args={}
2025-04-12 19:17:04,472 : INFO : EventManager : Event: ======'ball_start_target'====== Args={'target': 'playfield'}
2025-04-12 19:17:04,472 : INFO : ball_device.bd_shooter_lane : Setting up player-controlled eject. Balls: 1, Target: <playfield.playfield>, player_controlled_eject_event: None
2025-04-12 19:17:04,472 : DEBUG : ball_device.bd_trough : Adding eject chain
2025-04-12 19:17:04,472 : INFO : EventManager : Event: ======'balldevice_balls_available'====== Args={}
2025-04-12 19:17:04,475 : DEBUG : ball_device.bd_trough : Got eject request
2025-04-12 19:17:04,476 : DEBUG : ball_device.bd_trough : BCH: Counting. New count: 2 Old count: 2
2025-04-12 19:17:04,476 : INFO : ball_device.bd_trough : State: waiting_for_target_ready
2025-04-12 19:17:04,476 : INFO : EventManager : Event: ======'balldevice_bd_trough_ball_eject_attempt'====== Args={'balls': 1, 'target': <ball_device.bd_shooter_lane>, 'source': <ball_device.bd_trough>, 'mechanical_eject': True, 'num_attempts': 0}
2025-04-12 19:17:04,476 : INFO : ball_device.bd_shooter_lane : State: waiting_for_ball
2025-04-12 19:17:04,477 : INFO : ball_device.bd_trough : State: ejecting
2025-04-12 19:17:04,477 : INFO : ball_device.bd_trough : Ejecting ball to <ball_device.bd_shooter_lane>
2025-04-12 19:17:04,477 : INFO : EventManager : Event: ======'balldevice_bd_trough_ejecting_ball'====== Args={'balls': 1, 'target': <ball_device.bd_shooter_lane>, 'source': <ball_device.bd_trough>, 'mechanical_eject': True, 'num_attempts': 0}
2025-04-12 19:17:04,478 : DEBUG : ball_device.bd_trough : Entered eject mode.
2025-04-12 19:17:04,478 : INFO : ball_device.bd_trough : Wait for ball to leave device
2025-04-12 19:17:04,479 : DEBUG : ball_device.bd_trough : Firing eject coil. Current balls: 2.
2025-04-12 19:17:04,499 : INFO : coil.c_trough : Pulsing Driver for 25ms (1.0 pulse_power)
2025-04-12 19:17:04,499 : DEBUG : FAST Driver : Pulsing driver 12 with pulse_settings: PulseSettings(power=1.0, duration=25).
2025-04-12 19:17:04,514 : INFO : SwitchController : <<<<<<< 's_ramp_up_1' active >>>>>>>
2025-04-12 19:17:04,514 : INFO : EventManager : Event: ======'sw_playfield_active'====== Args={}
2025-04-12 19:17:04,514 : INFO : EventManager : Event: ======'machine_var_audits_switches_s_ramp_up_1'====== Args={'value': 172, 'prev_value': 171, 'change': 1}
2025-04-12 19:17:04,515 : INFO : EventManager : Event: ======'playfield_active'====== Args={'source': None}
2025-04-12 19:17:04,515 : INFO : EventManager : Event: ======'unexpected_ball_on_playfield'====== Args={}
2025-04-12 19:17:04,531 : INFO : SwitchController : <<<<<<< 's_ramp_up_1' inactive >>>>>>>
2025-04-12 19:17:04,531 : INFO : SwitchController : <<<<<<< 's_trough_ball_jam' active >>>>>>>
2025-04-12 19:17:04,532 : INFO : EventManager : Event: ======'machine_var_audits_switches_s_trough_ball_jam'====== Args={'value': 278, 'prev_value': 277, 'change': 1}
2025-04-12 19:17:04,547 : INFO : SwitchController : <<<<<<< 's_ramp_up_1' active >>>>>>>
2025-04-12 19:17:04,547 : INFO : EventManager : Event: ======'sw_playfield_active'====== Args={}
2025-04-12 19:17:04,547 : INFO : EventManager : Event: ======'machine_var_audits_switches_s_ramp_up_1'====== Args={'value': 173, 'prev_value': 172, 'change': 1}
2025-04-12 19:17:04,548 : INFO : SwitchController : <<<<<<< 's_trough_ball_jam' inactive >>>>>>>
2025-04-12 19:17:04,548 : INFO : EventManager : Event: ======'playfield_active'====== Args={'source': None}
2025-04-12 19:17:04,548 : INFO : EventManager : Event: ======'unexpected_ball_on_playfield'====== Args={}
2025-04-12 19:17:04,609 : INFO : SwitchController : <<<<<<< 's_trough_ball' inactive >>>>>>>
2025-04-12 19:17:04,610 : DEBUG : ball_device.bd_trough : SC: Ball left. Old count: 2
2025-04-12 19:17:04,610 : DEBUG : ball_device.bd_trough : Got ball left during eject
2025-04-12 19:17:04,611 : DEBUG : ball_device.bd_trough : SC: Switch 's_trough_ball' changed too recently. Aborting count!
2025-04-12 19:17:04,611 : INFO : ball_device.bd_trough : State: ball_left
2025-04-12 19:17:04,611 : INFO : ball_device.bd_trough : Ball left
2025-04-12 19:17:04,611 : INFO : ball_device.bd_trough : Wait for confirm with timeout 3.0
2025-04-12 19:17:04,654 : INFO : SwitchController : <<<<<<< 's_trough_7' inactive >>>>>>>
2025-04-12 19:17:04,717 : INFO : SwitchController : <<<<<<< 's_trough_ball' active >>>>>>>
2025-04-12 19:17:04,717 : INFO : EventManager : Event: ======'machine_var_audits_switches_s_trough_ball'====== Args={'value': 249, 'prev_value': 248, 'change': 1}
2025-04-12 19:17:05,054 : DEBUG : ball_device.bd_trough : SC: Switch 's_trough_ball' changed too recently. Aborting count!
2025-04-12 19:17:05,163 : DEBUG : ball_device.bd_trough : SC: Switch 's_trough_ball' changed too recently. Aborting count!
2025-04-12 19:17:05,225 : DEBUG : ball_device.bd_trough : SC: Counted 1 balls. Active switches: [<switch.s_trough_ball>]. Old: 1
2025-04-12 19:17:05,225 : DEBUG : ball_device.bd_trough : SC: New count 1 last: 1
2025-04-12 19:17:05,603 : INFO : SwitchController : <<<<<<< 's_shooter_lane' active >>>>>>>
2025-04-12 19:17:05,603 : INFO : EventManager : Event: ======'machine_var_audits_switches_s_shooter_lane'====== Args={'value': 224, 'prev_value': 223, 'change': 1}
2025-04-12 19:17:05,927 : INFO : ball_device.bd_shooter_lane : Received ball from <ball_device.bd_trough>
2025-04-12 19:17:05,927 : INFO : EventManager : Event: ======'balldevice_bd_shooter_lane_ball_enter'====== Args={'new_balls': 1, 'unclaimed_balls': 0, 'new_available_balls': 0, 'device': <ball_device.bd_shooter_lane>}
2025-04-12 19:17:05,928 : INFO : EventManager : Event: ======'balldevice_bd_shooter_lane_ball_entered'====== Args={'new_balls': 0, 'device': <ball_device.bd_shooter_lane>}
2025-04-12 19:17:05,928 : INFO : EventManager : Event: ======'balldevice_bd_shooter_lane_ball_count_changed'====== Args={'balls': 1}
2025-04-12 19:17:05,929 : INFO : ball_device.bd_trough : Got eject confirm
2025-04-12 19:17:05,929 : INFO : ball_device.bd_trough : Eject successful
2025-04-12 19:17:05,929 : INFO : EventManager : Event: ======'balldevice_bd_trough_ball_eject_success'====== Args={'balls': 1, 'target': <ball_device.bd_shooter_lane>}
2025-04-12 19:17:05,930 : INFO : ball_device.bd_shooter_lane : State: waiting_for_target_ready
2025-04-12 19:17:05,930 : INFO : EventManager : Event: ======'balldevice_bd_shooter_lane_ball_eject_attempt'====== Args={'balls': 1, 'target': <playfield.playfield>, 'source': <ball_device.bd_shooter_lane>, 'mechanical_eject': True, 'num_attempts': 0}
2025-04-12 19:17:05,930 : DEBUG : ball_device.bd_trough : Exited eject mode. Eject success: True
2025-04-12 19:17:05,931 : INFO : EventManager : Event: ======'balldevice_bd_trough_ball_count_changed'====== Args={'balls': 1}
2025-04-12 19:17:05,931 : INFO : ball_device.bd_trough : State: idle
2025-04-12 19:17:05,932 : DEBUG : ball_device.bd_trough : Waiting for eject request.
2025-04-12 19:17:05,932 : DEBUG : ball_device.bd_trough : BCH: Counting. New count: 1 Old count: 1
2025-04-12 19:17:05,932 : INFO : ball_device.bd_shooter_lane : State: ejecting
2025-04-12 19:17:05,932 : INFO : ball_device.bd_shooter_lane : Ejecting ball to <playfield.playfield>
2025-04-12 19:17:05,932 : INFO : EventManager : Event: ======'balldevice_bd_shooter_lane_ejecting_ball'====== Args={'balls': 1, 'target': <playfield.playfield>, 'source': <ball_device.bd_shooter_lane>, 'mechanical_eject': True, 'num_attempts': 0}
2025-04-12 19:17:05,933 : DEBUG : ball_device.bd_trough : BCH: Counting. New count: 1 Old count: 1
2025-04-12 19:17:05,934 : INFO : ball_device.bd_shooter_lane : Wait for ball to leave device
2025-04-12 19:17:06,145 : INFO : SwitchController : <<<<<<< 's_shooter_lane' inactive >>>>>>>
2025-04-12 19:17:06,146 : INFO : ball_device.bd_shooter_lane : State: ball_left
2025-04-12 19:17:06,146 : INFO : ball_device.bd_shooter_lane : Ball left
2025-04-12 19:17:06,146 : INFO : ball_device.bd_shooter_lane : Wait for confirm with timeout 5.0
2025-04-12 19:17:06,802 : INFO : SwitchController : <<<<<<< 's_right_slingshot' active >>>>>>>
2025-04-12 19:17:06,802 : INFO : EventManager : Event: ======'playfield_active'====== Args={'source': 'right_slingshot'}
2025-04-12 19:17:06,803 : INFO : EventManager : Event: ======'machine_var_audits_switches_s_right_slingshot'====== Args={'value': 22, 'prev_value': 21, 'change': 1}
2025-04-12 19:17:06,804 : INFO : ball_device.bd_shooter_lane : Got eject confirm
2025-04-12 19:17:06,804 : INFO : ball_device.bd_shooter_lane : Eject successful
2025-04-12 19:17:06,804 : INFO : EventManager : Event: ======'balldevice_bd_shooter_lane_ball_eject_success'====== Args={'balls': 1, 'target': <playfield.playfield>}
2025-04-12 19:17:06,806 : INFO : EventManager : Event: ======'ball_save_ball_save_timer_start'====== Args={}
2025-04-12 19:17:06,806 : INFO : EventManager : Event: ======'balldevice_playfield_ball_enter'====== Args={'new_balls': 1, 'unclaimed_balls': 1, 'device': <playfield.playfield>}
2025-04-12 19:17:06,807 : INFO : EventManager : Event: ======'playfield_ball_count_change'====== Args={'balls': 1, 'change': 1}
2025-04-12 19:17:06,807 : INFO : EventManager : Event: ======'balldevice_bd_shooter_lane_ball_count_changed'====== Args={'balls': 0}
2025-04-12 19:17:06,807 : INFO : ball_device.bd_shooter_lane : State: idle
2025-04-12 19:17:06,817 : INFO : SwitchController : <<<<<<< 's_right_slingshot' inactive >>>>>>>
2025-04-12 19:17:08,317 : INFO : SwitchController : <<<<<<< 's_left_slingshot' active >>>>>>>
2025-04-12 19:17:08,317 : INFO : EventManager : Event: ======'machine_var_audits_switches_s_left_slingshot'====== Args={'value': 13, 'prev_value': 12, 'change': 1}
2025-04-12 19:17:08,319 : INFO : SwitchController : <<<<<<< 's_left_slingshot' inactive >>>>>>>
2025-04-12 19:17:13,802 : INFO : EventManager : Event: ======'ball_save_ball_save_hurry_up'====== Args={}
2025-04-12 19:17:15,165 : INFO : Machine : Shutting down...
2025-04-12 19:17:15,165 : INFO : EventManager : Event: ======'shutdown'====== Args={}
2025-04-12 19:17:15,166 : DEBUG : ball_device.bd_trough : Stopping ball device
2025-04-12 19:17:15,168 : INFO : EventManager : Event: ======'mode_game_will_stop'====== Args={}
2025-04-12 19:17:15,168 : INFO : EventManager : Event: ======'mode_game_stopping'====== Args={}
2025-04-12 19:17:15,169 : INFO : EventManager : Event: ======'mode_base_will_stop'====== Args={}
2025-04-12 19:17:15,169 : INFO : EventManager : Event: ======'mode_base_stopping'====== Args={}
2025-04-12 19:17:15,169 : INFO : EventManager : Event: ======'mode_mode_switcher_will_stop'====== Args={}
2025-04-12 19:17:15,169 : INFO : EventManager : Event: ======'mode_mode_switcher_stopping'====== Args={}
2025-04-12 19:17:15,169 : INFO : Mode.mode_switcher : Stopped.
2025-04-12 19:17:15,169 : INFO : EventManager : Event: ======'modes_active_modes_changed'====== Args={}
2025-04-12 19:17:15,169 : INFO : EventManager : Event: ======'mode_mode_switcher_stopped'====== Args={}
2025-04-12 19:17:15,169 : INFO : EventManager : Event: ======'clear'====== Args={'key': 'mode_switcher'}
2025-04-12 19:17:15,169 : INFO : Mode.base : Stopped.
2025-04-12 19:17:15,171 : INFO : EventManager : Event: ======'modes_active_modes_changed'====== Args={}
2025-04-12 19:17:15,171 : INFO : EventManager : Event: ======'mode_base_stopped'====== Args={}
2025-04-12 19:17:15,171 : INFO : EventManager : Event: ======'clear'====== Args={'key': 'base'}
2025-04-12 19:17:15,171 : INFO : Timer.mode_timer : Stopping Timer
2025-04-12 19:17:15,171 : INFO : EventManager : Event: ======'timer_mode_timer_stopped'====== Args={'ticks': 60, 'ticks_remaining': 0}
2025-04-12 19:17:15,171 : INFO : Mode.game : Stopped.
2025-04-12 19:17:15,171 : INFO : EventManager : Event: ======'modes_active_modes_changed'====== Args={}
2025-04-12 19:17:15,171 : INFO : EventManager : Event: ======'mode_game_stopped'====== Args={}
2025-04-12 19:17:15,172 : INFO : EventManager : Event: ======'clear'====== Args={'key': 'game'}
2025-04-12 19:17:15,173 : DEBUG : ball_device.bd_ball_lock : Stopping ball device
2025-04-12 19:17:15,174 : DEBUG : ball_device.bd_mode : Stopping ball device
2025-04-12 19:17:15,267 : DEBUG : FAST [NET] : Stop called on serial connection NET
2025-04-12 19:17:15,270 : INFO : root : MPF run loop ended.
