2025-04-17 15:14:36,163 : INFO : root : Loading config.
2025-04-17 15:14:36,168 : INFO : YamlMultifileConfigLoader : Machine config file #1: config.yaml
2025-04-17 15:14:36,169 : INFO : ConfigProcessor : Loading config from cache: C:\Users\homebrew\AppData\Local\Temp\1ab83842b7c8ed7e1902272067ddcd2b.mpf_cache
2025-04-17 15:14:36,325 : INFO : ConfigProcessor : Loading config from cache: C:\Users\homebrew\AppData\Local\Temp\163fd46608d3c9469758c6512b5a030d.mpf_cache
2025-04-17 15:14:36,325 : INFO : ConfigProcessor : Loading config from cache: C:\Users\homebrew\AppData\Local\Temp\93e42568b1004e720dbdafbb285adaaa.mpf_cache
2025-04-17 15:14:36,331 : INFO : ConfigProcessor : Loading config from cache: C:\Users\homebrew\AppData\Local\Temp\5ffb3999d6de3e1d452090655c82bf2a.mpf_cache
2025-04-17 15:14:36,331 : INFO : ConfigProcessor : Loading config from cache: C:\Users\homebrew\AppData\Local\Temp\163fd46608d3c9469758c6512b5a030d.mpf_cache
2025-04-17 15:14:36,333 : INFO : ConfigProcessor : Loading config from cache: C:\Users\homebrew\AppData\Local\Temp\93e42568b1004e720dbdafbb285adaaa.mpf_cache
2025-04-17 15:14:36,333 : INFO : ConfigProcessor : Loading config from cache: C:\Users\homebrew\AppData\Local\Temp\8c668df6a84f4edcfda2189b877084c6.mpf_cache
2025-04-17 15:14:36,333 : INFO : ConfigProcessor : Loading config from cache: C:\Users\homebrew\AppData\Local\Temp\81d0f34cbd4c6d61cd4dad95e5100b6a.mpf_cache
2025-04-17 15:14:36,333 : INFO : ConfigProcessor : Loading config from cache: C:\Users\homebrew\AppData\Local\Temp\a714899e94406dd1f47e6e9bddbe0fef.mpf_cache
2025-04-17 15:14:36,333 : INFO : ConfigProcessor : Loading config from cache: C:\Users\homebrew\AppData\Local\Temp\fda2b21e4ff4c8a0b48d4f712bf7675f.mpf_cache
2025-04-17 15:14:36,336 : INFO : ConfigProcessor : Loading config from cache: C:\Users\homebrew\AppData\Local\Temp\49c1bb27bb76c6488cf72d0e1887aaaa.mpf_cache
2025-04-17 15:14:36,336 : INFO : ConfigProcessor : Loading config from cache: C:\Users\homebrew\AppData\Local\Temp\eb740da6f3772dcfe6d89e142f4972f9.mpf_cache
2025-04-17 15:14:36,337 : INFO : ConfigProcessor : Loading config from cache: C:\Users\homebrew\AppData\Local\Temp\8e53cff45209557b74353625b1fb9c7d.mpf_cache
2025-04-17 15:14:36,338 : INFO : ConfigProcessor : Loading config from cache: C:\Users\homebrew\AppData\Local\Temp\75ead186cfb0eee4579e59d5d273b950.mpf_cache
2025-04-17 15:14:36,338 : INFO : ConfigProcessor : Loading config from cache: C:\Users\homebrew\AppData\Local\Temp\46ee3106793b7c66df6b24732de735de.mpf_cache
2025-04-17 15:14:36,338 : INFO : ConfigProcessor : Loading config from cache: C:\Users\homebrew\AppData\Local\Temp\a6f0737b5bca2a955dd9d538ee17b581.mpf_cache
2025-04-17 15:14:36,338 : INFO : ConfigProcessor : Loading config from cache: C:\Users\homebrew\AppData\Local\Temp\72ccc58689b118af298151666e9c5198.mpf_cache
2025-04-17 15:14:36,338 : INFO : ConfigProcessor : Loading config from cache: C:\Users\homebrew\AppData\Local\Temp\082c9c49689a7facf0c58e67d77b7f58.mpf_cache
2025-04-17 15:14:36,338 : WARNING : ConfigProcessor : Config file in cache changed: C:\Users\homebrew\Documents\GitHub\Thing_Pinball\modes\main_gameplay\config\main_gameplay.yaml
2025-04-17 15:14:36,338 : INFO : ConfigProcessor : Loading config from file C:\Users\homebrew\Documents\GitHub\Thing_Pinball\modes\main_gameplay\config\main_gameplay.yaml.
2025-04-17 15:14:36,356 : INFO : ConfigProcessor : Loading config: C:\Users\homebrew\Documents\GitHub\Thing_Pinball\modes\main_gameplay\config\main_gameplay.yaml
2025-04-17 15:14:36,365 : INFO : ConfigProcessor : Config file cache created: C:\Users\homebrew\AppData\Local\Temp\2434cc9ce8e8591814d01ea8cfde3595.mpf_cache
2025-04-17 15:14:36,368 : INFO : Machine : Mission Pinball Framework Core Engine v0.80.0.dev4
2025-04-17 15:14:36,368 : INFO : Machine : Command line arguments: {'no_load_cache': False, 'create_config_cache': True, 'bcp': False, 'configfile': ['config.yaml'], 'force_assets_load': False, 'platform_integration_test': False, 'jsonlogging': False, 'logfile': 'logs\\2025-04-17-15-14-36-mpf-mpf.log', 'pause': False, 'production': False, 'text_ui': False, 'loglevel': 15, 'consoleloglevel': 20, 'force_platform': None, 'syslog_address': None, 'mc_file_name': None, 'no_sound': False, 'full_logfile_path': 'C:\\Users\\homebrew\\Documents\\GitHub\\Thing_Pinball\\logs\\2025-04-17-15-14-36-mpf-mpf.log'}
2025-04-17 15:14:36,368 : INFO : Machine : MPF path: C:\Users\homebrew\AppData\Local\Programs\Python\Python312\Lib\site-packages\mpf
2025-04-17 15:14:36,368 : INFO : Machine : Machine path: C:\Users\homebrew\Documents\GitHub\Thing_Pinball
2025-04-17 15:14:36,368 : INFO : Machine : Platform: win32
2025-04-17 15:14:36,368 : INFO : Machine : Python executable location: C:\Users\homebrew\AppData\Local\Programs\Python\Python312\python.exe
2025-04-17 15:14:36,368 : INFO : Machine : Python version: 3.12.3 (64-bit)
2025-04-17 15:14:36,369 : INFO : Machine : Initializing MPF...
2025-04-17 15:14:36,515 : INFO : FAST [NET] : Trying to connect to com4 at 921600bps
2025-04-17 15:14:36,516 : INFO : FAST [NET] : Connected to com4 at 921600bps
2025-04-17 15:14:36,525 : INFO : FAST [NET] : Connected to FP-CPU-2000 with firmware v02.21
2025-04-17 15:14:36,538 : INFO : FAST [NET] : Registered I/O Board 0: Model: FP-I/O-0024, Firmware: 01.10, Switches: 24, Drivers: 8
2025-04-17 15:14:36,545 : INFO : FAST [NET] : Registered I/O Board 1: Model: FP-I/O-3208, Firmware: 01.10, Switches: 32, Drivers: 8
2025-04-17 15:14:36,551 : INFO : FAST [NET] : Registered I/O Board 2: Model: FP-I/O-0804, Firmware: 01.10, Switches: 8, Drivers: 4
2025-04-17 15:14:36,565 : INFO : FAST [NET] : Registered I/O Board 3: Model: FP-I/O-0804, Firmware: 01.10, Switches: 8, Drivers: 4
2025-04-17 15:14:36,566 : INFO : EventManager : Event: ======'machine_var_credits_string'====== Args={'value': 'FREE PLAY', 'prev_value': None, 'change': True}
2025-04-17 15:14:36,612 : INFO : EventManager : Event: ======'machine_var_game_mode_ball_lock_complete'====== Args={'value': 0, 'prev_value': None, 'change': True}
2025-04-17 15:14:36,612 : INFO : EventManager : Event: ======'machine_var_game_mode_blood_test_complete'====== Args={'value': 0, 'prev_value': None, 'change': True}
2025-04-17 15:14:36,612 : INFO : EventManager : Event: ======'machine_var_game_mode_discovery_complete'====== Args={'value': 0, 'prev_value': None, 'change': True}
2025-04-17 15:14:36,612 : INFO : EventManager : Event: ======'machine_var_game_mode_dog_hunt_complete'====== Args={'value': 1, 'prev_value': None, 'change': True}
2025-04-17 15:14:36,612 : INFO : EventManager : Event: ======'machine_var_game_mode_infected_complete'====== Args={'value': 0, 'prev_value': None, 'change': True}
2025-04-17 15:14:36,612 : INFO : EventManager : Event: ======'machine_var_game_mode_multiball_complete'====== Args={'value': 0, 'prev_value': None, 'change': True}
2025-04-17 15:14:36,612 : INFO : EventManager : Event: ======'machine_var_game_mode_spider_head_complete'====== Args={'value': 0, 'prev_value': None, 'change': True}
2025-04-17 15:14:36,612 : INFO : EventManager : Event: ======'machine_var_game_mode_wizard_complete'====== Args={'value': 0, 'prev_value': None, 'change': True}
2025-04-17 15:14:36,612 : INFO : EventManager : Event: ======'machine_var_master_volume'====== Args={'value': 0.5, 'prev_value': None, 'change': True}
2025-04-17 15:14:36,612 : INFO : EventManager : Event: ======'machine_var_mpf_version'====== Args={'value': 'Mission Pinball Framework v0.80.0.dev4', 'prev_value': None, 'change': True}
2025-04-17 15:14:36,613 : INFO : EventManager : Event: ======'machine_var_mpf_extended_version'====== Args={'value': 'Mission Pinball Framework v0.80.0.dev4, Config version:6, Show version: 6, BCP version:1.1', 'prev_value': None, 'change': True}
2025-04-17 15:14:36,613 : INFO : EventManager : Event: ======'machine_var_python_version'====== Args={'value': '3.12.3', 'prev_value': None, 'change': True}
2025-04-17 15:14:36,841 : INFO : EventManager : Event: ======'machine_var_platform'====== Args={'value': 'Windows-11-10.0.26100-SP0', 'prev_value': None, 'change': True}
2025-04-17 15:14:36,841 : INFO : EventManager : Event: ======'machine_var_platform_system'====== Args={'value': 'Windows', 'prev_value': None, 'change': True}
2025-04-17 15:14:36,841 : INFO : EventManager : Event: ======'machine_var_platform_release'====== Args={'value': '11', 'prev_value': None, 'change': True}
2025-04-17 15:14:36,841 : INFO : EventManager : Event: ======'machine_var_platform_version'====== Args={'value': '10.0.26100', 'prev_value': None, 'change': True}
2025-04-17 15:14:36,841 : INFO : EventManager : Event: ======'machine_var_platform_machine'====== Args={'value': 'AMD64', 'prev_value': None, 'change': True}
2025-04-17 15:14:36,841 : INFO : EventManager : Event: ======'machine_var_log_file_path'====== Args={'value': 'C:\\Users\\homebrew\\Documents\\GitHub\\Thing_Pinball\\logs\\2025-04-17-15-14-36-mpf-mpf.log', 'prev_value': None, 'change': True}
2025-04-17 15:14:36,841 : INFO : EventManager : Event: ======'init_phase_1'====== Args={}
2025-04-17 15:14:36,906 : WARNING : ConfigValidator : Unrecognized config setting. "fast_coils:c_diverter:pwm_on_ms" is not a valid setting name.
2025-04-17 15:14:36,906 : WARNING : ConfigValidator : Unrecognized config setting. "fast_coils:c_diverter:pwm_off_ms" is not a valid setting name.
2025-04-17 15:14:36,906 : WARNING : ConfigValidator : Unrecognized config setting. "fast_coils:c_up_post:pwm_on_ms" is not a valid setting name.
2025-04-17 15:14:36,906 : WARNING : ConfigValidator : Unrecognized config setting. "fast_coils:c_up_post:pwm_off_ms" is not a valid setting name.
2025-04-17 15:14:36,906 : WARNING : ConfigValidator : Unrecognized config setting. "ball_holds:mode_vuk_hold:auto_release_after" is not a valid setting name.
2025-04-17 15:14:36,906 : WARNING : ConfigValidator : Unrecognized config setting. "timed_switches:mode_vuk_delayed_eject:state_when_released" is not a valid setting name.
2025-04-17 15:14:36,906 : WARNING : ConfigValidator : Unrecognized config setting. "mode:discovery:timers:discovery_timer:events_when_complete" is not a valid setting name.
2025-04-17 15:14:36,906 : WARNING : ConfigValidator : Unrecognized config setting. "mode:spider_head:timers:spider_head_timer:events_when_complete" is not a valid setting name.
2025-04-17 15:14:36,919 : WARNING : ConfigValidator : Unrecognized config setting. "mode:multiball:timers:multiball_jackpot_timer:events_when_complete" is not a valid setting name.
2025-04-17 15:14:36,920 : WARNING : ConfigValidator : Unrecognized config setting. "mode:multiball:timers:right_ramp_validity_timer:events_when_complete" is not a valid setting name.
2025-04-17 15:14:36,920 : WARNING : ConfigValidator : Unrecognized config setting. "mode:base:timers:mode_timer:events_when_complete" is not a valid setting name.
2025-04-17 15:14:36,922 : WARNING : ConfigValidator : Unrecognized config setting. "mode:dog_hunt:timers:dog_hunt_timer:events_when_complete" is not a valid setting name.
2025-04-17 15:14:36,922 : WARNING : ConfigValidator : Unrecognized config setting. "mode:infected:timers:infected_timer:events_when_complete" is not a valid setting name.
2025-04-17 15:14:36,922 : WARNING : ConfigValidator : Unrecognized config setting. "mode:wizard:timers:wizard_timer:events_when_complete" is not a valid setting name.
2025-04-17 15:14:36,922 : WARNING : ConfigValidator : Unrecognized config setting. "mode:blood_test:timers:blood_test_timer:events_when_complete" is not a valid setting name.
2025-04-17 15:14:36,924 : WARNING : ConfigValidator : Unrecognized config setting. "mode:main_gameplay:shots:dog_hunt_qualify:switch_sequence" is not a valid setting name.
2025-04-17 15:14:36,924 : WARNING : ConfigValidator : Unrecognized config setting. "mode:main_gameplay:shots:dog_hunt_qualify:sequence_type" is not a valid setting name.
2025-04-17 15:14:36,924 : WARNING : ConfigValidator : Unrecognized config setting. "mode:main_gameplay:shots:dog_hunt_qualify:events_when_complete" is not a valid setting name.
2025-04-17 15:14:36,924 : WARNING : ConfigValidator : Unrecognized config setting. "mode:main_gameplay:shots:spider_head_qualify:switch_sequence" is not a valid setting name.
2025-04-17 15:14:36,924 : WARNING : ConfigValidator : Unrecognized config setting. "mode:main_gameplay:shots:spider_head_qualify:sequence_type" is not a valid setting name.
2025-04-17 15:14:36,924 : WARNING : ConfigValidator : Unrecognized config setting. "mode:main_gameplay:shots:spider_head_qualify:repeat" is not a valid setting name.
2025-04-17 15:14:36,924 : WARNING : ConfigValidator : Unrecognized config setting. "mode:main_gameplay:shots:spider_head_qualify:events_when_complete" is not a valid setting name.
2025-04-17 15:14:36,924 : WARNING : ConfigValidator : Unrecognized config setting. "mode:main_gameplay:shots:infected_qualify:switch_sequence" is not a valid setting name.
2025-04-17 15:14:36,924 : WARNING : ConfigValidator : Unrecognized config setting. "mode:main_gameplay:shots:infected_qualify:sequence_type" is not a valid setting name.
2025-04-17 15:14:36,924 : WARNING : ConfigValidator : Unrecognized config setting. "mode:main_gameplay:shots:infected_qualify:repeat" is not a valid setting name.
2025-04-17 15:14:36,924 : WARNING : ConfigValidator : Unrecognized config setting. "mode:main_gameplay:shots:infected_qualify:events_when_complete" is not a valid setting name.
2025-04-17 15:14:36,924 : WARNING : ConfigValidator : Unrecognized config setting. "mode:main_gameplay:shots:blood_test_qualify:switch_sequence" is not a valid setting name.
2025-04-17 15:14:36,924 : WARNING : ConfigValidator : Unrecognized config setting. "mode:main_gameplay:shots:blood_test_qualify:sequence_type" is not a valid setting name.
2025-04-17 15:14:36,924 : WARNING : ConfigValidator : Unrecognized config setting. "mode:main_gameplay:shots:blood_test_qualify:repeat" is not a valid setting name.
2025-04-17 15:14:36,924 : WARNING : ConfigValidator : Unrecognized config setting. "mode:main_gameplay:shots:blood_test_qualify:events_when_complete" is not a valid setting name.
2025-04-17 15:14:36,924 : WARNING : ConfigValidator : Unrecognized config setting. "mode:main_gameplay:shots:discovery_qualify:switch_sequence" is not a valid setting name.
2025-04-17 15:14:36,924 : WARNING : ConfigValidator : Unrecognized config setting. "mode:main_gameplay:shots:discovery_qualify:sequence_type" is not a valid setting name.
2025-04-17 15:14:36,924 : WARNING : ConfigValidator : Unrecognized config setting. "mode:main_gameplay:shots:discovery_qualify:repeat" is not a valid setting name.
2025-04-17 15:14:36,924 : WARNING : ConfigValidator : Unrecognized config setting. "mode:main_gameplay:shots:discovery_qualify:events_when_complete" is not a valid setting name.
2025-04-17 15:14:36,924 : WARNING : ConfigValidator : Unrecognized config setting. "mode:main_gameplay:shots:wizard_qualify:switch_sequence" is not a valid setting name.
2025-04-17 15:14:36,924 : WARNING : ConfigValidator : Unrecognized config setting. "mode:main_gameplay:shots:wizard_qualify:sequence_type" is not a valid setting name.
2025-04-17 15:14:36,924 : WARNING : ConfigValidator : Unrecognized config setting. "mode:main_gameplay:shots:wizard_qualify:repeat" is not a valid setting name.
2025-04-17 15:14:36,924 : WARNING : ConfigValidator : Unrecognized config setting. "mode:main_gameplay:shots:wizard_qualify:events_when_complete" is not a valid setting name.
2025-04-17 15:14:36,924 : WARNING : ConfigValidator : Unrecognized config setting. "mode:ball_lock:multiball_locks:ball_lock:full_event" is not a valid setting name.
2025-04-17 15:14:36,924 : WARNING : ConfigValidator : Unrecognized config setting. "mode:ball_lock:multiball_locks:ball_lock:replace_balls_in_play" is not a valid setting name.
2025-04-17 15:14:36,933 : INFO : EventManager : Event: ======'drop_target_bank_vuk_bank_up'====== Args={}
2025-04-17 15:14:36,935 : INFO : EventManager : Event: ======'logicblock_spinner_value_updated'====== Args={'value': 0, 'enabled': False}
2025-04-17 15:14:36,935 : INFO : EventManager : Event: ======'logicblock_newton_hit_counter_updated'====== Args={'value': 0, 'enabled': False}
2025-04-17 15:14:36,935 : INFO : EventManager : Event: ======'logicblock_diverter_pattern_updated'====== Args={'value': 0, 'enabled': False}
2025-04-17 15:14:36,935 : INFO : EventManager : Event: ======'logicblock_blood_target_counter_updated'====== Args={'value': 0, 'enabled': False}
2025-04-17 15:14:39,270 : WARNING : Machine : Iterating device collections directly is deprecated and will be removed. Access by value(): device_collections[switches] -> device_collections['switches'].values()
2025-04-17 15:14:39,270 : INFO : SwitchController : <<<<<<< 's_trough_6' active >>>>>>>
2025-04-17 15:14:39,270 : INFO : SwitchController : <<<<<<< 's_trough_7' active >>>>>>>
2025-04-17 15:14:39,270 : INFO : SwitchController : <<<<<<< 's_trough_ball' active >>>>>>>
2025-04-17 15:14:39,270 : INFO : SwitchController : <<<<<<< 's_newton_opto_made' active >>>>>>>
2025-04-17 15:14:39,270 : INFO : SwitchController : <<<<<<< 's_start_button' active >>>>>>>
2025-04-17 15:14:39,270 : WARNING : ConfigValidator : Unrecognized config setting. "coil_player:enable_ms" is not a valid setting name.
2025-04-17 15:14:39,272 : WARNING : ConfigValidator : Unrecognized config setting. "coil_player:enable_ms" is not a valid setting name.
2025-04-17 15:14:39,272 : INFO : EventManager : Event: ======'init_phase_2'====== Args={}
2025-04-17 15:14:39,272 : INFO : SwitchController : Found active switch: (37, [FAST Platform Interface]) <switch.s_trough_6>
2025-04-17 15:14:39,272 : INFO : SwitchController : Found active switch: (38, [FAST Platform Interface]) <switch.s_trough_7>
2025-04-17 15:14:39,272 : INFO : SwitchController : Found active switch: (51, [FAST Platform Interface]) <switch.s_trough_ball>
2025-04-17 15:14:39,272 : INFO : SwitchController : Found active switch: (45, [FAST Platform Interface]) <switch.s_newton_opto_made>
2025-04-17 15:14:39,272 : INFO : SwitchController : Found active switch: (10, [FAST Platform Interface]) <switch.s_start_button>
2025-04-17 15:14:39,272 : WARNING : ConfigValidator : Unrecognized config setting. "slide_player:widgets" is not a valid setting name.
2025-04-17 15:14:39,272 : WARNING : ConfigValidator : Unrecognized config setting. "slide_player:widgets" is not a valid setting name.
2025-04-17 15:14:39,272 : WARNING : ConfigValidator : Unrecognized config setting. "slide_player:widgets" is not a valid setting name.
2025-04-17 15:14:39,272 : WARNING : ConfigValidator : Unrecognized config setting. "slide_player:widgets" is not a valid setting name.
2025-04-17 15:14:39,272 : WARNING : ConfigValidator : Unrecognized config setting. "slide_player:widgets" is not a valid setting name.
2025-04-17 15:14:39,272 : WARNING : ConfigValidator : Unrecognized config setting. "slide_player:widgets" is not a valid setting name.
2025-04-17 15:14:39,272 : WARNING : ConfigValidator : Unrecognized config setting. "slide_player:widgets" is not a valid setting name.
2025-04-17 15:14:39,272 : WARNING : ConfigValidator : Unrecognized config setting. "slide_player:widgets" is not a valid setting name.
2025-04-17 15:14:39,272 : WARNING : ConfigValidator : Unrecognized config setting. "slide_player:widgets" is not a valid setting name.
2025-04-17 15:14:39,272 : WARNING : ConfigValidator : Unrecognized config setting. "slide_player:widgets" is not a valid setting name.
2025-04-17 15:14:39,272 : WARNING : ConfigValidator : Unrecognized config setting. "slide_player:widgets" is not a valid setting name.
2025-04-17 15:14:39,272 : WARNING : ConfigValidator : Unrecognized config setting. "slide_player:widgets" is not a valid setting name.
2025-04-17 15:14:39,272 : WARNING : ConfigValidator : Unrecognized config setting. "slide_player:widgets" is not a valid setting name.
2025-04-17 15:14:39,272 : WARNING : ConfigValidator : Unrecognized config setting. "slide_player:widgets" is not a valid setting name.
2025-04-17 15:14:39,272 : WARNING : ConfigValidator : Unrecognized config setting. "slide_player:widgets" is not a valid setting name.
2025-04-17 15:14:39,272 : WARNING : ConfigValidator : Unrecognized config setting. "slide_player:widgets" is not a valid setting name.
2025-04-17 15:14:39,272 : WARNING : ConfigValidator : Unrecognized config setting. "slide_player:widgets" is not a valid setting name.
2025-04-17 15:14:39,272 : WARNING : ConfigValidator : Unrecognized config setting. "slide_player:widgets" is not a valid setting name.
2025-04-17 15:14:39,272 : WARNING : ConfigValidator : Unrecognized config setting. "slide_player:widgets" is not a valid setting name.
2025-04-17 15:14:39,294 : WARNING : ConfigValidator : Unrecognized config setting. "high_score:events_when_complete" is not a valid setting name.
2025-04-17 15:14:39,294 : INFO : EventManager : Event: ======'machine_var_score1_label'====== Args={'value': 'GRAND CHAMPION', 'prev_value': None, 'change': True}
2025-04-17 15:14:39,294 : INFO : EventManager : Event: ======'machine_var_score1_name'====== Args={'value': 'THING', 'prev_value': None, 'change': True}
2025-04-17 15:14:39,294 : INFO : EventManager : Event: ======'machine_var_score1_value'====== Args={'value': 5000000, 'prev_value': None, 'change': True}
2025-04-17 15:14:39,294 : INFO : EventManager : Event: ======'machine_var_score2_label'====== Args={'value': 'HIGH SCORE 1', 'prev_value': None, 'change': True}
2025-04-17 15:14:39,294 : INFO : EventManager : Event: ======'machine_var_score2_name'====== Args={'value': 'MPF', 'prev_value': None, 'change': True}
2025-04-17 15:14:39,294 : INFO : EventManager : Event: ======'machine_var_score2_value'====== Args={'value': 4000000, 'prev_value': None, 'change': True}
2025-04-17 15:14:39,294 : INFO : EventManager : Event: ======'machine_var_score3_label'====== Args={'value': 'HIGH SCORE 2', 'prev_value': None, 'change': True}
2025-04-17 15:14:39,294 : INFO : EventManager : Event: ======'machine_var_score3_name'====== Args={'value': 'PINBALL', 'prev_value': None, 'change': True}
2025-04-17 15:14:39,294 : INFO : EventManager : Event: ======'machine_var_score3_value'====== Args={'value': 3000000, 'prev_value': None, 'change': True}
2025-04-17 15:14:39,294 : INFO : EventManager : Event: ======'machine_var_score4_label'====== Args={'value': 'HIGH SCORE 3', 'prev_value': None, 'change': True}
2025-04-17 15:14:39,294 : INFO : EventManager : Event: ======'machine_var_score4_name'====== Args={'value': 'WIZARD', 'prev_value': None, 'change': True}
2025-04-17 15:14:39,294 : INFO : EventManager : Event: ======'machine_var_score4_value'====== Args={'value': 2000000, 'prev_value': None, 'change': True}
2025-04-17 15:14:39,294 : INFO : EventManager : Event: ======'machine_var_score5_label'====== Args={'value': 'HIGH SCORE 4', 'prev_value': None, 'change': True}
2025-04-17 15:14:39,294 : INFO : EventManager : Event: ======'machine_var_score5_name'====== Args={'value': 'PLAYER', 'prev_value': None, 'change': True}
2025-04-17 15:14:39,294 : INFO : EventManager : Event: ======'machine_var_score5_value'====== Args={'value': 1000000, 'prev_value': None, 'change': True}
2025-04-17 15:14:39,768 : INFO : ball_device.bd_trough : BCH: Initial count: 3
2025-04-17 15:14:39,768 : INFO : ball_device.bd_trough : State: idle
2025-04-17 15:14:39,768 : INFO : ball_device.bd_shooter_lane : BCH: Initial count: 0
2025-04-17 15:14:39,768 : INFO : ball_device.bd_shooter_lane : State: idle
2025-04-17 15:14:39,768 : INFO : ball_device.bd_ball_lock : BCH: Initial count: 0
2025-04-17 15:14:39,768 : INFO : ball_device.bd_ball_lock : State: idle
2025-04-17 15:14:39,768 : INFO : ball_device.bd_mode : BCH: Initial count: 0
2025-04-17 15:14:39,768 : INFO : ball_device.bd_mode : State: idle
2025-04-17 15:14:39,800 : INFO : EventManager : Event: ======'init_phase_3'====== Args={}
2025-04-17 15:14:39,800 : INFO : EventManager : Event: ======'init_phase_4'====== Args={}
2025-04-17 15:14:39,800 : INFO : BallController : Initial balls found: 3
2025-04-17 15:14:39,800 : INFO : EventManager : Event: ======'machine_var_audits_events_game_ended'====== Args={'value': 0, 'prev_value': None, 'change': True}
2025-04-17 15:14:39,800 : INFO : EventManager : Event: ======'machine_var_audits_events_game_started'====== Args={'value': 561, 'prev_value': None, 'change': True}
2025-04-17 15:14:39,800 : INFO : EventManager : Event: ======'machine_var_audits_missing_switches_s_3bank_tgt_d'====== Args={'value': 1, 'prev_value': None, 'change': True}
2025-04-17 15:14:39,800 : INFO : EventManager : Event: ======'machine_var_audits_missing_switches_s_3bank_tgt_g'====== Args={'value': 1, 'prev_value': None, 'change': True}
2025-04-17 15:14:39,800 : INFO : EventManager : Event: ======'machine_var_audits_missing_switches_s_3bank_tgt_o'====== Args={'value': 1, 'prev_value': None, 'change': True}
2025-04-17 15:14:39,800 : INFO : EventManager : Event: ======'machine_var_audits_missing_switches_s_back_button'====== Args={'value': 125, 'prev_value': None, 'change': True}
2025-04-17 15:14:39,800 : INFO : EventManager : Event: ======'machine_var_audits_missing_switches_s_down_button'====== Args={'value': 125, 'prev_value': None, 'change': True}
2025-04-17 15:14:39,800 : INFO : EventManager : Event: ======'machine_var_audits_missing_switches_s_enter_button'====== Args={'value': 125, 'prev_value': None, 'change': True}
2025-04-17 15:14:39,800 : INFO : EventManager : Event: ======'machine_var_audits_missing_switches_s_inlane_left'====== Args={'value': 126, 'prev_value': None, 'change': True}
2025-04-17 15:14:39,800 : INFO : EventManager : Event: ======'machine_var_audits_missing_switches_s_inlane_right'====== Args={'value': 41, 'prev_value': None, 'change': True}
2025-04-17 15:14:39,800 : INFO : EventManager : Event: ======'machine_var_audits_missing_switches_s_launch'====== Args={'value': 6, 'prev_value': None, 'change': True}
2025-04-17 15:14:39,800 : INFO : EventManager : Event: ======'machine_var_audits_missing_switches_s_left_flipper'====== Args={'value': 363, 'prev_value': None, 'change': True}
2025-04-17 15:14:39,800 : INFO : EventManager : Event: ======'machine_var_audits_missing_switches_s_left_inlane'====== Args={'value': 6, 'prev_value': None, 'change': True}
2025-04-17 15:14:39,800 : INFO : EventManager : Event: ======'machine_var_audits_missing_switches_s_left_inner_lane'====== Args={'value': 357, 'prev_value': None, 'change': True}
2025-04-17 15:14:39,800 : INFO : EventManager : Event: ======'machine_var_audits_missing_switches_s_left_outer_lane'====== Args={'value': 153, 'prev_value': None, 'change': True}
2025-04-17 15:14:39,800 : INFO : EventManager : Event: ======'machine_var_audits_missing_switches_s_left_outlane'====== Args={'value': 6, 'prev_value': None, 'change': True}
2025-04-17 15:14:39,800 : INFO : EventManager : Event: ======'machine_var_audits_missing_switches_s_left_ramp_entry_1'====== Args={'value': 15, 'prev_value': None, 'change': True}
2025-04-17 15:14:39,800 : INFO : EventManager : Event: ======'machine_var_audits_missing_switches_s_left_sling'====== Args={'value': 363, 'prev_value': None, 'change': True}
2025-04-17 15:14:39,800 : INFO : EventManager : Event: ======'machine_var_audits_missing_switches_s_left_slingshot'====== Args={'value': 32, 'prev_value': None, 'change': True}
2025-04-17 15:14:39,800 : INFO : EventManager : Event: ======'machine_var_audits_missing_switches_s_mead'====== Args={'value': 267, 'prev_value': None, 'change': True}
2025-04-17 15:14:39,800 : INFO : EventManager : Event: ======'machine_var_audits_missing_switches_s_newton_opto_made'====== Args={'value': 169, 'prev_value': None, 'change': True}
2025-04-17 15:14:39,800 : INFO : EventManager : Event: ======'machine_var_audits_missing_switches_s_outlane_left'====== Args={'value': 157, 'prev_value': None, 'change': True}
2025-04-17 15:14:39,800 : INFO : EventManager : Event: ======'machine_var_audits_missing_switches_s_outlane_right'====== Args={'value': 126, 'prev_value': None, 'change': True}
2025-04-17 15:14:39,800 : INFO : EventManager : Event: ======'machine_var_audits_missing_switches_s_percy'====== Args={'value': 85, 'prev_value': None, 'change': True}
2025-04-17 15:14:39,800 : INFO : EventManager : Event: ======'machine_var_audits_missing_switches_s_plunger'====== Args={'value': 363, 'prev_value': None, 'change': True}
2025-04-17 15:14:39,811 : INFO : EventManager : Event: ======'machine_var_audits_missing_switches_s_pop_bumper_1'====== Args={'value': 2, 'prev_value': None, 'change': True}
2025-04-17 15:14:39,811 : INFO : EventManager : Event: ======'machine_var_audits_missing_switches_s_pop_bumper_2'====== Args={'value': 2, 'prev_value': None, 'change': True}
2025-04-17 15:14:39,811 : INFO : EventManager : Event: ======'machine_var_audits_missing_switches_s_pop_bumper_3'====== Args={'value': 2, 'prev_value': None, 'change': True}
2025-04-17 15:14:39,811 : INFO : EventManager : Event: ======'machine_var_audits_missing_switches_s_right_flipper'====== Args={'value': 363, 'prev_value': None, 'change': True}
2025-04-17 15:14:39,811 : INFO : EventManager : Event: ======'machine_var_audits_missing_switches_s_right_inlane'====== Args={'value': 6, 'prev_value': None, 'change': True}
2025-04-17 15:14:39,811 : INFO : EventManager : Event: ======'machine_var_audits_missing_switches_s_right_inner_lane'====== Args={'value': 357, 'prev_value': None, 'change': True}
2025-04-17 15:14:39,811 : INFO : EventManager : Event: ======'machine_var_audits_missing_switches_s_right_outer_lane'====== Args={'value': 357, 'prev_value': None, 'change': True}
2025-04-17 15:14:39,811 : INFO : EventManager : Event: ======'machine_var_audits_missing_switches_s_right_outlane'====== Args={'value': 6, 'prev_value': None, 'change': True}
2025-04-17 15:14:39,811 : INFO : EventManager : Event: ======'machine_var_audits_missing_switches_s_right_sling'====== Args={'value': 363, 'prev_value': None, 'change': True}
2025-04-17 15:14:39,811 : INFO : EventManager : Event: ======'machine_var_audits_missing_switches_s_right_slingshot'====== Args={'value': 5, 'prev_value': None, 'change': True}
2025-04-17 15:14:39,811 : INFO : EventManager : Event: ======'machine_var_audits_missing_switches_s_scanlan'====== Args={'value': 204, 'prev_value': None, 'change': True}
2025-04-17 15:14:39,811 : INFO : EventManager : Event: ======'machine_var_audits_missing_switches_s_spinner'====== Args={'value': 1, 'prev_value': None, 'change': True}
2025-04-17 15:14:39,811 : INFO : EventManager : Event: ======'machine_var_audits_missing_switches_s_start'====== Args={'value': 6, 'prev_value': None, 'change': True}
2025-04-17 15:14:39,811 : INFO : EventManager : Event: ======'machine_var_audits_missing_switches_s_start_button'====== Args={'value': 126, 'prev_value': None, 'change': True}
2025-04-17 15:14:39,811 : INFO : EventManager : Event: ======'machine_var_audits_missing_switches_s_trough_1'====== Args={'value': 33, 'prev_value': None, 'change': True}
2025-04-17 15:14:39,811 : INFO : EventManager : Event: ======'machine_var_audits_missing_switches_s_trough_2'====== Args={'value': 21, 'prev_value': None, 'change': True}
2025-04-17 15:14:39,811 : INFO : EventManager : Event: ======'machine_var_audits_missing_switches_s_trough_3'====== Args={'value': 21, 'prev_value': None, 'change': True}
2025-04-17 15:14:39,811 : INFO : EventManager : Event: ======'machine_var_audits_missing_switches_s_trough_4'====== Args={'value': 21, 'prev_value': None, 'change': True}
2025-04-17 15:14:39,811 : INFO : EventManager : Event: ======'machine_var_audits_missing_switches_s_trough_5'====== Args={'value': 21, 'prev_value': None, 'change': True}
2025-04-17 15:14:39,811 : INFO : EventManager : Event: ======'machine_var_audits_missing_switches_s_trough_6'====== Args={'value': 21, 'prev_value': None, 'change': True}
2025-04-17 15:14:39,811 : INFO : EventManager : Event: ======'machine_var_audits_missing_switches_s_trough_ball_1'====== Args={'value': 363, 'prev_value': None, 'change': True}
2025-04-17 15:14:39,811 : INFO : EventManager : Event: ======'machine_var_audits_missing_switches_s_trough_ball_2'====== Args={'value': 363, 'prev_value': None, 'change': True}
2025-04-17 15:14:39,811 : INFO : EventManager : Event: ======'machine_var_audits_missing_switches_s_trough_ball_3'====== Args={'value': 363, 'prev_value': None, 'change': True}
2025-04-17 15:14:39,811 : INFO : EventManager : Event: ======'machine_var_audits_missing_switches_s_trough_ball_4'====== Args={'value': 278, 'prev_value': None, 'change': True}
2025-04-17 15:14:39,811 : INFO : EventManager : Event: ======'machine_var_audits_missing_switches_s_trough_ball_5'====== Args={'value': 363, 'prev_value': None, 'change': True}
2025-04-17 15:14:39,811 : INFO : EventManager : Event: ======'machine_var_audits_missing_switches_s_trough_ball_6'====== Args={'value': 95, 'prev_value': None, 'change': True}
2025-04-17 15:14:39,811 : INFO : EventManager : Event: ======'machine_var_audits_missing_switches_s_up_button'====== Args={'value': 125, 'prev_value': None, 'change': True}
2025-04-17 15:14:39,811 : INFO : EventManager : Event: ======'machine_var_audits_player_score'====== Args={'value': {'average': 0, 'top': [], 'total': 0}, 'prev_value': None, 'change': True}
2025-04-17 15:14:39,811 : INFO : EventManager : Event: ======'machine_var_audits_shots_mead_shot'====== Args={'value': 223, 'prev_value': None, 'change': True}
2025-04-17 15:14:39,811 : INFO : EventManager : Event: ======'machine_var_audits_shots_percy_shot'====== Args={'value': 56, 'prev_value': None, 'change': True}
2025-04-17 15:14:39,811 : INFO : EventManager : Event: ======'machine_var_audits_shots_scanlan_shot'====== Args={'value': 121, 'prev_value': None, 'change': True}
2025-04-17 15:14:39,811 : INFO : EventManager : Event: ======'machine_var_audits_shots_video_shot_1'====== Args={'value': 24, 'prev_value': None, 'change': True}
2025-04-17 15:14:39,811 : INFO : EventManager : Event: ======'machine_var_audits_shots_video_shot_2'====== Args={'value': 20, 'prev_value': None, 'change': True}
2025-04-17 15:14:39,811 : INFO : EventManager : Event: ======'machine_var_audits_switches_s_3bank_tgt_d'====== Args={'value': 60, 'prev_value': None, 'change': True}
2025-04-17 15:14:39,811 : INFO : EventManager : Event: ======'machine_var_audits_switches_s_3bank_tgt_g'====== Args={'value': 73, 'prev_value': None, 'change': True}
2025-04-17 15:14:39,811 : INFO : EventManager : Event: ======'machine_var_audits_switches_s_3bank_tgt_o'====== Args={'value': 65, 'prev_value': None, 'change': True}
2025-04-17 15:14:39,811 : INFO : EventManager : Event: ======'machine_var_audits_switches_s_auto_launcher'====== Args={'value': 0, 'prev_value': None, 'change': True}
2025-04-17 15:14:39,811 : INFO : EventManager : Event: ======'machine_var_audits_switches_s_back_button'====== Args={'value': 0, 'prev_value': None, 'change': True}
2025-04-17 15:14:39,811 : INFO : EventManager : Event: ======'machine_var_audits_switches_s_ball_drain'====== Args={'value': 0, 'prev_value': None, 'change': True}
2025-04-17 15:14:39,811 : INFO : EventManager : Event: ======'machine_var_audits_switches_s_ball_lock_1'====== Args={'value': 150, 'prev_value': None, 'change': True}
2025-04-17 15:14:39,811 : INFO : EventManager : Event: ======'machine_var_audits_switches_s_ball_lock_2'====== Args={'value': 132, 'prev_value': None, 'change': True}
2025-04-17 15:14:39,811 : INFO : EventManager : Event: ======'machine_var_audits_switches_s_ball_lock_3'====== Args={'value': 132, 'prev_value': None, 'change': True}
2025-04-17 15:14:39,811 : INFO : EventManager : Event: ======'machine_var_audits_switches_s_blood_target'====== Args={'value': 377, 'prev_value': None, 'change': True}
2025-04-17 15:14:39,811 : INFO : EventManager : Event: ======'machine_var_audits_switches_s_down_button'====== Args={'value': 0, 'prev_value': None, 'change': True}
2025-04-17 15:14:39,811 : INFO : EventManager : Event: ======'machine_var_audits_switches_s_enter_button'====== Args={'value': 0, 'prev_value': None, 'change': True}
2025-04-17 15:14:39,811 : INFO : EventManager : Event: ======'machine_var_audits_switches_s_inlane_left'====== Args={'value': 9, 'prev_value': None, 'change': True}
2025-04-17 15:14:39,811 : INFO : EventManager : Event: ======'machine_var_audits_switches_s_inlane_right'====== Args={'value': 22, 'prev_value': None, 'change': True}
2025-04-17 15:14:39,811 : INFO : EventManager : Event: ======'machine_var_audits_switches_s_launch'====== Args={'value': 0, 'prev_value': None, 'change': True}
2025-04-17 15:14:39,811 : INFO : EventManager : Event: ======'machine_var_audits_switches_s_left_button_2'====== Args={'value': 243, 'prev_value': None, 'change': True}
2025-04-17 15:14:39,813 : INFO : EventManager : Event: ======'machine_var_audits_switches_s_left_flipper'====== Args={'value': 36, 'prev_value': None, 'change': True}
2025-04-17 15:14:39,813 : INFO : EventManager : Event: ======'machine_var_audits_switches_s_left_flipper_button'====== Args={'value': 233, 'prev_value': None, 'change': True}
2025-04-17 15:14:39,813 : INFO : EventManager : Event: ======'machine_var_audits_switches_s_left_flipper_eos'====== Args={'value': 212, 'prev_value': None, 'change': True}
2025-04-17 15:14:39,813 : INFO : EventManager : Event: ======'machine_var_audits_switches_s_left_inlane'====== Args={'value': 0, 'prev_value': None, 'change': True}
2025-04-17 15:14:39,813 : INFO : EventManager : Event: ======'machine_var_audits_switches_s_left_inner_lane'====== Args={'value': 0, 'prev_value': None, 'change': True}
2025-04-17 15:14:39,813 : INFO : EventManager : Event: ======'machine_var_audits_switches_s_left_outer_lane'====== Args={'value': 0, 'prev_value': None, 'change': True}
2025-04-17 15:14:39,813 : INFO : EventManager : Event: ======'machine_var_audits_switches_s_left_outlane'====== Args={'value': 0, 'prev_value': None, 'change': True}
2025-04-17 15:14:39,813 : INFO : EventManager : Event: ======'machine_var_audits_switches_s_left_ramp_entry_1'====== Args={'value': 1064, 'prev_value': None, 'change': True}
2025-04-17 15:14:39,813 : INFO : EventManager : Event: ======'machine_var_audits_switches_s_left_sling'====== Args={'value': 7, 'prev_value': None, 'change': True}
2025-04-17 15:14:39,813 : INFO : EventManager : Event: ======'machine_var_audits_switches_s_left_slingshot'====== Args={'value': 13, 'prev_value': None, 'change': True}
2025-04-17 15:14:39,813 : INFO : EventManager : Event: ======'machine_var_audits_switches_s_mead'====== Args={'value': 0, 'prev_value': None, 'change': True}
2025-04-17 15:14:39,813 : INFO : EventManager : Event: ======'machine_var_audits_switches_s_mode_opto'====== Args={'value': 162, 'prev_value': None, 'change': True}
2025-04-17 15:14:39,813 : INFO : EventManager : Event: ======'machine_var_audits_switches_s_newton_opto_made'====== Args={'value': 2, 'prev_value': None, 'change': True}
2025-04-17 15:14:39,813 : INFO : EventManager : Event: ======'machine_var_audits_switches_s_outlane_left'====== Args={'value': 3, 'prev_value': None, 'change': True}
2025-04-17 15:14:39,813 : INFO : EventManager : Event: ======'machine_var_audits_switches_s_outlane_right'====== Args={'value': 6, 'prev_value': None, 'change': True}
2025-04-17 15:14:39,813 : INFO : EventManager : Event: ======'machine_var_audits_switches_s_percy'====== Args={'value': 0, 'prev_value': None, 'change': True}
2025-04-17 15:14:39,813 : INFO : EventManager : Event: ======'machine_var_audits_switches_s_plunger'====== Args={'value': 9, 'prev_value': None, 'change': True}
2025-04-17 15:14:39,813 : INFO : EventManager : Event: ======'machine_var_audits_switches_s_pop_bumper_1'====== Args={'value': 63, 'prev_value': None, 'change': True}
2025-04-17 15:14:39,813 : INFO : EventManager : Event: ======'machine_var_audits_switches_s_pop_bumper_2'====== Args={'value': 40, 'prev_value': None, 'change': True}
2025-04-17 15:14:39,813 : INFO : EventManager : Event: ======'machine_var_audits_switches_s_pop_bumper_3'====== Args={'value': 47, 'prev_value': None, 'change': True}
2025-04-17 15:14:39,813 : INFO : EventManager : Event: ======'machine_var_audits_switches_s_ramp_up_1'====== Args={'value': 197, 'prev_value': None, 'change': True}
2025-04-17 15:14:39,813 : INFO : EventManager : Event: ======'machine_var_audits_switches_s_right_button_2'====== Args={'value': 66, 'prev_value': None, 'change': True}
2025-04-17 15:14:39,813 : INFO : EventManager : Event: ======'machine_var_audits_switches_s_right_flipper'====== Args={'value': 131, 'prev_value': None, 'change': True}
2025-04-17 15:14:39,813 : INFO : EventManager : Event: ======'machine_var_audits_switches_s_right_flipper_button'====== Args={'value': 64, 'prev_value': None, 'change': True}
2025-04-17 15:14:39,813 : INFO : EventManager : Event: ======'machine_var_audits_switches_s_right_flipper_eos'====== Args={'value': 60, 'prev_value': None, 'change': True}
2025-04-17 15:14:39,813 : INFO : EventManager : Event: ======'machine_var_audits_switches_s_right_inlane'====== Args={'value': 0, 'prev_value': None, 'change': True}
2025-04-17 15:14:39,813 : INFO : EventManager : Event: ======'machine_var_audits_switches_s_right_inner_lane'====== Args={'value': 0, 'prev_value': None, 'change': True}
2025-04-17 15:14:39,813 : INFO : EventManager : Event: ======'machine_var_audits_switches_s_right_orbit_1'====== Args={'value': 100, 'prev_value': None, 'change': True}
2025-04-17 15:14:39,813 : INFO : EventManager : Event: ======'machine_var_audits_switches_s_right_outer_lane'====== Args={'value': 0, 'prev_value': None, 'change': True}
2025-04-17 15:14:39,813 : INFO : EventManager : Event: ======'machine_var_audits_switches_s_right_outlane'====== Args={'value': 0, 'prev_value': None, 'change': True}
2025-04-17 15:14:39,813 : INFO : EventManager : Event: ======'machine_var_audits_switches_s_right_ramp_entry_1'====== Args={'value': 107, 'prev_value': None, 'change': True}
2025-04-17 15:14:39,813 : INFO : EventManager : Event: ======'machine_var_audits_switches_s_right_sling'====== Args={'value': 3, 'prev_value': None, 'change': True}
2025-04-17 15:14:39,813 : INFO : EventManager : Event: ======'machine_var_audits_switches_s_right_slingshot'====== Args={'value': 25, 'prev_value': None, 'change': True}
2025-04-17 15:14:39,813 : INFO : EventManager : Event: ======'machine_var_audits_switches_s_scanlan'====== Args={'value': 0, 'prev_value': None, 'change': True}
2025-04-17 15:14:39,813 : INFO : EventManager : Event: ======'machine_var_audits_switches_s_shooter_lane'====== Args={'value': 260, 'prev_value': None, 'change': True}
2025-04-17 15:14:39,813 : INFO : EventManager : Event: ======'machine_var_audits_switches_s_spinner'====== Args={'value': 1458, 'prev_value': None, 'change': True}
2025-04-17 15:14:39,813 : INFO : EventManager : Event: ======'machine_var_audits_switches_s_start'====== Args={'value': 38, 'prev_value': None, 'change': True}
2025-04-17 15:14:39,813 : INFO : EventManager : Event: ======'machine_var_audits_switches_s_start_button'====== Args={'value': 4, 'prev_value': None, 'change': True}
2025-04-17 15:14:39,813 : INFO : EventManager : Event: ======'machine_var_audits_switches_s_switch_2'====== Args={'value': 0, 'prev_value': None, 'change': True}
2025-04-17 15:14:39,813 : INFO : EventManager : Event: ======'machine_var_audits_switches_s_trough_1'====== Args={'value': 4, 'prev_value': None, 'change': True}
2025-04-17 15:14:39,813 : INFO : EventManager : Event: ======'machine_var_audits_switches_s_trough_2'====== Args={'value': 104, 'prev_value': None, 'change': True}
2025-04-17 15:14:39,813 : INFO : EventManager : Event: ======'machine_var_audits_switches_s_trough_3'====== Args={'value': 110, 'prev_value': None, 'change': True}
2025-04-17 15:14:39,813 : INFO : EventManager : Event: ======'machine_var_audits_switches_s_trough_4'====== Args={'value': 98, 'prev_value': None, 'change': True}
2025-04-17 15:14:39,813 : INFO : EventManager : Event: ======'machine_var_audits_switches_s_trough_5'====== Args={'value': 95, 'prev_value': None, 'change': True}
2025-04-17 15:14:39,813 : INFO : EventManager : Event: ======'machine_var_audits_switches_s_trough_6'====== Args={'value': 132, 'prev_value': None, 'change': True}
2025-04-17 15:14:39,813 : INFO : EventManager : Event: ======'machine_var_audits_switches_s_trough_7'====== Args={'value': 246, 'prev_value': None, 'change': True}
2025-04-17 15:14:39,813 : INFO : EventManager : Event: ======'machine_var_audits_switches_s_trough_ball'====== Args={'value': 284, 'prev_value': None, 'change': True}
2025-04-17 15:14:39,813 : INFO : EventManager : Event: ======'machine_var_audits_switches_s_trough_ball_1'====== Args={'value': 4, 'prev_value': None, 'change': True}
2025-04-17 15:14:39,813 : INFO : EventManager : Event: ======'machine_var_audits_switches_s_trough_ball_2'====== Args={'value': 4, 'prev_value': None, 'change': True}
2025-04-17 15:14:39,813 : INFO : EventManager : Event: ======'machine_var_audits_switches_s_trough_ball_3'====== Args={'value': 1, 'prev_value': None, 'change': True}
2025-04-17 15:14:39,813 : INFO : EventManager : Event: ======'machine_var_audits_switches_s_trough_ball_4'====== Args={'value': 0, 'prev_value': None, 'change': True}
2025-04-17 15:14:39,813 : INFO : EventManager : Event: ======'machine_var_audits_switches_s_trough_ball_5'====== Args={'value': 0, 'prev_value': None, 'change': True}
2025-04-17 15:14:39,813 : INFO : EventManager : Event: ======'machine_var_audits_switches_s_trough_ball_6'====== Args={'value': 1, 'prev_value': None, 'change': True}
2025-04-17 15:14:39,815 : INFO : EventManager : Event: ======'machine_var_audits_switches_s_trough_ball_jam'====== Args={'value': 314, 'prev_value': None, 'change': True}
2025-04-17 15:14:39,815 : INFO : EventManager : Event: ======'machine_var_audits_switches_s_trough_eject_coil'====== Args={'value': 0, 'prev_value': None, 'change': True}
2025-04-17 15:14:39,815 : INFO : EventManager : Event: ======'machine_var_audits_switches_s_up_button'====== Args={'value': 0, 'prev_value': None, 'change': True}
2025-04-17 15:14:39,815 : INFO : EventManager : Event: ======'init_phase_5'====== Args={}
2025-04-17 15:14:39,815 : INFO : EventManager : Event: ======'init_done'====== Args={}
2025-04-17 15:14:39,815 : INFO : EventManager : Event: ======'machine_reset_phase_1'====== Args={}
2025-04-17 15:14:39,815 : INFO : EventManager : Event: ======'machine_reset_phase_2'====== Args={}
2025-04-17 15:14:39,815 : INFO : EventManager : Event: ======'machine_reset_phase_3'====== Args={}
2025-04-17 15:14:39,815 : INFO : EventManager : Event: ======'mode_tilt_will_start'====== Args={'queue': <QueuedEvent>}
2025-04-17 15:14:39,815 : INFO : EventManager : Event: ======'mode_tilt_starting'====== Args={'queue': <QueuedEvent>}
2025-04-17 15:14:39,815 : INFO : EventManager : Event: ======'mode_attract_will_start'====== Args={'queue': <QueuedEvent>}
2025-04-17 15:14:39,815 : INFO : EventManager : Event: ======'mode_attract_starting'====== Args={'queue': <QueuedEvent>}
2025-04-17 15:14:39,815 : INFO : EventManager : Event: ======'diverter_diverter_deactivating'====== Args={}
2025-04-17 15:14:39,815 : INFO : coil.c_diverter : Disabling Driver
2025-04-17 15:14:39,815 : INFO : Mode.attract : Started. Priority: 10
2025-04-17 15:14:39,815 : INFO : EventManager : Event: ======'modes_active_modes_changed'====== Args={}
2025-04-17 15:14:39,815 : INFO : EventManager : Event: ======'mode_attract_started'====== Args={'queue': <QueuedEvent>}
2025-04-17 15:14:39,815 : INFO : Mode.tilt : Started. Priority: 1000000
2025-04-17 15:14:39,815 : INFO : EventManager : Event: ======'modes_active_modes_changed'====== Args={}
2025-04-17 15:14:39,815 : INFO : EventManager : Event: ======'mode_tilt_started'====== Args={'queue': <QueuedEvent>}
2025-04-17 15:14:39,815 : INFO : EventManager : Event: ======'reset_complete'====== Args={}
2025-04-17 15:14:39,819 : INFO : Machine : Starting the main run loop.
2025-04-17 15:14:50,155 : INFO : SwitchController : <<<<<<< 's_start_button' inactive >>>>>>>
2025-04-17 15:14:50,283 : INFO : SwitchController : <<<<<<< 's_start_button' active >>>>>>>
2025-04-17 15:14:50,283 : INFO : EventManager : Event: ======'s_start_button_active'====== Args={}
2025-04-17 15:14:50,283 : INFO : Mode.attract : Start button pressed. Starting game...
2025-04-17 15:14:50,283 : INFO : EventManager : Event: ======'request_to_start_game'====== Args={}
2025-04-17 15:14:50,283 : INFO : EventManager : Event: ======'game_start'====== Args={'priority': 0}
2025-04-17 15:14:50,283 : INFO : EventManager : Event: ======'mode_game_will_start'====== Args={'priority': 0}
2025-04-17 15:14:50,283 : INFO : EventManager : Event: ======'mode_game_starting'====== Args={'priority': 0}
2025-04-17 15:14:50,283 : INFO : EventManager : Event: ======'mode_attract_will_stop'====== Args={}
2025-04-17 15:14:50,283 : INFO : EventManager : Event: ======'mode_attract_stopping'====== Args={}
2025-04-17 15:14:50,283 : INFO : Mode.attract : Stopped.
2025-04-17 15:14:50,283 : INFO : EventManager : Event: ======'modes_active_modes_changed'====== Args={}
2025-04-17 15:14:50,283 : INFO : EventManager : Event: ======'mode_attract_stopped'====== Args={}
2025-04-17 15:14:50,283 : INFO : EventManager : Event: ======'clear'====== Args={'key': 'attract'}
2025-04-17 15:14:50,283 : INFO : Mode.game : Started. Priority: 20
2025-04-17 15:14:50,283 : INFO : EventManager : Event: ======'modes_active_modes_changed'====== Args={}
2025-04-17 15:14:50,283 : INFO : EventManager : Event: ======'mode_game_started'====== Args={'priority': 0}
2025-04-17 15:14:50,283 : INFO : EventManager : Event: ======'game_will_start'====== Args={}
2025-04-17 15:14:50,283 : INFO : EventManager : Event: ======'game_starting'====== Args={'game': <Mode.game>}
2025-04-17 15:14:50,283 : INFO : EventManager : Unordered handler for class <Auditor> on event game_ended with priority 1. Handlers: [RegisteredHandler(callback=<bound method Auditor.disable of <Auditor>>, priority=1, kwargs={}, key=UUID('22c3adcc-02bc-4171-af58-7b360618bedb'), condition=None, blocking_facility=None), RegisteredHandler(callback=<bound method Auditor._save_audits of <Auditor>>, priority=1, kwargs={}, key=UUID('686ac5d1-c9da-4416-9992-da5e39124636'), condition=None, blocking_facility=None)]. The order of those handlers is not defined and they will be executed in random order. This might lead to race conditions and potential bugs.
2025-04-17 15:14:50,283 : INFO : EventManager : Event: ======'player_add_request'====== Args={}
2025-04-17 15:14:50,291 : INFO : EventManager : Event: ======'player_will_add'====== Args={'number': 1}
2025-04-17 15:14:50,291 : INFO : EventManager : Event: ======'player_adding'====== Args={'player': <Player 1>, 'number': 1}
2025-04-17 15:14:50,291 : INFO : EventManager : Event: ======'player_added'====== Args={'player': <Player 1>, 'num': 1}
2025-04-17 15:14:50,291 : INFO : Mode.game : Player added successfully. Total players: 1
2025-04-17 15:14:50,291 : INFO : EventManager : Event: ======'player_index'====== Args={'value': 0, 'prev_value': 0, 'change': 0, 'player_num': 1}
2025-04-17 15:14:50,291 : INFO : EventManager : Event: ======'player_number'====== Args={'value': 1, 'prev_value': 1, 'change': 0, 'player_num': 1}
2025-04-17 15:14:50,291 : INFO : EventManager : Event: ======'player_score'====== Args={'value': 0, 'prev_value': 0, 'change': 0, 'player_num': 1}
2025-04-17 15:14:50,291 : INFO : EventManager : Event: ======'game_started'====== Args={}
2025-04-17 15:14:50,291 : INFO : drop_target_bank.vuk_bank : All targets are already up. Will not reset bank.
2025-04-17 15:14:50,291 : INFO : EventManager : Event: ======'setup_game_variables'====== Args={'priority': 0}
2025-04-17 15:14:50,291 : INFO : EventManager : Event: ======'player_turn_will_start'====== Args={'player': <Player 1>, 'number': 1}
2025-04-17 15:14:50,293 : INFO : EventManager : Event: ======'player_turn_starting'====== Args={'player': <Player 1>, 'number': 1}
2025-04-17 15:14:50,294 : INFO : EventManager : Event: ======'player_ball'====== Args={'value': 1, 'prev_value': 0, 'change': 1, 'player_num': 1}
2025-04-17 15:14:50,294 : INFO : EventManager : Event: ======'player_turn_started'====== Args={'player': <Player 1>, 'number': 1}
2025-04-17 15:14:50,294 : INFO : EventManager : Event: ======'ball_will_start'====== Args={'player': 1, 'ball': 1, 'balls_remaining': 2, 'is_extra_ball': False}
2025-04-17 15:14:50,294 : INFO : EventManager : Event: ======'ball_starting'====== Args={'player': 1, 'ball': 1, 'balls_remaining': 2, 'is_extra_ball': False}
2025-04-17 15:14:50,294 : INFO : EventManager : Event: ======'mode_base_will_start'====== Args={'queue': <QueuedEvent>, 'player': 1, 'ball': 1, 'balls_remaining': 2, 'is_extra_ball': False}
2025-04-17 15:14:50,294 : INFO : EventManager : Event: ======'player_base_mode_timer_tick'====== Args={'value': 60, 'prev_value': 0, 'change': 60, 'player_num': 1}
2025-04-17 15:14:50,299 : INFO : EventManager : Event: ======'mode_base_starting'====== Args={'queue': <QueuedEvent>, 'player': 1, 'ball': 1, 'balls_remaining': 2, 'is_extra_ball': False}
2025-04-17 15:14:50,299 : INFO : EventManager : Event: ======'mode_main_gameplay_will_start'====== Args={'queue': <QueuedEvent>, 'player': 1, 'ball': 1, 'balls_remaining': 2, 'is_extra_ball': False}
2025-04-17 15:14:50,299 : INFO : EventManager : Event: ======'player_shot_dog_hunt_qualify_enabled'====== Args={'value': True, 'prev_value': 0, 'change': 1, 'player_num': 1}
2025-04-17 15:14:50,299 : INFO : EventManager : Event: ======'player_shot_spider_head_qualify_enabled'====== Args={'value': True, 'prev_value': 0, 'change': 1, 'player_num': 1}
2025-04-17 15:14:50,301 : INFO : EventManager : Event: ======'player_shot_infected_qualify_enabled'====== Args={'value': True, 'prev_value': 0, 'change': 1, 'player_num': 1}
2025-04-17 15:14:50,301 : INFO : EventManager : Event: ======'player_shot_blood_test_qualify_enabled'====== Args={'value': True, 'prev_value': 0, 'change': 1, 'player_num': 1}
2025-04-17 15:14:50,301 : INFO : EventManager : Event: ======'player_shot_discovery_qualify_enabled'====== Args={'value': True, 'prev_value': 0, 'change': 1, 'player_num': 1}
2025-04-17 15:14:50,301 : INFO : EventManager : Event: ======'player_shot_wizard_qualify_enabled'====== Args={'value': True, 'prev_value': 0, 'change': 1, 'player_num': 1}
2025-04-17 15:14:50,301 : INFO : EventManager : Event: ======'mode_main_gameplay_starting'====== Args={'queue': <QueuedEvent>, 'player': 1, 'ball': 1, 'balls_remaining': 2, 'is_extra_ball': False}
2025-04-17 15:14:50,301 : INFO : EventManager : Event: ======'bd_trough_eject'====== Args={'priority': 0}
2025-04-17 15:14:50,303 : INFO : Mode.main_gameplay : Started. Priority: 100
2025-04-17 15:14:50,303 : INFO : EventManager : Event: ======'modes_active_modes_changed'====== Args={}
2025-04-17 15:14:50,303 : INFO : EventManager : Event: ======'mode_main_gameplay_started'====== Args={'queue': <QueuedEvent>, 'player': 1, 'ball': 1, 'balls_remaining': 2, 'is_extra_ball': False}
2025-04-17 15:14:50,303 : INFO : Mode.base : Started. Priority: 100
2025-04-17 15:14:50,303 : INFO : EventManager : Event: ======'modes_active_modes_changed'====== Args={}
2025-04-17 15:14:50,303 : INFO : EventManager : Event: ======'mode_base_started'====== Args={'queue': <QueuedEvent>, 'player': 1, 'ball': 1, 'balls_remaining': 2, 'is_extra_ball': False}
2025-04-17 15:14:50,303 : INFO : EventManager : Event: ======'balls_in_play'====== Args={'balls': 1}
2025-04-17 15:14:50,303 : INFO : EventManager : Event: ======'ball_started'====== Args={'player': 1, 'ball': 1, 'balls_remaining': 2, 'is_extra_ball': False}
2025-04-17 15:14:50,303 : INFO : EventManager : Event: ======'ball_save_ball_save_enabled'====== Args={}
2025-04-17 15:14:50,303 : INFO : EventManager : Event: ======'logicblock_spinner_value_updated'====== Args={'value': 0, 'enabled': True}
2025-04-17 15:14:50,303 : INFO : EventManager : Event: ======'logicblock_newton_hit_counter_updated'====== Args={'value': 0, 'enabled': True}
2025-04-17 15:14:50,303 : INFO : EventManager : Event: ======'logicblock_diverter_pattern_updated'====== Args={'value': 0, 'enabled': True}
2025-04-17 15:14:50,303 : INFO : EventManager : Event: ======'logicblock_blood_target_counter_updated'====== Args={'value': 0, 'enabled': True}
2025-04-17 15:14:50,303 : INFO : drop_target_bank.vuk_bank : All targets are already up. Will not reset bank.
2025-04-17 15:14:50,303 : INFO : EventManager : Event: ======'logicblock_blood_target_counter_updated'====== Args={'value': 0, 'enabled': True}
2025-04-17 15:14:50,303 : INFO : EventManager : Event: ======'logicblock_blood_target_counter_updated'====== Args={'value': 0, 'enabled': True}
2025-04-17 15:14:50,303 : INFO : EventManager : Event: ======'reset_player_shot_counters'====== Args={'priority': 0}
2025-04-17 15:14:50,303 : INFO : EventManager : Event: ======'pulse_upramp_on_start'====== Args={'priority': 0}
2025-04-17 15:14:50,303 : INFO : coil.c_upramp : Pulsing Driver for 30ms (1.0 pulse_power)
2025-04-17 15:14:50,305 : INFO : EventManager : Event: ======'single_player_ball_started'====== Args={}
2025-04-17 15:14:50,307 : INFO : EventManager : Event: ======'ball_start_target'====== Args={'target': 'playfield'}
2025-04-17 15:14:50,312 : INFO : ball_device.bd_shooter_lane : Setting up player-controlled eject. Balls: 1, Target: <playfield.playfield>, player_controlled_eject_event: None
2025-04-17 15:14:50,312 : INFO : EventManager : Event: ======'balldevice_balls_available'====== Args={}
2025-04-17 15:14:50,312 : INFO : ball_device.bd_trough : State: waiting_for_target_ready
2025-04-17 15:14:50,312 : INFO : EventManager : Event: ======'balldevice_bd_trough_ball_eject_attempt'====== Args={'balls': 1, 'target': <ball_device.bd_shooter_lane>, 'source': <ball_device.bd_trough>, 'mechanical_eject': True, 'num_attempts': 0}
2025-04-17 15:14:50,314 : INFO : ball_device.bd_shooter_lane : State: waiting_for_ball
2025-04-17 15:14:50,314 : INFO : ball_device.bd_trough : State: ejecting
2025-04-17 15:14:50,314 : INFO : ball_device.bd_trough : Ejecting ball to <ball_device.bd_shooter_lane>
2025-04-17 15:14:50,314 : INFO : EventManager : Event: ======'balldevice_bd_trough_ejecting_ball'====== Args={'balls': 1, 'target': <ball_device.bd_shooter_lane>, 'source': <ball_device.bd_trough>, 'mechanical_eject': True, 'num_attempts': 0}
2025-04-17 15:14:50,314 : INFO : ball_device.bd_trough : Wait for ball to leave device
2025-04-17 15:14:50,330 : INFO : coil.c_trough : Pulsing Driver for 25ms (1.0 pulse_power)
2025-04-17 15:14:50,346 : INFO : SwitchController : <<<<<<< 's_ramp_up_1' active >>>>>>>
2025-04-17 15:14:50,346 : INFO : EventManager : Event: ======'sw_playfield_active'====== Args={}
2025-04-17 15:14:50,346 : INFO : EventManager : Event: ======'machine_var_audits_switches_s_ramp_up_1'====== Args={'value': 198, 'prev_value': 197, 'change': 1}
2025-04-17 15:14:50,346 : INFO : EventManager : Event: ======'playfield_active'====== Args={'source': None}
2025-04-17 15:14:50,346 : INFO : EventManager : Event: ======'unexpected_ball_on_playfield'====== Args={}
2025-04-17 15:14:50,363 : INFO : SwitchController : <<<<<<< 's_ramp_up_1' inactive >>>>>>>
2025-04-17 15:14:50,363 : INFO : SwitchController : <<<<<<< 's_trough_ball_jam' active >>>>>>>
2025-04-17 15:14:50,363 : INFO : EventManager : Event: ======'machine_var_audits_switches_s_trough_ball_jam'====== Args={'value': 315, 'prev_value': 314, 'change': 1}
2025-04-17 15:14:50,378 : INFO : SwitchController : <<<<<<< 's_trough_ball_jam' inactive >>>>>>>
2025-04-17 15:14:50,378 : INFO : SwitchController : <<<<<<< 's_ramp_up_1' active >>>>>>>
2025-04-17 15:14:50,378 : INFO : EventManager : Event: ======'sw_playfield_active'====== Args={}
2025-04-17 15:14:50,378 : INFO : EventManager : Event: ======'machine_var_audits_switches_s_ramp_up_1'====== Args={'value': 199, 'prev_value': 198, 'change': 1}
2025-04-17 15:14:50,378 : INFO : EventManager : Event: ======'playfield_active'====== Args={'source': None}
2025-04-17 15:14:50,378 : INFO : EventManager : Event: ======'unexpected_ball_on_playfield'====== Args={}
2025-04-17 15:14:50,442 : INFO : SwitchController : <<<<<<< 's_trough_ball' inactive >>>>>>>
2025-04-17 15:14:50,442 : INFO : ball_device.bd_trough : State: ball_left
2025-04-17 15:14:50,442 : INFO : ball_device.bd_trough : Ball left
2025-04-17 15:14:50,442 : INFO : ball_device.bd_trough : Wait for confirm with timeout 3.0
2025-04-17 15:14:50,474 : INFO : SwitchController : <<<<<<< 's_trough_7' inactive >>>>>>>
2025-04-17 15:14:50,490 : INFO : SwitchController : <<<<<<< 's_trough_6' inactive >>>>>>>
2025-04-17 15:14:50,538 : INFO : SwitchController : <<<<<<< 's_trough_ball' active >>>>>>>
2025-04-17 15:14:50,538 : INFO : EventManager : Event: ======'machine_var_audits_switches_s_trough_ball'====== Args={'value': 285, 'prev_value': 284, 'change': 1}
2025-04-17 15:14:50,586 : INFO : SwitchController : <<<<<<< 's_trough_7' active >>>>>>>
2025-04-17 15:14:50,586 : INFO : EventManager : Event: ======'machine_var_audits_switches_s_trough_7'====== Args={'value': 247, 'prev_value': 246, 'change': 1}
2025-04-17 15:14:51,833 : INFO : SwitchController : <<<<<<< 's_shooter_lane' active >>>>>>>
2025-04-17 15:14:51,833 : INFO : EventManager : Event: ======'machine_var_audits_switches_s_shooter_lane'====== Args={'value': 261, 'prev_value': 260, 'change': 1}
2025-04-17 15:14:52,140 : INFO : ball_device.bd_shooter_lane : Received ball from <ball_device.bd_trough>
2025-04-17 15:14:52,140 : INFO : EventManager : Event: ======'balldevice_bd_shooter_lane_ball_enter'====== Args={'new_balls': 1, 'unclaimed_balls': 0, 'new_available_balls': 0, 'device': <ball_device.bd_shooter_lane>}
2025-04-17 15:14:52,140 : INFO : EventManager : Event: ======'balldevice_bd_shooter_lane_ball_entered'====== Args={'new_balls': 0, 'device': <ball_device.bd_shooter_lane>}
2025-04-17 15:14:52,140 : INFO : EventManager : Event: ======'balldevice_bd_shooter_lane_ball_count_changed'====== Args={'balls': 1}
2025-04-17 15:14:52,142 : INFO : ball_device.bd_trough : Got eject confirm
2025-04-17 15:14:52,142 : INFO : ball_device.bd_trough : Eject successful
2025-04-17 15:14:52,142 : INFO : EventManager : Event: ======'balldevice_bd_trough_ball_eject_success'====== Args={'balls': 1, 'target': <ball_device.bd_shooter_lane>}
2025-04-17 15:14:52,142 : INFO : ball_device.bd_shooter_lane : State: waiting_for_target_ready
2025-04-17 15:14:52,142 : INFO : EventManager : Event: ======'balldevice_bd_shooter_lane_ball_eject_attempt'====== Args={'balls': 1, 'target': <playfield.playfield>, 'source': <ball_device.bd_shooter_lane>, 'mechanical_eject': True, 'num_attempts': 0}
2025-04-17 15:14:52,142 : INFO : EventManager : Event: ======'balldevice_bd_trough_ball_count_changed'====== Args={'balls': 2}
2025-04-17 15:14:52,142 : INFO : ball_device.bd_trough : State: idle
2025-04-17 15:14:52,142 : INFO : ball_device.bd_shooter_lane : State: ejecting
2025-04-17 15:14:52,142 : INFO : ball_device.bd_shooter_lane : Ejecting ball to <playfield.playfield>
2025-04-17 15:14:52,142 : INFO : EventManager : Event: ======'balldevice_bd_shooter_lane_ejecting_ball'====== Args={'balls': 1, 'target': <playfield.playfield>, 'source': <ball_device.bd_shooter_lane>, 'mechanical_eject': True, 'num_attempts': 0}
2025-04-17 15:14:52,144 : INFO : ball_device.bd_shooter_lane : Wait for ball to leave device
2025-04-17 15:14:54,753 : INFO : SwitchController : <<<<<<< 's_shooter_lane' inactive >>>>>>>
2025-04-17 15:14:54,753 : INFO : ball_device.bd_shooter_lane : State: ball_left
2025-04-17 15:14:54,755 : INFO : ball_device.bd_shooter_lane : Ball left
2025-04-17 15:14:54,755 : INFO : ball_device.bd_shooter_lane : Wait for confirm with timeout 5.0
2025-04-17 15:14:59,732 : INFO : ball_device.bd_shooter_lane : State: failed_confirm
2025-04-17 15:14:59,732 : INFO : ball_device.bd_shooter_lane : Got timeout (5.0s) before confirm from <playfield.playfield>
2025-04-17 15:14:59,827 : INFO : SwitchController : <<<<<<< 's_3bank_tgt_d' active >>>>>>>
2025-04-17 15:14:59,827 : INFO : EventManager : Event: ======'playfield_active'====== Args={'source': 'front'}
2025-04-17 15:14:59,827 : INFO : EventManager : Event: ======'drop_target_front_down'====== Args={'device': <drop_target.front>}
2025-04-17 15:14:59,827 : INFO : EventManager : Event: ======'drop_target_bank_vuk_bank_mixed'====== Args={'prev_value': <DropTargetBankState.UP: 'up'>, 'down': 1}
2025-04-17 15:14:59,827 : INFO : EventManager : Event: ======'machine_var_audits_switches_s_3bank_tgt_d'====== Args={'value': 61, 'prev_value': 60, 'change': 1}
2025-04-17 15:14:59,827 : INFO : ball_device.bd_shooter_lane : Confirming eject because target is playfield and ball did not return.
2025-04-17 15:14:59,827 : INFO : ball_device.bd_shooter_lane : Eject successful
2025-04-17 15:14:59,827 : INFO : EventManager : Event: ======'balldevice_bd_shooter_lane_ball_eject_success'====== Args={'balls': 1, 'target': <playfield.playfield>}
2025-04-17 15:14:59,827 : INFO : EventManager : Event: ======'ball_save_ball_save_timer_start'====== Args={}
2025-04-17 15:14:59,827 : INFO : EventManager : Event: ======'balldevice_playfield_ball_enter'====== Args={'new_balls': 1, 'unclaimed_balls': 1, 'device': <playfield.playfield>}
2025-04-17 15:14:59,827 : INFO : EventManager : Event: ======'playfield_ball_count_change'====== Args={'balls': 1, 'change': 1}
2025-04-17 15:14:59,827 : INFO : EventManager : Event: ======'balldevice_bd_shooter_lane_ball_count_changed'====== Args={'balls': 0}
2025-04-17 15:14:59,827 : INFO : ball_device.bd_shooter_lane : State: idle
2025-04-17 15:15:00,657 : INFO : SwitchController : <<<<<<< 's_3bank_tgt_o' active >>>>>>>
2025-04-17 15:15:00,657 : INFO : EventManager : Event: ======'drop_target_middle_down'====== Args={'device': <drop_target.middle>}
2025-04-17 15:15:00,657 : INFO : EventManager : Event: ======'drop_target_bank_vuk_bank_mixed'====== Args={'prev_value': <DropTargetBankState.MIXED: 'mixed'>, 'down': 2}
2025-04-17 15:15:00,659 : INFO : EventManager : Event: ======'machine_var_audits_switches_s_3bank_tgt_o'====== Args={'value': 66, 'prev_value': 65, 'change': 1}
2025-04-17 15:15:01,218 : INFO : SwitchController : <<<<<<< 's_3bank_tgt_g' active >>>>>>>
2025-04-17 15:15:01,218 : INFO : EventManager : Event: ======'drop_target_back_down'====== Args={'device': <drop_target.back>}
2025-04-17 15:15:01,218 : INFO : EventManager : Event: ======'drop_target_bank_vuk_bank_down'====== Args={}
2025-04-17 15:15:01,218 : INFO : EventManager : Event: ======'machine_var_audits_switches_s_3bank_tgt_g'====== Args={'value': 74, 'prev_value': 73, 'change': 1}
2025-04-17 15:15:01,220 : INFO : drop_target_bank.vuk_bank : 3 targets are down. Will reset those.
2025-04-17 15:15:01,220 : INFO : coil.c_drop_target : Pulsing Driver for 30ms (1.0 pulse_power)
2025-04-17 15:15:01,250 : INFO : SwitchController : <<<<<<< 's_3bank_tgt_g' inactive (muted) >>>>>>>
2025-04-17 15:15:01,250 : INFO : SwitchController : <<<<<<< 's_3bank_tgt_o' inactive (muted) >>>>>>>
2025-04-17 15:15:01,250 : INFO : SwitchController : <<<<<<< 's_3bank_tgt_d' inactive (muted) >>>>>>>
2025-04-17 15:15:01,730 : INFO : EventManager : Event: ======'drop_target_front_up'====== Args={'device': <drop_target.front>}
2025-04-17 15:15:01,730 : INFO : EventManager : Event: ======'drop_target_middle_up'====== Args={'device': <drop_target.middle>}
2025-04-17 15:15:01,730 : INFO : EventManager : Event: ======'drop_target_back_up'====== Args={'device': <drop_target.back>}
2025-04-17 15:15:01,732 : INFO : EventManager : Event: ======'drop_target_bank_vuk_bank_up'====== Args={}
2025-04-17 15:15:02,228 : INFO : drop_target_bank.vuk_bank : All targets are already up. Will not reset bank.
2025-04-17 15:15:06,810 : INFO : EventManager : Event: ======'ball_save_ball_save_hurry_up'====== Args={}
2025-04-17 15:15:08,486 : INFO : SwitchController : <<<<<<< 's_mode_opto' active >>>>>>>
2025-04-17 15:15:08,486 : INFO : EventManager : Event: ======'machine_var_audits_switches_s_mode_opto'====== Args={'value': 163, 'prev_value': 162, 'change': 1}
2025-04-17 15:15:08,486 : INFO : SwitchController : <<<<<<< 's_mode_opto' inactive >>>>>>>
2025-04-17 15:15:08,519 : INFO : SwitchController : <<<<<<< 's_mode_opto' active >>>>>>>
2025-04-17 15:15:08,519 : INFO : EventManager : Event: ======'machine_var_audits_switches_s_mode_opto'====== Args={'value': 164, 'prev_value': 163, 'change': 1}
2025-04-17 15:15:08,633 : INFO : EventManager : Event: ======'balldevice_bd_mode_ball_count_changed'====== Args={'balls': 1}
2025-04-17 15:15:08,633 : INFO : ball_device.bd_mode : Received unexpected ball
2025-04-17 15:15:08,633 : INFO : EventManager : Event: ======'balldevice_captured_from_playfield'====== Args={'balls': 1}
2025-04-17 15:15:08,633 : INFO : EventManager : Event: ======'sw_playfield_active'====== Args={'balls': 1}
2025-04-17 15:15:08,633 : INFO : EventManager : Event: ======'playfield_ball_count_change'====== Args={'balls': 0, 'change': -1}
2025-04-17 15:15:08,633 : INFO : EventManager : Event: ======'balldevice_bd_mode_ball_enter'====== Args={'new_balls': 1, 'unclaimed_balls': 1, 'new_available_balls': 1, 'device': <ball_device.bd_mode>}
2025-04-17 15:15:08,635 : INFO : ball_device.bd_mode : Ejecting 1 unexpected balls using path deque([<ball_device.bd_mode>, <playfield.playfield>])
2025-04-17 15:15:08,635 : INFO : EventManager : Event: ======'balldevice_balls_available'====== Args={}
2025-04-17 15:15:08,635 : INFO : EventManager : Event: ======'balldevice_balls_available'====== Args={}
2025-04-17 15:15:08,635 : INFO : EventManager : Event: ======'balldevice_bd_mode_ball_entered'====== Args={'new_balls': 1, 'device': <ball_device.bd_mode>}
2025-04-17 15:15:08,635 : INFO : ball_device.bd_mode : State: waiting_for_target_ready
2025-04-17 15:15:08,635 : INFO : EventManager : Event: ======'balldevice_bd_mode_ball_eject_attempt'====== Args={'balls': 1, 'target': <playfield.playfield>, 'source': <ball_device.bd_mode>, 'mechanical_eject': False, 'num_attempts': 0}
2025-04-17 15:15:08,635 : INFO : ball_device.bd_mode : State: ejecting
2025-04-17 15:15:08,635 : INFO : ball_device.bd_mode : Ejecting ball to <playfield.playfield>
2025-04-17 15:15:08,638 : INFO : EventManager : Event: ======'balldevice_bd_mode_ejecting_ball'====== Args={'balls': 1, 'target': <playfield.playfield>, 'source': <ball_device.bd_mode>, 'mechanical_eject': False, 'num_attempts': 0}
2025-04-17 15:15:08,638 : INFO : ball_device.bd_mode : Wait for ball to leave device
2025-04-17 15:15:08,638 : INFO : coil.c_mode_vuk : Pulsing Driver for 30ms (1.0 pulse_power)
2025-04-17 15:15:08,760 : INFO : SwitchController : <<<<<<< 's_mode_opto' inactive >>>>>>>
2025-04-17 15:15:08,760 : INFO : ball_device.bd_mode : State: ball_left
2025-04-17 15:15:08,760 : INFO : ball_device.bd_mode : Ball left
2025-04-17 15:15:08,760 : INFO : ball_device.bd_mode : Wait for confirm with timeout 3.0
2025-04-17 15:15:09,818 : INFO : EventManager : Event: ======'ball_save_ball_save_grace_period'====== Args={}
2025-04-17 15:15:11,745 : INFO : ball_device.bd_mode : State: failed_confirm
2025-04-17 15:15:11,745 : INFO : ball_device.bd_mode : Got timeout (3.0s) before confirm from <playfield.playfield>
2025-04-17 15:15:11,809 : INFO : EventManager : Event: ======'ball_save_ball_save_disabled'====== Args={}
2025-04-17 15:15:11,825 : INFO : ball_device.bd_mode : Confirming eject because target is playfield and ball did not return.
2025-04-17 15:15:11,825 : INFO : ball_device.bd_mode : Eject successful
2025-04-17 15:15:11,825 : INFO : EventManager : Event: ======'balldevice_bd_mode_ball_eject_success'====== Args={'balls': 1, 'target': <playfield.playfield>}
2025-04-17 15:15:11,827 : INFO : EventManager : Event: ======'balldevice_playfield_ball_enter'====== Args={'new_balls': 1, 'unclaimed_balls': 1, 'device': <playfield.playfield>}
2025-04-17 15:15:11,827 : INFO : EventManager : Event: ======'playfield_ball_count_change'====== Args={'balls': 1, 'change': 1}
2025-04-17 15:15:11,827 : INFO : EventManager : Event: ======'balldevice_bd_mode_ball_count_changed'====== Args={'balls': 0}
2025-04-17 15:15:11,827 : INFO : ball_device.bd_mode : State: idle
2025-04-17 15:15:24,891 : INFO : SwitchController : <<<<<<< 's_3bank_tgt_d' active >>>>>>>
2025-04-17 15:15:24,891 : INFO : EventManager : Event: ======'drop_target_front_down'====== Args={'device': <drop_target.front>}
2025-04-17 15:15:24,891 : INFO : EventManager : Event: ======'drop_target_bank_vuk_bank_mixed'====== Args={'prev_value': <DropTargetBankState.UP: 'up'>, 'down': 1}
2025-04-17 15:15:24,891 : INFO : EventManager : Event: ======'machine_var_audits_switches_s_3bank_tgt_d'====== Args={'value': 62, 'prev_value': 61, 'change': 1}
2025-04-17 15:15:25,372 : INFO : SwitchController : <<<<<<< 's_3bank_tgt_o' active >>>>>>>
2025-04-17 15:15:25,372 : INFO : EventManager : Event: ======'drop_target_middle_down'====== Args={'device': <drop_target.middle>}
2025-04-17 15:15:25,374 : INFO : EventManager : Event: ======'drop_target_bank_vuk_bank_mixed'====== Args={'prev_value': <DropTargetBankState.MIXED: 'mixed'>, 'down': 2}
2025-04-17 15:15:25,374 : INFO : EventManager : Event: ======'machine_var_audits_switches_s_3bank_tgt_o'====== Args={'value': 67, 'prev_value': 66, 'change': 1}
2025-04-17 15:15:26,158 : INFO : SwitchController : <<<<<<< 's_3bank_tgt_g' active >>>>>>>
2025-04-17 15:15:26,158 : INFO : EventManager : Event: ======'drop_target_back_down'====== Args={'device': <drop_target.back>}
2025-04-17 15:15:26,158 : INFO : EventManager : Event: ======'drop_target_bank_vuk_bank_down'====== Args={}
2025-04-17 15:15:26,158 : INFO : EventManager : Event: ======'machine_var_audits_switches_s_3bank_tgt_g'====== Args={'value': 75, 'prev_value': 74, 'change': 1}
2025-04-17 15:15:26,158 : INFO : drop_target_bank.vuk_bank : 3 targets are down. Will reset those.
2025-04-17 15:15:26,158 : INFO : coil.c_drop_target : Pulsing Driver for 30ms (1.0 pulse_power)
2025-04-17 15:15:26,189 : INFO : SwitchController : <<<<<<< 's_3bank_tgt_g' inactive (muted) >>>>>>>
2025-04-17 15:15:26,189 : INFO : SwitchController : <<<<<<< 's_3bank_tgt_o' inactive (muted) >>>>>>>
2025-04-17 15:15:26,189 : INFO : SwitchController : <<<<<<< 's_3bank_tgt_d' inactive (muted) >>>>>>>
2025-04-17 15:15:26,654 : INFO : EventManager : Event: ======'drop_target_front_up'====== Args={'device': <drop_target.front>}
2025-04-17 15:15:26,654 : INFO : EventManager : Event: ======'drop_target_middle_up'====== Args={'device': <drop_target.middle>}
2025-04-17 15:15:26,654 : INFO : EventManager : Event: ======'drop_target_back_up'====== Args={'device': <drop_target.back>}
2025-04-17 15:15:26,654 : INFO : EventManager : Event: ======'drop_target_bank_vuk_bank_up'====== Args={}
2025-04-17 15:15:27,168 : INFO : drop_target_bank.vuk_bank : All targets are already up. Will not reset bank.
2025-04-17 15:15:47,576 : INFO : SwitchController : <<<<<<< 's_3bank_tgt_d' active >>>>>>>
2025-04-17 15:15:47,576 : INFO : EventManager : Event: ======'drop_target_front_down'====== Args={'device': <drop_target.front>}
2025-04-17 15:15:47,576 : INFO : EventManager : Event: ======'drop_target_bank_vuk_bank_mixed'====== Args={'prev_value': <DropTargetBankState.UP: 'up'>, 'down': 1}
2025-04-17 15:15:47,576 : INFO : EventManager : Event: ======'machine_var_audits_switches_s_3bank_tgt_d'====== Args={'value': 63, 'prev_value': 62, 'change': 1}
2025-04-17 15:16:10,295 : INFO : SwitchController : <<<<<<< 's_3bank_tgt_o' active >>>>>>>
2025-04-17 15:16:10,295 : INFO : EventManager : Event: ======'drop_target_middle_down'====== Args={'device': <drop_target.middle>}
2025-04-17 15:16:10,295 : INFO : EventManager : Event: ======'drop_target_bank_vuk_bank_mixed'====== Args={'prev_value': <DropTargetBankState.MIXED: 'mixed'>, 'down': 2}
2025-04-17 15:16:10,295 : INFO : EventManager : Event: ======'machine_var_audits_switches_s_3bank_tgt_o'====== Args={'value': 68, 'prev_value': 67, 'change': 1}
2025-04-17 15:16:12,186 : INFO : SwitchController : <<<<<<< 's_3bank_tgt_g' active >>>>>>>
2025-04-17 15:16:12,186 : INFO : EventManager : Event: ======'drop_target_back_down'====== Args={'device': <drop_target.back>}
2025-04-17 15:16:12,186 : INFO : EventManager : Event: ======'drop_target_bank_vuk_bank_down'====== Args={}
2025-04-17 15:16:12,186 : INFO : EventManager : Event: ======'machine_var_audits_switches_s_3bank_tgt_g'====== Args={'value': 76, 'prev_value': 75, 'change': 1}
2025-04-17 15:16:12,188 : INFO : drop_target_bank.vuk_bank : 3 targets are down. Will reset those.
2025-04-17 15:16:12,188 : INFO : coil.c_drop_target : Pulsing Driver for 30ms (1.0 pulse_power)
2025-04-17 15:16:12,188 : INFO : SwitchController : <<<<<<< 's_3bank_tgt_g' inactive (muted) >>>>>>>
2025-04-17 15:16:12,202 : INFO : SwitchController : <<<<<<< 's_3bank_tgt_g' active (muted) >>>>>>>
2025-04-17 15:16:12,202 : INFO : EventManager : Event: ======'machine_var_audits_switches_s_3bank_tgt_g'====== Args={'value': 77, 'prev_value': 76, 'change': 1}
2025-04-17 15:16:12,234 : INFO : SwitchController : <<<<<<< 's_3bank_tgt_g' inactive (muted) >>>>>>>
2025-04-17 15:16:12,234 : INFO : SwitchController : <<<<<<< 's_3bank_tgt_o' inactive (muted) >>>>>>>
2025-04-17 15:16:12,234 : INFO : SwitchController : <<<<<<< 's_3bank_tgt_d' inactive (muted) >>>>>>>
2025-04-17 15:16:12,266 : INFO : SwitchController : <<<<<<< 's_3bank_tgt_d' active (muted) >>>>>>>
2025-04-17 15:16:12,266 : INFO : EventManager : Event: ======'machine_var_audits_switches_s_3bank_tgt_d'====== Args={'value': 64, 'prev_value': 63, 'change': 1}
2025-04-17 15:16:12,266 : INFO : SwitchController : <<<<<<< 's_3bank_tgt_o' active (muted) >>>>>>>
2025-04-17 15:16:12,266 : INFO : EventManager : Event: ======'machine_var_audits_switches_s_3bank_tgt_o'====== Args={'value': 69, 'prev_value': 68, 'change': 1}
2025-04-17 15:16:12,266 : INFO : SwitchController : <<<<<<< 's_3bank_tgt_g' active (muted) >>>>>>>
2025-04-17 15:16:12,266 : INFO : EventManager : Event: ======'machine_var_audits_switches_s_3bank_tgt_g'====== Args={'value': 78, 'prev_value': 77, 'change': 1}
2025-04-17 15:16:13,197 : INFO : drop_target_bank.vuk_bank : 3 targets are down. Will reset those.
2025-04-17 15:16:13,197 : INFO : coil.c_drop_target : Pulsing Driver for 30ms (1.0 pulse_power)
2025-04-17 15:16:13,230 : INFO : SwitchController : <<<<<<< 's_3bank_tgt_g' inactive (muted) >>>>>>>
2025-04-17 15:16:13,230 : INFO : SwitchController : <<<<<<< 's_3bank_tgt_o' inactive (muted) >>>>>>>
2025-04-17 15:16:13,230 : INFO : SwitchController : <<<<<<< 's_3bank_tgt_d' inactive (muted) >>>>>>>
2025-04-17 15:16:13,695 : INFO : EventManager : Event: ======'drop_target_front_up'====== Args={'device': <drop_target.front>}
2025-04-17 15:16:13,695 : INFO : EventManager : Event: ======'drop_target_middle_up'====== Args={'device': <drop_target.middle>}
2025-04-17 15:16:13,695 : INFO : EventManager : Event: ======'drop_target_back_up'====== Args={'device': <drop_target.back>}
2025-04-17 15:16:13,695 : INFO : EventManager : Event: ======'drop_target_bank_vuk_bank_up'====== Args={}
2025-04-17 15:16:20,757 : INFO : Machine : Shutting down...
2025-04-17 15:16:20,757 : INFO : EventManager : Event: ======'shutdown'====== Args={}
2025-04-17 15:16:20,757 : INFO : EventManager : Event: ======'mode_game_will_stop'====== Args={}
2025-04-17 15:16:20,757 : INFO : EventManager : Event: ======'mode_game_stopping'====== Args={}
2025-04-17 15:16:20,757 : INFO : EventManager : Event: ======'mode_base_will_stop'====== Args={}
2025-04-17 15:16:20,757 : INFO : EventManager : Event: ======'mode_base_stopping'====== Args={}
2025-04-17 15:16:20,757 : INFO : EventManager : Event: ======'mode_main_gameplay_will_stop'====== Args={}
2025-04-17 15:16:20,757 : INFO : EventManager : Event: ======'mode_main_gameplay_stopping'====== Args={}
2025-04-17 15:16:20,762 : INFO : Mode.main_gameplay : Stopped.
2025-04-17 15:16:20,762 : INFO : EventManager : Event: ======'modes_active_modes_changed'====== Args={}
2025-04-17 15:16:20,762 : INFO : EventManager : Event: ======'mode_main_gameplay_stopped'====== Args={}
2025-04-17 15:16:20,762 : INFO : EventManager : Event: ======'clear'====== Args={'key': 'main_gameplay'}
2025-04-17 15:16:20,763 : INFO : Mode.base : Stopped.
2025-04-17 15:16:20,763 : INFO : EventManager : Event: ======'modes_active_modes_changed'====== Args={}
2025-04-17 15:16:20,763 : INFO : EventManager : Event: ======'mode_base_stopped'====== Args={}
2025-04-17 15:16:20,763 : INFO : EventManager : Event: ======'clear'====== Args={'key': 'base'}
2025-04-17 15:16:20,763 : INFO : Timer.mode_timer : Stopping Timer
2025-04-17 15:16:20,763 : INFO : EventManager : Event: ======'timer_mode_timer_stopped'====== Args={'ticks': 60, 'ticks_remaining': 0}
2025-04-17 15:16:20,763 : INFO : Mode.game : Stopped.
2025-04-17 15:16:20,763 : INFO : EventManager : Event: ======'modes_active_modes_changed'====== Args={}
2025-04-17 15:16:20,763 : INFO : EventManager : Event: ======'mode_game_stopped'====== Args={}
2025-04-17 15:16:20,763 : INFO : EventManager : Event: ======'clear'====== Args={'key': 'game'}
2025-04-17 15:16:20,857 : INFO : root : MPF run loop ended.
